main.py:19: FutureWarning: Passing a negative integer is deprecated in version 1.0 and will not be supported in future version. Instead, use None to not limit the column width.
  pd.set_option('max_colwidth', -1)
2023-05-19 06:50:52,215 - main.py[line:600] - INFO: load query config config/query/census.json successfully
2023-05-19 06:50:52,216 - main.py[line:607] - INFO: load train config ./config/train/census_a_torch_cvae.json successfully
2023-05-19 06:50:52,216 - main.py[line:607] - INFO: load train config ./config/train/census_b_torch_cvae.json successfully
2023-05-19 06:50:52,216 - dataset_utils.py[line:571] - INFO: load existing dataset(light):census-adult-a_a_education_num_a_fnlwgt#a_age#a_hours_per_week_a_education_num_binary_gaussian5_0
2023-05-19 06:50:52,289 - dataset_utils.py[line:580] - INFO: load dataset(light) time elapsed:0.07333049597218633
2023-05-19 06:50:52,289 - pytorch_cvae.py[line:280] - INFO: feature info:[('a_fnlwgt', 'numerical', 6), ('a_age', 'numerical', 6), ('a_hours_per_week', 'numerical', 6), ('a_education_num', 'categorical', 5)]
2023-05-19 06:50:52,290 - model_utils.py[line:75] - INFO: load model name:torch_cvae_census-adult-a_a_education_num_ld50_id100_bs512_ep100_0_binary_gaussian5
2023-05-19 06:50:54,315 - model_utils.py[line:86] - INFO: load torch model time elapsed:2.024112442974001
2023-05-19 06:50:54,315 - pytorch_cvae.py[line:290] - INFO: load model time elapsed:2.0989215249428526
2023-05-19 06:50:54,315 - dataset_utils.py[line:571] - INFO: load existing dataset(light):census-adult-b_b_education_num__b_education_num_binary_gaussian5_0
2023-05-19 06:50:54,323 - dataset_utils.py[line:580] - INFO: load dataset(light) time elapsed:0.008363125030882657
2023-05-19 06:50:54,323 - pytorch_cvae.py[line:280] - INFO: feature info:[('b_education_num', 'categorical', 5)]
2023-05-19 06:50:54,324 - model_utils.py[line:75] - INFO: load model name:torch_cvae_census-adult-b_b_education_num_ld50_id100_bs512_ep100_0_binary_gaussian5
2023-05-19 06:50:54,325 - model_utils.py[line:86] - INFO: load torch model time elapsed:0.0013949349522590637
2023-05-19 06:50:54,325 - pytorch_cvae.py[line:290] - INFO: load model time elapsed:0.010489826905541122
2023-05-19 06:50:54,325 - main.py[line:540] - INFO: multi_sampling No.0 epoch
2023-05-19 06:50:54,330 - main.py[line:540] - INFO: multi_sampling No.1 epoch
2023-05-19 06:50:54,331 - main.py[line:540] - INFO: multi_sampling No.2 epoch
2023-05-19 06:50:54,853 - pytorch_cvae.py[line:407] - INFO: sampling time:0.5218931400449947
2023-05-19 06:50:54,853 - pytorch_cvae.py[line:427] - INFO: house sampling rate:0.5
2023-05-19 06:50:54,921 - pytorch_cvae.py[line:407] - INFO: sampling time:0.5950416170526296
2023-05-19 06:50:54,921 - pytorch_cvae.py[line:427] - INFO: house sampling rate:0.5
2023-05-19 06:50:54,925 - pytorch_cvae.py[line:407] - INFO: sampling time:0.5941584529355168
2023-05-19 06:50:54,926 - pytorch_cvae.py[line:427] - INFO: house sampling rate:0.5
2023-05-19 06:50:55,244 - pytorch_cvae.py[line:407] - INFO: sampling time:0.3914122679270804
2023-05-19 06:50:55,389 - pytorch_cvae.py[line:407] - INFO: sampling time:0.46344231197144836
2023-05-19 06:50:55,408 - pytorch_cvae.py[line:407] - INFO: sampling time:0.4867271319963038
2023-05-19 06:50:58,372 - main.py[line:524] - INFO: sample and aggregation time elapsed:4.041734770988114
2023-05-19 06:50:58,487 - main.py[line:524] - INFO: sample and aggregation time elapsed:4.1556144810747355
2023-05-19 06:50:58,502 - main.py[line:524] - INFO: sample and aggregation time elapsed:4.176494151935913
2023-05-19 06:50:58,507 - main.py[line:557] - INFO: sample time: 4.181338271009736
2023-05-19 06:50:58,527 - main.py[line:101] - INFO: aqp result:
                 avg(a_age)  avg(a_hours_per_week)  avg(a_fnlwgt)  \
a_education_num                                                     
1               38.24       39.62                  170864.96        
2               39.02       38.66                  165461.22        
3               38.54       39.61                  170293.26        
4               37.73       39.53                  173132.80        
5               38.49       38.55                  171013.17        
6               39.33       40.13                  170384.47        
7               38.64       40.17                  169891.09        
8               37.81       40.20                  167709.80        
9               38.28       39.30                  170601.65        
10              38.16       39.91                  171852.37        
11              38.38       40.03                  166583.82        
12              38.15       39.82                  172569.99        
13              37.86       39.96                  175216.61        
14              38.46       39.60                  166055.94        
15              38.02       40.50                  166840.17        
16              37.34       39.71                  172675.74        

                    sum(a_age)  sum(a_hours_per_week)      sum(a_fnlwgt)  
a_education_num                                                           
1               1979906.26     2051377.67             8847136227.16       
2               23099380.91    22888076.42            97957646657.07      
3               95098947.79    97735711.02            420212126950.17     
4               342976797.86   359357675.64           1573774317160.27    
5               206528854.38   206865210.66           917574866570.81     
6               698853445.38   713063907.11           3027885739397.29    
7               1158921900.69  1205063827.11          5096144195933.03    
8               141597587.06   150529150.91           628009760808.30     
9               88425448486.77 90791620401.40         394118261499383.31  
10              43809502328.61 45817868732.20         197305218792699.47  
11              1523559878.97  1588811055.97          6612505627047.98    
12              922412634.86   962841505.08           4172369121364.72    
13              22970542138.96 24246860924.43         106307142221235.00  
14              2370402282.70  2440803821.52          10235654693922.37   
15              262294823.75   279432504.96           1151080684110.53    
16              134389296.61   142920784.20           621509673093.13     
2023-05-19 06:50:58,530 - main.py[line:102] - INFO: ground truth:
                  sum(a_age)  avg(a_age)  sum(a_hours_per_week)  \
a_education_num                                                   
1                2031480     39.08       2082643.20               
10               44452980128 38.56       45549279985.55           
11               1525713214  38.28       1584781427.69            
12               944372871   38.90       966552746.34             
13               23507072916 38.59       24078556514.48           
14               2392708715  38.66       2446393121.33            
15               267829688   38.66       274754216.44             
16               138387097   38.29       143994096.38             
2                23100702    38.86       23688203.98              
3                96651470    39.01       99301299.12              
4                351713883   38.54       362354449.21             
5                208430442   38.69       211279237.14             
6                682399872   38.25       699976780.53             
7                1167390896  38.76       1197998019.35            
8                143650815   38.21       147510782.09             
9                89422406979 38.55       91544134894.67           

                 avg(a_hours_per_week)      sum(a_fnlwgt)  avg(a_fnlwgt)  
a_education_num                                                           
1               40.06                  9230224059.94      177558.94       
10              39.51                  205404792384807.09 178188.57       
11              39.76                  7056779504246.63   177065.92       
12              39.82                  4299598708023.12   177118.04       
13              39.53                  107642516109517.23 176708.86       
14              39.53                  10917581923528.38  176403.89       
15              39.66                  1227094390856.00   177135.74       
16              39.85                  633778561363.00    175377.27       
2               39.85                  103819245989.45    174650.21       
3               40.08                  438226364458.29    176884.20       
4               39.70                  1642737882074.27   179997.64       
5               39.22                  961460560464.34    178476.56       
6               39.23                  3146896115757.28   176374.01       
7               39.78                  5236529708342.73   173866.28       
8               39.23                  666164527647.66    177184.56       
9               39.47                  410400044228388.38 176936.08       
2023-05-19 06:50:58,539 - main.py[line:569] - INFO: relative error:
                 avg(a_age)  avg(a_fnlwgt)  avg(a_hours_per_week)  sum(a_age)  \
a_education_num                                                                 
1               0.02        0.04           0.01                   0.03          
2               0.00        0.05           0.03                   0.00          
3               0.01        0.04           0.01                   0.02          
4               0.02        0.04           0.00                   0.02          
5               0.01        0.04           0.02                   0.01          
6               0.03        0.03           0.02                   0.02          
7               0.00        0.02           0.01                   0.01          
8               0.01        0.05           0.02                   0.01          
9               0.01        0.04           0.00                   0.01          
10              0.01        0.04           0.01                   0.01          
11              0.00        0.06           0.01                   0.00          
12              0.02        0.03           0.00                   0.02          
13              0.02        0.01           0.01                   0.02          
14              0.01        0.06           0.00                   0.01          
15              0.02        0.06           0.02                   0.02          
16              0.02        0.02           0.00                   0.03          

                 sum(a_fnlwgt)  sum(a_hours_per_week)  
a_education_num                                        
1               0.04           0.02                    
2               0.06           0.03                    
3               0.04           0.02                    
4               0.04           0.01                    
5               0.05           0.02                    
6               0.04           0.02                    
7               0.03           0.01                    
8               0.06           0.02                    
9               0.04           0.01                    
10              0.04           0.01                    
11              0.06           0.00                    
12              0.03           0.00                    
13              0.01           0.01                    
14              0.06           0.00                    
15              0.06           0.02                    
16              0.02           0.01                    
2023-05-19 06:50:58,541 - main.py[line:570] - INFO: relative error normalized:
                 avg(a_age)  avg(a_fnlwgt)  avg(a_hours_per_week)  sum(a_age)  \
a_education_num                                                                 
1               0.02        0.04           0.01                   0.03          
2               0.00        0.05           0.03                   0.00          
3               0.01        0.04           0.01                   0.02          
4               0.02        0.04           0.00                   0.02          
5               0.01        0.04           0.02                   0.01          
6               0.03        0.03           0.02                   0.02          
7               0.00        0.02           0.01                   0.01          
8               0.01        0.05           0.02                   0.01          
9               0.01        0.04           0.00                   0.01          
10              0.01        0.03           0.01                   0.01          
11              0.00        0.06           0.01                   0.00          
12              0.02        0.03           0.00                   0.02          
13              0.02        0.01           0.01                   0.02          
14              0.01        0.06           0.00                   0.01          
15              0.02        0.06           0.02                   0.02          
16              0.02        0.02           0.00                   0.03          

                 sum(a_fnlwgt)  sum(a_hours_per_week)  
a_education_num                                        
1               0.04           0.01                    
2               0.05           0.03                    
3               0.04           0.02                    
4               0.04           0.01                    
5               0.04           0.02                    
6               0.04           0.02                    
7               0.03           0.01                    
8               0.06           0.02                    
9               0.04           0.01                    
10              0.04           0.01                    
11              0.06           0.00                    
12              0.03           0.00                    
13              0.01           0.01                    
14              0.06           0.00                    
15              0.06           0.02                    
16              0.02           0.01                    
2023-05-19 06:50:58,541 - main.py[line:573] - INFO: relative error average: 0.022269634623668943
2023-05-19 06:50:58,541 - main.py[line:574] - INFO: relative error normalized average: 0.02188383204115536
2023-05-19 06:50:58,541 - main.py[line:620] - INFO: total_time:6.325663276016712
