main.py:19: FutureWarning: Passing a negative integer is deprecated in version 1.0 and will not be supported in future version. Instead, use None to not limit the column width.
  pd.set_option('max_colwidth', -1)
2023-05-19 06:59:49,101 - main.py[line:600] - INFO: load query config config/query/census.json successfully
2023-05-19 06:59:49,101 - main.py[line:607] - INFO: load train config ./config/train/census_a_torch_cvae.json successfully
2023-05-19 06:59:49,101 - main.py[line:607] - INFO: load train config ./config/train/census_b_torch_cvae.json successfully
2023-05-19 06:59:49,101 - dataset_utils.py[line:571] - INFO: load existing dataset(light):census-adult-a_a_education_num_a_fnlwgt#a_age#a_hours_per_week_a_education_num_binary_gaussian5_0
2023-05-19 06:59:49,180 - dataset_utils.py[line:580] - INFO: load dataset(light) time elapsed:0.07897109899204224
2023-05-19 06:59:49,180 - pytorch_cvae.py[line:280] - INFO: feature info:[('a_fnlwgt', 'numerical', 6), ('a_age', 'numerical', 6), ('a_hours_per_week', 'numerical', 6), ('a_education_num', 'categorical', 5)]
2023-05-19 06:59:49,181 - model_utils.py[line:75] - INFO: load model name:torch_cvae_census-adult-a_a_education_num_ld50_id100_bs512_ep100_0_binary_gaussian5
2023-05-19 06:59:51,219 - model_utils.py[line:86] - INFO: load torch model time elapsed:2.0379110769135877
2023-05-19 06:59:51,220 - pytorch_cvae.py[line:290] - INFO: load model time elapsed:2.1183623210527003
2023-05-19 06:59:51,220 - dataset_utils.py[line:571] - INFO: load existing dataset(light):census-adult-b_b_education_num__b_education_num_binary_gaussian5_0
2023-05-19 06:59:51,228 - dataset_utils.py[line:580] - INFO: load dataset(light) time elapsed:0.0079663610085845
2023-05-19 06:59:51,228 - pytorch_cvae.py[line:280] - INFO: feature info:[('b_education_num', 'categorical', 5)]
2023-05-19 06:59:51,228 - model_utils.py[line:75] - INFO: load model name:torch_cvae_census-adult-b_b_education_num_ld50_id100_bs512_ep100_0_binary_gaussian5
2023-05-19 06:59:51,230 - model_utils.py[line:86] - INFO: load torch model time elapsed:0.001380617031827569
2023-05-19 06:59:51,230 - pytorch_cvae.py[line:290] - INFO: load model time elapsed:0.010064493049867451
2023-05-19 06:59:51,230 - main.py[line:540] - INFO: multi_sampling No.0 epoch
2023-05-19 06:59:51,235 - main.py[line:540] - INFO: multi_sampling No.1 epoch
2023-05-19 06:59:51,235 - main.py[line:540] - INFO: multi_sampling No.2 epoch
2023-05-19 06:59:51,747 - pytorch_cvae.py[line:407] - INFO: sampling time:0.5171133800176904
2023-05-19 06:59:51,747 - pytorch_cvae.py[line:427] - INFO: house sampling rate:0.5
2023-05-19 06:59:51,799 - pytorch_cvae.py[line:407] - INFO: sampling time:0.5635657790116966
2023-05-19 06:59:51,799 - pytorch_cvae.py[line:427] - INFO: house sampling rate:0.5
2023-05-19 06:59:51,811 - pytorch_cvae.py[line:407] - INFO: sampling time:0.5750407349551097
2023-05-19 06:59:51,811 - pytorch_cvae.py[line:427] - INFO: house sampling rate:0.5
2023-05-19 06:59:52,253 - pytorch_cvae.py[line:407] - INFO: sampling time:0.44202789501287043
2023-05-19 06:59:52,278 - pytorch_cvae.py[line:407] - INFO: sampling time:0.530201105051674
2023-05-19 06:59:52,290 - pytorch_cvae.py[line:407] - INFO: sampling time:0.4907766920514405
2023-05-19 06:59:53,860 - main.py[line:524] - INFO: sample and aggregation time elapsed:2.6249940580455586
2023-05-19 06:59:53,874 - main.py[line:524] - INFO: sample and aggregation time elapsed:2.639153741998598
2023-05-19 06:59:53,895 - main.py[line:524] - INFO: sample and aggregation time elapsed:2.6651508579961956
2023-05-19 06:59:53,900 - main.py[line:557] - INFO: sample time: 2.669846502947621
2023-05-19 06:59:53,921 - main.py[line:101] - INFO: aqp result:
                 avg(a_age)  avg(a_hours_per_week)  avg(a_fnlwgt)  \
a_education_num                                                     
1               38.63       39.25                  170031.90        
2               39.99       39.58                  165216.67        
3               37.80       39.12                  176795.98        
4               38.35       40.66                  174354.96        
5               39.12       38.22                  172945.32        
6               40.08       39.52                  169334.87        
7               36.80       39.39                  171618.01        
8               39.48       39.32                  169854.73        
9               38.74       39.61                  178634.69        
10              37.83       39.04                  172076.69        
11              37.28       40.07                  165354.35        
12              39.16       40.23                  175610.69        
13              37.57       39.82                  176060.54        
14              38.37       40.14                  166581.67        
15              37.89       39.73                  176364.28        
16              38.41       39.90                  163115.45        

                    sum(a_age)  sum(a_hours_per_week)      sum(a_fnlwgt)  
a_education_num                                                           
1               1994800.80     2027025.88             8780402023.47       
2               23609109.02    23369670.81            97543459274.80      
3               93008825.83    96279732.73            435068145185.62     
4               347623464.19   368579635.41           1580560799643.11    
5               209306542.76   204512974.36           925410777680.25     
6               710317998.68   700367563.02           3001025441569.44    
7               1101021206.45  1178355884.41          5134126000789.77    
8               147425540.43   146839579.01           634320463668.97     
9               89252654313.90 91251067135.44         411559126001758.50  
10              43315202801.56 44698088799.42         197028122010731.62  
11              1475833179.36  1586177670.77          6545798924951.73    
12              944222986.79   970062303.59           4234396394308.29    
13              22734785139.89 24095868395.49         106527804238183.83  
14              2358674945.42  2467145134.68          10239553962987.00   
15              260669933.85   273336854.00           1213438946962.34    
16              137881782.89   143224167.51           585510613727.10     
2023-05-19 06:59:53,924 - main.py[line:102] - INFO: ground truth:
                  sum(a_age)  avg(a_age)  sum(a_hours_per_week)  \
a_education_num                                                   
1                2031480     39.08       2082643.20               
10               44452980128 38.56       45549279985.55           
11               1525713214  38.28       1584781427.69            
12               944372871   38.90       966552746.34             
13               23507072916 38.59       24078556514.48           
14               2392708715  38.66       2446393121.33            
15               267829688   38.66       274754216.44             
16               138387097   38.29       143994096.38             
2                23100702    38.86       23688203.98              
3                96651470    39.01       99301299.12              
4                351713883   38.54       362354449.21             
5                208430442   38.69       211279237.14             
6                682399872   38.25       699976780.53             
7                1167390896  38.76       1197998019.35            
8                143650815   38.21       147510782.09             
9                89422406979 38.55       91544134894.67           

                 avg(a_hours_per_week)      sum(a_fnlwgt)  avg(a_fnlwgt)  
a_education_num                                                           
1               40.06                  9230224059.94      177558.94       
10              39.51                  205404792384807.09 178188.57       
11              39.76                  7056779504246.63   177065.92       
12              39.82                  4299598708023.12   177118.04       
13              39.53                  107642516109517.23 176708.86       
14              39.53                  10917581923528.38  176403.89       
15              39.66                  1227094390856.00   177135.74       
16              39.85                  633778561363.00    175377.27       
2               39.85                  103819245989.45    174650.21       
3               40.08                  438226364458.29    176884.20       
4               39.70                  1642737882074.27   179997.64       
5               39.22                  961460560464.34    178476.56       
6               39.23                  3146896115757.28   176374.01       
7               39.78                  5236529708342.73   173866.28       
8               39.23                  666164527647.66    177184.56       
9               39.47                  410400044228388.38 176936.08       
2023-05-19 06:59:53,933 - main.py[line:569] - INFO: relative error:
                 avg(a_age)  avg(a_fnlwgt)  avg(a_hours_per_week)  sum(a_age)  \
a_education_num                                                                 
1               0.01        0.04           0.02                   0.02          
2               0.03        0.05           0.01                   0.02          
3               0.03        0.00           0.02                   0.04          
4               0.00        0.03           0.02                   0.01          
5               0.01        0.03           0.03                   0.00          
6               0.05        0.04           0.01                   0.04          
7               0.05        0.01           0.01                   0.06          
8               0.03        0.04           0.00                   0.03          
9               0.00        0.01           0.00                   0.00          
10              0.02        0.03           0.01                   0.03          
11              0.03        0.07           0.01                   0.03          
12              0.01        0.01           0.01                   0.00          
13              0.03        0.00           0.01                   0.03          
14              0.01        0.06           0.02                   0.01          
15              0.02        0.00           0.00                   0.03          
16              0.00        0.07           0.00                   0.00          

                 sum(a_fnlwgt)  sum(a_hours_per_week)  
a_education_num                                        
1               0.05           0.03                    
2               0.06           0.01                    
3               0.01           0.03                    
4               0.04           0.02                    
5               0.04           0.03                    
6               0.05           0.00                    
7               0.02           0.02                    
8               0.05           0.00                    
9               0.00           0.00                    
10              0.04           0.02                    
11              0.07           0.00                    
12              0.02           0.00                    
13              0.01           0.00                    
14              0.06           0.01                    
15              0.01           0.01                    
16              0.08           0.01                    
2023-05-19 06:59:53,935 - main.py[line:570] - INFO: relative error normalized:
                 avg(a_age)  avg(a_fnlwgt)  avg(a_hours_per_week)  sum(a_age)  \
a_education_num                                                                 
1               0.01        0.04           0.02                   0.02          
2               0.03        0.05           0.01                   0.02          
3               0.03        0.00           0.02                   0.04          
4               0.00        0.03           0.02                   0.01          
5               0.01        0.03           0.03                   0.00          
6               0.05        0.04           0.01                   0.04          
7               0.05        0.01           0.01                   0.06          
8               0.03        0.04           0.00                   0.03          
9               0.00        0.01           0.00                   0.00          
10              0.02        0.03           0.01                   0.03          
11              0.03        0.06           0.01                   0.03          
12              0.01        0.01           0.01                   0.00          
13              0.03        0.00           0.01                   0.03          
14              0.01        0.05           0.02                   0.01          
15              0.02        0.00           0.00                   0.03          
16              0.00        0.07           0.00                   0.00          

                 sum(a_fnlwgt)  sum(a_hours_per_week)  
a_education_num                                        
1               0.05           0.03                    
2               0.06           0.01                    
3               0.01           0.03                    
4               0.04           0.02                    
5               0.04           0.03                    
6               0.05           0.00                    
7               0.02           0.02                    
8               0.05           0.00                    
9               0.00           0.00                    
10              0.04           0.02                    
11              0.07           0.00                    
12              0.02           0.00                    
13              0.01           0.00                    
14              0.06           0.01                    
15              0.01           0.01                    
16              0.07           0.01                    
2023-05-19 06:59:53,935 - main.py[line:573] - INFO: relative error average: 0.02246638895465723
2023-05-19 06:59:53,935 - main.py[line:574] - INFO: relative error normalized average: 0.022037807281149235
2023-05-19 06:59:53,935 - main.py[line:620] - INFO: total_time:4.834590565063991
