main.py:19: FutureWarning: Passing a negative integer is deprecated in version 1.0 and will not be supported in future version. Instead, use None to not limit the column width.
  pd.set_option('max_colwidth', -1)
2023-05-19 06:49:24,879 - main.py[line:600] - INFO: load query config config/query/census.json successfully
2023-05-19 06:49:24,880 - main.py[line:607] - INFO: load train config ./config/train/census_a_torch_cvae.json successfully
2023-05-19 06:49:24,880 - main.py[line:607] - INFO: load train config ./config/train/census_b_torch_cvae.json successfully
2023-05-19 06:49:24,880 - dataset_utils.py[line:571] - INFO: load existing dataset(light):census-adult-a_a_education_num_a_fnlwgt#a_age#a_hours_per_week_a_education_num_binary_gaussian5_0
2023-05-19 06:49:24,957 - dataset_utils.py[line:580] - INFO: load dataset(light) time elapsed:0.07733559294138104
2023-05-19 06:49:24,957 - pytorch_cvae.py[line:280] - INFO: feature info:[('a_fnlwgt', 'numerical', 6), ('a_age', 'numerical', 6), ('a_hours_per_week', 'numerical', 6), ('a_education_num', 'categorical', 5)]
2023-05-19 06:49:24,958 - model_utils.py[line:75] - INFO: load model name:torch_cvae_census-adult-a_a_education_num_ld50_id100_bs512_ep100_0_binary_gaussian5
2023-05-19 06:49:26,991 - model_utils.py[line:86] - INFO: load torch model time elapsed:2.032391223940067
2023-05-19 06:49:26,991 - pytorch_cvae.py[line:290] - INFO: load model time elapsed:2.1112539869500324
2023-05-19 06:49:26,991 - dataset_utils.py[line:571] - INFO: load existing dataset(light):census-adult-b_b_education_num__b_education_num_binary_gaussian5_0
2023-05-19 06:49:27,000 - dataset_utils.py[line:580] - INFO: load dataset(light) time elapsed:0.008817125926725566
2023-05-19 06:49:27,000 - pytorch_cvae.py[line:280] - INFO: feature info:[('b_education_num', 'categorical', 5)]
2023-05-19 06:49:27,001 - model_utils.py[line:75] - INFO: load model name:torch_cvae_census-adult-b_b_education_num_ld50_id100_bs512_ep100_0_binary_gaussian5
2023-05-19 06:49:27,002 - model_utils.py[line:86] - INFO: load torch model time elapsed:0.0014169299975037575
2023-05-19 06:49:27,002 - pytorch_cvae.py[line:290] - INFO: load model time elapsed:0.011021017911843956
2023-05-19 06:49:27,002 - main.py[line:540] - INFO: multi_sampling No.0 epoch
2023-05-19 06:49:27,007 - main.py[line:540] - INFO: multi_sampling No.1 epoch
2023-05-19 06:49:27,008 - main.py[line:540] - INFO: multi_sampling No.2 epoch
2023-05-19 06:49:27,529 - pytorch_cvae.py[line:407] - INFO: sampling time:0.5207594149978831
2023-05-19 06:49:27,529 - pytorch_cvae.py[line:427] - INFO: house sampling rate:0.5
2023-05-19 06:49:27,584 - pytorch_cvae.py[line:407] - INFO: sampling time:0.5757391520310193
2023-05-19 06:49:27,584 - pytorch_cvae.py[line:427] - INFO: house sampling rate:0.5
2023-05-19 06:49:27,598 - pytorch_cvae.py[line:407] - INFO: sampling time:0.5953081909101456
2023-05-19 06:49:27,598 - pytorch_cvae.py[line:427] - INFO: house sampling rate:0.5
2023-05-19 06:49:28,002 - pytorch_cvae.py[line:407] - INFO: sampling time:0.4732944080606103
2023-05-19 06:49:28,043 - pytorch_cvae.py[line:407] - INFO: sampling time:0.4444495439529419
2023-05-19 06:49:28,076 - pytorch_cvae.py[line:407] - INFO: sampling time:0.491957328049466
2023-05-19 06:49:30,406 - main.py[line:524] - INFO: sample and aggregation time elapsed:3.3979642000049353
2023-05-19 06:49:30,425 - main.py[line:524] - INFO: sample and aggregation time elapsed:3.4168136100051925
2023-05-19 06:49:30,442 - main.py[line:524] - INFO: sample and aggregation time elapsed:3.4398537930101156
2023-05-19 06:49:30,444 - main.py[line:557] - INFO: sample time: 3.4417350359726697
2023-05-19 06:49:30,453 - main.py[line:101] - INFO: aqp result:
                 avg(a_age)  avg(a_hours_per_week)  avg(a_fnlwgt)  \
a_education_num                                                     
1               38.07       39.00                  176259.19        
2               40.26       37.68                  173673.90        
3               39.31       40.62                  168493.24        
4               38.63       39.13                  172259.05        
5               37.76       39.88                  175331.08        
6               38.54       38.88                  168121.14        
7               38.59       40.16                  171061.26        
8               38.68       39.93                  167701.08        
9               38.12       39.11                  172066.70        
10              38.38       39.53                  165034.52        
11              38.15       39.28                  169378.07        
12              38.08       39.63                  169217.81        
13              37.57       40.66                  174931.45        
14              38.42       40.54                  179434.39        
15              36.82       41.07                  168707.12        
16              36.91       40.10                  171683.69        

                    sum(a_age)  sum(a_hours_per_week)      sum(a_fnlwgt)  
a_education_num                                                           
1               1969456.54     2018055.23             9119478213.62       
2               23813551.23    22291035.74            102737242023.56     
3               96921166.15    100153901.36           415455825702.88     
4               350869645.93   355367737.66           1564590010482.54    
5               202469864.83   213825657.28           940030858936.25     
6               684331268.59   690349348.09           2985403648965.84    
7               1156526179.77  1203694181.80          5127206434017.05    
8               144716633.24   149390184.07           627492491349.83     
9               87996981349.45 90272723901.58         397196011529183.19  
10              44035182422.59 45346990704.65         189331370032576.59  
11              1513160200.89  1557909230.91          6718335261397.09    
12              919897235.82   957465408.45           4088163296655.43    
13              22777151778.19 24647701860.29         106049944471078.14  
14              2366470699.40  2497040051.93          11051593790044.44   
15              253854375.48   283135649.45           1163070695289.78    
16              132735239.15   144205403.68           617462115533.63     
2023-05-19 06:49:30,455 - main.py[line:102] - INFO: ground truth:
                  sum(a_age)  avg(a_age)  sum(a_hours_per_week)  \
a_education_num                                                   
1                2031480     39.08       2082643.20               
10               44452980128 38.56       45549279985.55           
11               1525713214  38.28       1584781427.69            
12               944372871   38.90       966552746.34             
13               23507072916 38.59       24078556514.48           
14               2392708715  38.66       2446393121.33            
15               267829688   38.66       274754216.44             
16               138387097   38.29       143994096.38             
2                23100702    38.86       23688203.98              
3                96651470    39.01       99301299.12              
4                351713883   38.54       362354449.21             
5                208430442   38.69       211279237.14             
6                682399872   38.25       699976780.53             
7                1167390896  38.76       1197998019.35            
8                143650815   38.21       147510782.09             
9                89422406979 38.55       91544134894.67           

                 avg(a_hours_per_week)      sum(a_fnlwgt)  avg(a_fnlwgt)  
a_education_num                                                           
1               40.06                  9230224059.94      177558.94       
10              39.51                  205404792384807.09 178188.57       
11              39.76                  7056779504246.63   177065.92       
12              39.82                  4299598708023.12   177118.04       
13              39.53                  107642516109517.23 176708.86       
14              39.53                  10917581923528.38  176403.89       
15              39.66                  1227094390856.00   177135.74       
16              39.85                  633778561363.00    175377.27       
2               39.85                  103819245989.45    174650.21       
3               40.08                  438226364458.29    176884.20       
4               39.70                  1642737882074.27   179997.64       
5               39.22                  961460560464.34    178476.56       
6               39.23                  3146896115757.28   176374.01       
7               39.78                  5236529708342.73   173866.28       
8               39.23                  666164527647.66    177184.56       
9               39.47                  410400044228388.38 176936.08       
2023-05-19 06:49:30,462 - main.py[line:569] - INFO: relative error:
                 avg(a_age)  avg(a_fnlwgt)  avg(a_hours_per_week)  sum(a_age)  \
a_education_num                                                                 
1               0.03        0.01           0.03                   0.03          
2               0.04        0.01           0.05                   0.03          
3               0.01        0.05           0.01                   0.00          
4               0.00        0.04           0.01                   0.00          
5               0.02        0.02           0.02                   0.03          
6               0.01        0.05           0.01                   0.00          
7               0.00        0.02           0.01                   0.01          
8               0.01        0.05           0.02                   0.01          
9               0.01        0.03           0.01                   0.02          
10              0.00        0.07           0.00                   0.01          
11              0.00        0.04           0.01                   0.01          
12              0.02        0.04           0.00                   0.03          
13              0.03        0.01           0.03                   0.03          
14              0.01        0.02           0.03                   0.01          
15              0.05        0.05           0.04                   0.05          
16              0.04        0.02           0.01                   0.04          

                 sum(a_fnlwgt)  sum(a_hours_per_week)  
a_education_num                                        
1               0.01           0.03                    
2               0.01           0.06                    
3               0.05           0.01                    
4               0.05           0.02                    
5               0.02           0.01                    
6               0.05           0.01                    
7               0.02           0.00                    
8               0.06           0.01                    
9               0.03           0.01                    
10              0.08           0.00                    
11              0.05           0.02                    
12              0.05           0.01                    
13              0.01           0.02                    
14              0.01           0.02                    
15              0.05           0.03                    
16              0.03           0.00                    
2023-05-19 06:49:30,464 - main.py[line:570] - INFO: relative error normalized:
                 avg(a_age)  avg(a_fnlwgt)  avg(a_hours_per_week)  sum(a_age)  \
a_education_num                                                                 
1               0.03        0.01           0.03                   0.03          
2               0.04        0.01           0.05                   0.03          
3               0.01        0.05           0.01                   0.00          
4               0.00        0.04           0.01                   0.00          
5               0.02        0.02           0.02                   0.03          
6               0.01        0.05           0.01                   0.00          
7               0.00        0.02           0.01                   0.01          
8               0.01        0.05           0.02                   0.01          
9               0.01        0.03           0.01                   0.02          
10              0.00        0.07           0.00                   0.01          
11              0.00        0.04           0.01                   0.01          
12              0.02        0.04           0.00                   0.03          
13              0.03        0.01           0.03                   0.03          
14              0.01        0.02           0.03                   0.01          
15              0.05        0.05           0.03                   0.05          
16              0.04        0.02           0.01                   0.04          

                 sum(a_fnlwgt)  sum(a_hours_per_week)  
a_education_num                                        
1               0.01           0.03                    
2               0.01           0.06                    
3               0.05           0.01                    
4               0.05           0.02                    
5               0.02           0.01                    
6               0.05           0.01                    
7               0.02           0.00                    
8               0.06           0.01                    
9               0.03           0.01                    
10              0.08           0.00                    
11              0.05           0.02                    
12              0.05           0.01                    
13              0.01           0.02                    
14              0.01           0.02                    
15              0.05           0.03                    
16              0.03           0.00                    
2023-05-19 06:49:30,464 - main.py[line:573] - INFO: relative error average: 0.023568229623286086
2023-05-19 06:49:30,464 - main.py[line:574] - INFO: relative error normalized average: 0.023138894573053553
2023-05-19 06:49:30,464 - main.py[line:620] - INFO: total_time:5.5849401749437675
