main.py:19: FutureWarning: Passing a negative integer is deprecated in version 1.0 and will not be supported in future version. Instead, use None to not limit the column width.
  pd.set_option('max_colwidth', -1)
2022-07-12 11:10:05,294 - main.py[line:581] - INFO: load query config config/query/flights.json successfully
2022-07-12 11:10:05,294 - main.py[line:588] - INFO: load train config ./config/train/flights_a_torch_cvae.json successfully
2022-07-12 11:10:05,294 - main.py[line:588] - INFO: load train config ./config/train/flights_b_torch_cvae.json successfully
2022-07-12 11:10:05,294 - dataset_utils.py[line:567] - INFO: load existing dataset(light):flights-flight-a_a_unique_carrier_a_taxi_out#a_air_time#a_distance_a_unique_carrier_binary_gaussian5_0
2022-07-12 11:10:05,435 - dataset_utils.py[line:576] - INFO: load dataset(light) time elapsed:0.14043201133608818
2022-07-12 11:10:05,435 - pytorch_cvae.py[line:276] - INFO: feature info:[('a_taxi_out', 'numerical', 6), ('a_air_time', 'numerical', 6), ('a_distance', 'numerical', 6), ('a_unique_carrier', 'categorical', 6)]
2022-07-12 11:10:05,436 - model_utils.py[line:75] - INFO: load model name:torch_cvae_flights-flight-a_a_unique_carrier_ld100_id150_bs512_ep150_0_binary_gaussian5
2022-07-12 11:10:07,580 - model_utils.py[line:86] - INFO: load torch model time elapsed:2.143919885158539
2022-07-12 11:10:07,580 - pytorch_cvae.py[line:286] - INFO: load model time elapsed:2.285986717790365
2022-07-12 11:10:07,580 - dataset_utils.py[line:567] - INFO: load existing dataset(light):flights-flight-b_b_unique_carrier__b_unique_carrier_binary_gaussian5_0
2022-07-12 11:10:07,609 - dataset_utils.py[line:576] - INFO: load dataset(light) time elapsed:0.029263906180858612
2022-07-12 11:10:07,610 - pytorch_cvae.py[line:276] - INFO: feature info:[('b_unique_carrier', 'categorical', 6)]
2022-07-12 11:10:07,610 - model_utils.py[line:75] - INFO: load model name:torch_cvae_flights-flight-b_b_unique_carrier_ld50_id100_bs512_ep100_0_binary_gaussian5
2022-07-12 11:10:07,612 - model_utils.py[line:86] - INFO: load torch model time elapsed:0.001401752233505249
2022-07-12 11:10:07,612 - pytorch_cvae.py[line:286] - INFO: load model time elapsed:0.03142368420958519
2022-07-12 11:10:07,612 - main.py[line:525] - INFO: multi_sampling No.0 epoch
2022-07-12 11:10:08,226 - pytorch_cvae.py[line:399] - INFO: sampling time:0.6141800135374069
2022-07-12 11:10:08,306 - pytorch_cvae.py[line:419] - INFO: house sampling rate:0.05
2022-07-12 11:10:08,356 - pytorch_cvae.py[line:399] - INFO: sampling time:0.049955323338508606
2022-07-12 11:10:10,174 - main.py[line:509] - INFO: sample and aggregation time elapsed:2.5619226284325123
2022-07-12 11:10:10,178 - main.py[line:542] - INFO: sample time: 2.566200252622366
2022-07-12 11:10:10,200 - main.py[line:99] - INFO: aqp result:
                  avg(a_taxi_out)  avg(a_air_time)  avg(a_distance)  \
a_unique_carrier                                                      
9E               14.98            1201.21          705.68             
AA               15.12            1202.87          710.50             
AQ               15.13            1202.23          724.48             
AS               14.29            1204.75          741.13             
B6               14.84            1205.64          736.96             
CO               15.64            1200.96          692.77             
DH               14.86            1201.59          693.09             
DL               15.17            1204.69          725.89             
EV               15.64            1205.56          750.35             
F9               15.56            1205.08          739.41             
FL               14.88            1201.53          716.35             
HA               14.81            1201.69          696.17             
HP               14.68            1201.85          700.29             
MQ               14.83            1202.19          702.00             
NK               15.34            1205.07          747.43             
NW               15.08            1202.77          721.57             
OH (1)           15.39            1201.71          728.14             
OO               15.33            1205.09          710.50             
TW               14.78            1204.31          737.93             
TZ               15.49            1204.27          736.86             
UA               14.98            1201.39          701.24             
US               15.27            1205.58          725.10             
VX               15.01            1205.10          734.30             
WN               14.79            1201.33          695.22             
XE               15.20            1201.91          709.60             
YV               15.25            1204.02          717.76             

                  sum(a_taxi_out)  sum(a_air_time)  sum(a_distance)  
a_unique_carrier                                                     
9E               139003653.59     11149778904.23   6550181686.24     
AA               15837334885.31   1260337300708.22 744448393371.37   
AQ               1728575.50       137347011.67     82767661.22       
AS               815027256.81     68694473854.62   42259309976.29    
B6               525802066.09     42730499434.99   26119498891.11    
CO               2486837956.79    190924891847.89  110134674770.94   
DH               35241945.16      2849036477.20    1643354321.91     
DL               20236266097.16   1606965746840.24 968283984030.14   
EV               2601055263.91    200510685737.52  124798628378.92   
F9               81957530.73      6345777116.10    3893646074.02     
FL               474360561.27     38306568577.88   22838186701.69    
HA               56489198.25      4582479026.43    2654730467.11     
HP               365682244.90     29931725551.48   17440401239.13    
MQ               3403375982.10    275867617503.05  161088704350.46   
NK               5632489.14       442544403.69     274484736.82      
NW               3777618995.89    301371723615.80  180800680700.41   
OH (1)           238040493.14     18584522372.90   11260738683.60    
OO               4815724161.64    378569922804.37  223197244725.87   
TW               252356900.02     20567056165.21   12602268774.52    
TZ               3407194.20       264891543.99     162080707.04      
UA               11331474710.94   909008837124.17  530579457689.95   
US               9069607650.30    716008356509.28  430647398559.72   
VX               7312445.32       586999360.97     357674562.36      
WN               37881222855.59   3076496804918.29 1780402691328.41  
XE               851505576.72     67340660077.00   39757154695.47    
YV               214224251.24     16918739538.88   10085879970.14    
2022-07-12 11:10:10,203 - main.py[line:100] - INFO: ground truth:
                  sum(a_taxi_out)  avg(a_taxi_out)  sum(a_air_time)  \
a_unique_carrier                                                      
9E               142284540.12     15.33            11173140586.24     
AA               16300686048.88   15.55            1263236350723.25   
AQ               1759966.00       15.41            137234624.71       
AS               876450380.96     15.37            68708755273.38     
B6               549788787.51     15.51            42793262804.14     
CO               2485211586.17    15.63            191613223535.47    
DH               35746942.01      15.07            2848202435.65      
DL               20738744853.55   15.54            1608686034109.96   
EV               2595112426.59    15.60            200460459274.38    
F9               80439061.46      15.27            6344125870.52      
FL               495879446.36     15.55            38408814777.63     
HA               59769807.29      15.67            4590749728.71      
HP               388476481.01     15.60            30000936923.38     
MQ               3590401529.60    15.64            276410780365.79    
NK               5829780.60       15.87            441769394.49       
NW               3909682334.52    15.60            301807796014.13    
OH (1)           238510098.84     15.42            18645751639.88     
OO               4895151892.62    15.58            378599313971.27    
TW               261763968.22     15.32            20584482964.54     
TZ               3494894.20       15.89            264811610.15       
UA               11794846477.28   15.59            911710654104.45    
US               9316915599.48    15.68            715580660601.78    
VX               7390703.22       15.17            586691056.44       
WN               39755967904.82   15.52            3085646169518.35   
XE               875611219.36     15.62            67533052769.33     
YV               221860571.32     15.79            16975037496.76     

                  avg(a_air_time)  sum(a_distance)  avg(a_distance)  
a_unique_carrier                                                     
9E               1203.46          6746625346.28    726.68            
AA               1205.37          777087416304.94  741.49            
AQ               1201.24          80971279.97      708.76            
AS               1204.73          42037430883.37   737.08            
B6               1207.14          26827027097.25   756.75            
CO               1205.02          117399219829.68  738.30            
DH               1200.96          1678544713.64    707.77            
DL               1205.71          991984599921.34  743.49            
EV               1204.99          122887838715.02  738.69            
F9               1204.50          3860634311.65    732.98            
FL               1204.47          23464764525.57   735.84            
HA               1203.59          2772250304.97    726.82            
HP               1204.37          18262881042.59   733.15            
MQ               1204.29          168201520541.46  732.83            
NK               1202.96          265373521.21     722.62            
NW               1204.24          183162573964.31  730.84            
OH (1)           1205.40          11511808801.00   744.21            
OO               1204.92          231963276318.29  738.24            
TW               1205.06          12616862839.76   738.62            
TZ               1203.90          158652522.82     721.28            
UA               1204.69          556578465756.17  735.44            
US               1204.59          437180046113.38  735.94            
VX               1204.20          357991356.52     734.79            
WN               1204.64          1885240669478.28 736.00            
XE               1205.08          41407851540.77   738.90            
YV               1207.76          10681610707.48   759.99            
2022-07-12 11:10:10,211 - main.py[line:550] - INFO: relative error:
                  avg(a_air_time)  avg(a_distance)  avg(a_taxi_out)  \
a_unique_carrier                                                      
9E               0.00             0.03             0.02               
AA               0.00             0.04             0.03               
AQ               0.00             0.02             0.02               
AS               0.00             0.01             0.07               
B6               0.00             0.03             0.04               
CO               0.00             0.06             0.00               
DH               0.00             0.02             0.01               
DL               0.00             0.02             0.02               
EV               0.00             0.02             0.00               
F9               0.00             0.01             0.02               
FL               0.00             0.03             0.04               
HA               0.00             0.04             0.05               
HP               0.00             0.04             0.06               
MQ               0.00             0.04             0.05               
NK               0.00             0.03             0.03               
NW               0.00             0.01             0.03               
OH (1)           0.00             0.02             0.00               
OO               0.00             0.04             0.02               
TW               0.00             0.00             0.04               
TZ               0.00             0.02             0.03               
UA               0.00             0.05             0.04               
US               0.00             0.01             0.03               
VX               0.00             0.00             0.01               
WN               0.00             0.06             0.05               
XE               0.00             0.04             0.03               
YV               0.00             0.06             0.03               

                  sum(a_air_time)  sum(a_distance)  sum(a_taxi_out)  
a_unique_carrier                                                     
9E               0.00             0.03             0.02              
AA               0.00             0.04             0.03              
AQ               0.00             0.02             0.02              
AS               0.00             0.01             0.07              
B6               0.00             0.03             0.04              
CO               0.00             0.06             0.00              
DH               0.00             0.02             0.01              
DL               0.00             0.02             0.02              
EV               0.00             0.02             0.00              
F9               0.00             0.01             0.02              
FL               0.00             0.03             0.04              
HA               0.00             0.04             0.05              
HP               0.00             0.05             0.06              
MQ               0.00             0.04             0.05              
NK               0.00             0.03             0.03              
NW               0.00             0.01             0.03              
OH (1)           0.00             0.02             0.00              
OO               0.00             0.04             0.02              
TW               0.00             0.00             0.04              
TZ               0.00             0.02             0.03              
UA               0.00             0.05             0.04              
US               0.00             0.01             0.03              
VX               0.00             0.00             0.01              
WN               0.00             0.06             0.05              
XE               0.00             0.04             0.03              
YV               0.00             0.06             0.03              
2022-07-12 11:10:10,213 - main.py[line:551] - INFO: relative error normalized:
                  avg(a_air_time)  avg(a_distance)  avg(a_taxi_out)  \
a_unique_carrier                                                      
9E               0.00             0.03             0.02               
AA               0.00             0.04             0.03               
AQ               0.00             0.02             0.02               
AS               0.00             0.01             0.07               
B6               0.00             0.03             0.04               
CO               0.00             0.06             0.00               
DH               0.00             0.02             0.01               
DL               0.00             0.02             0.02               
EV               0.00             0.02             0.00               
F9               0.00             0.01             0.02               
FL               0.00             0.03             0.04               
HA               0.00             0.04             0.05               
HP               0.00             0.04             0.06               
MQ               0.00             0.04             0.05               
NK               0.00             0.03             0.03               
NW               0.00             0.01             0.03               
OH (1)           0.00             0.02             0.00               
OO               0.00             0.04             0.02               
TW               0.00             0.00             0.04               
TZ               0.00             0.02             0.02               
UA               0.00             0.05             0.04               
US               0.00             0.01             0.03               
VX               0.00             0.00             0.01               
WN               0.00             0.05             0.05               
XE               0.00             0.04             0.03               
YV               0.00             0.05             0.03               

                  sum(a_air_time)  sum(a_distance)  sum(a_taxi_out)  
a_unique_carrier                                                     
9E               0.00             0.03             0.02              
AA               0.00             0.04             0.03              
AQ               0.00             0.02             0.02              
AS               0.00             0.01             0.07              
B6               0.00             0.03             0.04              
CO               0.00             0.06             0.00              
DH               0.00             0.02             0.01              
DL               0.00             0.02             0.02              
EV               0.00             0.02             0.00              
F9               0.00             0.01             0.02              
FL               0.00             0.03             0.04              
HA               0.00             0.04             0.05              
HP               0.00             0.04             0.06              
MQ               0.00             0.04             0.05              
NK               0.00             0.03             0.03              
NW               0.00             0.01             0.03              
OH (1)           0.00             0.02             0.00              
OO               0.00             0.04             0.02              
TW               0.00             0.00             0.04              
TZ               0.00             0.02             0.02              
UA               0.00             0.05             0.04              
US               0.00             0.01             0.03              
VX               0.00             0.00             0.01              
WN               0.00             0.05             0.05              
XE               0.00             0.04             0.03              
YV               0.00             0.05             0.03              
2022-07-12 11:10:10,213 - main.py[line:554] - INFO: relative error average: 0.020221917207525267
2022-07-12 11:10:10,213 - main.py[line:555] - INFO: relative error normalized average: 0.019838475262933628
2022-07-12 11:10:10,214 - main.py[line:601] - INFO: total_time:4.920184463262558
categorical_columns: ['a_unique_carrier_0', 'a_unique_carrier_1', 'a_unique_carrier_2', 'a_unique_carrier_3', 'a_unique_carrier_4', 'a_unique_carrier_5']
categorical_columns: ['b_unique_carrier_0', 'b_unique_carrier_1', 'b_unique_carrier_2', 'b_unique_carrier_3', 'b_unique_carrier_4', 'b_unique_carrier_5']
