main.py:19: FutureWarning: Passing a negative integer is deprecated in version 1.0 and will not be supported in future version. Instead, use None to not limit the column width.
  pd.set_option('max_colwidth', -1)
2022-07-12 11:11:47,676 - main.py[line:581] - INFO: load query config config/query/flights.json successfully
2022-07-12 11:11:47,677 - main.py[line:588] - INFO: load train config ./config/train/flights_a_torch_cvae.json successfully
2022-07-12 11:11:47,677 - main.py[line:588] - INFO: load train config ./config/train/flights_b_torch_cvae.json successfully
2022-07-12 11:11:47,677 - dataset_utils.py[line:567] - INFO: load existing dataset(light):flights-flight-a_a_unique_carrier_a_taxi_out#a_air_time#a_distance_a_unique_carrier_binary_gaussian5_0
2022-07-12 11:11:47,811 - dataset_utils.py[line:576] - INFO: load dataset(light) time elapsed:0.13396891579031944
2022-07-12 11:11:47,811 - pytorch_cvae.py[line:276] - INFO: feature info:[('a_taxi_out', 'numerical', 6), ('a_air_time', 'numerical', 6), ('a_distance', 'numerical', 6), ('a_unique_carrier', 'categorical', 6)]
2022-07-12 11:11:47,812 - model_utils.py[line:75] - INFO: load model name:torch_cvae_flights-flight-a_a_unique_carrier_ld100_id150_bs512_ep150_0_binary_gaussian5
2022-07-12 11:11:49,932 - model_utils.py[line:86] - INFO: load torch model time elapsed:2.1194240413606167
2022-07-12 11:11:49,932 - pytorch_cvae.py[line:286] - INFO: load model time elapsed:2.255033202469349
2022-07-12 11:11:49,932 - dataset_utils.py[line:567] - INFO: load existing dataset(light):flights-flight-b_b_unique_carrier__b_unique_carrier_binary_gaussian5_0
2022-07-12 11:11:49,959 - dataset_utils.py[line:576] - INFO: load dataset(light) time elapsed:0.02731466293334961
2022-07-12 11:11:49,959 - pytorch_cvae.py[line:276] - INFO: feature info:[('b_unique_carrier', 'categorical', 6)]
2022-07-12 11:11:49,960 - model_utils.py[line:75] - INFO: load model name:torch_cvae_flights-flight-b_b_unique_carrier_ld50_id100_bs512_ep100_0_binary_gaussian5
2022-07-12 11:11:49,961 - model_utils.py[line:86] - INFO: load torch model time elapsed:0.0014029033482074738
2022-07-12 11:11:49,961 - pytorch_cvae.py[line:286] - INFO: load model time elapsed:0.029498610645532608
2022-07-12 11:11:49,961 - main.py[line:525] - INFO: multi_sampling No.0 epoch
2022-07-12 11:11:50,637 - pytorch_cvae.py[line:399] - INFO: sampling time:0.6751473173499107
2022-07-12 11:11:50,823 - pytorch_cvae.py[line:419] - INFO: house sampling rate:0.05
2022-07-12 11:11:50,871 - pytorch_cvae.py[line:399] - INFO: sampling time:0.04801211878657341
2022-07-12 11:11:55,806 - main.py[line:509] - INFO: sample and aggregation time elapsed:5.844153679907322
2022-07-12 11:11:55,810 - main.py[line:542] - INFO: sample time: 5.8485246151685715
2022-07-12 11:11:55,833 - main.py[line:99] - INFO: aqp result:
                  avg(a_taxi_out)  avg(a_air_time)  avg(a_distance)  \
a_unique_carrier                                                      
9E               15.07            1205.98          741.94             
AA               15.25            1204.55          725.89             
AQ               15.07            1208.39          767.23             
AS               14.75            1205.51          731.05             
B6               15.20            1206.65          736.10             
CO               15.05            1205.94          734.09             
DH               15.05            1203.02          709.59             
DL               15.39            1203.63          713.68             
EV               15.12            1204.39          732.79             
F9               15.02            1201.52          703.01             
FL               15.07            1204.05          729.52             
HA               15.31            1202.33          714.33             
HP               15.38            1201.83          707.72             
MQ               14.90            1206.47          732.46             
NK               15.44            1205.23          752.11             
NW               15.18            1203.86          723.74             
OH (1)           15.54            1202.68          718.66             
OO               15.22            1204.11          727.51             
TW               15.14            1199.13          690.80             
TZ               15.56            1202.50          718.35             
UA               15.18            1204.67          724.00             
US               15.13            1205.06          724.79             
VX               14.97            1202.03          709.17             
WN               15.04            1203.88          721.01             
XE               15.25            1203.36          721.90             
YV               15.22            1205.03          729.67             

                  sum(a_taxi_out)  sum(a_air_time)  sum(a_distance)  
a_unique_carrier                                                     
9E               139911760.58     11196091164.10   6887991657.93     
AA               15986212920.14   1262333525119.18 760707349149.58   
AQ               1721647.72       138051191.12     87651588.98       
AS               841146045.79     68750633036.83   41692083008.76    
B6               538773639.85     42774057968.07   26093688679.30    
CO               2392417718.38    191750689587.90  116723644071.49   
DH               35700819.63      2853080730.87    1682858308.08     
DL               20536409411.26   1605848630993.51 952167107049.75   
EV               2514577901.08    200352677737.10  121900598718.41   
F9               79105404.27      6328183274.92    3702606551.34     
FL               480579970.93     38393810787.83   23262346781.74    
HA               58403470.58      4585760904.55    2724494102.62     
HP               383219573.09     29936523392.63   17628696277.41    
MQ               3419264966.54    276900219119.97  168108883329.90   
NK               5669918.07       442602844.20     276202510.49      
NW               3804921905.07    301700044743.67  181376789128.49   
OH (1)           240369377.40     18602850513.50   11116109958.34    
OO               4783023146.69    378327708563.05  228581381036.19   
TW               258545547.82     20482376598.13   11799530266.30    
TZ               3421514.49       264503572.41     158008809.67      
UA               11488021359.43   911654717013.53  547898148285.42   
US               8989653289.44    715826316615.04  430540837935.88   
VX               7291391.92       585633851.85     345512363.54      
WN               38532130428.74   3083586109193.69 1846761522174.91  
XE               854567884.02     67433986287.02   40453844771.05    
YV               213897417.18     16936051792.26   10255098780.61    
2022-07-12 11:11:55,836 - main.py[line:100] - INFO: ground truth:
                  sum(a_taxi_out)  avg(a_taxi_out)  sum(a_air_time)  \
a_unique_carrier                                                      
9E               142284540.12     15.33            11173140586.24     
AA               16300686048.88   15.55            1263236350723.25   
AQ               1759966.00       15.41            137234624.71       
AS               876450380.96     15.37            68708755273.38     
B6               549788787.51     15.51            42793262804.14     
CO               2485211586.17    15.63            191613223535.47    
DH               35746942.01      15.07            2848202435.65      
DL               20738744853.55   15.54            1608686034109.96   
EV               2595112426.59    15.60            200460459274.38    
F9               80439061.46      15.27            6344125870.52      
FL               495879446.36     15.55            38408814777.63     
HA               59769807.29      15.67            4590749728.71      
HP               388476481.01     15.60            30000936923.38     
MQ               3590401529.60    15.64            276410780365.79    
NK               5829780.60       15.87            441769394.49       
NW               3909682334.52    15.60            301807796014.13    
OH (1)           238510098.84     15.42            18645751639.88     
OO               4895151892.62    15.58            378599313971.27    
TW               261763968.22     15.32            20584482964.54     
TZ               3494894.20       15.89            264811610.15       
UA               11794846477.28   15.59            911710654104.45    
US               9316915599.48    15.68            715580660601.78    
VX               7390703.22       15.17            586691056.44       
WN               39755967904.82   15.52            3085646169518.35   
XE               875611219.36     15.62            67533052769.33     
YV               221860571.32     15.79            16975037496.76     

                  avg(a_air_time)  sum(a_distance)  avg(a_distance)  
a_unique_carrier                                                     
9E               1203.46          6746625346.28    726.68            
AA               1205.37          777087416304.94  741.49            
AQ               1201.24          80971279.97      708.76            
AS               1204.73          42037430883.37   737.08            
B6               1207.14          26827027097.25   756.75            
CO               1205.02          117399219829.68  738.30            
DH               1200.96          1678544713.64    707.77            
DL               1205.71          991984599921.34  743.49            
EV               1204.99          122887838715.02  738.69            
F9               1204.50          3860634311.65    732.98            
FL               1204.47          23464764525.57   735.84            
HA               1203.59          2772250304.97    726.82            
HP               1204.37          18262881042.59   733.15            
MQ               1204.29          168201520541.46  732.83            
NK               1202.96          265373521.21     722.62            
NW               1204.24          183162573964.31  730.84            
OH (1)           1205.40          11511808801.00   744.21            
OO               1204.92          231963276318.29  738.24            
TW               1205.06          12616862839.76   738.62            
TZ               1203.90          158652522.82     721.28            
UA               1204.69          556578465756.17  735.44            
US               1204.59          437180046113.38  735.94            
VX               1204.20          357991356.52     734.79            
WN               1204.64          1885240669478.28 736.00            
XE               1205.08          41407851540.77   738.90            
YV               1207.76          10681610707.48   759.99            
2022-07-12 11:11:55,844 - main.py[line:550] - INFO: relative error:
                  avg(a_air_time)  avg(a_distance)  avg(a_taxi_out)  \
a_unique_carrier                                                      
9E               0.00             0.02             0.02               
AA               0.00             0.02             0.02               
AQ               0.01             0.08             0.02               
AS               0.00             0.01             0.04               
B6               0.00             0.03             0.02               
CO               0.00             0.01             0.04               
DH               0.00             0.00             0.00               
DL               0.00             0.04             0.01               
EV               0.00             0.01             0.03               
F9               0.00             0.04             0.02               
FL               0.00             0.01             0.03               
HA               0.00             0.02             0.02               
HP               0.00             0.03             0.01               
MQ               0.00             0.00             0.05               
NK               0.00             0.04             0.03               
NW               0.00             0.01             0.03               
OH (1)           0.00             0.03             0.01               
OO               0.00             0.01             0.02               
TW               0.00             0.06             0.01               
TZ               0.00             0.00             0.02               
UA               0.00             0.02             0.03               
US               0.00             0.02             0.04               
VX               0.00             0.03             0.01               
WN               0.00             0.02             0.03               
XE               0.00             0.02             0.02               
YV               0.00             0.04             0.04               

                  sum(a_air_time)  sum(a_distance)  sum(a_taxi_out)  
a_unique_carrier                                                     
9E               0.00             0.02             0.02              
AA               0.00             0.02             0.02              
AQ               0.01             0.08             0.02              
AS               0.00             0.01             0.04              
B6               0.00             0.03             0.02              
CO               0.00             0.01             0.04              
DH               0.00             0.00             0.00              
DL               0.00             0.04             0.01              
EV               0.00             0.01             0.03              
F9               0.00             0.04             0.02              
FL               0.00             0.01             0.03              
HA               0.00             0.02             0.02              
HP               0.00             0.03             0.01              
MQ               0.00             0.00             0.05              
NK               0.00             0.04             0.03              
NW               0.00             0.01             0.03              
OH (1)           0.00             0.03             0.01              
OO               0.00             0.01             0.02              
TW               0.00             0.06             0.01              
TZ               0.00             0.00             0.02              
UA               0.00             0.02             0.03              
US               0.00             0.02             0.04              
VX               0.00             0.03             0.01              
WN               0.00             0.02             0.03              
XE               0.00             0.02             0.02              
YV               0.00             0.04             0.04              
2022-07-12 11:11:55,846 - main.py[line:551] - INFO: relative error normalized:
                  avg(a_air_time)  avg(a_distance)  avg(a_taxi_out)  \
a_unique_carrier                                                      
9E               0.00             0.02             0.02               
AA               0.00             0.02             0.02               
AQ               0.01             0.08             0.02               
AS               0.00             0.01             0.04               
B6               0.00             0.03             0.02               
CO               0.00             0.01             0.04               
DH               0.00             0.00             0.00               
DL               0.00             0.04             0.01               
EV               0.00             0.01             0.03               
F9               0.00             0.04             0.02               
FL               0.00             0.01             0.03               
HA               0.00             0.02             0.02               
HP               0.00             0.03             0.01               
MQ               0.00             0.00             0.05               
NK               0.00             0.04             0.03               
NW               0.00             0.01             0.03               
OH (1)           0.00             0.03             0.01               
OO               0.00             0.01             0.02               
TW               0.00             0.06             0.01               
TZ               0.00             0.00             0.02               
UA               0.00             0.02             0.03               
US               0.00             0.02             0.03               
VX               0.00             0.03             0.01               
WN               0.00             0.02             0.03               
XE               0.00             0.02             0.02               
YV               0.00             0.04             0.04               

                  sum(a_air_time)  sum(a_distance)  sum(a_taxi_out)  
a_unique_carrier                                                     
9E               0.00             0.02             0.02              
AA               0.00             0.02             0.02              
AQ               0.01             0.08             0.02              
AS               0.00             0.01             0.04              
B6               0.00             0.03             0.02              
CO               0.00             0.01             0.04              
DH               0.00             0.00             0.00              
DL               0.00             0.04             0.01              
EV               0.00             0.01             0.03              
F9               0.00             0.04             0.02              
FL               0.00             0.01             0.03              
HA               0.00             0.02             0.02              
HP               0.00             0.03             0.01              
MQ               0.00             0.00             0.05              
NK               0.00             0.04             0.03              
NW               0.00             0.01             0.03              
OH (1)           0.00             0.03             0.01              
OO               0.00             0.01             0.02              
TW               0.00             0.06             0.01              
TZ               0.00             0.00             0.02              
UA               0.00             0.02             0.03              
US               0.00             0.02             0.03              
VX               0.00             0.03             0.01              
WN               0.00             0.02             0.03              
XE               0.00             0.02             0.02              
YV               0.00             0.04             0.04              
2022-07-12 11:11:55,846 - main.py[line:554] - INFO: relative error average: 0.016511714543339398
2022-07-12 11:11:55,846 - main.py[line:555] - INFO: relative error normalized average: 0.01624317572398885
2022-07-12 11:11:55,847 - main.py[line:601] - INFO: total_time:8.170753754675388
categorical_columns: ['a_unique_carrier_0', 'a_unique_carrier_1', 'a_unique_carrier_2', 'a_unique_carrier_3', 'a_unique_carrier_4', 'a_unique_carrier_5']
categorical_columns: ['b_unique_carrier_0', 'b_unique_carrier_1', 'b_unique_carrier_2', 'b_unique_carrier_3', 'b_unique_carrier_4', 'b_unique_carrier_5']
