main.py:19: FutureWarning: Passing a negative integer is deprecated in version 1.0 and will not be supported in future version. Instead, use None to not limit the column width.
  pd.set_option('max_colwidth', -1)
2023-07-12 05:02:45,285 - main.py[line:642] - INFO: load query config config/query/census_test.json successfully
2023-07-12 05:02:45,285 - main.py[line:649] - INFO: load train config ./config/train/census_test_a_torch_cvae.json successfully
2023-07-12 05:02:45,285 - main.py[line:649] - INFO: load train config ./config/train/census_test_b_torch_cvae.json successfully
2023-07-12 05:02:45,285 - dataset_utils.py[line:599] - INFO: load existing dataset(light):census-test-adult-a_a_education_num_a_fnlwgt_a_education_num_binary_gaussian5_0
2023-07-12 05:02:45,329 - dataset_utils.py[line:608] - INFO: load dataset(light) time elapsed:0.04375716904178262
2023-07-12 05:02:45,329 - pytorch_cvae.py[line:280] - INFO: feature info:[('a_fnlwgt', 'numerical', 6), ('a_education_num', 'categorical', 5)]
2023-07-12 05:02:45,330 - model_utils.py[line:75] - INFO: load model name:torch_cvae_census-test-adult-a_a_education_num_ld50_id100_bs512_ep100_0_binary_gaussian5
2023-07-12 05:02:47,714 - model_utils.py[line:86] - INFO: load torch model time elapsed:2.383712894283235
2023-07-12 05:02:47,714 - pytorch_cvae.py[line:290] - INFO: load model time elapsed:2.428932171780616
2023-07-12 05:02:47,714 - dataset_utils.py[line:599] - INFO: load existing dataset(light):census-test-adult-b_b_education_num_b_hours_per_week_b_education_num_binary_gaussian5_0
2023-07-12 05:02:47,742 - dataset_utils.py[line:608] - INFO: load dataset(light) time elapsed:0.02858209004625678
2023-07-12 05:02:47,743 - pytorch_cvae.py[line:280] - INFO: feature info:[('b_hours_per_week', 'numerical', 6), ('b_education_num', 'categorical', 5)]
2023-07-12 05:02:47,743 - model_utils.py[line:75] - INFO: load model name:torch_cvae_census-test-adult-b_b_education_num_ld50_id100_bs512_ep100_0_binary_gaussian5
2023-07-12 05:02:47,745 - model_utils.py[line:86] - INFO: load torch model time elapsed:0.001965517643839121
2023-07-12 05:02:47,745 - pytorch_cvae.py[line:290] - INFO: load model time elapsed:0.0312746069394052
2023-07-12 05:02:47,745 - main.py[line:572] - INFO: multi_sampling No.0 epoch
2023-07-12 05:02:47,750 - main.py[line:572] - INFO: multi_sampling No.1 epoch
2023-07-12 05:02:47,752 - main.py[line:572] - INFO: multi_sampling No.2 epoch
2023-07-12 05:02:48,604 - pytorch_cvae.py[line:407] - INFO: sampling time:0.8525647129863501
2023-07-12 05:02:48,677 - pytorch_cvae.py[line:407] - INFO: sampling time:0.9244613717310131
2023-07-12 05:02:48,720 - pytorch_cvae.py[line:407] - INFO: sampling time:0.9739038660191
2023-07-12 05:02:48,759 - pytorch_cvae.py[line:407] - INFO: sampling time:0.15505292732268572
2023-07-12 05:02:48,777 - pytorch_cvae.py[line:407] - INFO: sampling time:0.05690869130194187
2023-07-12 05:02:48,795 - pytorch_cvae.py[line:407] - INFO: sampling time:0.11721249716356397
2023-07-12 05:02:51,047 - main.py[line:555] - INFO: sample and aggregation time elapsed:3.29605720192194
2023-07-12 05:02:51,126 - main.py[line:555] - INFO: sample and aggregation time elapsed:3.380425767041743
2023-07-12 05:02:51,215 - main.py[line:555] - INFO: sample and aggregation time elapsed:3.463171511888504
2023-07-12 05:02:51,219 - main.py[line:593] - INFO: sample time: 3.473820657003671
2023-07-12 05:02:51,240 - main.py[line:104] - INFO: aqp result:
                 avg(a_fnlwgt)  avg(b_hours_per_week)      sum(a_fnlwgt)  \
a_education_num                                                            
1               183585.33      39.22                  9505578608.24        
2               182940.06      38.97                  108293326808.20      
3               182488.24      40.21                  450332606025.22      
4               183216.75      40.12                  1665437337145.26     
5               183505.55      39.59                  984623913778.81      
6               183153.59      38.98                  3254734613854.31     
7               180861.50      40.15                  5424460532865.57     
8               181535.87      39.13                  679797767201.09      
9               179470.25      39.50                  414548762491707.25   
10              179542.31      38.80                  206105447922140.84   
11              176680.15      39.79                  7012007372525.28     
12              178907.34      39.84                  4324804827071.68     
13              182436.39      39.06                  110669860935815.12   
14              183015.04      39.42                  11279181176815.56    
15              180877.58      39.54                  1247929016827.29     
16              182562.17      39.70                  657121866328.98      

                 sum(b_hours_per_week)  
a_education_num                         
1               2030517.54              
2               23067615.19             
3               99221984.69             
4               364721816.09            
5               212431441.89            
6               692765519.54            
7               1204100897.34           
8               146514785.02            
9               91228939346.80          
10              44535122245.91          
11              1579244458.37           
12              963078003.00            
13              23691630526.53          
14              2429535222.81           
15              272777005.18            
16              142884722.35            
2023-07-12 05:02:51,242 - main.py[line:105] - INFO: ground truth:
                 sum(b_hours_per_week)  avg(b_hours_per_week)  \
a_education_num                                                 
1               2082643.20             40.06                    
10              45549279985.55         39.51                    
11              1584781427.69          39.76                    
12              966552746.34           39.82                    
13              24078556514.48         39.53                    
14              2446393121.33          39.53                    
15              274754216.44           39.66                    
16              143994096.38           39.85                    
2               23688203.98            39.85                    
3               99301299.12            40.08                    
4               362354449.21           39.70                    
5               211279237.14           39.22                    
6               699976780.53           39.23                    
7               1197998019.35          39.78                    
8               147510782.09           39.23                    
9               91544134894.67         39.47                    

                     sum(a_fnlwgt)  avg(a_fnlwgt)  
a_education_num                                    
1               9230224059.94      177558.94       
10              205404792384807.09 178188.57       
11              7056779504246.63   177065.92       
12              4299598708023.12   177118.04       
13              107642516109517.23 176708.86       
14              10917581923528.38  176403.89       
15              1227094390856.00   177135.74       
16              633778561363.00    175377.27       
2               103819245989.45    174650.21       
3               438226364458.29    176884.20       
4               1642737882074.27   179997.64       
5               961460560464.34    178476.56       
6               3146896115757.28   176374.01       
7               5236529708342.73   173866.28       
8               666164527647.66    177184.56       
9               410400044228388.38 176936.08       
2023-07-12 05:02:51,250 - main.py[line:611] - INFO: relative error:
                 avg(a_fnlwgt)  avg(b_hours_per_week)  sum(a_fnlwgt)  \
a_education_num                                                        
1               0.03           0.02                   0.03             
2               0.05           0.02                   0.04             
3               0.03           0.00                   0.03             
4               0.02           0.01                   0.01             
5               0.03           0.01                   0.02             
6               0.04           0.01                   0.03             
7               0.04           0.01                   0.04             
8               0.02           0.00                   0.02             
9               0.01           0.00                   0.01             
10              0.01           0.02                   0.00             
11              0.00           0.00                   0.01             
12              0.01           0.00                   0.01             
13              0.03           0.01                   0.03             
14              0.04           0.00                   0.03             
15              0.02           0.00                   0.02             
16              0.04           0.00                   0.04             

                 sum(b_hours_per_week)  
a_education_num                         
1               0.03                    
2               0.03                    
3               0.00                    
4               0.01                    
5               0.01                    
6               0.01                    
7               0.01                    
8               0.01                    
9               0.00                    
10              0.02                    
11              0.00                    
12              0.00                    
13              0.02                    
14              0.01                    
15              0.01                    
16              0.01                    
2023-07-12 05:02:51,252 - main.py[line:612] - INFO: relative error normalized:
                 avg(a_fnlwgt)  avg(b_hours_per_week)  sum(a_fnlwgt)  \
a_education_num                                                        
1               0.03           0.02                   0.03             
2               0.05           0.02                   0.04             
3               0.03           0.00                   0.03             
4               0.02           0.01                   0.01             
5               0.03           0.01                   0.02             
6               0.04           0.01                   0.03             
7               0.04           0.01                   0.04             
8               0.02           0.00                   0.02             
9               0.01           0.00                   0.01             
10              0.01           0.02                   0.00             
11              0.00           0.00                   0.01             
12              0.01           0.00                   0.01             
13              0.03           0.01                   0.03             
14              0.04           0.00                   0.03             
15              0.02           0.00                   0.02             
16              0.04           0.00                   0.04             

                 sum(b_hours_per_week)  
a_education_num                         
1               0.02                    
2               0.03                    
3               0.00                    
4               0.01                    
5               0.01                    
6               0.01                    
7               0.01                    
8               0.01                    
9               0.00                    
10              0.02                    
11              0.00                    
12              0.00                    
13              0.02                    
14              0.01                    
15              0.01                    
16              0.01                    
2023-07-12 05:02:51,252 - main.py[line:615] - INFO: relative error average: 0.0169035483963985
2023-07-12 05:02:51,252 - main.py[line:616] - INFO: relative error normalized average: 0.01667665401490424
2023-07-12 05:02:51,252 - main.py[line:662] - INFO: total_time:5.967487128917128
