main.py:19: FutureWarning: Passing a negative integer is deprecated in version 1.0 and will not be supported in future version. Instead, use None to not limit the column width.
  pd.set_option('max_colwidth', -1)
2023-07-12 05:07:48,775 - main.py[line:642] - INFO: load query config config/query/census_test.json successfully
2023-07-12 05:07:48,776 - main.py[line:649] - INFO: load train config ./config/train/census_test_a_torch_cvae.json successfully
2023-07-12 05:07:48,776 - main.py[line:649] - INFO: load train config ./config/train/census_test_b_torch_cvae.json successfully
2023-07-12 05:07:48,776 - dataset_utils.py[line:599] - INFO: load existing dataset(light):census-test-adult-a_a_education_num_a_fnlwgt_a_education_num_binary_gaussian5_0
2023-07-12 05:07:48,820 - dataset_utils.py[line:608] - INFO: load dataset(light) time elapsed:0.04392990889027715
2023-07-12 05:07:48,820 - pytorch_cvae.py[line:280] - INFO: feature info:[('a_fnlwgt', 'numerical', 6), ('a_education_num', 'categorical', 5)]
2023-07-12 05:07:48,821 - model_utils.py[line:75] - INFO: load model name:torch_cvae_census-test-adult-a_a_education_num_ld50_id100_bs512_ep100_0_binary_gaussian5
2023-07-12 05:07:51,207 - model_utils.py[line:86] - INFO: load torch model time elapsed:2.3857426159083843
2023-07-12 05:07:51,207 - pytorch_cvae.py[line:290] - INFO: load model time elapsed:2.431102887261659
2023-07-12 05:07:51,207 - dataset_utils.py[line:599] - INFO: load existing dataset(light):census-test-adult-b_b_education_num_b_hours_per_week_b_education_num_binary_gaussian5_0
2023-07-12 05:07:51,236 - dataset_utils.py[line:608] - INFO: load dataset(light) time elapsed:0.028634971007704735
2023-07-12 05:07:51,236 - pytorch_cvae.py[line:280] - INFO: feature info:[('b_hours_per_week', 'numerical', 6), ('b_education_num', 'categorical', 5)]
2023-07-12 05:07:51,236 - model_utils.py[line:75] - INFO: load model name:torch_cvae_census-test-adult-b_b_education_num_ld50_id100_bs512_ep100_0_binary_gaussian5
2023-07-12 05:07:51,240 - model_utils.py[line:86] - INFO: load torch model time elapsed:0.0034048687666654587
2023-07-12 05:07:51,240 - pytorch_cvae.py[line:290] - INFO: load model time elapsed:0.03275388805195689
2023-07-12 05:07:51,240 - main.py[line:572] - INFO: multi_sampling No.0 epoch
2023-07-12 05:07:51,245 - main.py[line:572] - INFO: multi_sampling No.1 epoch
2023-07-12 05:07:51,246 - main.py[line:572] - INFO: multi_sampling No.2 epoch
2023-07-12 05:07:51,912 - pytorch_cvae.py[line:407] - INFO: sampling time:0.6653097122907639
2023-07-12 05:07:52,005 - pytorch_cvae.py[line:407] - INFO: sampling time:0.7597406217828393
2023-07-12 05:07:52,015 - pytorch_cvae.py[line:407] - INFO: sampling time:0.7744116350077093
2023-07-12 05:07:52,102 - pytorch_cvae.py[line:407] - INFO: sampling time:0.18940123403444886
2023-07-12 05:07:52,153 - pytorch_cvae.py[line:407] - INFO: sampling time:0.13870058301836252
2023-07-12 05:07:52,202 - pytorch_cvae.py[line:407] - INFO: sampling time:0.19580477429553866
2023-07-12 05:07:55,307 - main.py[line:555] - INFO: sample and aggregation time elapsed:4.067047373857349
2023-07-12 05:07:55,414 - main.py[line:555] - INFO: sample and aggregation time elapsed:4.1674440409988165
2023-07-12 05:07:55,608 - main.py[line:555] - INFO: sample and aggregation time elapsed:4.362231879029423
2023-07-12 05:07:55,610 - main.py[line:593] - INFO: sample time: 4.369982214644551
2023-07-12 05:07:55,623 - main.py[line:104] - INFO: aqp result:
                 avg(a_fnlwgt)  avg(b_hours_per_week)      sum(a_fnlwgt)  \
a_education_num                                                            
1               179536.79      38.98                  9333040483.30        
2               184244.34      39.17                  109522389413.01      
3               180071.28      40.00                  445570850565.02      
4               180561.61      40.07                  1645842062026.79     
5               182323.88      39.63                  980969710177.14      
6               182979.37      39.07                  3260711034633.15     
7               177654.82      39.86                  5343931301207.21     
8               181989.98      39.88                  683377266255.78      
9               178835.01      39.29                  414288660451572.75   
10              181645.06      39.06                  209128277017836.34   
11              175593.89      39.84                  6989418489895.66     
12              178813.16      39.78                  4335325141755.86     
13              181523.82      39.14                  110438324836664.19   
14              178529.42      38.99                  11035233907615.03    
15              182146.20      39.85                  1260213953592.96     
16              183105.86      39.57                  660882420529.07      

                 sum(b_hours_per_week)  
a_education_num                         
1               2026397.75              
2               23284906.08             
3               98979678.80             
4               365229849.38            
5               213212434.73            
6               696147447.78            
7               1199033144.22           
8               149746395.77            
9               91012346067.31          
10              44975000857.31          
11              1585767073.84           
12              964489777.74            
13              23809910863.37          
14              2410145414.10           
15              275722117.52            
16              142822488.51            
2023-07-12 05:07:55,625 - main.py[line:105] - INFO: ground truth:
                 sum(b_hours_per_week)  avg(b_hours_per_week)  \
a_education_num                                                 
1               2082643.20             40.06                    
10              45549279985.55         39.51                    
11              1584781427.69          39.76                    
12              966552746.34           39.82                    
13              24078556514.48         39.53                    
14              2446393121.33          39.53                    
15              274754216.44           39.66                    
16              143994096.38           39.85                    
2               23688203.98            39.85                    
3               99301299.12            40.08                    
4               362354449.21           39.70                    
5               211279237.14           39.22                    
6               699976780.53           39.23                    
7               1197998019.35          39.78                    
8               147510782.09           39.23                    
9               91544134894.67         39.47                    

                     sum(a_fnlwgt)  avg(a_fnlwgt)  
a_education_num                                    
1               9230224059.94      177558.94       
10              205404792384807.09 178188.57       
11              7056779504246.63   177065.92       
12              4299598708023.12   177118.04       
13              107642516109517.23 176708.86       
14              10917581923528.38  176403.89       
15              1227094390856.00   177135.74       
16              633778561363.00    175377.27       
2               103819245989.45    174650.21       
3               438226364458.29    176884.20       
4               1642737882074.27   179997.64       
5               961460560464.34    178476.56       
6               3146896115757.28   176374.01       
7               5236529708342.73   173866.28       
8               666164527647.66    177184.56       
9               410400044228388.38 176936.08       
2023-07-12 05:07:55,636 - main.py[line:611] - INFO: relative error:
                 avg(a_fnlwgt)  avg(b_hours_per_week)  sum(a_fnlwgt)  \
a_education_num                                                        
1               0.01           0.03                   0.01             
2               0.05           0.02                   0.05             
3               0.02           0.00                   0.02             
4               0.00           0.01                   0.00             
5               0.02           0.01                   0.02             
6               0.04           0.00                   0.04             
7               0.02           0.00                   0.02             
8               0.03           0.02                   0.03             
9               0.01           0.00                   0.01             
10              0.02           0.01                   0.02             
11              0.01           0.00                   0.01             
12              0.01           0.00                   0.01             
13              0.03           0.01                   0.03             
14              0.01           0.01                   0.01             
15              0.03           0.00                   0.03             
16              0.04           0.01                   0.04             

                 sum(b_hours_per_week)  
a_education_num                         
1               0.03                    
2               0.02                    
3               0.00                    
4               0.01                    
5               0.01                    
6               0.01                    
7               0.00                    
8               0.02                    
9               0.01                    
10              0.01                    
11              0.00                    
12              0.00                    
13              0.01                    
14              0.01                    
15              0.00                    
16              0.01                    
2023-07-12 05:07:55,638 - main.py[line:612] - INFO: relative error normalized:
                 avg(a_fnlwgt)  avg(b_hours_per_week)  sum(a_fnlwgt)  \
a_education_num                                                        
1               0.01           0.03                   0.01             
2               0.05           0.02                   0.05             
3               0.02           0.00                   0.02             
4               0.00           0.01                   0.00             
5               0.02           0.01                   0.02             
6               0.04           0.00                   0.04             
7               0.02           0.00                   0.02             
8               0.03           0.02                   0.03             
9               0.01           0.00                   0.01             
10              0.02           0.01                   0.02             
11              0.01           0.00                   0.01             
12              0.01           0.00                   0.01             
13              0.03           0.01                   0.03             
14              0.01           0.01                   0.01             
15              0.03           0.00                   0.03             
16              0.04           0.01                   0.04             

                 sum(b_hours_per_week)  
a_education_num                         
1               0.03                    
2               0.02                    
3               0.00                    
4               0.01                    
5               0.01                    
6               0.01                    
7               0.00                    
8               0.02                    
9               0.01                    
10              0.01                    
11              0.00                    
12              0.00                    
13              0.01                    
14              0.01                    
15              0.00                    
16              0.01                    
2023-07-12 05:07:55,638 - main.py[line:615] - INFO: relative error average: 0.015332031288840994
2023-07-12 05:07:55,638 - main.py[line:616] - INFO: relative error normalized average: 0.015138385385698798
2023-07-12 05:07:55,638 - main.py[line:662] - INFO: total_time:6.862729157321155
