main.py:19: FutureWarning: Passing a negative integer is deprecated in version 1.0 and will not be supported in future version. Instead, use None to not limit the column width.
  pd.set_option('max_colwidth', -1)
2023-07-12 05:07:58,787 - main.py[line:642] - INFO: load query config config/query/census_test.json successfully
2023-07-12 05:07:58,787 - main.py[line:649] - INFO: load train config ./config/train/census_test_a_torch_cvae.json successfully
2023-07-12 05:07:58,788 - main.py[line:649] - INFO: load train config ./config/train/census_test_b_torch_cvae.json successfully
2023-07-12 05:07:58,788 - dataset_utils.py[line:599] - INFO: load existing dataset(light):census-test-adult-a_a_education_num_a_fnlwgt_a_education_num_binary_gaussian5_0
2023-07-12 05:07:58,831 - dataset_utils.py[line:608] - INFO: load dataset(light) time elapsed:0.04356632102280855
2023-07-12 05:07:58,831 - pytorch_cvae.py[line:280] - INFO: feature info:[('a_fnlwgt', 'numerical', 6), ('a_education_num', 'categorical', 5)]
2023-07-12 05:07:58,832 - model_utils.py[line:75] - INFO: load model name:torch_cvae_census-test-adult-a_a_education_num_ld50_id100_bs512_ep100_0_binary_gaussian5
2023-07-12 05:08:01,198 - model_utils.py[line:86] - INFO: load torch model time elapsed:2.3650347348302603
2023-07-12 05:08:01,198 - pytorch_cvae.py[line:290] - INFO: load model time elapsed:2.4100516820326447
2023-07-12 05:08:01,198 - dataset_utils.py[line:599] - INFO: load existing dataset(light):census-test-adult-b_b_education_num_b_hours_per_week_b_education_num_binary_gaussian5_0
2023-07-12 05:08:01,226 - dataset_utils.py[line:608] - INFO: load dataset(light) time elapsed:0.027825668919831514
2023-07-12 05:08:01,226 - pytorch_cvae.py[line:280] - INFO: feature info:[('b_hours_per_week', 'numerical', 6), ('b_education_num', 'categorical', 5)]
2023-07-12 05:08:01,226 - model_utils.py[line:75] - INFO: load model name:torch_cvae_census-test-adult-b_b_education_num_ld50_id100_bs512_ep100_0_binary_gaussian5
2023-07-12 05:08:01,228 - model_utils.py[line:86] - INFO: load torch model time elapsed:0.0019341870211064816
2023-07-12 05:08:01,228 - pytorch_cvae.py[line:290] - INFO: load model time elapsed:0.0304847601801157
2023-07-12 05:08:01,228 - main.py[line:572] - INFO: multi_sampling No.0 epoch
2023-07-12 05:08:01,233 - main.py[line:572] - INFO: multi_sampling No.1 epoch
2023-07-12 05:08:01,234 - main.py[line:572] - INFO: multi_sampling No.2 epoch
2023-07-12 05:08:01,879 - pytorch_cvae.py[line:407] - INFO: sampling time:0.6452424339950085
2023-07-12 05:08:01,977 - pytorch_cvae.py[line:407] - INFO: sampling time:0.7486395612359047
2023-07-12 05:08:01,980 - pytorch_cvae.py[line:407] - INFO: sampling time:0.7468125666491687
2023-07-12 05:08:02,067 - pytorch_cvae.py[line:407] - INFO: sampling time:0.1869866200722754
2023-07-12 05:08:02,186 - pytorch_cvae.py[line:407] - INFO: sampling time:0.20877670217305422
2023-07-12 05:08:02,190 - pytorch_cvae.py[line:407] - INFO: sampling time:0.20946034928783774
2023-07-12 05:08:05,163 - main.py[line:555] - INFO: sample and aggregation time elapsed:3.9286595471203327
2023-07-12 05:08:05,252 - main.py[line:555] - INFO: sample and aggregation time elapsed:4.019074050243944
2023-07-12 05:08:05,397 - main.py[line:555] - INFO: sample and aggregation time elapsed:4.16818123916164
2023-07-12 05:08:05,400 - main.py[line:593] - INFO: sample time: 4.171943970024586
2023-07-12 05:08:05,421 - main.py[line:104] - INFO: aqp result:
                 avg(a_fnlwgt)  avg(b_hours_per_week)      sum(a_fnlwgt)  \
a_education_num                                                            
1               182159.12      39.56                  9469359646.87        
2               179312.24      38.71                  106504729007.31      
3               181771.33      39.74                  449837831726.17      
4               180523.34      39.85                  1645718809295.41     
5               183147.57      39.35                  985535266248.22      
6               182365.81      38.95                  3250224057739.76     
7               179687.19      39.84                  5405809579933.75     
8               180235.76      39.71                  676882889886.90      
9               176980.39      39.16                  410048204742536.69   
10              178452.78      39.16                  205481040703276.53   
11              176871.88      39.75                  7041250542771.27     
12              179206.65      39.89                  4345462083780.93     
13              181771.24      39.28                  110603869335403.19   
14              181767.26      39.15                  11236921563833.85    
15              180656.43      39.77                  1250078573909.05     
16              182357.05      39.61                  658269349859.47      

                 sum(b_hours_per_week)  
a_education_num                         
1               2056646.30              
2               22991607.24             
3               98343930.22             
4               363298182.92            
5               211729799.70            
6               694203154.09            
7               1198642999.44           
8               149147556.88            
9               90731099098.09          
10              45093368095.95          
11              1582565781.73           
12              967168338.85            
13              23899797468.92          
14              2420031653.46           
15              275170673.75            
16              142993230.17            
2023-07-12 05:08:05,422 - main.py[line:105] - INFO: ground truth:
                 sum(b_hours_per_week)  avg(b_hours_per_week)  \
a_education_num                                                 
1               2082643.20             40.06                    
10              45549279985.55         39.51                    
11              1584781427.69          39.76                    
12              966552746.34           39.82                    
13              24078556514.48         39.53                    
14              2446393121.33          39.53                    
15              274754216.44           39.66                    
16              143994096.38           39.85                    
2               23688203.98            39.85                    
3               99301299.12            40.08                    
4               362354449.21           39.70                    
5               211279237.14           39.22                    
6               699976780.53           39.23                    
7               1197998019.35          39.78                    
8               147510782.09           39.23                    
9               91544134894.67         39.47                    

                     sum(a_fnlwgt)  avg(a_fnlwgt)  
a_education_num                                    
1               9230224059.94      177558.94       
10              205404792384807.09 178188.57       
11              7056779504246.63   177065.92       
12              4299598708023.12   177118.04       
13              107642516109517.23 176708.86       
14              10917581923528.38  176403.89       
15              1227094390856.00   177135.74       
16              633778561363.00    175377.27       
2               103819245989.45    174650.21       
3               438226364458.29    176884.20       
4               1642737882074.27   179997.64       
5               961460560464.34    178476.56       
6               3146896115757.28   176374.01       
7               5236529708342.73   173866.28       
8               666164527647.66    177184.56       
9               410400044228388.38 176936.08       
2023-07-12 05:08:05,432 - main.py[line:611] - INFO: relative error:
                 avg(a_fnlwgt)  avg(b_hours_per_week)  sum(a_fnlwgt)  \
a_education_num                                                        
1               0.03           0.01                   0.03             
2               0.03           0.03                   0.03             
3               0.03           0.01                   0.03             
4               0.00           0.00                   0.00             
5               0.03           0.00                   0.03             
6               0.03           0.01                   0.03             
7               0.03           0.00                   0.03             
8               0.02           0.01                   0.02             
9               0.00           0.01                   0.00             
10              0.00           0.01                   0.00             
11              0.00           0.00                   0.00             
12              0.01           0.00                   0.01             
13              0.03           0.01                   0.03             
14              0.03           0.01                   0.03             
15              0.02           0.00                   0.02             
16              0.04           0.01                   0.04             

                 sum(b_hours_per_week)  
a_education_num                         
1               0.01                    
2               0.03                    
3               0.01                    
4               0.00                    
5               0.00                    
6               0.01                    
7               0.00                    
8               0.01                    
9               0.01                    
10              0.01                    
11              0.00                    
12              0.00                    
13              0.01                    
14              0.01                    
15              0.00                    
16              0.01                    
2023-07-12 05:08:05,433 - main.py[line:612] - INFO: relative error normalized:
                 avg(a_fnlwgt)  avg(b_hours_per_week)  sum(a_fnlwgt)  \
a_education_num                                                        
1               0.03           0.01                   0.03             
2               0.03           0.03                   0.03             
3               0.03           0.01                   0.03             
4               0.00           0.00                   0.00             
5               0.03           0.00                   0.02             
6               0.03           0.01                   0.03             
7               0.03           0.00                   0.03             
8               0.02           0.01                   0.02             
9               0.00           0.01                   0.00             
10              0.00           0.01                   0.00             
11              0.00           0.00                   0.00             
12              0.01           0.00                   0.01             
13              0.03           0.01                   0.03             
14              0.03           0.01                   0.03             
15              0.02           0.00                   0.02             
16              0.04           0.01                   0.04             

                 sum(b_hours_per_week)  
a_education_num                         
1               0.01                    
2               0.03                    
3               0.01                    
4               0.00                    
5               0.00                    
6               0.01                    
7               0.00                    
8               0.01                    
9               0.01                    
10              0.01                    
11              0.00                    
12              0.00                    
13              0.01                    
14              0.01                    
15              0.00                    
16              0.01                    
2023-07-12 05:08:05,433 - main.py[line:615] - INFO: relative error average: 0.013852251582169475
2023-07-12 05:08:05,433 - main.py[line:616] - INFO: relative error normalized average: 0.013688001246476003
2023-07-12 05:08:05,433 - main.py[line:662] - INFO: total_time:6.646026521921158
