main.py:19: FutureWarning: Passing a negative integer is deprecated in version 1.0 and will not be supported in future version. Instead, use None to not limit the column width.
  pd.set_option('max_colwidth', -1)
2023-07-12 05:10:56,063 - main.py[line:642] - INFO: load query config config/query/census_test.json successfully
2023-07-12 05:10:56,063 - main.py[line:649] - INFO: load train config ./config/train/census_test_a_torch_cvae.json successfully
2023-07-12 05:10:56,063 - main.py[line:649] - INFO: load train config ./config/train/census_test_b_torch_cvae.json successfully
2023-07-12 05:10:56,063 - dataset_utils.py[line:599] - INFO: load existing dataset(light):census-test-adult-a_a_education_num_a_fnlwgt_a_education_num_binary_gaussian5_0
2023-07-12 05:10:56,121 - dataset_utils.py[line:608] - INFO: load dataset(light) time elapsed:0.05778700578957796
2023-07-12 05:10:56,121 - pytorch_cvae.py[line:280] - INFO: feature info:[('a_fnlwgt', 'numerical', 6), ('a_education_num', 'categorical', 5)]
2023-07-12 05:10:56,123 - model_utils.py[line:75] - INFO: load model name:torch_cvae_census-test-adult-a_a_education_num_ld50_id100_bs512_ep100_0_binary_gaussian5
2023-07-12 05:10:58,465 - model_utils.py[line:86] - INFO: load torch model time elapsed:2.342192191630602
2023-07-12 05:10:58,465 - pytorch_cvae.py[line:290] - INFO: load model time elapsed:2.401528590824455
2023-07-12 05:10:58,465 - dataset_utils.py[line:599] - INFO: load existing dataset(light):census-test-adult-b_b_education_num_b_hours_per_week_b_education_num_binary_gaussian5_0
2023-07-12 05:10:58,494 - dataset_utils.py[line:608] - INFO: load dataset(light) time elapsed:0.02847004309296608
2023-07-12 05:10:58,494 - pytorch_cvae.py[line:280] - INFO: feature info:[('b_hours_per_week', 'numerical', 6), ('b_education_num', 'categorical', 5)]
2023-07-12 05:10:58,494 - model_utils.py[line:75] - INFO: load model name:torch_cvae_census-test-adult-b_b_education_num_ld50_id100_bs512_ep100_0_binary_gaussian5
2023-07-12 05:10:58,496 - model_utils.py[line:86] - INFO: load torch model time elapsed:0.0014301808550953865
2023-07-12 05:10:58,496 - pytorch_cvae.py[line:290] - INFO: load model time elapsed:0.030640927143394947
2023-07-12 05:10:58,496 - main.py[line:572] - INFO: multi_sampling No.0 epoch
2023-07-12 05:10:58,501 - main.py[line:572] - INFO: multi_sampling No.1 epoch
2023-07-12 05:10:58,501 - main.py[line:572] - INFO: multi_sampling No.2 epoch
2023-07-12 05:10:59,102 - pytorch_cvae.py[line:407] - INFO: sampling time:0.6004418851807714
2023-07-12 05:10:59,179 - pytorch_cvae.py[line:407] - INFO: sampling time:0.6776482067070901
2023-07-12 05:10:59,191 - pytorch_cvae.py[line:407] - INFO: sampling time:0.6943112388253212
2023-07-12 05:10:59,294 - pytorch_cvae.py[line:407] - INFO: sampling time:0.19175443472340703
2023-07-12 05:10:59,353 - pytorch_cvae.py[line:407] - INFO: sampling time:0.16264205891638994
2023-07-12 05:10:59,413 - pytorch_cvae.py[line:407] - INFO: sampling time:0.2332760621793568
2023-07-12 05:11:02,235 - main.py[line:555] - INFO: sample and aggregation time elapsed:3.7346313009038568
2023-07-12 05:11:02,416 - main.py[line:555] - INFO: sample and aggregation time elapsed:3.920037400908768
2023-07-12 05:11:02,592 - main.py[line:555] - INFO: sample and aggregation time elapsed:4.0906180171296
2023-07-12 05:11:02,596 - main.py[line:593] - INFO: sample time: 4.100011290051043
2023-07-12 05:11:02,618 - main.py[line:104] - INFO: aqp result:
                 avg(a_fnlwgt)  avg(b_hours_per_week)      sum(a_fnlwgt)  \
a_education_num                                                            
1               183780.98      39.47                  9553670527.89        
2               184548.65      38.80                  109544111944.20      
3               182335.85      39.98                  451081270359.03      
4               187242.56      39.72                  1705811826178.00     
5               177661.47      39.36                  955360138920.85      
6               180464.89      38.94                  3214159784276.84     
7               176443.86      40.05                  5304571716817.55     
8               182374.02      39.61                  684441068104.22      
9               180146.94      39.08                  417098867663701.81   
10              176239.67      39.13                  202793563385333.25   
11              175388.93      39.75                  6977456956999.26     
12              183514.55      39.77                  4446868461263.19     
13              179000.12      39.36                  108843480100956.67   
14              180206.06      39.03                  11132686314395.42    
15              180236.08      39.78                  1246306921396.80     
16              183858.39      39.63                  663230979295.33      

                 sum(b_hours_per_week)  
a_education_num                         
1               2052027.15              
2               23029430.97             
3               98914855.87             
4               361838062.64            
5               211634734.04            
6               693464106.66            
7               1204029455.84           
8               148665702.27            
9               90485202384.04          
10              45029953983.63          
11              1581303731.94           
12              963632792.52            
13              23933313619.11          
14              2410902589.94           
15              275097936.20            
16              142970830.42            
2023-07-12 05:11:02,621 - main.py[line:105] - INFO: ground truth:
                 sum(b_hours_per_week)  avg(b_hours_per_week)  \
a_education_num                                                 
1               2082643.20             40.06                    
10              45549279985.55         39.51                    
11              1584781427.69          39.76                    
12              966552746.34           39.82                    
13              24078556514.48         39.53                    
14              2446393121.33          39.53                    
15              274754216.44           39.66                    
16              143994096.38           39.85                    
2               23688203.98            39.85                    
3               99301299.12            40.08                    
4               362354449.21           39.70                    
5               211279237.14           39.22                    
6               699976780.53           39.23                    
7               1197998019.35          39.78                    
8               147510782.09           39.23                    
9               91544134894.67         39.47                    

                     sum(a_fnlwgt)  avg(a_fnlwgt)  
a_education_num                                    
1               9230224059.94      177558.94       
10              205404792384807.09 178188.57       
11              7056779504246.63   177065.92       
12              4299598708023.12   177118.04       
13              107642516109517.23 176708.86       
14              10917581923528.38  176403.89       
15              1227094390856.00   177135.74       
16              633778561363.00    175377.27       
2               103819245989.45    174650.21       
3               438226364458.29    176884.20       
4               1642737882074.27   179997.64       
5               961460560464.34    178476.56       
6               3146896115757.28   176374.01       
7               5236529708342.73   173866.28       
8               666164527647.66    177184.56       
9               410400044228388.38 176936.08       
2023-07-12 05:11:02,631 - main.py[line:611] - INFO: relative error:
                 avg(a_fnlwgt)  avg(b_hours_per_week)  sum(a_fnlwgt)  \
a_education_num                                                        
1               0.04           0.01                   0.04             
2               0.06           0.03                   0.06             
3               0.03           0.00                   0.03             
4               0.04           0.00                   0.04             
5               0.00           0.00                   0.01             
6               0.02           0.01                   0.02             
7               0.01           0.01                   0.01             
8               0.03           0.01                   0.03             
9               0.02           0.01                   0.02             
10              0.01           0.01                   0.01             
11              0.01           0.00                   0.01             
12              0.04           0.00                   0.03             
13              0.01           0.00                   0.01             
14              0.02           0.01                   0.02             
15              0.02           0.00                   0.02             
16              0.05           0.01                   0.05             

                 sum(b_hours_per_week)  
a_education_num                         
1               0.01                    
2               0.03                    
3               0.00                    
4               0.00                    
5               0.00                    
6               0.01                    
7               0.01                    
8               0.01                    
9               0.01                    
10              0.01                    
11              0.00                    
12              0.00                    
13              0.01                    
14              0.01                    
15              0.00                    
16              0.01                    
2023-07-12 05:11:02,632 - main.py[line:612] - INFO: relative error normalized:
                 avg(a_fnlwgt)  avg(b_hours_per_week)  sum(a_fnlwgt)  \
a_education_num                                                        
1               0.03           0.01                   0.03             
2               0.06           0.03                   0.05             
3               0.03           0.00                   0.03             
4               0.04           0.00                   0.04             
5               0.00           0.00                   0.01             
6               0.02           0.01                   0.02             
7               0.01           0.01                   0.01             
8               0.03           0.01                   0.03             
9               0.02           0.01                   0.02             
10              0.01           0.01                   0.01             
11              0.01           0.00                   0.01             
12              0.04           0.00                   0.03             
13              0.01           0.00                   0.01             
14              0.02           0.01                   0.02             
15              0.02           0.00                   0.02             
16              0.05           0.01                   0.05             

                 sum(b_hours_per_week)  
a_education_num                         
1               0.01                    
2               0.03                    
3               0.00                    
4               0.00                    
5               0.00                    
6               0.01                    
7               0.01                    
8               0.01                    
9               0.01                    
10              0.01                    
11              0.00                    
12              0.00                    
13              0.01                    
14              0.01                    
15              0.00                    
16              0.01                    
2023-07-12 05:11:02,632 - main.py[line:615] - INFO: relative error average: 0.01640441648950157
2023-07-12 05:11:02,632 - main.py[line:616] - INFO: relative error normalized average: 0.016174975101264658
2023-07-12 05:11:02,632 - main.py[line:662] - INFO: total_time:6.569062084890902
