main.py:19: FutureWarning: Passing a negative integer is deprecated in version 1.0 and will not be supported in future version. Instead, use None to not limit the column width.
  pd.set_option('max_colwidth', -1)
2023-07-12 05:05:49,873 - main.py[line:642] - INFO: load query config config/query/census_test.json successfully
2023-07-12 05:05:49,874 - main.py[line:649] - INFO: load train config ./config/train/census_test_a_torch_cvae.json successfully
2023-07-12 05:05:49,874 - main.py[line:649] - INFO: load train config ./config/train/census_test_b_torch_cvae.json successfully
2023-07-12 05:05:49,874 - dataset_utils.py[line:599] - INFO: load existing dataset(light):census-test-adult-a_a_education_num_a_fnlwgt_a_education_num_binary_gaussian5_0
2023-07-12 05:05:49,917 - dataset_utils.py[line:608] - INFO: load dataset(light) time elapsed:0.04375715693458915
2023-07-12 05:05:49,918 - pytorch_cvae.py[line:280] - INFO: feature info:[('a_fnlwgt', 'numerical', 6), ('a_education_num', 'categorical', 5)]
2023-07-12 05:05:49,919 - model_utils.py[line:75] - INFO: load model name:torch_cvae_census-test-adult-a_a_education_num_ld50_id100_bs512_ep100_0_binary_gaussian5
2023-07-12 05:05:52,304 - model_utils.py[line:86] - INFO: load torch model time elapsed:2.384948652703315
2023-07-12 05:05:52,304 - pytorch_cvae.py[line:290] - INFO: load model time elapsed:2.4301403458230197
2023-07-12 05:05:52,304 - dataset_utils.py[line:599] - INFO: load existing dataset(light):census-test-adult-b_b_education_num_b_hours_per_week_b_education_num_binary_gaussian5_0
2023-07-12 05:05:52,332 - dataset_utils.py[line:608] - INFO: load dataset(light) time elapsed:0.028473019134253263
2023-07-12 05:05:52,332 - pytorch_cvae.py[line:280] - INFO: feature info:[('b_hours_per_week', 'numerical', 6), ('b_education_num', 'categorical', 5)]
2023-07-12 05:05:52,333 - model_utils.py[line:75] - INFO: load model name:torch_cvae_census-test-adult-b_b_education_num_ld50_id100_bs512_ep100_0_binary_gaussian5
2023-07-12 05:05:52,335 - model_utils.py[line:86] - INFO: load torch model time elapsed:0.0015774178318679333
2023-07-12 05:05:52,335 - pytorch_cvae.py[line:290] - INFO: load model time elapsed:0.030774190090596676
2023-07-12 05:05:52,335 - main.py[line:572] - INFO: multi_sampling No.0 epoch
2023-07-12 05:05:52,340 - main.py[line:572] - INFO: multi_sampling No.1 epoch
2023-07-12 05:05:52,340 - main.py[line:572] - INFO: multi_sampling No.2 epoch
2023-07-12 05:05:53,031 - pytorch_cvae.py[line:407] - INFO: sampling time:0.6956325583159924
2023-07-12 05:05:53,137 - pytorch_cvae.py[line:407] - INFO: sampling time:0.7969770887866616
2023-07-12 05:05:53,144 - pytorch_cvae.py[line:407] - INFO: sampling time:0.8038029270246625
2023-07-12 05:05:53,198 - pytorch_cvae.py[line:407] - INFO: sampling time:0.16700354730710387
2023-07-12 05:05:53,256 - pytorch_cvae.py[line:407] - INFO: sampling time:0.11180823156610131
2023-07-12 05:05:53,296 - pytorch_cvae.py[line:407] - INFO: sampling time:0.15845055179670453
2023-07-12 05:05:56,324 - main.py[line:555] - INFO: sample and aggregation time elapsed:3.9894954366609454
2023-07-12 05:05:56,446 - main.py[line:555] - INFO: sample and aggregation time elapsed:4.105918953660876
2023-07-12 05:05:56,680 - main.py[line:555] - INFO: sample and aggregation time elapsed:4.339541723951697
2023-07-12 05:05:56,683 - main.py[line:593] - INFO: sample time: 4.348800572101027
2023-07-12 05:05:56,704 - main.py[line:104] - INFO: aqp result:
                 avg(a_fnlwgt)  avg(b_hours_per_week)      sum(a_fnlwgt)  \
a_education_num                                                            
1               179778.76      39.16                  9345619107.34        
2               180807.38      39.00                  107479320605.46      
3               179977.76      39.61                  445533587278.15      
4               181528.07      40.21                  1655385563385.70     
5               181821.02      39.61                  978695111036.39      
6               178648.65      39.12                  3184956563688.75     
7               180350.66      39.97                  5427440836230.58     
8               179778.64      39.91                  675373092523.59      
9               177277.82      39.46                  410863477074594.44   
10              177466.82      38.94                  204408589604785.34   
11              178689.37      39.61                  7115798387257.41     
12              180653.04      39.66                  4381891732009.23     
13              183317.68      39.38                  111579185023772.19   
14              184668.73      39.00                  11419821170915.18    
15              183063.40      39.71                  1267129263995.86     
16              183246.63      39.75                  661682102660.04      

                 sum(b_hours_per_week)  
a_education_num                         
1               2035762.88              
2               23184642.88             
3               98065418.07             
4               366659011.30            
5               213199425.20            
6               697489363.19            
7               1203000406.36           
8               149933669.00            
9               91450291990.33          
10              44853409792.93          
11              1577237631.02           
12              962037880.61            
13              23971567152.15          
14              2411622984.50           
15              274843611.22            
16              143547150.97            
2023-07-12 05:05:56,706 - main.py[line:105] - INFO: ground truth:
                 sum(b_hours_per_week)  avg(b_hours_per_week)  \
a_education_num                                                 
1               2082643.20             40.06                    
10              45549279985.55         39.51                    
11              1584781427.69          39.76                    
12              966552746.34           39.82                    
13              24078556514.48         39.53                    
14              2446393121.33          39.53                    
15              274754216.44           39.66                    
16              143994096.38           39.85                    
2               23688203.98            39.85                    
3               99301299.12            40.08                    
4               362354449.21           39.70                    
5               211279237.14           39.22                    
6               699976780.53           39.23                    
7               1197998019.35          39.78                    
8               147510782.09           39.23                    
9               91544134894.67         39.47                    

                     sum(a_fnlwgt)  avg(a_fnlwgt)  
a_education_num                                    
1               9230224059.94      177558.94       
10              205404792384807.09 178188.57       
11              7056779504246.63   177065.92       
12              4299598708023.12   177118.04       
13              107642516109517.23 176708.86       
14              10917581923528.38  176403.89       
15              1227094390856.00   177135.74       
16              633778561363.00    175377.27       
2               103819245989.45    174650.21       
3               438226364458.29    176884.20       
4               1642737882074.27   179997.64       
5               961460560464.34    178476.56       
6               3146896115757.28   176374.01       
7               5236529708342.73   173866.28       
8               666164527647.66    177184.56       
9               410400044228388.38 176936.08       
2023-07-12 05:05:56,715 - main.py[line:611] - INFO: relative error:
                 avg(a_fnlwgt)  avg(b_hours_per_week)  sum(a_fnlwgt)  \
a_education_num                                                        
1               0.01           0.02                   0.01             
2               0.04           0.02                   0.04             
3               0.02           0.01                   0.02             
4               0.01           0.01                   0.01             
5               0.02           0.01                   0.02             
6               0.01           0.00                   0.01             
7               0.04           0.00                   0.04             
8               0.01           0.02                   0.01             
9               0.00           0.00                   0.00             
10              0.00           0.01                   0.00             
11              0.01           0.00                   0.01             
12              0.02           0.00                   0.02             
13              0.04           0.00                   0.04             
14              0.05           0.01                   0.05             
15              0.03           0.00                   0.03             
16              0.04           0.00                   0.04             

                 sum(b_hours_per_week)  
a_education_num                         
1               0.02                    
2               0.02                    
3               0.01                    
4               0.01                    
5               0.01                    
6               0.00                    
7               0.00                    
8               0.02                    
9               0.00                    
10              0.02                    
11              0.00                    
12              0.00                    
13              0.00                    
14              0.01                    
15              0.00                    
16              0.00                    
2023-07-12 05:05:56,717 - main.py[line:612] - INFO: relative error normalized:
                 avg(a_fnlwgt)  avg(b_hours_per_week)  sum(a_fnlwgt)  \
a_education_num                                                        
1               0.01           0.02                   0.01             
2               0.03           0.02                   0.03             
3               0.02           0.01                   0.02             
4               0.01           0.01                   0.01             
5               0.02           0.01                   0.02             
6               0.01           0.00                   0.01             
7               0.04           0.00                   0.04             
8               0.01           0.02                   0.01             
9               0.00           0.00                   0.00             
10              0.00           0.01                   0.00             
11              0.01           0.00                   0.01             
12              0.02           0.00                   0.02             
13              0.04           0.00                   0.04             
14              0.05           0.01                   0.04             
15              0.03           0.00                   0.03             
16              0.04           0.00                   0.04             

                 sum(b_hours_per_week)  
a_education_num                         
1               0.02                    
2               0.02                    
3               0.01                    
4               0.01                    
5               0.01                    
6               0.00                    
7               0.00                    
8               0.02                    
9               0.00                    
10              0.02                    
11              0.00                    
12              0.00                    
13              0.00                    
14              0.01                    
15              0.00                    
16              0.00                    
2023-07-12 05:05:56,717 - main.py[line:615] - INFO: relative error average: 0.015552391398755921
2023-07-12 05:05:56,717 - main.py[line:616] - INFO: relative error normalized average: 0.015351162089787361
2023-07-12 05:05:56,717 - main.py[line:662] - INFO: total_time:6.843678032979369
