main.py:19: FutureWarning: Passing a negative integer is deprecated in version 1.0 and will not be supported in future version. Instead, use None to not limit the column width.
  pd.set_option('max_colwidth', -1)
2023-07-12 05:07:08,744 - main.py[line:642] - INFO: load query config config/query/census_test.json successfully
2023-07-12 05:07:08,744 - main.py[line:649] - INFO: load train config ./config/train/census_test_a_torch_cvae.json successfully
2023-07-12 05:07:08,744 - main.py[line:649] - INFO: load train config ./config/train/census_test_b_torch_cvae.json successfully
2023-07-12 05:07:08,744 - dataset_utils.py[line:599] - INFO: load existing dataset(light):census-test-adult-a_a_education_num_a_fnlwgt_a_education_num_binary_gaussian5_0
2023-07-12 05:07:08,788 - dataset_utils.py[line:608] - INFO: load dataset(light) time elapsed:0.043882263358682394
2023-07-12 05:07:08,788 - pytorch_cvae.py[line:280] - INFO: feature info:[('a_fnlwgt', 'numerical', 6), ('a_education_num', 'categorical', 5)]
2023-07-12 05:07:08,789 - model_utils.py[line:75] - INFO: load model name:torch_cvae_census-test-adult-a_a_education_num_ld50_id100_bs512_ep100_0_binary_gaussian5
2023-07-12 05:07:11,180 - model_utils.py[line:86] - INFO: load torch model time elapsed:2.390950373839587
2023-07-12 05:07:11,180 - pytorch_cvae.py[line:290] - INFO: load model time elapsed:2.4362707971595228
2023-07-12 05:07:11,180 - dataset_utils.py[line:599] - INFO: load existing dataset(light):census-test-adult-b_b_education_num_b_hours_per_week_b_education_num_binary_gaussian5_0
2023-07-12 05:07:11,208 - dataset_utils.py[line:608] - INFO: load dataset(light) time elapsed:0.027491092681884766
2023-07-12 05:07:11,208 - pytorch_cvae.py[line:280] - INFO: feature info:[('b_hours_per_week', 'numerical', 6), ('b_education_num', 'categorical', 5)]
2023-07-12 05:07:11,208 - model_utils.py[line:75] - INFO: load model name:torch_cvae_census-test-adult-b_b_education_num_ld50_id100_bs512_ep100_0_binary_gaussian5
2023-07-12 05:07:11,210 - model_utils.py[line:86] - INFO: load torch model time elapsed:0.00148403225466609
2023-07-12 05:07:11,210 - pytorch_cvae.py[line:290] - INFO: load model time elapsed:0.02968520298600197
2023-07-12 05:07:11,210 - main.py[line:572] - INFO: multi_sampling No.0 epoch
2023-07-12 05:07:11,215 - main.py[line:572] - INFO: multi_sampling No.1 epoch
2023-07-12 05:07:11,218 - main.py[line:572] - INFO: multi_sampling No.2 epoch
2023-07-12 05:07:11,901 - pytorch_cvae.py[line:407] - INFO: sampling time:0.6859299340285361
2023-07-12 05:07:12,001 - pytorch_cvae.py[line:407] - INFO: sampling time:0.7816741871647537
2023-07-12 05:07:12,009 - pytorch_cvae.py[line:407] - INFO: sampling time:0.7987624262459576
2023-07-12 05:07:12,097 - pytorch_cvae.py[line:407] - INFO: sampling time:0.19487009616568685
2023-07-12 05:07:12,151 - pytorch_cvae.py[line:407] - INFO: sampling time:0.14217950915917754
2023-07-12 05:07:12,205 - pytorch_cvae.py[line:407] - INFO: sampling time:0.20399740617722273
2023-07-12 05:07:15,413 - main.py[line:555] - INFO: sample and aggregation time elapsed:4.202631880063564
2023-07-12 05:07:15,524 - main.py[line:555] - INFO: sample and aggregation time elapsed:4.308397887740284
2023-07-12 05:07:15,656 - main.py[line:555] - INFO: sample and aggregation time elapsed:4.437054156791419
2023-07-12 05:07:15,658 - main.py[line:593] - INFO: sample time: 4.4482151716947556
2023-07-12 05:07:15,671 - main.py[line:104] - INFO: aqp result:
                 avg(a_fnlwgt)  avg(b_hours_per_week)      sum(a_fnlwgt)  \
a_education_num                                                            
1               182028.84      39.36                  9462587404.34        
2               177745.27      39.29                  105659078701.48      
3               182110.95      39.83                  450835388031.19      
4               182934.08      39.75                  1668261794143.67     
5               182961.02      39.20                  984869838965.44      
6               180679.55      39.22                  3221249368106.42     
7               183580.19      39.86                  5524845670158.48     
8               180816.49      39.55                  679299387228.51      
9               177629.80      39.22                  411693837464406.75   
10              180176.12      38.84                  207536876589148.91   
11              179223.89      39.51                  7137316504413.01     
12              178483.77      40.28                  4329416473412.12     
13              180504.72      39.27                  109870674720811.55   
14              184459.67      39.02                  11407345152547.35    
15              181115.07      40.03                  1253688314450.59     
16              180579.97      39.48                  652082783444.99      

                 sum(b_hours_per_week)  
a_education_num                         
1               2046239.78              
2               23354842.65             
3               98592196.73             
4               362482531.42            
5               210986140.09            
6               699180923.42            
7               1199542388.15           
8               148584350.58            
9               90896275623.22          
10              44743068825.39          
11              1573507784.28           
12              976981897.08            
13              23903590544.77          
14              2413247097.16           
15              277085578.63            
16              142557824.96            
2023-07-12 05:07:15,672 - main.py[line:105] - INFO: ground truth:
                 sum(b_hours_per_week)  avg(b_hours_per_week)  \
a_education_num                                                 
1               2082643.20             40.06                    
10              45549279985.55         39.51                    
11              1584781427.69          39.76                    
12              966552746.34           39.82                    
13              24078556514.48         39.53                    
14              2446393121.33          39.53                    
15              274754216.44           39.66                    
16              143994096.38           39.85                    
2               23688203.98            39.85                    
3               99301299.12            40.08                    
4               362354449.21           39.70                    
5               211279237.14           39.22                    
6               699976780.53           39.23                    
7               1197998019.35          39.78                    
8               147510782.09           39.23                    
9               91544134894.67         39.47                    

                     sum(a_fnlwgt)  avg(a_fnlwgt)  
a_education_num                                    
1               9230224059.94      177558.94       
10              205404792384807.09 178188.57       
11              7056779504246.63   177065.92       
12              4299598708023.12   177118.04       
13              107642516109517.23 176708.86       
14              10917581923528.38  176403.89       
15              1227094390856.00   177135.74       
16              633778561363.00    175377.27       
2               103819245989.45    174650.21       
3               438226364458.29    176884.20       
4               1642737882074.27   179997.64       
5               961460560464.34    178476.56       
6               3146896115757.28   176374.01       
7               5236529708342.73   173866.28       
8               666164527647.66    177184.56       
9               410400044228388.38 176936.08       
2023-07-12 05:07:15,683 - main.py[line:611] - INFO: relative error:
                 avg(a_fnlwgt)  avg(b_hours_per_week)  sum(a_fnlwgt)  \
a_education_num                                                        
1               0.03           0.02                   0.03             
2               0.02           0.01                   0.02             
3               0.03           0.01                   0.03             
4               0.02           0.00                   0.02             
5               0.03           0.00                   0.02             
6               0.02           0.00                   0.02             
7               0.06           0.00                   0.06             
8               0.02           0.01                   0.02             
9               0.00           0.01                   0.00             
10              0.01           0.02                   0.01             
11              0.01           0.01                   0.01             
12              0.01           0.01                   0.01             
13              0.02           0.01                   0.02             
14              0.05           0.01                   0.04             
15              0.02           0.01                   0.02             
16              0.03           0.01                   0.03             

                 sum(b_hours_per_week)  
a_education_num                         
1               0.02                    
2               0.01                    
3               0.01                    
4               0.00                    
5               0.00                    
6               0.00                    
7               0.00                    
8               0.01                    
9               0.01                    
10              0.02                    
11              0.01                    
12              0.01                    
13              0.01                    
14              0.01                    
15              0.01                    
16              0.01                    
2023-07-12 05:07:15,685 - main.py[line:612] - INFO: relative error normalized:
                 avg(a_fnlwgt)  avg(b_hours_per_week)  sum(a_fnlwgt)  \
a_education_num                                                        
1               0.02           0.02                   0.02             
2               0.02           0.01                   0.02             
3               0.03           0.01                   0.03             
4               0.02           0.00                   0.02             
5               0.02           0.00                   0.02             
6               0.02           0.00                   0.02             
7               0.05           0.00                   0.05             
8               0.02           0.01                   0.02             
9               0.00           0.01                   0.00             
10              0.01           0.02                   0.01             
11              0.01           0.01                   0.01             
12              0.01           0.01                   0.01             
13              0.02           0.01                   0.02             
14              0.04           0.01                   0.04             
15              0.02           0.01                   0.02             
16              0.03           0.01                   0.03             

                 sum(b_hours_per_week)  
a_education_num                         
1               0.02                    
2               0.01                    
3               0.01                    
4               0.00                    
5               0.00                    
6               0.00                    
7               0.00                    
8               0.01                    
9               0.01                    
10              0.02                    
11              0.01                    
12              0.01                    
13              0.01                    
14              0.01                    
15              0.01                    
16              0.01                    
2023-07-12 05:07:15,685 - main.py[line:615] - INFO: relative error average: 0.01543901130455231
2023-07-12 05:07:15,685 - main.py[line:616] - INFO: relative error normalized average: 0.01524735932507031
2023-07-12 05:07:15,686 - main.py[line:662] - INFO: total_time:6.94217618368566
