main.py:19: FutureWarning: Passing a negative integer is deprecated in version 1.0 and will not be supported in future version. Instead, use None to not limit the column width.
  pd.set_option('max_colwidth', -1)
2022-07-10 09:02:37,662 - main.py[line:581] - INFO: load query config config/query/lineitem_join_parts.json successfully
2022-07-10 09:02:37,662 - main.py[line:588] - INFO: load train config ./config/train/tpch_lineitem_parts_torch_cvae.json successfully
2022-07-10 09:02:37,662 - main.py[line:588] - INFO: load train config ./config/train/tpch_parts_torch_cvae.json successfully
2022-07-10 09:02:37,662 - dataset_utils.py[line:567] - INFO: load existing dataset(light):tpch-2g-lineitem_parts_l_partkey_l_extendedprice#l_quantity_l_partkey_binary_gaussian5_0
2022-07-10 09:02:40,280 - dataset_utils.py[line:576] - INFO: load dataset(light) time elapsed:2.618121139705181
2022-07-10 09:02:40,280 - pytorch_cvae.py[line:276] - INFO: feature info:[('l_extendedprice', 'numerical', 6), ('l_quantity', 'numerical', 6), ('l_partkey', 'categorical', 20)]
2022-07-10 09:02:40,282 - model_utils.py[line:75] - INFO: load model name:torch_cvae_tpch-2g-lineitem_parts_l_partkey_bucket_ld150_id150_bs512_ep150_0_binary_gaussian5
2022-07-10 09:02:42,553 - model_utils.py[line:86] - INFO: load torch model time elapsed:2.2708988711237907
2022-07-10 09:02:42,553 - pytorch_cvae.py[line:286] - INFO: load model time elapsed:4.8907152861356735
2022-07-10 09:02:42,553 - dataset_utils.py[line:567] - INFO: load existing dataset(light):tpch-2g-parts_p_partkey#p_brand_p_retailprice_p_partkey#p_brand_binary_gaussian5_0
2022-07-10 09:02:42,892 - dataset_utils.py[line:576] - INFO: load dataset(light) time elapsed:0.3395371399819851
2022-07-10 09:02:42,892 - pytorch_cvae.py[line:276] - INFO: feature info:[('p_retailprice', 'numerical', 6), ('p_partkey', 'categorical', 20), ('p_brand', 'categorical', 6)]
2022-07-10 09:02:42,893 - model_utils.py[line:75] - INFO: load model name:torch_cvae_tpch-2g-parts_p_partkey_bucket_p_brand_ld100_id150_bs128_ep100_0_binary_gaussian5
2022-07-10 09:02:42,895 - model_utils.py[line:86] - INFO: load torch model time elapsed:0.0017000474035739899
2022-07-10 09:02:42,895 - pytorch_cvae.py[line:286] - INFO: load model time elapsed:0.3423437178134918
2022-07-10 09:02:42,895 - main.py[line:525] - INFO: multi_sampling No.0 epoch
2022-07-10 09:02:43,647 - pytorch_cvae.py[line:399] - INFO: sampling time:0.7518117427825928
2022-07-10 09:02:43,702 - dataset_utils.py[line:548] - INFO: load existing dataset:tpch-2g-parts_p_partkey#p_brand_p_retailprice_p_partkey#p_brand_binary_gaussian5_0
2022-07-10 09:02:44,216 - dataset_utils.py[line:560] - INFO: load dataset time elapsed:0.5138455405831337
2022-07-10 09:02:44,270 - main.py[line:509] - INFO: sample and aggregation time elapsed:1.3750187829136848
2022-07-10 09:02:44,274 - main.py[line:542] - INFO: sample time: 1.3791887648403645
2022-07-10 09:02:44,295 - main.py[line:99] - INFO: aqp result:
          avg(l_quantity)  avg(l_extendedprice)  avg(p_retailprice)  \
p_brand                                                               
Brand#11 24.75            36456.01              1275.62               
Brand#12 24.79            38497.24              1521.26               
Brand#13 25.42            38859.87              1498.62               
Brand#14 24.25            35981.52              1370.77               
Brand#15 25.99            39912.77              1421.96               
Brand#21 24.99            38592.82              1435.34               
Brand#22 29.43            43973.59              1379.09               
Brand#23 28.39            43485.78              1408.06               
Brand#24 23.86            36880.69              1416.46               
Brand#25 23.04            34161.39              1387.29               
Brand#31 30.13            45230.49              1434.43               
Brand#32 24.67            39563.94              1473.14               
Brand#33 23.63            38296.50              1312.95               
Brand#34 22.50            33675.29              1367.12               
Brand#35 21.21            29898.51              1256.67               
Brand#41 26.94            39714.38              1269.29               
Brand#42 23.77            37256.78              1464.93               
Brand#43 31.69            44922.70              1382.55               
Brand#44 29.50            46242.07              1349.61               
Brand#45 28.03            41399.75              1239.67               
Brand#51 34.09            54075.43              1411.48               
Brand#52 28.00            42165.03              1363.82               
Brand#53 24.44            37917.26              1366.18               
Brand#54 21.70            32862.78              1367.07               
Brand#55 21.97            33526.84              1335.59               

          sum(l_quantity)  sum(l_extendedprice)  sum(p_retailprice)  
p_brand                                                              
Brand#11 12868506.12      18952516442.10        663125536.52         
Brand#12 8631327.58       13405586168.27        529819915.54         
Brand#13 8687626.08       13279714257.69        512094250.80         
Brand#14 11864825.72      17604742120.18        670792257.96         
Brand#15 12847406.55      19729415790.00        702784190.03         
Brand#21 7638872.02       11799274725.01        438773453.83         
Brand#22 10425637.77      15576231326.82        488582753.02         
Brand#23 11524516.01      17652116129.91        571540993.80         
Brand#24 17138573.54      26490624650.24        1017479957.48        
Brand#25 10793233.40      16004324387.80        650115739.14         
Brand#31 16821487.13      25253572020.59        801124350.01         
Brand#32 10221642.06      16394452479.43        610411823.67         
Brand#33 16799850.26      27231653171.72        933478649.33         
Brand#34 8756830.34       13107744950.84        532183640.28         
Brand#35 14461348.60      20384548840.87        856742131.27         
Brand#41 13783351.05      20316172092.48        649367916.42         
Brand#42 8873498.45       13906232417.90        546677302.75         
Brand#43 17255532.97      24460980981.96        752758338.14         
Brand#44 13713432.86      21495550308.67        627387391.56         
Brand#45 14834157.22      21910593512.34        655911428.18         
Brand#51 18034268.26      28605415955.52        746643507.75         
Brand#52 15968612.39      24043175585.29        777684363.90         
Brand#53 9799642.79       15202102465.30        547668808.86         
Brand#54 13104831.41      19850923173.27        825742877.70         
Brand#55 5748801.17       8774339912.11         349642074.19         
2022-07-10 09:02:44,298 - main.py[line:100] - INFO: ground truth:
          avg(l_quantity)  sum(l_quantity)  avg(l_extendedprice)  \
p_brand                                                            
Brand#11 25.48            12223593.00      38289.44                
Brand#12 25.52            12363054.00      38262.77                
Brand#13 25.51            12241440.00      38290.03                
Brand#14 25.49            12267818.00      38228.18                
Brand#15 25.51            12268842.00      38268.13                
Brand#21 25.47            12362626.00      38167.74                
Brand#22 25.51            12195911.00      38280.51                
Brand#23 25.52            12174553.00      38336.07                
Brand#24 25.55            12258208.00      38293.47                
Brand#25 25.51            12065573.00      38331.83                
Brand#31 25.47            12220977.00      38206.66                
Brand#32 25.48            12081235.00      38175.75                
Brand#33 25.49            12457409.00      38162.83                
Brand#34 25.51            12219938.00      38206.00                
Brand#35 25.48            12381147.00      38196.71                
Brand#41 25.53            12289698.00      38290.97                
Brand#42 25.53            12238205.00      38351.88                
Brand#43 25.47            12102747.00      38228.96                
Brand#44 25.53            12293137.00      38365.06                
Brand#45 25.50            12152055.00      38108.44                
Brand#51 25.48            12257345.00      38196.22                
Brand#52 25.55            12322724.00      38277.42                
Brand#53 25.48            12286690.00      38196.85                
Brand#54 25.49            12130968.00      38316.39                
Brand#55 25.50            12120437.00      38108.68                

          sum(l_extendedprice)  avg(p_retailprice)  sum(p_retailprice)  
p_brand                                                                 
Brand#11 18368441872.90        1501.69             720401435.71         
Brand#12 18535518755.56        1499.41             726355566.66         
Brand#13 18376726309.13        1500.97             720366068.36         
Brand#14 18398840131.10        1499.73             721806004.84         
Brand#15 18406435321.73        1500.35             721646614.02         
Brand#21 18522346882.54        1498.28             727094953.52         
Brand#22 18304169154.04        1500.83             717633423.62         
Brand#23 18290213295.74        1502.53             716860036.00         
Brand#24 18372822640.48        1498.70             719060180.57         
Brand#25 18132260141.37        1502.62             710788517.08         
Brand#31 18330332449.90        1500.00             719652902.40         
Brand#32 18098433958.49        1498.25             710291905.03         
Brand#33 18652351751.22        1497.23             731783646.09         
Brand#34 18304382313.78        1497.78             717583994.59         
Brand#35 18558636204.82        1499.47             728549776.35         
Brand#41 18432467187.43        1499.85             721995723.09         
Brand#42 18385126352.58        1502.24             720144678.78         
Brand#43 18162351244.85        1500.43             712843766.32         
Brand#44 18474501092.91        1502.82             723675801.79         
Brand#45 18158290301.37        1494.26             712001615.59         
Brand#51 18375400842.32        1499.03             721149461.38         
Brand#52 18458327482.92        1498.07             722408433.01         
Brand#53 18419932575.01        1499.05             722898656.94         
Brand#54 18234923331.26        1503.23             715394348.54         
Brand#55 18115039247.94        1494.91             710607678.93         
2022-07-10 09:02:44,307 - main.py[line:550] - INFO: relative error:
          avg(l_extendedprice)  avg(l_quantity)  avg(p_retailprice)  \
p_brand                                                               
Brand#11 0.05                  0.03             0.15                  
Brand#12 0.01                  0.03             0.01                  
Brand#13 0.01                  0.00             0.00                  
Brand#14 0.06                  0.05             0.09                  
Brand#15 0.04                  0.02             0.05                  
Brand#21 0.01                  0.02             0.04                  
Brand#22 0.15                  0.15             0.08                  
Brand#23 0.13                  0.11             0.06                  
Brand#24 0.04                  0.07             0.05                  
Brand#25 0.11                  0.10             0.08                  
Brand#31 0.18                  0.18             0.04                  
Brand#32 0.04                  0.03             0.02                  
Brand#33 0.00                  0.07             0.12                  
Brand#34 0.12                  0.12             0.09                  
Brand#35 0.22                  0.17             0.16                  
Brand#41 0.04                  0.06             0.15                  
Brand#42 0.03                  0.07             0.02                  
Brand#43 0.18                  0.24             0.08                  
Brand#44 0.21                  0.16             0.10                  
Brand#45 0.09                  0.10             0.17                  
Brand#51 0.42                  0.34             0.06                  
Brand#52 0.10                  0.10             0.09                  
Brand#53 0.01                  0.04             0.09                  
Brand#54 0.14                  0.15             0.09                  
Brand#55 0.12                  0.14             0.11                  

          sum(l_extendedprice)  sum(l_quantity)  sum(p_retailprice)  
p_brand                                                              
Brand#11 0.03                  0.05             0.08                 
Brand#12 0.28                  0.30             0.27                 
Brand#13 0.28                  0.29             0.29                 
Brand#14 0.04                  0.03             0.07                 
Brand#15 0.07                  0.05             0.03                 
Brand#21 0.36                  0.38             0.40                 
Brand#22 0.15                  0.15             0.32                 
Brand#23 0.03                  0.05             0.20                 
Brand#24 0.44                  0.40             0.42                 
Brand#25 0.12                  0.11             0.09                 
Brand#31 0.38                  0.38             0.11                 
Brand#32 0.09                  0.15             0.14                 
Brand#33 0.46                  0.35             0.28                 
Brand#34 0.28                  0.28             0.26                 
Brand#35 0.10                  0.17             0.18                 
Brand#41 0.10                  0.12             0.10                 
Brand#42 0.24                  0.27             0.24                 
Brand#43 0.35                  0.43             0.06                 
Brand#44 0.16                  0.12             0.13                 
Brand#45 0.21                  0.22             0.08                 
Brand#51 0.56                  0.47             0.04                 
Brand#52 0.30                  0.30             0.08                 
Brand#53 0.17                  0.20             0.24                 
Brand#54 0.09                  0.08             0.15                 
Brand#55 0.52                  0.53             0.51                 
2022-07-10 09:02:44,309 - main.py[line:551] - INFO: relative error normalized:
          avg(l_extendedprice)  avg(l_quantity)  avg(p_retailprice)  \
p_brand                                                               
Brand#11 0.05                  0.03             0.14                  
Brand#12 0.01                  0.03             0.01                  
Brand#13 0.01                  0.00             0.00                  
Brand#14 0.06                  0.05             0.08                  
Brand#15 0.04                  0.02             0.05                  
Brand#21 0.01                  0.02             0.04                  
Brand#22 0.14                  0.14             0.08                  
Brand#23 0.13                  0.11             0.06                  
Brand#24 0.04                  0.06             0.05                  
Brand#25 0.10                  0.09             0.07                  
Brand#31 0.17                  0.17             0.04                  
Brand#32 0.04                  0.03             0.02                  
Brand#33 0.00                  0.07             0.12                  
Brand#34 0.11                  0.11             0.08                  
Brand#35 0.20                  0.15             0.15                  
Brand#41 0.04                  0.05             0.14                  
Brand#42 0.03                  0.07             0.02                  
Brand#43 0.16                  0.22             0.08                  
Brand#44 0.19                  0.14             0.10                  
Brand#45 0.08                  0.09             0.16                  
Brand#51 0.34                  0.29             0.06                  
Brand#52 0.10                  0.09             0.09                  
Brand#53 0.01                  0.04             0.08                  
Brand#54 0.13                  0.14             0.09                  
Brand#55 0.11                  0.13             0.10                  

          sum(l_extendedprice)  sum(l_quantity)  sum(p_retailprice)  
p_brand                                                              
Brand#11 0.03                  0.05             0.08                 
Brand#12 0.24                  0.26             0.24                 
Brand#13 0.24                  0.25             0.25                 
Brand#14 0.04                  0.03             0.07                 
Brand#15 0.07                  0.05             0.03                 
Brand#21 0.30                  0.32             0.33                 
Brand#22 0.14                  0.14             0.27                 
Brand#23 0.03                  0.05             0.18                 
Brand#24 0.36                  0.33             0.34                 
Brand#25 0.11                  0.10             0.08                 
Brand#31 0.31                  0.31             0.11                 
Brand#32 0.09                  0.14             0.13                 
Brand#33 0.37                  0.29             0.24                 
Brand#34 0.25                  0.25             0.23                 
Brand#35 0.09                  0.15             0.16                 
Brand#41 0.10                  0.11             0.10                 
Brand#42 0.22                  0.24             0.21                 
Brand#43 0.29                  0.35             0.05                 
Brand#44 0.15                  0.11             0.12                 
Brand#45 0.19                  0.20             0.08                 
Brand#51 0.43                  0.38             0.03                 
Brand#52 0.26                  0.26             0.07                 
Brand#53 0.16                  0.18             0.22                 
Brand#54 0.08                  0.08             0.14                 
Brand#55 0.40                  0.41             0.40                 
2022-07-10 09:02:44,310 - main.py[line:554] - INFO: relative error average: 0.15655561605318713
2022-07-10 09:02:44,310 - main.py[line:555] - INFO: relative error normalized average: 0.13803764442965838
2022-07-10 09:02:44,389 - main.py[line:601] - INFO: total_time:6.727853763848543
categorical_columns: ['l_partkey_0', 'l_partkey_1', 'l_partkey_2', 'l_partkey_3', 'l_partkey_4', 'l_partkey_5', 'l_partkey_6', 'l_partkey_7', 'l_partkey_8', 'l_partkey_9', 'l_partkey_10', 'l_partkey_11', 'l_partkey_12', 'l_partkey_13', 'l_partkey_14', 'l_partkey_15', 'l_partkey_16', 'l_partkey_17', 'l_partkey_18', 'l_partkey_19']
