main.py:19: FutureWarning: Passing a negative integer is deprecated in version 1.0 and will not be supported in future version. Instead, use None to not limit the column width.
  pd.set_option('max_colwidth', -1)
2022-07-13 15:17:16,278 - main.py[line:582] - INFO: load query config config/query/census2.json successfully
2022-07-13 15:17:16,278 - main.py[line:589] - INFO: load train config ./config/train/census2_a_torch_cvae.json successfully
2022-07-13 15:17:16,278 - main.py[line:589] - INFO: load train config ./config/train/census2_b_torch_cvae.json successfully
2022-07-13 15:17:16,278 - dataset_utils.py[line:567] - INFO: load existing dataset(light):census2-adult-a_a_education_num#a_relationship_a_fnlwgt#a_age#a_hours_per_week_a_education_num#a_relationship_binary_gaussian5_0
2022-07-13 15:17:16,383 - dataset_utils.py[line:576] - INFO: load dataset(light) time elapsed:0.1042247824370861
2022-07-13 15:17:16,383 - pytorch_cvae.py[line:276] - INFO: feature info:[('a_fnlwgt', 'numerical', 6), ('a_age', 'numerical', 6), ('a_hours_per_week', 'numerical', 6), ('a_education_num', 'categorical', 5), ('a_relationship', 'categorical', 4)]
2022-07-13 15:17:16,384 - model_utils.py[line:75] - INFO: load model name:torch_cvae_census2-adult-a_a_education_num_a_relationship_ld50_id150_bs512_ep150_0_binary_gaussian5
2022-07-13 15:17:18,427 - model_utils.py[line:86] - INFO: load torch model time elapsed:2.0427458100020885
2022-07-13 15:17:18,427 - pytorch_cvae.py[line:286] - INFO: load model time elapsed:2.1485429368913174
2022-07-13 15:17:18,427 - dataset_utils.py[line:567] - INFO: load existing dataset(light):census2-adult-b_b_education_num__b_education_num_binary_gaussian5_0
2022-07-13 15:17:18,436 - dataset_utils.py[line:576] - INFO: load dataset(light) time elapsed:0.00874556228518486
2022-07-13 15:17:18,436 - pytorch_cvae.py[line:276] - INFO: feature info:[('b_education_num', 'categorical', 5)]
2022-07-13 15:17:18,436 - model_utils.py[line:75] - INFO: load model name:torch_cvae_census2-adult-b_b_education_num_ld50_id100_bs512_ep150_0_binary_gaussian5
2022-07-13 15:17:18,438 - model_utils.py[line:86] - INFO: load torch model time elapsed:0.0013978742063045502
2022-07-13 15:17:18,438 - pytorch_cvae.py[line:286] - INFO: load model time elapsed:0.010884825140237808
2022-07-13 15:17:18,438 - main.py[line:526] - INFO: multi_sampling No.0 epoch
2022-07-13 15:17:18,443 - main.py[line:526] - INFO: multi_sampling No.1 epoch
2022-07-13 15:17:18,444 - main.py[line:526] - INFO: multi_sampling No.2 epoch
2022-07-13 15:17:20,063 - pytorch_cvae.py[line:399] - INFO: sampling time:1.6180660985410213
2022-07-13 15:17:20,624 - pytorch_cvae.py[line:419] - INFO: house sampling rate:0.05
2022-07-13 15:17:23,776 - pytorch_cvae.py[line:399] - INFO: sampling time:3.15123800188303
2022-07-13 15:17:24,145 - pytorch_cvae.py[line:399] - INFO: sampling time:5.706215851008892
2022-07-13 15:17:24,771 - pytorch_cvae.py[line:399] - INFO: sampling time:6.327439166605473
2022-07-13 15:17:25,005 - pytorch_cvae.py[line:419] - INFO: house sampling rate:0.05
2022-07-13 15:17:25,093 - pytorch_cvae.py[line:419] - INFO: house sampling rate:0.05
2022-07-13 15:17:25,206 - pytorch_cvae.py[line:399] - INFO: sampling time:0.20015587657690048
2022-07-13 15:17:25,233 - pytorch_cvae.py[line:399] - INFO: sampling time:0.13894256949424744
2022-07-13 15:17:26,651 - main.py[line:510] - INFO: sample and aggregation time elapsed:8.207173641771078
2022-07-13 15:17:27,930 - main.py[line:510] - INFO: sample and aggregation time elapsed:9.491612263023853
2022-07-13 15:17:28,037 - main.py[line:510] - INFO: sample and aggregation time elapsed:9.594136115163565
2022-07-13 15:17:28,042 - main.py[line:543] - INFO: sample time: 9.604571480304003
2022-07-13 15:17:28,062 - main.py[line:99] - INFO: aqp result:
                 avg(a_age)  avg(a_hours_per_week)  avg(a_fnlwgt)  \
a_relationship                                                      
 Husband        38.81       39.65                  170780.25        
 Not-in-family  38.86       39.74                  169883.11        
 Other-relative 38.52       40.09                  167413.46        
 Own-child      39.18       39.56                  170043.62        
 Unmarried      39.06       39.76                  169036.81        
 Wife           38.79       39.93                  169443.44        

                    sum(a_age)  sum(a_hours_per_week)      sum(a_fnlwgt)  
a_relationship                                                            
 Husband        67577774873.23 68909242838.29         297257004462919.62  
 Not-in-family  41983103640.11 42954421170.14         182177722487283.00  
 Other-relative 5009273026.78  5217811005.09          21644802056784.02   
 Own-child      26185042798.37 26353888959.21         113505899952906.92  
 Unmarried      17634636158.06 17868372037.60         75656956696413.30   
 Wife           8007702380.78  8234324324.83          34957616829147.66   
2022-07-13 15:17:28,064 - main.py[line:100] - INFO: ground truth:
                  sum(a_age)  avg(a_age)  sum(a_hours_per_week)  \
a_relationship                                                    
 Husband         67336778711 38.56       68899110194.66           
 Not-in-family   41827073623 38.59       42810427388.84           
 Other-relative  5037094237  38.68       5141772942.15            
 Own-child       25797235202 38.55       26454626717.27           
 Unmarried       17331498534 38.45       17819579495.68           
 Wife            7997160861  38.65       8207121739.90            

                 avg(a_hours_per_week)      sum(a_fnlwgt)  avg(a_fnlwgt)  
a_relationship                                                            
 Husband        39.45                  310572167983047.88 177825.58       
 Not-in-family  39.50                  191808644855494.41 176987.00       
 Other-relative 39.49                  22869586720519.45  175631.92       
 Own-child      39.53                  118612573522643.98 177245.50       
 Unmarried      39.53                  79477737836955.09  176330.54       
 Wife           39.67                  36446539396432.31  176153.23       
2022-07-13 15:17:28,074 - main.py[line:551] - INFO: relative error:
                 avg(a_age)  avg(a_fnlwgt)  avg(a_hours_per_week)  sum(a_age)  \
a_relationship                                                                  
 Husband        0.01        0.04           0.01                   0.00          
 Not-in-family  0.01        0.04           0.01                   0.00          
 Other-relative 0.00        0.05           0.02                   0.01          
 Own-child      0.02        0.04           0.00                   0.02          
 Unmarried      0.02        0.04           0.01                   0.02          
 Wife           0.00        0.04           0.01                   0.00          

                 sum(a_fnlwgt)  sum(a_hours_per_week)  
a_relationship                                         
 Husband        0.04           0.00                    
 Not-in-family  0.05           0.00                    
 Other-relative 0.05           0.01                    
 Own-child      0.04           0.00                    
 Unmarried      0.05           0.00                    
 Wife           0.04           0.00                    
2022-07-13 15:17:28,075 - main.py[line:552] - INFO: relative error normalized:
                 avg(a_age)  avg(a_fnlwgt)  avg(a_hours_per_week)  sum(a_age)  \
a_relationship                                                                  
 Husband        0.01        0.04           0.01                   0.00          
 Not-in-family  0.01        0.04           0.01                   0.00          
 Other-relative 0.00        0.05           0.02                   0.01          
 Own-child      0.02        0.04           0.00                   0.01          
 Unmarried      0.02        0.04           0.01                   0.02          
 Wife           0.00        0.04           0.01                   0.00          

                 sum(a_fnlwgt)  sum(a_hours_per_week)  
a_relationship                                         
 Husband        0.04           0.00                    
 Not-in-family  0.05           0.00                    
 Other-relative 0.05           0.01                    
 Own-child      0.04           0.00                    
 Unmarried      0.05           0.00                    
 Wife           0.04           0.00                    
2022-07-13 15:17:28,075 - main.py[line:555] - INFO: relative error average: 0.019257720784044988
2022-07-13 15:17:28,075 - main.py[line:556] - INFO: relative error normalized average: 0.01891382812109556
2022-07-13 15:17:28,077 - main.py[line:602] - INFO: total_time:11.799166172742844
categorical_columns: ['a_education_num_0', 'a_education_num_1', 'a_education_num_2', 'a_education_num_3', 'a_education_num_4', 'a_relationship_0', 'a_relationship_1', 'a_relationship_2', 'a_relationship_3']
categorical_columns: ['a_education_num_0', 'a_education_num_1', 'a_education_num_2', 'a_education_num_3', 'a_education_num_4', 'a_relationship_0', 'a_relationship_1', 'a_relationship_2', 'a_relationship_3']
categorical_columns: ['a_education_num_0', 'a_education_num_1', 'a_education_num_2', 'a_education_num_3', 'a_education_num_4', 'a_relationship_0', 'a_relationship_1', 'a_relationship_2', 'a_relationship_3']
categorical_columns: ['b_education_num_0', 'b_education_num_1', 'b_education_num_2', 'b_education_num_3', 'b_education_num_4']
categorical_columns: ['b_education_num_0', 'b_education_num_1', 'b_education_num_2', 'b_education_num_3', 'b_education_num_4']
categorical_columns: ['b_education_num_0', 'b_education_num_1', 'b_education_num_2', 'b_education_num_3', 'b_education_num_4']
