main.py:19: FutureWarning: Passing a negative integer is deprecated in version 1.0 and will not be supported in future version. Instead, use None to not limit the column width.
  pd.set_option('max_colwidth', -1)
2022-07-13 15:18:00,709 - main.py[line:582] - INFO: load query config config/query/census2.json successfully
2022-07-13 15:18:00,709 - main.py[line:589] - INFO: load train config ./config/train/census2_a_torch_cvae.json successfully
2022-07-13 15:18:00,709 - main.py[line:589] - INFO: load train config ./config/train/census2_b_torch_cvae.json successfully
2022-07-13 15:18:00,709 - dataset_utils.py[line:567] - INFO: load existing dataset(light):census2-adult-a_a_education_num#a_relationship_a_fnlwgt#a_age#a_hours_per_week_a_education_num#a_relationship_binary_gaussian5_0
2022-07-13 15:18:00,808 - dataset_utils.py[line:576] - INFO: load dataset(light) time elapsed:0.09863298386335373
2022-07-13 15:18:00,808 - pytorch_cvae.py[line:276] - INFO: feature info:[('a_fnlwgt', 'numerical', 6), ('a_age', 'numerical', 6), ('a_hours_per_week', 'numerical', 6), ('a_education_num', 'categorical', 5), ('a_relationship', 'categorical', 4)]
2022-07-13 15:18:00,809 - model_utils.py[line:75] - INFO: load model name:torch_cvae_census2-adult-a_a_education_num_a_relationship_ld50_id150_bs512_ep150_0_binary_gaussian5
2022-07-13 15:18:02,859 - model_utils.py[line:86] - INFO: load torch model time elapsed:2.0501966513693333
2022-07-13 15:18:02,860 - pytorch_cvae.py[line:286] - INFO: load model time elapsed:2.1504170931875706
2022-07-13 15:18:02,860 - dataset_utils.py[line:567] - INFO: load existing dataset(light):census2-adult-b_b_education_num__b_education_num_binary_gaussian5_0
2022-07-13 15:18:02,869 - dataset_utils.py[line:576] - INFO: load dataset(light) time elapsed:0.00895090401172638
2022-07-13 15:18:02,869 - pytorch_cvae.py[line:276] - INFO: feature info:[('b_education_num', 'categorical', 5)]
2022-07-13 15:18:02,869 - model_utils.py[line:75] - INFO: load model name:torch_cvae_census2-adult-b_b_education_num_ld50_id100_bs512_ep150_0_binary_gaussian5
2022-07-13 15:18:02,871 - model_utils.py[line:86] - INFO: load torch model time elapsed:0.0014070458710193634
2022-07-13 15:18:02,871 - pytorch_cvae.py[line:286] - INFO: load model time elapsed:0.011098623275756836
2022-07-13 15:18:02,871 - main.py[line:526] - INFO: multi_sampling No.0 epoch
2022-07-13 15:18:02,876 - main.py[line:526] - INFO: multi_sampling No.1 epoch
2022-07-13 15:18:02,878 - main.py[line:526] - INFO: multi_sampling No.2 epoch
2022-07-13 15:18:07,069 - pytorch_cvae.py[line:399] - INFO: sampling time:4.197075255215168
2022-07-13 15:18:07,177 - pytorch_cvae.py[line:419] - INFO: house sampling rate:0.05
2022-07-13 15:18:07,215 - pytorch_cvae.py[line:399] - INFO: sampling time:0.03809434548020363
2022-07-13 15:18:07,436 - pytorch_cvae.py[line:399] - INFO: sampling time:4.558629985898733
2022-07-13 15:18:08,124 - pytorch_cvae.py[line:399] - INFO: sampling time:5.2455212995409966
2022-07-13 15:18:08,201 - pytorch_cvae.py[line:419] - INFO: house sampling rate:0.05
2022-07-13 15:18:08,369 - pytorch_cvae.py[line:419] - INFO: house sampling rate:0.05
2022-07-13 15:18:08,412 - pytorch_cvae.py[line:399] - INFO: sampling time:0.20852115750312805
2022-07-13 15:18:08,491 - pytorch_cvae.py[line:399] - INFO: sampling time:0.12223578989505768
2022-07-13 15:18:10,084 - main.py[line:510] - INFO: sample and aggregation time elapsed:7.213374186307192
2022-07-13 15:18:11,641 - main.py[line:510] - INFO: sample and aggregation time elapsed:8.76239475980401
2022-07-13 15:18:11,777 - main.py[line:510] - INFO: sample and aggregation time elapsed:8.89958718046546
2022-07-13 15:18:11,781 - main.py[line:543] - INFO: sample time: 8.910735420882702
2022-07-13 15:18:11,803 - main.py[line:99] - INFO: aqp result:
                 avg(a_age)  avg(a_hours_per_week)  avg(a_fnlwgt)  \
a_relationship                                                      
 Husband        38.16       40.00                  170769.62        
 Not-in-family  38.86       39.79                  168550.44        
 Other-relative 38.76       40.03                  169795.02        
 Own-child      38.94       39.80                  172461.78        
 Unmarried      39.09       39.76                  170534.80        
 Wife           39.01       39.80                  169680.18        

                    sum(a_age)  sum(a_hours_per_week)      sum(a_fnlwgt)  
a_relationship                                                            
 Husband        66196193051.59 69724496810.13         296742974021581.31  
 Not-in-family  42175365251.43 43066093264.74         181254119345873.34  
 Other-relative 5043206960.19  5204088020.32          22070313880095.09   
 Own-child      25990885052.33 26599683561.60         115261952361634.31  
 Unmarried      17630254879.81 17877623083.26         76807477755717.08   
 Wife           8057614152.08  8216717746.84          35036638136544.97   
2022-07-13 15:18:11,806 - main.py[line:100] - INFO: ground truth:
                  sum(a_age)  avg(a_age)  sum(a_hours_per_week)  \
a_relationship                                                    
 Husband         67336778711 38.56       68899110194.66           
 Not-in-family   41827073623 38.59       42810427388.84           
 Other-relative  5037094237  38.68       5141772942.15            
 Own-child       25797235202 38.55       26454626717.27           
 Unmarried       17331498534 38.45       17819579495.68           
 Wife            7997160861  38.65       8207121739.90            

                 avg(a_hours_per_week)      sum(a_fnlwgt)  avg(a_fnlwgt)  
a_relationship                                                            
 Husband        39.45                  310572167983047.88 177825.58       
 Not-in-family  39.50                  191808644855494.41 176987.00       
 Other-relative 39.49                  22869586720519.45  175631.92       
 Own-child      39.53                  118612573522643.98 177245.50       
 Unmarried      39.53                  79477737836955.09  176330.54       
 Wife           39.67                  36446539396432.31  176153.23       
2022-07-13 15:18:11,815 - main.py[line:551] - INFO: relative error:
                 avg(a_age)  avg(a_fnlwgt)  avg(a_hours_per_week)  sum(a_age)  \
a_relationship                                                                  
 Husband        0.01        0.04           0.01                   0.02          
 Not-in-family  0.01        0.05           0.01                   0.01          
 Other-relative 0.00        0.03           0.01                   0.00          
 Own-child      0.01        0.03           0.01                   0.01          
 Unmarried      0.02        0.03           0.01                   0.02          
 Wife           0.01        0.04           0.00                   0.01          

                 sum(a_fnlwgt)  sum(a_hours_per_week)  
a_relationship                                         
 Husband        0.04           0.01                    
 Not-in-family  0.06           0.01                    
 Other-relative 0.03           0.01                    
 Own-child      0.03           0.01                    
 Unmarried      0.03           0.00                    
 Wife           0.04           0.00                    
2022-07-13 15:18:11,817 - main.py[line:552] - INFO: relative error normalized:
                 avg(a_age)  avg(a_fnlwgt)  avg(a_hours_per_week)  sum(a_age)  \
a_relationship                                                                  
 Husband        0.01        0.04           0.01                   0.02          
 Not-in-family  0.01        0.05           0.01                   0.01          
 Other-relative 0.00        0.03           0.01                   0.00          
 Own-child      0.01        0.03           0.01                   0.01          
 Unmarried      0.02        0.03           0.01                   0.02          
 Wife           0.01        0.04           0.00                   0.01          

                 sum(a_fnlwgt)  sum(a_hours_per_week)  
a_relationship                                         
 Husband        0.04           0.01                    
 Not-in-family  0.05           0.01                    
 Other-relative 0.03           0.01                    
 Own-child      0.03           0.01                    
 Unmarried      0.03           0.00                    
 Wife           0.04           0.00                    
2022-07-13 15:18:11,817 - main.py[line:555] - INFO: relative error average: 0.018248835021431833
2022-07-13 15:18:11,817 - main.py[line:556] - INFO: relative error normalized average: 0.017973864554193062
2022-07-13 15:18:11,819 - main.py[line:602] - INFO: total_time:11.110086053609848
categorical_columns: ['a_education_num_0', 'a_education_num_1', 'a_education_num_2', 'a_education_num_3', 'a_education_num_4', 'a_relationship_0', 'a_relationship_1', 'a_relationship_2', 'a_relationship_3']
categorical_columns: ['a_education_num_0', 'a_education_num_1', 'a_education_num_2', 'a_education_num_3', 'a_education_num_4', 'a_relationship_0', 'a_relationship_1', 'a_relationship_2', 'a_relationship_3']
categorical_columns: ['a_education_num_0', 'a_education_num_1', 'a_education_num_2', 'a_education_num_3', 'a_education_num_4', 'a_relationship_0', 'a_relationship_1', 'a_relationship_2', 'a_relationship_3']
categorical_columns: ['b_education_num_0', 'b_education_num_1', 'b_education_num_2', 'b_education_num_3', 'b_education_num_4']
categorical_columns: ['b_education_num_0', 'b_education_num_1', 'b_education_num_2', 'b_education_num_3', 'b_education_num_4']
categorical_columns: ['b_education_num_0', 'b_education_num_1', 'b_education_num_2', 'b_education_num_3', 'b_education_num_4']
