main.py:19: FutureWarning: Passing a negative integer is deprecated in version 1.0 and will not be supported in future version. Instead, use None to not limit the column width.
  pd.set_option('max_colwidth', -1)
2023-05-19 06:12:53,826 - main.py[line:600] - INFO: load query config config/query/census2.json successfully
2023-05-19 06:12:53,826 - main.py[line:607] - INFO: load train config ./config/train/census2_a_torch_cvae.json successfully
2023-05-19 06:12:53,826 - main.py[line:607] - INFO: load train config ./config/train/census2_b_torch_cvae.json successfully
2023-05-19 06:12:53,826 - dataset_utils.py[line:571] - INFO: load existing dataset(light):census2-adult-a_a_education_num#a_relationship_a_fnlwgt#a_age#a_hours_per_week_a_education_num#a_relationship_binary_mm_0
2023-05-19 06:12:53,920 - dataset_utils.py[line:580] - INFO: load dataset(light) time elapsed:0.09375957201700658
2023-05-19 06:12:53,920 - pytorch_cvae.py[line:280] - INFO: feature info:[('a_fnlwgt', 'numerical', 1), ('a_age', 'numerical', 1), ('a_hours_per_week', 'numerical', 1), ('a_education_num', 'categorical', 5), ('a_relationship', 'categorical', 4)]
2023-05-19 06:12:53,922 - model_utils.py[line:75] - INFO: load model name:torch_cvae_census2-adult-a_a_education_num_a_relationship_ld50_id100_bs512_ep150_0_binary_mm
2023-05-19 06:12:55,961 - model_utils.py[line:86] - INFO: load torch model time elapsed:2.038832730962895
2023-05-19 06:12:55,961 - pytorch_cvae.py[line:290] - INFO: load model time elapsed:2.1354125699726865
2023-05-19 06:12:55,961 - dataset_utils.py[line:571] - INFO: load existing dataset(light):census2-adult-b_b_education_num__b_education_num_binary_gaussian5_0
2023-05-19 06:12:55,979 - dataset_utils.py[line:580] - INFO: load dataset(light) time elapsed:0.01743368397001177
2023-05-19 06:12:55,979 - pytorch_cvae.py[line:280] - INFO: feature info:[('b_education_num', 'categorical', 5)]
2023-05-19 06:12:55,980 - model_utils.py[line:75] - INFO: load model name:torch_cvae_census2-adult-b_b_education_num_ld50_id100_bs512_ep150_0_binary_gaussian5
2023-05-19 06:12:55,983 - model_utils.py[line:86] - INFO: load torch model time elapsed:0.0027213540161028504
2023-05-19 06:12:55,983 - pytorch_cvae.py[line:290] - INFO: load model time elapsed:0.02160988503601402
2023-05-19 06:12:55,983 - main.py[line:540] - INFO: multi_sampling No.0 epoch
2023-05-19 06:12:55,983 - pytorch_cvae.py[line:427] - INFO: house sampling rate:0.006
2023-05-19 06:12:55,984 - main.py[line:540] - INFO: multi_sampling No.1 epoch
2023-05-19 06:12:55,989 - pytorch_cvae.py[line:427] - INFO: house sampling rate:0.006
2023-05-19 06:12:55,990 - main.py[line:540] - INFO: multi_sampling No.2 epoch
2023-05-19 06:12:55,991 - pytorch_cvae.py[line:427] - INFO: house sampling rate:0.006
2023-05-19 06:12:56,777 - pytorch_cvae.py[line:407] - INFO: sampling time:0.7935334029607475
2023-05-19 06:12:56,778 - pytorch_cvae.py[line:427] - INFO: house sampling rate:0.5
2023-05-19 06:12:56,855 - pytorch_cvae.py[line:407] - INFO: sampling time:0.8654640710446984
2023-05-19 06:12:56,856 - pytorch_cvae.py[line:427] - INFO: house sampling rate:0.5
2023-05-19 06:12:56,918 - pytorch_cvae.py[line:407] - INFO: sampling time:0.926794764935039
2023-05-19 06:12:56,918 - pytorch_cvae.py[line:427] - INFO: house sampling rate:0.5
2023-05-19 06:12:57,247 - pytorch_cvae.py[line:407] - INFO: sampling time:0.46961210295557976
2023-05-19 06:12:57,253 - pytorch_cvae.py[line:407] - INFO: sampling time:0.33440502802841365
2023-05-19 06:12:57,437 - pytorch_cvae.py[line:407] - INFO: sampling time:0.5812313370406628
2023-05-19 06:13:01,563 - main.py[line:524] - INFO: sample and aggregation time elapsed:5.573321942007169
2023-05-19 06:13:01,648 - main.py[line:524] - INFO: sample and aggregation time elapsed:5.665131338988431
2023-05-19 06:13:01,781 - main.py[line:524] - INFO: sample and aggregation time elapsed:5.790425468003377
2023-05-19 06:13:01,786 - main.py[line:557] - INFO: sample time: 5.803292424068786
2023-05-19 06:13:01,809 - main.py[line:101] - INFO: aqp result:
                 avg(a_age)  avg(a_hours_per_week)  avg(a_fnlwgt)  \
a_relationship                                                      
 Husband        38.45       39.37                  169936.23        
 Not-in-family  38.45       39.03                  166835.67        
 Other-relative 38.19       39.09                  162335.25        
 Own-child      38.18       38.71                  160235.73        
 Unmarried      38.71       39.42                  162017.08        
 Wife           38.70       39.07                  159371.20        

                    sum(a_age)  sum(a_hours_per_week)      sum(a_fnlwgt)  
a_relationship                                                            
 Husband        67155341304.74 68754461043.83         296803324737052.06  
 Not-in-family  41663464291.44 42298427924.83         180839751540122.09  
 Other-relative 4945934842.33  5059267669.61          21035622352046.32   
 Own-child      25550594625.14 25907217831.57         107209782090783.23  
 Unmarried      17447928805.75 17764133586.57         73035256990272.23   
 Wife           8002304374.23  8075030756.10          32956593735316.74   
2023-05-19 06:13:01,811 - main.py[line:102] - INFO: ground truth:
                  sum(a_age)  avg(a_age)  sum(a_hours_per_week)  \
a_relationship                                                    
 Husband         67336778711 38.56       68899110194.66           
 Not-in-family   41827073623 38.59       42810427388.84           
 Other-relative  5037094237  38.68       5141772942.15            
 Own-child       25797235202 38.55       26454626717.27           
 Unmarried       17331498534 38.45       17819579495.68           
 Wife            7997160861  38.65       8207121739.90            

                 avg(a_hours_per_week)      sum(a_fnlwgt)  avg(a_fnlwgt)  
a_relationship                                                            
 Husband        39.45                  310572167983047.88 177825.58       
 Not-in-family  39.50                  191808644855494.41 176987.00       
 Other-relative 39.49                  22869586720519.45  175631.92       
 Own-child      39.53                  118612573522643.98 177245.50       
 Unmarried      39.53                  79477737836955.09  176330.54       
 Wife           39.67                  36446539396432.31  176153.23       
2023-05-19 06:13:01,822 - main.py[line:569] - INFO: relative error:
                 avg(a_age)  avg(a_fnlwgt)  avg(a_hours_per_week)  sum(a_age)  \
a_relationship                                                                  
 Husband        0.00        0.04           0.00                   0.00          
 Not-in-family  0.00        0.06           0.01                   0.00          
 Other-relative 0.01        0.08           0.01                   0.02          
 Own-child      0.01        0.10           0.02                   0.01          
 Unmarried      0.01        0.08           0.00                   0.01          
 Wife           0.00        0.10           0.01                   0.00          

                 sum(a_fnlwgt)  sum(a_hours_per_week)  
a_relationship                                         
 Husband        0.04           0.00                    
 Not-in-family  0.06           0.01                    
 Other-relative 0.08           0.02                    
 Own-child      0.10           0.02                    
 Unmarried      0.08           0.00                    
 Wife           0.10           0.02                    
2023-05-19 06:13:01,823 - main.py[line:570] - INFO: relative error normalized:
                 avg(a_age)  avg(a_fnlwgt)  avg(a_hours_per_week)  sum(a_age)  \
a_relationship                                                                  
 Husband        0.00        0.04           0.00                   0.00          
 Not-in-family  0.00        0.06           0.01                   0.00          
 Other-relative 0.01        0.07           0.01                   0.02          
 Own-child      0.01        0.09           0.02                   0.01          
 Unmarried      0.01        0.08           0.00                   0.01          
 Wife           0.00        0.09           0.01                   0.00          

                 sum(a_fnlwgt)  sum(a_hours_per_week)  
a_relationship                                         
 Husband        0.04           0.00                    
 Not-in-family  0.06           0.01                    
 Other-relative 0.08           0.02                    
 Own-child      0.09           0.02                    
 Unmarried      0.08           0.00                    
 Wife           0.09           0.02                    
2023-05-19 06:13:01,823 - main.py[line:573] - INFO: relative error average: 0.03098872295608344
2023-05-19 06:13:01,823 - main.py[line:574] - INFO: relative error normalized average: 0.029970180148709693
2023-05-19 06:13:01,825 - main.py[line:620] - INFO: total_time:7.999492054106668
