main.py:19: FutureWarning: Passing a negative integer is deprecated in version 1.0 and will not be supported in future version. Instead, use None to not limit the column width.
  pd.set_option('max_colwidth', -1)
2023-05-19 06:14:05,198 - main.py[line:600] - INFO: load query config config/query/census2.json successfully
2023-05-19 06:14:05,198 - main.py[line:607] - INFO: load train config ./config/train/census2_a_torch_cvae.json successfully
2023-05-19 06:14:05,198 - main.py[line:607] - INFO: load train config ./config/train/census2_b_torch_cvae.json successfully
2023-05-19 06:14:05,198 - dataset_utils.py[line:571] - INFO: load existing dataset(light):census2-adult-a_a_education_num#a_relationship_a_fnlwgt#a_age#a_hours_per_week_a_education_num#a_relationship_binary_mm_0
2023-05-19 06:14:05,292 - dataset_utils.py[line:580] - INFO: load dataset(light) time elapsed:0.09430757199879736
2023-05-19 06:14:05,292 - pytorch_cvae.py[line:280] - INFO: feature info:[('a_fnlwgt', 'numerical', 1), ('a_age', 'numerical', 1), ('a_hours_per_week', 'numerical', 1), ('a_education_num', 'categorical', 5), ('a_relationship', 'categorical', 4)]
2023-05-19 06:14:05,294 - model_utils.py[line:75] - INFO: load model name:torch_cvae_census2-adult-a_a_education_num_a_relationship_ld50_id100_bs512_ep150_0_binary_mm
2023-05-19 06:14:07,337 - model_utils.py[line:86] - INFO: load torch model time elapsed:2.0422487600008026
2023-05-19 06:14:07,337 - pytorch_cvae.py[line:290] - INFO: load model time elapsed:2.1389619580004364
2023-05-19 06:14:07,337 - dataset_utils.py[line:571] - INFO: load existing dataset(light):census2-adult-b_b_education_num__b_education_num_binary_gaussian5_0
2023-05-19 06:14:07,346 - dataset_utils.py[line:580] - INFO: load dataset(light) time elapsed:0.009203279973007739
2023-05-19 06:14:07,346 - pytorch_cvae.py[line:280] - INFO: feature info:[('b_education_num', 'categorical', 5)]
2023-05-19 06:14:07,347 - model_utils.py[line:75] - INFO: load model name:torch_cvae_census2-adult-b_b_education_num_ld50_id100_bs512_ep150_0_binary_gaussian5
2023-05-19 06:14:07,348 - model_utils.py[line:86] - INFO: load torch model time elapsed:0.0013745580799877644
2023-05-19 06:14:07,348 - pytorch_cvae.py[line:290] - INFO: load model time elapsed:0.011300030979327857
2023-05-19 06:14:07,348 - main.py[line:540] - INFO: multi_sampling No.0 epoch
2023-05-19 06:14:07,349 - pytorch_cvae.py[line:427] - INFO: house sampling rate:0.01
2023-05-19 06:14:07,349 - main.py[line:540] - INFO: multi_sampling No.1 epoch
2023-05-19 06:14:07,354 - pytorch_cvae.py[line:427] - INFO: house sampling rate:0.01
2023-05-19 06:14:07,355 - main.py[line:540] - INFO: multi_sampling No.2 epoch
2023-05-19 06:14:07,356 - pytorch_cvae.py[line:427] - INFO: house sampling rate:0.01
2023-05-19 06:14:08,172 - pytorch_cvae.py[line:407] - INFO: sampling time:0.8175111910095438
2023-05-19 06:14:08,173 - pytorch_cvae.py[line:427] - INFO: house sampling rate:0.5
2023-05-19 06:14:08,415 - pytorch_cvae.py[line:407] - INFO: sampling time:1.0587898649973795
2023-05-19 06:14:08,415 - pytorch_cvae.py[line:427] - INFO: house sampling rate:0.5
2023-05-19 06:14:08,444 - pytorch_cvae.py[line:407] - INFO: sampling time:1.0951914299512282
2023-05-19 06:14:08,444 - pytorch_cvae.py[line:427] - INFO: house sampling rate:0.5
2023-05-19 06:14:08,648 - pytorch_cvae.py[line:407] - INFO: sampling time:0.47481009003240615
2023-05-19 06:14:08,993 - pytorch_cvae.py[line:407] - INFO: sampling time:0.5482484620297328
2023-05-19 06:14:09,008 - pytorch_cvae.py[line:407] - INFO: sampling time:0.5930237789871171
2023-05-19 06:14:15,149 - main.py[line:524] - INFO: sample and aggregation time elapsed:7.795773984049447
2023-05-19 06:14:15,300 - main.py[line:524] - INFO: sample and aggregation time elapsed:7.951219356968068
2023-05-19 06:14:15,624 - main.py[line:524] - INFO: sample and aggregation time elapsed:8.26831770897843
2023-05-19 06:14:15,629 - main.py[line:557] - INFO: sample time: 8.28085890202783
2023-05-19 06:14:15,651 - main.py[line:101] - INFO: aqp result:
                 avg(a_age)  avg(a_hours_per_week)  avg(a_fnlwgt)  \
a_relationship                                                      
 Husband        38.46       39.37                  169983.67        
 Not-in-family  38.46       39.03                  166859.25        
 Other-relative 38.17       39.08                  161788.44        
 Own-child      38.18       38.71                  160096.16        
 Unmarried      38.70       39.41                  162054.03        
 Wife           38.71       39.07                  159542.47        

                    sum(a_age)  sum(a_hours_per_week)      sum(a_fnlwgt)  
a_relationship                                                            
 Husband        67177987695.83 68759403944.55         296904099795113.56  
 Not-in-family  41676989007.31 42296952320.48         180812490923509.22  
 Other-relative 4967087808.62  5083139442.84          21063567561131.20   
 Own-child      25548808100.28 25901715506.19         107160366643452.80  
 Unmarried      17445842405.62 17763805456.50         73032429175182.17   
 Wife           8008399047.16  8081165674.86          33010833555725.83   
2023-05-19 06:14:15,653 - main.py[line:102] - INFO: ground truth:
                  sum(a_age)  avg(a_age)  sum(a_hours_per_week)  \
a_relationship                                                    
 Husband         67336778711 38.56       68899110194.66           
 Not-in-family   41827073623 38.59       42810427388.84           
 Other-relative  5037094237  38.68       5141772942.15            
 Own-child       25797235202 38.55       26454626717.27           
 Unmarried       17331498534 38.45       17819579495.68           
 Wife            7997160861  38.65       8207121739.90            

                 avg(a_hours_per_week)      sum(a_fnlwgt)  avg(a_fnlwgt)  
a_relationship                                                            
 Husband        39.45                  310572167983047.88 177825.58       
 Not-in-family  39.50                  191808644855494.41 176987.00       
 Other-relative 39.49                  22869586720519.45  175631.92       
 Own-child      39.53                  118612573522643.98 177245.50       
 Unmarried      39.53                  79477737836955.09  176330.54       
 Wife           39.67                  36446539396432.31  176153.23       
2023-05-19 06:14:15,663 - main.py[line:569] - INFO: relative error:
                 avg(a_age)  avg(a_fnlwgt)  avg(a_hours_per_week)  sum(a_age)  \
a_relationship                                                                  
 Husband        0.00        0.04           0.00                   0.00          
 Not-in-family  0.00        0.06           0.01                   0.00          
 Other-relative 0.01        0.08           0.01                   0.01          
 Own-child      0.01        0.10           0.02                   0.01          
 Unmarried      0.01        0.08           0.00                   0.01          
 Wife           0.00        0.09           0.02                   0.00          

                 sum(a_fnlwgt)  sum(a_hours_per_week)  
a_relationship                                         
 Husband        0.04           0.00                    
 Not-in-family  0.06           0.01                    
 Other-relative 0.08           0.01                    
 Own-child      0.10           0.02                    
 Unmarried      0.08           0.00                    
 Wife           0.09           0.02                    
2023-05-19 06:14:15,664 - main.py[line:570] - INFO: relative error normalized:
                 avg(a_age)  avg(a_fnlwgt)  avg(a_hours_per_week)  sum(a_age)  \
a_relationship                                                                  
 Husband        0.00        0.04           0.00                   0.00          
 Not-in-family  0.00        0.06           0.01                   0.00          
 Other-relative 0.01        0.08           0.01                   0.01          
 Own-child      0.01        0.09           0.02                   0.01          
 Unmarried      0.01        0.08           0.00                   0.01          
 Wife           0.00        0.09           0.02                   0.00          

                 sum(a_fnlwgt)  sum(a_hours_per_week)  
a_relationship                                         
 Husband        0.04           0.00                    
 Not-in-family  0.06           0.01                    
 Other-relative 0.08           0.01                    
 Own-child      0.09           0.02                    
 Unmarried      0.08           0.00                    
 Wife           0.09           0.02                    
2023-05-19 06:14:15,664 - main.py[line:573] - INFO: relative error average: 0.030751589525780727
2023-05-19 06:14:15,664 - main.py[line:574] - INFO: relative error normalized average: 0.02973688287926853
2023-05-19 06:14:15,666 - main.py[line:620] - INFO: total_time:10.468956678989343
