main.py:19: FutureWarning: Passing a negative integer is deprecated in version 1.0 and will not be supported in future version. Instead, use None to not limit the column width.
  pd.set_option('max_colwidth', -1)
2023-05-19 06:16:37,858 - main.py[line:600] - INFO: load query config config/query/census2.json successfully
2023-05-19 06:16:37,859 - main.py[line:607] - INFO: load train config ./config/train/census2_a_torch_cvae.json successfully
2023-05-19 06:16:37,859 - main.py[line:607] - INFO: load train config ./config/train/census2_b_torch_cvae.json successfully
2023-05-19 06:16:37,859 - dataset_utils.py[line:571] - INFO: load existing dataset(light):census2-adult-a_a_education_num#a_relationship_a_fnlwgt#a_age#a_hours_per_week_a_education_num#a_relationship_binary_mm_0
2023-05-19 06:16:37,943 - dataset_utils.py[line:580] - INFO: load dataset(light) time elapsed:0.08432300202548504
2023-05-19 06:16:37,943 - pytorch_cvae.py[line:280] - INFO: feature info:[('a_fnlwgt', 'numerical', 1), ('a_age', 'numerical', 1), ('a_hours_per_week', 'numerical', 1), ('a_education_num', 'categorical', 5), ('a_relationship', 'categorical', 4)]
2023-05-19 06:16:37,944 - model_utils.py[line:75] - INFO: load model name:torch_cvae_census2-adult-a_a_education_num_a_relationship_ld50_id100_bs512_ep150_0_binary_mm
2023-05-19 06:16:39,989 - model_utils.py[line:86] - INFO: load torch model time elapsed:2.0444289409788325
2023-05-19 06:16:39,989 - pytorch_cvae.py[line:290] - INFO: load model time elapsed:2.130194374010898
2023-05-19 06:16:39,989 - dataset_utils.py[line:571] - INFO: load existing dataset(light):census2-adult-b_b_education_num__b_education_num_binary_gaussian5_0
2023-05-19 06:16:39,998 - dataset_utils.py[line:580] - INFO: load dataset(light) time elapsed:0.00856441690120846
2023-05-19 06:16:39,998 - pytorch_cvae.py[line:280] - INFO: feature info:[('b_education_num', 'categorical', 5)]
2023-05-19 06:16:39,998 - model_utils.py[line:75] - INFO: load model name:torch_cvae_census2-adult-b_b_education_num_ld50_id100_bs512_ep150_0_binary_gaussian5
2023-05-19 06:16:40,000 - model_utils.py[line:86] - INFO: load torch model time elapsed:0.0014240579912438989
2023-05-19 06:16:40,000 - pytorch_cvae.py[line:290] - INFO: load model time elapsed:0.010700968909077346
2023-05-19 06:16:40,000 - main.py[line:540] - INFO: multi_sampling No.0 epoch
2023-05-19 06:16:40,000 - pytorch_cvae.py[line:427] - INFO: house sampling rate:0.016
2023-05-19 06:16:40,000 - main.py[line:540] - INFO: multi_sampling No.1 epoch
2023-05-19 06:16:40,005 - pytorch_cvae.py[line:427] - INFO: house sampling rate:0.016
2023-05-19 06:16:40,007 - main.py[line:540] - INFO: multi_sampling No.2 epoch
2023-05-19 06:16:40,007 - pytorch_cvae.py[line:427] - INFO: house sampling rate:0.016
2023-05-19 06:16:40,851 - pytorch_cvae.py[line:407] - INFO: sampling time:0.8435784740140662
2023-05-19 06:16:40,852 - pytorch_cvae.py[line:427] - INFO: house sampling rate:0.5
2023-05-19 06:16:40,984 - pytorch_cvae.py[line:407] - INFO: sampling time:0.9837416049558669
2023-05-19 06:16:40,987 - pytorch_cvae.py[line:427] - INFO: house sampling rate:0.5
2023-05-19 06:16:41,102 - pytorch_cvae.py[line:407] - INFO: sampling time:1.0958847480360419
2023-05-19 06:16:41,102 - pytorch_cvae.py[line:427] - INFO: house sampling rate:0.5
2023-05-19 06:16:41,378 - pytorch_cvae.py[line:407] - INFO: sampling time:0.5261671150801703
2023-05-19 06:16:41,430 - pytorch_cvae.py[line:407] - INFO: sampling time:0.32721020991448313
2023-05-19 06:16:41,569 - pytorch_cvae.py[line:407] - INFO: sampling time:0.581908981082961
2023-05-19 06:16:51,740 - main.py[line:524] - INFO: sample and aggregation time elapsed:11.733351881965064
2023-05-19 06:16:52,026 - main.py[line:524] - INFO: sample and aggregation time elapsed:12.026505172951147
2023-05-19 06:16:52,462 - main.py[line:524] - INFO: sample and aggregation time elapsed:12.457016662927344
2023-05-19 06:16:52,467 - main.py[line:557] - INFO: sample time: 12.467521687038243
2023-05-19 06:16:52,487 - main.py[line:101] - INFO: aqp result:
                 avg(a_age)  avg(a_hours_per_week)  avg(a_fnlwgt)  \
a_relationship                                                      
 Husband        38.46       39.37                  169934.64        
 Not-in-family  38.45       39.03                  166865.53        
 Other-relative 38.14       39.07                  162027.66        
 Own-child      38.19       38.71                  160145.61        
 Unmarried      38.70       39.40                  162243.33        
 Wife           38.70       39.06                  159315.67        

                    sum(a_age)  sum(a_hours_per_week)      sum(a_fnlwgt)  
a_relationship                                                            
 Husband        67171441680.95 68761387169.85         296818314491101.38  
 Not-in-family  41665335778.61 42295113922.68         180843717247481.75  
 Other-relative 4966387227.28  5086397926.53          21096156395898.02   
 Own-child      25553392824.94 25901652853.48         107177844091275.64  
 Unmarried      17444529883.69 17758674570.06         73116894613261.91   
 Wife           8006697946.96  8079839671.64          32983162691600.02   
2023-05-19 06:16:52,489 - main.py[line:102] - INFO: ground truth:
                  sum(a_age)  avg(a_age)  sum(a_hours_per_week)  \
a_relationship                                                    
 Husband         67336778711 38.56       68899110194.66           
 Not-in-family   41827073623 38.59       42810427388.84           
 Other-relative  5037094237  38.68       5141772942.15            
 Own-child       25797235202 38.55       26454626717.27           
 Unmarried       17331498534 38.45       17819579495.68           
 Wife            7997160861  38.65       8207121739.90            

                 avg(a_hours_per_week)      sum(a_fnlwgt)  avg(a_fnlwgt)  
a_relationship                                                            
 Husband        39.45                  310572167983047.88 177825.58       
 Not-in-family  39.50                  191808644855494.41 176987.00       
 Other-relative 39.49                  22869586720519.45  175631.92       
 Own-child      39.53                  118612573522643.98 177245.50       
 Unmarried      39.53                  79477737836955.09  176330.54       
 Wife           39.67                  36446539396432.31  176153.23       
2023-05-19 06:16:52,499 - main.py[line:569] - INFO: relative error:
                 avg(a_age)  avg(a_fnlwgt)  avg(a_hours_per_week)  sum(a_age)  \
a_relationship                                                                  
 Husband        0.00        0.04           0.00                   0.00          
 Not-in-family  0.00        0.06           0.01                   0.00          
 Other-relative 0.01        0.08           0.01                   0.01          
 Own-child      0.01        0.10           0.02                   0.01          
 Unmarried      0.01        0.08           0.00                   0.01          
 Wife           0.00        0.10           0.02                   0.00          

                 sum(a_fnlwgt)  sum(a_hours_per_week)  
a_relationship                                         
 Husband        0.04           0.00                    
 Not-in-family  0.06           0.01                    
 Other-relative 0.08           0.01                    
 Own-child      0.10           0.02                    
 Unmarried      0.08           0.00                    
 Wife           0.10           0.02                    
2023-05-19 06:16:52,500 - main.py[line:570] - INFO: relative error normalized:
                 avg(a_age)  avg(a_fnlwgt)  avg(a_hours_per_week)  sum(a_age)  \
a_relationship                                                                  
 Husband        0.00        0.04           0.00                   0.00          
 Not-in-family  0.00        0.06           0.01                   0.00          
 Other-relative 0.01        0.07           0.01                   0.01          
 Own-child      0.01        0.09           0.02                   0.01          
 Unmarried      0.01        0.08           0.00                   0.01          
 Wife           0.00        0.09           0.02                   0.00          

                 sum(a_fnlwgt)  sum(a_hours_per_week)  
a_relationship                                         
 Husband        0.04           0.00                    
 Not-in-family  0.06           0.01                    
 Other-relative 0.07           0.01                    
 Own-child      0.09           0.02                    
 Unmarried      0.08           0.00                    
 Wife           0.09           0.02                    
2023-05-19 06:16:52,500 - main.py[line:573] - INFO: relative error average: 0.03070109240332072
2023-05-19 06:16:52,500 - main.py[line:574] - INFO: relative error normalized average: 0.02969203660558892
2023-05-19 06:16:52,502 - main.py[line:620] - INFO: total_time:14.643927633063868
