main.py:19: FutureWarning: Passing a negative integer is deprecated in version 1.0 and will not be supported in future version. Instead, use None to not limit the column width.
  pd.set_option('max_colwidth', -1)
2023-05-19 06:17:31,605 - main.py[line:600] - INFO: load query config config/query/census2.json successfully
2023-05-19 06:17:31,605 - main.py[line:607] - INFO: load train config ./config/train/census2_a_torch_cvae.json successfully
2023-05-19 06:17:31,605 - main.py[line:607] - INFO: load train config ./config/train/census2_b_torch_cvae.json successfully
2023-05-19 06:17:31,605 - dataset_utils.py[line:571] - INFO: load existing dataset(light):census2-adult-a_a_education_num#a_relationship_a_fnlwgt#a_age#a_hours_per_week_a_education_num#a_relationship_binary_mm_0
2023-05-19 06:17:31,688 - dataset_utils.py[line:580] - INFO: load dataset(light) time elapsed:0.08325436990708113
2023-05-19 06:17:31,689 - pytorch_cvae.py[line:280] - INFO: feature info:[('a_fnlwgt', 'numerical', 1), ('a_age', 'numerical', 1), ('a_hours_per_week', 'numerical', 1), ('a_education_num', 'categorical', 5), ('a_relationship', 'categorical', 4)]
2023-05-19 06:17:31,690 - model_utils.py[line:75] - INFO: load model name:torch_cvae_census2-adult-a_a_education_num_a_relationship_ld50_id100_bs512_ep150_0_binary_mm
2023-05-19 06:17:33,723 - model_utils.py[line:86] - INFO: load torch model time elapsed:2.033329998026602
2023-05-19 06:17:33,723 - pytorch_cvae.py[line:290] - INFO: load model time elapsed:2.1180571790318936
2023-05-19 06:17:33,723 - dataset_utils.py[line:571] - INFO: load existing dataset(light):census2-adult-b_b_education_num__b_education_num_binary_gaussian5_0
2023-05-19 06:17:33,732 - dataset_utils.py[line:580] - INFO: load dataset(light) time elapsed:0.008716862997971475
2023-05-19 06:17:33,732 - pytorch_cvae.py[line:280] - INFO: feature info:[('b_education_num', 'categorical', 5)]
2023-05-19 06:17:33,733 - model_utils.py[line:75] - INFO: load model name:torch_cvae_census2-adult-b_b_education_num_ld50_id100_bs512_ep150_0_binary_gaussian5
2023-05-19 06:17:33,734 - model_utils.py[line:86] - INFO: load torch model time elapsed:0.0013950910652056336
2023-05-19 06:17:33,734 - pytorch_cvae.py[line:290] - INFO: load model time elapsed:0.010864233947359025
2023-05-19 06:17:33,734 - main.py[line:540] - INFO: multi_sampling No.0 epoch
2023-05-19 06:17:33,735 - pytorch_cvae.py[line:427] - INFO: house sampling rate:0.018000000000000002
2023-05-19 06:17:33,735 - main.py[line:540] - INFO: multi_sampling No.1 epoch
2023-05-19 06:17:33,740 - pytorch_cvae.py[line:427] - INFO: house sampling rate:0.018000000000000002
2023-05-19 06:17:33,742 - main.py[line:540] - INFO: multi_sampling No.2 epoch
2023-05-19 06:17:33,742 - pytorch_cvae.py[line:427] - INFO: house sampling rate:0.018000000000000002
2023-05-19 06:17:34,598 - pytorch_cvae.py[line:407] - INFO: sampling time:0.857327037025243
2023-05-19 06:17:34,599 - pytorch_cvae.py[line:427] - INFO: house sampling rate:0.5
2023-05-19 06:17:34,797 - pytorch_cvae.py[line:407] - INFO: sampling time:1.0546159009682015
2023-05-19 06:17:34,797 - pytorch_cvae.py[line:427] - INFO: house sampling rate:0.5
2023-05-19 06:17:34,903 - pytorch_cvae.py[line:407] - INFO: sampling time:1.1680449100676924
2023-05-19 06:17:34,903 - pytorch_cvae.py[line:427] - INFO: house sampling rate:0.5
2023-05-19 06:17:35,293 - pytorch_cvae.py[line:407] - INFO: sampling time:0.6943424050696194
2023-05-19 06:17:35,294 - pytorch_cvae.py[line:407] - INFO: sampling time:0.39070156298112124
2023-05-19 06:17:35,435 - pytorch_cvae.py[line:407] - INFO: sampling time:0.6380510779563338
2023-05-19 06:17:46,694 - main.py[line:524] - INFO: sample and aggregation time elapsed:12.959556556073949
2023-05-19 06:17:47,020 - main.py[line:524] - INFO: sample and aggregation time elapsed:13.280217792955227
2023-05-19 06:17:47,414 - main.py[line:524] - INFO: sample and aggregation time elapsed:13.672092836000957
2023-05-19 06:17:47,419 - main.py[line:557] - INFO: sample time: 13.685027783969417
2023-05-19 06:17:47,440 - main.py[line:101] - INFO: aqp result:
                 avg(a_age)  avg(a_hours_per_week)  avg(a_fnlwgt)  \
a_relationship                                                      
 Husband        38.46       39.37                  169966.69        
 Not-in-family  38.45       39.03                  166878.59        
 Other-relative 38.17       39.09                  162161.64        
 Own-child      38.18       38.71                  160126.78        
 Unmarried      38.71       39.41                  162269.00        
 Wife           38.72       39.05                  159601.08        

                    sum(a_age)  sum(a_hours_per_week)      sum(a_fnlwgt)  
a_relationship                                                            
 Husband        67173122237.56 68762810732.98         296833948615904.44  
 Not-in-family  41674179897.26 42300990891.74         180852115051277.53  
 Other-relative 4968591764.85  5087869963.12          21114415906072.10   
 Own-child      25550490460.87 25906332509.53         107163865708885.00  
 Unmarried      17448608678.26 17764086546.24         73135537345516.81   
 Wife           8009549369.87  8079668939.70          33011206213144.30   
2023-05-19 06:17:47,442 - main.py[line:102] - INFO: ground truth:
                  sum(a_age)  avg(a_age)  sum(a_hours_per_week)  \
a_relationship                                                    
 Husband         67336778711 38.56       68899110194.66           
 Not-in-family   41827073623 38.59       42810427388.84           
 Other-relative  5037094237  38.68       5141772942.15            
 Own-child       25797235202 38.55       26454626717.27           
 Unmarried       17331498534 38.45       17819579495.68           
 Wife            7997160861  38.65       8207121739.90            

                 avg(a_hours_per_week)      sum(a_fnlwgt)  avg(a_fnlwgt)  
a_relationship                                                            
 Husband        39.45                  310572167983047.88 177825.58       
 Not-in-family  39.50                  191808644855494.41 176987.00       
 Other-relative 39.49                  22869586720519.45  175631.92       
 Own-child      39.53                  118612573522643.98 177245.50       
 Unmarried      39.53                  79477737836955.09  176330.54       
 Wife           39.67                  36446539396432.31  176153.23       
2023-05-19 06:17:47,451 - main.py[line:569] - INFO: relative error:
                 avg(a_age)  avg(a_fnlwgt)  avg(a_hours_per_week)  sum(a_age)  \
a_relationship                                                                  
 Husband        0.00        0.04           0.00                   0.00          
 Not-in-family  0.00        0.06           0.01                   0.00          
 Other-relative 0.01        0.08           0.01                   0.01          
 Own-child      0.01        0.10           0.02                   0.01          
 Unmarried      0.01        0.08           0.00                   0.01          
 Wife           0.00        0.09           0.02                   0.00          

                 sum(a_fnlwgt)  sum(a_hours_per_week)  
a_relationship                                         
 Husband        0.04           0.00                    
 Not-in-family  0.06           0.01                    
 Other-relative 0.08           0.01                    
 Own-child      0.10           0.02                    
 Unmarried      0.08           0.00                    
 Wife           0.09           0.02                    
2023-05-19 06:17:47,453 - main.py[line:570] - INFO: relative error normalized:
                 avg(a_age)  avg(a_fnlwgt)  avg(a_hours_per_week)  sum(a_age)  \
a_relationship                                                                  
 Husband        0.00        0.04           0.00                   0.00          
 Not-in-family  0.00        0.06           0.01                   0.00          
 Other-relative 0.01        0.07           0.01                   0.01          
 Own-child      0.01        0.09           0.02                   0.01          
 Unmarried      0.01        0.08           0.00                   0.01          
 Wife           0.00        0.09           0.02                   0.00          

                 sum(a_fnlwgt)  sum(a_hours_per_week)  
a_relationship                                         
 Husband        0.04           0.00                    
 Not-in-family  0.06           0.01                    
 Other-relative 0.07           0.01                    
 Own-child      0.09           0.02                    
 Unmarried      0.08           0.00                    
 Wife           0.09           0.02                    
2023-05-19 06:17:47,453 - main.py[line:573] - INFO: relative error average: 0.030530036718456326
2023-05-19 06:17:47,453 - main.py[line:574] - INFO: relative error normalized average: 0.02953157799546804
2023-05-19 06:17:47,455 - main.py[line:620] - INFO: total_time:15.85021072102245
