main.py:19: FutureWarning: Passing a negative integer is deprecated in version 1.0 and will not be supported in future version. Instead, use None to not limit the column width.
  pd.set_option('max_colwidth', -1)
2022-11-07 05:03:12,834 - main.py[line:594] - INFO: load query config skew_size_var/query_config/tpch_aggvar086.json successfully
2022-11-07 05:03:12,834 - main.py[line:601] - INFO: load train config ./skew_size_var/train_config/tpch_customer_aggvar086.json successfully
2022-11-07 05:03:12,834 - main.py[line:601] - INFO: load train config ./skew_size_var/train_config/tpch_nation.json successfully
2022-11-07 05:03:12,834 - pytorch_cvae.py[line:247] - INFO: epoch:250
2022-11-07 05:03:12,834 - pytorch_cvae.py[line:248] - INFO: batch size:512
2022-11-07 05:03:12,834 - pytorch_cvae.py[line:249] - INFO: latent dimension:400
2022-11-07 05:03:12,834 - pytorch_cvae.py[line:250] - INFO: intermediate dimension:400
2022-11-07 05:03:12,835 - pytorch_cvae.py[line:251] - INFO: gpu num:0
2022-11-07 05:03:12,835 - dataset_utils.py[line:548] - INFO: load existing dataset:tpch20g-customer-aggvar086_c_nationkey_c_acctbal_c_nationkey_binary_gaussian5_0
2022-11-07 05:03:15,717 - dataset_utils.py[line:560] - INFO: load dataset time elapsed:2.882673669606447
2022-11-07 05:03:15,717 - pytorch_cvae.py[line:256] - INFO: feature info:[('c_acctbal', 'numerical', 6), ('c_nationkey', 'categorical', 6)]
2022-11-07 05:04:01,268 - pytorch_cvae.py[line:169] - INFO: ----------------------------No.1 epoch----------------------------
2022-11-07 05:04:01,269 - pytorch_cvae.py[line:176] - INFO: loss:2121.226751200855, numeric_loss:188.9562058816664, categorical_loss:1232.0242461171001, kld_loss:129907.20458126068, epoch_train_time:45.54648131784052
2022-11-07 05:04:46,205 - pytorch_cvae.py[line:169] - INFO: ----------------------------No.2 epoch----------------------------
2022-11-07 05:04:46,205 - pytorch_cvae.py[line:176] - INFO: loss:951.3568896204233, numeric_loss:104.28531432838645, categorical_loss:196.52076895348728, kld_loss:109257.52345371246, epoch_train_time:44.936338655650616
2022-11-07 05:05:31,354 - pytorch_cvae.py[line:169] - INFO: ----------------------------No.3 epoch----------------------------
2022-11-07 05:05:31,354 - pytorch_cvae.py[line:176] - INFO: loss:817.400892931968, numeric_loss:99.41694704513066, categorical_loss:170.36841143132187, kld_loss:83342.75827598572, epoch_train_time:45.1490210108459
2022-11-07 05:06:16,526 - pytorch_cvae.py[line:169] - INFO: ----------------------------No.4 epoch----------------------------
2022-11-07 05:06:16,526 - pytorch_cvae.py[line:176] - INFO: loss:506.0114539284259, numeric_loss:83.87986380956136, categorical_loss:80.61252476193476, kld_loss:47148.00890111923, epoch_train_time:45.17130694631487
2022-11-07 05:07:01,815 - pytorch_cvae.py[line:169] - INFO: ----------------------------No.5 epoch----------------------------
2022-11-07 05:07:01,815 - pytorch_cvae.py[line:176] - INFO: loss:371.6839939802885, numeric_loss:40.12808206793852, categorical_loss:42.78036509951926, kld_loss:36199.2358045578, epoch_train_time:45.28893951047212
2022-11-07 05:07:47,135 - pytorch_cvae.py[line:169] - INFO: ----------------------------No.6 epoch----------------------------
2022-11-07 05:07:47,136 - pytorch_cvae.py[line:176] - INFO: loss:324.155148152262, numeric_loss:36.15689338208176, categorical_loss:27.610969542787643, kld_loss:29667.68293237686, epoch_train_time:45.32055076118559
2022-11-07 05:08:32,511 - pytorch_cvae.py[line:169] - INFO: ----------------------------No.7 epoch----------------------------
2022-11-07 05:08:32,511 - pytorch_cvae.py[line:176] - INFO: loss:302.9757941439748, numeric_loss:33.791434188140556, categorical_loss:20.804495290183695, kld_loss:25747.758489131927, epoch_train_time:45.375734217464924
2022-11-07 05:09:17,843 - pytorch_cvae.py[line:169] - INFO: ----------------------------No.8 epoch----------------------------
2022-11-07 05:09:17,843 - pytorch_cvae.py[line:176] - INFO: loss:314.91829972341657, numeric_loss:35.458193759899586, categorical_loss:19.807218202287913, kld_loss:24513.74496603012, epoch_train_time:45.331453055143356
2022-11-07 05:10:02,944 - pytorch_cvae.py[line:169] - INFO: ----------------------------No.9 epoch----------------------------
2022-11-07 05:10:02,944 - pytorch_cvae.py[line:176] - INFO: loss:327.61505037918687, numeric_loss:38.82719405484386, categorical_loss:19.07729720232237, kld_loss:23213.585543632507, epoch_train_time:45.10108477342874
2022-11-07 05:10:48,277 - pytorch_cvae.py[line:169] - INFO: ----------------------------No.10 epoch----------------------------
2022-11-07 05:10:48,277 - pytorch_cvae.py[line:176] - INFO: loss:341.5119321383536, numeric_loss:43.41775590123143, categorical_loss:18.172094118859604, kld_loss:21985.861166000366, epoch_train_time:45.33294066693634
2022-11-07 05:11:33,648 - pytorch_cvae.py[line:169] - INFO: ----------------------------No.11 epoch----------------------------
2022-11-07 05:11:33,648 - pytorch_cvae.py[line:176] - INFO: loss:361.98291175067425, numeric_loss:49.693939344841056, categorical_loss:18.280936195800678, kld_loss:21094.14184141159, epoch_train_time:45.370539841242135
2022-11-07 05:12:18,807 - pytorch_cvae.py[line:169] - INFO: ----------------------------No.12 epoch----------------------------
2022-11-07 05:12:18,807 - pytorch_cvae.py[line:176] - INFO: loss:385.31162037700415, numeric_loss:57.03297667147126, categorical_loss:18.030263462818766, kld_loss:20353.67478966713, epoch_train_time:45.158673414960504
2022-11-07 05:13:04,079 - pytorch_cvae.py[line:169] - INFO: ----------------------------No.13 epoch----------------------------
2022-11-07 05:13:04,079 - pytorch_cvae.py[line:176] - INFO: loss:412.22520042583346, numeric_loss:64.67061663197819, categorical_loss:19.21834503008722, kld_loss:19715.92117333412, epoch_train_time:45.27159474696964
2022-11-07 05:13:49,216 - pytorch_cvae.py[line:169] - INFO: ----------------------------No.14 epoch----------------------------
2022-11-07 05:13:49,216 - pytorch_cvae.py[line:176] - INFO: loss:440.93295334652066, numeric_loss:70.82494928117376, categorical_loss:20.24534882610169, kld_loss:19248.419587254524, epoch_train_time:45.13676842208952
2022-11-07 05:14:34,217 - pytorch_cvae.py[line:169] - INFO: ----------------------------No.15 epoch----------------------------
2022-11-07 05:14:34,217 - pytorch_cvae.py[line:176] - INFO: loss:469.88844164833426, numeric_loss:76.11334398773033, categorical_loss:21.360772016472765, kld_loss:18791.324859142303, epoch_train_time:45.00111894123256
2022-11-07 05:15:19,582 - pytorch_cvae.py[line:169] - INFO: ----------------------------No.16 epoch----------------------------
2022-11-07 05:15:19,583 - pytorch_cvae.py[line:176] - INFO: loss:502.46988032758236, numeric_loss:81.6123569792835, categorical_loss:23.317671940076252, kld_loss:18415.33028757572, epoch_train_time:45.36552475299686
2022-11-07 05:16:05,064 - pytorch_cvae.py[line:169] - INFO: ----------------------------No.17 epoch----------------------------
2022-11-07 05:16:05,064 - pytorch_cvae.py[line:176] - INFO: loss:536.1359830535948, numeric_loss:86.92179123952519, categorical_loss:25.50277201132485, kld_loss:18037.28344786167, epoch_train_time:45.48103788122535
2022-11-07 05:16:50,425 - pytorch_cvae.py[line:169] - INFO: ----------------------------No.18 epoch----------------------------
2022-11-07 05:16:50,425 - pytorch_cvae.py[line:176] - INFO: loss:571.5387051329017, numeric_loss:93.50553419289645, categorical_loss:27.775687850447866, kld_loss:17631.866975307465, epoch_train_time:45.36077119130641
2022-11-07 05:17:35,600 - pytorch_cvae.py[line:169] - INFO: ----------------------------No.19 epoch----------------------------
2022-11-07 05:17:35,600 - pytorch_cvae.py[line:176] - INFO: loss:608.9937832057476, numeric_loss:100.3698488160735, categorical_loss:30.03306425271512, kld_loss:17257.28446018696, epoch_train_time:45.17531748302281
2022-11-07 05:18:20,758 - pytorch_cvae.py[line:169] - INFO: ----------------------------No.20 epoch----------------------------
2022-11-07 05:18:20,758 - pytorch_cvae.py[line:176] - INFO: loss:648.7875127457082, numeric_loss:107.69951335119549, categorical_loss:32.529289913254615, kld_loss:16902.624668359756, epoch_train_time:45.15732042491436
2022-11-07 05:19:06,483 - pytorch_cvae.py[line:169] - INFO: ----------------------------No.21 epoch----------------------------
2022-11-07 05:19:06,483 - pytorch_cvae.py[line:176] - INFO: loss:689.4695709869266, numeric_loss:115.38437689328566, categorical_loss:34.692809178355674, kld_loss:16540.824301958084, epoch_train_time:45.72535446751863
2022-11-07 05:19:51,558 - pytorch_cvae.py[line:169] - INFO: ----------------------------No.22 epoch----------------------------
2022-11-07 05:19:51,558 - pytorch_cvae.py[line:176] - INFO: loss:732.6183410361409, numeric_loss:123.84569843718782, categorical_loss:37.04530214776241, kld_loss:16192.536506295204, epoch_train_time:45.07461390271783
2022-11-07 05:20:36,375 - pytorch_cvae.py[line:169] - INFO: ----------------------------No.23 epoch----------------------------
2022-11-07 05:20:36,375 - pytorch_cvae.py[line:176] - INFO: loss:777.8970264270902, numeric_loss:132.25547062046826, categorical_loss:40.17243815113761, kld_loss:15853.524176955223, epoch_train_time:44.81706036441028
2022-11-07 05:21:21,233 - pytorch_cvae.py[line:169] - INFO: ----------------------------No.24 epoch----------------------------
2022-11-07 05:21:21,233 - pytorch_cvae.py[line:176] - INFO: loss:824.1018191054463, numeric_loss:140.9702462288551, categorical_loss:42.429241904450464, kld_loss:15525.025177359581, epoch_train_time:44.85760646034032
2022-11-07 05:22:05,944 - pytorch_cvae.py[line:169] - INFO: ----------------------------No.25 epoch----------------------------
2022-11-07 05:22:05,944 - pytorch_cvae.py[line:176] - INFO: loss:875.3181658238173, numeric_loss:151.0785022401251, categorical_loss:46.04725145885459, kld_loss:15223.181321620941, epoch_train_time:44.71075937896967
2022-11-07 05:22:50,614 - pytorch_cvae.py[line:169] - INFO: ----------------------------No.26 epoch----------------------------
2022-11-07 05:22:50,614 - pytorch_cvae.py[line:176] - INFO: loss:927.3786128610373, numeric_loss:161.26679147477262, categorical_loss:49.12963036639849, kld_loss:14923.531364560127, epoch_train_time:44.669636647216976
2022-11-07 05:23:35,179 - pytorch_cvae.py[line:169] - INFO: ----------------------------No.27 epoch----------------------------
2022-11-07 05:23:35,179 - pytorch_cvae.py[line:176] - INFO: loss:981.7215502038598, numeric_loss:172.32337399723474, categorical_loss:52.61628086093697, kld_loss:14621.065919399261, epoch_train_time:44.56491401512176
2022-11-07 05:24:19,604 - pytorch_cvae.py[line:169] - INFO: ----------------------------No.28 epoch----------------------------
2022-11-07 05:24:19,604 - pytorch_cvae.py[line:176] - INFO: loss:1040.5164571925998, numeric_loss:184.3815338036511, categorical_loss:57.47981817055188, kld_loss:14336.625611305237, epoch_train_time:44.42480821534991
2022-11-07 05:25:04,611 - pytorch_cvae.py[line:169] - INFO: ----------------------------No.29 epoch----------------------------
2022-11-07 05:25:04,611 - pytorch_cvae.py[line:176] - INFO: loss:1098.084119439125, numeric_loss:195.42701533576474, categorical_loss:61.69692468755238, kld_loss:14040.311699271202, epoch_train_time:45.007438484579325
2022-11-07 05:25:49,303 - pytorch_cvae.py[line:169] - INFO: ----------------------------No.30 epoch----------------------------
2022-11-07 05:25:49,303 - pytorch_cvae.py[line:176] - INFO: loss:1158.794753164053, numeric_loss:208.46572408860084, categorical_loss:65.55216272435791, kld_loss:13752.542953252792, epoch_train_time:44.69113401416689
2022-11-07 05:26:33,880 - pytorch_cvae.py[line:169] - INFO: ----------------------------No.31 epoch----------------------------
2022-11-07 05:26:33,881 - pytorch_cvae.py[line:176] - INFO: loss:1223.166562743485, numeric_loss:220.69586146378424, categorical_loss:71.02829572932387, kld_loss:13492.347357034683, epoch_train_time:44.57768179755658
2022-11-07 05:27:18,407 - pytorch_cvae.py[line:169] - INFO: ----------------------------No.32 epoch----------------------------
2022-11-07 05:27:18,407 - pytorch_cvae.py[line:176] - INFO: loss:1286.223483555019, numeric_loss:231.64536758966278, categorical_loss:75.92073195026751, kld_loss:13224.483134508133, epoch_train_time:44.52601598203182
2022-11-07 05:28:02,821 - pytorch_cvae.py[line:169] - INFO: ----------------------------No.33 epoch----------------------------
2022-11-07 05:28:02,821 - pytorch_cvae.py[line:176] - INFO: loss:1352.717076651752, numeric_loss:243.42996063444298, categorical_loss:81.28327299632656, kld_loss:12971.601155161858, epoch_train_time:44.413948057219386
2022-11-07 05:28:47,357 - pytorch_cvae.py[line:169] - INFO: ----------------------------No.34 epoch----------------------------
2022-11-07 05:28:47,357 - pytorch_cvae.py[line:176] - INFO: loss:1419.0552815645933, numeric_loss:251.6911825215211, categorical_loss:86.92614624550333, kld_loss:12743.35625064373, epoch_train_time:44.53583424258977
2022-11-07 05:29:31,858 - pytorch_cvae.py[line:169] - INFO: ----------------------------No.35 epoch----------------------------
2022-11-07 05:29:31,858 - pytorch_cvae.py[line:176] - INFO: loss:1487.1573393791914, numeric_loss:261.2890513757011, categorical_loss:91.83130061677366, kld_loss:12514.992781996727, epoch_train_time:44.50071587506682
2022-11-07 05:30:16,360 - pytorch_cvae.py[line:169] - INFO: ----------------------------No.36 epoch----------------------------
2022-11-07 05:30:16,360 - pytorch_cvae.py[line:176] - INFO: loss:1562.8384683728218, numeric_loss:269.0538216063287, categorical_loss:99.59982013903209, kld_loss:12343.224874138832, epoch_train_time:44.50210328307003
2022-11-07 05:31:00,891 - pytorch_cvae.py[line:169] - INFO: ----------------------------No.37 epoch----------------------------
2022-11-07 05:31:00,891 - pytorch_cvae.py[line:176] - INFO: loss:1638.2050429731607, numeric_loss:276.93125267513096, categorical_loss:106.85351639965666, kld_loss:12155.929862856865, epoch_train_time:44.53089769370854
2022-11-07 05:31:45,403 - pytorch_cvae.py[line:169] - INFO: ----------------------------No.38 epoch----------------------------
2022-11-07 05:31:45,403 - pytorch_cvae.py[line:176] - INFO: loss:1717.6790691018105, numeric_loss:282.3369826148264, categorical_loss:116.03368043899536, kld_loss:11998.134546995163, epoch_train_time:44.51142921298742
2022-11-07 05:32:29,971 - pytorch_cvae.py[line:169] - INFO: ----------------------------No.39 epoch----------------------------
2022-11-07 05:32:29,971 - pytorch_cvae.py[line:176] - INFO: loss:1798.9600489139557, numeric_loss:287.23094146547373, categorical_loss:123.58434753070469, kld_loss:11859.29173207283, epoch_train_time:44.56829086970538
2022-11-07 05:33:14,706 - pytorch_cvae.py[line:169] - INFO: ----------------------------No.40 epoch----------------------------
2022-11-07 05:33:14,706 - pytorch_cvae.py[line:176] - INFO: loss:1885.2038410454988, numeric_loss:290.77040124777704, categorical_loss:132.84356966929045, kld_loss:11741.955179452896, epoch_train_time:44.734849142841995
2022-11-07 05:33:59,445 - pytorch_cvae.py[line:169] - INFO: ----------------------------No.41 epoch----------------------------
2022-11-07 05:33:59,445 - pytorch_cvae.py[line:176] - INFO: loss:1972.4783202409744, numeric_loss:294.61492408742197, categorical_loss:142.75335493020248, kld_loss:11608.593848109245, epoch_train_time:44.73860562033951
2022-11-07 05:34:44,392 - pytorch_cvae.py[line:169] - INFO: ----------------------------No.42 epoch----------------------------
2022-11-07 05:34:44,393 - pytorch_cvae.py[line:176] - INFO: loss:2066.3295551240444, numeric_loss:297.57622455526143, categorical_loss:154.71093357060454, kld_loss:11500.441500008106, epoch_train_time:44.947329009883106
2022-11-07 05:35:29,095 - pytorch_cvae.py[line:169] - INFO: ----------------------------No.43 epoch----------------------------
2022-11-07 05:35:29,095 - pytorch_cvae.py[line:176] - INFO: loss:2159.2160800397396, numeric_loss:301.81969193113036, categorical_loss:164.29333284244058, kld_loss:11378.282720685005, epoch_train_time:44.7022780040279
2022-11-07 05:36:13,645 - pytorch_cvae.py[line:169] - INFO: ----------------------------No.44 epoch----------------------------
2022-11-07 05:36:13,646 - pytorch_cvae.py[line:176] - INFO: loss:2255.8929710388184, numeric_loss:305.2147393298801, categorical_loss:177.2072476981557, kld_loss:11252.408602297306, epoch_train_time:44.55034651700407
2022-11-07 05:36:58,933 - pytorch_cvae.py[line:169] - INFO: ----------------------------No.45 epoch----------------------------
2022-11-07 05:36:58,933 - pytorch_cvae.py[line:176] - INFO: loss:2357.3846877366304, numeric_loss:309.05960573325865, categorical_loss:191.19071538402932, kld_loss:11135.944979310036, epoch_train_time:45.2871221723035
2022-11-07 05:37:43,782 - pytorch_cvae.py[line:169] - INFO: ----------------------------No.46 epoch----------------------------
2022-11-07 05:37:43,782 - pytorch_cvae.py[line:176] - INFO: loss:2460.6129167228937, numeric_loss:313.16989361238666, categorical_loss:204.62765005230904, kld_loss:11020.770347058773, epoch_train_time:44.849325282499194
2022-11-07 05:38:28,572 - pytorch_cvae.py[line:169] - INFO: ----------------------------No.47 epoch----------------------------
2022-11-07 05:38:28,572 - pytorch_cvae.py[line:176] - INFO: loss:2567.211454257369, numeric_loss:316.8194257968571, categorical_loss:220.28732958459295, kld_loss:10905.10397964716, epoch_train_time:44.789563082158566
2022-11-07 05:39:13,486 - pytorch_cvae.py[line:169] - INFO: ----------------------------No.48 epoch----------------------------
2022-11-07 05:39:13,486 - pytorch_cvae.py[line:176] - INFO: loss:2678.980719730258, numeric_loss:320.65026133321226, categorical_loss:236.9725065161474, kld_loss:10801.661406040192, epoch_train_time:44.91347907856107
2022-11-07 05:39:58,091 - pytorch_cvae.py[line:169] - INFO: ----------------------------No.49 epoch----------------------------
2022-11-07 05:39:58,091 - pytorch_cvae.py[line:176] - INFO: loss:2788.683359965682, numeric_loss:324.5811852524057, categorical_loss:254.0454634341877, kld_loss:10677.745333909988, epoch_train_time:44.60475472267717
2022-11-07 05:40:42,738 - pytorch_cvae.py[line:169] - INFO: ----------------------------No.50 epoch----------------------------
2022-11-07 05:40:42,739 - pytorch_cvae.py[line:176] - INFO: loss:2902.6224129348993, numeric_loss:328.218412861228, categorical_loss:271.6913082373794, kld_loss:10566.95239019394, epoch_train_time:44.647756640799344
2022-11-07 05:41:27,755 - pytorch_cvae.py[line:169] - INFO: ----------------------------No.51 epoch----------------------------
2022-11-07 05:41:27,755 - pytorch_cvae.py[line:176] - INFO: loss:3021.5670240968466, numeric_loss:331.17376849032007, categorical_loss:291.5150472924579, kld_loss:10466.134673833847, epoch_train_time:45.016133229248226
2022-11-07 05:42:12,505 - pytorch_cvae.py[line:169] - INFO: ----------------------------No.52 epoch----------------------------
2022-11-07 05:42:12,505 - pytorch_cvae.py[line:176] - INFO: loss:3140.084700450301, numeric_loss:334.579921297729, categorical_loss:313.0021693010349, kld_loss:10349.423551023006, epoch_train_time:44.749645058996975
2022-11-07 05:42:57,829 - pytorch_cvae.py[line:169] - INFO: ----------------------------No.53 epoch----------------------------
2022-11-07 05:42:57,829 - pytorch_cvae.py[line:176] - INFO: loss:3261.921046420932, numeric_loss:337.29937066091225, categorical_loss:333.79812899185345, kld_loss:10248.37725687027, epoch_train_time:45.32387948408723
2022-11-07 05:43:42,444 - pytorch_cvae.py[line:169] - INFO: ----------------------------No.54 epoch----------------------------
2022-11-07 05:43:42,445 - pytorch_cvae.py[line:176] - INFO: loss:3381.493094712496, numeric_loss:339.96415425278246, categorical_loss:356.14514750847593, kld_loss:10129.654437482357, epoch_train_time:44.615680881775916
2022-11-07 05:44:27,120 - pytorch_cvae.py[line:169] - INFO: ----------------------------No.55 epoch----------------------------
2022-11-07 05:44:27,120 - pytorch_cvae.py[line:176] - INFO: loss:3506.831828519702, numeric_loss:342.6281701407861, categorical_loss:381.2387270879699, kld_loss:10020.77511447668, epoch_train_time:44.674906538799405
2022-11-07 05:45:12,180 - pytorch_cvae.py[line:169] - INFO: ----------------------------No.56 epoch----------------------------
2022-11-07 05:45:12,180 - pytorch_cvae.py[line:176] - INFO: loss:3634.36459043622, numeric_loss:345.25845548626967, categorical_loss:404.9308701676782, kld_loss:9923.270359396935, epoch_train_time:45.06042595393956
2022-11-07 05:45:56,934 - pytorch_cvae.py[line:169] - INFO: ----------------------------No.57 epoch----------------------------
2022-11-07 05:45:56,934 - pytorch_cvae.py[line:176] - INFO: loss:3758.186288714409, numeric_loss:347.2908072108403, categorical_loss:431.4118796088733, kld_loss:9805.010726928711, epoch_train_time:44.75323522463441
2022-11-07 05:46:41,824 - pytorch_cvae.py[line:169] - INFO: ----------------------------No.58 epoch----------------------------
2022-11-07 05:46:41,824 - pytorch_cvae.py[line:176] - INFO: loss:3886.512925475836, numeric_loss:348.98831708403304, categorical_loss:456.515009730123, kld_loss:9707.520168244839, epoch_train_time:44.890409680083394
2022-11-07 05:47:26,388 - pytorch_cvae.py[line:169] - INFO: ----------------------------No.59 epoch----------------------------
2022-11-07 05:47:26,388 - pytorch_cvae.py[line:176] - INFO: loss:4017.6113668233156, numeric_loss:350.84681817144156, categorical_loss:487.22302940674126, kld_loss:9601.127500712872, epoch_train_time:44.56381221767515
2022-11-07 05:48:11,262 - pytorch_cvae.py[line:169] - INFO: ----------------------------No.60 epoch----------------------------
2022-11-07 05:48:11,262 - pytorch_cvae.py[line:176] - INFO: loss:4148.406748890877, numeric_loss:352.4060544287786, categorical_loss:515.8578031528741, kld_loss:9502.268484830856, epoch_train_time:44.87365288939327
2022-11-07 05:48:56,028 - pytorch_cvae.py[line:169] - INFO: ----------------------------No.61 epoch----------------------------
2022-11-07 05:48:56,028 - pytorch_cvae.py[line:176] - INFO: loss:4278.56371511519, numeric_loss:354.1933972709812, categorical_loss:545.4418865870684, kld_loss:9399.929031521082, epoch_train_time:44.765858004800975
2022-11-07 05:49:40,733 - pytorch_cvae.py[line:169] - INFO: ----------------------------No.62 epoch----------------------------
2022-11-07 05:49:40,733 - pytorch_cvae.py[line:176] - INFO: loss:4412.307487413287, numeric_loss:355.09598202095367, categorical_loss:576.2108502425253, kld_loss:9308.829195559025, epoch_train_time:44.705054060555995
2022-11-07 05:50:25,424 - pytorch_cvae.py[line:169] - INFO: ----------------------------No.63 epoch----------------------------
2022-11-07 05:50:25,424 - pytorch_cvae.py[line:176] - INFO: loss:4547.06513415277, numeric_loss:355.9688102665823, categorical_loss:610.2064745053649, kld_loss:9214.284068077803, epoch_train_time:44.69022009149194
2022-11-07 05:51:09,828 - pytorch_cvae.py[line:169] - INFO: ----------------------------No.64 epoch----------------------------
2022-11-07 05:51:09,829 - pytorch_cvae.py[line:176] - INFO: loss:4678.854745924473, numeric_loss:357.18844834016636, categorical_loss:642.4388005957007, kld_loss:9118.873970329762, epoch_train_time:44.40477182529867
2022-11-07 05:51:54,393 - pytorch_cvae.py[line:169] - INFO: ----------------------------No.65 epoch----------------------------
2022-11-07 05:51:54,393 - pytorch_cvae.py[line:176] - INFO: loss:4815.270543456078, numeric_loss:357.8350889426656, categorical_loss:679.8691789098084, kld_loss:9027.030778586864, epoch_train_time:44.564232371747494
2022-11-07 05:52:39,000 - pytorch_cvae.py[line:169] - INFO: ----------------------------No.66 epoch----------------------------
2022-11-07 05:52:39,000 - pytorch_cvae.py[line:176] - INFO: loss:4947.999436363578, numeric_loss:358.7480619652197, categorical_loss:714.2173316869885, kld_loss:8936.982279747725, epoch_train_time:44.60688370279968
2022-11-07 05:53:23,272 - pytorch_cvae.py[line:169] - INFO: ----------------------------No.67 epoch----------------------------
2022-11-07 05:53:23,272 - pytorch_cvae.py[line:176] - INFO: loss:5079.124815315008, numeric_loss:359.139210827183, categorical_loss:752.8093397766352, kld_loss:8839.215325415134, epoch_train_time:44.27222747635096
2022-11-07 05:54:07,623 - pytorch_cvae.py[line:169] - INFO: ----------------------------No.68 epoch----------------------------
2022-11-07 05:54:07,623 - pytorch_cvae.py[line:176] - INFO: loss:5209.299470722675, numeric_loss:359.6370005970821, categorical_loss:792.9369855262339, kld_loss:8740.95677626133, epoch_train_time:44.35037511680275
2022-11-07 05:54:51,837 - pytorch_cvae.py[line:169] - INFO: ----------------------------No.69 epoch----------------------------
2022-11-07 05:54:51,837 - pytorch_cvae.py[line:176] - INFO: loss:5342.360214114189, numeric_loss:360.17871772125363, categorical_loss:833.0704472474754, kld_loss:8654.138500988483, epoch_train_time:44.21394219715148
2022-11-07 05:55:36,022 - pytorch_cvae.py[line:169] - INFO: ----------------------------No.70 epoch----------------------------
2022-11-07 05:55:36,022 - pytorch_cvae.py[line:176] - INFO: loss:5472.675938695669, numeric_loss:360.50468590902165, categorical_loss:875.4831944722682, kld_loss:8562.784282058477, epoch_train_time:44.18463534768671
2022-11-07 05:56:20,218 - pytorch_cvae.py[line:169] - INFO: ----------------------------No.71 epoch----------------------------
2022-11-07 05:56:20,218 - pytorch_cvae.py[line:176] - INFO: loss:5602.714267551899, numeric_loss:360.9603756295983, categorical_loss:919.3260045927018, kld_loss:8473.64558455348, epoch_train_time:44.19577187485993
2022-11-07 05:57:04,626 - pytorch_cvae.py[line:169] - INFO: ----------------------------No.72 epoch----------------------------
2022-11-07 05:57:04,626 - pytorch_cvae.py[line:176] - INFO: loss:5727.499238938093, numeric_loss:361.12022451264784, categorical_loss:964.234132302925, kld_loss:8379.057451426983, epoch_train_time:44.40821564756334
2022-11-07 05:57:49,130 - pytorch_cvae.py[line:169] - INFO: ----------------------------No.73 epoch----------------------------
2022-11-07 05:57:49,130 - pytorch_cvae.py[line:176] - INFO: loss:5854.724622666836, numeric_loss:361.3906340531539, categorical_loss:1010.8273966126144, kld_loss:8292.288269519806, epoch_train_time:44.503559432923794
2022-11-07 05:58:33,439 - pytorch_cvae.py[line:169] - INFO: ----------------------------No.74 epoch----------------------------
2022-11-07 05:58:33,439 - pytorch_cvae.py[line:176] - INFO: loss:5977.019203424454, numeric_loss:361.81729818019085, categorical_loss:1060.5611243192106, kld_loss:8197.179818242788, epoch_train_time:44.30903964582831
2022-11-07 05:59:17,915 - pytorch_cvae.py[line:169] - INFO: ----------------------------No.75 epoch----------------------------
2022-11-07 05:59:17,915 - pytorch_cvae.py[line:176] - INFO: loss:6092.776749491692, numeric_loss:361.7694098544307, categorical_loss:1108.659434294328, kld_loss:8101.4766182005405, epoch_train_time:44.47534087765962
2022-11-07 06:00:02,295 - pytorch_cvae.py[line:169] - INFO: ----------------------------No.76 epoch----------------------------
2022-11-07 06:00:02,295 - pytorch_cvae.py[line:176] - INFO: loss:6212.408058822155, numeric_loss:362.0749857733026, categorical_loss:1160.0005686320364, kld_loss:8013.655323147774, epoch_train_time:44.37983945105225
2022-11-07 06:00:46,510 - pytorch_cvae.py[line:169] - INFO: ----------------------------No.77 epoch----------------------------
2022-11-07 06:00:46,510 - pytorch_cvae.py[line:176] - INFO: loss:6325.8531930446625, numeric_loss:362.0857051759958, categorical_loss:1211.9639459252357, kld_loss:7922.190652132034, epoch_train_time:44.21567494980991
2022-11-07 06:01:30,813 - pytorch_cvae.py[line:169] - INFO: ----------------------------No.78 epoch----------------------------
2022-11-07 06:01:30,813 - pytorch_cvae.py[line:176] - INFO: loss:6437.737208008766, numeric_loss:362.353420027066, categorical_loss:1267.0254907235503, kld_loss:7830.287716090679, epoch_train_time:44.3021583892405
2022-11-07 06:02:15,348 - pytorch_cvae.py[line:169] - INFO: ----------------------------No.79 epoch----------------------------
2022-11-07 06:02:15,348 - pytorch_cvae.py[line:176] - INFO: loss:6542.45672634244, numeric_loss:362.388490623096, categorical_loss:1317.5888917855918, kld_loss:7742.247182846069, epoch_train_time:44.53543126117438
2022-11-07 06:02:59,820 - pytorch_cvae.py[line:169] - INFO: ----------------------------No.80 epoch----------------------------
2022-11-07 06:02:59,820 - pytorch_cvae.py[line:176] - INFO: loss:6647.381273269653, numeric_loss:362.7361449629534, categorical_loss:1371.960697621107, kld_loss:7655.803935259581, epoch_train_time:44.47145542316139
2022-11-07 06:03:44,317 - pytorch_cvae.py[line:169] - INFO: ----------------------------No.81 epoch----------------------------
2022-11-07 06:03:44,317 - pytorch_cvae.py[line:176] - INFO: loss:6746.567221224308, numeric_loss:362.74802262568846, categorical_loss:1429.290496431291, kld_loss:7564.343890368938, epoch_train_time:44.497040572576225
2022-11-07 06:04:28,531 - pytorch_cvae.py[line:169] - INFO: ----------------------------No.82 epoch----------------------------
2022-11-07 06:04:28,531 - pytorch_cvae.py[line:176] - INFO: loss:6845.813799351454, numeric_loss:362.8304012869485, categorical_loss:1484.3492787592113, kld_loss:7484.305669784546, epoch_train_time:44.213325078599155
2022-11-07 06:05:13,079 - pytorch_cvae.py[line:169] - INFO: ----------------------------No.83 epoch----------------------------
2022-11-07 06:05:13,079 - pytorch_cvae.py[line:176] - INFO: loss:6939.54364413023, numeric_loss:363.0894205069635, categorical_loss:1545.8991669081151, kld_loss:7394.036862075329, epoch_train_time:44.54816976189613
2022-11-07 06:05:57,444 - pytorch_cvae.py[line:169] - INFO: ----------------------------No.84 epoch----------------------------
2022-11-07 06:05:57,444 - pytorch_cvae.py[line:176] - INFO: loss:7027.260594040155, numeric_loss:363.33382769837044, categorical_loss:1602.440639294684, kld_loss:7310.4418025016785, epoch_train_time:44.364747871644795
2022-11-07 06:06:41,715 - pytorch_cvae.py[line:169] - INFO: ----------------------------No.85 epoch----------------------------
2022-11-07 06:06:41,715 - pytorch_cvae.py[line:176] - INFO: loss:7112.100125819445, numeric_loss:363.24351220950484, categorical_loss:1661.0094338357449, kld_loss:7228.260074108839, epoch_train_time:44.27132964786142
2022-11-07 06:07:26,221 - pytorch_cvae.py[line:169] - INFO: ----------------------------No.86 epoch----------------------------
2022-11-07 06:07:26,221 - pytorch_cvae.py[line:176] - INFO: loss:7187.287614554167, numeric_loss:363.57720523001626, categorical_loss:1717.799303136766, kld_loss:7142.3540779948235, epoch_train_time:44.505186897702515
2022-11-07 06:08:10,509 - pytorch_cvae.py[line:169] - INFO: ----------------------------No.87 epoch----------------------------
2022-11-07 06:08:10,509 - pytorch_cvae.py[line:176] - INFO: loss:7253.932205468416, numeric_loss:363.6923452564515, categorical_loss:1772.136583648622, kld_loss:7056.346566855907, epoch_train_time:44.28805241920054
2022-11-07 06:08:54,847 - pytorch_cvae.py[line:169] - INFO: ----------------------------No.88 epoch----------------------------
2022-11-07 06:08:54,847 - pytorch_cvae.py[line:176] - INFO: loss:7325.093143284321, numeric_loss:363.8154881079681, categorical_loss:1830.309909105301, kld_loss:6979.224578231573, epoch_train_time:44.33822990395129
2022-11-07 06:09:39,335 - pytorch_cvae.py[line:169] - INFO: ----------------------------No.89 epoch----------------------------
2022-11-07 06:09:39,335 - pytorch_cvae.py[line:176] - INFO: loss:7390.329158484936, numeric_loss:363.7297629183158, categorical_loss:1888.461248807609, kld_loss:6902.159668177366, epoch_train_time:44.48774355556816
2022-11-07 06:10:23,538 - pytorch_cvae.py[line:169] - INFO: ----------------------------No.90 epoch----------------------------
2022-11-07 06:10:23,538 - pytorch_cvae.py[line:176] - INFO: loss:7447.74859854579, numeric_loss:363.77302777953446, categorical_loss:1944.1416868269444, kld_loss:6825.491279244423, epoch_train_time:44.20261077955365
2022-11-07 06:11:08,074 - pytorch_cvae.py[line:169] - INFO: ----------------------------No.91 epoch----------------------------
2022-11-07 06:11:08,074 - pytorch_cvae.py[line:176] - INFO: loss:7502.077436804771, numeric_loss:364.00290881702676, categorical_loss:1995.3386974334717, kld_loss:6758.01203507185, epoch_train_time:44.53571414202452
2022-11-07 06:11:52,540 - pytorch_cvae.py[line:169] - INFO: ----------------------------No.92 epoch----------------------------
2022-11-07 06:11:52,540 - pytorch_cvae.py[line:176] - INFO: loss:7547.316835463047, numeric_loss:364.03066488634795, categorical_loss:2042.645297974348, kld_loss:6691.388082683086, epoch_train_time:44.46597143448889
2022-11-07 06:12:37,269 - pytorch_cvae.py[line:169] - INFO: ----------------------------No.93 epoch----------------------------
2022-11-07 06:12:37,270 - pytorch_cvae.py[line:176] - INFO: loss:7595.694443434477, numeric_loss:364.103661830537, categorical_loss:2098.6376259103417, kld_loss:6624.830134451389, epoch_train_time:44.72925312630832
2022-11-07 06:13:21,930 - pytorch_cvae.py[line:169] - INFO: ----------------------------No.94 epoch----------------------------
2022-11-07 06:13:21,930 - pytorch_cvae.py[line:176] - INFO: loss:7628.663280844688, numeric_loss:363.9370675771497, categorical_loss:2139.4153249189258, kld_loss:6565.539792984724, epoch_train_time:44.66063324548304
2022-11-07 06:14:06,666 - pytorch_cvae.py[line:169] - INFO: ----------------------------No.95 epoch----------------------------
2022-11-07 06:14:06,667 - pytorch_cvae.py[line:176] - INFO: loss:7660.7415307462215, numeric_loss:364.0667810793966, categorical_loss:2177.6184322088957, kld_loss:6515.04213476181, epoch_train_time:44.73610470909625
2022-11-07 06:14:51,292 - pytorch_cvae.py[line:169] - INFO: ----------------------------No.96 epoch----------------------------
2022-11-07 06:14:51,293 - pytorch_cvae.py[line:176] - INFO: loss:7685.697415143251, numeric_loss:364.2317344821058, categorical_loss:2212.1168491393328, kld_loss:6467.0205943882465, epoch_train_time:44.6258390173316
2022-11-07 06:15:35,833 - pytorch_cvae.py[line:169] - INFO: ----------------------------No.97 epoch----------------------------
2022-11-07 06:15:35,833 - pytorch_cvae.py[line:176] - INFO: loss:7713.446416050196, numeric_loss:364.1819588057697, categorical_loss:2249.482664577663, kld_loss:6425.929578334093, epoch_train_time:44.54054647590965
2022-11-07 06:16:20,493 - pytorch_cvae.py[line:169] - INFO: ----------------------------No.98 epoch----------------------------
2022-11-07 06:16:20,493 - pytorch_cvae.py[line:176] - INFO: loss:7728.156367272139, numeric_loss:363.9740915070288, categorical_loss:2277.8344207704067, kld_loss:6386.609763592482, epoch_train_time:44.6599848465994
2022-11-07 06:17:05,114 - pytorch_cvae.py[line:169] - INFO: ----------------------------No.99 epoch----------------------------
2022-11-07 06:17:05,114 - pytorch_cvae.py[line:176] - INFO: loss:7742.77527102828, numeric_loss:364.2357412544079, categorical_loss:2302.4800265803933, kld_loss:6357.777259916067, epoch_train_time:44.62037394940853
2022-11-07 06:17:49,910 - pytorch_cvae.py[line:169] - INFO: ----------------------------No.100 epoch----------------------------
2022-11-07 06:17:49,910 - pytorch_cvae.py[line:176] - INFO: loss:7749.609212040901, numeric_loss:363.97465628152713, categorical_loss:2319.6361159160733, kld_loss:6335.664894104004, epoch_train_time:44.79599529411644
2022-11-07 06:18:34,527 - pytorch_cvae.py[line:169] - INFO: ----------------------------No.101 epoch----------------------------
2022-11-07 06:18:34,528 - pytorch_cvae.py[line:176] - INFO: loss:7753.167989194393, numeric_loss:364.08690095786005, categorical_loss:2340.0972340106964, kld_loss:6311.229710847139, epoch_train_time:44.61717932764441
2022-11-07 06:19:19,169 - pytorch_cvae.py[line:169] - INFO: ----------------------------No.102 epoch----------------------------
2022-11-07 06:19:19,169 - pytorch_cvae.py[line:176] - INFO: loss:7752.6559926867485, numeric_loss:364.0245902868919, categorical_loss:2352.459269925952, kld_loss:6295.215061455965, epoch_train_time:44.641598135232925
2022-11-07 06:20:03,735 - pytorch_cvae.py[line:169] - INFO: ----------------------------No.103 epoch----------------------------
2022-11-07 06:20:03,735 - pytorch_cvae.py[line:176] - INFO: loss:7751.321056813002, numeric_loss:363.9251941773109, categorical_loss:2357.583440132439, kld_loss:6287.265430241823, epoch_train_time:44.56520466320217
2022-11-07 06:20:48,365 - pytorch_cvae.py[line:169] - INFO: ----------------------------No.104 epoch----------------------------
2022-11-07 06:20:48,365 - pytorch_cvae.py[line:176] - INFO: loss:7749.055166274309, numeric_loss:363.88954399479553, categorical_loss:2360.3027423992753, kld_loss:6281.078500509262, epoch_train_time:44.63004804868251
2022-11-07 06:21:32,659 - pytorch_cvae.py[line:169] - INFO: ----------------------------No.105 epoch----------------------------
2022-11-07 06:21:32,659 - pytorch_cvae.py[line:176] - INFO: loss:7750.041416287422, numeric_loss:363.8204285376705, categorical_loss:2367.1362428590655, kld_loss:6273.855834275484, epoch_train_time:44.29402439203113
2022-11-07 06:22:17,128 - pytorch_cvae.py[line:169] - INFO: ----------------------------No.106 epoch----------------------------
2022-11-07 06:22:17,129 - pytorch_cvae.py[line:176] - INFO: loss:7750.827330052853, numeric_loss:363.9310466237366, categorical_loss:2366.6449666917324, kld_loss:6275.314041078091, epoch_train_time:44.469312531873584
2022-11-07 06:23:01,469 - pytorch_cvae.py[line:169] - INFO: ----------------------------No.107 epoch----------------------------
2022-11-07 06:23:01,469 - pytorch_cvae.py[line:176] - INFO: loss:7753.107946664095, numeric_loss:363.83227141574025, categorical_loss:2370.3295941129327, kld_loss:6273.682501524687, epoch_train_time:44.340230328030884
2022-11-07 06:23:45,843 - pytorch_cvae.py[line:169] - INFO: ----------------------------No.108 epoch----------------------------
2022-11-07 06:23:45,843 - pytorch_cvae.py[line:176] - INFO: loss:7750.305390894413, numeric_loss:363.70871440088376, categorical_loss:2369.2179106622934, kld_loss:6271.723357573152, epoch_train_time:44.37385688535869
2022-11-07 06:24:30,208 - pytorch_cvae.py[line:169] - INFO: ----------------------------No.109 epoch----------------------------
2022-11-07 06:24:30,209 - pytorch_cvae.py[line:176] - INFO: loss:7749.05353346467, numeric_loss:363.7782420348376, categorical_loss:2370.987548723817, kld_loss:6267.859585702419, epoch_train_time:44.36545607354492
2022-11-07 06:25:14,557 - pytorch_cvae.py[line:169] - INFO: ----------------------------No.110 epoch----------------------------
2022-11-07 06:25:14,557 - pytorch_cvae.py[line:176] - INFO: loss:7754.029374748468, numeric_loss:363.7271228446625, categorical_loss:2373.3728993609548, kld_loss:6271.1615889668465, epoch_train_time:44.34866041317582
2022-11-07 06:25:58,953 - pytorch_cvae.py[line:169] - INFO: ----------------------------No.111 epoch----------------------------
2022-11-07 06:25:58,953 - pytorch_cvae.py[line:176] - INFO: loss:7752.497099965811, numeric_loss:363.7528313449584, categorical_loss:2375.132236458361, kld_loss:6267.014941230416, epoch_train_time:44.395205572247505
2022-11-07 06:26:42,999 - pytorch_cvae.py[line:169] - INFO: ----------------------------No.112 epoch----------------------------
2022-11-07 06:26:42,999 - pytorch_cvae.py[line:176] - INFO: loss:7751.232517004013, numeric_loss:363.9484057989903, categorical_loss:2372.34516877681, kld_loss:6268.673581838608, epoch_train_time:44.04607160575688
2022-11-07 06:27:27,083 - pytorch_cvae.py[line:169] - INFO: ----------------------------No.113 epoch----------------------------
2022-11-07 06:27:27,083 - pytorch_cvae.py[line:176] - INFO: loss:7750.717745989561, numeric_loss:363.8866689312272, categorical_loss:2374.790290400386, kld_loss:6265.05088609457, epoch_train_time:44.08393472712487
2022-11-07 06:28:11,344 - pytorch_cvae.py[line:169] - INFO: ----------------------------No.114 epoch----------------------------
2022-11-07 06:28:11,344 - pytorch_cvae.py[line:176] - INFO: loss:7746.399867981672, numeric_loss:364.0301589346491, categorical_loss:2374.527442842722, kld_loss:6259.802724957466, epoch_train_time:44.261032587848604
2022-11-07 06:28:55,620 - pytorch_cvae.py[line:169] - INFO: ----------------------------No.115 epoch----------------------------
2022-11-07 06:28:55,620 - pytorch_cvae.py[line:176] - INFO: loss:7754.5848443210125, numeric_loss:364.0596080380492, categorical_loss:2374.1643173098564, kld_loss:6270.451046675444, epoch_train_time:44.27548101358116
2022-11-07 06:29:40,457 - pytorch_cvae.py[line:169] - INFO: ----------------------------No.116 epoch----------------------------
2022-11-07 06:29:40,457 - pytorch_cvae.py[line:176] - INFO: loss:7754.698234826326, numeric_loss:364.1142282974906, categorical_loss:2382.3323985785246, kld_loss:6260.3144112974405, epoch_train_time:44.837281642481685
2022-11-07 06:30:24,960 - pytorch_cvae.py[line:169] - INFO: ----------------------------No.117 epoch----------------------------
2022-11-07 06:30:24,960 - pytorch_cvae.py[line:176] - INFO: loss:7753.033852040768, numeric_loss:364.00012145750225, categorical_loss:2379.4769073054194, kld_loss:6261.945931240916, epoch_train_time:44.50287142209709
2022-11-07 06:31:09,776 - pytorch_cvae.py[line:169] - INFO: ----------------------------No.118 epoch----------------------------
2022-11-07 06:31:09,776 - pytorch_cvae.py[line:176] - INFO: loss:7760.8538773953915, numeric_loss:364.12832801090553, categorical_loss:2382.5296491384506, kld_loss:6267.744781911373, epoch_train_time:44.81544886995107
2022-11-07 06:31:54,301 - pytorch_cvae.py[line:169] - INFO: ----------------------------No.119 epoch----------------------------
2022-11-07 06:31:54,301 - pytorch_cvae.py[line:176] - INFO: loss:7757.569475531578, numeric_loss:364.14837671630085, categorical_loss:2383.4312432855368, kld_loss:6262.487228363752, epoch_train_time:44.52519782632589
2022-11-07 06:32:38,860 - pytorch_cvae.py[line:169] - INFO: ----------------------------No.120 epoch----------------------------
2022-11-07 06:32:38,860 - pytorch_cvae.py[line:176] - INFO: loss:7757.905472069979, numeric_loss:364.1728158555925, categorical_loss:2380.9534018337727, kld_loss:6265.973972842097, epoch_train_time:44.55875314027071
2022-11-07 06:33:23,649 - pytorch_cvae.py[line:169] - INFO: ----------------------------No.121 epoch----------------------------
2022-11-07 06:33:23,650 - pytorch_cvae.py[line:176] - INFO: loss:7759.688685774803, numeric_loss:364.2061064071022, categorical_loss:2387.512645535171, kld_loss:6259.962318316102, epoch_train_time:44.788977140560746
2022-11-07 06:34:07,978 - pytorch_cvae.py[line:169] - INFO: ----------------------------No.122 epoch----------------------------
2022-11-07 06:34:07,978 - pytorch_cvae.py[line:176] - INFO: loss:7754.684866040945, numeric_loss:364.3100179755129, categorical_loss:2386.2896082922816, kld_loss:6255.106453567743, epoch_train_time:44.328137777745724
2022-11-07 06:34:52,454 - pytorch_cvae.py[line:169] - INFO: ----------------------------No.123 epoch----------------------------
2022-11-07 06:34:52,454 - pytorch_cvae.py[line:176] - INFO: loss:7758.342914223671, numeric_loss:364.1959772640839, categorical_loss:2388.5217800587416, kld_loss:6257.031346172094, epoch_train_time:44.47624152060598
2022-11-07 06:35:36,889 - pytorch_cvae.py[line:169] - INFO: ----------------------------No.124 epoch----------------------------
2022-11-07 06:35:36,889 - pytorch_cvae.py[line:176] - INFO: loss:7759.043918728828, numeric_loss:364.218760301359, categorical_loss:2385.1917952671647, kld_loss:6262.041608884931, epoch_train_time:44.434887611307204
2022-11-07 06:36:21,323 - pytorch_cvae.py[line:169] - INFO: ----------------------------No.125 epoch----------------------------
2022-11-07 06:36:21,323 - pytorch_cvae.py[line:176] - INFO: loss:7762.4200910925865, numeric_loss:364.1214842661284, categorical_loss:2381.839113742113, kld_loss:6270.574260085821, epoch_train_time:44.43354499991983
2022-11-07 06:37:05,958 - pytorch_cvae.py[line:169] - INFO: ----------------------------No.126 epoch----------------------------
2022-11-07 06:37:05,959 - pytorch_cvae.py[line:176] - INFO: loss:7761.240138918161, numeric_loss:364.3363259653561, categorical_loss:2384.4760011956096, kld_loss:6265.534656435251, epoch_train_time:44.635381006635725
2022-11-07 06:37:50,672 - pytorch_cvae.py[line:169] - INFO: ----------------------------No.127 epoch----------------------------
2022-11-07 06:37:50,672 - pytorch_cvae.py[line:176] - INFO: loss:7757.695418953896, numeric_loss:364.3023525518365, categorical_loss:2383.3998527377844, kld_loss:6262.491419285536, epoch_train_time:44.713623653165996
2022-11-07 06:38:35,091 - pytorch_cvae.py[line:169] - INFO: ----------------------------No.128 epoch----------------------------
2022-11-07 06:38:35,091 - pytorch_cvae.py[line:176] - INFO: loss:7764.636350721121, numeric_loss:364.4119834317826, categorical_loss:2389.2474730983377, kld_loss:6263.721012994647, epoch_train_time:44.41872461698949
2022-11-07 06:39:19,519 - pytorch_cvae.py[line:169] - INFO: ----------------------------No.129 epoch----------------------------
2022-11-07 06:39:19,519 - pytorch_cvae.py[line:176] - INFO: loss:7769.4832853376865, numeric_loss:364.40733184246346, categorical_loss:2386.4112424328923, kld_loss:6273.330796614289, epoch_train_time:44.42793047148734
2022-11-07 06:40:04,099 - pytorch_cvae.py[line:169] - INFO: ----------------------------No.130 epoch----------------------------
2022-11-07 06:40:04,099 - pytorch_cvae.py[line:176] - INFO: loss:7771.0670419335365, numeric_loss:364.4980928488076, categorical_loss:2387.265752017498, kld_loss:6274.128904119134, epoch_train_time:44.579280908219516
2022-11-07 06:40:48,678 - pytorch_cvae.py[line:169] - INFO: ----------------------------No.131 epoch----------------------------
2022-11-07 06:40:48,678 - pytorch_cvae.py[line:176] - INFO: loss:7765.941349834204, numeric_loss:364.5229531195946, categorical_loss:2382.0641337037086, kld_loss:6274.1927322894335, epoch_train_time:44.579263515770435
2022-11-07 06:41:33,044 - pytorch_cvae.py[line:169] - INFO: ----------------------------No.132 epoch----------------------------
2022-11-07 06:41:33,044 - pytorch_cvae.py[line:176] - INFO: loss:7770.402886837721, numeric_loss:364.4175047236495, categorical_loss:2387.054029881954, kld_loss:6273.66409252584, epoch_train_time:44.365530093200505
2022-11-07 06:42:17,795 - pytorch_cvae.py[line:169] - INFO: ----------------------------No.133 epoch----------------------------
2022-11-07 06:42:17,795 - pytorch_cvae.py[line:176] - INFO: loss:7767.391242712736, numeric_loss:364.3889856855385, categorical_loss:2388.184813000262, kld_loss:6268.521707460284, epoch_train_time:44.75121195334941
2022-11-07 06:43:02,278 - pytorch_cvae.py[line:169] - INFO: ----------------------------No.134 epoch----------------------------
2022-11-07 06:43:02,278 - pytorch_cvae.py[line:176] - INFO: loss:7775.45372658968, numeric_loss:364.39715041499585, categorical_loss:2392.955253124237, kld_loss:6272.626551359892, epoch_train_time:44.482101783156395
2022-11-07 06:43:46,827 - pytorch_cvae.py[line:169] - INFO: ----------------------------No.135 epoch----------------------------
2022-11-07 06:43:46,827 - pytorch_cvae.py[line:176] - INFO: loss:7768.300779104233, numeric_loss:364.3992118728347, categorical_loss:2384.86436393857, kld_loss:6273.796403706074, epoch_train_time:44.54890617635101
2022-11-07 06:44:31,298 - pytorch_cvae.py[line:169] - INFO: ----------------------------No.136 epoch----------------------------
2022-11-07 06:44:31,299 - pytorch_cvae.py[line:176] - INFO: loss:7772.508575767279, numeric_loss:364.4452640474774, categorical_loss:2386.1667692512274, kld_loss:6277.370576173067, epoch_train_time:44.47157827951014
2022-11-07 06:45:15,748 - pytorch_cvae.py[line:169] - INFO: ----------------------------No.137 epoch----------------------------
2022-11-07 06:45:15,748 - pytorch_cvae.py[line:176] - INFO: loss:7772.453485488892, numeric_loss:364.38387336721644, categorical_loss:2386.0783858299255, kld_loss:6277.488927334547, epoch_train_time:44.44955582823604
2022-11-07 06:46:00,375 - pytorch_cvae.py[line:169] - INFO: ----------------------------No.138 epoch----------------------------
2022-11-07 06:46:00,375 - pytorch_cvae.py[line:176] - INFO: loss:7776.380741298199, numeric_loss:364.52751534665003, categorical_loss:2387.1514820307493, kld_loss:6280.87708003819, epoch_train_time:44.62632530275732
2022-11-07 06:46:44,794 - pytorch_cvae.py[line:169] - INFO: ----------------------------No.139 epoch----------------------------
2022-11-07 06:46:44,794 - pytorch_cvae.py[line:176] - INFO: loss:7773.4324015676975, numeric_loss:364.42107050167397, categorical_loss:2387.9951819702983, kld_loss:6276.270093746483, epoch_train_time:44.419395667500794
2022-11-07 06:47:29,216 - pytorch_cvae.py[line:169] - INFO: ----------------------------No.140 epoch----------------------------
2022-11-07 06:47:29,216 - pytorch_cvae.py[line:176] - INFO: loss:7778.9793674349785, numeric_loss:364.4811949022114, categorical_loss:2388.1553861647844, kld_loss:6282.928375393152, epoch_train_time:44.42156081460416
2022-11-07 06:48:13,721 - pytorch_cvae.py[line:169] - INFO: ----------------------------No.141 epoch----------------------------
2022-11-07 06:48:13,722 - pytorch_cvae.py[line:176] - INFO: loss:7779.779584467411, numeric_loss:364.5427197292447, categorical_loss:2384.189699217677, kld_loss:6288.808853983879, epoch_train_time:44.505252331495285
2022-11-07 06:48:58,287 - pytorch_cvae.py[line:169] - INFO: ----------------------------No.142 epoch----------------------------
2022-11-07 06:48:58,287 - pytorch_cvae.py[line:176] - INFO: loss:7774.470945566893, numeric_loss:364.54632957233116, categorical_loss:2385.9490182623267, kld_loss:6279.969397217035, epoch_train_time:44.56528053339571
2022-11-07 06:49:43,062 - pytorch_cvae.py[line:169] - INFO: ----------------------------No.143 epoch----------------------------
2022-11-07 06:49:43,062 - pytorch_cvae.py[line:176] - INFO: loss:7777.227358281612, numeric_loss:364.43414440285414, categorical_loss:2385.2813929766417, kld_loss:6284.389675699174, epoch_train_time:44.775160572491586
2022-11-07 06:50:27,764 - pytorch_cvae.py[line:169] - INFO: ----------------------------No.144 epoch----------------------------
2022-11-07 06:50:27,764 - pytorch_cvae.py[line:176] - INFO: loss:7776.87172716856, numeric_loss:364.54281242145225, categorical_loss:2380.738267183304, kld_loss:6289.488210350275, epoch_train_time:44.701145564205945
2022-11-07 06:51:12,121 - pytorch_cvae.py[line:169] - INFO: ----------------------------No.145 epoch----------------------------
2022-11-07 06:51:12,121 - pytorch_cvae.py[line:176] - INFO: loss:7781.1289875507355, numeric_loss:364.533760198392, categorical_loss:2379.5436365902424, kld_loss:6296.314383246005, epoch_train_time:44.357148522511125
2022-11-07 06:51:56,631 - pytorch_cvae.py[line:169] - INFO: ----------------------------No.146 epoch----------------------------
2022-11-07 06:51:56,631 - pytorch_cvae.py[line:176] - INFO: loss:7782.477515459061, numeric_loss:364.68808008916676, categorical_loss:2380.5870246961713, kld_loss:6296.502916507423, epoch_train_time:44.51034315954894
2022-11-07 06:52:41,105 - pytorch_cvae.py[line:169] - INFO: ----------------------------No.147 epoch----------------------------
2022-11-07 06:52:41,105 - pytorch_cvae.py[line:176] - INFO: loss:7778.991679877043, numeric_loss:364.64614909049124, categorical_loss:2382.9380437135696, kld_loss:6289.259260430932, epoch_train_time:44.47313215676695
2022-11-07 06:53:25,483 - pytorch_cvae.py[line:169] - INFO: ----------------------------No.148 epoch----------------------------
2022-11-07 06:53:25,483 - pytorch_cvae.py[line:176] - INFO: loss:7780.4027353823185, numeric_loss:364.6709456942044, categorical_loss:2379.2690966054797, kld_loss:6295.578260794282, epoch_train_time:44.377915180288255
2022-11-07 06:54:10,299 - pytorch_cvae.py[line:169] - INFO: ----------------------------No.149 epoch----------------------------
2022-11-07 06:54:10,300 - pytorch_cvae.py[line:176] - INFO: loss:7778.661923974752, numeric_loss:364.8299850872718, categorical_loss:2376.479957282543, kld_loss:6296.68987493217, epoch_train_time:44.81656222511083
2022-11-07 06:54:55,070 - pytorch_cvae.py[line:169] - INFO: ----------------------------No.150 epoch----------------------------
2022-11-07 06:54:55,070 - pytorch_cvae.py[line:176] - INFO: loss:7786.765742182732, numeric_loss:364.681629399769, categorical_loss:2383.0763561576605, kld_loss:6298.759598650038, epoch_train_time:44.770624867640436
2022-11-07 06:55:39,269 - pytorch_cvae.py[line:169] - INFO: ----------------------------No.151 epoch----------------------------
2022-11-07 06:55:39,269 - pytorch_cvae.py[line:176] - INFO: loss:7783.670689463615, numeric_loss:364.7319956794381, categorical_loss:2380.60388879478, kld_loss:6297.918405205011, epoch_train_time:44.19876169785857
2022-11-07 06:56:23,185 - pytorch_cvae.py[line:169] - INFO: ----------------------------No.152 epoch----------------------------
2022-11-07 06:56:23,185 - pytorch_cvae.py[line:176] - INFO: loss:7785.479281365871, numeric_loss:364.6604383904487, categorical_loss:2378.9632736369967, kld_loss:6302.3193591833115, epoch_train_time:43.91519367415458
2022-11-07 06:57:07,609 - pytorch_cvae.py[line:169] - INFO: ----------------------------No.153 epoch----------------------------
2022-11-07 06:57:07,609 - pytorch_cvae.py[line:176] - INFO: loss:7783.007918730378, numeric_loss:364.7210569465533, categorical_loss:2375.6264679953456, kld_loss:6303.325396411121, epoch_train_time:44.4240794563666
2022-11-07 06:57:51,991 - pytorch_cvae.py[line:169] - INFO: ----------------------------No.154 epoch----------------------------
2022-11-07 06:57:51,991 - pytorch_cvae.py[line:176] - INFO: loss:7786.010721892118, numeric_loss:364.7643412044272, categorical_loss:2374.728280469775, kld_loss:6308.14752074331, epoch_train_time:44.381516189314425
2022-11-07 06:58:36,519 - pytorch_cvae.py[line:169] - INFO: ----------------------------No.155 epoch----------------------------
2022-11-07 06:58:36,519 - pytorch_cvae.py[line:176] - INFO: loss:7786.899657189846, numeric_loss:364.82114863349125, categorical_loss:2376.7064113020897, kld_loss:6306.71501608938, epoch_train_time:44.52830742765218
2022-11-07 06:59:20,906 - pytorch_cvae.py[line:169] - INFO: ----------------------------No.156 epoch----------------------------
2022-11-07 06:59:20,907 - pytorch_cvae.py[line:176] - INFO: loss:7787.744111269712, numeric_loss:364.8062622109428, categorical_loss:2376.2634831368923, kld_loss:6308.342853315175, epoch_train_time:44.38725721556693
2022-11-07 07:00:05,518 - pytorch_cvae.py[line:169] - INFO: ----------------------------No.157 epoch----------------------------
2022-11-07 07:00:05,518 - pytorch_cvae.py[line:176] - INFO: loss:7790.975339740515, numeric_loss:364.922984697856, categorical_loss:2377.866140022874, kld_loss:6310.232673205435, epoch_train_time:44.611706159077585
2022-11-07 07:00:49,899 - pytorch_cvae.py[line:169] - INFO: ----------------------------No.158 epoch----------------------------
2022-11-07 07:00:49,899 - pytorch_cvae.py[line:176] - INFO: loss:7785.840993106365, numeric_loss:364.8028227216564, categorical_loss:2366.163841754198, kld_loss:6318.5928157866, epoch_train_time:44.38011944387108
2022-11-07 07:01:34,461 - pytorch_cvae.py[line:169] - INFO: ----------------------------No.159 epoch----------------------------
2022-11-07 07:01:34,462 - pytorch_cvae.py[line:176] - INFO: loss:7788.807427853346, numeric_loss:364.9641740117222, categorical_loss:2372.5784017816186, kld_loss:6314.08096768707, epoch_train_time:44.562725791707635
2022-11-07 07:02:18,951 - pytorch_cvae.py[line:169] - INFO: ----------------------------No.160 epoch----------------------------
2022-11-07 07:02:18,951 - pytorch_cvae.py[line:176] - INFO: loss:7788.947872191668, numeric_loss:364.96589345345274, categorical_loss:2373.580847211182, kld_loss:6313.001309029758, epoch_train_time:44.489106150344014
2022-11-07 07:03:03,051 - pytorch_cvae.py[line:169] - INFO: ----------------------------No.161 epoch----------------------------
2022-11-07 07:03:03,051 - pytorch_cvae.py[line:176] - INFO: loss:7789.424483016133, numeric_loss:365.0562878679484, categorical_loss:2365.8543212264776, kld_loss:6323.142240583897, epoch_train_time:44.100039144046605
2022-11-07 07:03:47,311 - pytorch_cvae.py[line:169] - INFO: ----------------------------No.162 epoch----------------------------
2022-11-07 07:03:47,311 - pytorch_cvae.py[line:176] - INFO: loss:7792.330918997526, numeric_loss:365.20168929733336, categorical_loss:2373.2933578565717, kld_loss:6317.294738255441, epoch_train_time:44.25967555679381
2022-11-07 07:04:31,560 - pytorch_cvae.py[line:169] - INFO: ----------------------------No.163 epoch----------------------------
2022-11-07 07:04:31,560 - pytorch_cvae.py[line:176] - INFO: loss:7791.745335668325, numeric_loss:365.17603211291134, categorical_loss:2369.4806150346994, kld_loss:6321.360766589642, epoch_train_time:44.24930068850517
2022-11-07 07:05:15,807 - pytorch_cvae.py[line:169] - INFO: ----------------------------No.164 epoch----------------------------
2022-11-07 07:05:15,807 - pytorch_cvae.py[line:176] - INFO: loss:7794.648886084557, numeric_loss:365.132073674351, categorical_loss:2372.3573083356023, kld_loss:6321.449284873903, epoch_train_time:44.24673797842115
2022-11-07 07:06:00,042 - pytorch_cvae.py[line:169] - INFO: ----------------------------No.165 epoch----------------------------
2022-11-07 07:06:00,042 - pytorch_cvae.py[line:176] - INFO: loss:7794.511162638664, numeric_loss:365.1382258073427, categorical_loss:2375.2130001038313, kld_loss:6317.699817702174, epoch_train_time:44.23492323514074
2022-11-07 07:06:44,421 - pytorch_cvae.py[line:169] - INFO: ----------------------------No.166 epoch----------------------------
2022-11-07 07:06:44,421 - pytorch_cvae.py[line:176] - INFO: loss:7793.267626345158, numeric_loss:365.1362831988372, categorical_loss:2374.4617603197694, kld_loss:6317.086880885065, epoch_train_time:44.37897515296936
2022-11-07 07:07:28,723 - pytorch_cvae.py[line:169] - INFO: ----------------------------No.167 epoch----------------------------
2022-11-07 07:07:28,723 - pytorch_cvae.py[line:176] - INFO: loss:7799.313602000475, numeric_loss:365.2807106394321, categorical_loss:2371.922675475478, kld_loss:6327.637673929334, epoch_train_time:44.30126736406237
2022-11-07 07:08:12,971 - pytorch_cvae.py[line:169] - INFO: ----------------------------No.168 epoch----------------------------
2022-11-07 07:08:12,971 - pytorch_cvae.py[line:176] - INFO: loss:7796.869258314371, numeric_loss:365.1752450368367, categorical_loss:2369.823071040213, kld_loss:6327.338571205735, epoch_train_time:44.24788390379399
2022-11-07 07:08:57,291 - pytorch_cvae.py[line:169] - INFO: ----------------------------No.169 epoch----------------------------
2022-11-07 07:08:57,291 - pytorch_cvae.py[line:176] - INFO: loss:7801.869468078017, numeric_loss:365.33776886435226, categorical_loss:2368.8041356131434, kld_loss:6334.6593519970775, epoch_train_time:44.319657198153436
2022-11-07 07:09:41,697 - pytorch_cvae.py[line:169] - INFO: ----------------------------No.170 epoch----------------------------
2022-11-07 07:09:41,697 - pytorch_cvae.py[line:176] - INFO: loss:7798.025438129902, numeric_loss:365.2212341623381, categorical_loss:2369.0545443296432, kld_loss:6329.686970636249, epoch_train_time:44.40624775737524
2022-11-07 07:10:26,194 - pytorch_cvae.py[line:169] - INFO: ----------------------------No.171 epoch----------------------------
2022-11-07 07:10:26,194 - pytorch_cvae.py[line:176] - INFO: loss:7798.797131836414, numeric_loss:365.21465976908803, categorical_loss:2368.8767799660563, kld_loss:6330.8820118531585, epoch_train_time:44.49626732710749
2022-11-07 07:11:10,545 - pytorch_cvae.py[line:169] - INFO: ----------------------------No.172 epoch----------------------------
2022-11-07 07:11:10,545 - pytorch_cvae.py[line:176] - INFO: loss:7800.922366946936, numeric_loss:365.39740200759843, categorical_loss:2369.7800662890077, kld_loss:6332.181029036641, epoch_train_time:44.35095804743469
2022-11-07 07:11:54,897 - pytorch_cvae.py[line:169] - INFO: ----------------------------No.173 epoch----------------------------
2022-11-07 07:11:54,897 - pytorch_cvae.py[line:176] - INFO: loss:7801.975177839398, numeric_loss:365.2105388464406, categorical_loss:2370.8877707496285, kld_loss:6332.345979236066, epoch_train_time:44.35169857740402
2022-11-07 07:12:39,489 - pytorch_cvae.py[line:169] - INFO: ----------------------------No.174 epoch----------------------------
2022-11-07 07:12:39,489 - pytorch_cvae.py[line:176] - INFO: loss:7804.016864597797, numeric_loss:365.32971509359777, categorical_loss:2368.957743652165, kld_loss:6337.161657504737, epoch_train_time:44.592346902005374
2022-11-07 07:13:23,819 - pytorch_cvae.py[line:169] - INFO: ----------------------------No.175 epoch----------------------------
2022-11-07 07:13:23,819 - pytorch_cvae.py[line:176] - INFO: loss:7805.992772132158, numeric_loss:365.50243927910924, categorical_loss:2365.0123848691583, kld_loss:6344.347333461046, epoch_train_time:44.32961355242878
2022-11-07 07:14:08,152 - pytorch_cvae.py[line:169] - INFO: ----------------------------No.176 epoch----------------------------
2022-11-07 07:14:08,152 - pytorch_cvae.py[line:176] - INFO: loss:7810.744092032313, numeric_loss:365.4995005191304, categorical_loss:2368.7870382368565, kld_loss:6345.571841470897, epoch_train_time:44.33306515868753
2022-11-07 07:14:52,852 - pytorch_cvae.py[line:169] - INFO: ----------------------------No.177 epoch----------------------------
2022-11-07 07:14:52,852 - pytorch_cvae.py[line:176] - INFO: loss:7809.51879876852, numeric_loss:365.40090718865395, categorical_loss:2364.2868770584464, kld_loss:6349.788668930531, epoch_train_time:44.700133157894015
2022-11-07 07:15:37,429 - pytorch_cvae.py[line:169] - INFO: ----------------------------No.178 epoch----------------------------
2022-11-07 07:15:37,429 - pytorch_cvae.py[line:176] - INFO: loss:7806.949684038758, numeric_loss:365.480317292735, categorical_loss:2367.424942366779, kld_loss:6342.555419124663, epoch_train_time:44.576375372707844
2022-11-07 07:16:21,827 - pytorch_cvae.py[line:169] - INFO: ----------------------------No.179 epoch----------------------------
2022-11-07 07:16:21,827 - pytorch_cvae.py[line:176] - INFO: loss:7805.6288330852985, numeric_loss:365.5965175717138, categorical_loss:2366.308168590069, kld_loss:6342.155085414648, epoch_train_time:44.39769268408418
2022-11-07 07:17:06,303 - pytorch_cvae.py[line:169] - INFO: ----------------------------No.180 epoch----------------------------
2022-11-07 07:17:06,303 - pytorch_cvae.py[line:176] - INFO: loss:7810.052453845739, numeric_loss:365.55299038486555, categorical_loss:2361.175644993782, kld_loss:6354.154673151672, epoch_train_time:44.47610745113343
2022-11-07 07:17:50,719 - pytorch_cvae.py[line:169] - INFO: ----------------------------No.181 epoch----------------------------
2022-11-07 07:17:50,719 - pytorch_cvae.py[line:176] - INFO: loss:7816.3932333141565, numeric_loss:365.7430969076231, categorical_loss:2365.303077675402, kld_loss:6356.683721780777, epoch_train_time:44.41534068714827
2022-11-07 07:18:35,299 - pytorch_cvae.py[line:169] - INFO: ----------------------------No.182 epoch----------------------------
2022-11-07 07:18:35,299 - pytorch_cvae.py[line:176] - INFO: loss:7811.434896886349, numeric_loss:365.6246378258802, categorical_loss:2366.3925304561853, kld_loss:6349.272061854601, epoch_train_time:44.580021884292364
2022-11-07 07:19:19,629 - pytorch_cvae.py[line:169] - INFO: ----------------------------No.183 epoch----------------------------
2022-11-07 07:19:19,629 - pytorch_cvae.py[line:176] - INFO: loss:7812.071261972189, numeric_loss:365.6937186368741, categorical_loss:2368.908075235784, kld_loss:6346.836728662252, epoch_train_time:44.3303568251431
2022-11-07 07:20:04,042 - pytorch_cvae.py[line:169] - INFO: ----------------------------No.184 epoch----------------------------
2022-11-07 07:20:04,042 - pytorch_cvae.py[line:176] - INFO: loss:7816.487608447671, numeric_loss:365.8622965137474, categorical_loss:2367.102462500334, kld_loss:6354.403455711901, epoch_train_time:44.41291177459061
2022-11-07 07:20:48,344 - pytorch_cvae.py[line:169] - INFO: ----------------------------No.185 epoch----------------------------
2022-11-07 07:20:48,345 - pytorch_cvae.py[line:176] - INFO: loss:7815.294107526541, numeric_loss:365.75885006878525, categorical_loss:2368.711805716157, kld_loss:6351.029213964939, epoch_train_time:44.30194942932576
2022-11-07 07:21:32,893 - pytorch_cvae.py[line:169] - INFO: ----------------------------No.186 epoch----------------------------
2022-11-07 07:21:32,893 - pytorch_cvae.py[line:176] - INFO: loss:7813.24985422194, numeric_loss:365.6395785170607, categorical_loss:2365.089614957571, kld_loss:6353.150720216334, epoch_train_time:44.54870253428817
2022-11-07 07:22:17,676 - pytorch_cvae.py[line:169] - INFO: ----------------------------No.187 epoch----------------------------
2022-11-07 07:22:17,676 - pytorch_cvae.py[line:176] - INFO: loss:7820.331291928887, numeric_loss:365.7055509015918, categorical_loss:2368.1481518894434, kld_loss:6358.096885196865, epoch_train_time:44.78277966566384
2022-11-07 07:23:02,359 - pytorch_cvae.py[line:169] - INFO: ----------------------------No.188 epoch----------------------------
2022-11-07 07:23:02,359 - pytorch_cvae.py[line:176] - INFO: loss:7816.2634831517935, numeric_loss:365.71109293121845, categorical_loss:2357.9589747041464, kld_loss:6365.741664908826, epoch_train_time:44.68271800968796
2022-11-07 07:23:46,857 - pytorch_cvae.py[line:169] - INFO: ----------------------------No.189 epoch----------------------------
2022-11-07 07:23:46,857 - pytorch_cvae.py[line:176] - INFO: loss:7818.329205855727, numeric_loss:365.88714915700257, categorical_loss:2366.426757968962, kld_loss:6357.519025757909, epoch_train_time:44.49797320924699
2022-11-07 07:24:31,549 - pytorch_cvae.py[line:169] - INFO: ----------------------------No.190 epoch----------------------------
2022-11-07 07:24:31,549 - pytorch_cvae.py[line:176] - INFO: loss:7823.5417620539665, numeric_loss:365.96547392057255, categorical_loss:2368.6994540542364, kld_loss:6361.095941744745, epoch_train_time:44.69120062328875
2022-11-07 07:25:16,178 - pytorch_cvae.py[line:169] - INFO: ----------------------------No.191 epoch----------------------------
2022-11-07 07:25:16,178 - pytorch_cvae.py[line:176] - INFO: loss:7820.821082293987, numeric_loss:366.03353632614017, categorical_loss:2366.163296148181, kld_loss:6360.780214063823, epoch_train_time:44.628999014385045
2022-11-07 07:26:00,662 - pytorch_cvae.py[line:169] - INFO: ----------------------------No.192 epoch----------------------------
2022-11-07 07:26:00,662 - pytorch_cvae.py[line:176] - INFO: loss:7828.6102267205715, numeric_loss:366.0654429672286, categorical_loss:2366.043588757515, kld_loss:6370.626388497651, epoch_train_time:44.484093927778304
2022-11-07 07:26:44,996 - pytorch_cvae.py[line:169] - INFO: ----------------------------No.193 epoch----------------------------
2022-11-07 07:26:44,996 - pytorch_cvae.py[line:176] - INFO: loss:7822.545579761267, numeric_loss:365.9177043749951, categorical_loss:2365.5502103939652, kld_loss:6363.846976451576, epoch_train_time:44.333993308246136
2022-11-07 07:27:29,622 - pytorch_cvae.py[line:169] - INFO: ----------------------------No.194 epoch----------------------------
2022-11-07 07:27:29,622 - pytorch_cvae.py[line:176] - INFO: loss:7829.5055765509605, numeric_loss:365.9618215803057, categorical_loss:2366.0057081356645, kld_loss:6371.922456040978, epoch_train_time:44.625197754241526
2022-11-07 07:28:14,083 - pytorch_cvae.py[line:169] - INFO: ----------------------------No.195 epoch----------------------------
2022-11-07 07:28:14,083 - pytorch_cvae.py[line:176] - INFO: loss:7824.301886156201, numeric_loss:366.14714505616575, categorical_loss:2357.0470086485147, kld_loss:6376.384564094245, epoch_train_time:44.46113040484488
2022-11-07 07:28:58,504 - pytorch_cvae.py[line:169] - INFO: ----------------------------No.196 epoch----------------------------
2022-11-07 07:28:58,504 - pytorch_cvae.py[line:176] - INFO: loss:7826.258923649788, numeric_loss:365.9878805177286, categorical_loss:2358.093029767275, kld_loss:6377.722417168319, epoch_train_time:44.420524219982326
2022-11-07 07:29:43,065 - pytorch_cvae.py[line:169] - INFO: ----------------------------No.197 epoch----------------------------
2022-11-07 07:29:43,065 - pytorch_cvae.py[line:176] - INFO: loss:7827.8636089116335, numeric_loss:366.2492566984147, categorical_loss:2361.1972127854824, kld_loss:6375.521321609616, epoch_train_time:44.56159522663802
2022-11-07 07:30:27,351 - pytorch_cvae.py[line:169] - INFO: ----------------------------No.198 epoch----------------------------
2022-11-07 07:30:27,351 - pytorch_cvae.py[line:176] - INFO: loss:7822.8235669881105, numeric_loss:366.23814156185836, categorical_loss:2354.460689216852, kld_loss:6377.655817531049, epoch_train_time:44.28519136086106
2022-11-07 07:31:11,735 - pytorch_cvae.py[line:169] - INFO: ----------------------------No.199 epoch----------------------------
2022-11-07 07:31:11,735 - pytorch_cvae.py[line:176] - INFO: loss:7827.480739608407, numeric_loss:366.2995054498315, categorical_loss:2360.219808280468, kld_loss:6376.201672133058, epoch_train_time:44.384433003142476
2022-11-07 07:31:56,154 - pytorch_cvae.py[line:169] - INFO: ----------------------------No.200 epoch----------------------------
2022-11-07 07:31:56,154 - pytorch_cvae.py[line:176] - INFO: loss:7829.980366945267, numeric_loss:366.3695167559199, categorical_loss:2359.086916066706, kld_loss:6380.654813140631, epoch_train_time:44.41810888051987
2022-11-07 07:32:40,615 - pytorch_cvae.py[line:169] - INFO: ----------------------------No.201 epoch----------------------------
2022-11-07 07:32:40,615 - pytorch_cvae.py[line:176] - INFO: loss:7824.880458384752, numeric_loss:366.2285375483334, categorical_loss:2354.5841368585825, kld_loss:6380.084621325135, epoch_train_time:44.46086143516004
2022-11-07 07:33:24,963 - pytorch_cvae.py[line:169] - INFO: ----------------------------No.202 epoch----------------------------
2022-11-07 07:33:24,964 - pytorch_cvae.py[line:176] - INFO: loss:7829.774543404579, numeric_loss:366.3710448378697, categorical_loss:2357.971684165299, kld_loss:6381.789665661752, epoch_train_time:44.34860315360129
2022-11-07 07:34:09,505 - pytorch_cvae.py[line:169] - INFO: ----------------------------No.203 epoch----------------------------
2022-11-07 07:34:09,505 - pytorch_cvae.py[line:176] - INFO: loss:7833.886434495449, numeric_loss:366.3364902199246, categorical_loss:2360.5545018985868, kld_loss:6383.744195625186, epoch_train_time:44.541569624096155
2022-11-07 07:34:53,824 - pytorch_cvae.py[line:169] - INFO: ----------------------------No.204 epoch----------------------------
2022-11-07 07:34:53,824 - pytorch_cvae.py[line:176] - INFO: loss:7832.15030092001, numeric_loss:366.32354133203626, categorical_loss:2355.718592353165, kld_loss:6387.635102685541, epoch_train_time:44.318548924289644
2022-11-07 07:35:38,318 - pytorch_cvae.py[line:169] - INFO: ----------------------------No.205 epoch----------------------------
2022-11-07 07:35:38,319 - pytorch_cvae.py[line:176] - INFO: loss:7835.692586913705, numeric_loss:366.38217450585216, categorical_loss:2354.4317634403706, kld_loss:6393.59820170328, epoch_train_time:44.49448953382671
2022-11-07 07:36:22,873 - pytorch_cvae.py[line:169] - INFO: ----------------------------No.206 epoch----------------------------
2022-11-07 07:36:22,874 - pytorch_cvae.py[line:176] - INFO: loss:7836.3325594216585, numeric_loss:366.38825939549133, categorical_loss:2355.54860663414, kld_loss:6392.9945101849735, epoch_train_time:44.554653209634125
2022-11-07 07:37:07,404 - pytorch_cvae.py[line:169] - INFO: ----------------------------No.207 epoch----------------------------
2022-11-07 07:37:07,405 - pytorch_cvae.py[line:176] - INFO: loss:7834.9867088496685, numeric_loss:366.3599494509399, categorical_loss:2356.7299802079797, kld_loss:6389.870875172317, epoch_train_time:44.53071940783411
2022-11-07 07:37:51,825 - pytorch_cvae.py[line:169] - INFO: ----------------------------No.208 epoch----------------------------
2022-11-07 07:37:51,825 - pytorch_cvae.py[line:176] - INFO: loss:7839.11054174602, numeric_loss:366.2044119061902, categorical_loss:2353.5082318633795, kld_loss:6399.247264102101, epoch_train_time:44.42019099928439
2022-11-07 07:38:36,474 - pytorch_cvae.py[line:169] - INFO: ----------------------------No.209 epoch----------------------------
2022-11-07 07:38:36,475 - pytorch_cvae.py[line:176] - INFO: loss:7839.399001196027, numeric_loss:366.42649937979877, categorical_loss:2351.261342987418, kld_loss:6402.138848133385, epoch_train_time:44.64959489647299
2022-11-07 07:39:20,833 - pytorch_cvae.py[line:169] - INFO: ----------------------------No.210 epoch----------------------------
2022-11-07 07:39:20,833 - pytorch_cvae.py[line:176] - INFO: loss:7838.49043212831, numeric_loss:366.29091922659427, categorical_loss:2352.5242518112063, kld_loss:6399.593972325325, epoch_train_time:44.35847147833556
2022-11-07 07:40:05,299 - pytorch_cvae.py[line:169] - INFO: ----------------------------No.211 epoch----------------------------
2022-11-07 07:40:05,299 - pytorch_cvae.py[line:176] - INFO: loss:7833.992086052895, numeric_loss:366.3326333225705, categorical_loss:2351.901166126132, kld_loss:6394.697752289474, epoch_train_time:44.465582960285246
2022-11-07 07:40:49,549 - pytorch_cvae.py[line:169] - INFO: ----------------------------No.212 epoch----------------------------
2022-11-07 07:40:49,549 - pytorch_cvae.py[line:176] - INFO: loss:7838.680708095431, numeric_loss:366.5272830580361, categorical_loss:2353.6300060376525, kld_loss:6398.154171794653, epoch_train_time:44.24985029455274
2022-11-07 07:41:34,179 - pytorch_cvae.py[line:169] - INFO: ----------------------------No.213 epoch----------------------------
2022-11-07 07:41:34,179 - pytorch_cvae.py[line:176] - INFO: loss:7839.821128249168, numeric_loss:366.45999837387353, categorical_loss:2353.6592633873224, kld_loss:6399.627226024866, epoch_train_time:44.62938384246081
2022-11-07 07:42:18,611 - pytorch_cvae.py[line:169] - INFO: ----------------------------No.214 epoch----------------------------
2022-11-07 07:42:18,611 - pytorch_cvae.py[line:176] - INFO: loss:7838.8167597055435, numeric_loss:366.50873241899535, categorical_loss:2352.4079473614693, kld_loss:6399.87499795109, epoch_train_time:44.43193542957306
2022-11-07 07:43:03,145 - pytorch_cvae.py[line:169] - INFO: ----------------------------No.215 epoch----------------------------
2022-11-07 07:43:03,145 - pytorch_cvae.py[line:176] - INFO: loss:7839.793949112296, numeric_loss:366.3537579816766, categorical_loss:2350.5653841346502, kld_loss:6403.593399576843, epoch_train_time:44.533969909884036
2022-11-07 07:43:47,515 - pytorch_cvae.py[line:169] - INFO: ----------------------------No.216 epoch----------------------------
2022-11-07 07:43:47,515 - pytorch_cvae.py[line:176] - INFO: loss:7840.594923958182, numeric_loss:366.367615361698, categorical_loss:2346.149962425232, kld_loss:6410.09657792002, epoch_train_time:44.369768106378615
2022-11-07 07:44:31,877 - pytorch_cvae.py[line:169] - INFO: ----------------------------No.217 epoch----------------------------
2022-11-07 07:44:31,878 - pytorch_cvae.py[line:176] - INFO: loss:7836.6261072307825, numeric_loss:366.32417902257293, categorical_loss:2345.822124376893, kld_loss:6405.599647842348, epoch_train_time:44.36259352322668
2022-11-07 07:45:16,257 - pytorch_cvae.py[line:169] - INFO: ----------------------------No.218 epoch----------------------------
2022-11-07 07:45:16,258 - pytorch_cvae.py[line:176] - INFO: loss:7843.712877422571, numeric_loss:366.39364893129095, categorical_loss:2356.3952952623367, kld_loss:6401.15480197221, epoch_train_time:44.37976060807705
2022-11-07 07:46:00,781 - pytorch_cvae.py[line:169] - INFO: ----------------------------No.219 epoch----------------------------
2022-11-07 07:46:00,781 - pytorch_cvae.py[line:176] - INFO: loss:7844.235031530261, numeric_loss:366.27372632874176, categorical_loss:2345.4431596025825, kld_loss:6415.647579848766, epoch_train_time:44.52365788258612
2022-11-07 07:46:45,287 - pytorch_cvae.py[line:169] - INFO: ----------------------------No.220 epoch----------------------------
2022-11-07 07:46:45,287 - pytorch_cvae.py[line:176] - INFO: loss:7843.029695421457, numeric_loss:366.33168407622725, categorical_loss:2344.4318552166224, kld_loss:6415.332591384649, epoch_train_time:44.505479354411364
2022-11-07 07:47:29,887 - pytorch_cvae.py[line:169] - INFO: ----------------------------No.221 epoch----------------------------
2022-11-07 07:47:29,887 - pytorch_cvae.py[line:176] - INFO: loss:7840.7212825119495, numeric_loss:366.5447461074218, categorical_loss:2344.3027874603868, kld_loss:6412.342092707753, epoch_train_time:44.599589952267706
2022-11-07 07:48:14,495 - pytorch_cvae.py[line:169] - INFO: ----------------------------No.222 epoch----------------------------
2022-11-07 07:48:14,495 - pytorch_cvae.py[line:176] - INFO: loss:7841.873505815864, numeric_loss:366.5072366371751, categorical_loss:2347.6763582527637, kld_loss:6409.612278752029, epoch_train_time:44.60832281690091
2022-11-07 07:48:58,864 - pytorch_cvae.py[line:169] - INFO: ----------------------------No.223 epoch----------------------------
2022-11-07 07:48:58,865 - pytorch_cvae.py[line:176] - INFO: loss:7843.785524368286, numeric_loss:366.43921659933403, categorical_loss:2343.6251186057925, kld_loss:6417.151382096112, epoch_train_time:44.36921665724367
2022-11-07 07:49:43,379 - pytorch_cvae.py[line:169] - INFO: ----------------------------No.224 epoch----------------------------
2022-11-07 07:49:43,379 - pytorch_cvae.py[line:176] - INFO: loss:7848.117616832256, numeric_loss:366.35495851002634, categorical_loss:2347.14484667778, kld_loss:6418.272157281637, epoch_train_time:44.51448178011924
2022-11-07 07:50:27,707 - pytorch_cvae.py[line:169] - INFO: ----------------------------No.225 epoch----------------------------
2022-11-07 07:50:27,707 - pytorch_cvae.py[line:176] - INFO: loss:7845.860886737704, numeric_loss:366.4512567296624, categorical_loss:2343.6733337044716, kld_loss:6419.670260921121, epoch_train_time:44.32801419869065
2022-11-07 07:51:12,294 - pytorch_cvae.py[line:169] - INFO: ----------------------------No.226 epoch----------------------------
2022-11-07 07:51:12,294 - pytorch_cvae.py[line:176] - INFO: loss:7847.6208767443895, numeric_loss:366.43356983037665, categorical_loss:2341.981841415167, kld_loss:6424.006724834442, epoch_train_time:44.58648619428277
2022-11-07 07:51:56,860 - pytorch_cvae.py[line:169] - INFO: ----------------------------No.227 epoch----------------------------
2022-11-07 07:51:56,860 - pytorch_cvae.py[line:176] - INFO: loss:7846.312239348888, numeric_loss:366.53508083941415, categorical_loss:2343.009965710342, kld_loss:6420.958881281316, epoch_train_time:44.56607979442924
2022-11-07 07:52:41,403 - pytorch_cvae.py[line:169] - INFO: ----------------------------No.228 epoch----------------------------
2022-11-07 07:52:41,403 - pytorch_cvae.py[line:176] - INFO: loss:7845.270300343633, numeric_loss:366.49967327713966, categorical_loss:2340.664619833231, kld_loss:6422.632402189076, epoch_train_time:44.54216516017914
2022-11-07 07:53:25,945 - pytorch_cvae.py[line:169] - INFO: ----------------------------No.229 epoch----------------------------
2022-11-07 07:53:25,945 - pytorch_cvae.py[line:176] - INFO: loss:7849.37256167829, numeric_loss:366.46546675404534, categorical_loss:2344.2143747210503, kld_loss:6423.3657947182655, epoch_train_time:44.542283322662115
2022-11-07 07:54:10,537 - pytorch_cvae.py[line:169] - INFO: ----------------------------No.230 epoch----------------------------
2022-11-07 07:54:10,537 - pytorch_cvae.py[line:176] - INFO: loss:7846.605207756162, numeric_loss:366.40677158907056, categorical_loss:2341.454944998026, kld_loss:6423.429253295064, epoch_train_time:44.59189129434526
2022-11-07 07:54:54,980 - pytorch_cvae.py[line:169] - INFO: ----------------------------No.231 epoch----------------------------
2022-11-07 07:54:54,980 - pytorch_cvae.py[line:176] - INFO: loss:7845.0909640342, numeric_loss:366.4426001752727, categorical_loss:2337.150801204145, kld_loss:6426.871849089861, epoch_train_time:44.44228314142674
2022-11-07 07:55:39,522 - pytorch_cvae.py[line:169] - INFO: ----------------------------No.232 epoch----------------------------
2022-11-07 07:55:39,523 - pytorch_cvae.py[line:176] - INFO: loss:7853.716404721141, numeric_loss:366.48947609681636, categorical_loss:2340.02738969028, kld_loss:6433.999320328236, epoch_train_time:44.542648118920624
2022-11-07 07:56:24,265 - pytorch_cvae.py[line:169] - INFO: ----------------------------No.233 epoch----------------------------
2022-11-07 07:56:24,265 - pytorch_cvae.py[line:176] - INFO: loss:7845.854445204139, numeric_loss:366.4456369751133, categorical_loss:2331.652759730816, kld_loss:6434.694962576032, epoch_train_time:44.74212031066418
2022-11-07 07:57:08,871 - pytorch_cvae.py[line:169] - INFO: ----------------------------No.234 epoch----------------------------
2022-11-07 07:57:08,871 - pytorch_cvae.py[line:176] - INFO: loss:7844.699911370873, numeric_loss:366.26419901661575, categorical_loss:2334.69094112888, kld_loss:6429.680863976479, epoch_train_time:44.60629648528993
2022-11-07 07:57:53,361 - pytorch_cvae.py[line:169] - INFO: ----------------------------No.235 epoch----------------------------
2022-11-07 07:57:53,361 - pytorch_cvae.py[line:176] - INFO: loss:7848.949995875359, numeric_loss:366.3596883798018, categorical_loss:2338.207850135863, kld_loss:6430.477968215942, epoch_train_time:44.48930529970676
2022-11-07 07:58:37,974 - pytorch_cvae.py[line:169] - INFO: ----------------------------No.236 epoch----------------------------
2022-11-07 07:58:37,974 - pytorch_cvae.py[line:176] - INFO: loss:7851.806566849351, numeric_loss:366.46988506801426, categorical_loss:2335.326577335596, kld_loss:6437.512528680265, epoch_train_time:44.61353850644082
2022-11-07 07:59:22,435 - pytorch_cvae.py[line:169] - INFO: ----------------------------No.237 epoch----------------------------
2022-11-07 07:59:22,436 - pytorch_cvae.py[line:176] - INFO: loss:7846.421941891313, numeric_loss:366.36014348547906, categorical_loss:2329.4490224011242, kld_loss:6438.265865541995, epoch_train_time:44.460991016589105
2022-11-07 08:00:05,603 - pytorch_cvae.py[line:169] - INFO: ----------------------------No.238 epoch----------------------------
2022-11-07 08:00:05,603 - pytorch_cvae.py[line:176] - INFO: loss:7852.379519358277, numeric_loss:366.37359177460894, categorical_loss:2330.68161714077, kld_loss:6444.155281104147, epoch_train_time:43.16732404008508
2022-11-07 08:00:38,977 - pytorch_cvae.py[line:169] - INFO: ----------------------------No.239 epoch----------------------------
2022-11-07 08:00:38,977 - pytorch_cvae.py[line:176] - INFO: loss:7846.5141377002, numeric_loss:366.33621745556593, categorical_loss:2328.5873999893665, kld_loss:6439.488035321236, epoch_train_time:33.373526505194604
2022-11-07 08:01:12,285 - pytorch_cvae.py[line:169] - INFO: ----------------------------No.240 epoch----------------------------
2022-11-07 08:01:12,285 - pytorch_cvae.py[line:176] - INFO: loss:7847.880960151553, numeric_loss:366.4219030304812, categorical_loss:2334.257626309991, kld_loss:6434.001682125032, epoch_train_time:33.30772441159934
2022-11-07 08:01:45,588 - pytorch_cvae.py[line:169] - INFO: ----------------------------No.241 epoch----------------------------
2022-11-07 08:01:45,588 - pytorch_cvae.py[line:176] - INFO: loss:7853.667647749186, numeric_loss:366.4916968806647, categorical_loss:2336.356474675238, kld_loss:6438.524245791137, epoch_train_time:33.30304246582091
2022-11-07 08:02:18,882 - pytorch_cvae.py[line:169] - INFO: ----------------------------No.242 epoch----------------------------
2022-11-07 08:02:18,882 - pytorch_cvae.py[line:176] - INFO: loss:7851.125752210617, numeric_loss:366.5329632968642, categorical_loss:2331.8952779620886, kld_loss:6440.8717835098505, epoch_train_time:33.293907744809985
2022-11-07 08:02:52,259 - pytorch_cvae.py[line:169] - INFO: ----------------------------No.243 epoch----------------------------
2022-11-07 08:02:52,259 - pytorch_cvae.py[line:176] - INFO: loss:7854.825546815991, numeric_loss:366.47004735516384, categorical_loss:2337.4615205824375, kld_loss:6438.617365799844, epoch_train_time:33.377421227283776
2022-11-07 08:03:25,632 - pytorch_cvae.py[line:169] - INFO: ----------------------------No.244 epoch----------------------------
2022-11-07 08:03:25,632 - pytorch_cvae.py[line:176] - INFO: loss:7854.008214682341, numeric_loss:366.53806894272566, categorical_loss:2336.944556504488, kld_loss:6438.156881272793, epoch_train_time:33.372663510032
2022-11-07 08:03:58,930 - pytorch_cvae.py[line:169] - INFO: ----------------------------No.245 epoch----------------------------
2022-11-07 08:03:58,930 - pytorch_cvae.py[line:176] - INFO: loss:7858.358618438244, numeric_loss:366.3450779989362, categorical_loss:2336.2258815839887, kld_loss:6444.73446245119, epoch_train_time:33.29776141885668
2022-11-07 08:04:32,224 - pytorch_cvae.py[line:169] - INFO: ----------------------------No.246 epoch----------------------------
2022-11-07 08:04:32,224 - pytorch_cvae.py[line:176] - INFO: loss:7856.603853583336, numeric_loss:366.35037547163665, categorical_loss:2336.8263801708817, kld_loss:6441.783768385649, epoch_train_time:33.29326478764415
2022-11-07 08:05:05,521 - pytorch_cvae.py[line:169] - INFO: ----------------------------No.247 epoch----------------------------
2022-11-07 08:05:05,521 - pytorch_cvae.py[line:176] - INFO: loss:7853.79243427515, numeric_loss:366.3687690766528, categorical_loss:2332.3259654417634, kld_loss:6443.8720192834735, epoch_train_time:33.29764881823212
2022-11-07 08:05:38,892 - pytorch_cvae.py[line:169] - INFO: ----------------------------No.248 epoch----------------------------
2022-11-07 08:05:38,892 - pytorch_cvae.py[line:176] - INFO: loss:7855.487891599536, numeric_loss:366.61831200215966, categorical_loss:2336.1757213398814, kld_loss:6440.867227490991, epoch_train_time:33.370285843499005
2022-11-07 08:06:12,252 - pytorch_cvae.py[line:169] - INFO: ----------------------------No.249 epoch----------------------------
2022-11-07 08:06:12,252 - pytorch_cvae.py[line:176] - INFO: loss:7854.501369357109, numeric_loss:366.4453803137876, categorical_loss:2332.3542516753078, kld_loss:6444.62706540525, epoch_train_time:33.359973969869316
2022-11-07 08:06:45,559 - pytorch_cvae.py[line:169] - INFO: ----------------------------No.250 epoch----------------------------
2022-11-07 08:06:45,559 - pytorch_cvae.py[line:176] - INFO: loss:7856.9345874637365, numeric_loss:366.6848533297889, categorical_loss:2335.889573201537, kld_loss:6442.9500973671675, epoch_train_time:33.306964322924614
2022-11-07 08:06:45,559 - pytorch_cvae.py[line:185] - INFO: training time elapsed:11009.837773571722
2022-11-07 08:06:45,563 - model_utils.py[line:67] - INFO: save model successfully
2022-11-07 08:06:53,981 - pytorch_cvae.py[line:266] - INFO: train model time elapsed:11021.146043347195
2022-11-07 08:06:53,981 - dataset_utils.py[line:567] - INFO: load existing dataset(light):tpch20g-skew-nation_n_nationkey#n_name__n_nationkey_binary_mm_0
2022-11-07 08:06:53,987 - dataset_utils.py[line:576] - INFO: load dataset(light) time elapsed:0.005869760178029537
2022-11-07 08:06:53,987 - pytorch_cvae.py[line:278] - INFO: feature info:[('n_nationkey', 'categorical', 6), ('n_name', 'categorical', 6)]
2022-11-07 08:06:53,989 - model_utils.py[line:75] - INFO: load model name:torch_cvae_tpch20g-skew-nation_n_nationkey_ld100_id150_bs128_ep100_0_binary_mm
2022-11-07 08:06:53,993 - model_utils.py[line:86] - INFO: load torch model time elapsed:0.004113173112273216
2022-11-07 08:06:53,994 - pytorch_cvae.py[line:288] - INFO: load model time elapsed:0.012724034488201141
2022-11-07 08:06:53,994 - main.py[line:534] - INFO: multi_sampling No.0 epoch
2022-11-07 08:06:54,053 - pytorch_cvae.py[line:401] - INFO: sampling time:0.0585244819521904
2022-11-07 08:06:54,053 - dataset_utils.py[line:548] - INFO: load existing dataset:tpch20g-skew-nation_n_nationkey#n_name__n_nationkey_binary_mm_0
2022-11-07 08:06:54,055 - dataset_utils.py[line:560] - INFO: load dataset time elapsed:0.0020603593438863754
2022-11-07 08:06:54,072 - main.py[line:518] - INFO: sample and aggregation time elapsed:0.07803013827651739
2022-11-07 08:06:54,075 - main.py[line:551] - INFO: sample time: 0.08116701152175665
2022-11-07 08:06:54,085 - main.py[line:99] - INFO: aqp result:
                avg(c_acctbal)  sum(c_acctbal)
n_name                                        
ALGERIA        4832.29         503481068.46   
ARGENTINA      5232.84         828117393.29   
BRAZIL         4013.32         459256124.81   
CANADA         4774.57         783219712.08   
CHINA          5183.97         645730938.75   
EGYPT          4173.61         568499898.87   
ETHIOPIA       3829.68         428614361.91   
FRANCE         4828.47         451949918.36   
GERMANY        4075.01         400838323.41   
INDIA          4189.47         524610022.39   
INDONESIA      4625.43         515573265.74   
IRAN           4471.94         549762292.11   
IRAQ           4407.86         416057785.85   
JAPAN          4326.80         488638673.32   
JORDAN         4636.85         808907604.93   
KENYA          4443.53         360885865.32   
MOROCCO        4554.42         1054871048.40  
MOZAMBIQUE     4738.58         488666240.87   
PERU           3947.79         466909211.82   
ROMANIA        4671.53         459482545.67   
RUSSIA         4361.85         479960854.11   
SAUDI ARABIA   5345.30         599822382.73   
UNITED KINGDOM 4152.80         498543265.62   
UNITED STATES  4652.65         375976025.07   
VIETNAM        4592.88         447020817.22   
2022-11-07 08:06:54,087 - main.py[line:100] - INFO: ground truth:
                avg(c_acctbal)  sum(c_acctbal)
n_name                                        
ALGERIA        4706.43         490367550.43   
ARGENTINA      5725.88         906143345.82   
BRAZIL         3620.30         414281683.95   
CANADA         3395.78         557043755.66   
CHINA          5938.15         739673477.76   
EGYPT          3757.33         511797832.36   
ETHIOPIA       4087.96         457520543.74   
FRANCE         4478.07         419151651.93   
GERMANY        4046.69         398053113.66   
INDIA          4523.05         566380939.73   
INDONESIA      4779.02         532693865.00   
IRAN           4324.92         531687846.83   
IRAQ           4535.38         428094096.83   
JAPAN          4599.64         519450697.12   
JORDAN         2995.68         522602510.38   
KENYA          4430.44         359822839.39   
MOROCCO        2790.12         646233049.54   
MOZAMBIQUE     4794.86         494470094.62   
PERU           4397.70         520120663.16   
ROMANIA        4702.50         462528864.72   
RUSSIA         4604.26         506633831.18   
SAUDI ARABIA   5557.69         623656362.99   
UNITED KINGDOM 3720.63         446662000.87   
UNITED STATES  4455.78         360066946.34   
VIETNAM        4538.07         441685424.02   
2022-11-07 08:06:54,337 - main.py[line:563] - INFO: relative error:
                avg(c_acctbal)  sum(c_acctbal)
n_name                                        
ALGERIA        0.03            0.03           
ARGENTINA      0.09            0.09           
BRAZIL         0.11            0.11           
CANADA         0.41            0.41           
CHINA          0.13            0.13           
EGYPT          0.11            0.11           
ETHIOPIA       0.06            0.06           
FRANCE         0.08            0.08           
GERMANY        0.01            0.01           
INDIA          0.07            0.07           
INDONESIA      0.03            0.03           
IRAN           0.03            0.03           
IRAQ           0.03            0.03           
JAPAN          0.06            0.06           
JORDAN         0.55            0.55           
KENYA          0.00            0.00           
MOROCCO        0.63            0.63           
MOZAMBIQUE     0.01            0.01           
PERU           0.10            0.10           
ROMANIA        0.01            0.01           
RUSSIA         0.05            0.05           
SAUDI ARABIA   0.04            0.04           
UNITED KINGDOM 0.12            0.12           
UNITED STATES  0.04            0.04           
VIETNAM        0.01            0.01           
2022-11-07 08:06:54,341 - main.py[line:564] - INFO: relative error normalized:
                avg(c_acctbal)  sum(c_acctbal)
n_name                                        
ALGERIA        0.03            0.03           
ARGENTINA      0.08            0.08           
BRAZIL         0.10            0.10           
CANADA         0.33            0.33           
CHINA          0.12            0.12           
EGYPT          0.10            0.10           
ETHIOPIA       0.06            0.06           
FRANCE         0.08            0.08           
GERMANY        0.01            0.01           
INDIA          0.07            0.07           
INDONESIA      0.03            0.03           
IRAN           0.03            0.03           
IRAQ           0.03            0.03           
JAPAN          0.06            0.06           
JORDAN         0.42            0.42           
KENYA          0.00            0.00           
MOROCCO        0.47            0.47           
MOZAMBIQUE     0.01            0.01           
PERU           0.10            0.10           
ROMANIA        0.01            0.01           
RUSSIA         0.05            0.05           
SAUDI ARABIA   0.04            0.04           
UNITED KINGDOM 0.11            0.11           
UNITED STATES  0.04            0.04           
VIETNAM        0.01            0.01           
2022-11-07 08:06:54,341 - main.py[line:567] - INFO: relative error average: 0.11232103809468519
2022-11-07 08:06:54,341 - main.py[line:568] - INFO: relative error normalized average: 0.0958843441761473
2022-11-07 08:06:54,344 - main.py[line:614] - INFO: total_time:11021.50944255013
