main.py:19: FutureWarning: Passing a negative integer is deprecated in version 1.0 and will not be supported in future version. Instead, use None to not limit the column width.
  pd.set_option('max_colwidth', -1)
2022-11-07 14:55:18,826 - main.py[line:594] - INFO: load query config skew_size_var/query_config/tpch_aggvar086.json successfully
2022-11-07 14:55:18,826 - main.py[line:601] - INFO: load train config ./skew_size_var/train_config/tpch_customer_aggvar086.json successfully
2022-11-07 14:55:18,826 - main.py[line:601] - INFO: load train config ./skew_size_var/train_config/tpch_nation.json successfully
2022-11-07 14:55:18,826 - pytorch_cvae.py[line:247] - INFO: epoch:150
2022-11-07 14:55:18,826 - pytorch_cvae.py[line:248] - INFO: batch size:512
2022-11-07 14:55:18,827 - pytorch_cvae.py[line:249] - INFO: latent dimension:400
2022-11-07 14:55:18,827 - pytorch_cvae.py[line:250] - INFO: intermediate dimension:400
2022-11-07 14:55:18,827 - pytorch_cvae.py[line:251] - INFO: gpu num:0
2022-11-07 14:55:18,827 - dataset_utils.py[line:548] - INFO: load existing dataset:tpch20g-customer-aggvar086_c_nationkey_c_acctbal_c_nationkey_binary_gaussian5_0
2022-11-07 14:55:21,678 - dataset_utils.py[line:560] - INFO: load dataset time elapsed:2.8514228304848075
2022-11-07 14:55:21,678 - pytorch_cvae.py[line:256] - INFO: feature info:[('c_acctbal', 'numerical', 6), ('c_nationkey', 'categorical', 6)]
2022-11-07 14:56:06,589 - pytorch_cvae.py[line:169] - INFO: ----------------------------No.1 epoch----------------------------
2022-11-07 14:56:06,589 - pytorch_cvae.py[line:176] - INFO: loss:2667.434876180254, numeric_loss:302.3029175568372, categorical_loss:1858.6429952461622, kld_loss:93962.03230237961, epoch_train_time:44.90578939393163
2022-11-07 14:56:51,114 - pytorch_cvae.py[line:169] - INFO: ----------------------------No.2 epoch----------------------------
2022-11-07 14:56:51,114 - pytorch_cvae.py[line:176] - INFO: loss:2033.5679048234597, numeric_loss:504.6478783179773, categorical_loss:942.0268787096911, kld_loss:98566.46271014214, epoch_train_time:44.52501016575843
2022-11-07 14:57:35,323 - pytorch_cvae.py[line:169] - INFO: ----------------------------No.3 epoch----------------------------
2022-11-07 14:57:35,323 - pytorch_cvae.py[line:176] - INFO: loss:874.6424301024526, numeric_loss:292.4157906260225, categorical_loss:209.76252006199684, kld_loss:56686.09631705284, epoch_train_time:44.20879351813346
2022-11-07 14:58:19,320 - pytorch_cvae.py[line:169] - INFO: ----------------------------No.4 epoch----------------------------
2022-11-07 14:58:19,321 - pytorch_cvae.py[line:176] - INFO: loss:966.0009406507015, numeric_loss:299.150368821749, categorical_loss:255.46627917027786, kld_loss:56793.1699051857, epoch_train_time:43.99752035737038
2022-11-07 14:59:03,650 - pytorch_cvae.py[line:169] - INFO: ----------------------------No.5 epoch----------------------------
2022-11-07 14:59:03,650 - pytorch_cvae.py[line:176] - INFO: loss:682.0797927454114, numeric_loss:261.81460551166674, categorical_loss:112.2506937961889, kld_loss:38610.91923213005, epoch_train_time:44.3290547253564
2022-11-07 14:59:47,969 - pytorch_cvae.py[line:169] - INFO: ----------------------------No.6 epoch----------------------------
2022-11-07 14:59:47,970 - pytorch_cvae.py[line:176] - INFO: loss:673.6441158801317, numeric_loss:270.06914911197964, categorical_loss:90.59264019783575, kld_loss:35660.19135475159, epoch_train_time:44.31950452551246
2022-11-07 15:00:32,332 - pytorch_cvae.py[line:169] - INFO: ----------------------------No.7 epoch----------------------------
2022-11-07 15:00:32,332 - pytorch_cvae.py[line:176] - INFO: loss:1211.3131164144725, numeric_loss:337.0814421364921, categorical_loss:373.11692789971767, kld_loss:51946.97050476074, epoch_train_time:44.3624234944582
2022-11-07 15:01:16,498 - pytorch_cvae.py[line:169] - INFO: ----------------------------No.8 epoch----------------------------
2022-11-07 15:01:16,498 - pytorch_cvae.py[line:176] - INFO: loss:743.1171952914447, numeric_loss:266.0935882590129, categorical_loss:133.39491313392637, kld_loss:32441.873641490936, epoch_train_time:44.165917705744505
2022-11-07 15:02:00,658 - pytorch_cvae.py[line:169] - INFO: ----------------------------No.9 epoch----------------------------
2022-11-07 15:02:00,658 - pytorch_cvae.py[line:176] - INFO: loss:973.3732058759779, numeric_loss:299.69730987981893, categorical_loss:265.1304738352551, kld_loss:35162.895119428635, epoch_train_time:44.159629721194506
2022-11-07 15:02:44,909 - pytorch_cvae.py[line:169] - INFO: ----------------------------No.10 epoch----------------------------
2022-11-07 15:02:44,909 - pytorch_cvae.py[line:176] - INFO: loss:681.7349028643221, numeric_loss:260.78085594810545, categorical_loss:68.46550339048667, kld_loss:27685.433562994003, epoch_train_time:44.25120969302952
2022-11-07 15:03:28,885 - pytorch_cvae.py[line:169] - INFO: ----------------------------No.11 epoch----------------------------
2022-11-07 15:03:28,885 - pytorch_cvae.py[line:176] - INFO: loss:1351.8251869529486, numeric_loss:361.41205470915884, categorical_loss:395.69882732221765, kld_loss:42668.86062026024, epoch_train_time:43.97537132445723
2022-11-07 15:04:12,925 - pytorch_cvae.py[line:169] - INFO: ----------------------------No.12 epoch----------------------------
2022-11-07 15:04:12,925 - pytorch_cvae.py[line:176] - INFO: loss:1372.9772655311972, numeric_loss:331.1284403655445, categorical_loss:455.8513559574918, kld_loss:38444.042143821716, epoch_train_time:44.0399924647063
2022-11-07 15:04:57,373 - pytorch_cvae.py[line:169] - INFO: ----------------------------No.13 epoch----------------------------
2022-11-07 15:04:57,373 - pytorch_cvae.py[line:176] - INFO: loss:1100.3389540202916, numeric_loss:310.9978464720771, categorical_loss:265.6804084718749, kld_loss:31444.75642836094, epoch_train_time:44.447751661762595
2022-11-07 15:05:41,330 - pytorch_cvae.py[line:169] - INFO: ----------------------------No.14 epoch----------------------------
2022-11-07 15:05:41,330 - pytorch_cvae.py[line:176] - INFO: loss:952.9352577403188, numeric_loss:290.31559784768615, categorical_loss:145.99727571854783, kld_loss:28423.051926851273, epoch_train_time:43.956701850518584
2022-11-07 15:06:25,486 - pytorch_cvae.py[line:169] - INFO: ----------------------------No.15 epoch----------------------------
2022-11-07 15:06:25,486 - pytorch_cvae.py[line:176] - INFO: loss:900.468602117151, numeric_loss:299.43853377655614, categorical_loss:120.7035615657694, kld_loss:24236.370095014572, epoch_train_time:44.15606872364879
2022-11-07 15:07:09,558 - pytorch_cvae.py[line:169] - INFO: ----------------------------No.16 epoch----------------------------
2022-11-07 15:07:09,558 - pytorch_cvae.py[line:176] - INFO: loss:926.8861545063555, numeric_loss:291.27188072772697, categorical_loss:121.19406135754497, kld_loss:23829.606254577637, epoch_train_time:44.071531841531396
2022-11-07 15:07:53,745 - pytorch_cvae.py[line:169] - INFO: ----------------------------No.17 epoch----------------------------
2022-11-07 15:07:53,745 - pytorch_cvae.py[line:176] - INFO: loss:1043.1944436915219, numeric_loss:256.1334971227334, categorical_loss:198.7513329031666, kld_loss:25044.185084939003, epoch_train_time:44.18724324274808
2022-11-07 15:08:37,941 - pytorch_cvae.py[line:169] - INFO: ----------------------------No.18 epoch----------------------------
2022-11-07 15:08:37,941 - pytorch_cvae.py[line:176] - INFO: loss:1047.233597356826, numeric_loss:280.72243769082706, categorical_loss:172.18328052198763, kld_loss:23273.59456217289, epoch_train_time:44.194949311204255
2022-11-07 15:09:22,391 - pytorch_cvae.py[line:169] - INFO: ----------------------------No.19 epoch----------------------------
2022-11-07 15:09:22,391 - pytorch_cvae.py[line:176] - INFO: loss:2110.952558554709, numeric_loss:497.8846413472784, categorical_loss:631.9783187720129, kld_loss:35376.651293992996, epoch_train_time:44.449977555312216
2022-11-07 15:10:06,497 - pytorch_cvae.py[line:169] - INFO: ----------------------------No.20 epoch----------------------------
2022-11-07 15:10:06,497 - pytorch_cvae.py[line:176] - INFO: loss:1016.7768637388945, numeric_loss:267.0818113021087, categorical_loss:98.51615453041728, kld_loss:21642.796150684357, epoch_train_time:44.10621228720993
2022-11-07 15:10:50,665 - pytorch_cvae.py[line:169] - INFO: ----------------------------No.21 epoch----------------------------
2022-11-07 15:10:50,666 - pytorch_cvae.py[line:176] - INFO: loss:1397.3964060507715, numeric_loss:306.9854362081969, categorical_loss:314.23127374831984, kld_loss:23802.06392645836, epoch_train_time:44.16818677261472
2022-11-07 15:11:34,693 - pytorch_cvae.py[line:169] - INFO: ----------------------------No.22 epoch----------------------------
2022-11-07 15:11:34,693 - pytorch_cvae.py[line:176] - INFO: loss:1292.6913667581975, numeric_loss:311.22446824458893, categorical_loss:219.7679719869045, kld_loss:21572.9365735054, epoch_train_time:44.02686650492251
2022-11-07 15:12:18,643 - pytorch_cvae.py[line:169] - INFO: ----------------------------No.23 epoch----------------------------
2022-11-07 15:12:18,643 - pytorch_cvae.py[line:176] - INFO: loss:1320.2870843224227, numeric_loss:339.81199094164185, categorical_loss:198.08132118718504, kld_loss:20486.096158981323, epoch_train_time:43.949939485639334
2022-11-07 15:13:02,898 - pytorch_cvae.py[line:169] - INFO: ----------------------------No.24 epoch----------------------------
2022-11-07 15:13:02,898 - pytorch_cvae.py[line:176] - INFO: loss:1299.6226253546774, numeric_loss:336.29532293137163, categorical_loss:164.32771853665258, kld_loss:19360.767157435417, epoch_train_time:44.25496201310307
2022-11-07 15:13:47,243 - pytorch_cvae.py[line:169] - INFO: ----------------------------No.25 epoch----------------------------
2022-11-07 15:13:47,244 - pytorch_cvae.py[line:176] - INFO: loss:1521.52792949602, numeric_loss:337.363823072752, categorical_loss:295.06982320469865, kld_loss:19957.23224711418, epoch_train_time:44.345378782600164
2022-11-07 15:14:31,220 - pytorch_cvae.py[line:169] - INFO: ----------------------------No.26 epoch----------------------------
2022-11-07 15:14:31,221 - pytorch_cvae.py[line:176] - INFO: loss:1528.1159947402775, numeric_loss:388.5953102185158, categorical_loss:250.25944830008677, kld_loss:18509.410870552063, epoch_train_time:43.97687870077789
2022-11-07 15:15:15,088 - pytorch_cvae.py[line:169] - INFO: ----------------------------No.27 epoch----------------------------
2022-11-07 15:15:15,088 - pytorch_cvae.py[line:176] - INFO: loss:1732.7817848995328, numeric_loss:389.53588258777745, categorical_loss:306.6225014438012, kld_loss:20027.618461370468, epoch_train_time:43.86760134994984
2022-11-07 15:15:59,222 - pytorch_cvae.py[line:169] - INFO: ----------------------------No.28 epoch----------------------------
2022-11-07 15:15:59,222 - pytorch_cvae.py[line:176] - INFO: loss:1543.7756692133844, numeric_loss:433.84412562602665, categorical_loss:164.01753968329103, kld_loss:16980.064145088196, epoch_train_time:44.133418888784945
2022-11-07 15:16:43,427 - pytorch_cvae.py[line:169] - INFO: ----------------------------No.29 epoch----------------------------
2022-11-07 15:16:43,427 - pytorch_cvae.py[line:176] - INFO: loss:1613.9925648905337, numeric_loss:437.66793830657844, categorical_loss:196.59401498514853, kld_loss:16357.163561582565, epoch_train_time:44.20476839132607
2022-11-07 15:17:27,807 - pytorch_cvae.py[line:169] - INFO: ----------------------------No.30 epoch----------------------------
2022-11-07 15:17:27,807 - pytorch_cvae.py[line:176] - INFO: loss:1763.56084459275, numeric_loss:453.3232448355993, categorical_loss:262.1837553859632, kld_loss:16290.441186726093, epoch_train_time:44.37979869917035
2022-11-07 15:18:12,465 - pytorch_cvae.py[line:169] - INFO: ----------------------------No.31 epoch----------------------------
2022-11-07 15:18:12,465 - pytorch_cvae.py[line:176] - INFO: loss:1624.182493813336, numeric_loss:425.7083728235448, categorical_loss:160.54424035395277, kld_loss:15034.864633202553, epoch_train_time:44.65753391478211
2022-11-07 15:18:57,261 - pytorch_cvae.py[line:169] - INFO: ----------------------------No.32 epoch----------------------------
2022-11-07 15:18:57,262 - pytorch_cvae.py[line:176] - INFO: loss:1879.7382837682962, numeric_loss:443.1106969336979, categorical_loss:272.48451645709065, kld_loss:15730.929598927498, epoch_train_time:44.79674076195806
2022-11-07 15:19:41,603 - pytorch_cvae.py[line:169] - INFO: ----------------------------No.33 epoch----------------------------
2022-11-07 15:19:41,604 - pytorch_cvae.py[line:176] - INFO: loss:1922.369418375194, numeric_loss:438.3535256574396, categorical_loss:275.4655829494459, kld_loss:15249.780124306679, epoch_train_time:44.34173645544797
2022-11-07 15:20:26,096 - pytorch_cvae.py[line:169] - INFO: ----------------------------No.34 epoch----------------------------
2022-11-07 15:20:26,096 - pytorch_cvae.py[line:176] - INFO: loss:2043.9658422023058, numeric_loss:443.6646889159456, categorical_loss:311.32051288738785, kld_loss:15203.038261830807, epoch_train_time:44.49270896427333
2022-11-07 15:21:10,264 - pytorch_cvae.py[line:169] - INFO: ----------------------------No.35 epoch----------------------------
2022-11-07 15:21:10,265 - pytorch_cvae.py[line:176] - INFO: loss:2099.853392213583, numeric_loss:464.78378398914356, categorical_loss:285.25295155198546, kld_loss:14896.291671395302, epoch_train_time:44.168004057370126
2022-11-07 15:21:54,504 - pytorch_cvae.py[line:169] - INFO: ----------------------------No.36 epoch----------------------------
2022-11-07 15:21:54,504 - pytorch_cvae.py[line:176] - INFO: loss:2122.859780050814, numeric_loss:439.3150635936763, categorical_loss:296.16564383785226, kld_loss:14340.101722538471, epoch_train_time:44.239524917677045
2022-11-07 15:22:38,771 - pytorch_cvae.py[line:169] - INFO: ----------------------------No.37 epoch----------------------------
2022-11-07 15:22:38,772 - pytorch_cvae.py[line:176] - INFO: loss:2260.0207533165812, numeric_loss:435.3897938816808, categorical_loss:338.62462877560756, kld_loss:14400.10903531313, epoch_train_time:44.26704852283001
2022-11-07 15:23:22,896 - pytorch_cvae.py[line:169] - INFO: ----------------------------No.38 epoch----------------------------
2022-11-07 15:23:22,896 - pytorch_cvae.py[line:176] - INFO: loss:2360.868470802903, numeric_loss:446.10294962953776, categorical_loss:326.536291157041, kld_loss:14443.770639717579, epoch_train_time:44.12446280196309
2022-11-07 15:24:07,122 - pytorch_cvae.py[line:169] - INFO: ----------------------------No.39 epoch----------------------------
2022-11-07 15:24:07,122 - pytorch_cvae.py[line:176] - INFO: loss:2334.1551978439093, numeric_loss:436.0782868715469, categorical_loss:305.3451133640556, kld_loss:13607.133516609669, epoch_train_time:44.225824299268425
2022-11-07 15:24:51,140 - pytorch_cvae.py[line:169] - INFO: ----------------------------No.40 epoch----------------------------
2022-11-07 15:24:51,140 - pytorch_cvae.py[line:176] - INFO: loss:2574.265385493636, numeric_loss:443.64840209810063, categorical_loss:384.3806001525809, kld_loss:14028.716094970703, epoch_train_time:44.01795044448227
2022-11-07 15:25:34,959 - pytorch_cvae.py[line:169] - INFO: ----------------------------No.41 epoch----------------------------
2022-11-07 15:25:34,960 - pytorch_cvae.py[line:176] - INFO: loss:2605.6569188162684, numeric_loss:441.34259574348107, categorical_loss:370.81389790828325, kld_loss:13562.557351887226, epoch_train_time:43.81898689083755
2022-11-07 15:26:18,719 - pytorch_cvae.py[line:169] - INFO: ----------------------------No.42 epoch----------------------------
2022-11-07 15:26:18,719 - pytorch_cvae.py[line:176] - INFO: loss:2646.4681356847286, numeric_loss:425.2803932435345, categorical_loss:386.4025500116695, kld_loss:13073.287180244923, epoch_train_time:43.758970954455435
2022-11-07 15:27:02,589 - pytorch_cvae.py[line:169] - INFO: ----------------------------No.43 epoch----------------------------
2022-11-07 15:27:02,590 - pytorch_cvae.py[line:176] - INFO: loss:2818.053998529911, numeric_loss:459.02938076120336, categorical_loss:395.56520952878054, kld_loss:13195.17801040411, epoch_train_time:43.87068979255855
2022-11-07 15:27:46,975 - pytorch_cvae.py[line:169] - INFO: ----------------------------No.44 epoch----------------------------
2022-11-07 15:27:46,975 - pytorch_cvae.py[line:176] - INFO: loss:2928.1253684684634, numeric_loss:441.11707488493994, categorical_loss:433.2841197113885, kld_loss:13030.573250234127, epoch_train_time:44.385467156767845
2022-11-07 15:28:31,320 - pytorch_cvae.py[line:169] - INFO: ----------------------------No.45 epoch----------------------------
2022-11-07 15:28:31,320 - pytorch_cvae.py[line:176] - INFO: loss:2968.271663554013, numeric_loss:443.67709340155125, categorical_loss:433.67738983804884, kld_loss:12537.778144598007, epoch_train_time:44.34449306037277
2022-11-07 15:29:15,626 - pytorch_cvae.py[line:169] - INFO: ----------------------------No.46 epoch----------------------------
2022-11-07 15:29:15,626 - pytorch_cvae.py[line:176] - INFO: loss:3601.6700036749244, numeric_loss:470.88743331679143, categorical_loss:724.5776079000716, kld_loss:13649.383615076542, epoch_train_time:44.30598089005798
2022-11-07 15:29:59,723 - pytorch_cvae.py[line:169] - INFO: ----------------------------No.47 epoch----------------------------
2022-11-07 15:29:59,723 - pytorch_cvae.py[line:176] - INFO: loss:3124.6740228533745, numeric_loss:440.3171158854384, categorical_loss:425.6056604172918, kld_loss:12133.323570609093, epoch_train_time:44.096915720030665
2022-11-07 15:30:43,675 - pytorch_cvae.py[line:169] - INFO: ----------------------------No.48 epoch----------------------------
2022-11-07 15:30:43,675 - pytorch_cvae.py[line:176] - INFO: loss:3258.6635911017656, numeric_loss:440.63486841344275, categorical_loss:474.8283827092673, kld_loss:11931.252173841, epoch_train_time:43.952005280181766
2022-11-07 15:31:27,642 - pytorch_cvae.py[line:169] - INFO: ----------------------------No.49 epoch----------------------------
2022-11-07 15:31:27,642 - pytorch_cvae.py[line:176] - INFO: loss:3501.9340252429247, numeric_loss:460.4489403082989, categorical_loss:551.8797402807395, kld_loss:12028.366384834051, epoch_train_time:43.96643069759011
2022-11-07 15:32:12,077 - pytorch_cvae.py[line:169] - INFO: ----------------------------No.50 epoch----------------------------
2022-11-07 15:32:12,077 - pytorch_cvae.py[line:176] - INFO: loss:3649.7141872942448, numeric_loss:467.4886977178976, categorical_loss:574.5224990916031, kld_loss:11966.526922047138, epoch_train_time:44.434858810156584
2022-11-07 15:32:55,940 - pytorch_cvae.py[line:169] - INFO: ----------------------------No.51 epoch----------------------------
2022-11-07 15:32:55,940 - pytorch_cvae.py[line:176] - INFO: loss:3720.897552937269, numeric_loss:457.7289284951985, categorical_loss:609.2445383846061, kld_loss:11578.88165768981, epoch_train_time:43.8627536483109
2022-11-07 15:33:39,890 - pytorch_cvae.py[line:169] - INFO: ----------------------------No.52 epoch----------------------------
2022-11-07 15:33:39,890 - pytorch_cvae.py[line:176] - INFO: loss:3786.044752702117, numeric_loss:437.561835647095, categorical_loss:596.0174300274812, kld_loss:11428.84705901146, epoch_train_time:43.950101983733475
2022-11-07 15:34:23,806 - pytorch_cvae.py[line:169] - INFO: ----------------------------No.53 epoch----------------------------
2022-11-07 15:34:23,806 - pytorch_cvae.py[line:176] - INFO: loss:3903.297225818038, numeric_loss:450.3889709559735, categorical_loss:617.9445396373048, kld_loss:11214.10900592804, epoch_train_time:43.915325835347176
2022-11-07 15:35:07,578 - pytorch_cvae.py[line:169] - INFO: ----------------------------No.54 epoch----------------------------
2022-11-07 15:35:07,578 - pytorch_cvae.py[line:176] - INFO: loss:4110.960680380464, numeric_loss:450.74438243405893, categorical_loss:700.2765813480946, kld_loss:11165.31893247366, epoch_train_time:43.77248139958829
2022-11-07 15:35:51,775 - pytorch_cvae.py[line:169] - INFO: ----------------------------No.55 epoch----------------------------
2022-11-07 15:35:51,775 - pytorch_cvae.py[line:176] - INFO: loss:4364.911148115993, numeric_loss:454.729338681791, categorical_loss:819.6061819630559, kld_loss:11128.405900716782, epoch_train_time:44.19612795859575
2022-11-07 15:36:35,712 - pytorch_cvae.py[line:169] - INFO: ----------------------------No.56 epoch----------------------------
2022-11-07 15:36:35,712 - pytorch_cvae.py[line:176] - INFO: loss:4415.339009419084, numeric_loss:446.67304860032164, categorical_loss:790.2888235876162, kld_loss:10935.498955577612, epoch_train_time:43.9372694035992
2022-11-07 15:37:19,873 - pytorch_cvae.py[line:169] - INFO: ----------------------------No.57 epoch----------------------------
2022-11-07 15:37:19,873 - pytorch_cvae.py[line:176] - INFO: loss:4737.766642317176, numeric_loss:446.49827774614096, categorical_loss:957.3818565829424, kld_loss:10971.294817090034, epoch_train_time:44.16085543856025
2022-11-07 15:38:03,814 - pytorch_cvae.py[line:169] - INFO: ----------------------------No.58 epoch----------------------------
2022-11-07 15:38:03,814 - pytorch_cvae.py[line:176] - INFO: loss:5061.770069822669, numeric_loss:462.21681929938495, categorical_loss:1142.5570805962197, kld_loss:10892.163413494825, epoch_train_time:43.94068634416908
2022-11-07 15:38:47,955 - pytorch_cvae.py[line:169] - INFO: ----------------------------No.59 epoch----------------------------
2022-11-07 15:38:47,955 - pytorch_cvae.py[line:176] - INFO: loss:4928.667313575745, numeric_loss:441.10571505501866, categorical_loss:1040.4965462111868, kld_loss:10408.957043796778, epoch_train_time:44.14080247003585
2022-11-07 15:39:31,720 - pytorch_cvae.py[line:169] - INFO: ----------------------------No.60 epoch----------------------------
2022-11-07 15:39:31,720 - pytorch_cvae.py[line:176] - INFO: loss:5013.826192289591, numeric_loss:452.80472323670983, categorical_loss:998.5900138572324, kld_loss:10320.032172620296, epoch_train_time:43.76448878552765
2022-11-07 15:40:15,674 - pytorch_cvae.py[line:169] - INFO: ----------------------------No.61 epoch----------------------------
2022-11-07 15:40:15,674 - pytorch_cvae.py[line:176] - INFO: loss:5242.65108063817, numeric_loss:457.54296436952427, categorical_loss:1124.0627284110524, kld_loss:10184.757543832064, epoch_train_time:43.95433356799185
2022-11-07 15:40:59,789 - pytorch_cvae.py[line:169] - INFO: ----------------------------No.62 epoch----------------------------
2022-11-07 15:40:59,789 - pytorch_cvae.py[line:176] - INFO: loss:5843.579760879278, numeric_loss:455.4137247847393, categorical_loss:1712.9849048159085, kld_loss:9828.103127002716, epoch_train_time:44.11428687442094
2022-11-07 15:41:43,847 - pytorch_cvae.py[line:169] - INFO: ----------------------------No.63 epoch----------------------------
2022-11-07 15:41:43,847 - pytorch_cvae.py[line:176] - INFO: loss:5483.509900972247, numeric_loss:463.64069235511124, categorical_loss:1170.811681519961, kld_loss:9904.328509390354, epoch_train_time:44.057920259423554
2022-11-07 15:42:27,656 - pytorch_cvae.py[line:169] - INFO: ----------------------------No.64 epoch----------------------------
2022-11-07 15:42:27,656 - pytorch_cvae.py[line:176] - INFO: loss:6321.006427794695, numeric_loss:437.3955950457603, categorical_loss:2254.5227117653703, kld_loss:8994.604790240526, epoch_train_time:43.80918537918478
2022-11-07 15:43:11,672 - pytorch_cvae.py[line:169] - INFO: ----------------------------No.65 epoch----------------------------
2022-11-07 15:43:11,672 - pytorch_cvae.py[line:176] - INFO: loss:6395.730145007372, numeric_loss:431.8440121691674, categorical_loss:2334.6349272797816, kld_loss:8672.610867381096, epoch_train_time:44.015837646089494
2022-11-07 15:43:55,227 - pytorch_cvae.py[line:169] - INFO: ----------------------------No.66 epoch----------------------------
2022-11-07 15:43:55,227 - pytorch_cvae.py[line:176] - INFO: loss:6685.840053126216, numeric_loss:437.10115588922054, categorical_loss:2730.8796986425295, kld_loss:8113.230750799179, epoch_train_time:43.55460325721651
2022-11-07 15:44:39,304 - pytorch_cvae.py[line:169] - INFO: ----------------------------No.67 epoch----------------------------
2022-11-07 15:44:39,304 - pytorch_cvae.py[line:176] - INFO: loss:6757.505069628358, numeric_loss:430.88959886459634, categorical_loss:2797.9124243734404, kld_loss:7862.258689299226, epoch_train_time:44.076994854956865
2022-11-07 15:45:23,301 - pytorch_cvae.py[line:169] - INFO: ----------------------------No.68 epoch----------------------------
2022-11-07 15:45:23,301 - pytorch_cvae.py[line:176] - INFO: loss:6914.397951379418, numeric_loss:439.3984993742779, categorical_loss:2973.120163093321, kld_loss:7545.439216405153, epoch_train_time:43.99690265208483
2022-11-07 15:46:07,034 - pytorch_cvae.py[line:169] - INFO: ----------------------------No.69 epoch----------------------------
2022-11-07 15:46:07,034 - pytorch_cvae.py[line:176] - INFO: loss:7008.514280095696, numeric_loss:431.1296176719479, categorical_loss:3014.2318928344175, kld_loss:7431.957642391324, epoch_train_time:43.732559585012496
2022-11-07 15:46:51,200 - pytorch_cvae.py[line:169] - INFO: ----------------------------No.70 epoch----------------------------
2022-11-07 15:46:51,200 - pytorch_cvae.py[line:176] - INFO: loss:7024.741230994463, numeric_loss:422.6198824737221, categorical_loss:3051.784413900692, kld_loss:7175.597751498222, epoch_train_time:44.16593341529369
2022-11-07 15:47:35,504 - pytorch_cvae.py[line:169] - INFO: ----------------------------No.71 epoch----------------------------
2022-11-07 15:47:35,505 - pytorch_cvae.py[line:176] - INFO: loss:7151.528527751565, numeric_loss:430.7503593964502, categorical_loss:3080.1857072748244, kld_loss:7136.98204241693, epoch_train_time:44.30412391200662
2022-11-07 15:48:19,347 - pytorch_cvae.py[line:169] - INFO: ----------------------------No.72 epoch----------------------------
2022-11-07 15:48:19,347 - pytorch_cvae.py[line:176] - INFO: loss:7266.995787262917, numeric_loss:436.48764801351354, categorical_loss:3129.5638509616256, kld_loss:7044.389869689941, epoch_train_time:43.842324966564775
2022-11-07 15:49:03,522 - pytorch_cvae.py[line:169] - INFO: ----------------------------No.73 epoch----------------------------
2022-11-07 15:49:03,522 - pytorch_cvae.py[line:176] - INFO: loss:7366.426174148917, numeric_loss:429.43086932087317, categorical_loss:3242.998273193836, kld_loss:6833.606968633831, epoch_train_time:44.17513720318675
2022-11-07 15:49:47,567 - pytorch_cvae.py[line:169] - INFO: ----------------------------No.74 epoch----------------------------
2022-11-07 15:49:47,567 - pytorch_cvae.py[line:176] - INFO: loss:7386.404202282429, numeric_loss:422.04680720344186, categorical_loss:3268.70020817779, kld_loss:6651.230661660433, epoch_train_time:44.044699965044856
2022-11-07 15:50:30,378 - pytorch_cvae.py[line:169] - INFO: ----------------------------No.75 epoch----------------------------
2022-11-07 15:50:30,378 - pytorch_cvae.py[line:176] - INFO: loss:7529.588115692139, numeric_loss:425.2408678927459, categorical_loss:3356.919752497226, kld_loss:6568.02491760999, epoch_train_time:42.810805413872004
2022-11-07 15:51:14,479 - pytorch_cvae.py[line:169] - INFO: ----------------------------No.76 epoch----------------------------
2022-11-07 15:51:14,479 - pytorch_cvae.py[line:176] - INFO: loss:7591.038026422262, numeric_loss:422.2856888710521, categorical_loss:3395.286314535886, kld_loss:6447.145500987768, epoch_train_time:44.100639873184264
2022-11-07 15:51:58,527 - pytorch_cvae.py[line:169] - INFO: ----------------------------No.77 epoch----------------------------
2022-11-07 15:51:58,527 - pytorch_cvae.py[line:176] - INFO: loss:7792.087794825435, numeric_loss:425.4099493138492, categorical_loss:3546.9452070593834, kld_loss:6368.245215527713, epoch_train_time:44.04810640402138
2022-11-07 15:52:42,525 - pytorch_cvae.py[line:169] - INFO: ----------------------------No.78 epoch----------------------------
2022-11-07 15:52:42,526 - pytorch_cvae.py[line:176] - INFO: loss:7813.010072648525, numeric_loss:417.11669793352485, categorical_loss:3567.3655878528953, kld_loss:6234.658958658576, epoch_train_time:43.99803353101015
2022-11-07 15:53:26,294 - pytorch_cvae.py[line:169] - INFO: ----------------------------No.79 epoch----------------------------
2022-11-07 15:53:26,294 - pytorch_cvae.py[line:176] - INFO: loss:7862.493013039231, numeric_loss:408.65301747294143, categorical_loss:3642.1337890587747, kld_loss:6069.161346800625, epoch_train_time:43.768216212280095
2022-11-07 15:54:10,361 - pytorch_cvae.py[line:169] - INFO: ----------------------------No.80 epoch----------------------------
2022-11-07 15:54:10,361 - pytorch_cvae.py[line:176] - INFO: loss:7886.786485508084, numeric_loss:417.71570678055286, categorical_loss:3655.637365978211, kld_loss:5942.758766055107, epoch_train_time:44.0664708763361
2022-11-07 15:54:54,313 - pytorch_cvae.py[line:169] - INFO: ----------------------------No.81 epoch----------------------------
2022-11-07 15:54:54,314 - pytorch_cvae.py[line:176] - INFO: loss:8007.896726772189, numeric_loss:404.32503122556955, categorical_loss:3741.220404902473, kld_loss:5896.858226880431, epoch_train_time:43.95269444491714
2022-11-07 15:55:38,138 - pytorch_cvae.py[line:169] - INFO: ----------------------------No.82 epoch----------------------------
2022-11-07 15:55:38,138 - pytorch_cvae.py[line:176] - INFO: loss:8126.683786198497, numeric_loss:406.6353891370818, categorical_loss:3839.2874223552644, kld_loss:5810.547579750419, epoch_train_time:43.824260235764086
2022-11-07 15:56:22,194 - pytorch_cvae.py[line:169] - INFO: ----------------------------No.83 epoch----------------------------
2022-11-07 15:56:22,194 - pytorch_cvae.py[line:176] - INFO: loss:8184.361248031259, numeric_loss:403.8165645948611, categorical_loss:3932.9172039292753, kld_loss:5655.340041615069, epoch_train_time:44.055697835981846
2022-11-07 15:57:06,301 - pytorch_cvae.py[line:169] - INFO: ----------------------------No.84 epoch----------------------------
2022-11-07 15:57:06,301 - pytorch_cvae.py[line:176] - INFO: loss:8225.894423276186, numeric_loss:403.42086327588186, categorical_loss:4008.8143040575087, kld_loss:5508.171584352851, epoch_train_time:44.107420911081135
2022-11-07 15:57:50,355 - pytorch_cvae.py[line:169] - INFO: ----------------------------No.85 epoch----------------------------
2022-11-07 15:57:50,355 - pytorch_cvae.py[line:176] - INFO: loss:8312.842521131039, numeric_loss:400.4993651546538, categorical_loss:4084.078343860805, kld_loss:5438.782402031124, epoch_train_time:44.053760641254485
2022-11-07 15:58:34,336 - pytorch_cvae.py[line:169] - INFO: ----------------------------No.86 epoch----------------------------
2022-11-07 15:58:34,336 - pytorch_cvae.py[line:176] - INFO: loss:8420.919409617782, numeric_loss:407.2748933220282, categorical_loss:4181.946241535246, kld_loss:5359.93385566026, epoch_train_time:43.98071686271578
2022-11-07 15:59:18,186 - pytorch_cvae.py[line:169] - INFO: ----------------------------No.87 epoch----------------------------
2022-11-07 15:59:18,186 - pytorch_cvae.py[line:176] - INFO: loss:8397.294710561633, numeric_loss:402.9877827363089, categorical_loss:4173.27670269087, kld_loss:5268.067504025996, epoch_train_time:43.84968348313123
2022-11-07 16:00:02,330 - pytorch_cvae.py[line:169] - INFO: ----------------------------No.88 epoch----------------------------
2022-11-07 16:00:02,331 - pytorch_cvae.py[line:176] - INFO: loss:8570.597815528512, numeric_loss:399.57307078968734, categorical_loss:4497.28306632489, kld_loss:4997.082325927913, epoch_train_time:44.14417391549796
2022-11-07 16:00:45,902 - pytorch_cvae.py[line:169] - INFO: ----------------------------No.89 epoch----------------------------
2022-11-07 16:00:45,903 - pytorch_cvae.py[line:176] - INFO: loss:8547.345514461398, numeric_loss:400.5184677946381, categorical_loss:4719.474718928337, kld_loss:4604.028227750212, epoch_train_time:43.571834965609014
2022-11-07 16:01:29,596 - pytorch_cvae.py[line:169] - INFO: ----------------------------No.90 epoch----------------------------
2022-11-07 16:01:29,596 - pytorch_cvae.py[line:176] - INFO: loss:8600.444642975926, numeric_loss:397.22288087569177, categorical_loss:5095.20267637074, kld_loss:4127.323509067297, epoch_train_time:43.693550444208086
2022-11-07 16:02:13,409 - pytorch_cvae.py[line:169] - INFO: ----------------------------No.91 epoch----------------------------
2022-11-07 16:02:13,409 - pytorch_cvae.py[line:176] - INFO: loss:8834.35096295178, numeric_loss:396.81507956888527, categorical_loss:5971.373481526971, kld_loss:3240.7566287592053, epoch_train_time:43.812965316697955
2022-11-07 16:02:56,989 - pytorch_cvae.py[line:169] - INFO: ----------------------------No.92 epoch----------------------------
2022-11-07 16:02:56,989 - pytorch_cvae.py[line:176] - INFO: loss:8755.15092766285, numeric_loss:391.2076117619872, categorical_loss:5793.364807374775, kld_loss:3346.0299694873393, epoch_train_time:43.57971660234034
2022-11-07 16:03:40,738 - pytorch_cvae.py[line:169] - INFO: ----------------------------No.93 epoch----------------------------
2022-11-07 16:03:40,738 - pytorch_cvae.py[line:176] - INFO: loss:9059.049535632133, numeric_loss:394.79289007978514, categorical_loss:7210.756614804268, kld_loss:1875.9553178204224, epoch_train_time:43.748737966641784
2022-11-07 16:04:24,599 - pytorch_cvae.py[line:169] - INFO: ----------------------------No.94 epoch----------------------------
2022-11-07 16:04:24,599 - pytorch_cvae.py[line:176] - INFO: loss:8869.057965159416, numeric_loss:390.89243237208575, categorical_loss:7203.833445742726, kld_loss:1632.4235192453489, epoch_train_time:43.86086612660438
2022-11-07 16:05:08,426 - pytorch_cvae.py[line:169] - INFO: ----------------------------No.95 epoch----------------------------
2022-11-07 16:05:08,426 - pytorch_cvae.py[line:176] - INFO: loss:8792.810678973794, numeric_loss:387.84251517103985, categorical_loss:7164.310812488198, kld_loss:1578.9892533365637, epoch_train_time:43.82619625236839
2022-11-07 16:05:52,594 - pytorch_cvae.py[line:169] - INFO: ----------------------------No.96 epoch----------------------------
2022-11-07 16:05:52,595 - pytorch_cvae.py[line:176] - INFO: loss:8924.66028176248, numeric_loss:387.0791830676608, categorical_loss:7250.654104936868, kld_loss:1628.8931574802846, epoch_train_time:44.168561211787164
2022-11-07 16:06:36,698 - pytorch_cvae.py[line:169] - INFO: ----------------------------No.97 epoch----------------------------
2022-11-07 16:06:36,699 - pytorch_cvae.py[line:176] - INFO: loss:8880.786325529218, numeric_loss:389.7349267983809, categorical_loss:7257.118570454419, kld_loss:1554.8048478562268, epoch_train_time:44.10383857693523
2022-11-07 16:07:20,869 - pytorch_cvae.py[line:169] - INFO: ----------------------------No.98 epoch----------------------------
2022-11-07 16:07:20,869 - pytorch_cvae.py[line:176] - INFO: loss:8773.237760975957, numeric_loss:383.35059905517846, categorical_loss:7256.167237602174, kld_loss:1423.5413947883062, epoch_train_time:44.17052450310439
2022-11-07 16:08:04,751 - pytorch_cvae.py[line:169] - INFO: ----------------------------No.99 epoch----------------------------
2022-11-07 16:08:04,751 - pytorch_cvae.py[line:176] - INFO: loss:8844.38803614676, numeric_loss:385.88241842156276, categorical_loss:7446.03146712482, kld_loss:1268.1264134664088, epoch_train_time:43.881831234321
2022-11-07 16:08:48,658 - pytorch_cvae.py[line:169] - INFO: ----------------------------No.100 epoch----------------------------
2022-11-07 16:08:48,658 - pytorch_cvae.py[line:176] - INFO: loss:8867.087141215801, numeric_loss:388.35878770053387, categorical_loss:7426.309560477734, kld_loss:1316.1813704287633, epoch_train_time:43.906809638254344
2022-11-07 16:09:32,833 - pytorch_cvae.py[line:169] - INFO: ----------------------------No.101 epoch----------------------------
2022-11-07 16:09:32,834 - pytorch_cvae.py[line:176] - INFO: loss:8851.800639420748, numeric_loss:388.8239664118737, categorical_loss:7414.870198689401, kld_loss:1310.1330871134996, epoch_train_time:44.175032779574394
2022-11-07 16:10:16,900 - pytorch_cvae.py[line:169] - INFO: ----------------------------No.102 epoch----------------------------
2022-11-07 16:10:16,900 - pytorch_cvae.py[line:176] - INFO: loss:8823.67315505445, numeric_loss:384.97745867818594, categorical_loss:7384.567869439721, kld_loss:1317.6597717744298, epoch_train_time:44.066280107945204
2022-11-07 16:11:00,696 - pytorch_cvae.py[line:169] - INFO: ----------------------------No.103 epoch----------------------------
2022-11-07 16:11:00,696 - pytorch_cvae.py[line:176] - INFO: loss:8823.479801103473, numeric_loss:387.39087981777266, categorical_loss:7331.022937953472, kld_loss:1381.3324644276872, epoch_train_time:43.79554213769734
2022-11-07 16:11:44,594 - pytorch_cvae.py[line:169] - INFO: ----------------------------No.104 epoch----------------------------
2022-11-07 16:11:44,595 - pytorch_cvae.py[line:176] - INFO: loss:8781.926248192787, numeric_loss:385.8608325179666, categorical_loss:7193.1962659657, kld_loss:1503.586427810369, epoch_train_time:43.89857895858586
2022-11-07 16:12:28,654 - pytorch_cvae.py[line:169] - INFO: ----------------------------No.105 epoch----------------------------
2022-11-07 16:12:28,654 - pytorch_cvae.py[line:176] - INFO: loss:8811.04571799934, numeric_loss:388.9838169068098, categorical_loss:7216.98994332552, kld_loss:1506.3399245995097, epoch_train_time:44.059446113184094
2022-11-07 16:13:12,797 - pytorch_cvae.py[line:169] - INFO: ----------------------------No.106 epoch----------------------------
2022-11-07 16:13:12,797 - pytorch_cvae.py[line:176] - INFO: loss:8790.409993186593, numeric_loss:390.9716130546294, categorical_loss:7228.651334524155, kld_loss:1463.4837912176736, epoch_train_time:44.142316416837275
2022-11-07 16:13:57,090 - pytorch_cvae.py[line:169] - INFO: ----------------------------No.107 epoch----------------------------
2022-11-07 16:13:57,090 - pytorch_cvae.py[line:176] - INFO: loss:8783.55954554677, numeric_loss:389.62603226304054, categorical_loss:7200.171427510679, kld_loss:1492.202583739534, epoch_train_time:44.293278503231704
2022-11-07 16:14:41,297 - pytorch_cvae.py[line:169] - INFO: ----------------------------No.108 epoch----------------------------
2022-11-07 16:14:41,297 - pytorch_cvae.py[line:176] - INFO: loss:8764.404132083058, numeric_loss:390.7569466661662, categorical_loss:7171.901093021035, kld_loss:1502.1825935710222, epoch_train_time:44.20701442472637
2022-11-07 16:15:25,263 - pytorch_cvae.py[line:169] - INFO: ----------------------------No.109 epoch----------------------------
2022-11-07 16:15:25,263 - pytorch_cvae.py[line:176] - INFO: loss:8753.015781149268, numeric_loss:389.25162490969524, categorical_loss:7168.976942129433, kld_loss:1493.4840038411785, epoch_train_time:43.96537288464606
2022-11-07 16:16:09,150 - pytorch_cvae.py[line:169] - INFO: ----------------------------No.110 epoch----------------------------
2022-11-07 16:16:09,150 - pytorch_cvae.py[line:176] - INFO: loss:8734.726393640041, numeric_loss:388.86950489366427, categorical_loss:7185.89413202554, kld_loss:1449.9534328903537, epoch_train_time:43.88670290540904
2022-11-07 16:16:53,142 - pytorch_cvae.py[line:169] - INFO: ----------------------------No.111 epoch----------------------------
2022-11-07 16:16:53,142 - pytorch_cvae.py[line:176] - INFO: loss:8729.120386198163, numeric_loss:392.78450058121234, categorical_loss:7159.872148647904, kld_loss:1470.5796511806548, epoch_train_time:43.99242046568543
2022-11-07 16:17:36,961 - pytorch_cvae.py[line:169] - INFO: ----------------------------No.112 epoch----------------------------
2022-11-07 16:17:36,961 - pytorch_cvae.py[line:176] - INFO: loss:8738.230867639184, numeric_loss:390.3966368974652, categorical_loss:7137.648271463811, kld_loss:1512.7324329055846, epoch_train_time:43.81874314788729
2022-11-07 16:18:21,001 - pytorch_cvae.py[line:169] - INFO: ----------------------------No.113 epoch----------------------------
2022-11-07 16:18:21,001 - pytorch_cvae.py[line:176] - INFO: loss:8762.434718206525, numeric_loss:385.1464223926887, categorical_loss:7163.235242344439, kld_loss:1517.5663041337393, epoch_train_time:44.03971501998603
2022-11-07 16:19:04,710 - pytorch_cvae.py[line:169] - INFO: ----------------------------No.114 epoch----------------------------
2022-11-07 16:19:04,710 - pytorch_cvae.py[line:176] - INFO: loss:8824.035009980202, numeric_loss:390.38059354620054, categorical_loss:7209.763808868825, kld_loss:1529.8632345320657, epoch_train_time:43.70867833867669
2022-11-07 16:19:48,534 - pytorch_cvae.py[line:169] - INFO: ----------------------------No.115 epoch----------------------------
2022-11-07 16:19:48,534 - pytorch_cvae.py[line:176] - INFO: loss:8810.794830560684, numeric_loss:388.6839036634192, categorical_loss:7228.72678668797, kld_loss:1491.7301625827095, epoch_train_time:43.82399180717766
2022-11-07 16:20:32,391 - pytorch_cvae.py[line:169] - INFO: ----------------------------No.116 epoch----------------------------
2022-11-07 16:20:32,391 - pytorch_cvae.py[line:176] - INFO: loss:8823.013651758432, numeric_loss:389.07945065014064, categorical_loss:7226.9839996397495, kld_loss:1508.687735420186, epoch_train_time:43.85663671605289
2022-11-07 16:21:16,130 - pytorch_cvae.py[line:169] - INFO: ----------------------------No.117 epoch----------------------------
2022-11-07 16:21:16,130 - pytorch_cvae.py[line:176] - INFO: loss:8853.026176899672, numeric_loss:393.8963350355625, categorical_loss:7230.710638284683, kld_loss:1535.5239783953875, epoch_train_time:43.7387253716588
2022-11-07 16:21:59,849 - pytorch_cvae.py[line:169] - INFO: ----------------------------No.118 epoch----------------------------
2022-11-07 16:21:59,850 - pytorch_cvae.py[line:176] - INFO: loss:8748.276604890823, numeric_loss:387.39334846055135, categorical_loss:7169.029649160802, kld_loss:1489.8169875806198, epoch_train_time:43.71921993140131
2022-11-07 16:22:43,951 - pytorch_cvae.py[line:169] - INFO: ----------------------------No.119 epoch----------------------------
2022-11-07 16:22:43,951 - pytorch_cvae.py[line:176] - INFO: loss:8795.692341178656, numeric_loss:388.6061657881364, categorical_loss:7217.027757111937, kld_loss:1487.5730094322935, epoch_train_time:44.101183886639774
2022-11-07 16:23:27,723 - pytorch_cvae.py[line:169] - INFO: ----------------------------No.120 epoch----------------------------
2022-11-07 16:23:27,723 - pytorch_cvae.py[line:176] - INFO: loss:8768.954025954008, numeric_loss:385.81319092586637, categorical_loss:7220.501368016005, kld_loss:1453.2993173461873, epoch_train_time:43.77238323446363
2022-11-07 16:24:11,527 - pytorch_cvae.py[line:169] - INFO: ----------------------------No.121 epoch----------------------------
2022-11-07 16:24:11,527 - pytorch_cvae.py[line:176] - INFO: loss:8821.911935523152, numeric_loss:387.6049158787355, categorical_loss:7261.933313660324, kld_loss:1465.467118031811, epoch_train_time:43.80308203212917
2022-11-07 16:24:54,980 - pytorch_cvae.py[line:169] - INFO: ----------------------------No.122 epoch----------------------------
2022-11-07 16:24:54,980 - pytorch_cvae.py[line:176] - INFO: loss:8882.394015654922, numeric_loss:393.84238538052887, categorical_loss:7459.682774242014, kld_loss:1286.0860478334944, epoch_train_time:43.45355202257633
2022-11-07 16:25:39,046 - pytorch_cvae.py[line:169] - INFO: ----------------------------No.123 epoch----------------------------
2022-11-07 16:25:39,047 - pytorch_cvae.py[line:176] - INFO: loss:8718.20393204689, numeric_loss:387.0964747709222, categorical_loss:7173.97216194123, kld_loss:1446.419085554313, epoch_train_time:44.06585241667926
2022-11-07 16:26:22,892 - pytorch_cvae.py[line:169] - INFO: ----------------------------No.124 epoch----------------------------
2022-11-07 16:26:22,892 - pytorch_cvae.py[line:176] - INFO: loss:8725.211719796062, numeric_loss:385.88417846988887, categorical_loss:7137.7075330764055, kld_loss:1502.0249916715547, epoch_train_time:43.84524751920253
2022-11-07 16:27:06,902 - pytorch_cvae.py[line:169] - INFO: ----------------------------No.125 epoch----------------------------
2022-11-07 16:27:06,902 - pytorch_cvae.py[line:176] - INFO: loss:8777.735835805535, numeric_loss:386.1573743983172, categorical_loss:7231.386865280569, kld_loss:1450.2394603597932, epoch_train_time:44.00991125125438
2022-11-07 16:27:50,864 - pytorch_cvae.py[line:169] - INFO: ----------------------------No.126 epoch----------------------------
2022-11-07 16:27:50,864 - pytorch_cvae.py[line:176] - INFO: loss:8827.340100571513, numeric_loss:385.6215973193757, categorical_loss:7233.100250773132, kld_loss:1510.7727894256823, epoch_train_time:43.96173823904246
2022-11-07 16:28:34,571 - pytorch_cvae.py[line:169] - INFO: ----------------------------No.127 epoch----------------------------
2022-11-07 16:28:34,571 - pytorch_cvae.py[line:176] - INFO: loss:8821.801482841372, numeric_loss:385.35622046422213, categorical_loss:7312.920894123614, kld_loss:1404.4054343840107, epoch_train_time:43.7073197523132
2022-11-07 16:29:18,315 - pytorch_cvae.py[line:169] - INFO: ----------------------------No.128 epoch----------------------------
2022-11-07 16:29:18,315 - pytorch_cvae.py[line:176] - INFO: loss:8756.356692820787, numeric_loss:386.6590798809193, categorical_loss:7170.9487433061, kld_loss:1498.4360643010587, epoch_train_time:43.74307352490723
2022-11-07 16:30:02,113 - pytorch_cvae.py[line:169] - INFO: ----------------------------No.129 epoch----------------------------
2022-11-07 16:30:02,113 - pytorch_cvae.py[line:176] - INFO: loss:8819.316719591618, numeric_loss:385.76883693179116, categorical_loss:7258.933167438954, kld_loss:1468.2683714991435, epoch_train_time:43.797975664027035
2022-11-07 16:30:46,169 - pytorch_cvae.py[line:169] - INFO: ----------------------------No.130 epoch----------------------------
2022-11-07 16:30:46,170 - pytorch_cvae.py[line:176] - INFO: loss:8755.917560175061, numeric_loss:389.01257435884327, categorical_loss:7199.133921958506, kld_loss:1459.7138055106625, epoch_train_time:44.05639461427927
2022-11-07 16:31:30,080 - pytorch_cvae.py[line:169] - INFO: ----------------------------No.131 epoch----------------------------
2022-11-07 16:31:30,080 - pytorch_cvae.py[line:176] - INFO: loss:8844.738815560937, numeric_loss:390.49937843857333, categorical_loss:7236.221453215927, kld_loss:1522.5224598506466, epoch_train_time:43.91040724143386
2022-11-07 16:32:13,975 - pytorch_cvae.py[line:169] - INFO: ----------------------------No.132 epoch----------------------------
2022-11-07 16:32:13,975 - pytorch_cvae.py[line:176] - INFO: loss:8819.841347381473, numeric_loss:388.13636633660644, categorical_loss:7273.709839522839, kld_loss:1447.4939067093655, epoch_train_time:43.894524841569364
2022-11-07 16:32:58,049 - pytorch_cvae.py[line:169] - INFO: ----------------------------No.133 epoch----------------------------
2022-11-07 16:32:58,049 - pytorch_cvae.py[line:176] - INFO: loss:8885.030969053507, numeric_loss:392.2721896651201, categorical_loss:7308.0521801784635, kld_loss:1480.8832315101754, epoch_train_time:44.074160291813314
2022-11-07 16:33:42,002 - pytorch_cvae.py[line:169] - INFO: ----------------------------No.134 epoch----------------------------
2022-11-07 16:33:42,002 - pytorch_cvae.py[line:176] - INFO: loss:8801.304337859154, numeric_loss:390.21429627062753, categorical_loss:7230.533339239657, kld_loss:1475.6958557569887, epoch_train_time:43.95280275121331
2022-11-07 16:34:25,981 - pytorch_cvae.py[line:169] - INFO: ----------------------------No.135 epoch----------------------------
2022-11-07 16:34:25,981 - pytorch_cvae.py[line:176] - INFO: loss:8793.465580105782, numeric_loss:387.436703376472, categorical_loss:7196.615428246558, kld_loss:1511.7667892342433, epoch_train_time:43.97861428745091
2022-11-07 16:35:10,114 - pytorch_cvae.py[line:169] - INFO: ----------------------------No.136 epoch----------------------------
2022-11-07 16:35:10,114 - pytorch_cvae.py[line:176] - INFO: loss:8926.281301364303, numeric_loss:390.1050675555598, categorical_loss:7284.387360356748, kld_loss:1564.7360788984224, epoch_train_time:44.13296676892787
2022-11-07 16:35:54,118 - pytorch_cvae.py[line:169] - INFO: ----------------------------No.137 epoch----------------------------
2022-11-07 16:35:54,118 - pytorch_cvae.py[line:176] - INFO: loss:8797.825013056397, numeric_loss:387.8786203064956, categorical_loss:7214.2594199329615, kld_loss:1494.6086960549, epoch_train_time:44.003563521429896
2022-11-07 16:36:38,174 - pytorch_cvae.py[line:169] - INFO: ----------------------------No.138 epoch----------------------------
2022-11-07 16:36:38,174 - pytorch_cvae.py[line:176] - INFO: loss:8853.67409594357, numeric_loss:388.0051530832425, categorical_loss:7230.020401209593, kld_loss:1544.5606654928997, epoch_train_time:44.055568621493876
2022-11-07 16:37:22,178 - pytorch_cvae.py[line:169] - INFO: ----------------------------No.139 epoch----------------------------
2022-11-07 16:37:22,178 - pytorch_cvae.py[line:176] - INFO: loss:8784.84793509543, numeric_loss:387.56651032017544, categorical_loss:7236.29553489387, kld_loss:1451.232345674187, epoch_train_time:44.004298941232264
2022-11-07 16:38:06,117 - pytorch_cvae.py[line:169] - INFO: ----------------------------No.140 epoch----------------------------
2022-11-07 16:38:06,117 - pytorch_cvae.py[line:176] - INFO: loss:8783.291225776076, numeric_loss:388.761336336378, categorical_loss:7229.725559450686, kld_loss:1456.0053992136382, epoch_train_time:43.939051122404635
2022-11-07 16:38:49,860 - pytorch_cvae.py[line:169] - INFO: ----------------------------No.141 epoch----------------------------
2022-11-07 16:38:49,860 - pytorch_cvae.py[line:176] - INFO: loss:8824.114078462124, numeric_loss:385.05173438228667, categorical_loss:7209.889903955162, kld_loss:1536.4655291186646, epoch_train_time:43.74223282467574
2022-11-07 16:39:33,910 - pytorch_cvae.py[line:169] - INFO: ----------------------------No.142 epoch----------------------------
2022-11-07 16:39:33,910 - pytorch_cvae.py[line:176] - INFO: loss:8750.910575419664, numeric_loss:383.81460153404623, categorical_loss:7184.296892985702, kld_loss:1478.4988278029487, epoch_train_time:44.05035342089832
2022-11-07 16:40:18,035 - pytorch_cvae.py[line:169] - INFO: ----------------------------No.143 epoch----------------------------
2022-11-07 16:40:18,035 - pytorch_cvae.py[line:176] - INFO: loss:8758.68348325789, numeric_loss:384.87146173836663, categorical_loss:7183.3328724727035, kld_loss:1488.0989197744057, epoch_train_time:44.124666216783226
2022-11-07 16:41:01,868 - pytorch_cvae.py[line:169] - INFO: ----------------------------No.144 epoch----------------------------
2022-11-07 16:41:01,868 - pytorch_cvae.py[line:176] - INFO: loss:8764.273340851068, numeric_loss:388.80117841018364, categorical_loss:7220.533032134175, kld_loss:1443.6738883322105, epoch_train_time:43.83210159186274
2022-11-07 16:41:45,712 - pytorch_cvae.py[line:169] - INFO: ----------------------------No.145 epoch----------------------------
2022-11-07 16:41:45,712 - pytorch_cvae.py[line:176] - INFO: loss:8742.620972082019, numeric_loss:389.3299352223985, categorical_loss:7190.80417836085, kld_loss:1453.1085507096723, epoch_train_time:43.84455804806203
2022-11-07 16:42:29,466 - pytorch_cvae.py[line:169] - INFO: ----------------------------No.146 epoch----------------------------
2022-11-07 16:42:29,466 - pytorch_cvae.py[line:176] - INFO: loss:8718.80221401155, numeric_loss:389.2776297740638, categorical_loss:7208.732754915953, kld_loss:1400.9897781764157, epoch_train_time:43.75323068071157
2022-11-07 16:43:13,312 - pytorch_cvae.py[line:169] - INFO: ----------------------------No.147 epoch----------------------------
2022-11-07 16:43:13,312 - pytorch_cvae.py[line:176] - INFO: loss:8696.466888979077, numeric_loss:390.2325493246317, categorical_loss:7107.589953586459, kld_loss:1498.305470008403, epoch_train_time:43.84631057549268
2022-11-07 16:43:57,390 - pytorch_cvae.py[line:169] - INFO: ----------------------------No.148 epoch----------------------------
2022-11-07 16:43:57,390 - pytorch_cvae.py[line:176] - INFO: loss:8773.184289604425, numeric_loss:385.8589098402299, categorical_loss:7250.166986204684, kld_loss:1421.4479760881513, epoch_train_time:44.07723027467728
2022-11-07 16:44:41,302 - pytorch_cvae.py[line:169] - INFO: ----------------------------No.149 epoch----------------------------
2022-11-07 16:44:41,302 - pytorch_cvae.py[line:176] - INFO: loss:8849.860571995378, numeric_loss:388.6411500861868, categorical_loss:7357.733805917203, kld_loss:1379.357003559824, epoch_train_time:43.91209401190281
2022-11-07 16:45:25,164 - pytorch_cvae.py[line:169] - INFO: ----------------------------No.150 epoch----------------------------
2022-11-07 16:45:25,165 - pytorch_cvae.py[line:176] - INFO: loss:8746.96272367239, numeric_loss:388.66878058668226, categorical_loss:7210.471522849053, kld_loss:1434.7779999781633, epoch_train_time:43.86223645694554
2022-11-07 16:45:25,165 - pytorch_cvae.py[line:185] - INFO: training time elapsed:6603.482319548726
2022-11-07 16:45:25,168 - model_utils.py[line:67] - INFO: save model successfully
2022-11-07 16:45:33,708 - pytorch_cvae.py[line:266] - INFO: train model time elapsed:6614.880999733694
2022-11-07 16:45:33,708 - dataset_utils.py[line:567] - INFO: load existing dataset(light):tpch20g-skew-nation_n_nationkey#n_name__n_nationkey_binary_mm_0
2022-11-07 16:45:33,713 - dataset_utils.py[line:576] - INFO: load dataset(light) time elapsed:0.005534812808036804
2022-11-07 16:45:33,714 - pytorch_cvae.py[line:278] - INFO: feature info:[('n_nationkey', 'categorical', 6), ('n_name', 'categorical', 6)]
2022-11-07 16:45:33,716 - model_utils.py[line:75] - INFO: load model name:torch_cvae_tpch20g-skew-nation_n_nationkey_ld100_id150_bs128_ep100_0_binary_mm
2022-11-07 16:45:33,721 - model_utils.py[line:86] - INFO: load torch model time elapsed:0.004606930539011955
2022-11-07 16:45:33,721 - pytorch_cvae.py[line:288] - INFO: load model time elapsed:0.012985114008188248
2022-11-07 16:45:33,721 - main.py[line:534] - INFO: multi_sampling No.0 epoch
2022-11-07 16:45:33,781 - pytorch_cvae.py[line:402] - INFO: sampling time:0.05980288702994585
2022-11-07 16:45:33,782 - dataset_utils.py[line:548] - INFO: load existing dataset:tpch20g-skew-nation_n_nationkey#n_name__n_nationkey_binary_mm_0
2022-11-07 16:45:33,784 - dataset_utils.py[line:560] - INFO: load dataset time elapsed:0.002187516540288925
2022-11-07 16:45:33,802 - main.py[line:518] - INFO: sample and aggregation time elapsed:0.0805988684296608
2022-11-07 16:45:33,805 - main.py[line:551] - INFO: sample time: 0.08372576627880335
2022-11-07 16:45:33,814 - main.py[line:99] - INFO: aqp result:
                avg(c_acctbal)  sum(c_acctbal)
n_name                                        
ALGERIA        3822.43         398262510.87   
ARGENTINA      3709.63         587064055.12   
BRAZIL         4031.62         461350016.46   
CANADA         4135.01         678306485.89   
CHINA          3835.90         477811437.24   
EGYPT          3978.75         541957045.70   
ETHIOPIA       3869.95         433120441.50   
FRANCE         4052.90         382773493.57   
GERMANY        4188.67         412018603.43   
INDIA          3694.16         462586871.23   
INDONESIA      3720.15         414666801.94   
IRAN           3669.09         451063074.49   
IRAQ           4000.57         377614097.11   
JAPAN          3758.55         424464152.54   
JORDAN         3946.09         688403320.92   
KENYA          3797.71         305821044.33   
MOROCCO        4035.25         934624913.35   
MOZAMBIQUE     3562.58         367390965.33   
PERU           3686.85         436047018.34   
ROMANIA        3995.52         392991485.39   
RUSSIA         3974.89         437381542.03   
SAUDI ARABIA   3751.45         420968639.12   
UNITED KINGDOM 3972.54         476903936.34   
UNITED STATES  3651.79         295097273.71   
VIETNAM        3754.59         365430480.37   
2022-11-07 16:45:33,817 - main.py[line:100] - INFO: ground truth:
                avg(c_acctbal)  sum(c_acctbal)
n_name                                        
ALGERIA        4706.43         490367550.43   
ARGENTINA      5725.88         906143345.82   
BRAZIL         3620.30         414281683.95   
CANADA         3395.78         557043755.66   
CHINA          5938.15         739673477.76   
EGYPT          3757.33         511797832.36   
ETHIOPIA       4087.96         457520543.74   
FRANCE         4478.07         419151651.93   
GERMANY        4046.69         398053113.66   
INDIA          4523.05         566380939.73   
INDONESIA      4779.02         532693865.00   
IRAN           4324.92         531687846.83   
IRAQ           4535.38         428094096.83   
JAPAN          4599.64         519450697.12   
JORDAN         2995.68         522602510.38   
KENYA          4430.44         359822839.39   
MOROCCO        2790.12         646233049.54   
MOZAMBIQUE     4794.86         494470094.62   
PERU           4397.70         520120663.16   
ROMANIA        4702.50         462528864.72   
RUSSIA         4604.26         506633831.18   
SAUDI ARABIA   5557.69         623656362.99   
UNITED KINGDOM 3720.63         446662000.87   
UNITED STATES  4455.78         360066946.34   
VIETNAM        4538.07         441685424.02   
2022-11-07 16:45:33,827 - main.py[line:563] - INFO: relative error:
                avg(c_acctbal)  sum(c_acctbal)
n_name                                        
ALGERIA        0.19            0.19           
ARGENTINA      0.35            0.35           
BRAZIL         0.11            0.11           
CANADA         0.22            0.22           
CHINA          0.35            0.35           
EGYPT          0.06            0.06           
ETHIOPIA       0.05            0.05           
FRANCE         0.09            0.09           
GERMANY        0.04            0.04           
INDIA          0.18            0.18           
INDONESIA      0.22            0.22           
IRAN           0.15            0.15           
IRAQ           0.12            0.12           
JAPAN          0.18            0.18           
JORDAN         0.32            0.32           
KENYA          0.14            0.15           
MOROCCO        0.45            0.45           
MOZAMBIQUE     0.26            0.26           
PERU           0.16            0.16           
ROMANIA        0.15            0.15           
RUSSIA         0.14            0.14           
SAUDI ARABIA   0.32            0.32           
UNITED KINGDOM 0.07            0.07           
UNITED STATES  0.18            0.18           
VIETNAM        0.17            0.17           
2022-11-07 16:45:33,828 - main.py[line:564] - INFO: relative error normalized:
                avg(c_acctbal)  sum(c_acctbal)
n_name                                        
ALGERIA        0.17            0.17           
ARGENTINA      0.30            0.30           
BRAZIL         0.11            0.11           
CANADA         0.20            0.20           
CHINA          0.30            0.30           
EGYPT          0.06            0.06           
ETHIOPIA       0.05            0.05           
FRANCE         0.09            0.08           
GERMANY        0.03            0.03           
INDIA          0.17            0.17           
INDONESIA      0.20            0.20           
IRAN           0.14            0.14           
IRAQ           0.11            0.11           
JAPAN          0.17            0.17           
JORDAN         0.27            0.27           
KENYA          0.13            0.14           
MOROCCO        0.36            0.36           
MOZAMBIQUE     0.23            0.23           
PERU           0.15            0.15           
ROMANIA        0.14            0.14           
RUSSIA         0.13            0.13           
SAUDI ARABIA   0.28            0.28           
UNITED KINGDOM 0.07            0.07           
UNITED STATES  0.17            0.17           
VIETNAM        0.16            0.16           
2022-11-07 16:45:33,828 - main.py[line:567] - INFO: relative error average: 0.18728699353913408
2022-11-07 16:45:33,829 - main.py[line:568] - INFO: relative error normalized average: 0.1665134719066088
2022-11-07 16:45:33,830 - main.py[line:614] - INFO: total_time:6615.004216345027
