main.py:19: FutureWarning: Passing a negative integer is deprecated in version 1.0 and will not be supported in future version. Instead, use None to not limit the column width.
  pd.set_option('max_colwidth', -1)
2023-06-26 07:22:18,354 - main.py[line:642] - INFO: load query config config/tpcds_whole/query/sql48.json successfully
2023-06-26 07:22:18,354 - main.py[line:649] - INFO: load train config ./config/tpcds_whole/train/77_store_sales.json successfully
2023-06-26 07:22:18,354 - main.py[line:649] - INFO: load train config ./config/tpcds_whole/train/70_store.json successfully
2023-06-26 07:22:18,354 - main.py[line:649] - INFO: load train config ./config/tpcds_whole/train/3_date_dim.json successfully
2023-06-26 07:22:18,354 - dataset_utils.py[line:585] - INFO: load existing dataset(light):77-store_sales_ss_sold_date_sk#ss_store_sk_ss_ext_sales_price#ss_net_profit#ss_sales_price#ss_quantity_ss_store_sk_binary_gaussian5_0
2023-06-26 07:22:19,823 - dataset_utils.py[line:594] - INFO: load dataset(light) time elapsed:1.4689018500503153
2023-06-26 07:22:19,823 - pytorch_cvae.py[line:280] - INFO: feature info:[('ss_ext_sales_price', 'numerical', 6), ('ss_net_profit', 'numerical', 6), ('ss_sales_price', 'numerical', 6), ('ss_quantity', 'numerical', 6), ('ss_sold_date_sk', 'categorical', 12), ('ss_store_sk', 'categorical', 4)]
2023-06-26 07:22:19,824 - model_utils.py[line:75] - INFO: load model name:torch_cvae_77-store_sales_ss_store_sk_ld100_id100_bs256_ep5_0_binary_gaussian5
2023-06-26 07:22:21,886 - model_utils.py[line:86] - INFO: load torch model time elapsed:2.061756068142131
2023-06-26 07:22:21,886 - pytorch_cvae.py[line:290] - INFO: load model time elapsed:3.5322101139463484
2023-06-26 07:22:21,886 - dataset_utils.py[line:585] - INFO: load existing dataset(light):70-store_s_store_sk#s_store_id#s_store_name#s_state#s_county__s_store_sk#s_store_id#s_store_name#s_state#s_county_binary_gaussian5_0
2023-06-26 07:22:21,888 - dataset_utils.py[line:594] - INFO: load dataset(light) time elapsed:0.002161596203222871
2023-06-26 07:22:21,889 - pytorch_cvae.py[line:280] - INFO: feature info:[('s_store_sk', 'categorical', 5), ('s_store_id', 'categorical', 4), ('s_store_name', 'categorical', 4), ('s_state', 'categorical', 1), ('s_county', 'categorical', 1)]
2023-06-26 07:22:21,889 - model_utils.py[line:75] - INFO: load model name:torch_cvae_70-store_s_store_sk_s_store_id_s_store_name_s_state_s_county_ld100_id150_bs128_ep100_0_binary_gaussian5
2023-06-26 07:22:21,891 - model_utils.py[line:86] - INFO: load torch model time elapsed:0.0014311489649116993
2023-06-26 07:22:21,891 - pytorch_cvae.py[line:290] - INFO: load model time elapsed:0.004386946093291044
2023-06-26 07:22:21,891 - dataset_utils.py[line:585] - INFO: load existing dataset(light):3-date_dim_d_date_sk#d_year__d_date_sk#d_year_binary_gaussian5_0
2023-06-26 07:22:21,949 - dataset_utils.py[line:594] - INFO: load dataset(light) time elapsed:0.058623363031074405
2023-06-26 07:22:21,949 - pytorch_cvae.py[line:280] - INFO: feature info:[('d_date_sk', 'categorical', 18), ('d_year', 'categorical', 9)]
2023-06-26 07:22:21,950 - model_utils.py[line:75] - INFO: load model name:torch_cvae_3-date_dim_d_date_sk_d_year_ld100_id150_bs128_ep100_0_binary_gaussian5
2023-06-26 07:22:21,952 - model_utils.py[line:86] - INFO: load torch model time elapsed:0.0017006390262395144
2023-06-26 07:22:21,952 - pytorch_cvae.py[line:290] - INFO: load model time elapsed:0.06127912690863013
2023-06-26 07:22:21,952 - main.py[line:572] - INFO: multi_sampling No.0 epoch
2023-06-26 07:22:21,957 - main.py[line:572] - INFO: multi_sampling No.1 epoch
2023-06-26 07:22:21,958 - main.py[line:572] - INFO: multi_sampling No.2 epoch
2023-06-26 07:22:22,687 - pytorch_cvae.py[line:407] - INFO: sampling time:0.7342110699974
2023-06-26 07:22:22,687 - dataset_utils.py[line:566] - INFO: load existing dataset:70-store_s_store_sk#s_store_id#s_store_name#s_state#s_county__s_store_sk#s_store_id#s_store_name#s_state#s_county_binary_gaussian5_0
2023-06-26 07:22:22,690 - dataset_utils.py[line:578] - INFO: load dataset time elapsed:0.003189565846696496
2023-06-26 07:22:22,691 - dataset_utils.py[line:566] - INFO: load existing dataset:3-date_dim_d_date_sk#d_year__d_date_sk#d_year_binary_gaussian5_0
2023-06-26 07:22:22,868 - dataset_utils.py[line:578] - INFO: load dataset time elapsed:0.1774535160511732
2023-06-26 07:22:23,193 - main.py[line:555] - INFO: sample and aggregation time elapsed:1.2410688730888069
2023-06-26 07:22:23,215 - pytorch_cvae.py[line:407] - INFO: sampling time:1.2558532729744911
2023-06-26 07:22:23,216 - dataset_utils.py[line:566] - INFO: load existing dataset:70-store_s_store_sk#s_store_id#s_store_name#s_state#s_county__s_store_sk#s_store_id#s_store_name#s_state#s_county_binary_gaussian5_0
2023-06-26 07:22:23,223 - dataset_utils.py[line:578] - INFO: load dataset time elapsed:0.007135142106562853
2023-06-26 07:22:23,224 - dataset_utils.py[line:566] - INFO: load existing dataset:3-date_dim_d_date_sk#d_year__d_date_sk#d_year_binary_gaussian5_0
2023-06-26 07:22:23,274 - pytorch_cvae.py[line:407] - INFO: sampling time:1.3168232580646873
2023-06-26 07:22:23,275 - dataset_utils.py[line:566] - INFO: load existing dataset:70-store_s_store_sk#s_store_id#s_store_name#s_state#s_county__s_store_sk#s_store_id#s_store_name#s_state#s_county_binary_gaussian5_0
2023-06-26 07:22:23,291 - dataset_utils.py[line:578] - INFO: load dataset time elapsed:0.016413534991443157
2023-06-26 07:22:23,292 - dataset_utils.py[line:566] - INFO: load existing dataset:3-date_dim_d_date_sk#d_year__d_date_sk#d_year_binary_gaussian5_0
2023-06-26 07:22:23,323 - dataset_utils.py[line:578] - INFO: load dataset time elapsed:0.09949232009239495
2023-06-26 07:22:23,357 - main.py[line:555] - INFO: sample and aggregation time elapsed:1.397260043071583
2023-06-26 07:22:23,445 - dataset_utils.py[line:578] - INFO: load dataset time elapsed:0.15247862902469933
2023-06-26 07:22:23,474 - main.py[line:555] - INFO: sample and aggregation time elapsed:1.5164977449458092
2023-06-26 07:22:23,478 - main.py[line:593] - INFO: sample time: 1.5260094159748405
2023-06-26 07:22:23,490 - main.py[line:104] - INFO: aqp result:
sum(ss_quantity)   123487132.35
avg(ss_quantity)   50.39       
dtype: float64
2023-06-26 07:22:23,492 - main.py[line:105] - INFO: ground truth:
   avg(ss_quantity)  sum(ss_quantity)
0 50.51              132467020       
2023-06-26 07:22:23,499 - main.py[line:611] - INFO: relative error:
   avg(ss_quantity)  sum(ss_quantity)
0 0.00              0.07             
2023-06-26 07:22:23,499 - main.py[line:612] - INFO: relative error normalized:
   avg(ss_quantity)
0 0.00             
2023-06-26 07:22:23,500 - main.py[line:615] - INFO: relative error average: 0.03507017956151224
2023-06-26 07:22:23,500 - main.py[line:616] - INFO: relative error normalized average: 0.002347988049122285
2023-06-26 07:22:23,507 - main.py[line:662] - INFO: total_time:5.15327478107065