main.py:19: FutureWarning: Passing a negative integer is deprecated in version 1.0 and will not be supported in future version. Instead, use None to not limit the column width.
  pd.set_option('max_colwidth', -1)
2023-06-12 18:24:21,696 - main.py[line:626] - INFO: load query config config/tpcds_whole/query/sql51.json successfully
2023-06-12 18:24:21,696 - main.py[line:633] - INFO: load train config ./config/tpcds_whole/train/51_web_sales.json successfully
2023-06-12 18:24:21,697 - main.py[line:633] - INFO: load train config ./config/tpcds_whole/train/51_date_dim.json successfully
2023-06-12 18:24:21,697 - pytorch_cvae.py[line:249] - INFO: epoch:200
2023-06-12 18:24:21,697 - pytorch_cvae.py[line:250] - INFO: batch size:128
2023-06-12 18:24:21,697 - pytorch_cvae.py[line:251] - INFO: latent dimension:100
2023-06-12 18:24:21,697 - pytorch_cvae.py[line:252] - INFO: intermediate dimension:100
2023-06-12 18:24:21,697 - pytorch_cvae.py[line:253] - INFO: gpu num:0
2023-06-12 18:24:21,697 - dataset_utils.py[line:566] - INFO: load existing dataset:51-web_sales_ws_sold_date_sk_ws_sales_price_ws_sold_date_sk_binary_gaussian20_0
2023-06-12 18:24:24,268 - dataset_utils.py[line:578] - INFO: load dataset time elapsed:2.5710372030735016
2023-06-12 18:24:24,268 - pytorch_cvae.py[line:258] - INFO: feature info:[('ws_sales_price', 'numerical', 21), ('ws_sold_date_sk', 'categorical', 12)]
2023-06-12 18:25:01,440 - pytorch_cvae.py[line:170] - INFO: ----------------------------No.1 epoch----------------------------
2023-06-12 18:25:01,440 - pytorch_cvae.py[line:177] - INFO: loss:1362.6418760046363, numeric_loss:52.35099967522547, categorical_loss:720.4789148941636, kld_loss:109419.8186981678, epoch_train_time:37.16994794085622
2023-06-12 18:25:38,299 - pytorch_cvae.py[line:170] - INFO: ----------------------------No.2 epoch----------------------------
2023-06-12 18:25:38,300 - pytorch_cvae.py[line:177] - INFO: loss:358.8771902061999, numeric_loss:23.358425492187962, categorical_loss:31.737414617906325, kld_loss:51018.917640686035, epoch_train_time:36.858728372026235
2023-06-12 18:26:15,111 - pytorch_cvae.py[line:170] - INFO: ----------------------------No.3 epoch----------------------------
2023-06-12 18:26:15,111 - pytorch_cvae.py[line:177] - INFO: loss:330.4621601328254, numeric_loss:23.71687899949029, categorical_loss:21.79766397201456, kld_loss:43366.77625179291, epoch_train_time:36.81114669609815
2023-06-12 18:26:52,032 - pytorch_cvae.py[line:170] - INFO: ----------------------------No.4 epoch----------------------------
2023-06-12 18:26:52,033 - pytorch_cvae.py[line:177] - INFO: loss:349.1132880412042, numeric_loss:25.421816567191854, categorical_loss:21.369241028020042, kld_loss:41736.73632860184, epoch_train_time:36.92119142226875
2023-06-12 18:27:28,985 - pytorch_cvae.py[line:170] - INFO: ----------------------------No.5 epoch----------------------------
2023-06-12 18:27:28,985 - pytorch_cvae.py[line:177] - INFO: loss:372.41702172905207, numeric_loss:27.242323053535074, categorical_loss:22.40610351494979, kld_loss:40460.40812397003, epoch_train_time:36.952441703062505
2023-06-12 18:28:05,650 - pytorch_cvae.py[line:170] - INFO: ----------------------------No.6 epoch----------------------------
2023-06-12 18:28:05,651 - pytorch_cvae.py[line:177] - INFO: loss:399.3830965720117, numeric_loss:29.405614583054557, categorical_loss:23.880130757635925, kld_loss:39433.20995473862, epoch_train_time:36.66487899329513
2023-06-12 18:28:42,614 - pytorch_cvae.py[line:170] - INFO: ----------------------------No.7 epoch----------------------------
2023-06-12 18:28:42,614 - pytorch_cvae.py[line:177] - INFO: loss:427.8148138523102, numeric_loss:31.893034803448245, categorical_loss:24.874917405453743, kld_loss:38463.76598405838, epoch_train_time:36.9635414336808
2023-06-12 18:29:19,566 - pytorch_cvae.py[line:170] - INFO: ----------------------------No.8 epoch----------------------------
2023-06-12 18:29:19,566 - pytorch_cvae.py[line:177] - INFO: loss:459.7718710973859, numeric_loss:34.27286158502102, categorical_loss:26.813659339910373, kld_loss:37639.754638671875, epoch_train_time:36.95171899488196
2023-06-12 18:29:56,508 - pytorch_cvae.py[line:170] - INFO: ----------------------------No.9 epoch----------------------------
2023-06-12 18:29:56,508 - pytorch_cvae.py[line:177] - INFO: loss:492.94428408145905, numeric_loss:37.23654560837895, categorical_loss:27.724266440651263, kld_loss:36835.899054050446, epoch_train_time:36.94163669180125
2023-06-12 18:30:33,083 - pytorch_cvae.py[line:170] - INFO: ----------------------------No.10 epoch----------------------------
2023-06-12 18:30:33,084 - pytorch_cvae.py[line:177] - INFO: loss:530.167995467782, numeric_loss:40.243304789531976, categorical_loss:30.261897225806024, kld_loss:36103.19805431366, epoch_train_time:36.57493206998333
2023-06-12 18:31:09,768 - pytorch_cvae.py[line:170] - INFO: ----------------------------No.11 epoch----------------------------
2023-06-12 18:31:09,768 - pytorch_cvae.py[line:177] - INFO: loss:567.5420787259936, numeric_loss:43.63954908866435, categorical_loss:32.301570628682384, kld_loss:35270.80580472946, epoch_train_time:36.68386171711609
2023-06-12 18:31:46,615 - pytorch_cvae.py[line:170] - INFO: ----------------------------No.12 epoch----------------------------
2023-06-12 18:31:46,615 - pytorch_cvae.py[line:177] - INFO: loss:610.2000430002809, numeric_loss:47.48974029207602, categorical_loss:35.29871247391566, kld_loss:34600.54805660248, epoch_train_time:36.84711701469496
2023-06-12 18:32:23,812 - pytorch_cvae.py[line:170] - INFO: ----------------------------No.13 epoch----------------------------
2023-06-12 18:32:23,812 - pytorch_cvae.py[line:177] - INFO: loss:654.6162066832185, numeric_loss:51.434449817985296, categorical_loss:38.325452635937836, kld_loss:33918.46851158142, epoch_train_time:37.19661080511287
2023-06-12 18:33:00,888 - pytorch_cvae.py[line:170] - INFO: ----------------------------No.14 epoch----------------------------
2023-06-12 18:33:00,888 - pytorch_cvae.py[line:177] - INFO: loss:699.1434310227633, numeric_loss:55.580257701687515, categorical_loss:40.261256086669164, kld_loss:33191.90615320206, epoch_train_time:37.07578742271289
2023-06-12 18:33:38,175 - pytorch_cvae.py[line:170] - INFO: ----------------------------No.15 epoch----------------------------
2023-06-12 18:33:38,176 - pytorch_cvae.py[line:177] - INFO: loss:752.282261416316, numeric_loss:60.8022424117662, categorical_loss:44.33026298007462, kld_loss:32653.956790447235, epoch_train_time:37.28706196602434
2023-06-12 18:34:15,398 - pytorch_cvae.py[line:170] - INFO: ----------------------------No.16 epoch----------------------------
2023-06-12 18:34:15,398 - pytorch_cvae.py[line:177] - INFO: loss:803.7549033164978, numeric_loss:65.89577942295, categorical_loss:47.06313397444319, kld_loss:31999.902068138123, epoch_train_time:37.222394194919616
2023-06-12 18:34:52,444 - pytorch_cvae.py[line:170] - INFO: ----------------------------No.17 epoch----------------------------
2023-06-12 18:34:52,444 - pytorch_cvae.py[line:177] - INFO: loss:860.3118245303631, numeric_loss:71.4901541378349, categorical_loss:49.720292352256365, kld_loss:31463.350831985474, epoch_train_time:37.04533390700817
2023-06-12 18:35:29,615 - pytorch_cvae.py[line:170] - INFO: ----------------------------No.18 epoch----------------------------
2023-06-12 18:35:29,615 - pytorch_cvae.py[line:177] - INFO: loss:921.801211848855, numeric_loss:77.86490503977984, categorical_loss:54.181647207791684, kld_loss:30926.413442611694, epoch_train_time:37.17053582891822
2023-06-12 18:36:06,878 - pytorch_cvae.py[line:170] - INFO: ----------------------------No.19 epoch----------------------------
2023-06-12 18:36:06,878 - pytorch_cvae.py[line:177] - INFO: loss:983.2313691675663, numeric_loss:84.16621590591967, categorical_loss:58.76573697821004, kld_loss:30299.963897705078, epoch_train_time:37.26308210985735
2023-06-12 18:36:44,137 - pytorch_cvae.py[line:170] - INFO: ----------------------------No.20 epoch----------------------------
2023-06-12 18:36:44,137 - pytorch_cvae.py[line:177] - INFO: loss:1051.4722047001123, numeric_loss:91.1316798729822, categorical_loss:63.93273138985387, kld_loss:29793.30449962616, epoch_train_time:37.25866529298946
2023-06-12 18:37:21,353 - pytorch_cvae.py[line:170] - INFO: ----------------------------No.21 epoch----------------------------
2023-06-12 18:37:21,353 - pytorch_cvae.py[line:177] - INFO: loss:1121.6075905412436, numeric_loss:98.51113157719374, categorical_loss:68.75401469657663, kld_loss:29265.542373657227, epoch_train_time:37.21574117522687
2023-06-12 18:37:58,390 - pytorch_cvae.py[line:170] - INFO: ----------------------------No.22 epoch----------------------------
2023-06-12 18:37:58,390 - pytorch_cvae.py[line:177] - INFO: loss:1195.5207556635141, numeric_loss:106.3096822956577, categorical_loss:73.78981061922968, kld_loss:28758.89378976822, epoch_train_time:37.03681059926748
2023-06-12 18:38:35,320 - pytorch_cvae.py[line:170] - INFO: ----------------------------No.23 epoch----------------------------
2023-06-12 18:38:35,320 - pytorch_cvae.py[line:177] - INFO: loss:1274.048406034708, numeric_loss:114.73366932198405, categorical_loss:79.99886228793184, kld_loss:28260.665640830994, epoch_train_time:36.92948471894488
2023-06-12 18:39:12,011 - pytorch_cvae.py[line:170] - INFO: ----------------------------No.24 epoch----------------------------
2023-06-12 18:39:12,011 - pytorch_cvae.py[line:177] - INFO: loss:1354.8005600571632, numeric_loss:123.73337167687714, categorical_loss:86.66713500369224, kld_loss:27730.255965709686, epoch_train_time:36.69081522105262
2023-06-12 18:39:49,007 - pytorch_cvae.py[line:170] - INFO: ----------------------------No.25 epoch----------------------------
2023-06-12 18:39:49,007 - pytorch_cvae.py[line:177] - INFO: loss:1439.2342326641083, numeric_loss:133.2708400292322, categorical_loss:93.06066274439218, kld_loss:27225.663180828094, epoch_train_time:36.99596422165632
2023-06-12 18:40:25,793 - pytorch_cvae.py[line:170] - INFO: ----------------------------No.26 epoch----------------------------
2023-06-12 18:40:25,793 - pytorch_cvae.py[line:177] - INFO: loss:1534.3837207108736, numeric_loss:143.25541567150503, categorical_loss:101.43731327055139, kld_loss:26844.103256702423, epoch_train_time:36.785563508048654
2023-06-12 18:41:02,691 - pytorch_cvae.py[line:170] - INFO: ----------------------------No.27 epoch----------------------------
2023-06-12 18:41:02,691 - pytorch_cvae.py[line:177] - INFO: loss:1626.3928198069334, numeric_loss:154.01061709970236, categorical_loss:109.26820962503552, kld_loss:26335.433880329132, epoch_train_time:36.89766173902899
2023-06-12 18:41:39,619 - pytorch_cvae.py[line:170] - INFO: ----------------------------No.28 epoch----------------------------
2023-06-12 18:41:39,619 - pytorch_cvae.py[line:177] - INFO: loss:1723.7153806388378, numeric_loss:165.39182886108756, categorical_loss:115.86429560667602, kld_loss:25893.527973651886, epoch_train_time:36.9274560152553
2023-06-12 18:42:16,460 - pytorch_cvae.py[line:170] - INFO: ----------------------------No.29 epoch----------------------------
2023-06-12 18:42:16,460 - pytorch_cvae.py[line:177] - INFO: loss:1825.7391353547573, numeric_loss:177.52208282239735, categorical_loss:125.71233356403536, kld_loss:25419.088034152985, epoch_train_time:36.84024078398943
2023-06-12 18:42:53,179 - pytorch_cvae.py[line:170] - INFO: ----------------------------No.30 epoch----------------------------
2023-06-12 18:42:53,179 - pytorch_cvae.py[line:177] - INFO: loss:1932.3625675439835, numeric_loss:190.8167062178254, categorical_loss:135.29043161787558, kld_loss:24966.85619211197, epoch_train_time:36.718689067754894
2023-06-12 18:43:29,878 - pytorch_cvae.py[line:170] - INFO: ----------------------------No.31 epoch----------------------------
2023-06-12 18:43:29,878 - pytorch_cvae.py[line:177] - INFO: loss:2041.8954772949219, numeric_loss:203.8023083936423, categorical_loss:146.80364377354272, kld_loss:24499.062554836273, epoch_train_time:36.69946659589186
2023-06-12 18:44:06,828 - pytorch_cvae.py[line:170] - INFO: ----------------------------No.32 epoch----------------------------
2023-06-12 18:44:06,828 - pytorch_cvae.py[line:177] - INFO: loss:2158.5960855185986, numeric_loss:218.43949197418988, categorical_loss:155.99336089449935, kld_loss:24109.189751148224, epoch_train_time:36.94892337406054
2023-06-12 18:44:43,789 - pytorch_cvae.py[line:170] - INFO: ----------------------------No.33 epoch----------------------------
2023-06-12 18:44:43,789 - pytorch_cvae.py[line:177] - INFO: loss:2275.160086661577, numeric_loss:233.78897874988616, categorical_loss:167.78851108142408, kld_loss:23641.31838440895, epoch_train_time:36.960625286214054
2023-06-12 18:45:20,329 - pytorch_cvae.py[line:170] - INFO: ----------------------------No.34 epoch----------------------------
2023-06-12 18:45:20,329 - pytorch_cvae.py[line:177] - INFO: loss:2400.99440279603, numeric_loss:248.99003599211574, categorical_loss:179.93260807276238, kld_loss:23259.83912205696, epoch_train_time:36.540085782296956
2023-06-12 18:45:57,082 - pytorch_cvae.py[line:170] - INFO: ----------------------------No.35 epoch----------------------------
2023-06-12 18:45:57,082 - pytorch_cvae.py[line:177] - INFO: loss:2531.830854564905, numeric_loss:266.06073280237615, categorical_loss:194.235392275732, kld_loss:22861.01994895935, epoch_train_time:36.752791123930365
2023-06-12 18:46:33,726 - pytorch_cvae.py[line:170] - INFO: ----------------------------No.36 epoch----------------------------
2023-06-12 18:46:33,726 - pytorch_cvae.py[line:177] - INFO: loss:2664.891958743334, numeric_loss:284.88632282055914, categorical_loss:208.68527217779774, kld_loss:22443.004591703415, epoch_train_time:36.64355581300333
2023-06-12 18:47:10,510 - pytorch_cvae.py[line:170] - INFO: ----------------------------No.37 epoch----------------------------
2023-06-12 18:47:10,510 - pytorch_cvae.py[line:177] - INFO: loss:2799.2671020925045, numeric_loss:303.1195076517761, categorical_loss:221.46184585988522, kld_loss:22042.78823018074, epoch_train_time:36.7836245065555
2023-06-12 18:47:47,393 - pytorch_cvae.py[line:170] - INFO: ----------------------------No.38 epoch----------------------------
2023-06-12 18:47:47,393 - pytorch_cvae.py[line:177] - INFO: loss:2942.162908434868, numeric_loss:322.063112962991, categorical_loss:239.1549008099828, kld_loss:21652.93351173401, epoch_train_time:36.88260634522885
2023-06-12 18:48:24,012 - pytorch_cvae.py[line:170] - INFO: ----------------------------No.39 epoch----------------------------
2023-06-12 18:48:24,012 - pytorch_cvae.py[line:177] - INFO: loss:3087.10815179348, numeric_loss:338.2728634364903, categorical_loss:254.54624787950888, kld_loss:21309.378015756607, epoch_train_time:36.618865641299635
2023-06-12 18:49:00,902 - pytorch_cvae.py[line:170] - INFO: ----------------------------No.40 epoch----------------------------
2023-06-12 18:49:00,903 - pytorch_cvae.py[line:177] - INFO: loss:3233.8521007299423, numeric_loss:351.69142927229404, categorical_loss:274.08373173628934, kld_loss:20952.47314763069, epoch_train_time:36.890005675144494
2023-06-12 18:49:37,491 - pytorch_cvae.py[line:170] - INFO: ----------------------------No.41 epoch----------------------------
2023-06-12 18:49:37,492 - pytorch_cvae.py[line:177] - INFO: loss:3385.6634690761566, numeric_loss:357.2059228643775, categorical_loss:293.80144068493973, kld_loss:20679.632858753204, epoch_train_time:36.58869192097336
2023-06-12 18:50:14,319 - pytorch_cvae.py[line:170] - INFO: ----------------------------No.42 epoch----------------------------
2023-06-12 18:50:14,319 - pytorch_cvae.py[line:177] - INFO: loss:3541.8385946154594, numeric_loss:357.8640218414366, categorical_loss:309.1742364037782, kld_loss:20483.646005153656, epoch_train_time:36.82702532922849
2023-06-12 18:50:51,383 - pytorch_cvae.py[line:170] - INFO: ----------------------------No.43 epoch----------------------------
2023-06-12 18:50:51,383 - pytorch_cvae.py[line:177] - INFO: loss:3712.572670519352, numeric_loss:357.9029093682766, categorical_loss:330.96802152786404, kld_loss:20320.401111364365, epoch_train_time:37.06370158540085
2023-06-12 18:51:28,416 - pytorch_cvae.py[line:170] - INFO: ----------------------------No.44 epoch----------------------------
2023-06-12 18:51:28,416 - pytorch_cvae.py[line:177] - INFO: loss:3888.999650120735, numeric_loss:357.6519829183817, categorical_loss:357.0635512038134, kld_loss:20140.358798265457, epoch_train_time:37.032588887028396
2023-06-12 18:52:05,392 - pytorch_cvae.py[line:170] - INFO: ----------------------------No.45 epoch----------------------------
2023-06-12 18:52:05,392 - pytorch_cvae.py[line:177] - INFO: loss:4064.9579697847366, numeric_loss:357.54921562597156, categorical_loss:380.8615495781414, kld_loss:19946.993212223053, epoch_train_time:36.976272286847234
2023-06-12 18:52:42,584 - pytorch_cvae.py[line:170] - INFO: ----------------------------No.46 epoch----------------------------
2023-06-12 18:52:42,585 - pytorch_cvae.py[line:177] - INFO: loss:4248.118408501148, numeric_loss:357.4947885684669, categorical_loss:407.589586133603, kld_loss:19757.77974510193, epoch_train_time:37.191868130117655
2023-06-12 18:53:19,515 - pytorch_cvae.py[line:170] - INFO: ----------------------------No.47 epoch----------------------------
2023-06-12 18:53:19,516 - pytorch_cvae.py[line:177] - INFO: loss:4441.701758086681, numeric_loss:357.4531878866255, categorical_loss:435.89133658260107, kld_loss:19597.86359667778, epoch_train_time:36.93072729697451
2023-06-12 18:53:56,532 - pytorch_cvae.py[line:170] - INFO: ----------------------------No.48 epoch----------------------------
2023-06-12 18:53:56,533 - pytorch_cvae.py[line:177] - INFO: loss:4634.772160112858, numeric_loss:357.2303449586034, categorical_loss:464.82535186968744, kld_loss:19413.825110435486, epoch_train_time:37.016786985099316
2023-06-12 18:54:33,556 - pytorch_cvae.py[line:170] - INFO: ----------------------------No.49 epoch----------------------------
2023-06-12 18:54:33,556 - pytorch_cvae.py[line:177] - INFO: loss:4836.416636168957, numeric_loss:357.3981678299606, categorical_loss:494.76632830593735, kld_loss:19249.655225992203, epoch_train_time:37.022794669959694
2023-06-12 18:55:10,719 - pytorch_cvae.py[line:170] - INFO: ----------------------------No.50 epoch----------------------------
2023-06-12 18:55:10,719 - pytorch_cvae.py[line:177] - INFO: loss:5035.613512933254, numeric_loss:357.18270345032215, categorical_loss:526.1608715550974, kld_loss:19054.413076400757, epoch_train_time:37.16304065473378
2023-06-12 18:55:47,882 - pytorch_cvae.py[line:170] - INFO: ----------------------------No.51 epoch----------------------------
2023-06-12 18:55:47,882 - pytorch_cvae.py[line:177] - INFO: loss:5249.162209272385, numeric_loss:357.03449395671487, categorical_loss:562.6932919993997, kld_loss:18889.01388168335, epoch_train_time:37.162909091915935
2023-06-12 18:56:24,955 - pytorch_cvae.py[line:170] - INFO: ----------------------------No.52 epoch----------------------------
2023-06-12 18:56:24,956 - pytorch_cvae.py[line:177] - INFO: loss:5458.576191782951, numeric_loss:357.13683085143566, categorical_loss:597.8858052873984, kld_loss:18699.753045082092, epoch_train_time:37.07287460798398
2023-06-12 18:57:01,952 - pytorch_cvae.py[line:170] - INFO: ----------------------------No.53 epoch----------------------------
2023-06-12 18:57:01,952 - pytorch_cvae.py[line:177] - INFO: loss:5680.434358596802, numeric_loss:356.960795648396, categorical_loss:637.4173660967499, kld_loss:18536.373025655746, epoch_train_time:36.9960207240656
2023-06-12 18:57:38,633 - pytorch_cvae.py[line:170] - INFO: ----------------------------No.54 epoch----------------------------
2023-06-12 18:57:38,633 - pytorch_cvae.py[line:177] - INFO: loss:5906.00693488121, numeric_loss:356.97406224161386, categorical_loss:680.1523199398071, kld_loss:18366.11870741844, epoch_train_time:36.68090317584574
2023-06-12 18:58:15,382 - pytorch_cvae.py[line:170] - INFO: ----------------------------No.55 epoch----------------------------
2023-06-12 18:58:15,383 - pytorch_cvae.py[line:177] - INFO: loss:6129.3489154577255, numeric_loss:356.82364273816347, categorical_loss:717.3924927655607, kld_loss:18202.295042037964, epoch_train_time:36.74920537089929
2023-06-12 18:58:51,899 - pytorch_cvae.py[line:170] - INFO: ----------------------------No.56 epoch----------------------------
2023-06-12 18:58:51,899 - pytorch_cvae.py[line:177] - INFO: loss:6359.08330488205, numeric_loss:356.84857853502035, categorical_loss:765.6035911515355, kld_loss:18017.111223697662, epoch_train_time:36.516043439973146
2023-06-12 18:59:28,707 - pytorch_cvae.py[line:170] - INFO: ----------------------------No.57 epoch----------------------------
2023-06-12 18:59:28,707 - pytorch_cvae.py[line:177] - INFO: loss:6591.441005170345, numeric_loss:356.7699597738683, categorical_loss:811.3474444169551, kld_loss:17847.302810430527, epoch_train_time:36.80814472073689
2023-06-12 19:00:05,287 - pytorch_cvae.py[line:170] - INFO: ----------------------------No.58 epoch----------------------------
2023-06-12 19:00:05,288 - pytorch_cvae.py[line:177] - INFO: loss:6824.62724673748, numeric_loss:356.73212814703584, categorical_loss:857.2538680434227, kld_loss:17677.78102707863, epoch_train_time:36.57987616630271
2023-06-12 19:00:41,922 - pytorch_cvae.py[line:170] - INFO: ----------------------------No.59 epoch----------------------------
2023-06-12 19:00:41,922 - pytorch_cvae.py[line:177] - INFO: loss:7060.710539221764, numeric_loss:356.7053678929806, categorical_loss:911.5754942931235, kld_loss:17491.155740499496, epoch_train_time:36.63421603804454
2023-06-12 19:01:18,510 - pytorch_cvae.py[line:170] - INFO: ----------------------------No.60 epoch----------------------------
2023-06-12 19:01:18,511 - pytorch_cvae.py[line:177] - INFO: loss:7303.216999769211, numeric_loss:356.6455152221024, categorical_loss:959.7144328746945, kld_loss:17343.3673286438, epoch_train_time:36.58811623416841
2023-06-12 19:01:55,505 - pytorch_cvae.py[line:170] - INFO: ----------------------------No.61 epoch----------------------------
2023-06-12 19:01:55,505 - pytorch_cvae.py[line:177] - INFO: loss:7538.762283205986, numeric_loss:356.5109665431082, categorical_loss:1011.7075895033777, kld_loss:17165.9963452816, epoch_train_time:36.994143879041076
2023-06-12 19:02:32,455 - pytorch_cvae.py[line:170] - INFO: ----------------------------No.62 epoch----------------------------
2023-06-12 19:02:32,455 - pytorch_cvae.py[line:177] - INFO: loss:7784.888774394989, numeric_loss:356.4832714162767, categorical_loss:1072.7809845246375, kld_loss:16996.09650683403, epoch_train_time:36.94955187710002
2023-06-12 19:03:09,453 - pytorch_cvae.py[line:170] - INFO: ----------------------------No.63 epoch----------------------------
2023-06-12 19:03:09,453 - pytorch_cvae.py[line:177] - INFO: loss:8025.260538697243, numeric_loss:356.40500654280186, categorical_loss:1130.59465944767, kld_loss:16824.140229701996, epoch_train_time:36.997851631138474
2023-06-12 19:03:46,444 - pytorch_cvae.py[line:170] - INFO: ----------------------------No.64 epoch----------------------------
2023-06-12 19:03:46,444 - pytorch_cvae.py[line:177] - INFO: loss:8272.627466201782, numeric_loss:356.5215804874897, categorical_loss:1193.3840208426118, kld_loss:16662.09916830063, epoch_train_time:36.990770417265594
2023-06-12 19:04:23,409 - pytorch_cvae.py[line:170] - INFO: ----------------------------No.65 epoch----------------------------
2023-06-12 19:04:23,409 - pytorch_cvae.py[line:177] - INFO: loss:8514.259004712105, numeric_loss:356.2454711385071, categorical_loss:1253.4688787981868, kld_loss:16499.38944029808, epoch_train_time:36.964319325983524
2023-06-12 19:05:00,418 - pytorch_cvae.py[line:170] - INFO: ----------------------------No.66 epoch----------------------------
2023-06-12 19:05:00,418 - pytorch_cvae.py[line:177] - INFO: loss:8750.53051519394, numeric_loss:356.33457746729255, categorical_loss:1308.0720692574978, kld_loss:16342.71150803566, epoch_train_time:37.00879473378882
2023-06-12 19:05:37,212 - pytorch_cvae.py[line:170] - INFO: ----------------------------No.67 epoch----------------------------
2023-06-12 19:05:37,212 - pytorch_cvae.py[line:177] - INFO: loss:8989.638611674309, numeric_loss:356.3146673589945, categorical_loss:1372.585264660418, kld_loss:16177.560106515884, epoch_train_time:36.79362698411569
2023-06-12 19:06:14,103 - pytorch_cvae.py[line:170] - INFO: ----------------------------No.68 epoch----------------------------
2023-06-12 19:06:14,103 - pytorch_cvae.py[line:177] - INFO: loss:9236.96905696392, numeric_loss:356.37663619965315, categorical_loss:1444.958584330976, kld_loss:16021.432621002197, epoch_train_time:36.89119849912822
2023-06-12 19:06:50,944 - pytorch_cvae.py[line:170] - INFO: ----------------------------No.69 epoch----------------------------
2023-06-12 19:06:50,944 - pytorch_cvae.py[line:177] - INFO: loss:9480.393096208572, numeric_loss:356.16680385917425, categorical_loss:1516.007202707231, kld_loss:15869.081565618515, epoch_train_time:36.840555692557245
2023-06-12 19:07:27,988 - pytorch_cvae.py[line:170] - INFO: ----------------------------No.70 epoch----------------------------
2023-06-12 19:07:27,988 - pytorch_cvae.py[line:177] - INFO: loss:9707.276897907257, numeric_loss:356.19715056195855, categorical_loss:1593.5397949069738, kld_loss:15678.789706468582, epoch_train_time:37.043227126821876
2023-06-12 19:08:04,978 - pytorch_cvae.py[line:170] - INFO: ----------------------------No.71 epoch----------------------------
2023-06-12 19:08:04,978 - pytorch_cvae.py[line:177] - INFO: loss:9943.42806172371, numeric_loss:356.0158378370106, categorical_loss:1662.2934860810637, kld_loss:15536.32568693161, epoch_train_time:36.9898272799328
2023-06-12 19:08:41,892 - pytorch_cvae.py[line:170] - INFO: ----------------------------No.72 epoch----------------------------
2023-06-12 19:08:41,892 - pytorch_cvae.py[line:177] - INFO: loss:10177.209178686142, numeric_loss:356.0405750796199, categorical_loss:1746.2108256071806, kld_loss:15369.901936292648, epoch_train_time:36.9134311969392
2023-06-12 19:09:18,665 - pytorch_cvae.py[line:170] - INFO: ----------------------------No.73 epoch----------------------------
2023-06-12 19:09:18,665 - pytorch_cvae.py[line:177] - INFO: loss:10412.716540932655, numeric_loss:356.1804830990732, categorical_loss:1825.2508235573769, kld_loss:15227.236952781677, epoch_train_time:36.773407408967614
2023-06-12 19:09:55,322 - pytorch_cvae.py[line:170] - INFO: ----------------------------No.74 epoch----------------------------
2023-06-12 19:09:55,322 - pytorch_cvae.py[line:177] - INFO: loss:10631.392434477806, numeric_loss:356.107249815017, categorical_loss:1906.1848668307066, kld_loss:15062.224105596542, epoch_train_time:36.65618507005274
2023-06-12 19:10:31,930 - pytorch_cvae.py[line:170] - INFO: ----------------------------No.75 epoch----------------------------
2023-06-12 19:10:31,931 - pytorch_cvae.py[line:177] - INFO: loss:10859.567683935165, numeric_loss:355.8481432236731, categorical_loss:1991.4070785343647, kld_loss:14919.322779417038, epoch_train_time:36.60828371299431
2023-06-12 19:11:08,686 - pytorch_cvae.py[line:170] - INFO: ----------------------------No.76 epoch----------------------------
2023-06-12 19:11:08,687 - pytorch_cvae.py[line:177] - INFO: loss:11069.727638363838, numeric_loss:355.8885238803923, categorical_loss:2077.112919613719, kld_loss:14756.255933761597, epoch_train_time:36.755680224858224
2023-06-12 19:11:45,397 - pytorch_cvae.py[line:170] - INFO: ----------------------------No.77 epoch----------------------------
2023-06-12 19:11:45,398 - pytorch_cvae.py[line:177] - INFO: loss:11277.24935734272, numeric_loss:355.89319709688425, categorical_loss:2171.454690426588, kld_loss:14587.805885314941, epoch_train_time:36.71078023687005
2023-06-12 19:12:22,253 - pytorch_cvae.py[line:170] - INFO: ----------------------------No.78 epoch----------------------------
2023-06-12 19:12:22,253 - pytorch_cvae.py[line:177] - INFO: loss:11487.491473317146, numeric_loss:355.7853805869818, categorical_loss:2255.077590405941, kld_loss:14455.361025571823, epoch_train_time:36.85526201874018
2023-06-12 19:12:59,268 - pytorch_cvae.py[line:170] - INFO: ----------------------------No.79 epoch----------------------------
2023-06-12 19:12:59,268 - pytorch_cvae.py[line:177] - INFO: loss:11659.74829852581, numeric_loss:355.83801151812077, categorical_loss:2335.439316868782, kld_loss:14279.982335805893, epoch_train_time:37.014169089030474
2023-06-12 19:13:35,835 - pytorch_cvae.py[line:170] - INFO: ----------------------------No.80 epoch----------------------------
2023-06-12 19:13:35,835 - pytorch_cvae.py[line:177] - INFO: loss:11868.391939759254, numeric_loss:355.81717678904533, categorical_loss:2434.1920671910048, kld_loss:14147.523400306702, epoch_train_time:36.56666042422876
2023-06-12 19:14:12,451 - pytorch_cvae.py[line:170] - INFO: ----------------------------No.81 epoch----------------------------
2023-06-12 19:14:12,452 - pytorch_cvae.py[line:177] - INFO: loss:12042.952723383904, numeric_loss:355.65614119917154, categorical_loss:2518.18470326066, kld_loss:13998.97334575653, epoch_train_time:36.61656001675874
2023-06-12 19:14:49,271 - pytorch_cvae.py[line:170] - INFO: ----------------------------No.82 epoch----------------------------
2023-06-12 19:14:49,271 - pytorch_cvae.py[line:177] - INFO: loss:12224.360114693642, numeric_loss:355.51809157431126, categorical_loss:2611.2886102497578, kld_loss:13861.058404445648, epoch_train_time:36.81908768508583
2023-06-12 19:15:25,866 - pytorch_cvae.py[line:170] - INFO: ----------------------------No.83 epoch----------------------------
2023-06-12 19:15:25,867 - pytorch_cvae.py[line:177] - INFO: loss:12395.283900618553, numeric_loss:355.4229779653251, categorical_loss:2708.18244060874, kld_loss:13715.936703205109, epoch_train_time:36.5951804658398
2023-06-12 19:16:02,488 - pytorch_cvae.py[line:170] - INFO: ----------------------------No.84 epoch----------------------------
2023-06-12 19:16:02,488 - pytorch_cvae.py[line:177] - INFO: loss:12564.123309135437, numeric_loss:355.522902444005, categorical_loss:2798.812825500965, kld_loss:13590.811617612839, epoch_train_time:36.62122234283015
2023-06-12 19:16:39,203 - pytorch_cvae.py[line:170] - INFO: ----------------------------No.85 epoch----------------------------
2023-06-12 19:16:39,203 - pytorch_cvae.py[line:177] - INFO: loss:12717.805031895638, numeric_loss:355.36716509237885, categorical_loss:2884.0435451567173, kld_loss:13465.872091770172, epoch_train_time:36.71505260607228
2023-06-12 19:17:15,882 - pytorch_cvae.py[line:170] - INFO: ----------------------------No.86 epoch----------------------------
2023-06-12 19:17:15,882 - pytorch_cvae.py[line:177] - INFO: loss:12857.637614011765, numeric_loss:355.34863547608256, categorical_loss:2984.8516912162304, kld_loss:13313.37455368042, epoch_train_time:36.67814188217744
2023-06-12 19:17:52,579 - pytorch_cvae.py[line:170] - INFO: ----------------------------No.87 epoch----------------------------
2023-06-12 19:17:52,579 - pytorch_cvae.py[line:177] - INFO: loss:12998.147042036057, numeric_loss:355.3581893630326, categorical_loss:3072.3213605880737, kld_loss:13194.83640885353, epoch_train_time:36.696724851150066
2023-06-12 19:18:29,347 - pytorch_cvae.py[line:170] - INFO: ----------------------------No.88 epoch----------------------------
2023-06-12 19:18:29,347 - pytorch_cvae.py[line:177] - INFO: loss:13110.461881399155, numeric_loss:355.2334462851286, categorical_loss:3156.3325158655643, kld_loss:13056.572090864182, epoch_train_time:36.767907151952386
2023-06-12 19:19:05,975 - pytorch_cvae.py[line:170] - INFO: ----------------------------No.89 epoch----------------------------
2023-06-12 19:19:05,976 - pytorch_cvae.py[line:177] - INFO: loss:13249.53587603569, numeric_loss:355.231693033129, categorical_loss:3248.5257872343063, kld_loss:12957.359409093857, epoch_train_time:36.6281232512556
2023-06-12 19:19:42,788 - pytorch_cvae.py[line:170] - INFO: ----------------------------No.90 epoch----------------------------
2023-06-12 19:19:42,788 - pytorch_cvae.py[line:177] - INFO: loss:13358.8597137928, numeric_loss:355.2025977112353, categorical_loss:3331.25259912014, kld_loss:12844.561547994614, epoch_train_time:36.812406012788415
2023-06-12 19:20:19,167 - pytorch_cvae.py[line:170] - INFO: ----------------------------No.91 epoch----------------------------
2023-06-12 19:20:19,168 - pytorch_cvae.py[line:177] - INFO: loss:13460.801682472229, numeric_loss:355.18931967765093, categorical_loss:3409.0667688548565, kld_loss:12742.122873544693, epoch_train_time:36.379148800857365
2023-06-12 19:20:56,054 - pytorch_cvae.py[line:170] - INFO: ----------------------------No.92 epoch----------------------------
2023-06-12 19:20:56,054 - pytorch_cvae.py[line:177] - INFO: loss:13544.812828540802, numeric_loss:355.15997591242194, categorical_loss:3479.695087105036, kld_loss:12639.10422039032, epoch_train_time:36.886222233995795
2023-06-12 19:21:32,808 - pytorch_cvae.py[line:170] - INFO: ----------------------------No.93 epoch----------------------------
2023-06-12 19:21:32,808 - pytorch_cvae.py[line:177] - INFO: loss:13626.207602739334, numeric_loss:355.097622834146, categorical_loss:3557.253818780184, kld_loss:12537.15845298767, epoch_train_time:36.753675625193864
2023-06-12 19:22:09,502 - pytorch_cvae.py[line:170] - INFO: ----------------------------No.94 epoch----------------------------
2023-06-12 19:22:09,503 - pytorch_cvae.py[line:177] - INFO: loss:13703.377581834793, numeric_loss:355.1009928584099, categorical_loss:3608.791891872883, kld_loss:12476.31132721901, epoch_train_time:36.694057310931385
2023-06-12 19:22:46,427 - pytorch_cvae.py[line:170] - INFO: ----------------------------No.95 epoch----------------------------
2023-06-12 19:22:46,428 - pytorch_cvae.py[line:177] - INFO: loss:13760.370693683624, numeric_loss:355.08460096642375, categorical_loss:3673.704303473234, kld_loss:12385.420561790466, epoch_train_time:36.924755624029785
2023-06-12 19:23:23,360 - pytorch_cvae.py[line:170] - INFO: ----------------------------No.96 epoch----------------------------
2023-06-12 19:23:23,360 - pytorch_cvae.py[line:177] - INFO: loss:13816.07482457161, numeric_loss:355.02111364901066, categorical_loss:3710.167321741581, kld_loss:12341.92166185379, epoch_train_time:36.932472658809274
2023-06-12 19:24:00,268 - pytorch_cvae.py[line:170] - INFO: ----------------------------No.97 epoch----------------------------
2023-06-12 19:24:00,269 - pytorch_cvae.py[line:177] - INFO: loss:13871.362821340561, numeric_loss:355.05035560950637, categorical_loss:3761.6578123271465, kld_loss:12291.256071567535, epoch_train_time:36.90786782419309
2023-06-12 19:24:37,206 - pytorch_cvae.py[line:170] - INFO: ----------------------------No.98 epoch----------------------------
2023-06-12 19:24:37,206 - pytorch_cvae.py[line:177] - INFO: loss:13891.831836938858, numeric_loss:354.99705508351326, categorical_loss:3796.147764503956, kld_loss:12230.773161411285, epoch_train_time:36.93742585880682
2023-06-12 19:25:14,152 - pytorch_cvae.py[line:170] - INFO: ----------------------------No.99 epoch----------------------------
2023-06-12 19:25:14,152 - pytorch_cvae.py[line:177] - INFO: loss:13916.016860246658, numeric_loss:354.9174815043807, categorical_loss:3815.864851117134, kld_loss:12205.930715322495, epoch_train_time:36.94526984868571
2023-06-12 19:25:51,347 - pytorch_cvae.py[line:170] - INFO: ----------------------------No.100 epoch----------------------------
2023-06-12 19:25:51,348 - pytorch_cvae.py[line:177] - INFO: loss:13916.374324083328, numeric_loss:354.98836297914386, categorical_loss:3828.318731099367, kld_loss:12172.418348312378, epoch_train_time:37.19525306997821
2023-06-12 19:26:28,457 - pytorch_cvae.py[line:170] - INFO: ----------------------------No.101 epoch----------------------------
2023-06-12 19:26:28,458 - pytorch_cvae.py[line:177] - INFO: loss:13940.58845090866, numeric_loss:355.0465060137212, categorical_loss:3835.8923061192036, kld_loss:12187.061870098114, epoch_train_time:37.1095948969014
2023-06-12 19:27:05,541 - pytorch_cvae.py[line:170] - INFO: ----------------------------No.102 epoch----------------------------
2023-06-12 19:27:05,541 - pytorch_cvae.py[line:177] - INFO: loss:13941.191310167313, numeric_loss:354.9237923771143, categorical_loss:3837.648176550865, kld_loss:12185.774019479752, epoch_train_time:37.083308489993215
2023-06-12 19:27:42,425 - pytorch_cvae.py[line:170] - INFO: ----------------------------No.103 epoch----------------------------
2023-06-12 19:27:42,425 - pytorch_cvae.py[line:177] - INFO: loss:13926.258636951447, numeric_loss:354.9850324615836, categorical_loss:3831.718900948763, kld_loss:12174.443212509155, epoch_train_time:36.883893894031644
2023-06-12 19:28:19,190 - pytorch_cvae.py[line:170] - INFO: ----------------------------No.104 epoch----------------------------
2023-06-12 19:28:19,190 - pytorch_cvae.py[line:177] - INFO: loss:13933.775954961777, numeric_loss:354.9298449829221, categorical_loss:3846.260290980339, kld_loss:12165.73208785057, epoch_train_time:36.76457974873483
2023-06-12 19:28:56,219 - pytorch_cvae.py[line:170] - INFO: ----------------------------No.105 epoch----------------------------
2023-06-12 19:28:56,219 - pytorch_cvae.py[line:177] - INFO: loss:13934.019926309586, numeric_loss:354.9009487479925, categorical_loss:3845.35089212656, kld_loss:12167.209951281548, epoch_train_time:37.02876268001273
2023-06-12 19:29:33,175 - pytorch_cvae.py[line:170] - INFO: ----------------------------No.106 epoch----------------------------
2023-06-12 19:29:33,175 - pytorch_cvae.py[line:177] - INFO: loss:13917.463943958282, numeric_loss:354.84673073887825, categorical_loss:3835.0907601714134, kld_loss:12159.407898664474, epoch_train_time:36.955490882042795
2023-06-12 19:30:10,049 - pytorch_cvae.py[line:170] - INFO: ----------------------------No.107 epoch----------------------------
2023-06-12 19:30:10,049 - pytorch_cvae.py[line:177] - INFO: loss:13920.526466846466, numeric_loss:354.8977187015116, categorical_loss:3825.390517115593, kld_loss:12175.297624111176, epoch_train_time:36.87376831006259
2023-06-12 19:30:46,921 - pytorch_cvae.py[line:170] - INFO: ----------------------------No.108 epoch----------------------------
2023-06-12 19:30:46,921 - pytorch_cvae.py[line:177] - INFO: loss:13932.982463598251, numeric_loss:354.9562027193606, categorical_loss:3836.2879535257816, kld_loss:12177.172717928886, epoch_train_time:36.87189506785944
2023-06-12 19:31:23,760 - pytorch_cvae.py[line:170] - INFO: ----------------------------No.109 epoch----------------------------
2023-06-12 19:31:23,760 - pytorch_cvae.py[line:177] - INFO: loss:13917.79911994934, numeric_loss:354.83352595195174, categorical_loss:3821.662821084261, kld_loss:12176.628299713135, epoch_train_time:36.837858121842146
2023-06-12 19:32:00,443 - pytorch_cvae.py[line:170] - INFO: ----------------------------No.110 epoch----------------------------
2023-06-12 19:32:00,443 - pytorch_cvae.py[line:177] - INFO: loss:13932.170773029327, numeric_loss:354.99134912341833, categorical_loss:3824.469205468893, kld_loss:12190.887606978416, epoch_train_time:36.68292802711949
2023-06-12 19:32:37,251 - pytorch_cvae.py[line:170] - INFO: ----------------------------No.111 epoch----------------------------
2023-06-12 19:32:37,252 - pytorch_cvae.py[line:177] - INFO: loss:13931.275845527649, numeric_loss:354.86577420681715, categorical_loss:3816.4044006466866, kld_loss:12200.00691819191, epoch_train_time:36.80828151386231
2023-06-12 19:33:14,006 - pytorch_cvae.py[line:170] - INFO: ----------------------------No.112 epoch----------------------------
2023-06-12 19:33:14,006 - pytorch_cvae.py[line:177] - INFO: loss:13922.477666378021, numeric_loss:354.8673485927284, categorical_loss:3809.194851756096, kld_loss:12198.019151449203, epoch_train_time:36.75423263898119
2023-06-12 19:33:50,983 - pytorch_cvae.py[line:170] - INFO: ----------------------------No.113 epoch----------------------------
2023-06-12 19:33:50,983 - pytorch_cvae.py[line:177] - INFO: loss:13938.341705322266, numeric_loss:354.7868389263749, categorical_loss:3808.8897830843925, kld_loss:12218.331187725067, epoch_train_time:36.976679308805615
2023-06-12 19:34:27,896 - pytorch_cvae.py[line:170] - INFO: ----------------------------No.114 epoch----------------------------
2023-06-12 19:34:27,896 - pytorch_cvae.py[line:177] - INFO: loss:13926.034704685211, numeric_loss:354.8073435947299, categorical_loss:3809.195365935564, kld_loss:12202.53982591629, epoch_train_time:36.91245540091768
2023-06-12 19:35:04,817 - pytorch_cvae.py[line:170] - INFO: ----------------------------No.115 epoch----------------------------
2023-06-12 19:35:04,817 - pytorch_cvae.py[line:177] - INFO: loss:13920.66498541832, numeric_loss:354.82395432144403, categorical_loss:3802.2293128967285, kld_loss:12204.51447892189, epoch_train_time:36.92055635293946
2023-06-12 19:35:41,798 - pytorch_cvae.py[line:170] - INFO: ----------------------------No.116 epoch----------------------------
2023-06-12 19:35:41,799 - pytorch_cvae.py[line:177] - INFO: loss:13925.632348537445, numeric_loss:354.8732317201793, categorical_loss:3804.1362120509148, kld_loss:12208.278468608856, epoch_train_time:36.981197060551494
2023-06-12 19:36:18,641 - pytorch_cvae.py[line:170] - INFO: ----------------------------No.117 epoch----------------------------
2023-06-12 19:36:18,641 - pytorch_cvae.py[line:177] - INFO: loss:13924.27988910675, numeric_loss:354.78933151066303, categorical_loss:3800.550660789013, kld_loss:12211.174693584442, epoch_train_time:36.84196749376133
2023-06-12 19:36:55,443 - pytorch_cvae.py[line:170] - INFO: ----------------------------No.118 epoch----------------------------
2023-06-12 19:36:55,443 - pytorch_cvae.py[line:177] - INFO: loss:13927.022793531418, numeric_loss:354.8900737352669, categorical_loss:3819.8957493901253, kld_loss:12190.296039581299, epoch_train_time:36.80163999181241
2023-06-12 19:37:32,093 - pytorch_cvae.py[line:170] - INFO: ----------------------------No.119 epoch----------------------------
2023-06-12 19:37:32,093 - pytorch_cvae.py[line:177] - INFO: loss:13923.365147829056, numeric_loss:354.77226880192757, categorical_loss:3790.5053304731846, kld_loss:12222.609263896942, epoch_train_time:36.64969232166186
2023-06-12 19:38:08,895 - pytorch_cvae.py[line:170] - INFO: ----------------------------No.120 epoch----------------------------
2023-06-12 19:38:08,895 - pytorch_cvae.py[line:177] - INFO: loss:13913.958359003067, numeric_loss:354.7611230947077, categorical_loss:3789.7191491425037, kld_loss:12211.847450494766, epoch_train_time:36.80188710615039
2023-06-12 19:38:45,724 - pytorch_cvae.py[line:170] - INFO: ----------------------------No.121 epoch----------------------------
2023-06-12 19:38:45,725 - pytorch_cvae.py[line:177] - INFO: loss:13911.529483318329, numeric_loss:354.8297773115337, categorical_loss:3796.6664026379585, kld_loss:12200.041465759277, epoch_train_time:36.82932290993631
2023-06-12 19:39:22,656 - pytorch_cvae.py[line:170] - INFO: ----------------------------No.122 epoch----------------------------
2023-06-12 19:39:22,656 - pytorch_cvae.py[line:177] - INFO: loss:13922.381572008133, numeric_loss:354.8156501315534, categorical_loss:3811.1690632998943, kld_loss:12195.495896339417, epoch_train_time:36.93076885957271
2023-06-12 19:39:59,632 - pytorch_cvae.py[line:170] - INFO: ----------------------------No.123 epoch----------------------------
2023-06-12 19:39:59,632 - pytorch_cvae.py[line:177] - INFO: loss:13917.974128246307, numeric_loss:354.7925901077688, categorical_loss:3808.0947784781456, kld_loss:12193.858296632767, epoch_train_time:36.97594700194895
2023-06-12 19:40:36,349 - pytorch_cvae.py[line:170] - INFO: ----------------------------No.124 epoch----------------------------
2023-06-12 19:40:36,349 - pytorch_cvae.py[line:177] - INFO: loss:13928.421923160553, numeric_loss:354.8537660315633, categorical_loss:3798.2709550261497, kld_loss:12219.121338367462, epoch_train_time:36.71675715409219
2023-06-12 19:41:13,048 - pytorch_cvae.py[line:170] - INFO: ----------------------------No.125 epoch----------------------------
2023-06-12 19:41:13,048 - pytorch_cvae.py[line:177] - INFO: loss:13919.413127422333, numeric_loss:354.6409448683262, categorical_loss:3801.947560995817, kld_loss:12203.530622959137, epoch_train_time:36.69887138810009
2023-06-12 19:41:49,742 - pytorch_cvae.py[line:170] - INFO: ----------------------------No.126 epoch----------------------------
2023-06-12 19:41:49,743 - pytorch_cvae.py[line:177] - INFO: loss:13925.625764369965, numeric_loss:354.81519854441285, categorical_loss:3800.2616479992867, kld_loss:12213.185983419418, epoch_train_time:36.69400376919657
2023-06-12 19:42:26,301 - pytorch_cvae.py[line:170] - INFO: ----------------------------No.127 epoch----------------------------
2023-06-12 19:42:26,301 - pytorch_cvae.py[line:177] - INFO: loss:13920.985178470612, numeric_loss:354.7879817299545, categorical_loss:3797.1748321950436, kld_loss:12211.277777671814, epoch_train_time:36.55801964504644
2023-06-12 19:43:02,777 - pytorch_cvae.py[line:170] - INFO: ----------------------------No.128 epoch----------------------------
2023-06-12 19:43:02,778 - pytorch_cvae.py[line:177] - INFO: loss:13924.775322437286, numeric_loss:354.7279427498579, categorical_loss:3801.2638652026653, kld_loss:12210.979227781296, epoch_train_time:36.47636178787798
2023-06-12 19:43:39,487 - pytorch_cvae.py[line:170] - INFO: ----------------------------No.129 epoch----------------------------
2023-06-12 19:43:39,487 - pytorch_cvae.py[line:177] - INFO: loss:13917.319879293442, numeric_loss:354.7947645224631, categorical_loss:3783.138348340988, kld_loss:12224.233291625977, epoch_train_time:36.70937337633222
2023-06-12 19:44:16,534 - pytorch_cvae.py[line:170] - INFO: ----------------------------No.130 epoch----------------------------
2023-06-12 19:44:16,534 - pytorch_cvae.py[line:177] - INFO: loss:13919.56000995636, numeric_loss:354.78910947963595, categorical_loss:3781.794804364443, kld_loss:12228.71995973587, epoch_train_time:37.046577722299844
2023-06-12 19:44:53,563 - pytorch_cvae.py[line:170] - INFO: ----------------------------No.131 epoch----------------------------
2023-06-12 19:44:53,563 - pytorch_cvae.py[line:177] - INFO: loss:13925.75011086464, numeric_loss:354.7578536197543, categorical_loss:3792.017961293459, kld_loss:12223.717707157135, epoch_train_time:37.02855541277677
2023-06-12 19:45:30,781 - pytorch_cvae.py[line:170] - INFO: ----------------------------No.132 epoch----------------------------
2023-06-12 19:45:30,781 - pytorch_cvae.py[line:177] - INFO: loss:13913.793635606766, numeric_loss:354.8191350623965, categorical_loss:3787.0336861014366, kld_loss:12214.925859212875, epoch_train_time:37.218072809744626
2023-06-12 19:46:07,745 - pytorch_cvae.py[line:170] - INFO: ----------------------------No.133 epoch----------------------------
2023-06-12 19:46:07,746 - pytorch_cvae.py[line:177] - INFO: loss:13906.728307962418, numeric_loss:354.79505978897214, categorical_loss:3787.9389442801476, kld_loss:12204.99270606041, epoch_train_time:36.96388944378123
2023-06-12 19:46:44,751 - pytorch_cvae.py[line:170] - INFO: ----------------------------No.134 epoch----------------------------
2023-06-12 19:46:44,752 - pytorch_cvae.py[line:177] - INFO: loss:13924.547235250473, numeric_loss:354.7651963233948, categorical_loss:3806.1621631085873, kld_loss:12204.524670124054, epoch_train_time:37.00574080320075
2023-06-12 19:47:21,618 - pytorch_cvae.py[line:170] - INFO: ----------------------------No.135 epoch----------------------------
2023-06-12 19:47:21,618 - pytorch_cvae.py[line:177] - INFO: loss:13916.179634809494, numeric_loss:354.79719327017665, categorical_loss:3804.3651825487614, kld_loss:12196.271403312683, epoch_train_time:36.86619767174125
2023-06-12 19:47:57,951 - pytorch_cvae.py[line:170] - INFO: ----------------------------No.136 epoch----------------------------
2023-06-12 19:47:57,952 - pytorch_cvae.py[line:177] - INFO: loss:13923.408256292343, numeric_loss:354.8544424884021, categorical_loss:3784.0601320266724, kld_loss:12230.616926074028, epoch_train_time:36.33315136888996
2023-06-12 19:48:34,679 - pytorch_cvae.py[line:170] - INFO: ----------------------------No.137 epoch----------------------------
2023-06-12 19:48:34,679 - pytorch_cvae.py[line:177] - INFO: loss:13914.333618164062, numeric_loss:354.77356119826436, categorical_loss:3778.4531723856926, kld_loss:12226.383459687233, epoch_train_time:36.72717830399051
2023-06-12 19:49:11,145 - pytorch_cvae.py[line:170] - INFO: ----------------------------No.138 epoch----------------------------
2023-06-12 19:49:11,145 - pytorch_cvae.py[line:177] - INFO: loss:13913.412335395813, numeric_loss:354.82636143267155, categorical_loss:3787.1337801516056, kld_loss:12214.315074443817, epoch_train_time:36.465105168987066
2023-06-12 19:49:47,891 - pytorch_cvae.py[line:170] - INFO: ----------------------------No.139 epoch----------------------------
2023-06-12 19:49:47,891 - pytorch_cvae.py[line:177] - INFO: loss:13917.347192525864, numeric_loss:354.80525225773454, categorical_loss:3781.3430494070053, kld_loss:12226.498450994492, epoch_train_time:36.74566998286173
2023-06-12 19:50:24,726 - pytorch_cvae.py[line:170] - INFO: ----------------------------No.140 epoch----------------------------
2023-06-12 19:50:24,726 - pytorch_cvae.py[line:177] - INFO: loss:13918.52474117279, numeric_loss:354.80024019256234, categorical_loss:3795.7827009558678, kld_loss:12209.927077770233, epoch_train_time:36.83473702240735
2023-06-12 19:51:01,705 - pytorch_cvae.py[line:170] - INFO: ----------------------------No.141 epoch----------------------------
2023-06-12 19:51:01,706 - pytorch_cvae.py[line:177] - INFO: loss:13914.290070533752, numeric_loss:354.81706469133496, categorical_loss:3782.4163413345814, kld_loss:12221.320660829544, epoch_train_time:36.97963734297082
2023-06-12 19:51:38,446 - pytorch_cvae.py[line:170] - INFO: ----------------------------No.142 epoch----------------------------
2023-06-12 19:51:38,446 - pytorch_cvae.py[line:177] - INFO: loss:13911.015858411789, numeric_loss:354.7241468988359, categorical_loss:3778.052667438984, kld_loss:12222.798643827438, epoch_train_time:36.740194900892675
2023-06-12 19:52:15,314 - pytorch_cvae.py[line:170] - INFO: ----------------------------No.143 epoch----------------------------
2023-06-12 19:52:15,314 - pytorch_cvae.py[line:177] - INFO: loss:13921.283759832382, numeric_loss:354.73719062283635, categorical_loss:3797.090168148279, kld_loss:12211.820338487625, epoch_train_time:36.86794628482312
2023-06-12 19:52:52,238 - pytorch_cvae.py[line:170] - INFO: ----------------------------No.144 epoch----------------------------
2023-06-12 19:52:52,238 - pytorch_cvae.py[line:177] - INFO: loss:13919.243554115295, numeric_loss:354.8437957651913, categorical_loss:3793.0349400937557, kld_loss:12214.205835580826, epoch_train_time:36.9230966870673
2023-06-12 19:53:29,013 - pytorch_cvae.py[line:170] - INFO: ----------------------------No.145 epoch----------------------------
2023-06-12 19:53:29,013 - pytorch_cvae.py[line:177] - INFO: loss:13911.349411964417, numeric_loss:354.8802191577852, categorical_loss:3785.6296269595623, kld_loss:12213.549271821976, epoch_train_time:36.77530160686001
2023-06-12 19:54:06,118 - pytorch_cvae.py[line:170] - INFO: ----------------------------No.146 epoch----------------------------
2023-06-12 19:54:06,119 - pytorch_cvae.py[line:177] - INFO: loss:13915.261822223663, numeric_loss:354.8160405009985, categorical_loss:3781.1791909337044, kld_loss:12224.083069086075, epoch_train_time:37.104517358355224
2023-06-12 19:54:42,989 - pytorch_cvae.py[line:170] - INFO: ----------------------------No.147 epoch----------------------------
2023-06-12 19:54:42,989 - pytorch_cvae.py[line:177] - INFO: loss:13895.448074579239, numeric_loss:354.8086941577494, categorical_loss:3787.066660195589, kld_loss:12191.965731143951, epoch_train_time:36.87001272896305
2023-06-12 19:55:19,992 - pytorch_cvae.py[line:170] - INFO: ----------------------------No.148 epoch----------------------------
2023-06-12 19:55:19,993 - pytorch_cvae.py[line:177] - INFO: loss:13906.837954998016, numeric_loss:354.7548445984721, categorical_loss:3797.65370836854, kld_loss:12193.036587238312, epoch_train_time:37.00337037630379
2023-06-12 19:55:56,915 - pytorch_cvae.py[line:170] - INFO: ----------------------------No.149 epoch----------------------------
2023-06-12 19:55:56,915 - pytorch_cvae.py[line:177] - INFO: loss:13912.69554901123, numeric_loss:354.8191086538136, categorical_loss:3789.851724922657, kld_loss:12210.030718803406, epoch_train_time:36.922530674841255
2023-06-12 19:56:33,941 - pytorch_cvae.py[line:170] - INFO: ----------------------------No.150 epoch----------------------------
2023-06-12 19:56:33,941 - pytorch_cvae.py[line:177] - INFO: loss:13910.153778791428, numeric_loss:354.76010041311383, categorical_loss:3789.5285200476646, kld_loss:12207.331287384033, epoch_train_time:37.025781938806176
2023-06-12 19:57:10,935 - pytorch_cvae.py[line:170] - INFO: ----------------------------No.151 epoch----------------------------
2023-06-12 19:57:10,936 - pytorch_cvae.py[line:177] - INFO: loss:13920.131196975708, numeric_loss:354.789332292974, categorical_loss:3794.8890521228313, kld_loss:12213.065843820572, epoch_train_time:36.993767032399774
2023-06-12 19:57:47,814 - pytorch_cvae.py[line:170] - INFO: ----------------------------No.152 epoch----------------------------
2023-06-12 19:57:47,814 - pytorch_cvae.py[line:177] - INFO: loss:13908.935253620148, numeric_loss:354.85163055732846, categorical_loss:3786.9661085903645, kld_loss:12208.896743059158, epoch_train_time:36.87801750889048
2023-06-12 19:58:24,917 - pytorch_cvae.py[line:170] - INFO: ----------------------------No.153 epoch----------------------------
2023-06-12 19:58:24,918 - pytorch_cvae.py[line:177] - INFO: loss:13911.96587729454, numeric_loss:354.82937502861023, categorical_loss:3793.4418516159058, kld_loss:12204.61814904213, epoch_train_time:37.10336717683822
2023-06-12 19:59:01,729 - pytorch_cvae.py[line:170] - INFO: ----------------------------No.154 epoch----------------------------
2023-06-12 19:59:01,729 - pytorch_cvae.py[line:177] - INFO: loss:13922.124509811401, numeric_loss:354.81160570308566, categorical_loss:3788.3306608200073, kld_loss:12223.727645635605, epoch_train_time:36.811588116921484
2023-06-12 19:59:38,711 - pytorch_cvae.py[line:170] - INFO: ----------------------------No.155 epoch----------------------------
2023-06-12 19:59:38,711 - pytorch_cvae.py[line:177] - INFO: loss:13909.545251846313, numeric_loss:354.88553896546364, categorical_loss:3779.9427351355553, kld_loss:12218.396055936813, epoch_train_time:36.98092638095841
2023-06-12 20:00:15,544 - pytorch_cvae.py[line:170] - INFO: ----------------------------No.156 epoch----------------------------
2023-06-12 20:00:15,544 - pytorch_cvae.py[line:177] - INFO: loss:13904.276045799255, numeric_loss:354.70830454304814, categorical_loss:3777.609949141741, kld_loss:12214.94707930088, epoch_train_time:36.83267918601632
2023-06-12 20:00:52,128 - pytorch_cvae.py[line:170] - INFO: ----------------------------No.157 epoch----------------------------
2023-06-12 20:00:52,129 - pytorch_cvae.py[line:177] - INFO: loss:13922.14001750946, numeric_loss:354.6978305131197, categorical_loss:3784.5125264525414, kld_loss:12228.661910057068, epoch_train_time:36.584417277015746
2023-06-12 20:01:28,892 - pytorch_cvae.py[line:170] - INFO: ----------------------------No.158 epoch----------------------------
2023-06-12 20:01:28,892 - pytorch_cvae.py[line:177] - INFO: loss:13905.557317256927, numeric_loss:354.7458134330809, categorical_loss:3779.423190265894, kld_loss:12214.23521065712, epoch_train_time:36.76279987022281
2023-06-12 20:02:05,505 - pytorch_cvae.py[line:170] - INFO: ----------------------------No.159 epoch----------------------------
2023-06-12 20:02:05,505 - pytorch_cvae.py[line:177] - INFO: loss:13918.558838129044, numeric_loss:354.7773758582771, categorical_loss:3786.8224108219147, kld_loss:12221.198651075363, epoch_train_time:36.613109876867384
2023-06-12 20:02:42,477 - pytorch_cvae.py[line:170] - INFO: ----------------------------No.160 epoch----------------------------
2023-06-12 20:02:42,478 - pytorch_cvae.py[line:177] - INFO: loss:13909.983288764954, numeric_loss:354.6814325861633, categorical_loss:3781.5934392511845, kld_loss:12217.13535618782, epoch_train_time:36.971936052665114
2023-06-12 20:03:19,401 - pytorch_cvae.py[line:170] - INFO: ----------------------------No.161 epoch----------------------------
2023-06-12 20:03:19,401 - pytorch_cvae.py[line:177] - INFO: loss:13916.108003854752, numeric_loss:354.69704343006015, categorical_loss:3792.779130369425, kld_loss:12210.78963303566, epoch_train_time:36.92320467997342
2023-06-12 20:03:56,308 - pytorch_cvae.py[line:170] - INFO: ----------------------------No.162 epoch----------------------------
2023-06-12 20:03:56,309 - pytorch_cvae.py[line:177] - INFO: loss:13913.852630853653, numeric_loss:354.754211936146, categorical_loss:3787.2676831781864, kld_loss:12214.788237929344, epoch_train_time:36.90712381899357
2023-06-12 20:04:33,490 - pytorch_cvae.py[line:170] - INFO: ----------------------------No.163 epoch----------------------------
2023-06-12 20:04:33,490 - pytorch_cvae.py[line:177] - INFO: loss:13916.32873082161, numeric_loss:354.74052441865206, categorical_loss:3788.6524773538113, kld_loss:12216.169490218163, epoch_train_time:37.18121232977137
2023-06-12 20:05:10,494 - pytorch_cvae.py[line:170] - INFO: ----------------------------No.164 epoch----------------------------
2023-06-12 20:05:10,494 - pytorch_cvae.py[line:177] - INFO: loss:13904.700473308563, numeric_loss:354.8022118099034, categorical_loss:3770.53001254797, kld_loss:12224.210149526596, epoch_train_time:37.003981633111835
2023-06-12 20:05:47,397 - pytorch_cvae.py[line:170] - INFO: ----------------------------No.165 epoch----------------------------
2023-06-12 20:05:47,397 - pytorch_cvae.py[line:177] - INFO: loss:13925.66476726532, numeric_loss:354.7963917888701, categorical_loss:3788.784690439701, kld_loss:12227.604439735413, epoch_train_time:36.902445673942566
2023-06-12 20:06:24,296 - pytorch_cvae.py[line:170] - INFO: ----------------------------No.166 epoch----------------------------
2023-06-12 20:06:24,296 - pytorch_cvae.py[line:177] - INFO: loss:13913.242317199707, numeric_loss:354.6989478170872, categorical_loss:3793.099789828062, kld_loss:12206.804308652878, epoch_train_time:36.89852281380445
2023-06-12 20:07:01,316 - pytorch_cvae.py[line:170] - INFO: ----------------------------No.167 epoch----------------------------
2023-06-12 20:07:01,316 - pytorch_cvae.py[line:177] - INFO: loss:13899.136808633804, numeric_loss:354.7761352099478, categorical_loss:3779.8930695950985, kld_loss:12205.584346175194, epoch_train_time:37.020014197099954
2023-06-12 20:07:38,203 - pytorch_cvae.py[line:170] - INFO: ----------------------------No.168 epoch----------------------------
2023-06-12 20:07:38,203 - pytorch_cvae.py[line:177] - INFO: loss:13908.66700387001, numeric_loss:354.81159383431077, categorical_loss:3789.082542002201, kld_loss:12205.965922355652, epoch_train_time:36.886251620948315
2023-06-12 20:08:14,971 - pytorch_cvae.py[line:170] - INFO: ----------------------------No.169 epoch----------------------------
2023-06-12 20:08:14,971 - pytorch_cvae.py[line:177] - INFO: loss:13914.749525308609, numeric_loss:354.80720022693276, categorical_loss:3781.1858887672424, kld_loss:12223.445389270782, epoch_train_time:36.76789039699361
2023-06-12 20:08:51,758 - pytorch_cvae.py[line:170] - INFO: ----------------------------No.170 epoch----------------------------
2023-06-12 20:08:51,759 - pytorch_cvae.py[line:177] - INFO: loss:13909.912091732025, numeric_loss:354.74557487666607, categorical_loss:3785.9241755008698, kld_loss:12211.55274438858, epoch_train_time:36.78705273009837
2023-06-12 20:09:28,494 - pytorch_cvae.py[line:170] - INFO: ----------------------------No.171 epoch----------------------------
2023-06-12 20:09:28,494 - pytorch_cvae.py[line:177] - INFO: loss:13910.570751190186, numeric_loss:354.7426735945046, categorical_loss:3785.2629274129868, kld_loss:12213.206284999847, epoch_train_time:36.73518474306911
2023-06-12 20:10:05,223 - pytorch_cvae.py[line:170] - INFO: ----------------------------No.172 epoch----------------------------
2023-06-12 20:10:05,224 - pytorch_cvae.py[line:177] - INFO: loss:13902.136836528778, numeric_loss:354.7869164682925, categorical_loss:3780.534394711256, kld_loss:12208.519233226776, epoch_train_time:36.72881609015167
2023-06-12 20:10:42,027 - pytorch_cvae.py[line:170] - INFO: ----------------------------No.173 epoch----------------------------
2023-06-12 20:10:42,027 - pytorch_cvae.py[line:177] - INFO: loss:13904.878086090088, numeric_loss:354.7867252640426, categorical_loss:3788.099460721016, kld_loss:12202.48970246315, epoch_train_time:36.803009326104075
2023-06-12 20:11:18,357 - pytorch_cvae.py[line:170] - INFO: ----------------------------No.174 epoch----------------------------
2023-06-12 20:11:18,357 - pytorch_cvae.py[line:177] - INFO: loss:13912.752434015274, numeric_loss:354.71070474758744, categorical_loss:3775.3543536663055, kld_loss:12228.35905122757, epoch_train_time:36.329700883012265
2023-06-12 20:11:54,984 - pytorch_cvae.py[line:170] - INFO: ----------------------------No.175 epoch----------------------------
2023-06-12 20:11:54,984 - pytorch_cvae.py[line:177] - INFO: loss:13905.689969778061, numeric_loss:354.6862304136157, categorical_loss:3781.3587001264095, kld_loss:12212.056136250496, epoch_train_time:36.627076257020235
2023-06-12 20:12:32,124 - pytorch_cvae.py[line:170] - INFO: ----------------------------No.176 epoch----------------------------
2023-06-12 20:12:32,125 - pytorch_cvae.py[line:177] - INFO: loss:13904.483757972717, numeric_loss:354.75194814801216, categorical_loss:3774.8048322200775, kld_loss:12218.658569812775, epoch_train_time:37.1400214699097
2023-06-12 20:13:08,983 - pytorch_cvae.py[line:170] - INFO: ----------------------------No.177 epoch----------------------------
2023-06-12 20:13:08,983 - pytorch_cvae.py[line:177] - INFO: loss:13913.72000169754, numeric_loss:354.77061573415995, categorical_loss:3788.301250308752, kld_loss:12213.310009241104, epoch_train_time:36.858239725697786
2023-06-12 20:13:45,692 - pytorch_cvae.py[line:170] - INFO: ----------------------------No.178 epoch----------------------------
2023-06-12 20:13:45,692 - pytorch_cvae.py[line:177] - INFO: loss:13904.417462348938, numeric_loss:354.7931937612593, categorical_loss:3782.177286952734, kld_loss:12209.308562994003, epoch_train_time:36.70827955706045
2023-06-12 20:14:22,291 - pytorch_cvae.py[line:170] - INFO: ----------------------------No.179 epoch----------------------------
2023-06-12 20:14:22,291 - pytorch_cvae.py[line:177] - INFO: loss:13917.11306476593, numeric_loss:354.777220595628, categorical_loss:3798.548526674509, kld_loss:12204.733980894089, epoch_train_time:36.59933117264882
2023-06-12 20:14:58,630 - pytorch_cvae.py[line:170] - INFO: ----------------------------No.180 epoch----------------------------
2023-06-12 20:14:58,631 - pytorch_cvae.py[line:177] - INFO: loss:13911.100622415543, numeric_loss:354.8014391809702, categorical_loss:3796.1403892934322, kld_loss:12200.198331356049, epoch_train_time:36.33882854459807
2023-06-12 20:15:35,750 - pytorch_cvae.py[line:170] - INFO: ----------------------------No.181 epoch----------------------------
2023-06-12 20:15:35,750 - pytorch_cvae.py[line:177] - INFO: loss:13914.25537276268, numeric_loss:354.6989422403276, categorical_loss:3788.04332447052, kld_loss:12214.391220092773, epoch_train_time:37.11941578099504
2023-06-12 20:16:12,957 - pytorch_cvae.py[line:170] - INFO: ----------------------------No.182 epoch----------------------------
2023-06-12 20:16:12,957 - pytorch_cvae.py[line:177] - INFO: loss:13913.87755727768, numeric_loss:354.73743280395865, categorical_loss:3783.9419864416122, kld_loss:12218.997502326965, epoch_train_time:37.20668330229819
2023-06-12 20:16:50,057 - pytorch_cvae.py[line:170] - INFO: ----------------------------No.183 epoch----------------------------
2023-06-12 20:16:50,057 - pytorch_cvae.py[line:177] - INFO: loss:13905.04694533348, numeric_loss:354.7848508954048, categorical_loss:3793.1542913913727, kld_loss:12196.384587287903, epoch_train_time:37.09993440983817
2023-06-12 20:17:27,440 - pytorch_cvae.py[line:170] - INFO: ----------------------------No.184 epoch----------------------------
2023-06-12 20:17:27,441 - pytorch_cvae.py[line:177] - INFO: loss:13910.596646785736, numeric_loss:354.8161841966212, categorical_loss:3784.513374745846, kld_loss:12214.083684444427, epoch_train_time:37.382626510225236
2023-06-12 20:18:05,076 - pytorch_cvae.py[line:170] - INFO: ----------------------------No.185 epoch----------------------------
2023-06-12 20:18:05,076 - pytorch_cvae.py[line:177] - INFO: loss:13915.744425296783, numeric_loss:354.7751643434167, categorical_loss:3772.0247740745544, kld_loss:12236.180443525314, epoch_train_time:37.63509476510808
2023-06-12 20:18:41,708 - pytorch_cvae.py[line:170] - INFO: ----------------------------No.186 epoch----------------------------
2023-06-12 20:18:41,708 - pytorch_cvae.py[line:177] - INFO: loss:13906.439483165741, numeric_loss:354.85401010513306, categorical_loss:3772.9565958082676, kld_loss:12223.285914063454, epoch_train_time:36.63157033640891
2023-06-12 20:19:18,877 - pytorch_cvae.py[line:170] - INFO: ----------------------------No.187 epoch----------------------------
2023-06-12 20:19:18,877 - pytorch_cvae.py[line:177] - INFO: loss:13905.533705234528, numeric_loss:354.86064368486404, categorical_loss:3770.5404892861843, kld_loss:12225.165550231934, epoch_train_time:37.168947940692306
2023-06-12 20:19:55,448 - pytorch_cvae.py[line:170] - INFO: ----------------------------No.188 epoch----------------------------
2023-06-12 20:19:55,448 - pytorch_cvae.py[line:177] - INFO: loss:13922.657996892929, numeric_loss:354.7573874928057, categorical_loss:3783.1193953752518, kld_loss:12230.976355075836, epoch_train_time:36.57091404218227
2023-06-12 20:20:31,952 - pytorch_cvae.py[line:170] - INFO: ----------------------------No.189 epoch----------------------------
2023-06-12 20:20:31,952 - pytorch_cvae.py[line:177] - INFO: loss:13914.551930427551, numeric_loss:354.8357623256743, categorical_loss:3786.17740175128, kld_loss:12216.923298478127, epoch_train_time:36.50327659025788
2023-06-12 20:21:08,545 - pytorch_cvae.py[line:170] - INFO: ----------------------------No.190 epoch----------------------------
2023-06-12 20:21:08,545 - pytorch_cvae.py[line:177] - INFO: loss:13906.675481557846, numeric_loss:354.8730300180614, categorical_loss:3774.4515903294086, kld_loss:12221.68842291832, epoch_train_time:36.592845622915775
2023-06-12 20:21:45,346 - pytorch_cvae.py[line:170] - INFO: ----------------------------No.191 epoch----------------------------
2023-06-12 20:21:45,347 - pytorch_cvae.py[line:177] - INFO: loss:13900.66235613823, numeric_loss:354.8029021881521, categorical_loss:3788.0585875213146, kld_loss:12197.250909805298, epoch_train_time:36.80116568831727
2023-06-12 20:22:22,091 - pytorch_cvae.py[line:170] - INFO: ----------------------------No.192 epoch----------------------------
2023-06-12 20:22:22,091 - pytorch_cvae.py[line:177] - INFO: loss:13919.129386901855, numeric_loss:354.8941883146763, categorical_loss:3780.130196839571, kld_loss:12230.131072759628, epoch_train_time:36.7440189672634
2023-06-12 20:22:58,778 - pytorch_cvae.py[line:170] - INFO: ----------------------------No.193 epoch----------------------------
2023-06-12 20:22:58,779 - pytorch_cvae.py[line:177] - INFO: loss:13914.631580591202, numeric_loss:354.7248807810247, categorical_loss:3774.976282685995, kld_loss:12231.162848472595, epoch_train_time:36.68746472988278
2023-06-12 20:23:35,385 - pytorch_cvae.py[line:170] - INFO: ----------------------------No.194 epoch----------------------------
2023-06-12 20:23:35,385 - pytorch_cvae.py[line:177] - INFO: loss:13915.419746875763, numeric_loss:354.78988429158926, categorical_loss:3779.0030556321144, kld_loss:12227.033354997635, epoch_train_time:36.60578570328653
2023-06-12 20:24:12,166 - pytorch_cvae.py[line:170] - INFO: ----------------------------No.195 epoch----------------------------
2023-06-12 20:24:12,166 - pytorch_cvae.py[line:177] - INFO: loss:13901.01493358612, numeric_loss:354.7375723719597, categorical_loss:3767.3221429884434, kld_loss:12223.693847179413, epoch_train_time:36.780761391855776
2023-06-12 20:24:48,914 - pytorch_cvae.py[line:170] - INFO: ----------------------------No.196 epoch----------------------------
2023-06-12 20:24:48,914 - pytorch_cvae.py[line:177] - INFO: loss:13909.55125451088, numeric_loss:354.87278631329536, categorical_loss:3783.217356711626, kld_loss:12214.326213121414, epoch_train_time:36.74792073480785
2023-06-12 20:25:25,480 - pytorch_cvae.py[line:170] - INFO: ----------------------------No.197 epoch----------------------------
2023-06-12 20:25:25,480 - pytorch_cvae.py[line:177] - INFO: loss:13905.895732879639, numeric_loss:354.81158880516887, categorical_loss:3794.959132194519, kld_loss:12195.156091332436, epoch_train_time:36.56613741675392
2023-06-12 20:26:02,481 - pytorch_cvae.py[line:170] - INFO: ----------------------------No.198 epoch----------------------------
2023-06-12 20:26:02,481 - pytorch_cvae.py[line:177] - INFO: loss:13914.360140800476, numeric_loss:354.8606971241534, categorical_loss:3778.458676815033, kld_loss:12226.30080294609, epoch_train_time:37.00030724797398
2023-06-12 20:26:39,245 - pytorch_cvae.py[line:170] - INFO: ----------------------------No.199 epoch----------------------------
2023-06-12 20:26:39,245 - pytorch_cvae.py[line:177] - INFO: loss:13907.875382184982, numeric_loss:354.86277882382274, categorical_loss:3783.356182128191, kld_loss:12212.070359706879, epoch_train_time:36.763357874937356
2023-06-12 20:27:16,205 - pytorch_cvae.py[line:170] - INFO: ----------------------------No.200 epoch----------------------------
2023-06-12 20:27:16,206 - pytorch_cvae.py[line:177] - INFO: loss:13913.724330186844, numeric_loss:354.8698746934533, categorical_loss:3782.3455709815025, kld_loss:12220.635937452316, epoch_train_time:36.96041452512145
2023-06-12 20:27:16,206 - pytorch_cvae.py[line:186] - INFO: training time elapsed:7371.935894781258
2023-06-12 20:27:16,209 - model_utils.py[line:67] - INFO: save model successfully
2023-06-12 20:27:20,405 - pytorch_cvae.py[line:268] - INFO: train model time elapsed:7378.7080982900225
2023-06-12 20:27:20,405 - dataset_utils.py[line:585] - INFO: load existing dataset(light):51-date_dim_d_date_sk#d_day_name__d_date_sk#d_day_name_binary_gaussian5_0
2023-06-12 20:27:20,493 - dataset_utils.py[line:594] - INFO: load dataset(light) time elapsed:0.08773798495531082
2023-06-12 20:27:20,493 - pytorch_cvae.py[line:280] - INFO: feature info:[('d_date_sk', 'categorical', 18), ('d_day_name', 'categorical', 4)]
2023-06-12 20:27:20,494 - model_utils.py[line:75] - INFO: load model name:torch_cvae_51-date_dim_d_date_sk_d_day_name_ld100_id150_bs128_ep100_0_binary_gaussian5
2023-06-12 20:27:20,496 - model_utils.py[line:86] - INFO: load torch model time elapsed:0.0019193249754607677
2023-06-12 20:27:20,496 - pytorch_cvae.py[line:290] - INFO: load model time elapsed:0.09066819213330746
2023-06-12 20:27:20,496 - main.py[line:559] - INFO: multi_sampling No.0 epoch
2023-06-12 20:27:21,398 - pytorch_cvae.py[line:407] - INFO: sampling time:0.8944532596506178
2023-06-12 20:27:21,398 - dataset_utils.py[line:566] - INFO: load existing dataset:51-date_dim_d_date_sk#d_day_name__d_date_sk#d_day_name_binary_gaussian5_0
2023-06-12 20:27:21,473 - dataset_utils.py[line:578] - INFO: load dataset time elapsed:0.07525134226307273
2023-06-12 20:27:21,502 - main.py[line:542] - INFO: sample and aggregation time elapsed:1.0048280800692737
2023-06-12 20:27:21,510 - main.py[line:577] - INFO: sample time: 1.0137562989257276
2023-06-12 20:27:21,528 - main.py[line:104] - INFO: aqp result:
                            avg(ws_sales_price)  sum(ws_sales_price)
ws_sold_date_sk d_day_name                                          
2450816.00      Friday     46.30                7868.37             
2450817.00      Saturday   88.14                11565.33            
2450818.00      Sunday     25.92                4029.20             
2450819.00      Monday     52.32                6830.39             
2450820.00      Tuesday    66.08                13917.81            
2450821.00      Wednesday  34.26                5025.13             
2450822.00      Thursday   33.57                3772.25             
2450823.00      Friday     25.12                4837.96             
2450824.00      Saturday   25.71                5466.08             
2450825.00      Sunday     121.74               14663.47            
2450826.00      Monday     37.54                7342.66             
2450827.00      Tuesday    54.43                6995.59             
2450828.00      Wednesday  117.67               15915.63            
2450829.00      Thursday   65.38                15794.33            
2450830.00      Friday     31.66                5165.03             
2450831.00      Saturday   76.78                17918.87            
2450832.00      Sunday     80.80                16416.19            
2450833.00      Monday     50.14                9885.62             
2450834.00      Tuesday    64.43                6893.74             
2450835.00      Wednesday  30.00                4341.00             
2450836.00      Thursday   65.26                10695.00            
2450837.00      Friday     35.38                7507.94             
2450838.00      Saturday   25.63                2345.26             
2450839.00      Sunday     126.97               15807.04            
2450840.00      Monday     17.64                2089.42             
2450841.00      Tuesday    26.51                4245.50             
2450842.00      Wednesday  18.04                2379.61             
2450843.00      Thursday   52.08                8830.94             
2450844.00      Friday     10.68                1757.98             
2450845.00      Saturday   29.29                6130.26             
2450846.00      Sunday     19.25                2937.60             
2450847.00      Monday     25.22                3802.09             
2450848.00      Tuesday    21.82                3856.81             
2450849.00      Wednesday  77.44                12090.48            
2450850.00      Thursday   36.14                6086.97             
2450851.00      Friday     56.54                9321.18             
2450852.00      Saturday   40.29                8398.43             
2450853.00      Sunday     56.19                7070.83             
2450854.00      Monday     95.67                12618.01            
2450855.00      Tuesday    11.78                1308.46             
2450856.00      Wednesday  58.97                5832.79             
2450857.00      Thursday   76.32                9244.58             
2450858.00      Friday     26.64                4033.82             
2450859.00      Saturday   110.40               26848.95            
2450860.00      Sunday     26.93                5065.37             
2450861.00      Monday     34.25                5186.14             
2450862.00      Tuesday    100.68               16327.22            
2450863.00      Wednesday  54.35                9112.94             
2450864.00      Thursday   56.24                5903.89             
2450865.00      Friday     105.10               20227.88            
2023-06-12 20:27:21,531 - main.py[line:105] - INFO: ground truth:
                            avg(ws_sales_price)  sum(ws_sales_price)
ws_sold_date_sk d_day_name                                          
2450816         Friday     51.91                 11680              
2450817         Saturday   51.28                 10000              
2450818         Sunday     52.60                 12151              
2450819         Monday     53.90                 10456              
2450820         Tuesday    48.10                 15055              
2450821         Wednesday  53.36                 11632              
2450822         Thursday   53.13                 8872               
2450823         Friday     48.54                 12377              
2450824         Saturday   55.24                 17456              
2450825         Sunday     51.19                 9163               
2450826         Monday     53.60                 13882              
2450827         Tuesday    47.65                 9102               
2450828         Wednesday  49.78                 10006              
2450829         Thursday   51.86                 18618              
2450830         Friday     50.72                 10956              
2450831         Saturday   52.15                 16115              
2450832         Sunday     54.86                 14758              
2450833         Monday     49.84                 14603              
2450834         Tuesday    45.93                 7303               
2450835         Wednesday  51.19                 11006              
2450836         Thursday   47.53                 10313              
2450837         Friday     46.53                 13075              
2450838         Saturday   52.61                 7155               
2450839         Sunday     50.92                 9420               
2450840         Monday     52.66                 9269               
2450841         Tuesday    51.39                 12231              
2450842         Wednesday  54.95                 10771              
2450843         Thursday   51.57                 12995              
2450844         Friday     45.76                 9975               
2450845         Saturday   50.73                 15776              
2450846         Sunday     50.61                 10223              
2450847         Monday     46.15                 10338              
2450848         Tuesday    50.12                 11728              
2450849         Wednesday  52.34                 12142              
2450850         Thursday   48.88                 10901              
2450851         Friday     51.17                 12537              
2450852         Saturday   52.27                 14426              
2450853         Sunday     54.71                 10231              
2450854         Monday     49.40                 9682               
2450855         Tuesday    59.66                 9844               
2450856         Wednesday  57.27                 8418               
2450857         Thursday   49.06                 8831               
2450858         Friday     53.26                 11983              
2450859         Saturday   48.88                 15738              
2450860         Sunday     47.59                 11850              
2450861         Monday     51.77                 11649              
2450862         Tuesday    49.52                 11934              
2450863         Wednesday  44.65                 9913               
2450864         Thursday   46.00                 7176               
2450865         Friday     51.78                 14809              
2023-06-12 20:27:21,539 - main.py[line:595] - INFO: relative error:
                            avg(ws_sales_price)  sum(ws_sales_price)
ws_sold_date_sk d_day_name                                          
2450816         Friday     0.11                 0.33                
2450817         Saturday   0.72                 0.16                
2450818         Sunday     0.51                 0.67                
2450819         Monday     0.03                 0.35                
2450820         Tuesday    0.37                 0.08                
2450821         Wednesday  0.36                 0.57                
2450822         Thursday   0.37                 0.57                
2450823         Friday     0.48                 0.61                
2450824         Saturday   0.53                 0.69                
2450825         Sunday     1.38                 0.60                
2450826         Monday     0.30                 0.47                
2450827         Tuesday    0.14                 0.23                
2450828         Wednesday  1.36                 0.59                
2450829         Thursday   0.26                 0.15                
2450830         Friday     0.38                 0.53                
2450831         Saturday   0.47                 0.11                
2450832         Sunday     0.47                 0.11                
2450833         Monday     0.01                 0.32                
2450834         Tuesday    0.40                 0.06                
2450835         Wednesday  0.41                 0.61                
2450836         Thursday   0.37                 0.04                
2450837         Friday     0.24                 0.43                
2450838         Saturday   0.51                 0.67                
2450839         Sunday     1.49                 0.68                
2450840         Monday     0.67                 0.77                
2450841         Tuesday    0.48                 0.65                
2450842         Wednesday  0.67                 0.78                
2450843         Thursday   0.01                 0.32                
2450844         Friday     0.77                 0.82                
2450845         Saturday   0.42                 0.61                
2450846         Sunday     0.62                 0.71                
2450847         Monday     0.45                 0.63                
2450848         Tuesday    0.56                 0.67                
2450849         Wednesday  0.48                 0.00                
2450850         Thursday   0.26                 0.44                
2450851         Friday     0.10                 0.26                
2450852         Saturday   0.23                 0.42                
2450853         Sunday     0.03                 0.31                
2450854         Monday     0.94                 0.30                
2450855         Tuesday    0.80                 0.87                
2450856         Wednesday  0.03                 0.31                
2450857         Thursday   0.56                 0.05                
2450858         Friday     0.50                 0.66                
2450859         Saturday   1.26                 0.71                
2450860         Sunday     0.43                 0.57                
2450861         Monday     0.34                 0.55                
2450862         Tuesday    1.03                 0.37                
2450863         Wednesday  0.22                 0.08                
2450864         Thursday   0.22                 0.18                
2450865         Friday     1.03                 0.37                
2023-06-12 20:27:21,541 - main.py[line:596] - INFO: relative error normalized:
                            avg(ws_sales_price)  sum(ws_sales_price)
ws_sold_date_sk d_day_name                                          
2450816         Friday     0.10                 0.28                
2450817         Saturday   0.51                 0.14                
2450818         Sunday     0.40                 0.49                
2450819         Monday     0.03                 0.29                
2450820         Tuesday    0.31                 0.07                
2450821         Wednesday  0.30                 0.43                
2450822         Thursday   0.31                 0.44                
2450823         Friday     0.38                 0.46                
2450824         Saturday   0.41                 0.50                
2450825         Sunday     0.75                 0.45                
2450826         Monday     0.26                 0.38                
2450827         Tuesday    0.13                 0.21                
2450828         Wednesday  0.74                 0.45                
2450829         Thursday   0.23                 0.14                
2450830         Friday     0.31                 0.41                
2450831         Saturday   0.38                 0.11                
2450832         Sunday     0.38                 0.11                
2450833         Monday     0.01                 0.28                
2450834         Tuesday    0.33                 0.05                
2450835         Wednesday  0.34                 0.45                
2450836         Thursday   0.31                 0.04                
2450837         Friday     0.21                 0.35                
2450838         Saturday   0.40                 0.49                
2450839         Sunday     0.78                 0.49                
2450840         Monday     0.49                 0.54                
2450841         Tuesday    0.38                 0.48                
2450842         Wednesday  0.49                 0.54                
2450843         Thursday   0.01                 0.27                
2450844         Friday     0.54                 0.56                
2450845         Saturday   0.34                 0.46                
2450846         Sunday     0.46                 0.51                
2450847         Monday     0.36                 0.47                
2450848         Tuesday    0.43                 0.49                
2450849         Wednesday  0.38                 0.00                
2450850         Thursday   0.23                 0.36                
2450851         Friday     0.10                 0.23                
2450852         Saturday   0.20                 0.34                
2450853         Sunday     0.03                 0.27                
2450854         Monday     0.61                 0.26                
2450855         Tuesday    0.55                 0.58                
2450856         Wednesday  0.03                 0.26                
2450857         Thursday   0.43                 0.05                
2450858         Friday     0.39                 0.48                
2450859         Saturday   0.72                 0.51                
2450860         Sunday     0.35                 0.44                
2450861         Monday     0.29                 0.43                
2450862         Tuesday    0.64                 0.31                
2450863         Wednesday  0.20                 0.08                
2450864         Thursday   0.20                 0.16                
2450865         Friday     0.64                 0.31                
2023-06-12 20:27:21,541 - main.py[line:599] - INFO: relative error average: 0.47833352446605254
2023-06-12 20:27:21,541 - main.py[line:600] - INFO: relative error normalized average: 0.35119241252757394
2023-06-12 20:27:21,548 - main.py[line:646] - INFO: total_time:7379.851594984066
