main.py:19: FutureWarning: Passing a negative integer is deprecated in version 1.0 and will not be supported in future version. Instead, use None to not limit the column width.
  pd.set_option('max_colwidth', -1)
2023-07-01 15:18:01,721 - main.py[line:642] - INFO: load query config config/query/census2_inc.json successfully
2023-07-01 15:18:01,721 - main.py[line:649] - INFO: load train config ./config/train/census2_a_inc_torch_cvae.json successfully
2023-07-01 15:18:01,721 - main.py[line:649] - INFO: load train config ./config/train/census2_b_torch_cvae.json successfully
2023-07-01 15:18:01,721 - dataset_utils.py[line:585] - INFO: load existing dataset(light):census2-adult-a-inc_a_education_num#a_relationship_a_fnlwgt#a_age#a_hours_per_week_a_education_num#a_relationship_binary_gaussian5_0inc_train
2023-07-01 15:18:04,050 - dataset_utils.py[line:594] - INFO: load dataset(light) time elapsed:2.329138617962599
2023-07-01 15:18:04,050 - pytorch_cvae.py[line:280] - INFO: feature info:[('a_fnlwgt', 'numerical', 6), ('a_age', 'numerical', 6), ('a_hours_per_week', 'numerical', 6), ('a_education_num', 'categorical', 5), ('a_relationship', 'categorical', 4)]
2023-07-01 15:18:04,052 - model_utils.py[line:75] - INFO: load model name:torch_cvae_census2-adult-a-inc_a_education_num_a_relationship_ld50_id150_bs512_ep150_0_binary_gaussian5inc_train
2023-07-01 15:18:04,053 - model_utils.py[line:86] - INFO: load torch model time elapsed:0.0019290808122605085
2023-07-01 15:18:04,054 - pytorch_cvae.py[line:290] - INFO: load model time elapsed:2.3324797400273383
2023-07-01 15:18:04,054 - dataset_utils.py[line:585] - INFO: load existing dataset(light):census2-adult-b_b_education_num__b_education_num_binary_gaussian5_0
2023-07-01 15:18:04,060 - dataset_utils.py[line:594] - INFO: load dataset(light) time elapsed:0.00656842184253037
2023-07-01 15:18:04,060 - pytorch_cvae.py[line:280] - INFO: feature info:[('b_education_num', 'categorical', 5)]
2023-07-01 15:18:04,061 - model_utils.py[line:75] - INFO: load model name:torch_cvae_census2-adult-b_b_education_num_ld50_id100_bs512_ep150_0_binary_gaussian5
2023-07-01 15:18:04,062 - model_utils.py[line:86] - INFO: load torch model time elapsed:0.0013236349914222956
2023-07-01 15:18:04,062 - pytorch_cvae.py[line:290] - INFO: load model time elapsed:0.008569232886657119
2023-07-01 15:18:04,062 - main.py[line:572] - INFO: multi_sampling No.0 epoch
2023-07-01 15:18:04,063 - pytorch_cvae.py[line:427] - INFO: house sampling rate:0.02
2023-07-01 15:18:04,738 - pytorch_cvae.py[line:407] - INFO: sampling time:0.6751333251595497
2023-07-01 15:18:04,738 - pytorch_cvae.py[line:427] - INFO: house sampling rate:0.5
2023-07-01 15:18:04,884 - pytorch_cvae.py[line:407] - INFO: sampling time:0.14524523308500648
2023-07-01 15:18:16,433 - main.py[line:555] - INFO: sample and aggregation time elapsed:12.370901074958965
2023-07-01 15:18:16,435 - main.py[line:593] - INFO: sample time: 12.372562479926273
2023-07-01 15:18:16,444 - main.py[line:104] - INFO: aqp result:
                 avg(a_age)  avg(a_hours_per_week)  avg(a_fnlwgt)  \
a_relationship                                                      
 Husband        39.18       39.71                  166783.60        
 Not-in-family  39.58       39.77                  173641.84        
 Other-relative 38.16       38.91                  153991.34        
 Own-child      39.06       39.44                  158192.27        
 Unmarried      39.52       39.86                  170410.57        
 Wife           40.34       39.29                  159525.60        

                    sum(a_age)  sum(a_hours_per_week)      sum(a_fnlwgt)  
a_relationship                                                            
 Husband        88734093226.51 89942381529.77         377767509381157.00  
 Not-in-family  55991772706.93 56266994606.94         245672449311078.53  
 Other-relative 6526188485.98  6652256388.65          26332888958335.46   
 Own-child      33992738970.25 34325323043.89         137680886698792.08  
 Unmarried      23165976844.91 23361486030.06         99880303295861.50   
 Wife           10827025101.24 10546815405.07         42830327476742.17   
2023-07-01 15:18:16,445 - main.py[line:105] - INFO: ground truth:
                  sum(a_age)  avg(a_age)  sum(a_hours_per_week)  \
a_relationship                                                    
 Husband         87370070065 38.57       89423750935.98           
 Not-in-family   54595659351 38.59       55930158869.30           
 Other-relative  6625596621  38.75       6787215589.82            
 Own-child       33582483407 38.59       34394168467.46           
 Unmarried       22589581214 38.54       23165964367.03           
 Wife            10373880746 38.64       10656937777.96           

                 avg(a_hours_per_week)      sum(a_fnlwgt)  avg(a_fnlwgt)  
a_relationship                                                            
 Husband        39.48                  403039889506702.38 177941.66       
 Not-in-family  39.53                  250236539500460.41 176869.15       
 Other-relative 39.69                  30053448855758.80  175765.67       
 Own-child      39.52                  154254839485714.00 177241.88       
 Unmarried      39.52                  103401686055605.38 176404.23       
 Wife           39.69                  47409213397508.31  176586.67       
2023-07-01 15:18:16,449 - main.py[line:611] - INFO: relative error:
                 avg(a_age)  avg(a_fnlwgt)  avg(a_hours_per_week)  sum(a_age)  \
a_relationship                                                                  
 Husband        0.02        0.06           0.01                   0.02          
 Not-in-family  0.03        0.02           0.01                   0.03          
 Other-relative 0.02        0.12           0.02                   0.02          
 Own-child      0.01        0.11           0.00                   0.01          
 Unmarried      0.03        0.03           0.01                   0.03          
 Wife           0.04        0.10           0.01                   0.04          

                 sum(a_fnlwgt)  sum(a_hours_per_week)  
a_relationship                                         
 Husband        0.06           0.01                    
 Not-in-family  0.02           0.01                    
 Other-relative 0.12           0.02                    
 Own-child      0.11           0.00                    
 Unmarried      0.03           0.01                    
 Wife           0.10           0.01                    
2023-07-01 15:18:16,450 - main.py[line:612] - INFO: relative error normalized:
                 avg(a_age)  avg(a_hours_per_week)  avg(a_fnlwgt)
a_relationship                                                   
 Husband        0.02        0.01                   0.06          
 Not-in-family  0.03        0.01                   0.02          
 Other-relative 0.02        0.02                   0.12          
 Own-child      0.01        0.00                   0.10          
 Unmarried      0.03        0.01                   0.03          
 Wife           0.04        0.01                   0.09          
2023-07-01 15:18:16,450 - main.py[line:615] - INFO: relative error average: 0.03517295063685417
2023-07-01 15:18:16,450 - main.py[line:616] - INFO: relative error normalized average: 0.03394270843417639
2023-07-01 15:18:16,453 - main.py[line:662] - INFO: total_time:14.732615842018276
