main.py:19: FutureWarning: Passing a negative integer is deprecated in version 1.0 and will not be supported in future version. Instead, use None to not limit the column width.
  pd.set_option('max_colwidth', -1)
2023-07-01 15:18:19,413 - main.py[line:642] - INFO: load query config config/query/census2_inc.json successfully
2023-07-01 15:18:19,413 - main.py[line:649] - INFO: load train config ./config/train/census2_a_inc_torch_cvae.json successfully
2023-07-01 15:18:19,413 - main.py[line:649] - INFO: load train config ./config/train/census2_b_torch_cvae.json successfully
2023-07-01 15:18:19,413 - dataset_utils.py[line:585] - INFO: load existing dataset(light):census2-adult-a-inc_a_education_num#a_relationship_a_fnlwgt#a_age#a_hours_per_week_a_education_num#a_relationship_binary_gaussian5_0inc_train
2023-07-01 15:18:21,748 - dataset_utils.py[line:594] - INFO: load dataset(light) time elapsed:2.334299267968163
2023-07-01 15:18:21,748 - pytorch_cvae.py[line:280] - INFO: feature info:[('a_fnlwgt', 'numerical', 6), ('a_age', 'numerical', 6), ('a_hours_per_week', 'numerical', 6), ('a_education_num', 'categorical', 5), ('a_relationship', 'categorical', 4)]
2023-07-01 15:18:21,749 - model_utils.py[line:75] - INFO: load model name:torch_cvae_census2-adult-a-inc_a_education_num_a_relationship_ld50_id150_bs512_ep150_0_binary_gaussian5inc_train
2023-07-01 15:18:21,751 - model_utils.py[line:86] - INFO: load torch model time elapsed:0.0020317828748375177
2023-07-01 15:18:21,751 - pytorch_cvae.py[line:290] - INFO: load model time elapsed:2.337759270099923
2023-07-01 15:18:21,751 - dataset_utils.py[line:585] - INFO: load existing dataset(light):census2-adult-b_b_education_num__b_education_num_binary_gaussian5_0
2023-07-01 15:18:21,758 - dataset_utils.py[line:594] - INFO: load dataset(light) time elapsed:0.0066619329154491425
2023-07-01 15:18:21,758 - pytorch_cvae.py[line:280] - INFO: feature info:[('b_education_num', 'categorical', 5)]
2023-07-01 15:18:21,758 - model_utils.py[line:75] - INFO: load model name:torch_cvae_census2-adult-b_b_education_num_ld50_id100_bs512_ep150_0_binary_gaussian5
2023-07-01 15:18:21,760 - model_utils.py[line:86] - INFO: load torch model time elapsed:0.0013313509989529848
2023-07-01 15:18:21,760 - pytorch_cvae.py[line:290] - INFO: load model time elapsed:0.008666771929711103
2023-07-01 15:18:21,760 - main.py[line:572] - INFO: multi_sampling No.0 epoch
2023-07-01 15:18:21,760 - pytorch_cvae.py[line:427] - INFO: house sampling rate:0.02
2023-07-01 15:18:22,435 - pytorch_cvae.py[line:407] - INFO: sampling time:0.6742707921657711
2023-07-01 15:18:22,435 - pytorch_cvae.py[line:427] - INFO: house sampling rate:0.5
2023-07-01 15:18:22,583 - pytorch_cvae.py[line:407] - INFO: sampling time:0.14811592805199325
2023-07-01 15:18:34,117 - main.py[line:555] - INFO: sample and aggregation time elapsed:12.357100257184356
2023-07-01 15:18:34,120 - main.py[line:593] - INFO: sample time: 12.36050744005479
2023-07-01 15:18:34,141 - main.py[line:104] - INFO: aqp result:
                 avg(a_age)  avg(a_hours_per_week)  avg(a_fnlwgt)  \
a_relationship                                                      
 Husband        39.28       39.49                  168941.84        
 Not-in-family  39.54       39.98                  167683.44        
 Other-relative 38.53       40.24                  163877.06        
 Own-child      38.86       39.57                  177281.85        
 Unmarried      39.27       40.76                  168200.28        
 Wife           39.61       39.73                  157869.59        

                    sum(a_age)  sum(a_hours_per_week)      sum(a_fnlwgt)  
a_relationship                                                            
 Husband        88956095208.51 89448995567.12         382641423974831.25  
 Not-in-family  55934146263.26 56565786454.79         237245808005531.19  
 Other-relative 6587762591.76  6880767411.99          28018257351360.79   
 Own-child      33819428230.60 34434783444.40         154303723689732.09  
 Unmarried      23015592874.34 23892081259.58         98600914762727.42   
 Wife           10631762313.32 10664584893.36         42382119999075.45   
2023-07-01 15:18:34,143 - main.py[line:105] - INFO: ground truth:
                  sum(a_age)  avg(a_age)  sum(a_hours_per_week)  \
a_relationship                                                    
 Husband         87370070065 38.57       89423750935.98           
 Not-in-family   54595659351 38.59       55930158869.30           
 Other-relative  6625596621  38.75       6787215589.82            
 Own-child       33582483407 38.59       34394168467.46           
 Unmarried       22589581214 38.54       23165964367.03           
 Wife            10373880746 38.64       10656937777.96           

                 avg(a_hours_per_week)      sum(a_fnlwgt)  avg(a_fnlwgt)  
a_relationship                                                            
 Husband        39.48                  403039889506702.38 177941.66       
 Not-in-family  39.53                  250236539500460.41 176869.15       
 Other-relative 39.69                  30053448855758.80  175765.67       
 Own-child      39.52                  154254839485714.00 177241.88       
 Unmarried      39.52                  103401686055605.38 176404.23       
 Wife           39.69                  47409213397508.31  176586.67       
2023-07-01 15:18:34,150 - main.py[line:611] - INFO: relative error:
                 avg(a_age)  avg(a_fnlwgt)  avg(a_hours_per_week)  sum(a_age)  \
a_relationship                                                                  
 Husband        0.02        0.05           0.00                   0.02          
 Not-in-family  0.02        0.05           0.01                   0.02          
 Other-relative 0.01        0.07           0.01                   0.01          
 Own-child      0.01        0.00           0.00                   0.01          
 Unmarried      0.02        0.05           0.03                   0.02          
 Wife           0.03        0.11           0.00                   0.02          

                 sum(a_fnlwgt)  sum(a_hours_per_week)  
a_relationship                                         
 Husband        0.05           0.00                    
 Not-in-family  0.05           0.01                    
 Other-relative 0.07           0.01                    
 Own-child      0.00           0.00                    
 Unmarried      0.05           0.03                    
 Wife           0.11           0.00                    
2023-07-01 15:18:34,151 - main.py[line:612] - INFO: relative error normalized:
                 avg(a_age)  avg(a_hours_per_week)  avg(a_fnlwgt)
a_relationship                                                   
 Husband        0.02        0.00                   0.05          
 Not-in-family  0.02        0.01                   0.05          
 Other-relative 0.01        0.01                   0.07          
 Own-child      0.01        0.00                   0.00          
 Unmarried      0.02        0.03                   0.05          
 Wife           0.02        0.00                   0.10          
2023-07-01 15:18:34,151 - main.py[line:615] - INFO: relative error average: 0.02672037934019615
2023-07-01 15:18:34,151 - main.py[line:616] - INFO: relative error normalized average: 0.02600758511388422
2023-07-01 15:18:34,155 - main.py[line:662] - INFO: total_time:14.741926297079772
