nohup: ignoring input
main.py:19: FutureWarning: Passing a negative integer is deprecated in version 1.0 and will not be supported in future version. Instead, use None to not limit the column width.
  pd.set_option('max_colwidth', -1)
2022-09-17 09:23:50,073 - main.py[line:589] - INFO: load query config skew_size_var/query_config/tpch_groupsize0.json successfully
2022-09-17 09:23:50,073 - main.py[line:596] - INFO: load train config ./skew_size_var/train_config/tpch_customer_groupsize0.json successfully
2022-09-17 09:23:50,073 - main.py[line:596] - INFO: load train config ./skew_size_var/train_config/tpch_nation.json successfully
2022-09-17 09:23:50,074 - pytorch_cvae.py[line:247] - INFO: epoch:150
2022-09-17 09:23:50,074 - pytorch_cvae.py[line:248] - INFO: batch size:512
2022-09-17 09:23:50,074 - pytorch_cvae.py[line:249] - INFO: latent dimension:100
2022-09-17 09:23:50,074 - pytorch_cvae.py[line:250] - INFO: intermediate dimension:100
2022-09-17 09:23:50,074 - pytorch_cvae.py[line:251] - INFO: gpu num:0
2022-09-17 09:23:50,096 - dataset_utils.py[line:297] - INFO: loading data:/home/lihan/tpch-skew-data/group_size0.csv
2022-09-17 09:23:50,623 - dataset_utils.py[line:318] - INFO: data total rows:5250000
2022-09-17 09:23:50,624 - dataset_utils.py[line:350] - INFO: sample the training data sample rows:5250000
2022-09-17 09:23:50,624 - dataset_utils.py[line:354] - INFO: load data time elapsed:0.5280348259257153
2022-09-17 09:23:51,286 - dataset_utils.py[line:43] - INFO: encode categorical columns time elapsed:0.6620092139346525
/root/anaconda3/envs/py36/lib/python3.6/site-packages/sklearn/mixture/base.py:273: ConvergenceWarning: Initialization 1 did not converge. Try different init parameters, or increase max_iter, tol or check for degenerate data.
  % (init + 1), ConvergenceWarning)
2022-09-17 09:28:33,872 - dataset_utils.py[line:56] - INFO: encode numeric columnstime elapsed:282.5860172160901
2022-09-17 09:28:34,205 - dataset_utils.py[line:107] - INFO: data shape:(5250000, 12)
2022-09-17 09:28:34,205 - dataset_utils.py[line:136] - INFO: feature info:[('c_acctbal', 'numerical', 6), ('c_nationkey', 'categorical', 6)]
2022-09-17 09:28:34,205 - dataset_utils.py[line:137] - INFO: output info list:[(1, 'no'), (5, 'softmax'), (6, 'sigmoid')]
2022-09-17 09:28:36,453 - dataset_utils.py[line:140] - INFO: load data successfully
2022-09-17 09:28:36,455 - pytorch_cvae.py[line:256] - INFO: feature info:[('c_acctbal', 'numerical', 6), ('c_nationkey', 'categorical', 6)]
2022-09-17 09:29:57,090 - pytorch_cvae.py[line:169] - INFO: ----------------------------No.1 epoch----------------------------
2022-09-17 09:29:57,090 - pytorch_cvae.py[line:176] - INFO: loss:1548.5348322000355, numeric_loss:195.83308669587132, categorical_loss:794.7827220947074, kld_loss:103503.15389585495, epoch_train_time:80.63234143110458
2022-09-17 09:31:16,964 - pytorch_cvae.py[line:169] - INFO: ----------------------------No.2 epoch----------------------------
2022-09-17 09:31:16,964 - pytorch_cvae.py[line:176] - INFO: loss:375.50813793810084, numeric_loss:62.87901606755622, categorical_loss:29.715897025285813, kld_loss:47514.1956127882, epoch_train_time:79.87400759605225
2022-09-17 09:32:36,806 - pytorch_cvae.py[line:169] - INFO: ----------------------------No.3 epoch----------------------------
2022-09-17 09:32:36,806 - pytorch_cvae.py[line:176] - INFO: loss:409.8955054394901, numeric_loss:67.76363034445967, categorical_loss:39.778556134529936, kld_loss:46015.78661957383, epoch_train_time:79.84192299097776
2022-09-17 09:33:56,447 - pytorch_cvae.py[line:169] - INFO: ----------------------------No.4 epoch----------------------------
2022-09-17 09:33:56,447 - pytorch_cvae.py[line:176] - INFO: loss:429.7048328681849, numeric_loss:71.72878706349002, categorical_loss:35.72126494371332, kld_loss:44488.500950455666, epoch_train_time:79.64027989190072
2022-09-17 09:35:16,319 - pytorch_cvae.py[line:169] - INFO: ----------------------------No.5 epoch----------------------------
2022-09-17 09:35:16,320 - pytorch_cvae.py[line:176] - INFO: loss:465.06079622963443, numeric_loss:78.23828039885848, categorical_loss:42.0238842986073, kld_loss:43221.9663502574, epoch_train_time:79.87249597196933
2022-09-17 09:36:36,444 - pytorch_cvae.py[line:169] - INFO: ----------------------------No.6 epoch----------------------------
2022-09-17 09:36:36,444 - pytorch_cvae.py[line:176] - INFO: loss:508.4017816199921, numeric_loss:89.66853061813163, categorical_loss:47.13664592435816, kld_loss:42338.51222702861, epoch_train_time:80.12391270603985
2022-09-17 09:37:56,542 - pytorch_cvae.py[line:169] - INFO: ----------------------------No.7 epoch----------------------------
2022-09-17 09:37:56,542 - pytorch_cvae.py[line:176] - INFO: loss:547.0263088089414, numeric_loss:92.56099486461608, categorical_loss:52.61104414500005, kld_loss:41657.348961889744, epoch_train_time:80.09779229504056
2022-09-17 09:39:16,537 - pytorch_cvae.py[line:169] - INFO: ----------------------------No.8 epoch----------------------------
2022-09-17 09:39:16,537 - pytorch_cvae.py[line:176] - INFO: loss:580.2989022606052, numeric_loss:100.28312804702728, categorical_loss:53.48168501618056, kld_loss:40268.94505017996, epoch_train_time:79.99495587300044
2022-09-17 09:40:36,693 - pytorch_cvae.py[line:169] - INFO: ----------------------------No.9 epoch----------------------------
2022-09-17 09:40:36,693 - pytorch_cvae.py[line:176] - INFO: loss:615.9667163952254, numeric_loss:101.08524482222856, categorical_loss:57.024014256363444, kld_loss:39407.10842090845, epoch_train_time:80.15625512506813
2022-09-17 09:41:56,725 - pytorch_cvae.py[line:169] - INFO: ----------------------------No.10 epoch----------------------------
2022-09-17 09:41:56,726 - pytorch_cvae.py[line:176] - INFO: loss:680.8438014616258, numeric_loss:119.70587738140603, categorical_loss:66.25979955869843, kld_loss:38869.108356922865, epoch_train_time:80.03215593099594
2022-09-17 09:43:16,468 - pytorch_cvae.py[line:169] - INFO: ----------------------------No.11 epoch----------------------------
2022-09-17 09:43:16,468 - pytorch_cvae.py[line:176] - INFO: loss:714.9575668536127, numeric_loss:128.47487888653995, categorical_loss:62.024830592636135, kld_loss:37628.183849066496, epoch_train_time:79.7419448280707
2022-09-17 09:44:36,365 - pytorch_cvae.py[line:169] - INFO: ----------------------------No.12 epoch----------------------------
2022-09-17 09:44:36,365 - pytorch_cvae.py[line:176] - INFO: loss:762.0896217320114, numeric_loss:136.39289189330884, categorical_loss:65.46239365107613, kld_loss:36753.866352796555, epoch_train_time:79.89720299793407
2022-09-17 09:45:55,895 - pytorch_cvae.py[line:169] - INFO: ----------------------------No.13 epoch----------------------------
2022-09-17 09:45:55,895 - pytorch_cvae.py[line:176] - INFO: loss:823.1520552146249, numeric_loss:138.03483704269456, categorical_loss:82.49044534128188, kld_loss:36186.508088350296, epoch_train_time:79.52966092003044
2022-09-17 09:47:15,512 - pytorch_cvae.py[line:169] - INFO: ----------------------------No.14 epoch----------------------------
2022-09-17 09:47:15,512 - pytorch_cvae.py[line:176] - INFO: loss:913.2597273360007, numeric_loss:155.5400400851795, categorical_loss:110.47509974605782, kld_loss:35609.503365159035, epoch_train_time:79.61666332103778
2022-09-17 09:48:34,254 - pytorch_cvae.py[line:169] - INFO: ----------------------------No.15 epoch----------------------------
2022-09-17 09:48:34,254 - pytorch_cvae.py[line:176] - INFO: loss:974.4963877033442, numeric_loss:169.28686091772397, categorical_loss:111.40264163880784, kld_loss:35008.18764169514, epoch_train_time:78.7423614799045
2022-09-17 09:49:33,836 - pytorch_cvae.py[line:169] - INFO: ----------------------------No.16 epoch----------------------------
2022-09-17 09:49:33,836 - pytorch_cvae.py[line:176] - INFO: loss:1026.8233418073505, numeric_loss:178.3518474015873, categorical_loss:113.10870788477041, kld_loss:34064.38010023534, epoch_train_time:59.58123518107459
2022-09-17 09:50:33,413 - pytorch_cvae.py[line:169] - INFO: ----------------------------No.17 epoch----------------------------
2022-09-17 09:50:33,413 - pytorch_cvae.py[line:176] - INFO: loss:1108.199433294125, numeric_loss:194.50941777633852, categorical_loss:132.8794471781148, kld_loss:33238.90004879236, epoch_train_time:59.576744307996705
2022-09-17 09:51:32,938 - pytorch_cvae.py[line:169] - INFO: ----------------------------No.18 epoch----------------------------
2022-09-17 09:51:32,938 - pytorch_cvae.py[line:176] - INFO: loss:1163.6803219355643, numeric_loss:203.60339428816224, categorical_loss:129.77303778293572, kld_loss:32514.30187405646, epoch_train_time:59.52519854798447
2022-09-17 09:52:32,397 - pytorch_cvae.py[line:169] - INFO: ----------------------------No.19 epoch----------------------------
2022-09-17 09:52:32,397 - pytorch_cvae.py[line:176] - INFO: loss:1225.293536902871, numeric_loss:210.090636263747, categorical_loss:139.83097799497773, kld_loss:31564.626979380846, epoch_train_time:59.45874039491173
2022-09-17 09:53:31,774 - pytorch_cvae.py[line:169] - INFO: ----------------------------No.20 epoch----------------------------
2022-09-17 09:53:31,774 - pytorch_cvae.py[line:176] - INFO: loss:1346.6786217149347, numeric_loss:234.7512027459452, categorical_loss:172.82229480987007, kld_loss:31212.407013967633, epoch_train_time:59.37733680801466
2022-09-17 09:54:31,165 - pytorch_cvae.py[line:169] - INFO: ----------------------------No.21 epoch----------------------------
2022-09-17 09:54:31,165 - pytorch_cvae.py[line:176] - INFO: loss:1402.1810696781613, numeric_loss:242.97530065622414, categorical_loss:164.098853640382, kld_loss:30515.61179561168, epoch_train_time:59.39028869802132
2022-09-17 09:55:30,543 - pytorch_cvae.py[line:169] - INFO: ----------------------------No.22 epoch----------------------------
2022-09-17 09:55:30,543 - pytorch_cvae.py[line:176] - INFO: loss:1481.5222183042206, numeric_loss:254.9317055704014, categorical_loss:168.58984069410508, kld_loss:29964.833292372525, epoch_train_time:59.37792887899559
2022-09-17 09:56:29,925 - pytorch_cvae.py[line:169] - INFO: ----------------------------No.23 epoch----------------------------
2022-09-17 09:56:29,925 - pytorch_cvae.py[line:176] - INFO: loss:1553.4768088739365, numeric_loss:272.1287222120445, categorical_loss:166.81732820982143, kld_loss:29182.727566570044, epoch_train_time:59.38172077597119
2022-09-17 09:57:29,302 - pytorch_cvae.py[line:169] - INFO: ----------------------------No.24 epoch----------------------------
2022-09-17 09:57:29,302 - pytorch_cvae.py[line:176] - INFO: loss:1619.3166577508673, numeric_loss:286.05513941141544, categorical_loss:159.82312192593963, kld_loss:28433.891652315855, epoch_train_time:59.37704288796522
2022-09-17 09:58:28,674 - pytorch_cvae.py[line:169] - INFO: ----------------------------No.25 epoch----------------------------
2022-09-17 09:58:28,675 - pytorch_cvae.py[line:176] - INFO: loss:1700.7235963800922, numeric_loss:299.2771574205253, categorical_loss:170.19210554603342, kld_loss:27637.59606014192, epoch_train_time:59.37223019707017
2022-09-17 09:59:28,136 - pytorch_cvae.py[line:169] - INFO: ----------------------------No.26 epoch----------------------------
2022-09-17 09:59:28,136 - pytorch_cvae.py[line:176] - INFO: loss:1787.5387723138556, numeric_loss:308.5230519853649, categorical_loss:173.98342819567188, kld_loss:27163.42271618545, epoch_train_time:59.4609953610925
2022-09-17 10:00:27,528 - pytorch_cvae.py[line:169] - INFO: ----------------------------No.27 epoch----------------------------
2022-09-17 10:00:27,528 - pytorch_cvae.py[line:176] - INFO: loss:1901.5151201849803, numeric_loss:332.08375259823515, categorical_loss:189.71992589825095, kld_loss:26656.097489252687, epoch_train_time:59.39175121707376
2022-09-17 10:01:26,944 - pytorch_cvae.py[line:169] - INFO: ----------------------------No.28 epoch----------------------------
2022-09-17 10:01:26,944 - pytorch_cvae.py[line:176] - INFO: loss:2007.2816551970318, numeric_loss:350.1026997154695, categorical_loss:195.43959914809966, kld_loss:26239.624264501035, epoch_train_time:59.41589883097913
2022-09-17 10:02:26,381 - pytorch_cvae.py[line:169] - INFO: ----------------------------No.29 epoch----------------------------
2022-09-17 10:02:26,381 - pytorch_cvae.py[line:176] - INFO: loss:2125.274476912804, numeric_loss:367.5161754087312, categorical_loss:213.6658467208108, kld_loss:25779.5075975582, epoch_train_time:59.437143452931195
2022-09-17 10:03:25,756 - pytorch_cvae.py[line:169] - INFO: ----------------------------No.30 epoch----------------------------
2022-09-17 10:03:25,757 - pytorch_cvae.py[line:176] - INFO: loss:2230.135822467506, numeric_loss:385.7882592191454, categorical_loss:219.59723299548205, kld_loss:25254.331954993308, epoch_train_time:59.375177420908585
2022-09-17 10:04:25,121 - pytorch_cvae.py[line:169] - INFO: ----------------------------No.31 epoch----------------------------
2022-09-17 10:04:25,121 - pytorch_cvae.py[line:176] - INFO: loss:2351.939679697156, numeric_loss:412.5899704845506, categorical_loss:231.6886197656204, kld_loss:24736.211780384183, epoch_train_time:59.364763185963966
2022-09-17 10:05:24,497 - pytorch_cvae.py[line:169] - INFO: ----------------------------No.32 epoch----------------------------
2022-09-17 10:05:24,497 - pytorch_cvae.py[line:176] - INFO: loss:2484.9745267666876, numeric_loss:454.0932745880564, categorical_loss:244.0833344431012, kld_loss:24144.79198025912, epoch_train_time:59.375005063950084
2022-09-17 10:06:23,877 - pytorch_cvae.py[line:169] - INFO: ----------------------------No.33 epoch----------------------------
2022-09-17 10:06:23,878 - pytorch_cvae.py[line:176] - INFO: loss:2612.7748766355217, numeric_loss:467.307448222884, categorical_loss:259.19256597392086, kld_loss:23801.472482055426, epoch_train_time:59.38074469100684
2022-09-17 10:07:23,243 - pytorch_cvae.py[line:169] - INFO: ----------------------------No.34 epoch----------------------------
2022-09-17 10:07:23,243 - pytorch_cvae.py[line:176] - INFO: loss:2740.91952192178, numeric_loss:527.651197519619, categorical_loss:263.655304607586, kld_loss:22994.946824364364, epoch_train_time:59.36545870709233
2022-09-17 10:08:32,118 - pytorch_cvae.py[line:169] - INFO: ----------------------------No.35 epoch----------------------------
2022-09-17 10:08:32,118 - pytorch_cvae.py[line:176] - INFO: loss:2866.71568629425, numeric_loss:533.0726106658694, categorical_loss:277.74271453975234, kld_loss:22688.48235905543, epoch_train_time:68.87503836199176
2022-09-17 10:09:51,850 - pytorch_cvae.py[line:169] - INFO: ----------------------------No.36 epoch----------------------------
2022-09-17 10:09:51,850 - pytorch_cvae.py[line:176] - INFO: loss:2979.324566961266, numeric_loss:545.7843281386886, categorical_loss:285.4870814070455, kld_loss:22202.512185536325, epoch_train_time:79.73102688102517
2022-09-17 10:11:11,651 - pytorch_cvae.py[line:169] - INFO: ----------------------------No.37 epoch----------------------------
2022-09-17 10:11:11,651 - pytorch_cvae.py[line:176] - INFO: loss:3113.9279673849232, numeric_loss:523.0658485952881, categorical_loss:298.6917082007276, kld_loss:22212.222923867404, epoch_train_time:79.80163253797218
2022-09-17 10:12:30,874 - pytorch_cvae.py[line:169] - INFO: ----------------------------No.38 epoch----------------------------
2022-09-17 10:12:30,874 - pytorch_cvae.py[line:176] - INFO: loss:3251.962825909257, numeric_loss:503.17925266880775, categorical_loss:315.77687789192714, kld_loss:22126.397096551955, epoch_train_time:79.22245644405484
2022-09-17 10:13:50,498 - pytorch_cvae.py[line:169] - INFO: ----------------------------No.39 epoch----------------------------
2022-09-17 10:13:50,499 - pytorch_cvae.py[line:176] - INFO: loss:3422.73173241131, numeric_loss:542.0268713549012, categorical_loss:337.7957090445998, kld_loss:21724.75260281004, epoch_train_time:79.62421817705035
2022-09-17 10:15:10,132 - pytorch_cvae.py[line:169] - INFO: ----------------------------No.40 epoch----------------------------
2022-09-17 10:15:10,132 - pytorch_cvae.py[line:176] - INFO: loss:3558.704664943274, numeric_loss:529.96439899283, categorical_loss:353.0924471233302, kld_loss:21495.316452525556, epoch_train_time:79.63329399097711
2022-09-17 10:16:29,662 - pytorch_cvae.py[line:169] - INFO: ----------------------------No.41 epoch----------------------------
2022-09-17 10:16:29,663 - pytorch_cvae.py[line:176] - INFO: loss:3720.632130376529, numeric_loss:533.1314287162386, categorical_loss:375.1403344644932, kld_loss:21267.237123928964, epoch_train_time:79.53030306799337
2022-09-17 10:17:49,425 - pytorch_cvae.py[line:169] - INFO: ----------------------------No.42 epoch----------------------------
2022-09-17 10:17:49,425 - pytorch_cvae.py[line:176] - INFO: loss:3904.5867134444416, numeric_loss:553.9376324675395, categorical_loss:398.48157660999277, kld_loss:21034.90574302897, epoch_train_time:79.7619364639977
2022-09-17 10:19:09,082 - pytorch_cvae.py[line:169] - INFO: ----------------------------No.43 epoch----------------------------
2022-09-17 10:19:09,082 - pytorch_cvae.py[line:176] - INFO: loss:4053.1077207541093, numeric_loss:548.930995134695, categorical_loss:413.33544673332653, kld_loss:20771.60380755551, epoch_train_time:79.65756372304168
2022-09-17 10:20:28,232 - pytorch_cvae.py[line:169] - INFO: ----------------------------No.44 epoch----------------------------
2022-09-17 10:20:28,232 - pytorch_cvae.py[line:176] - INFO: loss:4240.495433102362, numeric_loss:555.3369980233838, categorical_loss:435.12329120447976, kld_loss:20620.98775221035, epoch_train_time:79.14954391098581
2022-09-17 10:21:47,139 - pytorch_cvae.py[line:169] - INFO: ----------------------------No.45 epoch----------------------------
2022-09-17 10:21:47,140 - pytorch_cvae.py[line:176] - INFO: loss:4423.782851670869, numeric_loss:568.7401887693559, categorical_loss:460.9428829202807, kld_loss:20352.059095155448, epoch_train_time:78.90721004805528
2022-09-17 10:23:06,446 - pytorch_cvae.py[line:169] - INFO: ----------------------------No.46 epoch----------------------------
2022-09-17 10:23:06,446 - pytorch_cvae.py[line:176] - INFO: loss:4620.973117168993, numeric_loss:589.5113635761081, categorical_loss:495.05063437856734, kld_loss:20060.565393906087, epoch_train_time:79.3063467729371
2022-09-17 10:24:25,692 - pytorch_cvae.py[line:169] - INFO: ----------------------------No.47 epoch----------------------------
2022-09-17 10:24:25,692 - pytorch_cvae.py[line:176] - INFO: loss:4813.682515111752, numeric_loss:589.5307430862449, categorical_loss:523.6411204898322, kld_loss:19878.01586567238, epoch_train_time:79.24573417904321
2022-09-17 10:25:45,264 - pytorch_cvae.py[line:169] - INFO: ----------------------------No.48 epoch----------------------------
2022-09-17 10:25:45,264 - pytorch_cvae.py[line:176] - INFO: loss:5007.170437194407, numeric_loss:615.1710136025795, categorical_loss:563.5158357070177, kld_loss:19494.109128177166, epoch_train_time:79.57217815192416
2022-09-17 10:27:04,606 - pytorch_cvae.py[line:169] - INFO: ----------------------------No.49 epoch----------------------------
2022-09-17 10:27:04,606 - pytorch_cvae.py[line:176] - INFO: loss:5262.445866006892, numeric_loss:619.777787104249, categorical_loss:639.0353200765094, kld_loss:19343.29142958671, epoch_train_time:79.34139354294166
2022-09-17 10:28:24,019 - pytorch_cvae.py[line:169] - INFO: ----------------------------No.50 epoch----------------------------
2022-09-17 10:28:24,019 - pytorch_cvae.py[line:176] - INFO: loss:5433.7406311160885, numeric_loss:622.7680876095255, categorical_loss:642.7884100917727, kld_loss:19127.44194435142, epoch_train_time:79.41282966500148
2022-09-17 10:29:43,403 - pytorch_cvae.py[line:169] - INFO: ----------------------------No.51 epoch----------------------------
2022-09-17 10:29:43,403 - pytorch_cvae.py[line:176] - INFO: loss:5629.026974326931, numeric_loss:629.6514272675995, categorical_loss:678.0761364094506, kld_loss:18853.521404644474, epoch_train_time:79.38377326994669
2022-09-17 10:31:02,326 - pytorch_cvae.py[line:169] - INFO: ----------------------------No.52 epoch----------------------------
2022-09-17 10:31:02,326 - pytorch_cvae.py[line:176] - INFO: loss:5842.78867593687, numeric_loss:628.1254310442018, categorical_loss:706.6221946793958, kld_loss:18718.386101426557, epoch_train_time:78.92308654705994
2022-09-17 10:32:18,708 - pytorch_cvae.py[line:169] - INFO: ----------------------------No.53 epoch----------------------------
2022-09-17 10:32:18,708 - pytorch_cvae.py[line:176] - INFO: loss:6109.3764493037015, numeric_loss:632.4044418966514, categorical_loss:773.2353059907327, kld_loss:18606.310818040743, epoch_train_time:76.3818995859474
2022-09-17 10:33:17,969 - pytorch_cvae.py[line:169] - INFO: ----------------------------No.54 epoch----------------------------
2022-09-17 10:33:17,969 - pytorch_cvae.py[line:176] - INFO: loss:6294.7400677502155, numeric_loss:635.1011604831729, categorical_loss:798.4386934775102, kld_loss:18337.14736283943, epoch_train_time:59.26029135193676
2022-09-17 10:34:17,246 - pytorch_cvae.py[line:169] - INFO: ----------------------------No.55 epoch----------------------------
2022-09-17 10:34:17,246 - pytorch_cvae.py[line:176] - INFO: loss:6499.150876482949, numeric_loss:642.3691007243178, categorical_loss:835.2830106008332, kld_loss:18081.187201561406, epoch_train_time:59.27713678404689
2022-09-17 10:35:16,584 - pytorch_cvae.py[line:169] - INFO: ----------------------------No.56 epoch----------------------------
2022-09-17 10:35:16,584 - pytorch_cvae.py[line:176] - INFO: loss:6766.138839160092, numeric_loss:642.2654991750896, categorical_loss:888.8724711117393, kld_loss:18011.502145523205, epoch_train_time:59.337416940019466
2022-09-17 10:36:15,847 - pytorch_cvae.py[line:169] - INFO: ----------------------------No.57 epoch----------------------------
2022-09-17 10:36:15,847 - pytorch_cvae.py[line:176] - INFO: loss:6978.103250976652, numeric_loss:641.0519707704661, categorical_loss:945.4003657883732, kld_loss:17743.07301052101, epoch_train_time:59.26308870106004
2022-09-17 10:37:15,036 - pytorch_cvae.py[line:169] - INFO: ----------------------------No.58 epoch----------------------------
2022-09-17 10:37:15,036 - pytorch_cvae.py[line:176] - INFO: loss:7234.493679168634, numeric_loss:642.1899065458274, categorical_loss:999.0196516923606, kld_loss:17623.092901309952, epoch_train_time:59.1889150920324
2022-09-17 10:38:14,209 - pytorch_cvae.py[line:169] - INFO: ----------------------------No.59 epoch----------------------------
2022-09-17 10:38:14,209 - pytorch_cvae.py[line:176] - INFO: loss:7475.58962203376, numeric_loss:641.3947695976531, categorical_loss:1074.1383263304597, kld_loss:17393.399915529415, epoch_train_time:59.172659519012086
2022-09-17 10:39:13,490 - pytorch_cvae.py[line:169] - INFO: ----------------------------No.60 epoch----------------------------
2022-09-17 10:39:13,490 - pytorch_cvae.py[line:176] - INFO: loss:7698.475594709627, numeric_loss:641.2381705327425, categorical_loss:1114.8877837850014, kld_loss:17214.433512993157, epoch_train_time:59.28073555894662
2022-09-17 10:40:12,660 - pytorch_cvae.py[line:169] - INFO: ----------------------------No.61 epoch----------------------------
2022-09-17 10:40:12,660 - pytorch_cvae.py[line:176] - INFO: loss:7978.987921000458, numeric_loss:642.604219823028, categorical_loss:1215.79604370374, kld_loss:17027.022277684882, epoch_train_time:59.17002490197774
2022-09-17 10:41:11,846 - pytorch_cvae.py[line:169] - INFO: ----------------------------No.62 epoch----------------------------
2022-09-17 10:41:11,846 - pytorch_cvae.py[line:176] - INFO: loss:8210.723887717351, numeric_loss:642.5951080702653, categorical_loss:1255.8672823535744, kld_loss:16880.13590143062, epoch_train_time:59.1858343379572
2022-09-17 10:42:11,010 - pytorch_cvae.py[line:169] - INFO: ----------------------------No.63 epoch----------------------------
2022-09-17 10:42:11,011 - pytorch_cvae.py[line:176] - INFO: loss:8479.471016741358, numeric_loss:644.6232573204325, categorical_loss:1342.4916602993617, kld_loss:16706.018854754046, epoch_train_time:59.16444517194759
2022-09-17 10:43:10,183 - pytorch_cvae.py[line:169] - INFO: ----------------------------No.64 epoch----------------------------
2022-09-17 10:43:10,183 - pytorch_cvae.py[line:176] - INFO: loss:8648.811305201612, numeric_loss:640.9922345579544, categorical_loss:1374.9941383629339, kld_loss:16439.291866946965, epoch_train_time:59.172375723021105
2022-09-17 10:44:09,338 - pytorch_cvae.py[line:169] - INFO: ----------------------------No.65 epoch----------------------------
2022-09-17 10:44:09,338 - pytorch_cvae.py[line:176] - INFO: loss:8946.288497364148, numeric_loss:641.1085897882003, categorical_loss:1468.5088504033629, kld_loss:16337.195831852034, epoch_train_time:59.154882356058806
2022-09-17 10:45:08,500 - pytorch_cvae.py[line:169] - INFO: ----------------------------No.66 epoch----------------------------
2022-09-17 10:45:08,500 - pytorch_cvae.py[line:176] - INFO: loss:9161.786130351946, numeric_loss:640.4741960517131, categorical_loss:1546.9615311474772, kld_loss:16084.928611962125, epoch_train_time:59.161493061925285
2022-09-17 10:46:07,713 - pytorch_cvae.py[line:169] - INFO: ----------------------------No.67 epoch----------------------------
2022-09-17 10:46:07,714 - pytorch_cvae.py[line:176] - INFO: loss:9433.876247811131, numeric_loss:642.6899406787707, categorical_loss:1646.7482740962878, kld_loss:15918.432100102305, epoch_train_time:59.213645998970605
2022-09-17 10:47:06,883 - pytorch_cvae.py[line:169] - INFO: ----------------------------No.68 epoch----------------------------
2022-09-17 10:47:06,883 - pytorch_cvae.py[line:176] - INFO: loss:9622.034763817675, numeric_loss:641.9206795117061, categorical_loss:1686.392082591774, kld_loss:15715.65763494093, epoch_train_time:59.16919887403492
2022-09-17 10:48:06,029 - pytorch_cvae.py[line:169] - INFO: ----------------------------No.69 epoch----------------------------
2022-09-17 10:48:06,030 - pytorch_cvae.py[line:176] - INFO: loss:9861.78796207998, numeric_loss:640.9106250775803, categorical_loss:1790.7468536874512, kld_loss:15497.627695376985, epoch_train_time:59.14650419994723
2022-09-17 10:49:05,272 - pytorch_cvae.py[line:169] - INFO: ----------------------------No.70 epoch----------------------------
2022-09-17 10:49:05,273 - pytorch_cvae.py[line:176] - INFO: loss:10125.829499565996, numeric_loss:641.1753696650849, categorical_loss:1863.870407944778, kld_loss:15402.391235372052, epoch_train_time:59.24281914695166
2022-09-17 10:50:04,432 - pytorch_cvae.py[line:169] - INFO: ----------------------------No.71 epoch----------------------------
2022-09-17 10:50:04,432 - pytorch_cvae.py[line:176] - INFO: loss:10390.25458436273, numeric_loss:643.326086956833, categorical_loss:1970.5487999091856, kld_loss:15244.739125719294, epoch_train_time:59.15943454904482
2022-09-17 10:51:03,591 - pytorch_cvae.py[line:169] - INFO: ----------------------------No.72 epoch----------------------------
2022-09-17 10:51:03,591 - pytorch_cvae.py[line:176] - INFO: loss:10579.212536096573, numeric_loss:640.2293430799618, categorical_loss:2068.178370343987, kld_loss:14981.316513730213, epoch_train_time:59.15905742708128
2022-09-17 10:52:02,753 - pytorch_cvae.py[line:169] - INFO: ----------------------------No.73 epoch----------------------------
2022-09-17 10:52:02,753 - pytorch_cvae.py[line:176] - INFO: loss:10817.18789897766, numeric_loss:640.1539112036698, categorical_loss:2163.202545711305, kld_loss:14824.964359386824, epoch_train_time:59.161406169994734
2022-09-17 10:53:01,894 - pytorch_cvae.py[line:169] - INFO: ----------------------------No.74 epoch----------------------------
2022-09-17 10:53:01,894 - pytorch_cvae.py[line:176] - INFO: loss:11042.86301731132, numeric_loss:641.6403485383489, categorical_loss:2245.731668177992, kld_loss:14677.782379593235, epoch_train_time:59.14107429306023
2022-09-17 10:54:01,023 - pytorch_cvae.py[line:169] - INFO: ----------------------------No.75 epoch----------------------------
2022-09-17 10:54:01,023 - pytorch_cvae.py[line:176] - INFO: loss:11218.832668814808, numeric_loss:640.9476785667939, categorical_loss:2332.5789629104547, kld_loss:14451.34710817784, epoch_train_time:59.12872461101506
2022-09-17 10:55:00,165 - pytorch_cvae.py[line:169] - INFO: ----------------------------No.76 epoch----------------------------
2022-09-17 10:55:00,165 - pytorch_cvae.py[line:176] - INFO: loss:11460.115215657279, numeric_loss:641.0401060688309, categorical_loss:2472.069017463131, kld_loss:14261.255415775348, epoch_train_time:59.14225902792532
2022-09-17 10:55:59,374 - pytorch_cvae.py[line:169] - INFO: ----------------------------No.77 epoch----------------------------
2022-09-17 10:55:59,374 - pytorch_cvae.py[line:176] - INFO: loss:11633.598405705765, numeric_loss:639.2178567277733, categorical_loss:2557.639127800707, kld_loss:14065.70652062539, epoch_train_time:59.20827123802155
2022-09-17 10:56:58,526 - pytorch_cvae.py[line:169] - INFO: ----------------------------No.78 epoch----------------------------
2022-09-17 10:56:58,526 - pytorch_cvae.py[line:176] - INFO: loss:11831.206818711944, numeric_loss:640.0356202456169, categorical_loss:2653.5811666999944, kld_loss:13903.245604921598, epoch_train_time:59.15238477406092
2022-09-17 10:57:57,661 - pytorch_cvae.py[line:169] - INFO: ----------------------------No.79 epoch----------------------------
2022-09-17 10:57:57,661 - pytorch_cvae.py[line:176] - INFO: loss:12018.984621234238, numeric_loss:639.8777922843583, categorical_loss:2782.0671071303077, kld_loss:13688.573647303041, epoch_train_time:59.134296601987444
2022-09-17 10:58:56,820 - pytorch_cvae.py[line:169] - INFO: ----------------------------No.80 epoch----------------------------
2022-09-17 10:58:56,820 - pytorch_cvae.py[line:176] - INFO: loss:12247.667648648843, numeric_loss:641.8009635992348, categorical_loss:2943.245679966174, kld_loss:13499.610836405773, epoch_train_time:59.15942575200461
2022-09-17 10:59:56,024 - pytorch_cvae.py[line:169] - INFO: ----------------------------No.81 epoch----------------------------
2022-09-17 10:59:56,024 - pytorch_cvae.py[line:176] - INFO: loss:12399.25728625618, numeric_loss:642.0785924126394, categorical_loss:2986.9340171143413, kld_loss:13390.00148062408, epoch_train_time:59.20304852700792
2022-09-17 11:00:55,182 - pytorch_cvae.py[line:169] - INFO: ----------------------------No.82 epoch----------------------------
2022-09-17 11:00:55,182 - pytorch_cvae.py[line:176] - INFO: loss:12553.493850628845, numeric_loss:641.1694467006018, categorical_loss:3090.427454661578, kld_loss:13208.762998756953, epoch_train_time:59.15827484999318
2022-09-17 11:01:54,354 - pytorch_cvae.py[line:169] - INFO: ----------------------------No.83 epoch----------------------------
2022-09-17 11:01:54,355 - pytorch_cvae.py[line:176] - INFO: loss:12724.001740382984, numeric_loss:639.8457711946685, categorical_loss:3210.5261258133687, kld_loss:13042.685239090584, epoch_train_time:59.17223208898213
2022-09-17 11:03:11,479 - pytorch_cvae.py[line:169] - INFO: ----------------------------No.84 epoch----------------------------
2022-09-17 11:03:11,479 - pytorch_cvae.py[line:176] - INFO: loss:12858.710556244478, numeric_loss:641.0610955231823, categorical_loss:3325.8540859892964, kld_loss:12842.66141947452, epoch_train_time:77.12439586396795
2022-09-17 11:04:30,014 - pytorch_cvae.py[line:169] - INFO: ----------------------------No.85 epoch----------------------------
2022-09-17 11:04:30,014 - pytorch_cvae.py[line:176] - INFO: loss:13079.643684362061, numeric_loss:640.6040091535542, categorical_loss:3487.1212357510813, kld_loss:12717.912382406881, epoch_train_time:78.53446500294376
2022-09-17 11:05:49,612 - pytorch_cvae.py[line:169] - INFO: ----------------------------No.86 epoch----------------------------
2022-09-17 11:05:49,612 - pytorch_cvae.py[line:176] - INFO: loss:13147.771448014304, numeric_loss:640.3290472265799, categorical_loss:3560.932675936725, kld_loss:12514.738083994947, epoch_train_time:79.59794213599525
2022-09-17 11:07:09,095 - pytorch_cvae.py[line:169] - INFO: ----------------------------No.87 epoch----------------------------
2022-09-17 11:07:09,095 - pytorch_cvae.py[line:176] - INFO: loss:13311.004592940211, numeric_loss:639.2007443800103, categorical_loss:3704.9424833133817, kld_loss:12362.642564597307, epoch_train_time:79.48342552396934
2022-09-17 11:08:28,259 - pytorch_cvae.py[line:169] - INFO: ----------------------------No.88 epoch----------------------------
2022-09-17 11:08:28,259 - pytorch_cvae.py[line:176] - INFO: loss:13451.391808394343, numeric_loss:640.7220318306936, categorical_loss:3816.674812159501, kld_loss:12233.776127055753, epoch_train_time:79.16341572697274
2022-09-17 11:09:47,696 - pytorch_cvae.py[line:169] - INFO: ----------------------------No.89 epoch----------------------------
2022-09-17 11:09:47,696 - pytorch_cvae.py[line:176] - INFO: loss:13546.39859024249, numeric_loss:640.0185331678949, categorical_loss:3919.407570031937, kld_loss:12072.372775805648, epoch_train_time:79.43668907997198
2022-09-17 11:11:06,926 - pytorch_cvae.py[line:169] - INFO: ----------------------------No.90 epoch----------------------------
2022-09-17 11:11:06,926 - pytorch_cvae.py[line:176] - INFO: loss:13614.834435220808, numeric_loss:640.1399256985169, categorical_loss:3980.6391989346594, kld_loss:11943.741279221606, epoch_train_time:79.22984664491378
2022-09-17 11:12:26,444 - pytorch_cvae.py[line:169] - INFO: ----------------------------No.91 epoch----------------------------
2022-09-17 11:12:26,444 - pytorch_cvae.py[line:176] - INFO: loss:13724.242142239586, numeric_loss:640.0889927002136, categorical_loss:4061.7265519271605, kld_loss:11856.270592966117, epoch_train_time:79.51838757703081
2022-09-17 11:13:45,560 - pytorch_cvae.py[line:169] - INFO: ----------------------------No.92 epoch----------------------------
2022-09-17 11:13:45,560 - pytorch_cvae.py[line:176] - INFO: loss:13829.278894333169, numeric_loss:640.0262512486661, categorical_loss:4161.373451014049, kld_loss:11751.266954924911, epoch_train_time:79.11566591996234
2022-09-17 11:15:04,828 - pytorch_cvae.py[line:169] - INFO: ----------------------------No.93 epoch----------------------------
2022-09-17 11:15:04,828 - pytorch_cvae.py[line:176] - INFO: loss:13883.849885381758, numeric_loss:640.1441759286681, categorical_loss:4275.408065522555, kld_loss:11574.905650950037, epoch_train_time:79.26758275995962
2022-09-17 11:16:24,607 - pytorch_cvae.py[line:169] - INFO: ----------------------------No.94 epoch----------------------------
2022-09-17 11:16:24,607 - pytorch_cvae.py[line:176] - INFO: loss:13973.625903685577, numeric_loss:639.5540418297751, categorical_loss:4407.392903881613, kld_loss:11435.104554202873, epoch_train_time:79.77909495506901
2022-09-17 11:17:44,124 - pytorch_cvae.py[line:169] - INFO: ----------------------------No.95 epoch----------------------------
2022-09-17 11:17:44,124 - pytorch_cvae.py[line:176] - INFO: loss:13995.9486792963, numeric_loss:638.4064049555454, categorical_loss:4389.517067003064, kld_loss:11413.639240365243, epoch_train_time:79.51672055898234
2022-09-17 11:19:03,821 - pytorch_cvae.py[line:169] - INFO: ----------------------------No.96 epoch----------------------------
2022-09-17 11:19:03,822 - pytorch_cvae.py[line:176] - INFO: loss:14088.824783820659, numeric_loss:638.4738144165603, categorical_loss:4523.8406764846295, kld_loss:11298.48984653689, epoch_train_time:79.69718535791617
2022-09-17 11:20:23,337 - pytorch_cvae.py[line:169] - INFO: ----------------------------No.97 epoch----------------------------
2022-09-17 11:20:23,337 - pytorch_cvae.py[line:176] - INFO: loss:14107.875497642905, numeric_loss:639.3160043872194, categorical_loss:4538.942174269818, kld_loss:11251.675931966398, epoch_train_time:79.51526733406354
2022-09-17 11:21:42,306 - pytorch_cvae.py[line:169] - INFO: ----------------------------No.98 epoch----------------------------
2022-09-17 11:21:42,307 - pytorch_cvae.py[line:176] - INFO: loss:14161.369210286066, numeric_loss:639.8148017654894, categorical_loss:4507.236210996285, kld_loss:11318.717147290241, epoch_train_time:78.96937698009424
2022-09-17 11:23:01,491 - pytorch_cvae.py[line:169] - INFO: ----------------------------No.99 epoch----------------------------
2022-09-17 11:23:01,491 - pytorch_cvae.py[line:176] - INFO: loss:14143.537927761674, numeric_loss:638.6387896582019, categorical_loss:4609.214839131571, kld_loss:11141.866910297656, epoch_train_time:79.18412026402075
2022-09-17 11:24:20,616 - pytorch_cvae.py[line:169] - INFO: ----------------------------No.100 epoch----------------------------
2022-09-17 11:24:20,616 - pytorch_cvae.py[line:176] - INFO: loss:14196.61896636244, numeric_loss:640.0529463385465, categorical_loss:4647.832150253467, kld_loss:11141.486349301646, epoch_train_time:79.12522585794795
2022-09-17 11:25:39,568 - pytorch_cvae.py[line:169] - INFO: ----------------------------No.101 epoch----------------------------
2022-09-17 11:25:39,569 - pytorch_cvae.py[line:176] - INFO: loss:14161.245707977563, numeric_loss:639.1549414622132, categorical_loss:4625.896302072331, kld_loss:11120.242919609882, epoch_train_time:78.952119799098
2022-09-17 11:26:58,538 - pytorch_cvae.py[line:169] - INFO: ----------------------------No.102 epoch----------------------------
2022-09-17 11:26:58,538 - pytorch_cvae.py[line:176] - INFO: loss:14181.25423795171, numeric_loss:638.6514028426027, categorical_loss:4667.285428167321, kld_loss:11094.146616167389, epoch_train_time:78.9690605129581
2022-09-17 11:28:17,169 - pytorch_cvae.py[line:169] - INFO: ----------------------------No.103 epoch----------------------------
2022-09-17 11:28:17,169 - pytorch_cvae.py[line:176] - INFO: loss:14175.7138212258, numeric_loss:638.8075737912441, categorical_loss:4658.882799260784, kld_loss:11097.529143635184, epoch_train_time:78.631094397977
2022-09-17 11:29:36,250 - pytorch_cvae.py[line:169] - INFO: ----------------------------No.104 epoch----------------------------
2022-09-17 11:29:36,250 - pytorch_cvae.py[line:176] - INFO: loss:14163.032089170069, numeric_loss:639.2673185816966, categorical_loss:4600.935543106869, kld_loss:11153.536365217064, epoch_train_time:79.080769082997
2022-09-17 11:30:55,138 - pytorch_cvae.py[line:169] - INFO: ----------------------------No.105 epoch----------------------------
2022-09-17 11:30:55,138 - pytorch_cvae.py[line:176] - INFO: loss:14141.328167274594, numeric_loss:638.5978074864252, categorical_loss:4646.762422946282, kld_loss:11069.959763045656, epoch_train_time:78.88834342290647
2022-09-17 11:32:13,668 - pytorch_cvae.py[line:169] - INFO: ----------------------------No.106 epoch----------------------------
2022-09-17 11:32:13,669 - pytorch_cvae.py[line:176] - INFO: loss:14160.742358847521, numeric_loss:637.2441864606226, categorical_loss:4706.659945533145, kld_loss:11021.047619778197, epoch_train_time:78.52995345904492
2022-09-17 11:33:32,786 - pytorch_cvae.py[line:169] - INFO: ----------------------------No.107 epoch----------------------------
2022-09-17 11:33:32,786 - pytorch_cvae.py[line:176] - INFO: loss:14205.094695525244, numeric_loss:638.4377400613157, categorical_loss:4698.920211692806, kld_loss:11084.670769405318, epoch_train_time:79.11742690205574
2022-09-17 11:34:51,454 - pytorch_cvae.py[line:169] - INFO: ----------------------------No.108 epoch----------------------------
2022-09-17 11:34:51,454 - pytorch_cvae.py[line:176] - INFO: loss:14161.02669935301, numeric_loss:639.796578615089, categorical_loss:4677.419776418246, kld_loss:11054.762764673447, epoch_train_time:78.66779785498511
2022-09-17 11:36:10,935 - pytorch_cvae.py[line:169] - INFO: ----------------------------No.109 epoch----------------------------
2022-09-17 11:36:10,936 - pytorch_cvae.py[line:176] - INFO: loss:14198.673988033086, numeric_loss:639.2647822565632, categorical_loss:4678.567891780287, kld_loss:11101.05148227443, epoch_train_time:79.48121559491847
2022-09-17 11:37:30,107 - pytorch_cvae.py[line:169] - INFO: ----------------------------No.110 epoch----------------------------
2022-09-17 11:37:30,107 - pytorch_cvae.py[line:176] - INFO: loss:14190.876885032281, numeric_loss:639.3262497535907, categorical_loss:4717.546905353665, kld_loss:11042.504499611445, epoch_train_time:79.17091998097021
2022-09-17 11:38:49,632 - pytorch_cvae.py[line:169] - INFO: ----------------------------No.111 epoch----------------------------
2022-09-17 11:38:49,632 - pytorch_cvae.py[line:176] - INFO: loss:14160.072127126157, numeric_loss:640.3085911390372, categorical_loss:4698.99334595073, kld_loss:11025.962580377236, epoch_train_time:79.52555819507688
2022-09-17 11:40:08,206 - pytorch_cvae.py[line:169] - INFO: ----------------------------No.112 epoch----------------------------
2022-09-17 11:40:08,206 - pytorch_cvae.py[line:176] - INFO: loss:14158.43225576263, numeric_loss:640.2682013678132, categorical_loss:4650.51736837998, kld_loss:11084.558197405422, epoch_train_time:78.57392628502566
2022-09-17 11:41:27,149 - pytorch_cvae.py[line:169] - INFO: ----------------------------No.113 epoch----------------------------
2022-09-17 11:41:27,149 - pytorch_cvae.py[line:176] - INFO: loss:14189.177605576813, numeric_loss:639.9515152749373, categorical_loss:4703.591255674604, kld_loss:11057.04339139117, epoch_train_time:78.94271071010735
2022-09-17 11:42:46,179 - pytorch_cvae.py[line:169] - INFO: ----------------------------No.114 epoch----------------------------
2022-09-17 11:42:46,179 - pytorch_cvae.py[line:176] - INFO: loss:14158.242599178106, numeric_loss:639.067274553352, categorical_loss:4623.862809701357, kld_loss:11119.140481158858, epoch_train_time:79.02979695098475
2022-09-17 11:44:05,166 - pytorch_cvae.py[line:169] - INFO: ----------------------------No.115 epoch----------------------------
2022-09-17 11:44:05,166 - pytorch_cvae.py[line:176] - INFO: loss:14197.585577348247, numeric_loss:639.9083675539587, categorical_loss:4695.512211985886, kld_loss:11077.706093613524, epoch_train_time:78.98639922903385
2022-09-17 11:45:24,084 - pytorch_cvae.py[line:169] - INFO: ----------------------------No.116 epoch----------------------------
2022-09-17 11:45:24,084 - pytorch_cvae.py[line:176] - INFO: loss:14144.771905736066, numeric_loss:639.3752653889824, categorical_loss:4654.35520115355, kld_loss:11063.801623106236, epoch_train_time:78.9179327969905
2022-09-17 11:46:42,945 - pytorch_cvae.py[line:169] - INFO: ----------------------------No.117 epoch----------------------------
2022-09-17 11:46:42,945 - pytorch_cvae.py[line:176] - INFO: loss:14209.0948182242, numeric_loss:640.0148077725898, categorical_loss:4747.652789211832, kld_loss:11026.78386344877, epoch_train_time:78.86114445095882
2022-09-17 11:48:02,034 - pytorch_cvae.py[line:169] - INFO: ----------------------------No.118 epoch----------------------------
2022-09-17 11:48:02,034 - pytorch_cvae.py[line:176] - INFO: loss:14163.801397696137, numeric_loss:639.6061845298391, categorical_loss:4635.071693317499, kld_loss:11111.404241593322, epoch_train_time:79.08850422408432
2022-09-17 11:49:21,035 - pytorch_cvae.py[line:169] - INFO: ----------------------------No.119 epoch----------------------------
2022-09-17 11:49:21,035 - pytorch_cvae.py[line:176] - INFO: loss:14164.105101492256, numeric_loss:639.4246187488316, categorical_loss:4660.042778018862, kld_loss:11080.796976649435, epoch_train_time:79.00061051698867
2022-09-17 11:50:40,107 - pytorch_cvae.py[line:169] - INFO: ----------------------------No.120 epoch----------------------------
2022-09-17 11:50:40,107 - pytorch_cvae.py[line:176] - INFO: loss:14154.362855417654, numeric_loss:639.6860230952734, categorical_loss:4699.099224963225, kld_loss:11019.471848033601, epoch_train_time:79.07194641698152
2022-09-17 11:51:59,384 - pytorch_cvae.py[line:169] - INFO: ----------------------------No.121 epoch----------------------------
2022-09-17 11:51:59,385 - pytorch_cvae.py[line:176] - INFO: loss:14159.239382633008, numeric_loss:640.3182788913837, categorical_loss:4621.855002013035, kld_loss:11121.332482355298, epoch_train_time:79.27749021199998
2022-09-17 11:53:18,525 - pytorch_cvae.py[line:169] - INFO: ----------------------------No.122 epoch----------------------------
2022-09-17 11:53:18,525 - pytorch_cvae.py[line:176] - INFO: loss:14159.520553722978, numeric_loss:639.8620095407823, categorical_loss:4686.4516588179395, kld_loss:11041.50844748877, epoch_train_time:79.1400436819531
2022-09-17 11:54:37,583 - pytorch_cvae.py[line:169] - INFO: ----------------------------No.123 epoch----------------------------
2022-09-17 11:54:37,583 - pytorch_cvae.py[line:176] - INFO: loss:14160.512053649873, numeric_loss:639.8848605442327, categorical_loss:4657.070984841324, kld_loss:11079.445098503493, epoch_train_time:79.05818168097176
2022-09-17 11:55:56,599 - pytorch_cvae.py[line:169] - INFO: ----------------------------No.124 epoch----------------------------
2022-09-17 11:55:56,599 - pytorch_cvae.py[line:176] - INFO: loss:14190.647781077772, numeric_loss:639.8223069703672, categorical_loss:4735.5973273469135, kld_loss:11019.035019294359, epoch_train_time:79.0158875520574
2022-09-17 11:57:15,390 - pytorch_cvae.py[line:169] - INFO: ----------------------------No.125 epoch----------------------------
2022-09-17 11:57:15,390 - pytorch_cvae.py[line:176] - INFO: loss:14184.298879122362, numeric_loss:640.992936388473, categorical_loss:4705.0274836844765, kld_loss:11047.847914307145, epoch_train_time:78.79071328800637
2022-09-17 11:58:34,566 - pytorch_cvae.py[line:169] - INFO: ----------------------------No.126 epoch----------------------------
2022-09-17 11:58:34,567 - pytorch_cvae.py[line:176] - INFO: loss:14144.756651033647, numeric_loss:640.4714231207035, categorical_loss:4640.630388811231, kld_loss:11079.56838145596, epoch_train_time:79.17635805299506
2022-09-17 11:59:53,697 - pytorch_cvae.py[line:169] - INFO: ----------------------------No.127 epoch----------------------------
2022-09-17 11:59:53,698 - pytorch_cvae.py[line:176] - INFO: loss:14162.570455071516, numeric_loss:640.712951080408, categorical_loss:4639.458743550815, kld_loss:11102.998293676996, epoch_train_time:79.13089115498587
2022-09-17 12:01:12,341 - pytorch_cvae.py[line:169] - INFO: ----------------------------No.128 epoch----------------------------
2022-09-17 12:01:12,341 - pytorch_cvae.py[line:176] - INFO: loss:14162.614188954234, numeric_loss:639.8278848810587, categorical_loss:4662.834980585147, kld_loss:11074.938993200194, epoch_train_time:78.64316263690125
2022-09-17 12:02:30,786 - pytorch_cvae.py[line:169] - INFO: ----------------------------No.129 epoch----------------------------
2022-09-17 12:02:30,786 - pytorch_cvae.py[line:176] - INFO: loss:14142.921128699556, numeric_loss:639.7234184669796, categorical_loss:4655.880390584469, kld_loss:11059.146483718883, epoch_train_time:78.44457823294215
2022-09-17 12:03:49,578 - pytorch_cvae.py[line:169] - INFO: ----------------------------No.130 epoch----------------------------
2022-09-17 12:03:49,578 - pytorch_cvae.py[line:176] - INFO: loss:14181.178649299778, numeric_loss:640.4623048392823, categorical_loss:4706.507856817916, kld_loss:11042.760455574375, epoch_train_time:78.7922549060313
2022-09-17 12:05:08,028 - pytorch_cvae.py[line:169] - INFO: ----------------------------No.131 epoch----------------------------
2022-09-17 12:05:08,028 - pytorch_cvae.py[line:176] - INFO: loss:14141.162745010108, numeric_loss:640.2549571843119, categorical_loss:4642.1937149353325, kld_loss:11073.392434651032, epoch_train_time:78.44997668208089
2022-09-17 12:06:27,213 - pytorch_cvae.py[line:169] - INFO: ----------------------------No.132 epoch----------------------------
2022-09-17 12:06:27,213 - pytorch_cvae.py[line:176] - INFO: loss:14131.945310954005, numeric_loss:641.5223709201673, categorical_loss:4621.443633288145, kld_loss:11086.22396663297, epoch_train_time:79.18489146605134
2022-09-17 12:07:45,943 - pytorch_cvae.py[line:169] - INFO: ----------------------------No.133 epoch----------------------------
2022-09-17 12:07:45,943 - pytorch_cvae.py[line:176] - INFO: loss:14154.065402036533, numeric_loss:639.2869777455926, categorical_loss:4663.377724504564, kld_loss:11064.250728448853, epoch_train_time:78.72973686805926
2022-09-17 12:09:04,934 - pytorch_cvae.py[line:169] - INFO: ----------------------------No.134 epoch----------------------------
2022-09-17 12:09:04,934 - pytorch_cvae.py[line:176] - INFO: loss:14150.069775752723, numeric_loss:640.364359033294, categorical_loss:4694.062311085407, kld_loss:11019.553723121295, epoch_train_time:78.99106554593891
2022-09-17 12:10:21,441 - pytorch_cvae.py[line:169] - INFO: ----------------------------No.135 epoch----------------------------
2022-09-17 12:10:21,441 - pytorch_cvae.py[line:176] - INFO: loss:14161.310198052786, numeric_loss:639.3725498053245, categorical_loss:4693.631912640296, kld_loss:11035.382007310633, epoch_train_time:76.50681909301784
2022-09-17 12:11:29,397 - pytorch_cvae.py[line:169] - INFO: ----------------------------No.136 epoch----------------------------
2022-09-17 12:11:29,397 - pytorch_cvae.py[line:176] - INFO: loss:14192.007536729798, numeric_loss:640.7892291297903, categorical_loss:4712.878421560861, kld_loss:11047.924701991607, epoch_train_time:67.95538989501074
2022-09-17 12:12:48,501 - pytorch_cvae.py[line:169] - INFO: ----------------------------No.137 epoch----------------------------
2022-09-17 12:12:48,501 - pytorch_cvae.py[line:176] - INFO: loss:14180.411301063374, numeric_loss:640.0664676341694, categorical_loss:4615.572482489049, kld_loss:11155.965264192666, epoch_train_time:79.10372380295303
2022-09-17 12:14:07,615 - pytorch_cvae.py[line:169] - INFO: ----------------------------No.138 epoch----------------------------
2022-09-17 12:14:07,615 - pytorch_cvae.py[line:176] - INFO: loss:14174.533503565937, numeric_loss:640.0497704816516, categorical_loss:4670.211330135353, kld_loss:11080.340339447372, epoch_train_time:79.1136298070196
2022-09-17 12:15:26,623 - pytorch_cvae.py[line:169] - INFO: ----------------------------No.139 epoch----------------------------
2022-09-17 12:15:26,623 - pytorch_cvae.py[line:176] - INFO: loss:14140.870145172812, numeric_loss:639.2658813787857, categorical_loss:4675.451966456603, kld_loss:11032.690226947656, epoch_train_time:79.00781833508518
2022-09-17 12:16:44,960 - pytorch_cvae.py[line:169] - INFO: ----------------------------No.140 epoch----------------------------
2022-09-17 12:16:44,960 - pytorch_cvae.py[line:176] - INFO: loss:14171.24911712017, numeric_loss:641.0446745825466, categorical_loss:4725.593492954038, kld_loss:11005.763531247852, epoch_train_time:78.33755436609499
2022-09-17 12:18:03,769 - pytorch_cvae.py[line:169] - INFO: ----------------------------No.141 epoch----------------------------
2022-09-17 12:18:03,769 - pytorch_cvae.py[line:176] - INFO: loss:14182.821614135057, numeric_loss:640.2501380331814, categorical_loss:4688.369476054795, kld_loss:11067.752341805259, epoch_train_time:78.80863214901183
2022-09-17 12:19:22,811 - pytorch_cvae.py[line:169] - INFO: ----------------------------No.142 epoch----------------------------
2022-09-17 12:19:22,811 - pytorch_cvae.py[line:176] - INFO: loss:14149.793212446384, numeric_loss:639.2788765806472, categorical_loss:4681.84137283545, kld_loss:11035.841048770119, epoch_train_time:79.04210326902103
2022-09-17 12:20:42,241 - pytorch_cvae.py[line:169] - INFO: ----------------------------No.143 epoch----------------------------
2022-09-17 12:20:42,242 - pytorch_cvae.py[line:176] - INFO: loss:14142.502331824973, numeric_loss:640.7074818810215, categorical_loss:4727.059729281347, kld_loss:10968.418763021007, epoch_train_time:79.42995362903457
2022-09-17 12:22:01,859 - pytorch_cvae.py[line:169] - INFO: ----------------------------No.144 epoch----------------------------
2022-09-17 12:22:01,859 - pytorch_cvae.py[line:176] - INFO: loss:14167.099241228774, numeric_loss:639.6684972647345, categorical_loss:4683.330223496072, kld_loss:11055.125494965352, epoch_train_time:79.61698039993644
2022-09-17 12:23:20,484 - pytorch_cvae.py[line:169] - INFO: ----------------------------No.145 epoch----------------------------
2022-09-17 12:23:20,485 - pytorch_cvae.py[line:176] - INFO: loss:14143.654499772005, numeric_loss:638.8066050951602, categorical_loss:4669.287105378695, kld_loss:11044.45081984112, epoch_train_time:78.62567099498119
2022-09-17 12:24:39,213 - pytorch_cvae.py[line:169] - INFO: ----------------------------No.146 epoch----------------------------
2022-09-17 12:24:39,213 - pytorch_cvae.py[line:176] - INFO: loss:14127.91387504153, numeric_loss:638.2160894179251, categorical_loss:4614.094532454386, kld_loss:11094.503906124271, epoch_train_time:78.7284033090109
2022-09-17 12:25:57,531 - pytorch_cvae.py[line:169] - INFO: ----------------------------No.147 epoch----------------------------
2022-09-17 12:25:57,531 - pytorch_cvae.py[line:176] - INFO: loss:14163.079463632777, numeric_loss:639.5295894958545, categorical_loss:4667.424574281089, kld_loss:11070.15645919065, epoch_train_time:78.31766327493824
2022-09-17 12:27:15,651 - pytorch_cvae.py[line:169] - INFO: ----------------------------No.148 epoch----------------------------
2022-09-17 12:27:15,651 - pytorch_cvae.py[line:176] - INFO: loss:14148.561625187285, numeric_loss:638.6863499622559, categorical_loss:4626.087838708423, kld_loss:11104.734132765792, epoch_train_time:78.11980799399316
2022-09-17 12:28:34,172 - pytorch_cvae.py[line:169] - INFO: ----------------------------No.149 epoch----------------------------
2022-09-17 12:28:34,172 - pytorch_cvae.py[line:176] - INFO: loss:14162.794533651322, numeric_loss:638.9107139828848, categorical_loss:4626.688158575911, kld_loss:11121.494419665192, epoch_train_time:78.52088103699498
2022-09-17 12:29:52,685 - pytorch_cvae.py[line:169] - INFO: ----------------------------No.150 epoch----------------------------
2022-09-17 12:29:52,685 - pytorch_cvae.py[line:176] - INFO: loss:14181.7103691753, numeric_loss:638.293200893444, categorical_loss:4677.047341204248, kld_loss:11082.962120312266, epoch_train_time:78.513208193006
2022-09-17 12:29:52,685 - pytorch_cvae.py[line:185] - INFO: training time elapsed:10876.228376878076
2022-09-17 12:29:52,688 - model_utils.py[line:67] - INFO: save model successfully
2022-09-17 12:29:56,272 - pytorch_cvae.py[line:266] - INFO: train model time elapsed:11166.198146087001
2022-09-17 12:29:56,272 - dataset_utils.py[line:567] - INFO: load existing dataset(light):tpch-skew-nation_n_nationkey#n_name__n_nationkey_binary_mm_0
2022-09-17 12:29:56,274 - dataset_utils.py[line:576] - INFO: load dataset(light) time elapsed:0.0019127919804304838
2022-09-17 12:29:56,274 - pytorch_cvae.py[line:278] - INFO: feature info:[('n_nationkey', 'categorical', 6), ('n_name', 'categorical', 6)]
2022-09-17 12:29:56,275 - model_utils.py[line:75] - INFO: load model name:torch_cvae_tpch-skew-nation_n_nationkey_ld100_id150_bs128_ep100_0_binary_mm
2022-09-17 12:29:56,276 - model_utils.py[line:86] - INFO: load torch model time elapsed:0.0018373720813542604
2022-09-17 12:29:56,276 - pytorch_cvae.py[line:288] - INFO: load model time elapsed:0.004687463981099427
2022-09-17 12:29:56,277 - main.py[line:529] - INFO: multi_sampling No.0 epoch
2022-09-17 12:29:56,380 - pytorch_cvae.py[line:401] - INFO: sampling time:0.1033086950192228
2022-09-17 12:29:56,381 - dataset_utils.py[line:548] - INFO: load existing dataset:tpch-skew-nation_n_nationkey#n_name__n_nationkey_binary_mm_0
2022-09-17 12:29:56,382 - dataset_utils.py[line:560] - INFO: load dataset time elapsed:0.00189177505671978
2022-09-17 12:29:56,401 - main.py[line:513] - INFO: sample and aggregation time elapsed:0.12447805004194379
2022-09-17 12:29:56,405 - main.py[line:546] - INFO: sample time: 0.12824935000389814
2022-09-17 12:29:56,414 - main.py[line:99] - INFO: aqp result:
                avg(c_acctbal)  sum(c_acctbal)
n_name                                        
ALGERIA        4644.51         972890662.72   
ARGENTINA      4546.26         954919882.43   
BRAZIL         4862.66         1021556515.10  
CANADA         4551.65         957025704.07   
CHINA          4737.91         994724359.93   
EGYPT          4501.81         947851905.14   
ETHIOPIA       4717.98         994064941.23   
FRANCE         4627.65         972537654.68   
GERMANY        4540.05         954310134.83   
INDIA          4561.64         958738873.71   
INDONESIA      4673.47         982181015.30   
IRAN           4597.88         967089629.00   
IRAQ           4540.16         952692919.95   
JAPAN          4648.08         972368823.07   
JORDAN         4656.19         975099736.18   
KENYA          4555.77         953071595.17   
MOROCCO        4546.34         956013550.18   
MOZAMBIQUE     4676.60         980892684.27   
PERU           4639.57         975538772.84   
ROMANIA        4624.02         971824684.25   
RUSSIA         4723.70         992025055.73   
SAUDI ARABIA   4554.23         955877485.17   
UNITED KINGDOM 4479.33         943271712.71   
UNITED STATES  4541.50         951861692.15   
VIETNAM        4672.43         979957915.06   
2022-09-17 12:29:56,418 - main.py[line:100] - INFO: ground truth:
                avg(c_acctbal)  sum(c_acctbal)
n_name                                        
ALGERIA        4274.05         895288860.52   
ARGENTINA      4295.15         902175400.42   
BRAZIL         4286.17         900446411.04   
CANADA         4282.76         900489854.80   
CHINA          4290.94         900883641.47   
EGYPT          4283.45         901876203.42   
ETHIOPIA       4287.05         903268027.21   
FRANCE         4291.40         901873062.26   
GERMANY        4284.84         900664155.09   
INDIA          4285.50         900701629.38   
INDONESIA      4277.07         898874193.47   
IRAN           4281.79         900605294.39   
IRAQ           4288.32         899848519.72   
JAPAN          4291.55         897784319.67   
JORDAN         4273.59         894975002.78   
KENYA          4286.13         896661947.13   
MOROCCO        4286.74         901423376.69   
MOZAMBIQUE     4287.12         899201927.36   
PERU           4296.55         903413216.81   
ROMANIA        4287.46         901090824.31   
RUSSIA         4278.44         898514900.55   
SAUDI ARABIA   4285.03         899376175.69   
UNITED KINGDOM 4278.24         900924007.61   
UNITED STATES  4298.42         900913785.97   
VIETNAM        4283.99         898488820.20   
2022-09-17 12:29:56,583 - main.py[line:558] - INFO: relative error:
                avg(c_acctbal)  sum(c_acctbal)
n_name                                        
ALGERIA        0.09            0.09           
ARGENTINA      0.06            0.06           
BRAZIL         0.13            0.13           
CANADA         0.06            0.06           
CHINA          0.10            0.10           
EGYPT          0.05            0.05           
ETHIOPIA       0.10            0.10           
FRANCE         0.08            0.08           
GERMANY        0.06            0.06           
INDIA          0.06            0.06           
INDONESIA      0.09            0.09           
IRAN           0.07            0.07           
IRAQ           0.06            0.06           
JAPAN          0.08            0.08           
JORDAN         0.09            0.09           
KENYA          0.06            0.06           
MOROCCO        0.06            0.06           
MOZAMBIQUE     0.09            0.09           
PERU           0.08            0.08           
ROMANIA        0.08            0.08           
RUSSIA         0.10            0.10           
SAUDI ARABIA   0.06            0.06           
UNITED KINGDOM 0.05            0.05           
UNITED STATES  0.06            0.06           
VIETNAM        0.09            0.09           
2022-09-17 12:29:56,587 - main.py[line:559] - INFO: relative error normalized:
                avg(c_acctbal)  sum(c_acctbal)
n_name                                        
ALGERIA        0.08            0.08           
ARGENTINA      0.06            0.06           
BRAZIL         0.13            0.13           
CANADA         0.06            0.06           
CHINA          0.10            0.10           
EGYPT          0.05            0.05           
ETHIOPIA       0.10            0.10           
FRANCE         0.08            0.08           
GERMANY        0.06            0.06           
INDIA          0.06            0.06           
INDONESIA      0.09            0.09           
IRAN           0.07            0.07           
IRAQ           0.06            0.06           
JAPAN          0.08            0.08           
JORDAN         0.09            0.09           
KENYA          0.06            0.06           
MOROCCO        0.06            0.06           
MOZAMBIQUE     0.09            0.09           
PERU           0.08            0.08           
ROMANIA        0.08            0.08           
RUSSIA         0.10            0.10           
SAUDI ARABIA   0.06            0.06           
UNITED KINGDOM 0.05            0.05           
UNITED STATES  0.05            0.05           
VIETNAM        0.09            0.09           
2022-09-17 12:29:56,587 - main.py[line:562] - INFO: relative error average: 0.07728192583942707
2022-09-17 12:29:56,587 - main.py[line:563] - INFO: relative error normalized average: 0.07418200565059631
2022-09-17 12:29:56,593 - main.py[line:609] - INFO: total_time:11166.51968626096
feature_names: ['c_nationkey_0', 'c_nationkey_1', 'c_nationkey_2', 'c_nationkey_3', 'c_nationkey_4', 'c_nationkey_5']
feature_names: ['c_nationkey_0', 'c_nationkey_1', 'c_nationkey_2', 'c_nationkey_3', 'c_nationkey_4', 'c_nationkey_5']
