main.py:19: FutureWarning: Passing a negative integer is deprecated in version 1.0 and will not be supported in future version. Instead, use None to not limit the column width.
  pd.set_option('max_colwidth', -1)
2023-06-16 11:34:04,191 - main.py[line:628] - INFO: load query config config/tpcds_whole/query/sql58.json successfully
2023-06-16 11:34:04,191 - main.py[line:635] - INFO: load train config ./config/tpcds_whole/train/58_store_sales.json successfully
2023-06-16 11:34:04,191 - main.py[line:635] - INFO: load train config ./config/tpcds_whole/train/86_item.json successfully
2023-06-16 11:34:04,192 - main.py[line:635] - INFO: load train config ./config/tpcds_whole/train/3_date_dim.json successfully
2023-06-16 11:34:04,192 - pytorch_cvae.py[line:249] - INFO: epoch:150
2023-06-16 11:34:04,192 - pytorch_cvae.py[line:250] - INFO: batch size:256
2023-06-16 11:34:04,192 - pytorch_cvae.py[line:251] - INFO: latent dimension:150
2023-06-16 11:34:04,192 - pytorch_cvae.py[line:252] - INFO: intermediate dimension:200
2023-06-16 11:34:04,192 - pytorch_cvae.py[line:253] - INFO: gpu num:0
2023-06-16 11:34:04,192 - dataset_utils.py[line:566] - INFO: load existing dataset:58-store_sales_ss_item_sk#ss_sold_date_sk_ss_ext_sales_price_ss_item_sk_binary_gaussian15_0
2023-06-16 11:34:08,653 - dataset_utils.py[line:578] - INFO: load dataset time elapsed:4.461296174034942
2023-06-16 11:34:08,653 - pytorch_cvae.py[line:258] - INFO: feature info:[('ss_ext_sales_price', 'numerical', 16), ('ss_item_sk', 'categorical', 16), ('ss_sold_date_sk', 'categorical', 12)]
2023-06-16 11:35:33,675 - pytorch_cvae.py[line:170] - INFO: ----------------------------No.1 epoch----------------------------
2023-06-16 11:35:33,675 - pytorch_cvae.py[line:177] - INFO: loss:2188.5076464042068, numeric_loss:61.71670686965808, categorical_loss:733.0572234159335, kld_loss:258560.524964571, epoch_train_time:85.01871842803666
2023-06-16 11:36:58,136 - pytorch_cvae.py[line:170] - INFO: ----------------------------No.2 epoch----------------------------
2023-06-16 11:36:58,136 - pytorch_cvae.py[line:177] - INFO: loss:1363.5932055339217, numeric_loss:40.61490894551389, categorical_loss:125.3209520408418, kld_loss:201141.97738456726, epoch_train_time:84.4611755469814
2023-06-16 11:38:22,709 - pytorch_cvae.py[line:170] - INFO: ----------------------------No.3 epoch----------------------------
2023-06-16 11:38:22,710 - pytorch_cvae.py[line:177] - INFO: loss:1464.3479855656624, numeric_loss:43.35036580846645, categorical_loss:132.8158366519492, kld_loss:196051.0909023285, epoch_train_time:84.57304197200574
2023-06-16 11:39:47,539 - pytorch_cvae.py[line:170] - INFO: ----------------------------No.4 epoch----------------------------
2023-06-16 11:39:47,539 - pytorch_cvae.py[line:177] - INFO: loss:1576.1767755001783, numeric_loss:46.46810762840323, categorical_loss:143.63558235182427, kld_loss:191352.6731109619, epoch_train_time:84.82901038904674
2023-06-16 11:41:11,605 - pytorch_cvae.py[line:170] - INFO: ----------------------------No.5 epoch----------------------------
2023-06-16 11:41:11,605 - pytorch_cvae.py[line:177] - INFO: loss:1698.4139592945576, numeric_loss:49.89146377076395, categorical_loss:156.00514683080837, kld_loss:187093.36029434204, epoch_train_time:84.065731879964
2023-06-16 11:42:35,311 - pytorch_cvae.py[line:170] - INFO: ----------------------------No.6 epoch----------------------------
2023-06-16 11:42:35,311 - pytorch_cvae.py[line:177] - INFO: loss:1831.0781599134207, numeric_loss:53.7718586246483, categorical_loss:171.23183943191543, kld_loss:182990.9162082672, epoch_train_time:83.70562334201531
2023-06-16 11:43:59,309 - pytorch_cvae.py[line:170] - INFO: ----------------------------No.7 epoch----------------------------
2023-06-16 11:43:59,309 - pytorch_cvae.py[line:177] - INFO: loss:1972.409529671073, numeric_loss:58.05470184190199, categorical_loss:187.54932787362486, kld_loss:179005.53668403625, epoch_train_time:83.99797012499766
2023-06-16 11:45:23,336 - pytorch_cvae.py[line:170] - INFO: ----------------------------No.8 epoch----------------------------
2023-06-16 11:45:23,336 - pytorch_cvae.py[line:177] - INFO: loss:2126.6594427376986, numeric_loss:62.75666750269011, categorical_loss:206.60759824095294, kld_loss:175346.63544654846, epoch_train_time:84.02672559797065
2023-06-16 11:46:46,869 - pytorch_cvae.py[line:170] - INFO: ----------------------------No.9 epoch----------------------------
2023-06-16 11:46:46,870 - pytorch_cvae.py[line:177] - INFO: loss:2290.3408865630627, numeric_loss:67.9850491322577, categorical_loss:227.36278999829665, kld_loss:171706.07586479187, epoch_train_time:83.53324315598002
2023-06-16 11:48:11,110 - pytorch_cvae.py[line:170] - INFO: ----------------------------No.10 epoch----------------------------
2023-06-16 11:48:11,110 - pytorch_cvae.py[line:177] - INFO: loss:2467.3833711594343, numeric_loss:73.69996651262045, categorical_loss:252.18117959424853, kld_loss:168199.55844306946, epoch_train_time:84.23978720896412
2023-06-16 11:49:35,112 - pytorch_cvae.py[line:170] - INFO: ----------------------------No.11 epoch----------------------------
2023-06-16 11:49:35,112 - pytorch_cvae.py[line:177] - INFO: loss:2653.6904755085707, numeric_loss:79.63173802895471, categorical_loss:277.7248799139634, kld_loss:164754.6534538269, epoch_train_time:84.002362462983
2023-06-16 11:50:59,240 - pytorch_cvae.py[line:170] - INFO: ----------------------------No.12 epoch----------------------------
2023-06-16 11:50:59,241 - pytorch_cvae.py[line:177] - INFO: loss:2852.40246874094, numeric_loss:86.11492376215756, categorical_loss:306.99228623881936, kld_loss:161340.7163362503, epoch_train_time:84.12788414699025
2023-06-16 11:52:23,542 - pytorch_cvae.py[line:170] - INFO: ----------------------------No.13 epoch----------------------------
2023-06-16 11:52:23,542 - pytorch_cvae.py[line:177] - INFO: loss:3060.092284142971, numeric_loss:93.50664425361902, categorical_loss:339.29361879080534, kld_loss:157763.5250120163, epoch_train_time:84.30145869200351
2023-06-16 11:53:47,768 - pytorch_cvae.py[line:170] - INFO: ----------------------------No.14 epoch----------------------------
2023-06-16 11:53:47,769 - pytorch_cvae.py[line:177] - INFO: loss:3286.351962685585, numeric_loss:101.26902581239119, categorical_loss:376.4576344098896, kld_loss:154522.34590244293, epoch_train_time:84.22608202998526
2023-06-16 11:55:13,330 - pytorch_cvae.py[line:170] - INFO: ----------------------------No.15 epoch----------------------------
2023-06-16 11:55:13,330 - pytorch_cvae.py[line:177] - INFO: loss:3524.6572230756283, numeric_loss:109.76063097082078, categorical_loss:419.6704757362604, kld_loss:151133.46375656128, epoch_train_time:85.56076535698958
2023-06-16 11:56:38,569 - pytorch_cvae.py[line:170] - INFO: ----------------------------No.16 epoch----------------------------
2023-06-16 11:56:38,569 - pytorch_cvae.py[line:177] - INFO: loss:3774.861797094345, numeric_loss:118.86773041263223, categorical_loss:465.1042340938002, kld_loss:147812.32621097565, epoch_train_time:85.23916627303697
2023-06-16 11:58:03,382 - pytorch_cvae.py[line:170] - INFO: ----------------------------No.17 epoch----------------------------
2023-06-16 11:58:03,383 - pytorch_cvae.py[line:177] - INFO: loss:4039.6502919495106, numeric_loss:128.7573056286201, categorical_loss:517.6583672743291, kld_loss:144449.10299396515, epoch_train_time:84.81314023397863
2023-06-16 11:59:28,385 - pytorch_cvae.py[line:170] - INFO: ----------------------------No.18 epoch----------------------------
2023-06-16 11:59:28,385 - pytorch_cvae.py[line:177] - INFO: loss:4313.831513166428, numeric_loss:139.66020067036152, categorical_loss:577.683903362602, kld_loss:140836.72101306915, epoch_train_time:85.0019393810071
2023-06-16 12:00:52,955 - pytorch_cvae.py[line:170] - INFO: ----------------------------No.19 epoch----------------------------
2023-06-16 12:00:52,956 - pytorch_cvae.py[line:177] - INFO: loss:4596.078920274973, numeric_loss:150.77327173110098, categorical_loss:642.6407851055264, kld_loss:137118.51486110687, epoch_train_time:84.57034806796582
2023-06-16 12:02:16,613 - pytorch_cvae.py[line:170] - INFO: ----------------------------No.20 epoch----------------------------
2023-06-16 12:02:16,613 - pytorch_cvae.py[line:177] - INFO: loss:4895.952805370092, numeric_loss:163.10845543351024, categorical_loss:718.1201407983899, kld_loss:133434.69528388977, epoch_train_time:83.65747751900926
2023-06-16 12:03:39,726 - pytorch_cvae.py[line:170] - INFO: ----------------------------No.21 epoch----------------------------
2023-06-16 12:03:39,726 - pytorch_cvae.py[line:177] - INFO: loss:5206.27976706624, numeric_loss:176.15842747408897, categorical_loss:798.9000148400664, kld_loss:129753.20084953308, epoch_train_time:83.112902538036
2023-06-16 12:05:03,491 - pytorch_cvae.py[line:170] - INFO: ----------------------------No.22 epoch----------------------------
2023-06-16 12:05:03,491 - pytorch_cvae.py[line:177] - INFO: loss:5529.86675298214, numeric_loss:190.3049737289548, categorical_loss:891.616159889847, kld_loss:125975.29746055603, epoch_train_time:83.76453004102223
2023-06-16 12:06:27,211 - pytorch_cvae.py[line:170] - INFO: ----------------------------No.23 epoch----------------------------
2023-06-16 12:06:27,211 - pytorch_cvae.py[line:177] - INFO: loss:5873.674403190613, numeric_loss:205.15704202838242, categorical_loss:996.5363993085921, kld_loss:122330.53836250305, epoch_train_time:83.71923724602675
2023-06-16 12:07:51,485 - pytorch_cvae.py[line:170] - INFO: ----------------------------No.24 epoch----------------------------
2023-06-16 12:07:51,485 - pytorch_cvae.py[line:177] - INFO: loss:6231.099755883217, numeric_loss:221.24687206558883, categorical_loss:1118.2086876481771, kld_loss:118530.7055311203, epoch_train_time:84.27410617202986
2023-06-16 12:09:15,412 - pytorch_cvae.py[line:170] - INFO: ----------------------------No.25 epoch----------------------------
2023-06-16 12:09:15,412 - pytorch_cvae.py[line:177] - INFO: loss:6599.393110513687, numeric_loss:238.47561656683683, categorical_loss:1253.3258066475391, kld_loss:114648.57606506348, epoch_train_time:83.92664296901785
2023-06-16 12:10:39,295 - pytorch_cvae.py[line:170] - INFO: ----------------------------No.26 epoch----------------------------
2023-06-16 12:10:39,295 - pytorch_cvae.py[line:177] - INFO: loss:6982.730217635632, numeric_loss:256.82611518353224, categorical_loss:1412.1163657605648, kld_loss:110603.13481426239, epoch_train_time:83.88252891000593
2023-06-16 12:12:03,376 - pytorch_cvae.py[line:170] - INFO: ----------------------------No.27 epoch----------------------------
2023-06-16 12:12:03,376 - pytorch_cvae.py[line:177] - INFO: loss:7375.409359693527, numeric_loss:276.329307442531, categorical_loss:1597.3537467941642, kld_loss:106293.64097499847, epoch_train_time:84.08061409997754
2023-06-16 12:13:27,401 - pytorch_cvae.py[line:170] - INFO: ----------------------------No.28 epoch----------------------------
2023-06-16 12:13:27,401 - pytorch_cvae.py[line:177] - INFO: loss:7781.368885397911, numeric_loss:296.4029779713601, categorical_loss:1814.1403135061264, kld_loss:101796.76161766052, epoch_train_time:84.02484778600046
2023-06-16 12:14:51,791 - pytorch_cvae.py[line:170] - INFO: ----------------------------No.29 epoch----------------------------
2023-06-16 12:14:51,791 - pytorch_cvae.py[line:177] - INFO: loss:8183.346568346024, numeric_loss:318.6467365473509, categorical_loss:2067.3846453279257, kld_loss:96789.49635696411, epoch_train_time:84.38988475804217
2023-06-16 12:16:15,766 - pytorch_cvae.py[line:170] - INFO: ----------------------------No.30 epoch----------------------------
2023-06-16 12:16:15,766 - pytorch_cvae.py[line:177] - INFO: loss:8574.617061555386, numeric_loss:341.4196526315063, categorical_loss:2318.5436195135117, kld_loss:91934.51296424866, epoch_train_time:83.9742687040125
2023-06-16 12:17:39,773 - pytorch_cvae.py[line:170] - INFO: ----------------------------No.31 epoch----------------------------
2023-06-16 12:17:39,773 - pytorch_cvae.py[line:177] - INFO: loss:8983.061252713203, numeric_loss:366.4199403319508, categorical_loss:2669.7895405888557, kld_loss:86142.72797966003, epoch_train_time:84.00716908997856
2023-06-16 12:19:03,965 - pytorch_cvae.py[line:170] - INFO: ----------------------------No.32 epoch----------------------------
2023-06-16 12:19:03,965 - pytorch_cvae.py[line:177] - INFO: loss:9386.41433596611, numeric_loss:392.0334911495447, categorical_loss:3146.6701564490795, kld_loss:79019.43278837204, epoch_train_time:84.19167195202317
2023-06-16 12:20:28,135 - pytorch_cvae.py[line:170] - INFO: ----------------------------No.33 epoch----------------------------
2023-06-16 12:20:28,136 - pytorch_cvae.py[line:177] - INFO: loss:9771.064979434013, numeric_loss:419.9905636329204, categorical_loss:3836.986165314913, kld_loss:69578.09939050674, epoch_train_time:84.16997459199047
2023-06-16 12:21:52,213 - pytorch_cvae.py[line:170] - INFO: ----------------------------No.34 epoch----------------------------
2023-06-16 12:21:52,213 - pytorch_cvae.py[line:177] - INFO: loss:10100.104484081268, numeric_loss:448.4338312521577, categorical_loss:5007.3657839000225, kld_loss:54777.81616020203, epoch_train_time:84.07734843395883
2023-06-16 12:23:15,602 - pytorch_cvae.py[line:170] - INFO: ----------------------------No.35 epoch----------------------------
2023-06-16 12:23:15,603 - pytorch_cvae.py[line:177] - INFO: loss:10330.016945540905, numeric_loss:477.66779538989067, categorical_loss:6124.127512574196, kld_loss:41143.86684346199, epoch_train_time:83.38915642700158
2023-06-16 12:24:40,685 - pytorch_cvae.py[line:170] - INFO: ----------------------------No.36 epoch----------------------------
2023-06-16 12:24:40,685 - pytorch_cvae.py[line:177] - INFO: loss:10541.886381447315, numeric_loss:509.65841943770647, categorical_loss:6447.514701068401, kld_loss:37051.98806142807, epoch_train_time:85.08191897702636
2023-06-16 12:26:06,124 - pytorch_cvae.py[line:170] - INFO: ----------------------------No.37 epoch----------------------------
2023-06-16 12:26:06,124 - pytorch_cvae.py[line:177] - INFO: loss:10762.200159490108, numeric_loss:544.4973232969642, categorical_loss:6590.237042248249, kld_loss:35151.87113237381, epoch_train_time:85.43873959203484
2023-06-16 12:27:31,129 - pytorch_cvae.py[line:170] - INFO: ----------------------------No.38 epoch----------------------------
2023-06-16 12:27:31,130 - pytorch_cvae.py[line:177] - INFO: loss:10985.555990099907, numeric_loss:581.0357170701027, categorical_loss:6681.9826592803, kld_loss:33853.72741937637, epoch_train_time:85.00545080099255
2023-06-16 12:28:55,229 - pytorch_cvae.py[line:170] - INFO: ----------------------------No.39 epoch----------------------------
2023-06-16 12:28:55,229 - pytorch_cvae.py[line:177] - INFO: loss:11213.733284831047, numeric_loss:620.7147398293018, categorical_loss:6773.686245501041, kld_loss:32629.576773881912, epoch_train_time:84.09920619102195
2023-06-16 12:30:20,447 - pytorch_cvae.py[line:170] - INFO: ----------------------------No.40 epoch----------------------------
2023-06-16 12:30:20,447 - pytorch_cvae.py[line:177] - INFO: loss:11448.714436292648, numeric_loss:643.1948063112795, categorical_loss:6842.129186689854, kld_loss:31840.637249946594, epoch_train_time:85.21767346200068
2023-06-16 12:31:45,429 - pytorch_cvae.py[line:170] - INFO: ----------------------------No.41 epoch----------------------------
2023-06-16 12:31:45,429 - pytorch_cvae.py[line:177] - INFO: loss:11683.108835458755, numeric_loss:645.9252348653972, categorical_loss:6877.333174109459, kld_loss:31457.037474393845, epoch_train_time:84.98184947198024
2023-06-16 12:33:10,806 - pytorch_cvae.py[line:170] - INFO: ----------------------------No.42 epoch----------------------------
2023-06-16 12:33:10,806 - pytorch_cvae.py[line:177] - INFO: loss:11928.519414901733, numeric_loss:645.9141184687614, categorical_loss:6905.836430549622, kld_loss:31185.534205913544, epoch_train_time:85.376535065996
2023-06-16 12:34:35,795 - pytorch_cvae.py[line:170] - INFO: ----------------------------No.43 epoch----------------------------
2023-06-16 12:34:35,795 - pytorch_cvae.py[line:177] - INFO: loss:12187.531888365746, numeric_loss:645.7774231098592, categorical_loss:6941.10574734211, kld_loss:30918.071691036224, epoch_train_time:84.9885108290473
2023-06-16 12:36:00,481 - pytorch_cvae.py[line:170] - INFO: ----------------------------No.44 epoch----------------------------
2023-06-16 12:36:00,481 - pytorch_cvae.py[line:177] - INFO: loss:12450.269121170044, numeric_loss:645.8250480107963, categorical_loss:6976.014401495457, kld_loss:30635.665300130844, epoch_train_time:84.68631277099485
2023-06-16 12:37:25,016 - pytorch_cvae.py[line:170] - INFO: ----------------------------No.45 epoch----------------------------
2023-06-16 12:37:25,016 - pytorch_cvae.py[line:177] - INFO: loss:12725.36759352684, numeric_loss:645.6702955365181, categorical_loss:7012.14329713583, kld_loss:30386.601815462112, epoch_train_time:84.53417052602163
2023-06-16 12:38:49,249 - pytorch_cvae.py[line:170] - INFO: ----------------------------No.46 epoch----------------------------
2023-06-16 12:38:49,249 - pytorch_cvae.py[line:177] - INFO: loss:13010.878904819489, numeric_loss:645.6539943665266, categorical_loss:7053.995956003666, kld_loss:30128.35671019554, epoch_train_time:84.23288838204462
2023-06-16 12:40:13,102 - pytorch_cvae.py[line:170] - INFO: ----------------------------No.47 epoch----------------------------
2023-06-16 12:40:13,102 - pytorch_cvae.py[line:177] - INFO: loss:13297.785091996193, numeric_loss:645.6719321534038, categorical_loss:7093.313350498676, kld_loss:29860.1790766716, epoch_train_time:83.85258393699769
2023-06-16 12:41:36,884 - pytorch_cvae.py[line:170] - INFO: ----------------------------No.48 epoch----------------------------
2023-06-16 12:41:36,884 - pytorch_cvae.py[line:177] - INFO: loss:13598.598365783691, numeric_loss:645.5659413076937, categorical_loss:7137.792601287365, kld_loss:29610.397201538086, epoch_train_time:83.78195242298534
2023-06-16 12:43:00,801 - pytorch_cvae.py[line:170] - INFO: ----------------------------No.49 epoch----------------------------
2023-06-16 12:43:00,801 - pytorch_cvae.py[line:177] - INFO: loss:13911.115641951561, numeric_loss:645.6446379162371, categorical_loss:7188.533393502235, kld_loss:29360.32904934883, epoch_train_time:83.91680910502328
2023-06-16 12:44:24,554 - pytorch_cvae.py[line:170] - INFO: ----------------------------No.50 epoch----------------------------
2023-06-16 12:44:24,554 - pytorch_cvae.py[line:177] - INFO: loss:14225.549341082573, numeric_loss:645.530649073422, categorical_loss:7237.169252753258, kld_loss:29106.7958176136, epoch_train_time:83.75204567494802
2023-06-16 12:45:47,851 - pytorch_cvae.py[line:170] - INFO: ----------------------------No.51 epoch----------------------------
2023-06-16 12:45:47,851 - pytorch_cvae.py[line:177] - INFO: loss:14549.095759510994, numeric_loss:645.5779393576086, categorical_loss:7289.593032896519, kld_loss:28856.08261489868, epoch_train_time:83.29673670901684
2023-06-16 12:47:10,704 - pytorch_cvae.py[line:170] - INFO: ----------------------------No.52 epoch----------------------------
2023-06-16 12:47:10,705 - pytorch_cvae.py[line:177] - INFO: loss:14876.951968073845, numeric_loss:645.477866012603, categorical_loss:7345.450493633747, kld_loss:28592.296980381012, epoch_train_time:82.85344601201359
2023-06-16 12:48:34,445 - pytorch_cvae.py[line:170] - INFO: ----------------------------No.53 epoch----------------------------
2023-06-16 12:48:34,445 - pytorch_cvae.py[line:177] - INFO: loss:15217.173033356667, numeric_loss:645.5266521088779, categorical_loss:7405.579011082649, kld_loss:28346.415909051895, epoch_train_time:83.74047950503882
2023-06-16 12:49:58,715 - pytorch_cvae.py[line:170] - INFO: ----------------------------No.54 epoch----------------------------
2023-06-16 12:49:58,715 - pytorch_cvae.py[line:177] - INFO: loss:15558.862055420876, numeric_loss:645.437960986048, categorical_loss:7468.080967843533, kld_loss:28084.90664243698, epoch_train_time:84.26914942701114
2023-06-16 12:51:22,432 - pytorch_cvae.py[line:170] - INFO: ----------------------------No.55 epoch----------------------------
2023-06-16 12:51:22,432 - pytorch_cvae.py[line:177] - INFO: loss:15911.034773111343, numeric_loss:645.5885717496276, categorical_loss:7534.912517607212, kld_loss:27835.758459568024, epoch_train_time:83.71716287301388
2023-06-16 12:52:46,344 - pytorch_cvae.py[line:170] - INFO: ----------------------------No.56 epoch----------------------------
2023-06-16 12:52:46,344 - pytorch_cvae.py[line:177] - INFO: loss:16268.031422019005, numeric_loss:645.4528088308871, categorical_loss:7604.467335402966, kld_loss:27587.0495262146, epoch_train_time:83.91130719700595
2023-06-16 12:54:10,551 - pytorch_cvae.py[line:170] - INFO: ----------------------------No.57 epoch----------------------------
2023-06-16 12:54:10,551 - pytorch_cvae.py[line:177] - INFO: loss:16623.372758746147, numeric_loss:645.4921091906726, categorical_loss:7675.7771074175835, kld_loss:27320.913677692413, epoch_train_time:84.20719944196753
2023-06-16 12:55:34,559 - pytorch_cvae.py[line:170] - INFO: ----------------------------No.58 epoch----------------------------
2023-06-16 12:55:34,559 - pytorch_cvae.py[line:177] - INFO: loss:16989.78599023819, numeric_loss:645.4440414197743, categorical_loss:7753.5576429367065, kld_loss:27067.49498605728, epoch_train_time:84.00761642202269
2023-06-16 12:56:59,044 - pytorch_cvae.py[line:170] - INFO: ----------------------------No.59 epoch----------------------------
2023-06-16 12:56:59,044 - pytorch_cvae.py[line:177] - INFO: loss:17358.306957244873, numeric_loss:645.4402340501547, categorical_loss:7835.233576536179, kld_loss:26807.41462111473, epoch_train_time:84.48482435900951
2023-06-16 12:58:23,034 - pytorch_cvae.py[line:170] - INFO: ----------------------------No.60 epoch----------------------------
2023-06-16 12:58:23,034 - pytorch_cvae.py[line:177] - INFO: loss:17726.756100296974, numeric_loss:645.3488964736462, categorical_loss:7912.679287850857, kld_loss:26560.950936317444, epoch_train_time:83.9898400309612
2023-06-16 12:59:48,037 - pytorch_cvae.py[line:170] - INFO: ----------------------------No.61 epoch----------------------------
2023-06-16 12:59:48,037 - pytorch_cvae.py[line:177] - INFO: loss:18100.277999401093, numeric_loss:645.3142424561083, categorical_loss:8006.011694014072, kld_loss:26286.28590774536, epoch_train_time:85.00257122097537
2023-06-16 13:01:13,230 - pytorch_cvae.py[line:170] - INFO: ----------------------------No.62 epoch----------------------------
2023-06-16 13:01:13,230 - pytorch_cvae.py[line:177] - INFO: loss:18479.6291410923, numeric_loss:645.2923411801457, categorical_loss:8097.905169606209, kld_loss:26036.9899559021, epoch_train_time:85.1930391350179
2023-06-16 13:02:37,139 - pytorch_cvae.py[line:170] - INFO: ----------------------------No.63 epoch----------------------------
2023-06-16 13:02:37,139 - pytorch_cvae.py[line:177] - INFO: loss:18854.286101579666, numeric_loss:645.2986091971397, categorical_loss:8187.8725246191025, kld_loss:25786.160392045975, epoch_train_time:83.90857604902703
2023-06-16 13:04:00,862 - pytorch_cvae.py[line:170] - INFO: ----------------------------No.64 epoch----------------------------
2023-06-16 13:04:00,862 - pytorch_cvae.py[line:177] - INFO: loss:19239.940449476242, numeric_loss:645.2162118293345, categorical_loss:8289.68775099516, kld_loss:25540.77697944641, epoch_train_time:83.72213466500398
2023-06-16 13:05:24,448 - pytorch_cvae.py[line:170] - INFO: ----------------------------No.65 epoch----------------------------
2023-06-16 13:05:24,448 - pytorch_cvae.py[line:177] - INFO: loss:19618.369810938835, numeric_loss:645.1519340798259, categorical_loss:8396.187150478363, kld_loss:25275.316148996353, epoch_train_time:83.58606866397895
2023-06-16 13:06:48,725 - pytorch_cvae.py[line:170] - INFO: ----------------------------No.66 epoch----------------------------
2023-06-16 13:06:48,725 - pytorch_cvae.py[line:177] - INFO: loss:19992.128262758255, numeric_loss:645.2326152436435, categorical_loss:8501.702379643917, kld_loss:25012.244797468185, epoch_train_time:84.27704050700413
2023-06-16 13:08:12,469 - pytorch_cvae.py[line:170] - INFO: ----------------------------No.67 epoch----------------------------
2023-06-16 13:08:12,470 - pytorch_cvae.py[line:177] - INFO: loss:20371.017241835594, numeric_loss:645.125995516777, categorical_loss:8608.588011980057, kld_loss:24770.32282757759, epoch_train_time:83.74389883398544
2023-06-16 13:09:36,407 - pytorch_cvae.py[line:170] - INFO: ----------------------------No.68 epoch----------------------------
2023-06-16 13:09:36,407 - pytorch_cvae.py[line:177] - INFO: loss:20750.169636964798, numeric_loss:645.163738951087, categorical_loss:8727.785882771015, kld_loss:24514.300732135773, epoch_train_time:83.93749892397318
2023-06-16 13:11:00,565 - pytorch_cvae.py[line:170] - INFO: ----------------------------No.69 epoch----------------------------
2023-06-16 13:11:00,565 - pytorch_cvae.py[line:177] - INFO: loss:21123.194906830788, numeric_loss:645.1083700433373, categorical_loss:8846.596442103386, kld_loss:24260.745272397995, epoch_train_time:84.15735068696085
2023-06-16 13:12:23,943 - pytorch_cvae.py[line:170] - INFO: ----------------------------No.70 epoch----------------------------
2023-06-16 13:12:23,943 - pytorch_cvae.py[line:177] - INFO: loss:21483.66091287136, numeric_loss:645.2088750526309, categorical_loss:8974.363898694515, kld_loss:23978.547864675522, epoch_train_time:83.37763544899644
2023-06-16 13:13:47,258 - pytorch_cvae.py[line:170] - INFO: ----------------------------No.71 epoch----------------------------
2023-06-16 13:13:47,258 - pytorch_cvae.py[line:177] - INFO: loss:21840.814418315887, numeric_loss:645.1461662910879, categorical_loss:9091.339565098286, kld_loss:23729.208221912384, epoch_train_time:83.31506827904377
2023-06-16 13:15:11,203 - pytorch_cvae.py[line:170] - INFO: ----------------------------No.72 epoch----------------------------
2023-06-16 13:15:11,203 - pytorch_cvae.py[line:177] - INFO: loss:22215.149723768234, numeric_loss:645.059798642993, categorical_loss:9229.206873178482, kld_loss:23489.678502082825, epoch_train_time:83.9442159429891
2023-06-16 13:16:35,259 - pytorch_cvae.py[line:170] - INFO: ----------------------------No.73 epoch----------------------------
2023-06-16 13:16:35,259 - pytorch_cvae.py[line:177] - INFO: loss:22566.56190609932, numeric_loss:645.0955658517778, categorical_loss:9364.313113451004, kld_loss:23229.756020069122, epoch_train_time:84.05583770398516
2023-06-16 13:17:59,355 - pytorch_cvae.py[line:170] - INFO: ----------------------------No.74 epoch----------------------------
2023-06-16 13:17:59,355 - pytorch_cvae.py[line:177] - INFO: loss:22903.179797410965, numeric_loss:645.0032713674009, categorical_loss:9501.780491888523, kld_loss:22958.22594165802, epoch_train_time:84.09562104399083
2023-06-16 13:19:23,874 - pytorch_cvae.py[line:170] - INFO: ----------------------------No.75 epoch----------------------------
2023-06-16 13:19:23,874 - pytorch_cvae.py[line:177] - INFO: loss:23246.85686993599, numeric_loss:645.0071016326547, categorical_loss:9646.04977196455, kld_loss:22707.3151743412, epoch_train_time:84.51848279696424
2023-06-16 13:20:47,978 - pytorch_cvae.py[line:170] - INFO: ----------------------------No.76 epoch----------------------------
2023-06-16 13:20:47,978 - pytorch_cvae.py[line:177] - INFO: loss:23571.899026870728, numeric_loss:645.0064527541399, categorical_loss:9793.85892444849, kld_loss:22438.41024875641, epoch_train_time:84.10425677598687
2023-06-16 13:22:12,917 - pytorch_cvae.py[line:170] - INFO: ----------------------------No.77 epoch----------------------------
2023-06-16 13:22:12,918 - pytorch_cvae.py[line:177] - INFO: loss:23904.012390375137, numeric_loss:645.0139313302934, categorical_loss:9949.742850601673, kld_loss:22189.145531773567, epoch_train_time:84.93909785698634
2023-06-16 13:23:38,067 - pytorch_cvae.py[line:170] - INFO: ----------------------------No.78 epoch----------------------------
2023-06-16 13:23:38,067 - pytorch_cvae.py[line:177] - INFO: loss:24209.058799266815, numeric_loss:644.8524164259434, categorical_loss:10093.536989569664, kld_loss:21936.638361096382, epoch_train_time:85.14905861299485
2023-06-16 13:25:03,089 - pytorch_cvae.py[line:170] - INFO: ----------------------------No.79 epoch----------------------------
2023-06-16 13:25:03,089 - pytorch_cvae.py[line:177] - INFO: loss:24512.596616268158, numeric_loss:644.9203714393079, categorical_loss:10243.594711780548, kld_loss:21692.84422492981, epoch_train_time:85.02214736898895
2023-06-16 13:26:27,974 - pytorch_cvae.py[line:170] - INFO: ----------------------------No.80 epoch----------------------------
2023-06-16 13:26:27,974 - pytorch_cvae.py[line:177] - INFO: loss:24798.709099292755, numeric_loss:644.8191944994032, categorical_loss:10385.231581807137, kld_loss:21456.731050252914, epoch_train_time:84.88454999000533
2023-06-16 13:27:51,966 - pytorch_cvae.py[line:170] - INFO: ----------------------------No.81 epoch----------------------------
2023-06-16 13:27:51,966 - pytorch_cvae.py[line:177] - INFO: loss:25069.923981666565, numeric_loss:644.8312347754836, categorical_loss:10522.81141680479, kld_loss:21225.356248497963, epoch_train_time:83.99138838500949
2023-06-16 13:29:15,876 - pytorch_cvae.py[line:170] - INFO: ----------------------------No.82 epoch----------------------------
2023-06-16 13:29:15,876 - pytorch_cvae.py[line:177] - INFO: loss:25334.815524339676, numeric_loss:644.8032600916922, categorical_loss:10669.951238274574, kld_loss:20991.818905115128, epoch_train_time:83.91005005600164
2023-06-16 13:30:39,388 - pytorch_cvae.py[line:170] - INFO: ----------------------------No.83 epoch----------------------------
2023-06-16 13:30:39,388 - pytorch_cvae.py[line:177] - INFO: loss:25581.714415550232, numeric_loss:644.7649016082287, categorical_loss:10807.276108264923, kld_loss:20768.15078353882, epoch_train_time:83.51140904799104
2023-06-16 13:32:03,979 - pytorch_cvae.py[line:170] - INFO: ----------------------------No.84 epoch----------------------------
2023-06-16 13:32:03,979 - pytorch_cvae.py[line:177] - INFO: loss:25839.69925260544, numeric_loss:644.7042376250029, categorical_loss:10965.512106955051, kld_loss:20552.028401255608, epoch_train_time:84.59033784095664
2023-06-16 13:33:28,374 - pytorch_cvae.py[line:170] - INFO: ----------------------------No.85 epoch----------------------------
2023-06-16 13:33:28,374 - pytorch_cvae.py[line:177] - INFO: loss:26068.34072446823, numeric_loss:644.6278835348785, categorical_loss:11117.588070690632, kld_loss:20324.5865752697, epoch_train_time:84.39478268497624
2023-06-16 13:34:52,768 - pytorch_cvae.py[line:170] - INFO: ----------------------------No.86 epoch----------------------------
2023-06-16 13:34:52,769 - pytorch_cvae.py[line:177] - INFO: loss:26291.04612159729, numeric_loss:644.6187824271619, categorical_loss:11264.25862210989, kld_loss:20118.356758475304, epoch_train_time:84.39453129598405
2023-06-16 13:36:16,806 - pytorch_cvae.py[line:170] - INFO: ----------------------------No.87 epoch----------------------------
2023-06-16 13:36:16,806 - pytorch_cvae.py[line:177] - INFO: loss:26503.090062379837, numeric_loss:644.514492187649, categorical_loss:11414.13138794899, kld_loss:19914.60483789444, epoch_train_time:84.03711343597388
2023-06-16 13:37:41,208 - pytorch_cvae.py[line:170] - INFO: ----------------------------No.88 epoch----------------------------
2023-06-16 13:37:41,208 - pytorch_cvae.py[line:177] - INFO: loss:26695.693104743958, numeric_loss:644.6063500083983, categorical_loss:11553.31532406807, kld_loss:19720.10110247135, epoch_train_time:84.40149739495246
2023-06-16 13:39:05,156 - pytorch_cvae.py[line:170] - INFO: ----------------------------No.89 epoch----------------------------
2023-06-16 13:39:05,156 - pytorch_cvae.py[line:177] - INFO: loss:26888.089238882065, numeric_loss:644.4985524080694, categorical_loss:11699.257666409016, kld_loss:19537.681892871857, epoch_train_time:83.94828809803585
2023-06-16 13:40:29,060 - pytorch_cvae.py[line:170] - INFO: ----------------------------No.90 epoch----------------------------
2023-06-16 13:40:29,060 - pytorch_cvae.py[line:177] - INFO: loss:27052.13169193268, numeric_loss:644.474033292383, categorical_loss:11838.09221380949, kld_loss:19347.79295217991, epoch_train_time:83.90364150999812
2023-06-16 13:41:52,791 - pytorch_cvae.py[line:170] - INFO: ----------------------------No.91 epoch----------------------------
2023-06-16 13:41:52,791 - pytorch_cvae.py[line:177] - INFO: loss:27197.007308244705, numeric_loss:644.4738864898682, categorical_loss:11952.679168224335, kld_loss:19185.506316661835, epoch_train_time:83.73015989700798
2023-06-16 13:43:16,396 - pytorch_cvae.py[line:170] - INFO: ----------------------------No.92 epoch----------------------------
2023-06-16 13:43:16,396 - pytorch_cvae.py[line:177] - INFO: loss:27329.997697353363, numeric_loss:644.542198561132, categorical_loss:12077.25877970457, kld_loss:19014.96640765667, epoch_train_time:83.60470463900128
2023-06-16 13:44:39,869 - pytorch_cvae.py[line:170] - INFO: ----------------------------No.93 epoch----------------------------
2023-06-16 13:44:39,869 - pytorch_cvae.py[line:177] - INFO: loss:27451.683298826218, numeric_loss:644.507266830653, categorical_loss:12180.758152663708, kld_loss:18877.541061997414, epoch_train_time:83.47344400500879
2023-06-16 13:46:03,421 - pytorch_cvae.py[line:170] - INFO: ----------------------------No.94 epoch----------------------------
2023-06-16 13:46:03,421 - pytorch_cvae.py[line:177] - INFO: loss:27566.90728878975, numeric_loss:644.4404154382646, categorical_loss:12299.269330859184, kld_loss:18732.36323404312, epoch_train_time:83.55157500802306
2023-06-16 13:47:27,100 - pytorch_cvae.py[line:170] - INFO: ----------------------------No.95 epoch----------------------------
2023-06-16 13:47:27,100 - pytorch_cvae.py[line:177] - INFO: loss:27664.593281030655, numeric_loss:644.5268511287868, categorical_loss:12397.912132263184, kld_loss:18609.670481562614, epoch_train_time:83.67831856699195
2023-06-16 13:48:50,583 - pytorch_cvae.py[line:170] - INFO: ----------------------------No.96 epoch----------------------------
2023-06-16 13:48:50,583 - pytorch_cvae.py[line:177] - INFO: loss:27733.57062458992, numeric_loss:644.52546171844, categorical_loss:12465.352676987648, kld_loss:18509.544672608376, epoch_train_time:83.48292225197656
2023-06-16 13:50:14,812 - pytorch_cvae.py[line:170] - INFO: ----------------------------No.97 epoch----------------------------
2023-06-16 13:50:14,812 - pytorch_cvae.py[line:177] - INFO: loss:27809.93699645996, numeric_loss:644.5432947911322, categorical_loss:12539.443747520447, kld_loss:18429.283507466316, epoch_train_time:84.22854304598877
2023-06-16 13:51:38,554 - pytorch_cvae.py[line:170] - INFO: ----------------------------No.98 epoch----------------------------
2023-06-16 13:51:38,555 - pytorch_cvae.py[line:177] - INFO: loss:27853.010312318802, numeric_loss:644.5328967906535, categorical_loss:12586.52878677845, kld_loss:18359.868921518326, epoch_train_time:83.74239859799854
2023-06-16 13:53:02,093 - pytorch_cvae.py[line:170] - INFO: ----------------------------No.99 epoch----------------------------
2023-06-16 13:53:02,093 - pytorch_cvae.py[line:177] - INFO: loss:27898.314167022705, numeric_loss:644.5286266803741, categorical_loss:12615.896018624306, kld_loss:18333.9933604002, epoch_train_time:83.53809879499022
2023-06-16 13:54:26,281 - pytorch_cvae.py[line:170] - INFO: ----------------------------No.100 epoch----------------------------
2023-06-16 13:54:26,282 - pytorch_cvae.py[line:177] - INFO: loss:27914.306310415268, numeric_loss:644.4423002637923, categorical_loss:12639.506343007088, kld_loss:18297.09279179573, epoch_train_time:84.18828676803969
2023-06-16 13:55:49,936 - pytorch_cvae.py[line:170] - INFO: ----------------------------No.101 epoch----------------------------
2023-06-16 13:55:49,936 - pytorch_cvae.py[line:177] - INFO: loss:27922.275230646133, numeric_loss:644.542438980192, categorical_loss:12647.888960242271, kld_loss:18287.304480195045, epoch_train_time:83.65400261303876
2023-06-16 13:57:13,281 - pytorch_cvae.py[line:170] - INFO: ----------------------------No.102 epoch----------------------------
2023-06-16 13:57:13,281 - pytorch_cvae.py[line:177] - INFO: loss:27917.939018011093, numeric_loss:644.5550368987024, categorical_loss:12634.026514053345, kld_loss:18299.196514844894, epoch_train_time:83.34528402297292
2023-06-16 13:58:36,860 - pytorch_cvae.py[line:170] - INFO: ----------------------------No.103 epoch----------------------------
2023-06-16 13:58:36,860 - pytorch_cvae.py[line:177] - INFO: loss:27921.99583172798, numeric_loss:644.4813161380589, categorical_loss:12637.162359714508, kld_loss:18300.43991100788, epoch_train_time:83.5787085609627
2023-06-16 13:59:59,845 - pytorch_cvae.py[line:170] - INFO: ----------------------------No.104 epoch----------------------------
2023-06-16 13:59:59,845 - pytorch_cvae.py[line:177] - INFO: loss:27925.768186807632, numeric_loss:644.4810726195574, categorical_loss:12643.2465518713, kld_loss:18297.550387859344, epoch_train_time:82.98463053297019
2023-06-16 14:01:23,644 - pytorch_cvae.py[line:170] - INFO: ----------------------------No.105 epoch----------------------------
2023-06-16 14:01:23,645 - pytorch_cvae.py[line:177] - INFO: loss:27920.236996412277, numeric_loss:644.4889031946659, categorical_loss:12645.352330207825, kld_loss:18287.99442768097, epoch_train_time:83.79899015504634
2023-06-16 14:02:12,456 - pytorch_cvae.py[line:170] - INFO: ----------------------------No.106 epoch----------------------------
2023-06-16 14:02:12,457 - pytorch_cvae.py[line:177] - INFO: loss:27915.846808433533, numeric_loss:644.453891210258, categorical_loss:12634.984760642052, kld_loss:18295.509900808334, epoch_train_time:48.81178223097231
2023-06-16 14:02:54,984 - pytorch_cvae.py[line:170] - INFO: ----------------------------No.107 epoch----------------------------
2023-06-16 14:02:54,984 - pytorch_cvae.py[line:177] - INFO: loss:27916.044026613235, numeric_loss:644.4911364577711, categorical_loss:12631.860305547714, kld_loss:18299.615431308746, epoch_train_time:42.527552735002246
2023-06-16 14:03:37,576 - pytorch_cvae.py[line:170] - INFO: ----------------------------No.108 epoch----------------------------
2023-06-16 14:03:37,576 - pytorch_cvae.py[line:177] - INFO: loss:27917.3363571167, numeric_loss:644.4986108280718, categorical_loss:12636.706602931023, kld_loss:18295.163628697395, epoch_train_time:42.59196133399382
2023-06-16 14:04:20,090 - pytorch_cvae.py[line:170] - INFO: ----------------------------No.109 epoch----------------------------
2023-06-16 14:04:20,090 - pytorch_cvae.py[line:177] - INFO: loss:27911.219295978546, numeric_loss:644.370894767344, categorical_loss:12634.503009319305, kld_loss:18290.431439757347, epoch_train_time:42.5134996100096
2023-06-16 14:05:03,009 - pytorch_cvae.py[line:170] - INFO: ----------------------------No.110 epoch----------------------------
2023-06-16 14:05:03,009 - pytorch_cvae.py[line:177] - INFO: loss:27910.83043050766, numeric_loss:644.5117509141564, categorical_loss:12618.367431282997, kld_loss:18309.938770771027, epoch_train_time:42.918906403006986
2023-06-16 14:05:45,985 - pytorch_cvae.py[line:170] - INFO: ----------------------------No.111 epoch----------------------------
2023-06-16 14:05:45,985 - pytorch_cvae.py[line:177] - INFO: loss:27910.360917568207, numeric_loss:644.3981227315962, categorical_loss:12624.224665999413, kld_loss:18302.17234301567, epoch_train_time:42.976046815980226
2023-06-16 14:07:02,123 - pytorch_cvae.py[line:170] - INFO: ----------------------------No.112 epoch----------------------------
2023-06-16 14:07:02,124 - pytorch_cvae.py[line:177] - INFO: loss:27914.13556432724, numeric_loss:644.3604664728045, categorical_loss:12618.84206867218, kld_loss:18313.665959000587, epoch_train_time:76.1379300080007
2023-06-16 14:08:26,183 - pytorch_cvae.py[line:170] - INFO: ----------------------------No.113 epoch----------------------------
2023-06-16 14:08:26,183 - pytorch_cvae.py[line:177] - INFO: loss:27913.918919801712, numeric_loss:644.3851361870766, categorical_loss:12624.080515623093, kld_loss:18306.816266298294, epoch_train_time:84.05904327199096
2023-06-16 14:09:50,303 - pytorch_cvae.py[line:170] - INFO: ----------------------------No.114 epoch----------------------------
2023-06-16 14:09:50,303 - pytorch_cvae.py[line:177] - INFO: loss:27920.31934738159, numeric_loss:644.4748391471803, categorical_loss:12613.284593939781, kld_loss:18328.199615478516, epoch_train_time:84.11986990703736
2023-06-16 14:11:14,613 - pytorch_cvae.py[line:170] - INFO: ----------------------------No.115 epoch----------------------------
2023-06-16 14:11:14,614 - pytorch_cvae.py[line:177] - INFO: loss:27906.943106412888, numeric_loss:644.5147497095168, categorical_loss:12635.530165195465, kld_loss:18283.62241923809, epoch_train_time:84.31010904401774
2023-06-16 14:12:38,269 - pytorch_cvae.py[line:170] - INFO: ----------------------------No.116 epoch----------------------------
2023-06-16 14:12:38,269 - pytorch_cvae.py[line:177] - INFO: loss:27912.355538845062, numeric_loss:644.4026269316673, categorical_loss:12625.646844148636, kld_loss:18302.88227248192, epoch_train_time:83.65523210598622
2023-06-16 14:14:02,123 - pytorch_cvae.py[line:170] - INFO: ----------------------------No.117 epoch----------------------------
2023-06-16 14:14:02,123 - pytorch_cvae.py[line:177] - INFO: loss:27913.828256845474, numeric_loss:644.3627253137529, categorical_loss:12627.210276722908, kld_loss:18302.818774342537, epoch_train_time:83.85377639898797
2023-06-16 14:15:25,473 - pytorch_cvae.py[line:170] - INFO: ----------------------------No.118 epoch----------------------------
2023-06-16 14:15:25,473 - pytorch_cvae.py[line:177] - INFO: loss:27913.509516000748, numeric_loss:644.4214764647186, categorical_loss:12621.232060551643, kld_loss:18309.819673419, epoch_train_time:83.34980330598773
2023-06-16 14:16:49,326 - pytorch_cvae.py[line:170] - INFO: ----------------------------No.119 epoch----------------------------
2023-06-16 14:16:49,327 - pytorch_cvae.py[line:177] - INFO: loss:27905.05043196678, numeric_loss:644.4956837929785, categorical_loss:12606.435623645782, kld_loss:18317.6486274004, epoch_train_time:83.85304221598199
2023-06-16 14:18:12,299 - pytorch_cvae.py[line:170] - INFO: ----------------------------No.120 epoch----------------------------
2023-06-16 14:18:12,300 - pytorch_cvae.py[line:177] - INFO: loss:27901.80260825157, numeric_loss:644.4545100741088, categorical_loss:12607.221035003662, kld_loss:18312.658534765244, epoch_train_time:82.97268097102642
2023-06-16 14:19:36,127 - pytorch_cvae.py[line:170] - INFO: ----------------------------No.121 epoch----------------------------
2023-06-16 14:19:36,128 - pytorch_cvae.py[line:177] - INFO: loss:27920.579520702362, numeric_loss:644.4241739362478, categorical_loss:12615.49126970768, kld_loss:18325.82978272438, epoch_train_time:83.8276698369882
2023-06-16 14:20:59,040 - pytorch_cvae.py[line:170] - INFO: ----------------------------No.122 epoch----------------------------
2023-06-16 14:20:59,040 - pytorch_cvae.py[line:177] - INFO: loss:27902.97957921028, numeric_loss:644.4502034895122, categorical_loss:12597.998584628105, kld_loss:18325.66318821907, epoch_train_time:82.91222498903517
2023-06-16 14:22:23,966 - pytorch_cvae.py[line:170] - INFO: ----------------------------No.123 epoch----------------------------
2023-06-16 14:22:23,967 - pytorch_cvae.py[line:177] - INFO: loss:27907.564096927643, numeric_loss:644.4202549941838, categorical_loss:12596.821593999863, kld_loss:18332.90249633789, epoch_train_time:84.92628457699902
2023-06-16 14:23:48,374 - pytorch_cvae.py[line:170] - INFO: ----------------------------No.124 epoch----------------------------
2023-06-16 14:23:48,374 - pytorch_cvae.py[line:177] - INFO: loss:27910.993121623993, numeric_loss:644.4504163376987, categorical_loss:12605.102235674858, kld_loss:18326.800273180008, epoch_train_time:84.40761453198502
2023-06-16 14:25:12,809 - pytorch_cvae.py[line:170] - INFO: ----------------------------No.125 epoch----------------------------
2023-06-16 14:25:12,810 - pytorch_cvae.py[line:177] - INFO: loss:27897.877146959305, numeric_loss:644.4939976409078, categorical_loss:12594.863539457321, kld_loss:18323.149198412895, epoch_train_time:84.4349339689943
2023-06-16 14:26:37,964 - pytorch_cvae.py[line:170] - INFO: ----------------------------No.126 epoch----------------------------
2023-06-16 14:26:37,964 - pytorch_cvae.py[line:177] - INFO: loss:27896.35490489006, numeric_loss:644.4417385645211, categorical_loss:12602.276664018631, kld_loss:18312.04532790184, epoch_train_time:85.15385266696103
2023-06-16 14:28:03,166 - pytorch_cvae.py[line:170] - INFO: ----------------------------No.127 epoch----------------------------
2023-06-16 14:28:03,166 - pytorch_cvae.py[line:177] - INFO: loss:27905.983330249786, numeric_loss:644.4916940070689, categorical_loss:12597.66641819477, kld_loss:18329.78121316433, epoch_train_time:85.20221105695236
2023-06-16 14:29:27,715 - pytorch_cvae.py[line:170] - INFO: ----------------------------No.128 epoch----------------------------
2023-06-16 14:29:27,715 - pytorch_cvae.py[line:177] - INFO: loss:27903.554999113083, numeric_loss:644.495071131736, categorical_loss:12596.947843790054, kld_loss:18327.639778375626, epoch_train_time:84.54870337800821
2023-06-16 14:30:51,306 - pytorch_cvae.py[line:170] - INFO: ----------------------------No.129 epoch----------------------------
2023-06-16 14:30:51,306 - pytorch_cvae.py[line:177] - INFO: loss:27904.31749367714, numeric_loss:644.5182754397392, categorical_loss:12598.689620614052, kld_loss:18326.386699199677, epoch_train_time:83.59032750804909
2023-06-16 14:32:15,431 - pytorch_cvae.py[line:170] - INFO: ----------------------------No.130 epoch----------------------------
2023-06-16 14:32:15,431 - pytorch_cvae.py[line:177] - INFO: loss:27908.229748010635, numeric_loss:644.4676289074123, categorical_loss:12597.270634651184, kld_loss:18333.114053845406, epoch_train_time:84.12449570797617
2023-06-16 14:33:39,352 - pytorch_cvae.py[line:170] - INFO: ----------------------------No.131 epoch----------------------------
2023-06-16 14:33:39,352 - pytorch_cvae.py[line:177] - INFO: loss:27908.545790672302, numeric_loss:644.5405468530953, categorical_loss:12600.243461251259, kld_loss:18329.70192337036, epoch_train_time:83.92072887002723
2023-06-16 14:35:03,242 - pytorch_cvae.py[line:170] - INFO: ----------------------------No.132 epoch----------------------------
2023-06-16 14:35:03,242 - pytorch_cvae.py[line:177] - INFO: loss:27903.076236486435, numeric_loss:644.4560416042805, categorical_loss:12600.122124671936, kld_loss:18323.12230205536, epoch_train_time:83.88956325303297
2023-06-16 14:36:26,883 - pytorch_cvae.py[line:170] - INFO: ----------------------------No.133 epoch----------------------------
2023-06-16 14:36:26,884 - pytorch_cvae.py[line:177] - INFO: loss:27903.41665172577, numeric_loss:644.5208654738963, categorical_loss:12588.851337075233, kld_loss:18337.555264353752, epoch_train_time:83.64164557895856
2023-06-16 14:37:50,800 - pytorch_cvae.py[line:170] - INFO: ----------------------------No.134 epoch----------------------------
2023-06-16 14:37:50,801 - pytorch_cvae.py[line:177] - INFO: loss:27911.98362350464, numeric_loss:644.4435916990042, categorical_loss:12597.507522583008, kld_loss:18337.54032456875, epoch_train_time:83.91658764000749
2023-06-16 14:39:14,725 - pytorch_cvae.py[line:170] - INFO: ----------------------------No.135 epoch----------------------------
2023-06-16 14:39:14,726 - pytorch_cvae.py[line:177] - INFO: loss:27904.53592157364, numeric_loss:644.4633326493204, categorical_loss:12605.299057483673, kld_loss:18318.466577529907, epoch_train_time:83.92479182599345
2023-06-16 14:40:38,804 - pytorch_cvae.py[line:170] - INFO: ----------------------------No.136 epoch----------------------------
2023-06-16 14:40:38,804 - pytorch_cvae.py[line:177] - INFO: loss:27901.7231900692, numeric_loss:644.4739831760526, categorical_loss:12605.122904777527, kld_loss:18315.157565116882, epoch_train_time:84.07789759198204
2023-06-16 14:42:02,013 - pytorch_cvae.py[line:170] - INFO: ----------------------------No.137 epoch----------------------------
2023-06-16 14:42:02,013 - pytorch_cvae.py[line:177] - INFO: loss:27900.176515340805, numeric_loss:644.4902487359941, categorical_loss:12598.870584368706, kld_loss:18321.019295692444, epoch_train_time:83.20877589500742
2023-06-16 14:43:26,000 - pytorch_cvae.py[line:170] - INFO: ----------------------------No.138 epoch----------------------------
2023-06-16 14:43:26,000 - pytorch_cvae.py[line:177] - INFO: loss:27890.83637881279, numeric_loss:644.4095926247537, categorical_loss:12595.202956676483, kld_loss:18314.029485344887, epoch_train_time:83.9867138179834
2023-06-16 14:44:49,413 - pytorch_cvae.py[line:170] - INFO: ----------------------------No.139 epoch----------------------------
2023-06-16 14:44:49,413 - pytorch_cvae.py[line:177] - INFO: loss:27910.586843013763, numeric_loss:644.4135736264288, categorical_loss:12606.651755571365, kld_loss:18324.40157175064, epoch_train_time:83.41272592404857
2023-06-16 14:46:13,662 - pytorch_cvae.py[line:170] - INFO: ----------------------------No.140 epoch----------------------------
2023-06-16 14:46:13,662 - pytorch_cvae.py[line:177] - INFO: loss:27892.23928809166, numeric_loss:644.4501663669944, categorical_loss:12603.105046629906, kld_loss:18305.854771733284, epoch_train_time:84.24894113995833
2023-06-16 14:47:38,058 - pytorch_cvae.py[line:170] - INFO: ----------------------------No.141 epoch----------------------------
2023-06-16 14:47:38,058 - pytorch_cvae.py[line:177] - INFO: loss:27902.10604453087, numeric_loss:644.4417682774365, categorical_loss:12596.305763721466, kld_loss:18326.697838664055, epoch_train_time:84.39551340398612
2023-06-16 14:48:29,316 - pytorch_cvae.py[line:170] - INFO: ----------------------------No.142 epoch----------------------------
2023-06-16 14:48:29,316 - pytorch_cvae.py[line:177] - INFO: loss:27902.408742427826, numeric_loss:644.5755294188857, categorical_loss:12593.965247869492, kld_loss:18329.834649801254, epoch_train_time:51.258286555996165
2023-06-16 14:49:12,165 - pytorch_cvae.py[line:170] - INFO: ----------------------------No.143 epoch----------------------------
2023-06-16 14:49:12,165 - pytorch_cvae.py[line:177] - INFO: loss:27912.196358442307, numeric_loss:644.5158444717526, categorical_loss:12598.41248345375, kld_loss:18336.58473610878, epoch_train_time:42.84845192899229
2023-06-16 14:50:17,678 - pytorch_cvae.py[line:170] - INFO: ----------------------------No.144 epoch----------------------------
2023-06-16 14:50:17,678 - pytorch_cvae.py[line:177] - INFO: loss:27908.307767152786, numeric_loss:644.5267542600632, categorical_loss:12605.775443553925, kld_loss:18322.506655693054, epoch_train_time:65.51294378598686
2023-06-16 14:51:41,627 - pytorch_cvae.py[line:170] - INFO: ----------------------------No.145 epoch----------------------------
2023-06-16 14:51:41,627 - pytorch_cvae.py[line:177] - INFO: loss:27897.17054128647, numeric_loss:644.4819462038577, categorical_loss:12596.436051487923, kld_loss:18320.315356850624, epoch_train_time:83.9483726839535
2023-06-16 14:53:05,761 - pytorch_cvae.py[line:170] - INFO: ----------------------------No.146 epoch----------------------------
2023-06-16 14:53:05,761 - pytorch_cvae.py[line:177] - INFO: loss:27898.642415046692, numeric_loss:644.5260306335986, categorical_loss:12595.403735995293, kld_loss:18323.390493512154, epoch_train_time:84.13380265701562
2023-06-16 14:54:30,815 - pytorch_cvae.py[line:170] - INFO: ----------------------------No.147 epoch----------------------------
2023-06-16 14:54:30,815 - pytorch_cvae.py[line:177] - INFO: loss:27907.19771361351, numeric_loss:644.4951457977295, categorical_loss:12599.259919166565, kld_loss:18329.302992463112, epoch_train_time:85.05333940003766
2023-06-16 14:55:55,334 - pytorch_cvae.py[line:170] - INFO: ----------------------------No.148 epoch----------------------------
2023-06-16 14:55:55,334 - pytorch_cvae.py[line:177] - INFO: loss:27900.45211291313, numeric_loss:644.4581419602036, categorical_loss:12596.235049843788, kld_loss:18324.698323249817, epoch_train_time:84.51944692304824
2023-06-16 14:57:19,281 - pytorch_cvae.py[line:170] - INFO: ----------------------------No.149 epoch----------------------------
2023-06-16 14:57:19,281 - pytorch_cvae.py[line:177] - INFO: loss:27908.918034553528, numeric_loss:644.6364521495998, categorical_loss:12609.818549513817, kld_loss:18318.078461766243, epoch_train_time:83.94605409604264
2023-06-16 14:58:42,797 - pytorch_cvae.py[line:170] - INFO: ----------------------------No.150 epoch----------------------------
2023-06-16 14:58:42,797 - pytorch_cvae.py[line:177] - INFO: loss:27910.159269809723, numeric_loss:644.4584283530712, categorical_loss:12607.791392445564, kld_loss:18322.386489748955, epoch_train_time:83.51634024799569
2023-06-16 14:58:42,798 - pytorch_cvae.py[line:186] - INFO: training time elapsed:12274.142216123
2023-06-16 14:58:42,800 - model_utils.py[line:67] - INFO: save model successfully
2023-06-16 14:59:05,274 - pytorch_cvae.py[line:268] - INFO: train model time elapsed:12301.082278939022
2023-06-16 14:59:05,274 - dataset_utils.py[line:585] - INFO: load existing dataset(light):86-item_i_item_sk#i_category#i_class#i_item_id__i_item_sk#i_category#i_class#i_item_id_binary_gaussian5_0
2023-06-16 14:59:05,312 - dataset_utils.py[line:594] - INFO: load dataset(light) time elapsed:0.03793003299506381
2023-06-16 14:59:05,312 - pytorch_cvae.py[line:280] - INFO: feature info:[('i_item_sk', 'categorical', 16), ('i_category', 'categorical', 5), ('i_class', 'categorical', 8), ('i_item_id', 'categorical', 15)]
2023-06-16 14:59:05,313 - model_utils.py[line:75] - INFO: load model name:torch_cvae_86-item_i_item_sk_i_category_i_class_i_item_id_ld100_id150_bs128_ep1_0_binary_gaussian5
2023-06-16 14:59:05,334 - model_utils.py[line:86] - INFO: load torch model time elapsed:0.021259258035570383
2023-06-16 14:59:05,335 - pytorch_cvae.py[line:290] - INFO: load model time elapsed:0.06031188298948109
2023-06-16 14:59:05,335 - dataset_utils.py[line:585] - INFO: load existing dataset(light):3-date_dim_d_date_sk#d_year__d_date_sk#d_year_binary_gaussian5_0
2023-06-16 14:59:05,394 - dataset_utils.py[line:594] - INFO: load dataset(light) time elapsed:0.059457541967276484
2023-06-16 14:59:05,394 - pytorch_cvae.py[line:280] - INFO: feature info:[('d_date_sk', 'categorical', 18), ('d_year', 'categorical', 9)]
2023-06-16 14:59:05,395 - model_utils.py[line:75] - INFO: load model name:torch_cvae_3-date_dim_d_date_sk_d_year_ld100_id150_bs128_ep100_0_binary_gaussian5
2023-06-16 14:59:05,397 - model_utils.py[line:86] - INFO: load torch model time elapsed:0.0017697070143185556
2023-06-16 14:59:05,397 - pytorch_cvae.py[line:290] - INFO: load model time elapsed:0.06220098398625851
2023-06-16 14:59:05,397 - main.py[line:561] - INFO: multi_sampling No.0 epoch
2023-06-16 14:59:15,200 - pytorch_cvae.py[line:407] - INFO: sampling time:9.766061107977293
2023-06-16 14:59:15,201 - dataset_utils.py[line:566] - INFO: load existing dataset:86-item_i_item_sk#i_category#i_class#i_item_id__i_item_sk#i_category#i_class#i_item_id_binary_gaussian5_0
2023-06-16 14:59:15,225 - dataset_utils.py[line:578] - INFO: load dataset time elapsed:0.023680135025642812
2023-06-16 14:59:15,225 - dataset_utils.py[line:566] - INFO: load existing dataset:3-date_dim_d_date_sk#d_year__d_date_sk#d_year_binary_gaussian5_0
2023-06-16 14:59:15,297 - dataset_utils.py[line:578] - INFO: load dataset time elapsed:0.07179575500776991
2023-06-16 14:59:15,365 - main.py[line:544] - INFO: sample and aggregation time elapsed:9.968413577007595
2023-06-16 14:59:15,379 - main.py[line:579] - INFO: sample time: 9.981780485017225
2023-06-16 14:59:15,394 - main.py[line:106] - INFO: aqp result:
(8986, 2)
2023-06-16 14:59:15,394 - main.py[line:107] - INFO: ground truth:
(8986, 2)
2023-06-16 14:59:15,406 - main.py[line:597] - INFO: relative error:
                  avg(ss_ext_sales_price)  sum(ss_ext_sales_price)
i_item_id                                                         
AAAAAAAAAAABAAAA 0.02                     0.01                    
AAAAAAAAAAACAAAA 0.63                     0.66                    
AAAAAAAAAAAEAAAA 0.11                     0.32                    
AAAAAAAAAABAAAAA 0.18                     0.26                    
AAAAAAAAAABBAAAA 0.10                     0.17                    
AAAAAAAAAABDAAAA 0.14                     0.15                    
AAAAAAAAAABEAAAA 0.39                     0.19                    
AAAAAAAAAACAAAAA 0.56                     0.60                    
AAAAAAAAAACCAAAA 0.35                     0.48                    
AAAAAAAAAACDAAAA 0.30                     0.42                    
AAAAAAAAAADBAAAA 0.19                     0.32                    
AAAAAAAAAADCAAAA 0.16                     0.12                    
AAAAAAAAAADEAAAA 0.13                     0.03                    
AAAAAAAAAAEAAAAA 0.46                     0.55                    
AAAAAAAAAAEBAAAA 0.50                     0.51                    
AAAAAAAAAAEDAAAA 0.03                     0.17                    
AAAAAAAAAAEEAAAA 0.24                     0.09                    
AAAAAAAAAAFAAAAA 0.28                     0.31                    
AAAAAAAAAAFCAAAA 0.38                     0.00                    
AAAAAAAAAAFDAAAA 0.16                     0.04                    
AAAAAAAAAAGBAAAA 0.20                     0.29                    
AAAAAAAAAAGCAAAA 0.30                     0.26                    
AAAAAAAAAAGEAAAA 0.45                     0.41                    
AAAAAAAAAAHAAAAA 0.28                     0.45                    
AAAAAAAAAAHBAAAA 0.43                     0.46                    
AAAAAAAAAAHDAAAA 0.22                     0.34                    
AAAAAAAAAAIAAAAA 0.18                     0.26                    
AAAAAAAAAAICAAAA 0.17                     0.21                    
AAAAAAAAAAIDAAAA 0.27                     0.49                    
AAAAAAAAAAJBAAAA 0.15                     0.02                    
AAAAAAAAAAJCAAAA 0.19                     0.02                    
AAAAAAAAAAKAAAAA 0.58                     0.64                    
AAAAAAAAAAKBAAAA 0.20                     0.23                    
AAAAAAAAAAKDAAAA 0.00                     0.13                    
AAAAAAAAAALAAAAA 0.01                     0.02                    
AAAAAAAAAALCAAAA 0.13                     0.19                    
AAAAAAAAAALDAAAA 0.04                     0.10                    
AAAAAAAAAAMBAAAA 0.20                     0.04                    
AAAAAAAAAAMCAAAA 0.31                     0.38                    
AAAAAAAAAANAAAAA 0.05                     0.18                    
AAAAAAAAAANBAAAA 0.15                     0.21                    
AAAAAAAAAANDAAAA 0.35                     0.55                    
AAAAAAAAAAOAAAAA 0.54                     0.54                    
AAAAAAAAAAOCAAAA 0.24                     0.36                    
AAAAAAAAAAODAAAA 0.18                     0.06                    
AAAAAAAAAAPBAAAA 0.04                     0.07                    
AAAAAAAAAAPCAAAA 0.27                     0.10                    
AAAAAAAAABAAAAAA 0.06                     0.11                    
AAAAAAAAABABAAAA 0.00                     0.02                    
AAAAAAAAABADAAAA 0.13                     0.16                    
2023-06-16 14:59:15,407 - main.py[line:598] - INFO: relative error normalized:
                  avg(ss_ext_sales_price)  sum(ss_ext_sales_price)
i_item_id                                                         
AAAAAAAAAAABAAAA 0.02                     0.01                    
AAAAAAAAAAACAAAA 0.47                     0.48                    
AAAAAAAAAAAEAAAA 0.11                     0.27                    
AAAAAAAAAABAAAAA 0.17                     0.23                    
AAAAAAAAAABBAAAA 0.10                     0.16                    
AAAAAAAAAABDAAAA 0.13                     0.14                    
AAAAAAAAAABEAAAA 0.32                     0.17                    
AAAAAAAAAACAAAAA 0.43                     0.45                    
AAAAAAAAAACCAAAA 0.30                     0.38                    
AAAAAAAAAACDAAAA 0.26                     0.34                    
AAAAAAAAAADBAAAA 0.18                     0.27                    
AAAAAAAAAADCAAAA 0.15                     0.12                    
AAAAAAAAAADEAAAA 0.12                     0.03                    
AAAAAAAAAAEAAAAA 0.37                     0.42                    
AAAAAAAAAAEBAAAA 0.40                     0.40                    
AAAAAAAAAAEDAAAA 0.02                     0.16                    
AAAAAAAAAAEEAAAA 0.21                     0.08                    
AAAAAAAAAAFAAAAA 0.24                     0.26                    
AAAAAAAAAAFCAAAA 0.32                     0.00                    
AAAAAAAAAAFDAAAA 0.15                     0.04                    
AAAAAAAAAAGBAAAA 0.19                     0.25                    
AAAAAAAAAAGCAAAA 0.26                     0.23                    
AAAAAAAAAAGEAAAA 0.36                     0.34                    
AAAAAAAAAAHAAAAA 0.25                     0.36                    
AAAAAAAAAAHBAAAA 0.35                     0.37                    
AAAAAAAAAAHDAAAA 0.20                     0.29                    
AAAAAAAAAAIAAAAA 0.17                     0.23                    
AAAAAAAAAAICAAAA 0.16                     0.19                    
AAAAAAAAAAIDAAAA 0.23                     0.39                    
AAAAAAAAAAJBAAAA 0.14                     0.02                    
AAAAAAAAAAJCAAAA 0.17                     0.02                    
AAAAAAAAAAKAAAAA 0.44                     0.47                    
AAAAAAAAAAKBAAAA 0.18                     0.21                    
AAAAAAAAAAKDAAAA 0.00                     0.12                    
AAAAAAAAAALAAAAA 0.01                     0.02                    
AAAAAAAAAALCAAAA 0.12                     0.17                    
AAAAAAAAAALDAAAA 0.04                     0.10                    
AAAAAAAAAAMBAAAA 0.18                     0.04                    
AAAAAAAAAAMCAAAA 0.27                     0.31                    
AAAAAAAAAANAAAAA 0.05                     0.16                    
AAAAAAAAAANBAAAA 0.14                     0.19                    
AAAAAAAAAANDAAAA 0.29                     0.42                    
AAAAAAAAAAOAAAAA 0.42                     0.42                    
AAAAAAAAAAOCAAAA 0.21                     0.30                    
AAAAAAAAAAODAAAA 0.17                     0.06                    
AAAAAAAAAAPBAAAA 0.04                     0.07                    
AAAAAAAAAAPCAAAA 0.24                     0.09                    
AAAAAAAAABAAAAAA 0.05                     0.10                    
AAAAAAAAABABAAAA 0.00                     0.02                    
AAAAAAAAABADAAAA 0.12                     0.15                    
2023-06-16 14:59:15,407 - main.py[line:601] - INFO: relative error average: 0.28914037443769725
2023-06-16 14:59:15,407 - main.py[line:602] - INFO: relative error normalized average: 0.23434536397842876
2023-06-16 14:59:15,419 - main.py[line:648] - INFO: total_time:12311.227624427003
