main.py:19: FutureWarning: Passing a negative integer is deprecated in version 1.0 and will not be supported in future version. Instead, use None to not limit the column width.
  pd.set_option('max_colwidth', -1)
2023-07-01 13:46:54,356 - main.py[line:642] - INFO: load query config config/query/customer_inc_join_nation.json successfully
2023-07-01 13:46:54,356 - main.py[line:649] - INFO: load train config ./config/train/tpch_customer_torch_cvae_inc.json successfully
2023-07-01 13:46:54,356 - main.py[line:649] - INFO: load train config ./config/train/tpch_nation_torch_cvae.json successfully
2023-07-01 13:46:54,356 - dataset_utils.py[line:585] - INFO: load existing dataset(light):tpch-20g-customer-inc_c_nationkey_c_acctbal_c_nationkey_binary_gaussian5_0whole_train
2023-07-01 13:46:59,577 - dataset_utils.py[line:594] - INFO: load dataset(light) time elapsed:5.220844687195495
2023-07-01 13:46:59,577 - pytorch_cvae.py[line:280] - INFO: feature info:[('c_acctbal', 'numerical', 6), ('c_nationkey', 'categorical', 6)]
2023-07-01 13:46:59,578 - model_utils.py[line:75] - INFO: load model name:torch_cvae_tpch-20g-customer-inc_c_nationkey_ld50_id100_bs1024_ep150_0_binary_gaussian5whole_train
2023-07-01 13:46:59,580 - model_utils.py[line:86] - INFO: load torch model time elapsed:0.0019473221618682146
2023-07-01 13:46:59,580 - pytorch_cvae.py[line:290] - INFO: load model time elapsed:5.22429038118571
2023-07-01 13:46:59,580 - dataset_utils.py[line:585] - INFO: load existing dataset(light):tpch-35g-nation_n_nationkey#n_name__n_nationkey_binary_mm_0
2023-07-01 13:46:59,582 - dataset_utils.py[line:594] - INFO: load dataset(light) time elapsed:0.0016014240682125092
2023-07-01 13:46:59,582 - pytorch_cvae.py[line:280] - INFO: feature info:[('n_nationkey', 'categorical', 6), ('n_name', 'categorical', 6)]
2023-07-01 13:46:59,583 - model_utils.py[line:75] - INFO: load model name:torch_cvae_tpch-35g-nation_n_nationkey_ld100_id150_bs128_ep100_0_binary_mm
2023-07-01 13:46:59,584 - model_utils.py[line:86] - INFO: load torch model time elapsed:0.0013689158950001001
2023-07-01 13:46:59,584 - pytorch_cvae.py[line:290] - INFO: load model time elapsed:0.003753833007067442
2023-07-01 13:46:59,584 - main.py[line:572] - INFO: multi_sampling No.0 epoch
2023-07-01 13:47:00,098 - pytorch_cvae.py[line:407] - INFO: sampling time:0.5133045830298215
2023-07-01 13:47:00,098 - dataset_utils.py[line:566] - INFO: load existing dataset:tpch-35g-nation_n_nationkey#n_name__n_nationkey_binary_mm_0
2023-07-01 13:47:00,100 - dataset_utils.py[line:578] - INFO: load dataset time elapsed:0.0019064850639551878
2023-07-01 13:47:00,118 - main.py[line:555] - INFO: sample and aggregation time elapsed:0.533538255142048
2023-07-01 13:47:00,121 - main.py[line:593] - INFO: sample time: 0.5364747578278184
2023-07-01 13:47:00,133 - main.py[line:104] - INFO: aqp result:
                avg(c_acctbal)  sum(c_acctbal)
n_name                                        
ALGERIA        4436.52         689967935.70   
ARGENTINA      4280.32         666912357.68   
BRAZIL         4340.62         676520962.17   
CANADA         4338.04         675155815.20   
CHINA          4540.96         708380836.81   
EGYPT          4299.19         670313092.99   
ETHIOPIA       4414.33         691385059.60   
FRANCE         4640.74         726335851.83   
GERMANY        4846.91         757562887.61   
INDIA          4494.77         704181435.25   
INDONESIA      4483.82         702102683.99   
IRAN           4430.90         693834309.49   
IRAQ           4593.09         717168918.60   
JAPAN          4797.16         745243753.58   
JORDAN         4529.53         702941855.56   
KENYA          4688.29         727537930.49   
MOROCCO        4480.22         697924802.66   
MOZAMBIQUE     4573.80         710535611.81   
PERU           4597.59         717114409.63   
ROMANIA        4572.92         713046645.01   
RUSSIA         4568.59         712562229.88   
SAUDI ARABIA   4532.51         707397667.17   
UNITED KINGDOM 4627.68         725887970.66   
UNITED STATES  4669.13         729323151.66   
VIETNAM        4618.21         720385585.45   
2023-07-01 13:47:00,136 - main.py[line:105] - INFO: ground truth:
                avg(c_acctbal)  sum(c_acctbal)
n_name                                        
ALGERIA        4497.45         699444173.29   
ARGENTINA      4486.94         699106008.33   
BRAZIL         4502.65         701773384.16   
CANADA         4499.32         700256734.44   
CHINA          4491.27         700629814.31   
EGYPT          4496.39         701059444.40   
ETHIOPIA       4499.89         704785653.13   
FRANCE         4493.15         703235862.49   
GERMANY        4489.33         701673966.77   
INDIA          4507.72         706211190.60   
INDONESIA      4498.74         704439111.14   
IRAN           4507.57         705840896.67   
IRAQ           4509.27         704081769.17   
JAPAN          4493.66         698094511.41   
JORDAN         4504.65         699080891.27   
KENYA          4499.24         698201348.30   
MOROCCO        4499.58         700940690.68   
MOZAMBIQUE     4507.23         700194448.01   
PERU           4490.77         700452753.83   
ROMANIA        4487.90         699789990.15   
RUSSIA         4518.25         704711627.29   
SAUDI ARABIA   4508.93         703718011.11   
UNITED KINGDOM 4491.37         704507986.21   
UNITED STATES  4505.47         703758434.40   
VIETNAM        4497.59         701569658.84   
2023-07-01 13:47:00,142 - main.py[line:611] - INFO: relative error:
                avg(c_acctbal)  sum(c_acctbal)
n_name                                        
ALGERIA        0.01            0.01           
ARGENTINA      0.05            0.05           
BRAZIL         0.04            0.04           
CANADA         0.04            0.04           
CHINA          0.01            0.01           
EGYPT          0.04            0.04           
ETHIOPIA       0.02            0.02           
FRANCE         0.03            0.03           
GERMANY        0.08            0.08           
INDIA          0.00            0.00           
INDONESIA      0.00            0.00           
IRAN           0.02            0.02           
IRAQ           0.02            0.02           
JAPAN          0.07            0.07           
JORDAN         0.01            0.01           
KENYA          0.04            0.04           
MOROCCO        0.00            0.00           
MOZAMBIQUE     0.01            0.01           
PERU           0.02            0.02           
ROMANIA        0.02            0.02           
RUSSIA         0.01            0.01           
SAUDI ARABIA   0.01            0.01           
UNITED KINGDOM 0.03            0.03           
UNITED STATES  0.04            0.04           
VIETNAM        0.03            0.03           
2023-07-01 13:47:00,144 - main.py[line:612] - INFO: relative error normalized:
                avg(c_acctbal)  sum(c_acctbal)
n_name                                        
ALGERIA        0.01            0.01           
ARGENTINA      0.05            0.05           
BRAZIL         0.04            0.04           
CANADA         0.04            0.04           
CHINA          0.01            0.01           
EGYPT          0.04            0.04           
ETHIOPIA       0.02            0.02           
FRANCE         0.03            0.03           
GERMANY        0.08            0.08           
INDIA          0.00            0.00           
INDONESIA      0.00            0.00           
IRAN           0.02            0.02           
IRAQ           0.02            0.02           
JAPAN          0.07            0.07           
JORDAN         0.01            0.01           
KENYA          0.04            0.04           
MOROCCO        0.00            0.00           
MOZAMBIQUE     0.01            0.01           
PERU           0.02            0.02           
ROMANIA        0.02            0.02           
RUSSIA         0.01            0.01           
SAUDI ARABIA   0.01            0.01           
UNITED KINGDOM 0.03            0.03           
UNITED STATES  0.04            0.04           
VIETNAM        0.03            0.03           
2023-07-01 13:47:00,145 - main.py[line:615] - INFO: relative error average: 0.025855724106578007
2023-07-01 13:47:00,145 - main.py[line:616] - INFO: relative error normalized average: 0.025344550716028435
2023-07-01 13:47:00,182 - main.py[line:662] - INFO: total_time:5.826689400942996
