main.py:19: FutureWarning: Passing a negative integer is deprecated in version 1.0 and will not be supported in future version. Instead, use None to not limit the column width.
  pd.set_option('max_colwidth', -1)
2023-05-19 14:02:48,255 - main.py[line:600] - INFO: load query config config/query/customer_join_nation.json successfully
2023-05-19 14:02:48,255 - main.py[line:607] - INFO: load train config ./config/train/tpch_customer_torch_cvae.json successfully
2023-05-19 14:02:48,255 - main.py[line:607] - INFO: load train config ./config/train/tpch_nation_torch_cvae.json successfully
2023-05-19 14:02:48,255 - dataset_utils.py[line:571] - INFO: load existing dataset(light):tpch-20g-customer_c_nationkey_c_acctbal_c_nationkey_binary_gaussian5_0
2023-05-19 14:02:48,824 - dataset_utils.py[line:580] - INFO: load dataset(light) time elapsed:0.5681407499359921
2023-05-19 14:02:48,824 - pytorch_cvae.py[line:280] - INFO: feature info:[('c_acctbal', 'numerical', 6), ('c_nationkey', 'categorical', 6)]
2023-05-19 14:02:48,825 - model_utils.py[line:75] - INFO: load model name:torch_cvae_tpch-20g-customer_c_nationkey_ld50_id100_bs1024_ep150_0_binary_gaussian5
2023-05-19 14:02:50,857 - model_utils.py[line:86] - INFO: load torch model time elapsed:2.032241173903458
2023-05-19 14:02:50,857 - pytorch_cvae.py[line:290] - INFO: load model time elapsed:2.6019515090156347
2023-05-19 14:02:50,857 - dataset_utils.py[line:571] - INFO: load existing dataset(light):tpch-35g-nation_n_nationkey#n_name__n_nationkey_binary_mm_0
2023-05-19 14:02:50,859 - dataset_utils.py[line:580] - INFO: load dataset(light) time elapsed:0.0015484840841963887
2023-05-19 14:02:50,859 - pytorch_cvae.py[line:280] - INFO: feature info:[('n_nationkey', 'categorical', 6), ('n_name', 'categorical', 6)]
2023-05-19 14:02:50,860 - model_utils.py[line:75] - INFO: load model name:torch_cvae_tpch-35g-nation_n_nationkey_ld100_id150_bs128_ep100_0_binary_mm
2023-05-19 14:02:50,861 - model_utils.py[line:86] - INFO: load torch model time elapsed:0.0013864500215277076
2023-05-19 14:02:50,861 - pytorch_cvae.py[line:290] - INFO: load model time elapsed:0.0037114210426807404
2023-05-19 14:02:50,861 - main.py[line:540] - INFO: multi_sampling No.0 epoch
2023-05-19 14:02:51,377 - pytorch_cvae.py[line:407] - INFO: sampling time:0.5156475349795073
2023-05-19 14:02:51,377 - dataset_utils.py[line:552] - INFO: load existing dataset:tpch-35g-nation_n_nationkey#n_name__n_nationkey_binary_mm_0
2023-05-19 14:02:51,379 - dataset_utils.py[line:564] - INFO: load dataset time elapsed:0.0019352169474586844
2023-05-19 14:02:51,395 - main.py[line:524] - INFO: sample and aggregation time elapsed:0.533834017929621
2023-05-19 14:02:51,399 - main.py[line:557] - INFO: sample time: 0.5374632390448824
2023-05-19 14:02:51,410 - main.py[line:101] - INFO: aqp result:
                avg(c_acctbal)  sum(c_acctbal)
n_name                                        
ALGERIA        4292.18         514439387.33   
ARGENTINA      4504.71         539744818.29   
BRAZIL         4271.03         512336030.67   
CANADA         4805.78         576491936.86   
CHINA          4403.59         527788072.80   
EGYPT          4407.99         528997899.00   
ETHIOPIA       4606.29         554758667.65   
FRANCE         4451.35         535893368.06   
GERMANY        4529.78         544040736.36   
INDIA          4351.54         524391088.05   
INDONESIA      4725.97         568420209.25   
IRAN           4535.03         545188259.02   
IRAQ           4517.01         542149288.65   
JAPAN          4473.17         533953596.88   
JORDAN         4551.46         542961958.62   
KENYA          4376.59         522871799.77   
MOROCCO        4562.68         547411699.16   
MOZAMBIQUE     4740.28         567411551.63   
PERU           4493.32         538659530.28   
ROMANIA        4655.26         558510239.31   
RUSSIA         4513.34         541076900.03   
SAUDI ARABIA   4620.93         555824056.87   
UNITED KINGDOM 4644.11         560455761.28   
UNITED STATES  4323.19         519116238.46   
VIETNAM        4683.04         562016755.08   
2023-05-19 14:02:51,413 - main.py[line:102] - INFO: ground truth:
                avg(c_acctbal)  sum(c_acctbal)
n_name                                        
ALGERIA        4498.60         539179132.56   
ARGENTINA      4487.74         537712316.92   
BRAZIL         4502.58         540111208.72   
CANADA         4497.83         539550781.18   
CHINA          4498.16         539122418.82   
EGYPT          4499.53         539984141.53   
ETHIOPIA       4498.32         541755384.74   
FRANCE         4494.25         541057901.35   
GERMANY        4493.81         539720485.08   
INDIA          4510.40         543534349.52   
INDONESIA      4497.02         540883690.44   
IRAN           4504.83         541557576.78   
IRAQ           4509.38         541234034.38   
JAPAN          4495.17         536578990.22   
JORDAN         4503.11         537193552.56   
KENYA          4503.27         538005946.84   
MOROCCO        4494.62         539246776.35   
MOZAMBIQUE     4507.15         539505894.77   
PERU           4496.58         539050477.33   
ROMANIA        4484.52         538026061.76   
RUSSIA         4515.14         541292914.28   
SAUDI ARABIA   4511.07         542610117.90   
UNITED KINGDOM 4493.32         542258002.88   
UNITED STATES  4500.03         540349688.07   
VIETNAM        4499.61         540002514.42   
2023-05-19 14:02:51,419 - main.py[line:569] - INFO: relative error:
                avg(c_acctbal)  sum(c_acctbal)
n_name                                        
ALGERIA        0.05            0.05           
ARGENTINA      0.00            0.00           
BRAZIL         0.05            0.05           
CANADA         0.07            0.07           
CHINA          0.02            0.02           
EGYPT          0.02            0.02           
ETHIOPIA       0.02            0.02           
FRANCE         0.01            0.01           
GERMANY        0.01            0.01           
INDIA          0.04            0.04           
INDONESIA      0.05            0.05           
IRAN           0.01            0.01           
IRAQ           0.00            0.00           
JAPAN          0.00            0.00           
JORDAN         0.01            0.01           
KENYA          0.03            0.03           
MOROCCO        0.02            0.02           
MOZAMBIQUE     0.05            0.05           
PERU           0.00            0.00           
ROMANIA        0.04            0.04           
RUSSIA         0.00            0.00           
SAUDI ARABIA   0.02            0.02           
UNITED KINGDOM 0.03            0.03           
UNITED STATES  0.04            0.04           
VIETNAM        0.04            0.04           
2023-05-19 14:02:51,420 - main.py[line:570] - INFO: relative error normalized:
                avg(c_acctbal)  sum(c_acctbal)
n_name                                        
ALGERIA        0.04            0.04           
ARGENTINA      0.00            0.00           
BRAZIL         0.05            0.05           
CANADA         0.07            0.07           
CHINA          0.02            0.02           
EGYPT          0.02            0.02           
ETHIOPIA       0.02            0.02           
FRANCE         0.01            0.01           
GERMANY        0.01            0.01           
INDIA          0.03            0.03           
INDONESIA      0.05            0.05           
IRAN           0.01            0.01           
IRAQ           0.00            0.00           
JAPAN          0.00            0.00           
JORDAN         0.01            0.01           
KENYA          0.03            0.03           
MOROCCO        0.02            0.02           
MOZAMBIQUE     0.05            0.05           
PERU           0.00            0.00           
ROMANIA        0.04            0.04           
RUSSIA         0.00            0.00           
SAUDI ARABIA   0.02            0.02           
UNITED KINGDOM 0.03            0.03           
UNITED STATES  0.04            0.04           
VIETNAM        0.04            0.04           
2023-05-19 14:02:51,420 - main.py[line:573] - INFO: relative error average: 0.025392015448734154
2023-05-19 14:02:51,421 - main.py[line:574] - INFO: relative error normalized average: 0.02489707728363127
2023-05-19 14:02:51,422 - main.py[line:620] - INFO: total_time:3.167208703001961
