main.py:19: FutureWarning: Passing a negative integer is deprecated in version 1.0 and will not be supported in future version. Instead, use None to not limit the column width.
  pd.set_option('max_colwidth', -1)
2023-05-19 14:03:55,270 - main.py[line:600] - INFO: load query config config/query/customer_join_nation.json successfully
2023-05-19 14:03:55,271 - main.py[line:607] - INFO: load train config ./config/train/tpch_customer_torch_cvae.json successfully
2023-05-19 14:03:55,271 - main.py[line:607] - INFO: load train config ./config/train/tpch_nation_torch_cvae.json successfully
2023-05-19 14:03:55,271 - dataset_utils.py[line:571] - INFO: load existing dataset(light):tpch-20g-customer_c_nationkey_c_acctbal_c_nationkey_binary_gaussian5_0
2023-05-19 14:03:55,832 - dataset_utils.py[line:580] - INFO: load dataset(light) time elapsed:0.561565533047542
2023-05-19 14:03:55,832 - pytorch_cvae.py[line:280] - INFO: feature info:[('c_acctbal', 'numerical', 6), ('c_nationkey', 'categorical', 6)]
2023-05-19 14:03:55,834 - model_utils.py[line:75] - INFO: load model name:torch_cvae_tpch-20g-customer_c_nationkey_ld50_id100_bs1024_ep150_0_binary_gaussian5
2023-05-19 14:03:57,880 - model_utils.py[line:86] - INFO: load torch model time elapsed:2.045726563897915
2023-05-19 14:03:57,880 - pytorch_cvae.py[line:290] - INFO: load model time elapsed:2.6088894600979984
2023-05-19 14:03:57,880 - dataset_utils.py[line:571] - INFO: load existing dataset(light):tpch-35g-nation_n_nationkey#n_name__n_nationkey_binary_mm_0
2023-05-19 14:03:57,881 - dataset_utils.py[line:580] - INFO: load dataset(light) time elapsed:0.0015612479764968157
2023-05-19 14:03:57,881 - pytorch_cvae.py[line:280] - INFO: feature info:[('n_nationkey', 'categorical', 6), ('n_name', 'categorical', 6)]
2023-05-19 14:03:57,882 - model_utils.py[line:75] - INFO: load model name:torch_cvae_tpch-35g-nation_n_nationkey_ld100_id150_bs128_ep100_0_binary_mm
2023-05-19 14:03:57,883 - model_utils.py[line:86] - INFO: load torch model time elapsed:0.0013877680758014321
2023-05-19 14:03:57,883 - pytorch_cvae.py[line:290] - INFO: load model time elapsed:0.003746876958757639
2023-05-19 14:03:57,883 - main.py[line:540] - INFO: multi_sampling No.0 epoch
2023-05-19 14:03:58,417 - pytorch_cvae.py[line:407] - INFO: sampling time:0.5332273970125243
2023-05-19 14:03:58,417 - dataset_utils.py[line:552] - INFO: load existing dataset:tpch-35g-nation_n_nationkey#n_name__n_nationkey_binary_mm_0
2023-05-19 14:03:58,419 - dataset_utils.py[line:564] - INFO: load dataset time elapsed:0.0019595440244302154
2023-05-19 14:03:58,438 - main.py[line:524] - INFO: sample and aggregation time elapsed:0.5544436889467761
2023-05-19 14:03:58,442 - main.py[line:557] - INFO: sample time: 0.5582150750560686
2023-05-19 14:03:58,454 - main.py[line:101] - INFO: aqp result:
                avg(c_acctbal)  sum(c_acctbal)
n_name                                        
ALGERIA        4401.24         527510478.67   
ARGENTINA      4555.66         545850600.46   
BRAZIL         4574.98         548796809.09   
CANADA         4657.16         558663475.94   
CHINA          4720.49         565769025.91   
EGYPT          4469.71         536405813.45   
ETHIOPIA       4535.40         546220751.56   
FRANCE         4366.39         525664846.52   
GERMANY        4528.22         543853179.17   
INDIA          4510.58         543556906.81   
INDONESIA      4661.88         560712130.66   
IRAN           4305.01         517535753.02   
IRAQ           4498.05         539873921.18   
JAPAN          4425.20         528227151.00   
JORDAN         4634.99         552926815.26   
KENYA          4509.93         538801489.36   
MOROCCO        4437.38         532379378.93   
MOZAMBIQUE     4401.40         526847317.15   
PERU           4443.74         532716051.22   
ROMANIA        4452.00         534124247.15   
RUSSIA         4515.68         541357864.53   
SAUDI ARABIA   4429.88         532843715.56   
UNITED KINGDOM 4411.35         532366095.72   
UNITED STATES  4379.69         525899561.58   
VIETNAM        4365.90         523955927.86   
2023-05-19 14:03:58,456 - main.py[line:102] - INFO: ground truth:
                avg(c_acctbal)  sum(c_acctbal)
n_name                                        
ALGERIA        4498.60         539179132.56   
ARGENTINA      4487.74         537712316.92   
BRAZIL         4502.58         540111208.72   
CANADA         4497.83         539550781.18   
CHINA          4498.16         539122418.82   
EGYPT          4499.53         539984141.53   
ETHIOPIA       4498.32         541755384.74   
FRANCE         4494.25         541057901.35   
GERMANY        4493.81         539720485.08   
INDIA          4510.40         543534349.52   
INDONESIA      4497.02         540883690.44   
IRAN           4504.83         541557576.78   
IRAQ           4509.38         541234034.38   
JAPAN          4495.17         536578990.22   
JORDAN         4503.11         537193552.56   
KENYA          4503.27         538005946.84   
MOROCCO        4494.62         539246776.35   
MOZAMBIQUE     4507.15         539505894.77   
PERU           4496.58         539050477.33   
ROMANIA        4484.52         538026061.76   
RUSSIA         4515.14         541292914.28   
SAUDI ARABIA   4511.07         542610117.90   
UNITED KINGDOM 4493.32         542258002.88   
UNITED STATES  4500.03         540349688.07   
VIETNAM        4499.61         540002514.42   
2023-05-19 14:03:58,462 - main.py[line:569] - INFO: relative error:
                avg(c_acctbal)  sum(c_acctbal)
n_name                                        
ALGERIA        0.02            0.02           
ARGENTINA      0.02            0.02           
BRAZIL         0.02            0.02           
CANADA         0.04            0.04           
CHINA          0.05            0.05           
EGYPT          0.01            0.01           
ETHIOPIA       0.01            0.01           
FRANCE         0.03            0.03           
GERMANY        0.01            0.01           
INDIA          0.00            0.00           
INDONESIA      0.04            0.04           
IRAN           0.04            0.04           
IRAQ           0.00            0.00           
JAPAN          0.02            0.02           
JORDAN         0.03            0.03           
KENYA          0.00            0.00           
MOROCCO        0.01            0.01           
MOZAMBIQUE     0.02            0.02           
PERU           0.01            0.01           
ROMANIA        0.01            0.01           
RUSSIA         0.00            0.00           
SAUDI ARABIA   0.02            0.02           
UNITED KINGDOM 0.02            0.02           
UNITED STATES  0.03            0.03           
VIETNAM        0.03            0.03           
2023-05-19 14:03:58,464 - main.py[line:570] - INFO: relative error normalized:
                avg(c_acctbal)  sum(c_acctbal)
n_name                                        
ALGERIA        0.02            0.02           
ARGENTINA      0.02            0.02           
BRAZIL         0.02            0.02           
CANADA         0.03            0.03           
CHINA          0.05            0.05           
EGYPT          0.01            0.01           
ETHIOPIA       0.01            0.01           
FRANCE         0.03            0.03           
GERMANY        0.01            0.01           
INDIA          0.00            0.00           
INDONESIA      0.04            0.04           
IRAN           0.04            0.04           
IRAQ           0.00            0.00           
JAPAN          0.02            0.02           
JORDAN         0.03            0.03           
KENYA          0.00            0.00           
MOROCCO        0.01            0.01           
MOZAMBIQUE     0.02            0.02           
PERU           0.01            0.01           
ROMANIA        0.01            0.01           
RUSSIA         0.00            0.00           
SAUDI ARABIA   0.02            0.02           
UNITED KINGDOM 0.02            0.02           
UNITED STATES  0.03            0.03           
VIETNAM        0.03            0.03           
2023-05-19 14:03:58,464 - main.py[line:573] - INFO: relative error average: 0.01866423596842378
2023-05-19 14:03:58,464 - main.py[line:574] - INFO: relative error normalized average: 0.018402949090925685
2023-05-19 14:03:58,466 - main.py[line:620] - INFO: total_time:3.1951750200241804
