main.py:19: FutureWarning: Passing a negative integer is deprecated in version 1.0 and will not be supported in future version. Instead, use None to not limit the column width.
  pd.set_option('max_colwidth', -1)
2023-05-19 07:49:06,945 - main.py[line:600] - INFO: load query config config/query/census.json successfully
2023-05-19 07:49:06,945 - main.py[line:607] - INFO: load train config ./config/train/census_a_torch_cvae.json successfully
2023-05-19 07:49:06,946 - main.py[line:607] - INFO: load train config ./config/train/census_b_torch_cvae.json successfully
2023-05-19 07:49:06,946 - dataset_utils.py[line:571] - INFO: load existing dataset(light):census-adult-a_a_education_num_a_fnlwgt#a_age#a_hours_per_week_a_education_num_binary_mm_0
2023-05-19 07:49:07,021 - dataset_utils.py[line:580] - INFO: load dataset(light) time elapsed:0.07448495493736118
2023-05-19 07:49:07,021 - pytorch_cvae.py[line:280] - INFO: feature info:[('a_fnlwgt', 'numerical', 1), ('a_age', 'numerical', 1), ('a_hours_per_week', 'numerical', 1), ('a_education_num', 'categorical', 5)]
2023-05-19 07:49:07,022 - model_utils.py[line:75] - INFO: load model name:torch_cvae_census-adult-a_a_education_num_ld50_id100_bs256_ep100_0_binary_mm
2023-05-19 07:49:09,026 - model_utils.py[line:86] - INFO: load torch model time elapsed:2.0039413400227204
2023-05-19 07:49:09,026 - pytorch_cvae.py[line:290] - INFO: load model time elapsed:2.079976958921179
2023-05-19 07:49:09,026 - dataset_utils.py[line:571] - INFO: load existing dataset(light):census-adult-b_b_education_num__b_education_num_binary_gaussian5_0
2023-05-19 07:49:09,035 - dataset_utils.py[line:580] - INFO: load dataset(light) time elapsed:0.008715784060768783
2023-05-19 07:49:09,035 - pytorch_cvae.py[line:280] - INFO: feature info:[('b_education_num', 'categorical', 5)]
2023-05-19 07:49:09,035 - model_utils.py[line:75] - INFO: load model name:torch_cvae_census-adult-b_b_education_num_ld50_id100_bs512_ep100_0_binary_gaussian5
2023-05-19 07:49:09,037 - model_utils.py[line:86] - INFO: load torch model time elapsed:0.0013784859329462051
2023-05-19 07:49:09,037 - pytorch_cvae.py[line:290] - INFO: load model time elapsed:0.01083969499450177
2023-05-19 07:49:09,037 - main.py[line:540] - INFO: multi_sampling No.0 epoch
2023-05-19 07:49:09,042 - main.py[line:540] - INFO: multi_sampling No.1 epoch
2023-05-19 07:49:09,042 - main.py[line:540] - INFO: multi_sampling No.2 epoch
2023-05-19 07:49:09,566 - pytorch_cvae.py[line:407] - INFO: sampling time:0.5229567490750924
2023-05-19 07:49:09,566 - pytorch_cvae.py[line:427] - INFO: house sampling rate:0.5
2023-05-19 07:49:09,613 - pytorch_cvae.py[line:407] - INFO: sampling time:0.5757932260166854
2023-05-19 07:49:09,613 - pytorch_cvae.py[line:427] - INFO: house sampling rate:0.5
2023-05-19 07:49:09,627 - pytorch_cvae.py[line:407] - INFO: sampling time:0.5845872439676896
2023-05-19 07:49:09,627 - pytorch_cvae.py[line:427] - INFO: house sampling rate:0.5
2023-05-19 07:49:09,904 - pytorch_cvae.py[line:407] - INFO: sampling time:0.3380145449191332
2023-05-19 07:49:10,067 - pytorch_cvae.py[line:407] - INFO: sampling time:0.4400091819697991
2023-05-19 07:49:10,232 - pytorch_cvae.py[line:407] - INFO: sampling time:0.6182914880337194
2023-05-19 07:49:11,446 - main.py[line:524] - INFO: sample and aggregation time elapsed:2.40385000302922
2023-05-19 07:49:11,528 - main.py[line:524] - INFO: sample and aggregation time elapsed:2.4864320979686454
2023-05-19 07:49:11,576 - main.py[line:524] - INFO: sample and aggregation time elapsed:2.5386888220673427
2023-05-19 07:49:11,581 - main.py[line:557] - INFO: sample time: 2.544217800954357
2023-05-19 07:49:11,605 - main.py[line:101] - INFO: aqp result:
                 avg(a_age)  avg(a_hours_per_week)  avg(a_fnlwgt)  \
a_education_num                                                     
1               38.97       38.96                  167953.52        
2               38.80       39.04                  161199.45        
3               38.86       40.58                  167572.27        
4               38.67       40.70                  160640.23        
5               38.80       38.53                  157647.08        
6               38.54       38.62                  150804.94        
7               38.60       40.16                  158550.25        
8               38.38       40.23                  151608.62        
9               38.42       39.37                  176343.45        
10              38.32       39.53                  168622.33        
11              38.32       41.07                  176814.34        
12              38.19       41.22                  169113.78        
13              38.23       38.98                  166197.77        
14              38.11       39.13                  158899.16        
15              38.09       40.66                  166948.38        
16              38.00       40.79                  159349.39        

                    sum(a_age)  sum(a_hours_per_week)      sum(a_fnlwgt)  
a_education_num                                                           
1               2012277.66     2012001.78             8673075394.76       
2               22904547.25    23047308.01            95171700733.69      
3               95636225.64    99869270.83            412369997406.98     
4               350508362.64   368987924.51           1456234234150.17    
5               207589583.24   206143895.63           843551583466.32     
6               683084895.69   684410814.10           2672630085892.44    
7               1154629153.44  1201405873.36          4743190637192.98    
8               143321250.63   150222091.84           566180601671.07     
9               88509852628.23 90694264868.75         406280337665882.56  
10              43871074062.08 45266601085.46         193072878259725.84  
11              1516885345.02  1625965062.56          6999460050960.19    
12              920921026.14   993952261.65           4077740244352.37    
13              23131018608.66 23586317576.83         100560199127770.44  
14              2342741928.42  2405364666.95          9767320461627.19    
15              262041117.22   279743273.09           1148654637734.52    
16              136399846.26   146429131.44           571992195154.13     
2023-05-19 07:49:11,607 - main.py[line:102] - INFO: ground truth:
                  sum(a_age)  avg(a_age)  sum(a_hours_per_week)  \
a_education_num                                                   
1                2031480     39.08       2082643.20               
10               44452980128 38.56       45549279985.55           
11               1525713214  38.28       1584781427.69            
12               944372871   38.90       966552746.34             
13               23507072916 38.59       24078556514.48           
14               2392708715  38.66       2446393121.33            
15               267829688   38.66       274754216.44             
16               138387097   38.29       143994096.38             
2                23100702    38.86       23688203.98              
3                96651470    39.01       99301299.12              
4                351713883   38.54       362354449.21             
5                208430442   38.69       211279237.14             
6                682399872   38.25       699976780.53             
7                1167390896  38.76       1197998019.35            
8                143650815   38.21       147510782.09             
9                89422406979 38.55       91544134894.67           

                 avg(a_hours_per_week)      sum(a_fnlwgt)  avg(a_fnlwgt)  
a_education_num                                                           
1               40.06                  9230224059.94      177558.94       
10              39.51                  205404792384807.09 178188.57       
11              39.76                  7056779504246.63   177065.92       
12              39.82                  4299598708023.12   177118.04       
13              39.53                  107642516109517.23 176708.86       
14              39.53                  10917581923528.38  176403.89       
15              39.66                  1227094390856.00   177135.74       
16              39.85                  633778561363.00    175377.27       
2               39.85                  103819245989.45    174650.21       
3               40.08                  438226364458.29    176884.20       
4               39.70                  1642737882074.27   179997.64       
5               39.22                  961460560464.34    178476.56       
6               39.23                  3146896115757.28   176374.01       
7               39.78                  5236529708342.73   173866.28       
8               39.23                  666164527647.66    177184.56       
9               39.47                  410400044228388.38 176936.08       
2023-05-19 07:49:11,617 - main.py[line:569] - INFO: relative error:
                 avg(a_age)  avg(a_fnlwgt)  avg(a_hours_per_week)  sum(a_age)  \
a_education_num                                                                 
1               0.00        0.05           0.03                   0.01          
2               0.00        0.08           0.02                   0.01          
3               0.00        0.05           0.01                   0.01          
4               0.00        0.11           0.03                   0.00          
5               0.00        0.12           0.02                   0.00          
6               0.01        0.14           0.02                   0.00          
7               0.00        0.09           0.01                   0.01          
8               0.00        0.14           0.03                   0.00          
9               0.00        0.00           0.00                   0.01          
10              0.01        0.05           0.00                   0.01          
11              0.00        0.00           0.03                   0.01          
12              0.02        0.05           0.04                   0.02          
13              0.01        0.06           0.01                   0.02          
14              0.01        0.10           0.01                   0.02          
15              0.01        0.06           0.03                   0.02          
16              0.01        0.09           0.02                   0.01          

                 sum(a_fnlwgt)  sum(a_hours_per_week)  
a_education_num                                        
1               0.06           0.03                    
2               0.08           0.03                    
3               0.06           0.01                    
4               0.11           0.02                    
5               0.12           0.02                    
6               0.15           0.02                    
7               0.09           0.00                    
8               0.15           0.02                    
9               0.01           0.01                    
10              0.06           0.01                    
11              0.01           0.03                    
12              0.05           0.03                    
13              0.07           0.02                    
14              0.11           0.02                    
15              0.06           0.02                    
16              0.10           0.02                    
2023-05-19 07:49:11,619 - main.py[line:570] - INFO: relative error normalized:
                 avg(a_age)  avg(a_fnlwgt)  avg(a_hours_per_week)  sum(a_age)  \
a_education_num                                                                 
1               0.00        0.05           0.03                   0.01          
2               0.00        0.07           0.02                   0.01          
3               0.00        0.05           0.01                   0.01          
4               0.00        0.10           0.02                   0.00          
5               0.00        0.11           0.02                   0.00          
6               0.01        0.13           0.02                   0.00          
7               0.00        0.08           0.01                   0.01          
8               0.00        0.13           0.02                   0.00          
9               0.00        0.00           0.00                   0.01          
10              0.01        0.05           0.00                   0.01          
11              0.00        0.00           0.03                   0.01          
12              0.02        0.04           0.03                   0.02          
13              0.01        0.06           0.01                   0.02          
14              0.01        0.09           0.01                   0.02          
15              0.01        0.06           0.02                   0.02          
16              0.01        0.09           0.02                   0.01          

                 sum(a_fnlwgt)  sum(a_hours_per_week)  
a_education_num                                        
1               0.06           0.03                    
2               0.08           0.03                    
3               0.06           0.01                    
4               0.11           0.02                    
5               0.12           0.02                    
6               0.14           0.02                    
7               0.09           0.00                    
8               0.14           0.02                    
9               0.01           0.01                    
10              0.06           0.01                    
11              0.01           0.03                    
12              0.05           0.03                    
13              0.06           0.02                    
14              0.10           0.02                    
15              0.06           0.02                    
16              0.09           0.02                    
2023-05-19 07:49:11,619 - main.py[line:573] - INFO: relative error average: 0.035089921576465406
2023-05-19 07:49:11,619 - main.py[line:574] - INFO: relative error normalized average: 0.0337546330729834
2023-05-19 07:49:11,619 - main.py[line:620] - INFO: total_time:4.673799333977513
