main.py:19: FutureWarning: Passing a negative integer is deprecated in version 1.0 and will not be supported in future version. Instead, use None to not limit the column width.
  pd.set_option('max_colwidth', -1)
2023-05-19 07:49:22,136 - main.py[line:600] - INFO: load query config config/query/census.json successfully
2023-05-19 07:49:22,136 - main.py[line:607] - INFO: load train config ./config/train/census_a_torch_cvae.json successfully
2023-05-19 07:49:22,136 - main.py[line:607] - INFO: load train config ./config/train/census_b_torch_cvae.json successfully
2023-05-19 07:49:22,136 - dataset_utils.py[line:571] - INFO: load existing dataset(light):census-adult-a_a_education_num_a_fnlwgt#a_age#a_hours_per_week_a_education_num_binary_mm_0
2023-05-19 07:49:22,192 - dataset_utils.py[line:580] - INFO: load dataset(light) time elapsed:0.05553561099804938
2023-05-19 07:49:22,192 - pytorch_cvae.py[line:280] - INFO: feature info:[('a_fnlwgt', 'numerical', 1), ('a_age', 'numerical', 1), ('a_hours_per_week', 'numerical', 1), ('a_education_num', 'categorical', 5)]
2023-05-19 07:49:22,193 - model_utils.py[line:75] - INFO: load model name:torch_cvae_census-adult-a_a_education_num_ld50_id100_bs256_ep100_0_binary_mm
2023-05-19 07:49:24,246 - model_utils.py[line:86] - INFO: load torch model time elapsed:2.0531775869894773
2023-05-19 07:49:24,246 - pytorch_cvae.py[line:290] - INFO: load model time elapsed:2.110226645017974
2023-05-19 07:49:24,246 - dataset_utils.py[line:571] - INFO: load existing dataset(light):census-adult-b_b_education_num__b_education_num_binary_gaussian5_0
2023-05-19 07:49:24,255 - dataset_utils.py[line:580] - INFO: load dataset(light) time elapsed:0.00871414807625115
2023-05-19 07:49:24,255 - pytorch_cvae.py[line:280] - INFO: feature info:[('b_education_num', 'categorical', 5)]
2023-05-19 07:49:24,256 - model_utils.py[line:75] - INFO: load model name:torch_cvae_census-adult-b_b_education_num_ld50_id100_bs512_ep100_0_binary_gaussian5
2023-05-19 07:49:24,257 - model_utils.py[line:86] - INFO: load torch model time elapsed:0.0014216620475053787
2023-05-19 07:49:24,257 - pytorch_cvae.py[line:290] - INFO: load model time elapsed:0.010877328924834728
2023-05-19 07:49:24,257 - main.py[line:540] - INFO: multi_sampling No.0 epoch
2023-05-19 07:49:24,262 - main.py[line:540] - INFO: multi_sampling No.1 epoch
2023-05-19 07:49:24,263 - main.py[line:540] - INFO: multi_sampling No.2 epoch
2023-05-19 07:49:24,773 - pytorch_cvae.py[line:407] - INFO: sampling time:0.5107947669457644
2023-05-19 07:49:24,774 - pytorch_cvae.py[line:427] - INFO: house sampling rate:0.5
2023-05-19 07:49:24,813 - pytorch_cvae.py[line:407] - INFO: sampling time:0.5497562170494348
2023-05-19 07:49:24,813 - pytorch_cvae.py[line:427] - INFO: house sampling rate:0.5
2023-05-19 07:49:24,836 - pytorch_cvae.py[line:407] - INFO: sampling time:0.5782184250419959
2023-05-19 07:49:24,836 - pytorch_cvae.py[line:427] - INFO: house sampling rate:0.5
2023-05-19 07:49:25,101 - pytorch_cvae.py[line:407] - INFO: sampling time:0.3273681940045208
2023-05-19 07:49:25,170 - pytorch_cvae.py[line:407] - INFO: sampling time:0.333612920017913
2023-05-19 07:49:25,630 - pytorch_cvae.py[line:407] - INFO: sampling time:0.8163514010375366
2023-05-19 07:49:26,999 - main.py[line:524] - INFO: sample and aggregation time elapsed:2.736589487059973
2023-05-19 07:49:27,058 - main.py[line:524] - INFO: sample and aggregation time elapsed:2.8003086829558015
2023-05-19 07:49:27,164 - main.py[line:524] - INFO: sample and aggregation time elapsed:2.9013068539788947
2023-05-19 07:49:27,170 - main.py[line:557] - INFO: sample time: 2.9122547359438613
2023-05-19 07:49:27,191 - main.py[line:101] - INFO: aqp result:
                 avg(a_age)  avg(a_hours_per_week)  avg(a_fnlwgt)  \
a_education_num                                                     
1               39.00       38.94                  167952.92        
2               38.77       39.06                  160826.66        
3               38.88       40.58                  167718.52        
4               38.72       40.75                  160262.91        
5               38.76       38.50                  158142.42        
6               38.59       38.65                  150104.45        
7               38.58       40.15                  158727.67        
8               38.40       40.22                  151519.20        
9               38.43       39.39                  176226.08        
10              38.31       39.53                  168896.34        
11              38.30       41.07                  176503.27        
12              38.20       41.23                  169244.19        
13              38.21       38.98                  166481.28        
14              38.11       39.11                  159039.53        
15              38.09       40.67                  166816.67        
16              37.99       40.79                  159537.88        

                    sum(a_age)  sum(a_hours_per_week)      sum(a_fnlwgt)  
a_education_num                                                           
1               2008906.11     2005594.61             8650343193.07       
2               22829783.64    22996829.33            94691463189.32      
3               95427057.52    99589910.66            411645587655.33     
4               350087681.17   368427764.05           1448996852939.13    
5               206857109.78   205482693.14           843979043812.78     
6               682186367.16   683122140.80           2653226795795.41    
7               1151098993.17  1197759266.04          4735543846739.64    
8               143031047.29   149809692.57           564302944162.39     
9               88306603947.59 90500893391.33         404902218997565.75  
10              43740503892.00 45133811226.32         192859029662729.91  
11              1512200020.80  1621697041.17          6968789172088.85    
12              918633996.73   991422249.88           4069751618260.90    
13              23058927615.98 23523765288.45         100467110202579.48  
14              2336109457.81  2397695070.81          9750173979759.62    
15              261350144.44   279026610.95           1144604064730.03    
16              135986389.87   146007650.08           571106392934.14     
2023-05-19 07:49:27,193 - main.py[line:102] - INFO: ground truth:
                  sum(a_age)  avg(a_age)  sum(a_hours_per_week)  \
a_education_num                                                   
1                2031480     39.08       2082643.20               
10               44452980128 38.56       45549279985.55           
11               1525713214  38.28       1584781427.69            
12               944372871   38.90       966552746.34             
13               23507072916 38.59       24078556514.48           
14               2392708715  38.66       2446393121.33            
15               267829688   38.66       274754216.44             
16               138387097   38.29       143994096.38             
2                23100702    38.86       23688203.98              
3                96651470    39.01       99301299.12              
4                351713883   38.54       362354449.21             
5                208430442   38.69       211279237.14             
6                682399872   38.25       699976780.53             
7                1167390896  38.76       1197998019.35            
8                143650815   38.21       147510782.09             
9                89422406979 38.55       91544134894.67           

                 avg(a_hours_per_week)      sum(a_fnlwgt)  avg(a_fnlwgt)  
a_education_num                                                           
1               40.06                  9230224059.94      177558.94       
10              39.51                  205404792384807.09 178188.57       
11              39.76                  7056779504246.63   177065.92       
12              39.82                  4299598708023.12   177118.04       
13              39.53                  107642516109517.23 176708.86       
14              39.53                  10917581923528.38  176403.89       
15              39.66                  1227094390856.00   177135.74       
16              39.85                  633778561363.00    175377.27       
2               39.85                  103819245989.45    174650.21       
3               40.08                  438226364458.29    176884.20       
4               39.70                  1642737882074.27   179997.64       
5               39.22                  961460560464.34    178476.56       
6               39.23                  3146896115757.28   176374.01       
7               39.78                  5236529708342.73   173866.28       
8               39.23                  666164527647.66    177184.56       
9               39.47                  410400044228388.38 176936.08       
2023-05-19 07:49:27,203 - main.py[line:569] - INFO: relative error:
                 avg(a_age)  avg(a_fnlwgt)  avg(a_hours_per_week)  sum(a_age)  \
a_education_num                                                                 
1               0.00        0.05           0.03                   0.01          
2               0.00        0.08           0.02                   0.01          
3               0.00        0.05           0.01                   0.01          
4               0.00        0.11           0.03                   0.00          
5               0.00        0.11           0.02                   0.01          
6               0.01        0.15           0.01                   0.00          
7               0.00        0.09           0.01                   0.01          
8               0.01        0.14           0.03                   0.00          
9               0.00        0.00           0.00                   0.01          
10              0.01        0.05           0.00                   0.02          
11              0.00        0.00           0.03                   0.01          
12              0.02        0.04           0.04                   0.03          
13              0.01        0.06           0.01                   0.02          
14              0.01        0.10           0.01                   0.02          
15              0.01        0.06           0.03                   0.02          
16              0.01        0.09           0.02                   0.02          

                 sum(a_fnlwgt)  sum(a_hours_per_week)  
a_education_num                                        
1               0.06           0.04                    
2               0.09           0.03                    
3               0.06           0.00                    
4               0.12           0.02                    
5               0.12           0.03                    
6               0.16           0.02                    
7               0.10           0.00                    
8               0.15           0.02                    
9               0.01           0.01                    
10              0.06           0.01                    
11              0.01           0.02                    
12              0.05           0.03                    
13              0.07           0.02                    
14              0.11           0.02                    
15              0.07           0.02                    
16              0.10           0.01                    
2023-05-19 07:49:27,204 - main.py[line:570] - INFO: relative error normalized:
                 avg(a_age)  avg(a_fnlwgt)  avg(a_hours_per_week)  sum(a_age)  \
a_education_num                                                                 
1               0.00        0.05           0.03                   0.01          
2               0.00        0.08           0.02                   0.01          
3               0.00        0.05           0.01                   0.01          
4               0.00        0.10           0.03                   0.00          
5               0.00        0.11           0.02                   0.01          
6               0.01        0.14           0.01                   0.00          
7               0.00        0.08           0.01                   0.01          
8               0.01        0.13           0.02                   0.00          
9               0.00        0.00           0.00                   0.01          
10              0.01        0.05           0.00                   0.02          
11              0.00        0.00           0.03                   0.01          
12              0.02        0.04           0.03                   0.03          
13              0.01        0.06           0.01                   0.02          
14              0.01        0.09           0.01                   0.02          
15              0.01        0.06           0.02                   0.02          
16              0.01        0.09           0.02                   0.02          

                 sum(a_fnlwgt)  sum(a_hours_per_week)  
a_education_num                                        
1               0.06           0.04                    
2               0.08           0.03                    
3               0.06           0.00                    
4               0.11           0.02                    
5               0.12           0.03                    
6               0.15           0.02                    
7               0.09           0.00                    
8               0.14           0.02                    
9               0.01           0.01                    
10              0.06           0.01                    
11              0.01           0.02                    
12              0.05           0.03                    
13              0.06           0.02                    
14              0.10           0.02                    
15              0.07           0.02                    
16              0.09           0.01                    
2023-05-19 07:49:27,205 - main.py[line:573] - INFO: relative error average: 0.03595885903748497
2023-05-19 07:49:27,205 - main.py[line:574] - INFO: relative error normalized average: 0.03457987522793224
2023-05-19 07:49:27,205 - main.py[line:620] - INFO: total_time:5.068910803995095
