main.py:19: FutureWarning: Passing a negative integer is deprecated in version 1.0 and will not be supported in future version. Instead, use None to not limit the column width.
  pd.set_option('max_colwidth', -1)
2023-05-19 07:50:44,614 - main.py[line:600] - INFO: load query config config/query/census.json successfully
2023-05-19 07:50:44,614 - main.py[line:607] - INFO: load train config ./config/train/census_a_torch_cvae.json successfully
2023-05-19 07:50:44,614 - main.py[line:607] - INFO: load train config ./config/train/census_b_torch_cvae.json successfully
2023-05-19 07:50:44,614 - dataset_utils.py[line:571] - INFO: load existing dataset(light):census-adult-a_a_education_num_a_fnlwgt#a_age#a_hours_per_week_a_education_num_binary_mm_0
2023-05-19 07:50:44,671 - dataset_utils.py[line:580] - INFO: load dataset(light) time elapsed:0.05725569906644523
2023-05-19 07:50:44,672 - pytorch_cvae.py[line:280] - INFO: feature info:[('a_fnlwgt', 'numerical', 1), ('a_age', 'numerical', 1), ('a_hours_per_week', 'numerical', 1), ('a_education_num', 'categorical', 5)]
2023-05-19 07:50:44,673 - model_utils.py[line:75] - INFO: load model name:torch_cvae_census-adult-a_a_education_num_ld50_id100_bs256_ep100_0_binary_mm
2023-05-19 07:50:46,720 - model_utils.py[line:86] - INFO: load torch model time elapsed:2.0467379150213674
2023-05-19 07:50:46,720 - pytorch_cvae.py[line:290] - INFO: load model time elapsed:2.105506023974158
2023-05-19 07:50:46,720 - dataset_utils.py[line:571] - INFO: load existing dataset(light):census-adult-b_b_education_num__b_education_num_binary_gaussian5_0
2023-05-19 07:50:46,728 - dataset_utils.py[line:580] - INFO: load dataset(light) time elapsed:0.008216636953875422
2023-05-19 07:50:46,728 - pytorch_cvae.py[line:280] - INFO: feature info:[('b_education_num', 'categorical', 5)]
2023-05-19 07:50:46,729 - model_utils.py[line:75] - INFO: load model name:torch_cvae_census-adult-b_b_education_num_ld50_id100_bs512_ep100_0_binary_gaussian5
2023-05-19 07:50:46,730 - model_utils.py[line:86] - INFO: load torch model time elapsed:0.0013730330392718315
2023-05-19 07:50:46,730 - pytorch_cvae.py[line:290] - INFO: load model time elapsed:0.010309559991583228
2023-05-19 07:50:46,730 - main.py[line:540] - INFO: multi_sampling No.0 epoch
2023-05-19 07:50:46,735 - main.py[line:540] - INFO: multi_sampling No.1 epoch
2023-05-19 07:50:46,736 - main.py[line:540] - INFO: multi_sampling No.2 epoch
2023-05-19 07:50:47,251 - pytorch_cvae.py[line:407] - INFO: sampling time:0.5154666190501302
2023-05-19 07:50:47,251 - pytorch_cvae.py[line:427] - INFO: house sampling rate:0.5
2023-05-19 07:50:47,292 - pytorch_cvae.py[line:407] - INFO: sampling time:0.5557556509738788
2023-05-19 07:50:47,292 - pytorch_cvae.py[line:427] - INFO: house sampling rate:0.5
2023-05-19 07:50:47,319 - pytorch_cvae.py[line:407] - INFO: sampling time:0.5884480840759352
2023-05-19 07:50:47,319 - pytorch_cvae.py[line:427] - INFO: house sampling rate:0.5
2023-05-19 07:50:47,543 - pytorch_cvae.py[line:407] - INFO: sampling time:0.29216448101215065
2023-05-19 07:50:48,070 - pytorch_cvae.py[line:407] - INFO: sampling time:0.7785224909894168
2023-05-19 07:50:48,142 - pytorch_cvae.py[line:407] - INFO: sampling time:0.8227333460235968
2023-05-19 07:50:49,807 - main.py[line:524] - INFO: sample and aggregation time elapsed:3.0717486219946295
2023-05-19 07:50:50,346 - main.py[line:524] - INFO: sample and aggregation time elapsed:3.6101122529944405
2023-05-19 07:50:50,356 - main.py[line:524] - INFO: sample and aggregation time elapsed:3.625795888947323
2023-05-19 07:50:50,358 - main.py[line:557] - INFO: sample time: 3.628232404938899
2023-05-19 07:50:50,370 - main.py[line:101] - INFO: aqp result:
                 avg(a_age)  avg(a_hours_per_week)  avg(a_fnlwgt)  \
a_education_num                                                     
1               39.01       38.98                  167786.70        
2               38.79       39.07                  160372.30        
3               38.83       40.57                  168087.03        
4               38.67       40.68                  160610.17        
5               38.81       38.53                  157270.84        
6               38.57       38.62                  150641.73        
7               38.58       40.15                  158738.12        
8               38.41       40.22                  151231.05        
9               38.43       39.38                  176233.19        
10              38.31       39.53                  168862.08        
11              38.31       41.08                  176732.33        
12              38.20       41.23                  169262.23        
13              38.21       38.96                  166546.86        
14              38.12       39.11                  159196.52        
15              38.09       40.67                  166976.97        
16              37.99       40.80                  159634.56        

                    sum(a_age)  sum(a_hours_per_week)      sum(a_fnlwgt)  
a_education_num                                                           
1               2027778.17     2026326.53             8722223813.16       
2               23058792.87    23222434.62            95331868024.60      
3               96203660.56    100505748.83           416431599682.96     
4               352907713.56   371262311.70           1465799278214.87    
5               209071011.11   207554977.25           847224469357.22     
6               688237216.93   689148099.79           2687776318770.07    
7               1161850896.13  1209174346.36          4780897573337.47    
8               144413667.41   151223948.62           568586536282.58     
9               89139359766.58 91349361836.69         408769706141895.00  
10              44162368070.77 45565940827.59         194653778422475.84  
11              1526736789.19  1637225904.57          7043484770676.51    
12              927249750.56   1000750763.52          4108896283327.76    
13              23273240635.44 23734065733.43         101452314009657.19  
14              2359037721.80  2420706470.57          9852622992196.75    
15              263886006.21   281710414.86           1156720300016.00    
16              137288249.90   147452649.97           576887529975.40     
2023-05-19 07:50:50,372 - main.py[line:102] - INFO: ground truth:
                  sum(a_age)  avg(a_age)  sum(a_hours_per_week)  \
a_education_num                                                   
1                2031480     39.08       2082643.20               
10               44452980128 38.56       45549279985.55           
11               1525713214  38.28       1584781427.69            
12               944372871   38.90       966552746.34             
13               23507072916 38.59       24078556514.48           
14               2392708715  38.66       2446393121.33            
15               267829688   38.66       274754216.44             
16               138387097   38.29       143994096.38             
2                23100702    38.86       23688203.98              
3                96651470    39.01       99301299.12              
4                351713883   38.54       362354449.21             
5                208430442   38.69       211279237.14             
6                682399872   38.25       699976780.53             
7                1167390896  38.76       1197998019.35            
8                143650815   38.21       147510782.09             
9                89422406979 38.55       91544134894.67           

                 avg(a_hours_per_week)      sum(a_fnlwgt)  avg(a_fnlwgt)  
a_education_num                                                           
1               40.06                  9230224059.94      177558.94       
10              39.51                  205404792384807.09 178188.57       
11              39.76                  7056779504246.63   177065.92       
12              39.82                  4299598708023.12   177118.04       
13              39.53                  107642516109517.23 176708.86       
14              39.53                  10917581923528.38  176403.89       
15              39.66                  1227094390856.00   177135.74       
16              39.85                  633778561363.00    175377.27       
2               39.85                  103819245989.45    174650.21       
3               40.08                  438226364458.29    176884.20       
4               39.70                  1642737882074.27   179997.64       
5               39.22                  961460560464.34    178476.56       
6               39.23                  3146896115757.28   176374.01       
7               39.78                  5236529708342.73   173866.28       
8               39.23                  666164527647.66    177184.56       
9               39.47                  410400044228388.38 176936.08       
2023-05-19 07:50:50,380 - main.py[line:569] - INFO: relative error:
                 avg(a_age)  avg(a_fnlwgt)  avg(a_hours_per_week)  sum(a_age)  \
a_education_num                                                                 
1               0.00        0.06           0.03                   0.00          
2               0.00        0.08           0.02                   0.00          
3               0.00        0.05           0.01                   0.00          
4               0.00        0.11           0.02                   0.00          
5               0.00        0.12           0.02                   0.00          
6               0.01        0.15           0.02                   0.01          
7               0.00        0.09           0.01                   0.00          
8               0.01        0.15           0.03                   0.01          
9               0.00        0.00           0.00                   0.00          
10              0.01        0.05           0.00                   0.01          
11              0.00        0.00           0.03                   0.00          
12              0.02        0.04           0.04                   0.02          
13              0.01        0.06           0.01                   0.01          
14              0.01        0.10           0.01                   0.01          
15              0.01        0.06           0.03                   0.01          
16              0.01        0.09           0.02                   0.01          

                 sum(a_fnlwgt)  sum(a_hours_per_week)  
a_education_num                                        
1               0.06           0.03                    
2               0.08           0.02                    
3               0.05           0.01                    
4               0.11           0.02                    
5               0.12           0.02                    
6               0.15           0.02                    
7               0.09           0.01                    
8               0.15           0.03                    
9               0.00           0.00                    
10              0.05           0.00                    
11              0.00           0.03                    
12              0.04           0.04                    
13              0.06           0.01                    
14              0.10           0.01                    
15              0.06           0.03                    
16              0.09           0.02                    
2023-05-19 07:50:50,381 - main.py[line:570] - INFO: relative error normalized:
                 avg(a_age)  avg(a_fnlwgt)  avg(a_hours_per_week)  sum(a_age)  \
a_education_num                                                                 
1               0.00        0.05           0.03                   0.00          
2               0.00        0.08           0.02                   0.00          
3               0.00        0.05           0.01                   0.00          
4               0.00        0.10           0.02                   0.00          
5               0.00        0.11           0.02                   0.00          
6               0.01        0.14           0.02                   0.01          
7               0.00        0.08           0.01                   0.00          
8               0.01        0.14           0.02                   0.01          
9               0.00        0.00           0.00                   0.00          
10              0.01        0.05           0.00                   0.01          
11              0.00        0.00           0.03                   0.00          
12              0.02        0.04           0.03                   0.02          
13              0.01        0.06           0.01                   0.01          
14              0.01        0.09           0.01                   0.01          
15              0.01        0.06           0.03                   0.01          
16              0.01        0.09           0.02                   0.01          

                 sum(a_fnlwgt)  sum(a_hours_per_week)  
a_education_num                                        
1               0.05           0.03                    
2               0.08           0.02                    
3               0.05           0.01                    
4               0.10           0.02                    
5               0.11           0.02                    
6               0.14           0.02                    
7               0.08           0.01                    
8               0.14           0.02                    
9               0.00           0.00                    
10              0.05           0.00                    
11              0.00           0.03                    
12              0.04           0.03                    
13              0.06           0.01                    
14              0.09           0.01                    
15              0.06           0.03                    
16              0.09           0.02                    
2023-05-19 07:50:50,382 - main.py[line:573] - INFO: relative error average: 0.0333710746539215
2023-05-19 07:50:50,382 - main.py[line:574] - INFO: relative error normalized average: 0.032110477369316985
2023-05-19 07:50:50,382 - main.py[line:620] - INFO: total_time:5.7679965569404885
