main.py:19: FutureWarning: Passing a negative integer is deprecated in version 1.0 and will not be supported in future version. Instead, use None to not limit the column width.
  pd.set_option('max_colwidth', -1)
2023-06-13 21:35:07,368 - main.py[line:628] - INFO: load query config config/tpcds_whole/query/sql58.json successfully
2023-06-13 21:35:07,368 - main.py[line:635] - INFO: load train config ./config/tpcds_whole/train/58_store_sales.json successfully
2023-06-13 21:35:07,368 - main.py[line:635] - INFO: load train config ./config/tpcds_whole/train/86_item.json successfully
2023-06-13 21:35:07,368 - main.py[line:635] - INFO: load train config ./config/tpcds_whole/train/3_date_dim.json successfully
2023-06-13 21:35:07,368 - pytorch_cvae.py[line:249] - INFO: epoch:200
2023-06-13 21:35:07,368 - pytorch_cvae.py[line:250] - INFO: batch size:512
2023-06-13 21:35:07,368 - pytorch_cvae.py[line:251] - INFO: latent dimension:200
2023-06-13 21:35:07,368 - pytorch_cvae.py[line:252] - INFO: intermediate dimension:200
2023-06-13 21:35:07,368 - pytorch_cvae.py[line:253] - INFO: gpu num:0
2023-06-13 21:35:07,368 - dataset_utils.py[line:566] - INFO: load existing dataset:58-store_sales_ss_item_sk#ss_sold_date_sk_ss_ext_sales_price_ss_item_sk_binary_gaussian10_0
2023-06-13 21:35:11,695 - dataset_utils.py[line:578] - INFO: load dataset time elapsed:4.326974223004072
2023-06-13 21:35:11,696 - pytorch_cvae.py[line:258] - INFO: feature info:[('ss_ext_sales_price', 'numerical', 11), ('ss_item_sk', 'categorical', 16), ('ss_sold_date_sk', 'categorical', 12)]
2023-06-13 21:35:52,440 - pytorch_cvae.py[line:170] - INFO: ----------------------------No.1 epoch----------------------------
2023-06-13 21:35:52,440 - pytorch_cvae.py[line:177] - INFO: loss:1277.9829168468714, numeric_loss:42.57129998807795, categorical_loss:502.9493138738908, kld_loss:135883.802765131, epoch_train_time:40.74189559101069
2023-06-13 21:36:32,826 - pytorch_cvae.py[line:170] - INFO: ----------------------------No.2 epoch----------------------------
2023-06-13 21:36:32,826 - pytorch_cvae.py[line:177] - INFO: loss:643.5153646543622, numeric_loss:20.98328908183612, categorical_loss:59.044228703249246, kld_loss:94635.63193130493, epoch_train_time:40.385720445003244
2023-06-13 21:37:13,030 - pytorch_cvae.py[line:170] - INFO: ----------------------------No.3 epoch----------------------------
2023-06-13 21:37:13,030 - pytorch_cvae.py[line:177] - INFO: loss:692.1661192178726, numeric_loss:20.995862011564896, categorical_loss:62.412982946727425, kld_loss:92648.04808235168, epoch_train_time:40.203937564001535
2023-06-13 21:37:53,459 - pytorch_cvae.py[line:170] - INFO: ----------------------------No.4 epoch----------------------------
2023-06-13 21:37:53,459 - pytorch_cvae.py[line:177] - INFO: loss:748.4832516312599, numeric_loss:22.281847996870056, categorical_loss:67.96835171571001, kld_loss:90871.5819606781, epoch_train_time:40.428057608005474
2023-06-13 21:38:33,583 - pytorch_cvae.py[line:170] - INFO: ----------------------------No.5 epoch----------------------------
2023-06-13 21:38:33,583 - pytorch_cvae.py[line:177] - INFO: loss:809.3746720999479, numeric_loss:24.003131637815386, categorical_loss:74.3978768773377, kld_loss:89123.55494880676, epoch_train_time:40.12382459899527
2023-06-13 21:39:14,085 - pytorch_cvae.py[line:170] - INFO: ----------------------------No.6 epoch----------------------------
2023-06-13 21:39:14,085 - pytorch_cvae.py[line:177] - INFO: loss:874.9529755115509, numeric_loss:26.071805612184107, categorical_loss:82.2027482772246, kld_loss:87352.85326004028, epoch_train_time:40.50194609499886
2023-06-13 21:39:54,708 - pytorch_cvae.py[line:170] - INFO: ----------------------------No.7 epoch----------------------------
2023-06-13 21:39:54,708 - pytorch_cvae.py[line:177] - INFO: loss:944.9020283073187, numeric_loss:28.285665539558977, categorical_loss:90.64608676126227, kld_loss:85622.41237735748, epoch_train_time:40.62309898600506
2023-06-13 21:40:35,070 - pytorch_cvae.py[line:170] - INFO: ----------------------------No.8 epoch----------------------------
2023-06-13 21:40:35,070 - pytorch_cvae.py[line:177] - INFO: loss:1018.9854530543089, numeric_loss:30.608805297408253, categorical_loss:99.72831058315933, kld_loss:83897.00140857697, epoch_train_time:40.36159845700604
2023-06-13 21:41:15,534 - pytorch_cvae.py[line:170] - INFO: ----------------------------No.9 epoch----------------------------
2023-06-13 21:41:15,534 - pytorch_cvae.py[line:177] - INFO: loss:1096.391827762127, numeric_loss:33.27664954541251, categorical_loss:109.56792366318405, kld_loss:82070.38991737366, epoch_train_time:40.46443804699811
2023-06-13 21:41:55,685 - pytorch_cvae.py[line:170] - INFO: ----------------------------No.10 epoch----------------------------
2023-06-13 21:41:55,686 - pytorch_cvae.py[line:177] - INFO: loss:1181.3621952533722, numeric_loss:35.937049362342805, categorical_loss:121.34976720623672, kld_loss:80433.73690032959, epoch_train_time:40.15098230801232
2023-06-13 21:42:36,036 - pytorch_cvae.py[line:170] - INFO: ----------------------------No.11 epoch----------------------------
2023-06-13 21:42:36,036 - pytorch_cvae.py[line:177] - INFO: loss:1271.4337149262428, numeric_loss:39.1497446866706, categorical_loss:134.05790258850902, kld_loss:78794.22866916656, epoch_train_time:40.349940499989316
2023-06-13 21:43:16,193 - pytorch_cvae.py[line:170] - INFO: ----------------------------No.12 epoch----------------------------
2023-06-13 21:43:16,193 - pytorch_cvae.py[line:177] - INFO: loss:1368.586474686861, numeric_loss:42.390751126687974, categorical_loss:149.02187923993915, kld_loss:77227.84429550171, epoch_train_time:40.15696741899592
2023-06-13 21:43:56,609 - pytorch_cvae.py[line:170] - INFO: ----------------------------No.13 epoch----------------------------
2023-06-13 21:43:56,609 - pytorch_cvae.py[line:177] - INFO: loss:1471.2073564827442, numeric_loss:45.99682761495933, categorical_loss:165.64358734339476, kld_loss:75634.42476844788, epoch_train_time:40.415818224006216
2023-06-13 21:44:36,782 - pytorch_cvae.py[line:170] - INFO: ----------------------------No.14 epoch----------------------------
2023-06-13 21:44:36,782 - pytorch_cvae.py[line:177] - INFO: loss:1579.7189133763313, numeric_loss:49.81508952146396, categorical_loss:184.37452682480216, kld_loss:74027.08490753174, epoch_train_time:40.172918454001774
2023-06-13 21:45:17,029 - pytorch_cvae.py[line:170] - INFO: ----------------------------No.15 epoch----------------------------
2023-06-13 21:45:17,029 - pytorch_cvae.py[line:177] - INFO: loss:1694.5724794268608, numeric_loss:54.214329086244106, categorical_loss:204.85820270329714, kld_loss:72432.62137699127, epoch_train_time:40.24695692300156
2023-06-13 21:45:57,259 - pytorch_cvae.py[line:170] - INFO: ----------------------------No.16 epoch----------------------------
2023-06-13 21:45:57,259 - pytorch_cvae.py[line:177] - INFO: loss:1815.0737853348255, numeric_loss:58.67981026507914, categorical_loss:227.8422927055508, kld_loss:70807.45232200623, epoch_train_time:40.23019736300921
2023-06-13 21:46:37,547 - pytorch_cvae.py[line:170] - INFO: ----------------------------No.17 epoch----------------------------
2023-06-13 21:46:37,547 - pytorch_cvae.py[line:177] - INFO: loss:1945.0860548615456, numeric_loss:63.439539451152086, categorical_loss:254.58531662076712, kld_loss:69263.56625080109, epoch_train_time:40.287322828007746
2023-06-13 21:47:17,841 - pytorch_cvae.py[line:170] - INFO: ----------------------------No.18 epoch----------------------------
2023-06-13 21:47:17,841 - pytorch_cvae.py[line:177] - INFO: loss:2080.2237113416195, numeric_loss:68.77345524635166, categorical_loss:283.77390822023153, kld_loss:67654.97668075562, epoch_train_time:40.29372436601261
2023-06-13 21:47:58,334 - pytorch_cvae.py[line:170] - INFO: ----------------------------No.19 epoch----------------------------
2023-06-13 21:47:58,334 - pytorch_cvae.py[line:177] - INFO: loss:2221.4260459840298, numeric_loss:74.36729485075921, categorical_loss:316.4931160919368, kld_loss:66007.51060771942, epoch_train_time:40.49280177000037
2023-06-13 21:48:38,695 - pytorch_cvae.py[line:170] - INFO: ----------------------------No.20 epoch----------------------------
2023-06-13 21:48:38,696 - pytorch_cvae.py[line:177] - INFO: loss:2367.8190939724445, numeric_loss:80.21194643899798, categorical_loss:353.5992670767009, kld_loss:64279.32255458832, epoch_train_time:40.36147542200342
2023-06-13 21:49:19,116 - pytorch_cvae.py[line:170] - INFO: ----------------------------No.21 epoch----------------------------
2023-06-13 21:49:19,117 - pytorch_cvae.py[line:177] - INFO: loss:2523.1754518449306, numeric_loss:86.86468024924397, categorical_loss:394.95406898856163, kld_loss:62599.55364894867, epoch_train_time:40.420914514004835
2023-06-13 21:49:59,533 - pytorch_cvae.py[line:170] - INFO: ----------------------------No.22 epoch----------------------------
2023-06-13 21:49:59,534 - pytorch_cvae.py[line:177] - INFO: loss:2685.0495295524597, numeric_loss:93.5738116633147, categorical_loss:442.056802790612, kld_loss:60876.123540878296, epoch_train_time:40.41675065699383
2023-06-13 21:50:39,813 - pytorch_cvae.py[line:170] - INFO: ----------------------------No.23 epoch----------------------------
2023-06-13 21:50:39,813 - pytorch_cvae.py[line:177] - INFO: loss:2852.4636445641518, numeric_loss:101.21345573104918, categorical_loss:494.96805914491415, kld_loss:59078.19620037079, epoch_train_time:40.27934268899844
2023-06-13 21:51:20,089 - pytorch_cvae.py[line:170] - INFO: ----------------------------No.24 epoch----------------------------
2023-06-13 21:51:20,089 - pytorch_cvae.py[line:177] - INFO: loss:3024.3221480846405, numeric_loss:109.1601595338434, categorical_loss:555.1135206818581, kld_loss:57186.949518203735, epoch_train_time:40.276018899996416
2023-06-13 21:52:00,209 - pytorch_cvae.py[line:170] - INFO: ----------------------------No.25 epoch----------------------------
2023-06-13 21:52:00,209 - pytorch_cvae.py[line:177] - INFO: loss:3201.689961671829, numeric_loss:117.40349632501602, categorical_loss:623.1272375360131, kld_loss:55244.90176486969, epoch_train_time:40.11953291299869
2023-06-13 21:52:40,512 - pytorch_cvae.py[line:170] - INFO: ----------------------------No.26 epoch----------------------------
2023-06-13 21:52:40,512 - pytorch_cvae.py[line:177] - INFO: loss:3386.8009366989136, numeric_loss:126.66502461768687, categorical_loss:701.1532649770379, kld_loss:53263.607172966, epoch_train_time:40.30321515200194
2023-06-13 21:53:20,786 - pytorch_cvae.py[line:170] - INFO: ----------------------------No.27 epoch----------------------------
2023-06-13 21:53:20,786 - pytorch_cvae.py[line:177] - INFO: loss:3576.7178495526314, numeric_loss:136.1914033908397, categorical_loss:793.6066178381443, kld_loss:51138.63003158569, epoch_train_time:40.27343722899968
2023-06-13 21:54:01,126 - pytorch_cvae.py[line:170] - INFO: ----------------------------No.28 epoch----------------------------
2023-06-13 21:54:01,126 - pytorch_cvae.py[line:177] - INFO: loss:3771.29107183218, numeric_loss:146.3564920630306, categorical_loss:901.779288828373, kld_loss:48883.25079917908, epoch_train_time:40.33955397400132
2023-06-13 21:54:41,462 - pytorch_cvae.py[line:170] - INFO: ----------------------------No.29 epoch----------------------------
2023-06-13 21:54:41,462 - pytorch_cvae.py[line:177] - INFO: loss:3961.3009774684906, numeric_loss:157.1224498618394, categorical_loss:1023.9069767892361, kld_loss:46418.225377082825, epoch_train_time:40.3364076979924
2023-06-13 21:55:21,927 - pytorch_cvae.py[line:170] - INFO: ----------------------------No.30 epoch----------------------------
2023-06-13 21:55:21,928 - pytorch_cvae.py[line:177] - INFO: loss:4150.930766642094, numeric_loss:168.29461906291544, categorical_loss:1154.9534198492765, kld_loss:43952.130336761475, epoch_train_time:40.46508616700885
2023-06-13 21:56:02,197 - pytorch_cvae.py[line:170] - INFO: ----------------------------No.31 epoch----------------------------
2023-06-13 21:56:02,197 - pytorch_cvae.py[line:177] - INFO: loss:4345.891548037529, numeric_loss:180.5032908655703, categorical_loss:1327.132121860981, kld_loss:41113.371532440186, epoch_train_time:40.26932068899623
2023-06-13 21:56:42,610 - pytorch_cvae.py[line:170] - INFO: ----------------------------No.32 epoch----------------------------
2023-06-13 21:56:42,610 - pytorch_cvae.py[line:177] - INFO: loss:4537.0055874586105, numeric_loss:193.45217672735453, categorical_loss:1558.3239268660545, kld_loss:37636.481340408325, epoch_train_time:40.41321797500132
2023-06-13 21:57:22,900 - pytorch_cvae.py[line:170] - INFO: ----------------------------No.33 epoch----------------------------
2023-06-13 21:57:22,900 - pytorch_cvae.py[line:177] - INFO: loss:4716.258473396301, numeric_loss:206.94767095521092, categorical_loss:1886.8240170776844, kld_loss:33091.17261886597, epoch_train_time:40.28922520400374
2023-06-13 21:58:03,305 - pytorch_cvae.py[line:170] - INFO: ----------------------------No.34 epoch----------------------------
2023-06-13 21:58:03,305 - pytorch_cvae.py[line:177] - INFO: loss:4871.904716253281, numeric_loss:221.2355472445488, categorical_loss:2409.508913874626, kld_loss:26433.636011600494, epoch_train_time:40.40518919599708
2023-06-13 21:58:43,622 - pytorch_cvae.py[line:170] - INFO: ----------------------------No.35 epoch----------------------------
2023-06-13 21:58:43,622 - pytorch_cvae.py[line:177] - INFO: loss:4978.8464497327805, numeric_loss:236.2452745102346, categorical_loss:2980.9004311561584, kld_loss:19441.757495880127, epoch_train_time:40.31634474400198
2023-06-13 21:59:23,922 - pytorch_cvae.py[line:170] - INFO: ----------------------------No.36 epoch----------------------------
2023-06-13 21:59:23,922 - pytorch_cvae.py[line:177] - INFO: loss:5073.414258718491, numeric_loss:253.16088289394975, categorical_loss:3197.593972325325, kld_loss:16771.984936237335, epoch_train_time:40.300483781000366
2023-06-13 22:00:04,428 - pytorch_cvae.py[line:170] - INFO: ----------------------------No.37 epoch----------------------------
2023-06-13 22:00:04,428 - pytorch_cvae.py[line:177] - INFO: loss:5172.944587349892, numeric_loss:269.25754537805915, categorical_loss:3281.912709236145, kld_loss:15715.765640974045, epoch_train_time:40.50569165500929
2023-06-13 22:00:44,754 - pytorch_cvae.py[line:170] - INFO: ----------------------------No.38 epoch----------------------------
2023-06-13 22:00:44,754 - pytorch_cvae.py[line:177] - INFO: loss:5273.134531319141, numeric_loss:289.26174587383866, categorical_loss:3332.3043046593666, kld_loss:15019.794244289398, epoch_train_time:40.32545504200971
2023-06-13 22:01:25,182 - pytorch_cvae.py[line:170] - INFO: ----------------------------No.39 epoch----------------------------
2023-06-13 22:01:25,182 - pytorch_cvae.py[line:177] - INFO: loss:5373.801716923714, numeric_loss:308.54713816568255, categorical_loss:3378.2478400468826, kld_loss:14412.549480438232, epoch_train_time:40.428185362994554
2023-06-13 22:02:05,455 - pytorch_cvae.py[line:170] - INFO: ----------------------------No.40 epoch----------------------------
2023-06-13 22:02:05,455 - pytorch_cvae.py[line:177] - INFO: loss:5474.235575556755, numeric_loss:311.65309277921915, categorical_loss:3413.853610396385, kld_loss:14048.739948034286, epoch_train_time:40.27262871300627
2023-06-13 22:02:45,749 - pytorch_cvae.py[line:170] - INFO: ----------------------------No.41 epoch----------------------------
2023-06-13 22:02:45,749 - pytorch_cvae.py[line:177] - INFO: loss:5573.491635799408, numeric_loss:288.0946963839233, categorical_loss:3434.3513129353523, kld_loss:13997.717644453049, epoch_train_time:40.29340470400348
2023-06-13 22:03:26,061 - pytorch_cvae.py[line:170] - INFO: ----------------------------No.42 epoch----------------------------
2023-06-13 22:03:26,061 - pytorch_cvae.py[line:177] - INFO: loss:5682.792965173721, numeric_loss:279.1950886659324, categorical_loss:3450.248168349266, kld_loss:13918.087994098663, epoch_train_time:40.312468420001096
2023-06-13 22:04:06,466 - pytorch_cvae.py[line:170] - INFO: ----------------------------No.43 epoch----------------------------
2023-06-13 22:04:06,466 - pytorch_cvae.py[line:177] - INFO: loss:5795.234725594521, numeric_loss:283.4447471126914, categorical_loss:3467.2415638566017, kld_loss:13740.126316308975, epoch_train_time:40.40469228399161
2023-06-13 22:04:46,760 - pytorch_cvae.py[line:170] - INFO: ----------------------------No.44 epoch----------------------------
2023-06-13 22:04:46,760 - pytorch_cvae.py[line:177] - INFO: loss:5913.365548968315, numeric_loss:287.38429445773363, categorical_loss:3484.9384143948555, kld_loss:13584.597178936005, epoch_train_time:40.29400966600224
2023-06-13 22:05:27,116 - pytorch_cvae.py[line:170] - INFO: ----------------------------No.45 epoch----------------------------
2023-06-13 22:05:27,116 - pytorch_cvae.py[line:177] - INFO: loss:6036.758396625519, numeric_loss:293.0483980253339, categorical_loss:3503.944582223892, kld_loss:13430.317639350891, epoch_train_time:40.35543288200279
2023-06-13 22:06:07,462 - pytorch_cvae.py[line:170] - INFO: ----------------------------No.46 epoch----------------------------
2023-06-13 22:06:07,462 - pytorch_cvae.py[line:177] - INFO: loss:6161.377364516258, numeric_loss:298.62621232122183, categorical_loss:3525.6242657899857, kld_loss:13257.532890796661, epoch_train_time:40.34596927301027
2023-06-13 22:06:47,989 - pytorch_cvae.py[line:170] - INFO: ----------------------------No.47 epoch----------------------------
2023-06-13 22:06:47,989 - pytorch_cvae.py[line:177] - INFO: loss:6288.128574371338, numeric_loss:304.3108528368175, categorical_loss:3549.0914973020554, kld_loss:13078.607518911362, epoch_train_time:40.52704653798719
2023-06-13 22:07:28,186 - pytorch_cvae.py[line:170] - INFO: ----------------------------No.48 epoch----------------------------
2023-06-13 22:07:28,187 - pytorch_cvae.py[line:177] - INFO: loss:6419.628774762154, numeric_loss:311.7535977587104, categorical_loss:3572.8261483311653, kld_loss:12908.11917424202, epoch_train_time:40.19694857999275
2023-06-13 22:08:08,515 - pytorch_cvae.py[line:170] - INFO: ----------------------------No.49 epoch----------------------------
2023-06-13 22:08:08,515 - pytorch_cvae.py[line:177] - INFO: loss:6553.964221954346, numeric_loss:317.6089396253228, categorical_loss:3598.9376489520073, kld_loss:12742.511837005615, epoch_train_time:40.32797858600679
2023-06-13 22:08:48,884 - pytorch_cvae.py[line:170] - INFO: ----------------------------No.50 epoch----------------------------
2023-06-13 22:08:48,884 - pytorch_cvae.py[line:177] - INFO: loss:6691.634407877922, numeric_loss:320.4763279929757, categorical_loss:3626.357589006424, kld_loss:12595.6556494236, epoch_train_time:40.368735383992316
2023-06-13 22:09:29,204 - pytorch_cvae.py[line:170] - INFO: ----------------------------No.51 epoch----------------------------
2023-06-13 22:09:29,204 - pytorch_cvae.py[line:177] - INFO: loss:6830.973848700523, numeric_loss:320.7922373563051, categorical_loss:3653.9367649555206, kld_loss:12461.592733621597, epoch_train_time:40.320046774999355
2023-06-13 22:10:09,469 - pytorch_cvae.py[line:170] - INFO: ----------------------------No.52 epoch----------------------------
2023-06-13 22:10:09,470 - pytorch_cvae.py[line:177] - INFO: loss:6973.771884083748, numeric_loss:320.6975214667618, categorical_loss:3681.663550555706, kld_loss:12337.95663189888, epoch_train_time:40.26544265700795
2023-06-13 22:10:49,979 - pytorch_cvae.py[line:170] - INFO: ----------------------------No.53 epoch----------------------------
2023-06-13 22:10:49,979 - pytorch_cvae.py[line:177] - INFO: loss:7121.228262662888, numeric_loss:320.7139461748302, categorical_loss:3713.958942055702, kld_loss:12209.316222667694, epoch_train_time:40.508920510997996
2023-06-13 22:11:30,303 - pytorch_cvae.py[line:170] - INFO: ----------------------------No.54 epoch----------------------------
2023-06-13 22:11:30,303 - pytorch_cvae.py[line:177] - INFO: loss:7268.275825023651, numeric_loss:320.65459860116243, categorical_loss:3744.373807668686, kld_loss:12083.11063838005, epoch_train_time:40.32382468400465
2023-06-13 22:12:10,624 - pytorch_cvae.py[line:170] - INFO: ----------------------------No.55 epoch----------------------------
2023-06-13 22:12:10,625 - pytorch_cvae.py[line:177] - INFO: loss:7418.766827940941, numeric_loss:320.65014481171966, categorical_loss:3778.766095340252, kld_loss:11952.168482542038, epoch_train_time:40.32173712700023
2023-06-13 22:12:50,946 - pytorch_cvae.py[line:170] - INFO: ----------------------------No.56 epoch----------------------------
2023-06-13 22:12:50,946 - pytorch_cvae.py[line:177] - INFO: loss:7572.666217803955, numeric_loss:320.6447722055018, categorical_loss:3814.76213401556, kld_loss:11826.206909179688, epoch_train_time:40.32120915799169
2023-06-13 22:13:31,234 - pytorch_cvae.py[line:170] - INFO: ----------------------------No.57 epoch----------------------------
2023-06-13 22:13:31,234 - pytorch_cvae.py[line:177] - INFO: loss:7728.890086889267, numeric_loss:320.6922335959971, categorical_loss:3852.4343890547752, kld_loss:11701.456898927689, epoch_train_time:40.28822039900115
2023-06-13 22:14:11,658 - pytorch_cvae.py[line:170] - INFO: ----------------------------No.58 epoch----------------------------
2023-06-13 22:14:11,658 - pytorch_cvae.py[line:177] - INFO: loss:7882.217585682869, numeric_loss:320.6651560179889, categorical_loss:3890.4043751358986, kld_loss:11566.904498577118, epoch_train_time:40.423891543003265
2023-06-13 22:14:52,114 - pytorch_cvae.py[line:170] - INFO: ----------------------------No.59 epoch----------------------------
2023-06-13 22:14:52,114 - pytorch_cvae.py[line:177] - INFO: loss:8037.30424118042, numeric_loss:320.6456118710339, categorical_loss:3930.2928290963173, kld_loss:11433.52922296524, epoch_train_time:40.45555412799877
2023-06-13 22:15:32,535 - pytorch_cvae.py[line:170] - INFO: ----------------------------No.60 epoch----------------------------
2023-06-13 22:15:32,535 - pytorch_cvae.py[line:177] - INFO: loss:8198.033730745316, numeric_loss:320.6653312407434, categorical_loss:3973.3674597144127, kld_loss:11309.527159452438, epoch_train_time:40.42042112200579
2023-06-13 22:16:12,922 - pytorch_cvae.py[line:170] - INFO: ----------------------------No.61 epoch----------------------------
2023-06-13 22:16:12,922 - pytorch_cvae.py[line:177] - INFO: loss:8359.451676726341, numeric_loss:320.66914796084166, categorical_loss:4019.6295722723007, kld_loss:11180.986305713654, epoch_train_time:40.3869715359906
2023-06-13 22:16:53,102 - pytorch_cvae.py[line:170] - INFO: ----------------------------No.62 epoch----------------------------
2023-06-13 22:16:53,102 - pytorch_cvae.py[line:177] - INFO: loss:8518.309169054031, numeric_loss:320.6667956933379, categorical_loss:4066.1331001520157, kld_loss:11048.407618999481, epoch_train_time:40.18031533500471
2023-06-13 22:17:33,379 - pytorch_cvae.py[line:170] - INFO: ----------------------------No.63 epoch----------------------------
2023-06-13 22:17:33,379 - pytorch_cvae.py[line:177] - INFO: loss:8679.419955253601, numeric_loss:320.6475905999541, categorical_loss:4115.996761500835, kld_loss:10917.437087535858, epoch_train_time:40.276269274996594
2023-06-13 22:18:13,666 - pytorch_cvae.py[line:170] - INFO: ----------------------------No.64 epoch----------------------------
2023-06-13 22:18:13,666 - pytorch_cvae.py[line:177] - INFO: loss:8838.292432785034, numeric_loss:320.6680992767215, categorical_loss:4163.959164023399, kld_loss:10790.450984239578, epoch_train_time:40.28717965200485
2023-06-13 22:18:53,895 - pytorch_cvae.py[line:170] - INFO: ----------------------------No.65 epoch----------------------------
2023-06-13 22:18:53,895 - pytorch_cvae.py[line:177] - INFO: loss:9000.647649407387, numeric_loss:320.6383891105652, categorical_loss:4218.01219689846, kld_loss:10662.575278997421, epoch_train_time:40.228621931993985
2023-06-13 22:19:34,023 - pytorch_cvae.py[line:170] - INFO: ----------------------------No.66 epoch----------------------------
2023-06-13 22:19:34,023 - pytorch_cvae.py[line:177] - INFO: loss:9160.430005431175, numeric_loss:320.63381689041853, categorical_loss:4273.665802180767, kld_loss:10530.856218457222, epoch_train_time:40.12784598200233
2023-06-13 22:20:14,387 - pytorch_cvae.py[line:170] - INFO: ----------------------------No.67 epoch----------------------------
2023-06-13 22:20:14,387 - pytorch_cvae.py[line:177] - INFO: loss:9318.376981019974, numeric_loss:320.64434284716845, categorical_loss:4328.366759061813, kld_loss:10403.755114197731, epoch_train_time:40.363533774987445
2023-06-13 22:20:54,970 - pytorch_cvae.py[line:170] - INFO: ----------------------------No.68 epoch----------------------------
2023-06-13 22:20:54,970 - pytorch_cvae.py[line:177] - INFO: loss:9475.705957651138, numeric_loss:320.63745202869177, categorical_loss:4385.3444966077805, kld_loss:10277.242475509644, epoch_train_time:40.583245198009536
2023-06-13 22:21:35,522 - pytorch_cvae.py[line:170] - INFO: ----------------------------No.69 epoch----------------------------
2023-06-13 22:21:35,523 - pytorch_cvae.py[line:177] - INFO: loss:9633.752460956573, numeric_loss:320.65199526399374, categorical_loss:4448.808878839016, kld_loss:10145.848740696907, epoch_train_time:40.55224876799912
2023-06-13 22:22:15,921 - pytorch_cvae.py[line:170] - INFO: ----------------------------No.70 epoch----------------------------
2023-06-13 22:22:15,921 - pytorch_cvae.py[line:177] - INFO: loss:9783.885089755058, numeric_loss:320.65388544648886, categorical_loss:4509.560820937157, kld_loss:10011.879620432854, epoch_train_time:40.398536413005786
2023-06-13 22:22:56,236 - pytorch_cvae.py[line:170] - INFO: ----------------------------No.71 epoch----------------------------
2023-06-13 22:22:56,236 - pytorch_cvae.py[line:177] - INFO: loss:9936.617402553558, numeric_loss:320.65872718021274, categorical_loss:4574.851861953735, kld_loss:9882.536759614944, epoch_train_time:40.314593884992064
2023-06-13 22:23:36,708 - pytorch_cvae.py[line:170] - INFO: ----------------------------No.72 epoch----------------------------
2023-06-13 22:23:36,708 - pytorch_cvae.py[line:177] - INFO: loss:10084.524197816849, numeric_loss:320.6254868991673, categorical_loss:4639.847778856754, kld_loss:9753.135859847069, epoch_train_time:40.472264288997394
2023-06-13 22:24:17,107 - pytorch_cvae.py[line:170] - INFO: ----------------------------No.73 epoch----------------------------
2023-06-13 22:24:17,107 - pytorch_cvae.py[line:177] - INFO: loss:10234.417736172676, numeric_loss:320.6352637782693, categorical_loss:4711.545049786568, kld_loss:9623.734285593033, epoch_train_time:40.398253467996255
2023-06-13 22:24:57,516 - pytorch_cvae.py[line:170] - INFO: ----------------------------No.74 epoch----------------------------
2023-06-13 22:24:57,517 - pytorch_cvae.py[line:177] - INFO: loss:10378.528831362724, numeric_loss:320.6316586099565, categorical_loss:4779.728304684162, kld_loss:9499.343933582306, epoch_train_time:40.40954946501006
2023-06-13 22:25:37,884 - pytorch_cvae.py[line:170] - INFO: ----------------------------No.75 epoch----------------------------
2023-06-13 22:25:37,884 - pytorch_cvae.py[line:177] - INFO: loss:10517.547928214073, numeric_loss:320.61764639243484, categorical_loss:4849.22469574213, kld_loss:9372.79337656498, epoch_train_time:40.36769849000848
2023-06-13 22:26:18,069 - pytorch_cvae.py[line:170] - INFO: ----------------------------No.76 epoch----------------------------
2023-06-13 22:26:18,069 - pytorch_cvae.py[line:177] - INFO: loss:10653.79354608059, numeric_loss:320.6585198491812, categorical_loss:4922.148087382317, kld_loss:9244.927568078041, epoch_train_time:40.18403612099064
2023-06-13 22:26:58,211 - pytorch_cvae.py[line:170] - INFO: ----------------------------No.77 epoch----------------------------
2023-06-13 22:26:58,211 - pytorch_cvae.py[line:177] - INFO: loss:10786.826716780663, numeric_loss:320.66184639558196, categorical_loss:4994.635258674622, kld_loss:9122.115495562553, epoch_train_time:40.14229749501101
2023-06-13 22:27:38,537 - pytorch_cvae.py[line:170] - INFO: ----------------------------No.78 epoch----------------------------
2023-06-13 22:27:38,537 - pytorch_cvae.py[line:177] - INFO: loss:10911.923061609268, numeric_loss:320.65565472096205, categorical_loss:5070.538384377956, kld_loss:8990.36509847641, epoch_train_time:40.326075143006165
2023-06-13 22:28:18,953 - pytorch_cvae.py[line:170] - INFO: ----------------------------No.79 epoch----------------------------
2023-06-13 22:28:18,954 - pytorch_cvae.py[line:177] - INFO: loss:11043.081811666489, numeric_loss:320.58961279317737, categorical_loss:5148.080973744392, kld_loss:8875.815529227257, epoch_train_time:40.41600748800556
2023-06-13 22:28:59,263 - pytorch_cvae.py[line:170] - INFO: ----------------------------No.80 epoch----------------------------
2023-06-13 22:28:59,263 - pytorch_cvae.py[line:177] - INFO: loss:11159.64237499237, numeric_loss:320.62876746430993, categorical_loss:5223.924675166607, kld_loss:8750.413460373878, epoch_train_time:40.30905886999972
2023-06-13 22:29:39,586 - pytorch_cvae.py[line:170] - INFO: ----------------------------No.81 epoch----------------------------
2023-06-13 22:29:39,586 - pytorch_cvae.py[line:177] - INFO: loss:11276.424013853073, numeric_loss:320.65284329652786, categorical_loss:5302.416303932667, kld_loss:8631.27915084362, epoch_train_time:40.322689522014116
2023-06-13 22:30:19,832 - pytorch_cvae.py[line:170] - INFO: ----------------------------No.82 epoch----------------------------
2023-06-13 22:30:19,832 - pytorch_cvae.py[line:177] - INFO: loss:11380.325918912888, numeric_loss:320.663317784667, categorical_loss:5375.412332355976, kld_loss:8510.858290314674, epoch_train_time:40.24561448500026
2023-06-13 22:31:00,254 - pytorch_cvae.py[line:170] - INFO: ----------------------------No.83 epoch----------------------------
2023-06-13 22:31:00,254 - pytorch_cvae.py[line:177] - INFO: loss:11490.799757242203, numeric_loss:320.6303117237985, categorical_loss:5452.605978190899, kld_loss:8403.819141626358, epoch_train_time:40.42185811599484
2023-06-13 22:31:40,694 - pytorch_cvae.py[line:170] - INFO: ----------------------------No.84 epoch----------------------------
2023-06-13 22:31:40,695 - pytorch_cvae.py[line:177] - INFO: loss:11594.845472812653, numeric_loss:320.6424913443625, categorical_loss:5533.524612545967, kld_loss:8291.417599201202, epoch_train_time:40.440664067005855
2023-06-13 22:32:21,053 - pytorch_cvae.py[line:170] - INFO: ----------------------------No.85 epoch----------------------------
2023-06-13 22:32:21,054 - pytorch_cvae.py[line:177] - INFO: loss:11679.623865365982, numeric_loss:320.66164495050907, categorical_loss:5605.580817759037, kld_loss:8173.778756976128, epoch_train_time:40.35887731300318
2023-06-13 22:33:01,302 - pytorch_cvae.py[line:170] - INFO: ----------------------------No.86 epoch----------------------------
2023-06-13 22:33:01,303 - pytorch_cvae.py[line:177] - INFO: loss:11769.45829987526, numeric_loss:320.6027462296188, categorical_loss:5685.281663477421, kld_loss:8062.31925714016, epoch_train_time:40.248842959001195
2023-06-13 22:33:41,630 - pytorch_cvae.py[line:170] - INFO: ----------------------------No.87 epoch----------------------------
2023-06-13 22:33:41,630 - pytorch_cvae.py[line:177] - INFO: loss:11854.360800743103, numeric_loss:320.6439206637442, categorical_loss:5758.885381698608, kld_loss:7961.780028700829, epoch_train_time:40.3273569259909
2023-06-13 22:34:21,807 - pytorch_cvae.py[line:170] - INFO: ----------------------------No.88 epoch----------------------------
2023-06-13 22:34:21,807 - pytorch_cvae.py[line:177] - INFO: loss:11934.306817770004, numeric_loss:320.65404038876295, categorical_loss:5827.416028022766, kld_loss:7870.531974554062, epoch_train_time:40.17701428299188
2023-06-13 22:35:02,043 - pytorch_cvae.py[line:170] - INFO: ----------------------------No.89 epoch----------------------------
2023-06-13 22:35:02,043 - pytorch_cvae.py[line:177] - INFO: loss:12001.006633996964, numeric_loss:320.6669860780239, categorical_loss:5895.265588760376, kld_loss:7771.201114416122, epoch_train_time:40.235422420999384
2023-06-13 22:35:42,542 - pytorch_cvae.py[line:170] - INFO: ----------------------------No.90 epoch----------------------------
2023-06-13 22:35:42,542 - pytorch_cvae.py[line:177] - INFO: loss:12073.14370894432, numeric_loss:320.66642497107387, categorical_loss:5962.804473042488, kld_loss:7688.451047420502, epoch_train_time:40.499305236997316
2023-06-13 22:36:22,980 - pytorch_cvae.py[line:170] - INFO: ----------------------------No.91 epoch----------------------------
2023-06-13 22:36:22,980 - pytorch_cvae.py[line:177] - INFO: loss:12134.294609069824, numeric_loss:320.6750586479902, categorical_loss:6028.937328219414, kld_loss:7601.586656212807, epoch_train_time:40.43791828499525
2023-06-13 22:37:03,204 - pytorch_cvae.py[line:170] - INFO: ----------------------------No.92 epoch----------------------------
2023-06-13 22:37:03,204 - pytorch_cvae.py[line:177] - INFO: loss:12185.846680641174, numeric_loss:320.6458929106593, categorical_loss:6090.994665503502, kld_loss:7516.077286481857, epoch_train_time:40.22341192999738
2023-06-13 22:37:43,367 - pytorch_cvae.py[line:170] - INFO: ----------------------------No.93 epoch----------------------------
2023-06-13 22:37:43,367 - pytorch_cvae.py[line:177] - INFO: loss:12235.671355247498, numeric_loss:320.6560629867017, categorical_loss:6146.378021121025, kld_loss:7445.273872852325, epoch_train_time:40.16242112799955
2023-06-13 22:38:23,780 - pytorch_cvae.py[line:170] - INFO: ----------------------------No.94 epoch----------------------------
2023-06-13 22:38:23,780 - pytorch_cvae.py[line:177] - INFO: loss:12277.467579364777, numeric_loss:320.61827267706394, categorical_loss:6194.855325579643, kld_loss:7381.132881999016, epoch_train_time:40.41358867600502
2023-06-13 22:39:04,121 - pytorch_cvae.py[line:170] - INFO: ----------------------------No.95 epoch----------------------------
2023-06-13 22:39:04,121 - pytorch_cvae.py[line:177] - INFO: loss:12318.547661781311, numeric_loss:320.6710737608373, categorical_loss:6242.048014163971, kld_loss:7325.464558959007, epoch_train_time:40.340150479009026
2023-06-13 22:39:44,548 - pytorch_cvae.py[line:170] - INFO: ----------------------------No.96 epoch----------------------------
2023-06-13 22:39:44,548 - pytorch_cvae.py[line:177] - INFO: loss:12350.445272445679, numeric_loss:320.65308655798435, categorical_loss:6283.693298697472, kld_loss:7272.969812989235, epoch_train_time:40.42712009300885
2023-06-13 22:40:24,979 - pytorch_cvae.py[line:170] - INFO: ----------------------------No.97 epoch----------------------------
2023-06-13 22:40:24,979 - pytorch_cvae.py[line:177] - INFO: loss:12377.190748929977, numeric_loss:320.66979283839464, categorical_loss:6317.85184776783, kld_loss:7230.9532026052475, epoch_train_time:40.43094180399203
2023-06-13 22:41:05,466 - pytorch_cvae.py[line:170] - INFO: ----------------------------No.98 epoch----------------------------
2023-06-13 22:41:05,466 - pytorch_cvae.py[line:177] - INFO: loss:12391.072214841843, numeric_loss:320.67718168720603, categorical_loss:6343.895677924156, kld_loss:7190.408076763153, epoch_train_time:40.486965168005554
2023-06-13 22:41:45,896 - pytorch_cvae.py[line:170] - INFO: ----------------------------No.99 epoch----------------------------
2023-06-13 22:41:45,896 - pytorch_cvae.py[line:177] - INFO: loss:12408.668991565704, numeric_loss:320.6507437378168, categorical_loss:6364.167477488518, kld_loss:7169.137438178062, epoch_train_time:40.429491486007464
2023-06-13 22:42:26,312 - pytorch_cvae.py[line:170] - INFO: ----------------------------No.100 epoch----------------------------
2023-06-13 22:42:26,312 - pytorch_cvae.py[line:177] - INFO: loss:12410.601994752884, numeric_loss:320.63032798469067, categorical_loss:6372.569324970245, kld_loss:7150.326979160309, epoch_train_time:40.416242186998716
2023-06-13 22:43:06,761 - pytorch_cvae.py[line:170] - INFO: ----------------------------No.101 epoch----------------------------
2023-06-13 22:43:06,761 - pytorch_cvae.py[line:177] - INFO: loss:12419.45163846016, numeric_loss:320.60401586443186, categorical_loss:6383.605241060257, kld_loss:7144.052825212479, epoch_train_time:40.448894052999094
2023-06-13 22:43:47,231 - pytorch_cvae.py[line:170] - INFO: ----------------------------No.102 epoch----------------------------
2023-06-13 22:43:47,232 - pytorch_cvae.py[line:177] - INFO: loss:12415.255964040756, numeric_loss:320.6453410536051, categorical_loss:6382.832247853279, kld_loss:7139.722809314728, epoch_train_time:40.469961605995195
2023-06-13 22:44:27,635 - pytorch_cvae.py[line:170] - INFO: ----------------------------No.103 epoch----------------------------
2023-06-13 22:44:27,635 - pytorch_cvae.py[line:177] - INFO: loss:12416.406154870987, numeric_loss:320.6622606180608, categorical_loss:6384.160230875015, kld_loss:7139.479431152344, epoch_train_time:40.403187507006805
2023-06-13 22:45:07,986 - pytorch_cvae.py[line:170] - INFO: ----------------------------No.104 epoch----------------------------
2023-06-13 22:45:07,986 - pytorch_cvae.py[line:177] - INFO: loss:12417.9682097435, numeric_loss:320.6429342441261, categorical_loss:6388.029408335686, kld_loss:7136.619692444801, epoch_train_time:40.35115801800566
2023-06-13 22:45:48,345 - pytorch_cvae.py[line:170] - INFO: ----------------------------No.105 epoch----------------------------
2023-06-13 22:45:48,345 - pytorch_cvae.py[line:177] - INFO: loss:12419.105962753296, numeric_loss:320.64269960671663, categorical_loss:6391.714343070984, kld_loss:7133.435985445976, epoch_train_time:40.358473510990734
2023-06-13 22:46:28,712 - pytorch_cvae.py[line:170] - INFO: ----------------------------No.106 epoch----------------------------
2023-06-13 22:46:28,712 - pytorch_cvae.py[line:177] - INFO: loss:12420.473737001419, numeric_loss:320.63523088395596, categorical_loss:6387.1954127550125, kld_loss:7140.803713321686, epoch_train_time:40.36654941900633
2023-06-13 22:47:09,116 - pytorch_cvae.py[line:170] - INFO: ----------------------------No.107 epoch----------------------------
2023-06-13 22:47:09,116 - pytorch_cvae.py[line:177] - INFO: loss:12412.58090353012, numeric_loss:320.6211303882301, categorical_loss:6380.516831040382, kld_loss:7139.303545355797, epoch_train_time:40.40431849799643
2023-06-13 22:47:49,347 - pytorch_cvae.py[line:170] - INFO: ----------------------------No.108 epoch----------------------------
2023-06-13 22:47:49,347 - pytorch_cvae.py[line:177] - INFO: loss:12420.198538303375, numeric_loss:320.63813241943717, categorical_loss:6385.880968213081, kld_loss:7142.099140405655, epoch_train_time:40.23092506401008
2023-06-13 22:48:29,634 - pytorch_cvae.py[line:170] - INFO: ----------------------------No.109 epoch----------------------------
2023-06-13 22:48:29,634 - pytorch_cvae.py[line:177] - INFO: loss:12416.737607955933, numeric_loss:320.62517984211445, categorical_loss:6384.362522244453, kld_loss:7139.687225580215, epoch_train_time:40.28680420899764
2023-06-13 22:49:10,157 - pytorch_cvae.py[line:170] - INFO: ----------------------------No.110 epoch----------------------------
2023-06-13 22:49:10,158 - pytorch_cvae.py[line:177] - INFO: loss:12418.043819189072, numeric_loss:320.6373252607882, categorical_loss:6385.6585882902145, kld_loss:7139.6847240924835, epoch_train_time:40.52313027699711
2023-06-13 22:49:50,544 - pytorch_cvae.py[line:170] - INFO: ----------------------------No.111 epoch----------------------------
2023-06-13 22:49:50,544 - pytorch_cvae.py[line:177] - INFO: loss:12419.99191069603, numeric_loss:320.65101277828217, categorical_loss:6381.244438409805, kld_loss:7147.620426297188, epoch_train_time:40.38603291400068
2023-06-13 22:50:31,140 - pytorch_cvae.py[line:170] - INFO: ----------------------------No.112 epoch----------------------------
2023-06-13 22:50:31,140 - pytorch_cvae.py[line:177] - INFO: loss:12417.330950975418, numeric_loss:320.6175950653851, categorical_loss:6382.02521443367, kld_loss:7143.360022187233, epoch_train_time:40.59628368999984
2023-06-13 22:51:11,612 - pytorch_cvae.py[line:170] - INFO: ----------------------------No.113 epoch----------------------------
2023-06-13 22:51:11,612 - pytorch_cvae.py[line:177] - INFO: loss:12416.436093091965, numeric_loss:320.7009481191635, categorical_loss:6388.704884290695, kld_loss:7133.787668943405, epoch_train_time:40.47133394399134
2023-06-13 22:51:52,062 - pytorch_cvae.py[line:170] - INFO: ----------------------------No.114 epoch----------------------------
2023-06-13 22:51:52,062 - pytorch_cvae.py[line:177] - INFO: loss:12415.796357393265, numeric_loss:320.6333300434053, categorical_loss:6389.531873703003, kld_loss:7132.038774728775, epoch_train_time:40.449917646998074
2023-06-13 22:52:32,455 - pytorch_cvae.py[line:170] - INFO: ----------------------------No.115 epoch----------------------------
2023-06-13 22:52:32,456 - pytorch_cvae.py[line:177] - INFO: loss:12421.135261058807, numeric_loss:320.61910206079483, categorical_loss:6391.543069601059, kld_loss:7136.216205000877, epoch_train_time:40.39357118601038
2023-06-13 22:53:12,933 - pytorch_cvae.py[line:170] - INFO: ----------------------------No.116 epoch----------------------------
2023-06-13 22:53:12,933 - pytorch_cvae.py[line:177] - INFO: loss:12413.937723636627, numeric_loss:320.6465877369046, categorical_loss:6390.425559401512, kld_loss:7128.581814408302, epoch_train_time:40.47755661800329
2023-06-13 22:53:53,447 - pytorch_cvae.py[line:170] - INFO: ----------------------------No.117 epoch----------------------------
2023-06-13 22:53:53,448 - pytorch_cvae.py[line:177] - INFO: loss:12418.108280658722, numeric_loss:320.6618917249143, categorical_loss:6386.595965147018, kld_loss:7138.562879681587, epoch_train_time:40.51408524399449
2023-06-13 22:54:33,783 - pytorch_cvae.py[line:170] - INFO: ----------------------------No.118 epoch----------------------------
2023-06-13 22:54:33,783 - pytorch_cvae.py[line:177] - INFO: loss:12416.582234859467, numeric_loss:320.63383842632174, categorical_loss:6383.311280012131, kld_loss:7140.796250104904, epoch_train_time:40.33541357801005
2023-06-13 22:55:14,273 - pytorch_cvae.py[line:170] - INFO: ----------------------------No.119 epoch----------------------------
2023-06-13 22:55:14,273 - pytorch_cvae.py[line:177] - INFO: loss:12423.942148685455, numeric_loss:320.606994330883, categorical_loss:6386.0166083574295, kld_loss:7146.6480457782745, epoch_train_time:40.48943696299102
2023-06-13 22:55:54,724 - pytorch_cvae.py[line:170] - INFO: ----------------------------No.120 epoch----------------------------
2023-06-13 22:55:54,724 - pytorch_cvae.py[line:177] - INFO: loss:12413.118756055832, numeric_loss:320.61409033089876, categorical_loss:6387.497027158737, kld_loss:7131.259406805038, epoch_train_time:40.45073798300291
2023-06-13 22:56:35,182 - pytorch_cvae.py[line:170] - INFO: ----------------------------No.121 epoch----------------------------
2023-06-13 22:56:35,183 - pytorch_cvae.py[line:177] - INFO: loss:12413.70123744011, numeric_loss:320.59410617128015, categorical_loss:6387.512697815895, kld_loss:7131.992882847786, epoch_train_time:40.45874734300014
2023-06-13 22:57:15,541 - pytorch_cvae.py[line:170] - INFO: ----------------------------No.122 epoch----------------------------
2023-06-13 22:57:15,541 - pytorch_cvae.py[line:177] - INFO: loss:12420.144440174103, numeric_loss:320.63068114221096, categorical_loss:6394.608126878738, kld_loss:7131.131892085075, epoch_train_time:40.35872734000441
2023-06-13 22:57:55,797 - pytorch_cvae.py[line:170] - INFO: ----------------------------No.123 epoch----------------------------
2023-06-13 22:57:55,797 - pytorch_cvae.py[line:177] - INFO: loss:12412.289118766785, numeric_loss:320.6228243075311, categorical_loss:6385.177107214928, kld_loss:7133.111329674721, epoch_train_time:40.255006649997085
2023-06-13 22:58:36,112 - pytorch_cvae.py[line:170] - INFO: ----------------------------No.124 epoch----------------------------
2023-06-13 22:58:36,112 - pytorch_cvae.py[line:177] - INFO: loss:12418.28339791298, numeric_loss:320.64689273387194, categorical_loss:6392.9324208498, kld_loss:7130.8799567222595, epoch_train_time:40.31484942699899
2023-06-13 22:59:16,562 - pytorch_cvae.py[line:170] - INFO: ----------------------------No.125 epoch----------------------------
2023-06-13 22:59:16,562 - pytorch_cvae.py[line:177] - INFO: loss:12415.347011566162, numeric_loss:320.64524267986417, categorical_loss:6383.050102233887, kld_loss:7139.5644282102585, epoch_train_time:40.45048335500178
2023-06-13 22:59:56,791 - pytorch_cvae.py[line:170] - INFO: ----------------------------No.126 epoch----------------------------
2023-06-13 22:59:56,791 - pytorch_cvae.py[line:177] - INFO: loss:12414.814467191696, numeric_loss:320.6279569901526, categorical_loss:6383.95166349411, kld_loss:7137.79338657856, epoch_train_time:40.2288371760078
2023-06-13 23:00:37,112 - pytorch_cvae.py[line:170] - INFO: ----------------------------No.127 epoch----------------------------
2023-06-13 23:00:37,112 - pytorch_cvae.py[line:177] - INFO: loss:12416.482388973236, numeric_loss:320.6367121748626, categorical_loss:6385.377880930901, kld_loss:7138.084588289261, epoch_train_time:40.32045762200141
2023-06-13 23:01:17,450 - pytorch_cvae.py[line:170] - INFO: ----------------------------No.128 epoch----------------------------
2023-06-13 23:01:17,450 - pytorch_cvae.py[line:177] - INFO: loss:12410.555080652237, numeric_loss:320.64479169622064, categorical_loss:6381.859558939934, kld_loss:7135.063255190849, epoch_train_time:40.337583504995564
2023-06-13 23:01:57,632 - pytorch_cvae.py[line:170] - INFO: ----------------------------No.129 epoch----------------------------
2023-06-13 23:01:57,632 - pytorch_cvae.py[line:177] - INFO: loss:12413.206315517426, numeric_loss:320.59368167445064, categorical_loss:6387.810267448425, kld_loss:7131.002783417702, epoch_train_time:40.18234491000476
2023-06-13 23:02:38,009 - pytorch_cvae.py[line:170] - INFO: ----------------------------No.130 epoch----------------------------
2023-06-13 23:02:38,009 - pytorch_cvae.py[line:177] - INFO: loss:12416.574903011322, numeric_loss:320.6291767247021, categorical_loss:6380.771213650703, kld_loss:7143.967991352081, epoch_train_time:40.37624706501083
2023-06-13 23:03:18,228 - pytorch_cvae.py[line:170] - INFO: ----------------------------No.131 epoch----------------------------
2023-06-13 23:03:18,228 - pytorch_cvae.py[line:177] - INFO: loss:12412.182973384857, numeric_loss:320.6168517395854, categorical_loss:6388.500820994377, kld_loss:7128.831473946571, epoch_train_time:40.21913329100062
2023-06-13 23:03:58,509 - pytorch_cvae.py[line:170] - INFO: ----------------------------No.132 epoch----------------------------
2023-06-13 23:03:58,509 - pytorch_cvae.py[line:177] - INFO: loss:12419.68142747879, numeric_loss:320.62557822465897, categorical_loss:6389.0500547885895, kld_loss:7137.507079124451, epoch_train_time:40.280786443996476
2023-06-13 23:04:38,815 - pytorch_cvae.py[line:170] - INFO: ----------------------------No.133 epoch----------------------------
2023-06-13 23:04:38,815 - pytorch_cvae.py[line:177] - INFO: loss:12413.35801243782, numeric_loss:320.60464315488935, categorical_loss:6380.960072040558, kld_loss:7139.741475820541, epoch_train_time:40.30567119800253
2023-06-13 23:05:19,218 - pytorch_cvae.py[line:170] - INFO: ----------------------------No.134 epoch----------------------------
2023-06-13 23:05:19,218 - pytorch_cvae.py[line:177] - INFO: loss:12415.337162017822, numeric_loss:320.6395424641669, categorical_loss:6388.210581064224, kld_loss:7133.108643531799, epoch_train_time:40.40290969899797
2023-06-13 23:05:59,604 - pytorch_cvae.py[line:170] - INFO: ----------------------------No.135 epoch----------------------------
2023-06-13 23:05:59,604 - pytorch_cvae.py[line:177] - INFO: loss:12414.752932071686, numeric_loss:320.6321634463966, categorical_loss:6384.750688910484, kld_loss:7136.7124536037445, epoch_train_time:40.386013078998076
2023-06-13 23:06:39,774 - pytorch_cvae.py[line:170] - INFO: ----------------------------No.136 epoch----------------------------
2023-06-13 23:06:39,775 - pytorch_cvae.py[line:177] - INFO: loss:12413.033828735352, numeric_loss:320.6179170832038, categorical_loss:6384.351801395416, kld_loss:7135.079983115196, epoch_train_time:40.17036751199339
2023-06-13 23:07:20,049 - pytorch_cvae.py[line:170] - INFO: ----------------------------No.137 epoch----------------------------
2023-06-13 23:07:20,049 - pytorch_cvae.py[line:177] - INFO: loss:12416.402240037918, numeric_loss:320.6051720492542, categorical_loss:6384.478999018669, kld_loss:7139.1474277973175, epoch_train_time:40.2745298089867
2023-06-13 23:08:00,337 - pytorch_cvae.py[line:170] - INFO: ----------------------------No.138 epoch----------------------------
2023-06-13 23:08:00,337 - pytorch_cvae.py[line:177] - INFO: loss:12413.94581079483, numeric_loss:320.59986881911755, categorical_loss:6388.2962992191315, kld_loss:7131.311905860901, epoch_train_time:40.28795869000896
2023-06-13 23:08:40,490 - pytorch_cvae.py[line:170] - INFO: ----------------------------No.139 epoch----------------------------
2023-06-13 23:08:40,490 - pytorch_cvae.py[line:177] - INFO: loss:12414.369428157806, numeric_loss:320.630541767925, categorical_loss:6382.683128118515, kld_loss:7138.819534778595, epoch_train_time:40.15249407799274
2023-06-13 23:09:20,829 - pytorch_cvae.py[line:170] - INFO: ----------------------------No.140 epoch----------------------------
2023-06-13 23:09:20,829 - pytorch_cvae.py[line:177] - INFO: loss:12421.188813209534, numeric_loss:320.6178254298866, categorical_loss:6387.478169798851, kld_loss:7141.365881681442, epoch_train_time:40.33839142299257
2023-06-13 23:10:01,229 - pytorch_cvae.py[line:170] - INFO: ----------------------------No.141 epoch----------------------------
2023-06-13 23:10:01,229 - pytorch_cvae.py[line:177] - INFO: loss:12413.43287730217, numeric_loss:320.63922250270844, categorical_loss:6381.034322857857, kld_loss:7139.699005126953, epoch_train_time:40.40032400099153
2023-06-13 23:10:41,771 - pytorch_cvae.py[line:170] - INFO: ----------------------------No.142 epoch----------------------------
2023-06-13 23:10:41,771 - pytorch_cvae.py[line:177] - INFO: loss:12418.792954921722, numeric_loss:320.60795809328556, categorical_loss:6388.321469783783, kld_loss:7137.329265117645, epoch_train_time:40.54124561099161
2023-06-13 23:11:21,999 - pytorch_cvae.py[line:170] - INFO: ----------------------------No.143 epoch----------------------------
2023-06-13 23:11:21,999 - pytorch_cvae.py[line:177] - INFO: loss:12418.421783208847, numeric_loss:320.6027019098401, categorical_loss:6388.473210692406, kld_loss:7136.682182431221, epoch_train_time:40.228591736988164
2023-06-13 23:12:02,227 - pytorch_cvae.py[line:170] - INFO: ----------------------------No.144 epoch----------------------------
2023-06-13 23:12:02,227 - pytorch_cvae.py[line:177] - INFO: loss:12415.989315509796, numeric_loss:320.6287717074156, categorical_loss:6382.694983243942, kld_loss:7140.831799864769, epoch_train_time:40.22734374599531
2023-06-13 23:12:42,590 - pytorch_cvae.py[line:170] - INFO: ----------------------------No.145 epoch----------------------------
2023-06-13 23:12:42,591 - pytorch_cvae.py[line:177] - INFO: loss:12414.63040304184, numeric_loss:320.6582562215626, categorical_loss:6386.0547132492065, kld_loss:7134.896646022797, epoch_train_time:40.36348889900546
2023-06-13 23:13:23,136 - pytorch_cvae.py[line:170] - INFO: ----------------------------No.146 epoch----------------------------
2023-06-13 23:13:23,136 - pytorch_cvae.py[line:177] - INFO: loss:12416.381690979004, numeric_loss:320.6365719027817, categorical_loss:6389.315263390541, kld_loss:7133.03717648983, epoch_train_time:40.54485165698861
2023-06-13 23:14:03,493 - pytorch_cvae.py[line:170] - INFO: ----------------------------No.147 epoch----------------------------
2023-06-13 23:14:03,493 - pytorch_cvae.py[line:177] - INFO: loss:12415.050660848618, numeric_loss:320.633150793612, categorical_loss:6387.481969475746, kld_loss:7133.669278144836, epoch_train_time:40.35764968699368
2023-06-13 23:14:43,887 - pytorch_cvae.py[line:170] - INFO: ----------------------------No.148 epoch----------------------------
2023-06-13 23:14:43,887 - pytorch_cvae.py[line:177] - INFO: loss:12415.516736984253, numeric_loss:320.5880806148052, categorical_loss:6386.4058228731155, kld_loss:7135.653381347656, epoch_train_time:40.39339138899231
2023-06-13 23:15:24,190 - pytorch_cvae.py[line:170] - INFO: ----------------------------No.149 epoch----------------------------
2023-06-13 23:15:24,190 - pytorch_cvae.py[line:177] - INFO: loss:12422.144147396088, numeric_loss:320.6224178634584, categorical_loss:6384.902997970581, kld_loss:7145.7732664346695, epoch_train_time:40.303228833989124
2023-06-13 23:16:04,604 - pytorch_cvae.py[line:170] - INFO: ----------------------------No.150 epoch----------------------------
2023-06-13 23:16:04,604 - pytorch_cvae.py[line:177] - INFO: loss:12414.135192632675, numeric_loss:320.60921071469784, categorical_loss:6386.413532376289, kld_loss:7133.890407562256, epoch_train_time:40.41314179300389
2023-06-13 23:16:44,996 - pytorch_cvae.py[line:170] - INFO: ----------------------------No.151 epoch----------------------------
2023-06-13 23:16:44,996 - pytorch_cvae.py[line:177] - INFO: loss:12411.371253490448, numeric_loss:320.6256478242576, categorical_loss:6382.883163809776, kld_loss:7134.827910423279, epoch_train_time:40.39245104600559
2023-06-13 23:17:25,350 - pytorch_cvae.py[line:170] - INFO: ----------------------------No.152 epoch----------------------------
2023-06-13 23:17:25,350 - pytorch_cvae.py[line:177] - INFO: loss:12415.20719075203, numeric_loss:320.6310383081436, categorical_loss:6387.965198874474, kld_loss:7133.263537526131, epoch_train_time:40.35384251199139
2023-06-13 23:18:05,689 - pytorch_cvae.py[line:170] - INFO: ----------------------------No.153 epoch----------------------------
2023-06-13 23:18:05,689 - pytorch_cvae.py[line:177] - INFO: loss:12418.804361343384, numeric_loss:320.62053909152746, categorical_loss:6387.384300351143, kld_loss:7138.499251484871, epoch_train_time:40.338657902000705
2023-06-13 23:18:46,012 - pytorch_cvae.py[line:170] - INFO: ----------------------------No.154 epoch----------------------------
2023-06-13 23:18:46,012 - pytorch_cvae.py[line:177] - INFO: loss:12414.411561012268, numeric_loss:320.6558556519449, categorical_loss:6390.546137928963, kld_loss:7129.01179921627, epoch_train_time:40.32225810899399
2023-06-13 23:19:26,393 - pytorch_cvae.py[line:170] - INFO: ----------------------------No.155 epoch----------------------------
2023-06-13 23:19:26,393 - pytorch_cvae.py[line:177] - INFO: loss:12418.271000146866, numeric_loss:320.64832528680563, categorical_loss:6384.95027422905, kld_loss:7140.8403455019, epoch_train_time:40.38123105799605
2023-06-13 23:20:06,944 - pytorch_cvae.py[line:170] - INFO: ----------------------------No.156 epoch----------------------------
2023-06-13 23:20:06,944 - pytorch_cvae.py[line:177] - INFO: loss:12414.616971969604, numeric_loss:320.60405898466706, categorical_loss:6385.67226433754, kld_loss:7135.425658226013, epoch_train_time:40.55053232201317
2023-06-13 23:20:47,128 - pytorch_cvae.py[line:170] - INFO: ----------------------------No.157 epoch----------------------------
2023-06-13 23:20:47,128 - pytorch_cvae.py[line:177] - INFO: loss:12419.138816833496, numeric_loss:320.6322789490223, categorical_loss:6386.683214187622, kld_loss:7139.779007315636, epoch_train_time:40.184016202008934
2023-06-13 23:21:27,455 - pytorch_cvae.py[line:170] - INFO: ----------------------------No.158 epoch----------------------------
2023-06-13 23:21:27,455 - pytorch_cvae.py[line:177] - INFO: loss:12410.49858212471, numeric_loss:320.6245524175465, categorical_loss:6377.3184760808945, kld_loss:7140.694286584854, epoch_train_time:40.32670223200694
2023-06-13 23:22:07,856 - pytorch_cvae.py[line:170] - INFO: ----------------------------No.159 epoch----------------------------
2023-06-13 23:22:07,856 - pytorch_cvae.py[line:177] - INFO: loss:12410.860597372055, numeric_loss:320.6315078213811, categorical_loss:6380.779287338257, kld_loss:7136.81209218502, epoch_train_time:40.4010703489912
2023-06-13 23:22:48,215 - pytorch_cvae.py[line:170] - INFO: ----------------------------No.160 epoch----------------------------
2023-06-13 23:22:48,216 - pytorch_cvae.py[line:177] - INFO: loss:12414.7493622303, numeric_loss:320.63581183180213, categorical_loss:6389.860788702965, kld_loss:7130.315804600716, epoch_train_time:40.35900632099947
2023-06-13 23:23:28,655 - pytorch_cvae.py[line:170] - INFO: ----------------------------No.161 epoch----------------------------
2023-06-13 23:23:28,655 - pytorch_cvae.py[line:177] - INFO: loss:12416.61676120758, numeric_loss:320.60869981348515, categorical_loss:6390.556322693825, kld_loss:7131.8145307302475, epoch_train_time:40.43927194099524
2023-06-13 23:24:09,046 - pytorch_cvae.py[line:170] - INFO: ----------------------------No.162 epoch----------------------------
2023-06-13 23:24:09,046 - pytorch_cvae.py[line:177] - INFO: loss:12416.171053886414, numeric_loss:320.6362049281597, categorical_loss:6390.767733812332, kld_loss:7130.958748340607, epoch_train_time:40.39090514898999
2023-06-13 23:24:49,451 - pytorch_cvae.py[line:170] - INFO: ----------------------------No.163 epoch----------------------------
2023-06-13 23:24:49,451 - pytorch_cvae.py[line:177] - INFO: loss:12413.416111946106, numeric_loss:320.6430004797876, categorical_loss:6387.504681825638, kld_loss:7131.585377335548, epoch_train_time:40.40463935700245
2023-06-13 23:25:29,715 - pytorch_cvae.py[line:170] - INFO: ----------------------------No.164 epoch----------------------------
2023-06-13 23:25:29,715 - pytorch_cvae.py[line:177] - INFO: loss:12413.485798597336, numeric_loss:320.64500665664673, categorical_loss:6387.985558271408, kld_loss:7131.068899989128, epoch_train_time:40.26394579200132
2023-06-13 23:26:10,163 - pytorch_cvae.py[line:170] - INFO: ----------------------------No.165 epoch----------------------------
2023-06-13 23:26:10,163 - pytorch_cvae.py[line:177] - INFO: loss:12416.515947341919, numeric_loss:320.6254975385964, categorical_loss:6387.446709275246, kld_loss:7135.554530382156, epoch_train_time:40.4479124359932
2023-06-13 23:26:50,518 - pytorch_cvae.py[line:170] - INFO: ----------------------------No.166 epoch----------------------------
2023-06-13 23:26:50,518 - pytorch_cvae.py[line:177] - INFO: loss:12410.930045604706, numeric_loss:320.64440412446856, categorical_loss:6384.0987322330475, kld_loss:7132.73347890377, epoch_train_time:40.35500233400671
2023-06-13 23:27:30,882 - pytorch_cvae.py[line:170] - INFO: ----------------------------No.167 epoch----------------------------
2023-06-13 23:27:30,882 - pytorch_cvae.py[line:177] - INFO: loss:12413.771100521088, numeric_loss:320.615672506392, categorical_loss:6385.250047802925, kld_loss:7134.881576180458, epoch_train_time:40.36317857600807
2023-06-13 23:28:11,142 - pytorch_cvae.py[line:170] - INFO: ----------------------------No.168 epoch----------------------------
2023-06-13 23:28:11,142 - pytorch_cvae.py[line:177] - INFO: loss:12417.451702833176, numeric_loss:320.64822482317686, categorical_loss:6390.005065083504, kld_loss:7133.497869491577, epoch_train_time:40.259957212998415
2023-06-13 23:28:51,602 - pytorch_cvae.py[line:170] - INFO: ----------------------------No.169 epoch----------------------------
2023-06-13 23:28:51,602 - pytorch_cvae.py[line:177] - INFO: loss:12412.195441961288, numeric_loss:320.6492697969079, categorical_loss:6386.9804100990295, kld_loss:7130.707037568092, epoch_train_time:40.460276867001085
2023-06-13 23:29:32,006 - pytorch_cvae.py[line:170] - INFO: ----------------------------No.170 epoch----------------------------
2023-06-13 23:29:32,006 - pytorch_cvae.py[line:177] - INFO: loss:12414.914998531342, numeric_loss:320.6012020148337, categorical_loss:6389.280401825905, kld_loss:7131.291596651077, epoch_train_time:40.40390138501243
2023-06-13 23:30:12,684 - pytorch_cvae.py[line:170] - INFO: ----------------------------No.171 epoch----------------------------
2023-06-13 23:30:12,685 - pytorch_cvae.py[line:177] - INFO: loss:12417.53442645073, numeric_loss:320.59994366392493, categorical_loss:6391.248078465462, kld_loss:7132.1078453063965, epoch_train_time:40.67805898201186
2023-06-13 23:30:53,025 - pytorch_cvae.py[line:170] - INFO: ----------------------------No.172 epoch----------------------------
2023-06-13 23:30:53,025 - pytorch_cvae.py[line:177] - INFO: loss:12418.360417366028, numeric_loss:320.63181407004595, categorical_loss:6383.809021949768, kld_loss:7142.39932847023, epoch_train_time:40.340134334008326
2023-06-13 23:31:33,172 - pytorch_cvae.py[line:170] - INFO: ----------------------------No.173 epoch----------------------------
2023-06-13 23:31:33,172 - pytorch_cvae.py[line:177] - INFO: loss:12416.554812192917, numeric_loss:320.6186108067632, categorical_loss:6387.554280877113, kld_loss:7135.477242469788, epoch_train_time:40.14662382499955
2023-06-13 23:32:13,502 - pytorch_cvae.py[line:170] - INFO: ----------------------------No.174 epoch----------------------------
2023-06-13 23:32:13,502 - pytorch_cvae.py[line:177] - INFO: loss:12411.137384176254, numeric_loss:320.6420652233064, categorical_loss:6387.574102163315, kld_loss:7128.651371359825, epoch_train_time:40.33038745900558
2023-06-13 23:32:53,892 - pytorch_cvae.py[line:170] - INFO: ----------------------------No.175 epoch----------------------------
2023-06-13 23:32:53,892 - pytorch_cvae.py[line:177] - INFO: loss:12416.187888383865, numeric_loss:320.6229245252907, categorical_loss:6387.8920378685, kld_loss:7134.591021537781, epoch_train_time:40.38964683598897
2023-06-13 23:33:34,374 - pytorch_cvae.py[line:170] - INFO: ----------------------------No.176 epoch----------------------------
2023-06-13 23:33:34,374 - pytorch_cvae.py[line:177] - INFO: loss:12413.780016183853, numeric_loss:320.62191078439355, categorical_loss:6382.722227215767, kld_loss:7138.044701337814, epoch_train_time:40.48207804100821
2023-06-13 23:34:14,767 - pytorch_cvae.py[line:170] - INFO: ----------------------------No.177 epoch----------------------------
2023-06-13 23:34:14,767 - pytorch_cvae.py[line:177] - INFO: loss:12416.288438796997, numeric_loss:320.6269434951246, categorical_loss:6389.093060493469, kld_loss:7133.210383057594, epoch_train_time:40.39267828200536
2023-06-13 23:34:55,213 - pytorch_cvae.py[line:170] - INFO: ----------------------------No.178 epoch----------------------------
2023-06-13 23:34:55,213 - pytorch_cvae.py[line:177] - INFO: loss:12415.585708618164, numeric_loss:320.59748377278447, categorical_loss:6384.86374938488, kld_loss:7137.655443429947, epoch_train_time:40.44538790801016
2023-06-13 23:35:35,605 - pytorch_cvae.py[line:170] - INFO: ----------------------------No.179 epoch----------------------------
2023-06-13 23:35:35,605 - pytorch_cvae.py[line:177] - INFO: loss:12413.406955718994, numeric_loss:320.6290409117937, categorical_loss:6382.675229310989, kld_loss:7137.628212809563, epoch_train_time:40.39197544999479
2023-06-13 23:36:16,061 - pytorch_cvae.py[line:170] - INFO: ----------------------------No.180 epoch----------------------------
2023-06-13 23:36:16,062 - pytorch_cvae.py[line:177] - INFO: loss:12415.519787549973, numeric_loss:320.5959058329463, categorical_loss:6386.34318625927, kld_loss:7135.725732564926, epoch_train_time:40.45631986499939
2023-06-13 23:36:56,290 - pytorch_cvae.py[line:170] - INFO: ----------------------------No.181 epoch----------------------------
2023-06-13 23:36:56,290 - pytorch_cvae.py[line:177] - INFO: loss:12409.888661146164, numeric_loss:320.6078823953867, categorical_loss:6388.972592592239, kld_loss:7125.38507437706, epoch_train_time:40.22797865400207
2023-06-13 23:37:36,738 - pytorch_cvae.py[line:170] - INFO: ----------------------------No.182 epoch----------------------------
2023-06-13 23:37:36,739 - pytorch_cvae.py[line:177] - INFO: loss:12415.603636026382, numeric_loss:320.6150932684541, categorical_loss:6390.7627321481705, kld_loss:7130.282116055489, epoch_train_time:40.44870233698748
2023-06-13 23:38:17,114 - pytorch_cvae.py[line:170] - INFO: ----------------------------No.183 epoch----------------------------
2023-06-13 23:38:17,114 - pytorch_cvae.py[line:177] - INFO: loss:12413.881006717682, numeric_loss:320.6258995234966, categorical_loss:6388.049537777901, kld_loss:7131.5068064928055, epoch_train_time:40.375445329991635
2023-06-13 23:38:57,398 - pytorch_cvae.py[line:170] - INFO: ----------------------------No.184 epoch----------------------------
2023-06-13 23:38:57,398 - pytorch_cvae.py[line:177] - INFO: loss:12414.606292963028, numeric_loss:320.60855193063617, categorical_loss:6386.922127485275, kld_loss:7133.844361066818, epoch_train_time:40.28336380200926
2023-06-13 23:39:37,509 - pytorch_cvae.py[line:170] - INFO: ----------------------------No.185 epoch----------------------------
2023-06-13 23:39:37,509 - pytorch_cvae.py[line:177] - INFO: loss:12415.33670425415, numeric_loss:320.65488889068365, categorical_loss:6389.4603279829025, kld_loss:7131.5267111063, epoch_train_time:40.1109644780081
2023-06-13 23:40:17,751 - pytorch_cvae.py[line:170] - INFO: ----------------------------No.186 epoch----------------------------
2023-06-13 23:40:17,751 - pytorch_cvae.py[line:177] - INFO: loss:12416.07742357254, numeric_loss:320.62783244252205, categorical_loss:6390.7412763834, kld_loss:7130.885240674019, epoch_train_time:40.24178958599805
2023-06-13 23:40:58,068 - pytorch_cvae.py[line:170] - INFO: ----------------------------No.187 epoch----------------------------
2023-06-13 23:40:58,068 - pytorch_cvae.py[line:177] - INFO: loss:12416.183452129364, numeric_loss:320.6240581981838, categorical_loss:6389.660735487938, kld_loss:7132.373170256615, epoch_train_time:40.31732721600565
2023-06-13 23:41:38,568 - pytorch_cvae.py[line:170] - INFO: ----------------------------No.188 epoch----------------------------
2023-06-13 23:41:38,568 - pytorch_cvae.py[line:177] - INFO: loss:12409.444670915604, numeric_loss:320.63344207406044, categorical_loss:6388.023978829384, kld_loss:7125.983916640282, epoch_train_time:40.499201169994194
2023-06-13 23:42:19,068 - pytorch_cvae.py[line:170] - INFO: ----------------------------No.189 epoch----------------------------
2023-06-13 23:42:19,068 - pytorch_cvae.py[line:177] - INFO: loss:12414.278543233871, numeric_loss:320.64421309158206, categorical_loss:6382.752698779106, kld_loss:7138.601887464523, epoch_train_time:40.50048854899069
2023-06-13 23:42:59,457 - pytorch_cvae.py[line:170] - INFO: ----------------------------No.190 epoch----------------------------
2023-06-13 23:42:59,457 - pytorch_cvae.py[line:177] - INFO: loss:12415.823639154434, numeric_loss:320.6466214507818, categorical_loss:6385.613298416138, kld_loss:7136.954492330551, epoch_train_time:40.38867083701189
2023-06-13 23:43:39,668 - pytorch_cvae.py[line:170] - INFO: ----------------------------No.191 epoch----------------------------
2023-06-13 23:43:39,668 - pytorch_cvae.py[line:177] - INFO: loss:12415.090852737427, numeric_loss:320.60658901557326, categorical_loss:6393.09607231617, kld_loss:7126.735095739365, epoch_train_time:40.2103800449986
2023-06-13 23:44:20,182 - pytorch_cvae.py[line:170] - INFO: ----------------------------No.192 epoch----------------------------
2023-06-13 23:44:20,182 - pytorch_cvae.py[line:177] - INFO: loss:12415.24068403244, numeric_loss:320.61843771487474, categorical_loss:6387.805463433266, kld_loss:7133.520822525024, epoch_train_time:40.51399043999845
2023-06-13 23:45:00,521 - pytorch_cvae.py[line:170] - INFO: ----------------------------No.193 epoch----------------------------
2023-06-13 23:45:00,521 - pytorch_cvae.py[line:177] - INFO: loss:12415.36988735199, numeric_loss:320.6330944150686, categorical_loss:6385.896545052528, kld_loss:7136.0501474142075, epoch_train_time:40.339210945996456
2023-06-13 23:45:40,802 - pytorch_cvae.py[line:170] - INFO: ----------------------------No.194 epoch----------------------------
2023-06-13 23:45:40,802 - pytorch_cvae.py[line:177] - INFO: loss:12413.917747735977, numeric_loss:320.60153475776315, categorical_loss:6385.266556978226, kld_loss:7135.061921238899, epoch_train_time:40.280573402997106
2023-06-13 23:46:21,161 - pytorch_cvae.py[line:170] - INFO: ----------------------------No.195 epoch----------------------------
2023-06-13 23:46:21,161 - pytorch_cvae.py[line:177] - INFO: loss:12415.639035463333, numeric_loss:320.6393364816904, categorical_loss:6386.812277793884, kld_loss:7135.234127163887, epoch_train_time:40.35862137800723
2023-06-13 23:47:01,356 - pytorch_cvae.py[line:170] - INFO: ----------------------------No.196 epoch----------------------------
2023-06-13 23:47:01,356 - pytorch_cvae.py[line:177] - INFO: loss:12411.282186508179, numeric_loss:320.6615374311805, categorical_loss:6386.958653926849, kld_loss:7129.577335476875, epoch_train_time:40.19491058398853
2023-06-13 23:47:41,495 - pytorch_cvae.py[line:170] - INFO: ----------------------------No.197 epoch----------------------------
2023-06-13 23:47:41,495 - pytorch_cvae.py[line:177] - INFO: loss:12421.171229362488, numeric_loss:320.64669727534056, categorical_loss:6395.236165642738, kld_loss:7131.610304236412, epoch_train_time:40.13877998499083
2023-06-13 23:48:21,975 - pytorch_cvae.py[line:170] - INFO: ----------------------------No.198 epoch----------------------------
2023-06-13 23:48:21,975 - pytorch_cvae.py[line:177] - INFO: loss:12416.22158908844, numeric_loss:320.65396108850837, categorical_loss:6388.825805544853, kld_loss:7133.427119374275, epoch_train_time:40.480008714002906
2023-06-13 23:49:02,237 - pytorch_cvae.py[line:170] - INFO: ----------------------------No.199 epoch----------------------------
2023-06-13 23:49:02,237 - pytorch_cvae.py[line:177] - INFO: loss:12418.145885944366, numeric_loss:320.59872088581324, categorical_loss:6391.716203689575, kld_loss:7132.288543105125, epoch_train_time:40.26122853900597
2023-06-13 23:49:42,596 - pytorch_cvae.py[line:170] - INFO: ----------------------------No.200 epoch----------------------------
2023-06-13 23:49:42,596 - pytorch_cvae.py[line:177] - INFO: loss:12413.873985767365, numeric_loss:320.6539038307965, categorical_loss:6388.273885607719, kld_loss:7131.1825976371765, epoch_train_time:40.359000120995915
2023-06-13 23:49:42,596 - pytorch_cvae.py[line:186] - INFO: training time elapsed:8070.897981917005
2023-06-13 23:49:42,598 - model_utils.py[line:67] - INFO: save model successfully
2023-06-13 23:50:03,415 - pytorch_cvae.py[line:268] - INFO: train model time elapsed:8096.046466963002
2023-06-13 23:50:03,415 - dataset_utils.py[line:585] - INFO: load existing dataset(light):86-item_i_item_sk#i_category#i_class#i_item_id__i_item_sk#i_category#i_class#i_item_id_binary_gaussian5_0
2023-06-13 23:50:03,454 - dataset_utils.py[line:594] - INFO: load dataset(light) time elapsed:0.039309443993261084
2023-06-13 23:50:03,455 - pytorch_cvae.py[line:280] - INFO: feature info:[('i_item_sk', 'categorical', 16), ('i_category', 'categorical', 5), ('i_class', 'categorical', 8), ('i_item_id', 'categorical', 15)]
2023-06-13 23:50:03,456 - model_utils.py[line:75] - INFO: load model name:torch_cvae_86-item_i_item_sk_i_category_i_class_i_item_id_ld100_id150_bs128_ep1_0_binary_gaussian5
2023-06-13 23:50:03,478 - model_utils.py[line:86] - INFO: load torch model time elapsed:0.02206349700281862
2023-06-13 23:50:03,478 - pytorch_cvae.py[line:290] - INFO: load model time elapsed:0.0625976479932433
2023-06-13 23:50:03,478 - dataset_utils.py[line:585] - INFO: load existing dataset(light):3-date_dim_d_date_sk#d_year__d_date_sk#d_year_binary_gaussian5_0
2023-06-13 23:50:03,537 - dataset_utils.py[line:594] - INFO: load dataset(light) time elapsed:0.059591340002953075
2023-06-13 23:50:03,538 - pytorch_cvae.py[line:280] - INFO: feature info:[('d_date_sk', 'categorical', 18), ('d_year', 'categorical', 9)]
2023-06-13 23:50:03,538 - model_utils.py[line:75] - INFO: load model name:torch_cvae_3-date_dim_d_date_sk_d_year_ld100_id150_bs128_ep100_0_binary_gaussian5
2023-06-13 23:50:03,540 - model_utils.py[line:86] - INFO: load torch model time elapsed:0.0017043280095094815
2023-06-13 23:50:03,540 - pytorch_cvae.py[line:290] - INFO: load model time elapsed:0.062279965000925586
2023-06-13 23:50:03,540 - main.py[line:561] - INFO: multi_sampling No.0 epoch
2023-06-13 23:50:05,816 - pytorch_cvae.py[line:407] - INFO: sampling time:2.238144339993596
2023-06-13 23:50:05,817 - dataset_utils.py[line:566] - INFO: load existing dataset:86-item_i_item_sk#i_category#i_class#i_item_id__i_item_sk#i_category#i_class#i_item_id_binary_gaussian5_0
2023-06-13 23:50:05,846 - dataset_utils.py[line:578] - INFO: load dataset time elapsed:0.029517853006836958
2023-06-13 23:50:05,847 - dataset_utils.py[line:566] - INFO: load existing dataset:3-date_dim_d_date_sk#d_year__d_date_sk#d_year_binary_gaussian5_0
2023-06-13 23:50:05,920 - dataset_utils.py[line:578] - INFO: load dataset time elapsed:0.07353243599936832
2023-06-13 23:50:06,024 - main.py[line:544] - INFO: sample and aggregation time elapsed:2.483269927004585
2023-06-13 23:50:06,027 - main.py[line:579] - INFO: sample time: 2.4871261149964994
2023-06-13 23:50:06,050 - main.py[line:106] - INFO: aqp result:
(4, 2)
2023-06-13 23:50:06,050 - main.py[line:107] - INFO: ground truth:
(8986, 2)
2023-06-13 23:50:06,063 - main.py[line:597] - INFO: relative error:
                  avg(ss_ext_sales_price)  sum(ss_ext_sales_price)
i_item_id                                                         
AAAAAAAAAAABAAAA 1.00                     1.00                    
AAAAAAAAAAACAAAA 1.00                     1.00                    
AAAAAAAAAAAEAAAA 1.00                     1.00                    
AAAAAAAAAABAAAAA 1.00                     1.00                    
AAAAAAAAAABBAAAA 1.00                     1.00                    
AAAAAAAAAABDAAAA 1.00                     1.00                    
AAAAAAAAAABEAAAA 1.00                     1.00                    
AAAAAAAAAACAAAAA 1.00                     1.00                    
AAAAAAAAAACCAAAA 1.00                     1.00                    
AAAAAAAAAACDAAAA 1.00                     1.00                    
AAAAAAAAAADBAAAA 1.00                     1.00                    
AAAAAAAAAADCAAAA 1.00                     1.00                    
AAAAAAAAAADEAAAA 1.00                     1.00                    
AAAAAAAAAAEAAAAA 1.00                     1.00                    
AAAAAAAAAAEBAAAA 1.00                     1.00                    
AAAAAAAAAAEDAAAA 1.00                     1.00                    
AAAAAAAAAAEEAAAA 1.00                     1.00                    
AAAAAAAAAAFAAAAA 1.00                     1.00                    
AAAAAAAAAAFCAAAA 1.00                     1.00                    
AAAAAAAAAAFDAAAA 1.00                     1.00                    
AAAAAAAAAAGBAAAA 1.00                     1.00                    
AAAAAAAAAAGCAAAA 1.00                     1.00                    
AAAAAAAAAAGEAAAA 1.00                     1.00                    
AAAAAAAAAAHAAAAA 1.00                     1.00                    
AAAAAAAAAAHBAAAA 1.00                     1.00                    
AAAAAAAAAAHDAAAA 1.00                     1.00                    
AAAAAAAAAAIAAAAA 1.00                     1.00                    
AAAAAAAAAAICAAAA 1.00                     1.00                    
AAAAAAAAAAIDAAAA 1.00                     1.00                    
AAAAAAAAAAJBAAAA 1.00                     1.00                    
AAAAAAAAAAJCAAAA 1.00                     1.00                    
AAAAAAAAAAKAAAAA 1.00                     1.00                    
AAAAAAAAAAKBAAAA 1.00                     1.00                    
AAAAAAAAAAKDAAAA 1.00                     1.00                    
AAAAAAAAAALAAAAA 1.00                     1.00                    
AAAAAAAAAALCAAAA 1.00                     1.00                    
AAAAAAAAAALDAAAA 1.00                     1.00                    
AAAAAAAAAAMBAAAA 1.00                     1.00                    
AAAAAAAAAAMCAAAA 1.00                     1.00                    
AAAAAAAAAANAAAAA 1.00                     1.00                    
AAAAAAAAAANBAAAA 1.00                     1.00                    
AAAAAAAAAANDAAAA 1.00                     1.00                    
AAAAAAAAAAOAAAAA 1.00                     1.00                    
AAAAAAAAAAOCAAAA 1.00                     1.00                    
AAAAAAAAAAODAAAA 1.00                     1.00                    
AAAAAAAAAAPBAAAA 1.00                     1.00                    
AAAAAAAAAAPCAAAA 1.00                     1.00                    
AAAAAAAAABAAAAAA 1.00                     1.00                    
AAAAAAAAABABAAAA 1.00                     1.00                    
AAAAAAAAABADAAAA 1.00                     1.00                    
2023-06-13 23:50:06,065 - main.py[line:598] - INFO: relative error normalized:
                  avg(ss_ext_sales_price)  sum(ss_ext_sales_price)
i_item_id                                                         
AAAAAAAAAAABAAAA 1.00                     1.00                    
AAAAAAAAAAACAAAA 1.00                     1.00                    
AAAAAAAAAAAEAAAA 1.00                     1.00                    
AAAAAAAAAABAAAAA 1.00                     1.00                    
AAAAAAAAAABBAAAA 1.00                     1.00                    
AAAAAAAAAABDAAAA 1.00                     1.00                    
AAAAAAAAAABEAAAA 1.00                     1.00                    
AAAAAAAAAACAAAAA 1.00                     1.00                    
AAAAAAAAAACCAAAA 1.00                     1.00                    
AAAAAAAAAACDAAAA 1.00                     1.00                    
AAAAAAAAAADBAAAA 1.00                     1.00                    
AAAAAAAAAADCAAAA 1.00                     1.00                    
AAAAAAAAAADEAAAA 1.00                     1.00                    
AAAAAAAAAAEAAAAA 1.00                     1.00                    
AAAAAAAAAAEBAAAA 1.00                     1.00                    
AAAAAAAAAAEDAAAA 1.00                     1.00                    
AAAAAAAAAAEEAAAA 1.00                     1.00                    
AAAAAAAAAAFAAAAA 1.00                     1.00                    
AAAAAAAAAAFCAAAA 1.00                     1.00                    
AAAAAAAAAAFDAAAA 1.00                     1.00                    
AAAAAAAAAAGBAAAA 1.00                     1.00                    
AAAAAAAAAAGCAAAA 1.00                     1.00                    
AAAAAAAAAAGEAAAA 1.00                     1.00                    
AAAAAAAAAAHAAAAA 1.00                     1.00                    
AAAAAAAAAAHBAAAA 1.00                     1.00                    
AAAAAAAAAAHDAAAA 1.00                     1.00                    
AAAAAAAAAAIAAAAA 1.00                     1.00                    
AAAAAAAAAAICAAAA 1.00                     1.00                    
AAAAAAAAAAIDAAAA 1.00                     1.00                    
AAAAAAAAAAJBAAAA 1.00                     1.00                    
AAAAAAAAAAJCAAAA 1.00                     1.00                    
AAAAAAAAAAKAAAAA 1.00                     1.00                    
AAAAAAAAAAKBAAAA 1.00                     1.00                    
AAAAAAAAAAKDAAAA 1.00                     1.00                    
AAAAAAAAAALAAAAA 1.00                     1.00                    
AAAAAAAAAALCAAAA 1.00                     1.00                    
AAAAAAAAAALDAAAA 1.00                     1.00                    
AAAAAAAAAAMBAAAA 1.00                     1.00                    
AAAAAAAAAAMCAAAA 1.00                     1.00                    
AAAAAAAAAANAAAAA 1.00                     1.00                    
AAAAAAAAAANBAAAA 1.00                     1.00                    
AAAAAAAAAANDAAAA 1.00                     1.00                    
AAAAAAAAAAOAAAAA 1.00                     1.00                    
AAAAAAAAAAOCAAAA 1.00                     1.00                    
AAAAAAAAAAODAAAA 1.00                     1.00                    
AAAAAAAAAAPBAAAA 1.00                     1.00                    
AAAAAAAAAAPCAAAA 1.00                     1.00                    
AAAAAAAAABAAAAAA 1.00                     1.00                    
AAAAAAAAABABAAAA 1.00                     1.00                    
AAAAAAAAABADAAAA 1.00                     1.00                    
2023-06-13 23:50:06,065 - main.py[line:601] - INFO: relative error average: 1.0000922410348707
2023-06-13 23:50:06,065 - main.py[line:602] - INFO: relative error normalized average: 0.9998175105386317
2023-06-13 23:50:06,075 - main.py[line:648] - INFO: total_time:8098.7070147009945
