main.py:19: FutureWarning: Passing a negative integer is deprecated in version 1.0 and will not be supported in future version. Instead, use None to not limit the column width.
  pd.set_option('max_colwidth', -1)
2023-06-22 12:01:18,861 - main.py[line:642] - INFO: load query config config/tpcds_whole/query/sql16.json successfully
2023-06-22 12:01:18,861 - main.py[line:649] - INFO: load train config ./config/tpcds_whole/train/16_catalog_sales.json successfully
2023-06-22 12:01:18,861 - main.py[line:649] - INFO: load train config ./config/tpcds_whole/train/3_date_dim.json successfully
2023-06-22 12:01:18,861 - main.py[line:649] - INFO: load train config ./config/tpcds_whole/train/94_customer_address.json successfully
2023-06-22 12:01:18,861 - main.py[line:649] - INFO: load train config ./config/tpcds_whole/train/16_call_center.json successfully
2023-06-22 12:01:18,861 - dataset_utils.py[line:585] - INFO: load existing dataset(light):16-catalog_sales_cs_ship_date_sk#cs_ship_addr_sk#cs_call_center_sk_cs_ext_ship_cost#cs_net_profit_cs_call_center_sk_binary_gaussian5_0
2023-06-22 12:01:19,519 - dataset_utils.py[line:594] - INFO: load dataset(light) time elapsed:0.6571760990191251
2023-06-22 12:01:19,519 - pytorch_cvae.py[line:280] - INFO: feature info:[('cs_ext_ship_cost', 'numerical', 6), ('cs_net_profit', 'numerical', 6), ('cs_ship_date_sk', 'categorical', 12), ('cs_ship_addr_sk', 'categorical', 17), ('cs_call_center_sk', 'categorical', 4)]
2023-06-22 12:01:19,520 - model_utils.py[line:75] - INFO: load model name:torch_cvae_16-catalog_sales_cs_call_center_sk_ld100_id100_bs256_ep2_0_binary_gaussian5
2023-06-22 12:01:21,566 - model_utils.py[line:86] - INFO: load torch model time elapsed:2.0461102080298588
2023-06-22 12:01:21,566 - pytorch_cvae.py[line:290] - INFO: load model time elapsed:2.704823956009932
2023-06-22 12:01:21,566 - dataset_utils.py[line:585] - INFO: load existing dataset(light):3-date_dim_d_date_sk#d_year__d_date_sk#d_year_binary_gaussian5_0
2023-06-22 12:01:21,623 - dataset_utils.py[line:594] - INFO: load dataset(light) time elapsed:0.056328270002268255
2023-06-22 12:01:21,623 - pytorch_cvae.py[line:280] - INFO: feature info:[('d_date_sk', 'categorical', 18), ('d_year', 'categorical', 9)]
2023-06-22 12:01:21,623 - model_utils.py[line:75] - INFO: load model name:torch_cvae_3-date_dim_d_date_sk_d_year_ld100_id150_bs128_ep100_0_binary_gaussian5
2023-06-22 12:01:21,625 - model_utils.py[line:86] - INFO: load torch model time elapsed:0.0016753399977460504
2023-06-22 12:01:21,625 - pytorch_cvae.py[line:290] - INFO: load model time elapsed:0.05898273002821952
2023-06-22 12:01:21,625 - dataset_utils.py[line:585] - INFO: load existing dataset(light):86-customer_address_ca_address_sk__ca_address_sk_binary_gaussian5_0
2023-06-22 12:01:21,651 - dataset_utils.py[line:594] - INFO: load dataset(light) time elapsed:0.02574451605323702
2023-06-22 12:01:21,651 - pytorch_cvae.py[line:280] - INFO: feature info:[('ca_address_sk', 'categorical', 17)]
2023-06-22 12:01:21,652 - model_utils.py[line:75] - INFO: load model name:torch_cvae_86-customer_address_ca_address_sk_ld100_id150_bs128_ep100_0_binary_gaussian5
2023-06-22 12:01:21,653 - model_utils.py[line:86] - INFO: load torch model time elapsed:0.001571508008055389
2023-06-22 12:01:21,654 - pytorch_cvae.py[line:290] - INFO: load model time elapsed:0.028230031952261925
2023-06-22 12:01:21,654 - dataset_utils.py[line:585] - INFO: load existing dataset(light):16-call_center_cc_call_center_sk__cc_call_center_sk_binary_gaussian5_0
2023-06-22 12:01:21,655 - dataset_utils.py[line:594] - INFO: load dataset(light) time elapsed:0.0011342569487169385
2023-06-22 12:01:21,655 - pytorch_cvae.py[line:280] - INFO: feature info:[('cc_call_center_sk', 'categorical', 4)]
2023-06-22 12:01:21,655 - model_utils.py[line:75] - INFO: load model name:torch_cvae_16-call_center_cc_call_center_sk_ld100_id150_bs128_ep100_0_binary_gaussian5
2023-06-22 12:01:21,657 - model_utils.py[line:86] - INFO: load torch model time elapsed:0.0013797559076920152
2023-06-22 12:01:21,657 - pytorch_cvae.py[line:290] - INFO: load model time elapsed:0.003242253907956183
2023-06-22 12:01:21,657 - main.py[line:572] - INFO: multi_sampling No.0 epoch
2023-06-22 12:01:22,313 - pytorch_cvae.py[line:407] - INFO: sampling time:0.6551905609667301
2023-06-22 12:01:22,313 - dataset_utils.py[line:566] - INFO: load existing dataset:3-date_dim_d_date_sk#d_year__d_date_sk#d_year_binary_gaussian5_0
2023-06-22 12:01:22,388 - dataset_utils.py[line:578] - INFO: load dataset time elapsed:0.07571176195051521
2023-06-22 12:01:22,389 - dataset_utils.py[line:566] - INFO: load existing dataset:86-customer_address_ca_address_sk__ca_address_sk_binary_gaussian5_0
2023-06-22 12:01:22,425 - dataset_utils.py[line:578] - INFO: load dataset time elapsed:0.035847406019456685
2023-06-22 12:01:22,429 - dataset_utils.py[line:566] - INFO: load existing dataset:16-call_center_cc_call_center_sk__cc_call_center_sk_binary_gaussian5_0
2023-06-22 12:01:22,430 - dataset_utils.py[line:578] - INFO: load dataset time elapsed:0.001712532015517354
2023-06-22 12:01:22,470 - main.py[line:555] - INFO: sample and aggregation time elapsed:0.8128949139500037
2023-06-22 12:01:22,472 - main.py[line:593] - INFO: sample time: 0.8150643110275269
2023-06-22 12:01:22,487 - main.py[line:104] - INFO: aqp result:
sum(cs_ext_ship_cost)   1712054741.42
sum(cs_net_profit)      -304955000.89
avg(cs_ext_ship_cost)   1267.97      
avg(cs_net_profit)      -250.96      
dtype: float64
2023-06-22 12:01:22,489 - main.py[line:105] - INFO: ground truth:
   avg(cs_ext_ship_cost)  sum(cs_ext_ship_cost)  avg(cs_net_profit)  \
0 1275.54                 1820810847            -255.55               

   sum(cs_net_profit)  
0 -364846318           
2023-06-22 12:01:22,497 - main.py[line:611] - INFO: relative error:
   avg(cs_ext_ship_cost)  avg(cs_net_profit)
0 0.01                  0.02                
2023-06-22 12:01:22,499 - main.py[line:612] - INFO: relative error normalized:
   avg(cs_ext_ship_cost)  avg(cs_net_profit)
0 0.01                   0.02                   
2023-06-22 12:01:22,499 - main.py[line:615] - INFO: relative error average: 0.09005225748864026
2023-06-22 12:01:22,499 - main.py[line:616] - INFO: relative error normalized average: 0.011859041793275016
2023-06-22 12:01:22,507 - main.py[line:662] - INFO: total_time:3.646133786998689