main.py:19: FutureWarning: Passing a negative integer is deprecated in version 1.0 and will not be supported in future version. Instead, use None to not limit the column width.
  pd.set_option('max_colwidth', -1)
2023-06-08 03:38:02,394 - main.py[line:626] - INFO: load query config config/tpcds_whole/query/sql77.json successfully
2023-06-08 03:38:02,394 - main.py[line:633] - INFO: load train config ./config/tpcds_whole/train/77_store_sales.json successfully
2023-06-08 03:38:02,394 - main.py[line:633] - INFO: load train config ./config/tpcds_whole/train/3_date_dim.json successfully
2023-06-08 03:38:02,394 - main.py[line:633] - INFO: load train config ./config/tpcds_whole/train/77_store.json successfully
2023-06-08 03:38:02,394 - pytorch_cvae.py[line:249] - INFO: epoch:100
2023-06-08 03:38:02,394 - pytorch_cvae.py[line:250] - INFO: batch size:512
2023-06-08 03:38:02,394 - pytorch_cvae.py[line:251] - INFO: latent dimension:100
2023-06-08 03:38:02,394 - pytorch_cvae.py[line:252] - INFO: intermediate dimension:100
2023-06-08 03:38:02,394 - pytorch_cvae.py[line:253] - INFO: gpu num:0
2023-06-08 03:38:02,394 - dataset_utils.py[line:565] - INFO: load existing dataset:77-store_sales_ss_sold_date_sk#ss_store_sk_ss_ext_sales_price#ss_net_profit_ss_sold_date_sk#ss_store_sk_binary_gaussian5_0
2023-06-08 03:38:06,822 - dataset_utils.py[line:577] - INFO: load dataset time elapsed:4.427388904150575
2023-06-08 03:38:06,822 - pytorch_cvae.py[line:258] - INFO: feature info:[('ss_ext_sales_price', 'numerical', 6), ('ss_net_profit', 'numerical', 6), ('ss_sold_date_sk', 'categorical', 12), ('ss_store_sk', 'categorical', 4)]
2023-06-08 03:38:49,921 - pytorch_cvae.py[line:170] - INFO: ----------------------------No.1 epoch----------------------------
2023-06-08 03:38:49,921 - pytorch_cvae.py[line:177] - INFO: loss:1720.5077189058065, numeric_loss:85.90534922713414, categorical_loss:726.2079175724648, kld_loss:168522.11026227474, epoch_train_time:43.09722466627136
2023-06-08 03:39:32,958 - pytorch_cvae.py[line:170] - INFO: ----------------------------No.2 epoch----------------------------
2023-06-08 03:39:32,958 - pytorch_cvae.py[line:177] - INFO: loss:824.24582695961, numeric_loss:40.171770707238466, categorical_loss:71.83038276061416, kld_loss:119618.60494613647, epoch_train_time:43.03613383928314
2023-06-08 03:40:15,807 - pytorch_cvae.py[line:170] - INFO: ----------------------------No.3 epoch----------------------------
2023-06-08 03:40:15,807 - pytorch_cvae.py[line:177] - INFO: loss:867.9887006133795, numeric_loss:40.6367466612719, categorical_loss:70.7770273545757, kld_loss:115144.72710800171, epoch_train_time:42.849141250830144
2023-06-08 03:40:58,704 - pytorch_cvae.py[line:170] - INFO: ----------------------------No.4 epoch----------------------------
2023-06-08 03:40:58,704 - pytorch_cvae.py[line:177] - INFO: loss:931.3874327987432, numeric_loss:43.25765763549134, categorical_loss:75.20917668845505, kld_loss:112226.78754043579, epoch_train_time:42.897018963005394
2023-06-08 03:41:41,544 - pytorch_cvae.py[line:170] - INFO: ----------------------------No.5 epoch----------------------------
2023-06-08 03:41:41,544 - pytorch_cvae.py[line:177] - INFO: loss:1000.8673549890518, numeric_loss:46.129612466320395, categorical_loss:81.72013862011954, kld_loss:109436.44798469543, epoch_train_time:42.83946152916178
2023-06-08 03:42:24,714 - pytorch_cvae.py[line:170] - INFO: ----------------------------No.6 epoch----------------------------
2023-06-08 03:42:24,714 - pytorch_cvae.py[line:177] - INFO: loss:1076.2097258120775, numeric_loss:49.8592653889209, categorical_loss:89.43054963229224, kld_loss:106749.61649131775, epoch_train_time:43.17001016205177
2023-06-08 03:43:07,770 - pytorch_cvae.py[line:170] - INFO: ----------------------------No.7 epoch----------------------------
2023-06-08 03:43:07,770 - pytorch_cvae.py[line:177] - INFO: loss:1151.9166019409895, numeric_loss:54.29900911077857, categorical_loss:98.95580223016441, kld_loss:103524.10262489319, epoch_train_time:43.056043101940304
2023-06-08 03:43:38,729 - pytorch_cvae.py[line:170] - INFO: ----------------------------No.8 epoch----------------------------
2023-06-08 03:43:38,729 - pytorch_cvae.py[line:177] - INFO: loss:1197.548016935587, numeric_loss:59.129143714904785, categorical_loss:103.84675531741232, kld_loss:97673.61827278137, epoch_train_time:30.958574142307043
2023-06-08 03:44:08,942 - pytorch_cvae.py[line:170] - INFO: ----------------------------No.9 epoch----------------------------
2023-06-08 03:44:08,942 - pytorch_cvae.py[line:177] - INFO: loss:1278.1428825855255, numeric_loss:64.47830346506089, categorical_loss:113.7889280486852, kld_loss:94664.65665054321, epoch_train_time:30.212702963035554
2023-06-08 03:44:39,162 - pytorch_cvae.py[line:170] - INFO: ----------------------------No.10 epoch----------------------------
2023-06-08 03:44:39,162 - pytorch_cvae.py[line:177] - INFO: loss:1345.9664241075516, numeric_loss:70.04007919877768, categorical_loss:124.95683445129544, kld_loss:90400.35592651367, epoch_train_time:30.220023250207305
2023-06-08 03:45:09,368 - pytorch_cvae.py[line:170] - INFO: ----------------------------No.11 epoch----------------------------
2023-06-08 03:45:09,368 - pytorch_cvae.py[line:177] - INFO: loss:1400.2900344133377, numeric_loss:76.04741134680808, categorical_loss:129.01601754594594, kld_loss:85753.70887470245, epoch_train_time:30.20552671002224
2023-06-08 03:45:39,586 - pytorch_cvae.py[line:170] - INFO: ----------------------------No.12 epoch----------------------------
2023-06-08 03:45:39,586 - pytorch_cvae.py[line:177] - INFO: loss:1490.6056514978409, numeric_loss:82.47368742432445, categorical_loss:140.58359317854047, kld_loss:83156.8154668808, epoch_train_time:30.217578365001827
2023-06-08 03:46:09,789 - pytorch_cvae.py[line:170] - INFO: ----------------------------No.13 epoch----------------------------
2023-06-08 03:46:09,790 - pytorch_cvae.py[line:177] - INFO: loss:1576.5812926590443, numeric_loss:89.80930586159229, categorical_loss:154.1536840973422, kld_loss:80021.00985050201, epoch_train_time:30.203660025261343
2023-06-08 03:46:40,000 - pytorch_cvae.py[line:170] - INFO: ----------------------------No.14 epoch----------------------------
2023-06-08 03:46:40,000 - pytorch_cvae.py[line:177] - INFO: loss:1657.9355791807175, numeric_loss:97.73557311668992, categorical_loss:166.80403968598694, kld_loss:76660.56888580322, epoch_train_time:30.210720772854984
2023-06-08 03:47:10,206 - pytorch_cvae.py[line:170] - INFO: ----------------------------No.15 epoch----------------------------
2023-06-08 03:47:10,207 - pytorch_cvae.py[line:177] - INFO: loss:1746.515683710575, numeric_loss:106.05020592734218, categorical_loss:178.58410292305052, kld_loss:73763.77848052979, epoch_train_time:30.205853858031332
2023-06-08 03:47:40,418 - pytorch_cvae.py[line:170] - INFO: ----------------------------No.16 epoch----------------------------
2023-06-08 03:47:40,418 - pytorch_cvae.py[line:177] - INFO: loss:1830.5367113351822, numeric_loss:115.4674358740449, categorical_loss:194.34737360291183, kld_loss:70444.75164031982, epoch_train_time:30.21104179788381
2023-06-08 03:48:10,632 - pytorch_cvae.py[line:170] - INFO: ----------------------------No.17 epoch----------------------------
2023-06-08 03:48:10,632 - pytorch_cvae.py[line:177] - INFO: loss:1920.5011410713196, numeric_loss:125.3213565889746, categorical_loss:202.96560400910676, kld_loss:67780.13786697388, epoch_train_time:30.21433279197663
2023-06-08 03:48:40,861 - pytorch_cvae.py[line:170] - INFO: ----------------------------No.18 epoch----------------------------
2023-06-08 03:48:40,861 - pytorch_cvae.py[line:177] - INFO: loss:2024.0564305484295, numeric_loss:135.6061127986759, categorical_loss:219.17517790943384, kld_loss:65368.01341533661, epoch_train_time:30.228825131896883
2023-06-08 03:49:11,080 - pytorch_cvae.py[line:170] - INFO: ----------------------------No.19 epoch----------------------------
2023-06-08 03:49:11,080 - pytorch_cvae.py[line:177] - INFO: loss:2130.5142375826836, numeric_loss:147.20356347970665, categorical_loss:238.7296949736774, kld_loss:62907.03000164032, epoch_train_time:30.219060141127557
2023-06-08 03:49:41,289 - pytorch_cvae.py[line:170] - INFO: ----------------------------No.20 epoch----------------------------
2023-06-08 03:49:41,290 - pytorch_cvae.py[line:177] - INFO: loss:2233.423979908228, numeric_loss:159.27656732313335, categorical_loss:260.66901738755405, kld_loss:60273.36486339569, epoch_train_time:30.20894565107301
2023-06-08 03:50:11,522 - pytorch_cvae.py[line:170] - INFO: ----------------------------No.21 epoch----------------------------
2023-06-08 03:50:11,522 - pytorch_cvae.py[line:177] - INFO: loss:2333.808245718479, numeric_loss:172.17738175950944, categorical_loss:276.78795612230897, kld_loss:57799.95465373993, epoch_train_time:30.232403819914907
2023-06-08 03:50:41,805 - pytorch_cvae.py[line:170] - INFO: ----------------------------No.22 epoch----------------------------
2023-06-08 03:50:41,805 - pytorch_cvae.py[line:177] - INFO: loss:2447.4303539693356, numeric_loss:185.90721545927227, categorical_loss:291.95141357183456, kld_loss:55782.46795749664, epoch_train_time:30.282894517295063
2023-06-08 03:51:12,021 - pytorch_cvae.py[line:170] - INFO: ----------------------------No.23 epoch----------------------------
2023-06-08 03:51:12,021 - pytorch_cvae.py[line:177] - INFO: loss:2551.0009679198265, numeric_loss:200.94252771884203, categorical_loss:309.8548893406987, kld_loss:53420.42296409607, epoch_train_time:30.215691961813718
2023-06-08 03:51:42,226 - pytorch_cvae.py[line:170] - INFO: ----------------------------No.24 epoch----------------------------
2023-06-08 03:51:42,226 - pytorch_cvae.py[line:177] - INFO: loss:2646.4991842508316, numeric_loss:216.5504597723484, categorical_loss:316.92869059741497, kld_loss:51201.13917160034, epoch_train_time:30.205089441034943
2023-06-08 03:52:12,432 - pytorch_cvae.py[line:170] - INFO: ----------------------------No.25 epoch----------------------------
2023-06-08 03:52:12,432 - pytorch_cvae.py[line:177] - INFO: loss:2754.1892432570457, numeric_loss:232.85424142703414, categorical_loss:331.6828172877431, kld_loss:49150.46469306946, epoch_train_time:30.20585655979812
2023-06-08 03:52:42,640 - pytorch_cvae.py[line:170] - INFO: ----------------------------No.26 epoch----------------------------
2023-06-08 03:52:42,641 - pytorch_cvae.py[line:177] - INFO: loss:2869.4385294914246, numeric_loss:250.4128634519875, categorical_loss:349.43336395546794, kld_loss:47240.129954338074, epoch_train_time:30.20791447814554
2023-06-08 03:53:12,859 - pytorch_cvae.py[line:170] - INFO: ----------------------------No.27 epoch----------------------------
2023-06-08 03:53:12,859 - pytorch_cvae.py[line:177] - INFO: loss:2982.04720723629, numeric_loss:269.75882329046726, categorical_loss:365.9062895961106, kld_loss:45332.22518444061, epoch_train_time:30.21836865833029
2023-06-08 03:53:43,065 - pytorch_cvae.py[line:170] - INFO: ----------------------------No.28 epoch----------------------------
2023-06-08 03:53:43,065 - pytorch_cvae.py[line:177] - INFO: loss:3089.533174395561, numeric_loss:290.67636029422283, categorical_loss:381.3473332449794, kld_loss:43396.615235328674, epoch_train_time:30.205803853925318
2023-06-08 03:54:13,270 - pytorch_cvae.py[line:170] - INFO: ----------------------------No.29 epoch----------------------------
2023-06-08 03:54:13,270 - pytorch_cvae.py[line:177] - INFO: loss:3196.0099579691887, numeric_loss:319.90678169950843, categorical_loss:378.4264161065221, kld_loss:41700.14356517792, epoch_train_time:30.205069593153894
2023-06-08 03:54:43,471 - pytorch_cvae.py[line:170] - INFO: ----------------------------No.30 epoch----------------------------
2023-06-08 03:54:43,471 - pytorch_cvae.py[line:177] - INFO: loss:3315.2201095223427, numeric_loss:334.89083544537425, categorical_loss:388.88618265092373, kld_loss:40280.13586425781, epoch_train_time:30.200177972204983
2023-06-08 03:55:13,765 - pytorch_cvae.py[line:170] - INFO: ----------------------------No.31 epoch----------------------------
2023-06-08 03:55:13,765 - pytorch_cvae.py[line:177] - INFO: loss:3450.0525173544884, numeric_loss:330.2075791954994, categorical_loss:403.67972646281123, kld_loss:39344.83158826828, epoch_train_time:30.294143493287265
2023-06-08 03:55:43,981 - pytorch_cvae.py[line:170] - INFO: ----------------------------No.32 epoch----------------------------
2023-06-08 03:55:43,981 - pytorch_cvae.py[line:177] - INFO: loss:3594.8514919281006, numeric_loss:324.5359159819782, categorical_loss:418.8965339846909, kld_loss:38530.89311552048, epoch_train_time:30.21566164214164
2023-06-08 03:56:14,205 - pytorch_cvae.py[line:170] - INFO: ----------------------------No.33 epoch----------------------------
2023-06-08 03:56:14,205 - pytorch_cvae.py[line:177] - INFO: loss:3739.5570539832115, numeric_loss:322.56168768927455, categorical_loss:427.5068330578506, kld_loss:37722.089460372925, epoch_train_time:30.223767851945013
2023-06-08 03:56:44,421 - pytorch_cvae.py[line:170] - INFO: ----------------------------No.34 epoch----------------------------
2023-06-08 03:56:44,421 - pytorch_cvae.py[line:177] - INFO: loss:3905.5814450383186, numeric_loss:329.7039016634226, categorical_loss:452.77798227220774, kld_loss:36835.7759180069, epoch_train_time:30.216223195195198
2023-06-08 03:57:14,645 - pytorch_cvae.py[line:170] - INFO: ----------------------------No.35 epoch----------------------------
2023-06-08 03:57:14,645 - pytorch_cvae.py[line:177] - INFO: loss:4072.836282849312, numeric_loss:337.35418725013733, categorical_loss:477.79597091674805, kld_loss:35951.13634634018, epoch_train_time:30.223534599877894
2023-06-08 03:57:44,864 - pytorch_cvae.py[line:170] - INFO: ----------------------------No.36 epoch----------------------------
2023-06-08 03:57:44,864 - pytorch_cvae.py[line:177] - INFO: loss:4260.7937614917755, numeric_loss:344.6728521846235, categorical_loss:512.4662622734904, kld_loss:35180.546401023865, epoch_train_time:30.218883254099637
2023-06-08 03:58:15,078 - pytorch_cvae.py[line:170] - INFO: ----------------------------No.37 epoch----------------------------
2023-06-08 03:58:15,078 - pytorch_cvae.py[line:177] - INFO: loss:4454.662447810173, numeric_loss:355.769030995667, categorical_loss:548.8790240511298, kld_loss:34401.33011674881, epoch_train_time:30.21364954020828
2023-06-08 03:58:45,280 - pytorch_cvae.py[line:170] - INFO: ----------------------------No.38 epoch----------------------------
2023-06-08 03:58:45,280 - pytorch_cvae.py[line:177] - INFO: loss:4653.300853967667, numeric_loss:368.28605925291777, categorical_loss:587.5728940665722, kld_loss:33625.50045776367, epoch_train_time:30.202219652943313
2023-06-08 03:59:15,490 - pytorch_cvae.py[line:170] - INFO: ----------------------------No.39 epoch----------------------------
2023-06-08 03:59:15,490 - pytorch_cvae.py[line:177] - INFO: loss:4860.471927642822, numeric_loss:381.85172351822257, categorical_loss:628.711377941072, kld_loss:32890.80019760132, epoch_train_time:30.20933388499543
2023-06-08 03:59:45,694 - pytorch_cvae.py[line:170] - INFO: ----------------------------No.40 epoch----------------------------
2023-06-08 03:59:45,694 - pytorch_cvae.py[line:177] - INFO: loss:5079.396786212921, numeric_loss:395.15037328004837, categorical_loss:680.2483419924974, kld_loss:32166.86628961563, epoch_train_time:30.204096171073616
2023-06-08 04:00:15,929 - pytorch_cvae.py[line:170] - INFO: ----------------------------No.41 epoch----------------------------
2023-06-08 04:00:15,929 - pytorch_cvae.py[line:177] - INFO: loss:5299.790464997292, numeric_loss:409.63422752171755, categorical_loss:742.5518976226449, kld_loss:31364.431809425354, epoch_train_time:30.23494560783729
2023-06-08 04:00:46,180 - pytorch_cvae.py[line:170] - INFO: ----------------------------No.42 epoch----------------------------
2023-06-08 04:00:46,180 - pytorch_cvae.py[line:177] - INFO: loss:5520.696168422699, numeric_loss:425.7388796284795, categorical_loss:819.8819497823715, kld_loss:30460.943264961243, epoch_train_time:30.25095577025786
2023-06-08 04:01:16,402 - pytorch_cvae.py[line:170] - INFO: ----------------------------No.43 epoch----------------------------
2023-06-08 04:01:16,402 - pytorch_cvae.py[line:177] - INFO: loss:5691.925295114517, numeric_loss:442.4138904809952, categorical_loss:910.3294885382056, kld_loss:29160.917508125305, epoch_train_time:30.221935434732586
2023-06-08 04:01:46,609 - pytorch_cvae.py[line:170] - INFO: ----------------------------No.44 epoch----------------------------
2023-06-08 04:01:46,610 - pytorch_cvae.py[line:177] - INFO: loss:5774.746821403503, numeric_loss:456.9236792176962, categorical_loss:945.7735922187567, kld_loss:27740.001623630524, epoch_train_time:30.207003495655954
2023-06-08 04:02:16,847 - pytorch_cvae.py[line:170] - INFO: ----------------------------No.45 epoch----------------------------
2023-06-08 04:02:16,847 - pytorch_cvae.py[line:177] - INFO: loss:5895.478083014488, numeric_loss:473.8362602367997, categorical_loss:889.9055782184005, kld_loss:27173.674885749817, epoch_train_time:30.23714833566919
2023-06-08 04:02:47,072 - pytorch_cvae.py[line:170] - INFO: ----------------------------No.46 epoch----------------------------
2023-06-08 04:02:47,072 - pytorch_cvae.py[line:177] - INFO: loss:6083.939451932907, numeric_loss:489.788895316422, categorical_loss:866.9648414477706, kld_loss:26815.326319217682, epoch_train_time:30.22464160900563
2023-06-08 04:03:17,349 - pytorch_cvae.py[line:170] - INFO: ----------------------------No.47 epoch----------------------------
2023-06-08 04:03:17,349 - pytorch_cvae.py[line:177] - INFO: loss:6297.85414981842, numeric_loss:504.9299558773637, categorical_loss:867.3678665682673, kld_loss:26458.588008403778, epoch_train_time:30.277590168174356
2023-06-08 04:03:47,558 - pytorch_cvae.py[line:170] - INFO: ----------------------------No.48 epoch----------------------------
2023-06-08 04:03:47,558 - pytorch_cvae.py[line:177] - INFO: loss:6528.484322309494, numeric_loss:518.9681648910046, categorical_loss:881.6699889600277, kld_loss:26110.28376197815, epoch_train_time:30.20836582314223
2023-06-08 04:04:17,763 - pytorch_cvae.py[line:170] - INFO: ----------------------------No.49 epoch----------------------------
2023-06-08 04:04:17,764 - pytorch_cvae.py[line:177] - INFO: loss:6776.207094907761, numeric_loss:532.6396993026137, categorical_loss:913.1904639229178, kld_loss:25753.36963415146, epoch_train_time:30.205428794957697
2023-06-08 04:04:47,974 - pytorch_cvae.py[line:170] - INFO: ----------------------------No.50 epoch----------------------------
2023-06-08 04:04:47,974 - pytorch_cvae.py[line:177] - INFO: loss:7039.04345703125, numeric_loss:545.3356317579746, categorical_loss:956.4420437738299, kld_loss:25410.041026115417, epoch_train_time:30.209968188777566
2023-06-08 04:05:18,211 - pytorch_cvae.py[line:170] - INFO: ----------------------------No.51 epoch----------------------------
2023-06-08 04:05:18,211 - pytorch_cvae.py[line:177] - INFO: loss:7307.262661457062, numeric_loss:557.9798428118229, categorical_loss:1006.4980641826987, kld_loss:25055.36067008972, epoch_train_time:30.23750706296414
2023-06-08 04:05:48,416 - pytorch_cvae.py[line:170] - INFO: ----------------------------No.52 epoch----------------------------
2023-06-08 04:05:48,416 - pytorch_cvae.py[line:177] - INFO: loss:7585.78964471817, numeric_loss:570.5930892154574, categorical_loss:1069.3301650583744, kld_loss:24688.55578804016, epoch_train_time:30.20451459195465
2023-06-08 04:06:18,629 - pytorch_cvae.py[line:170] - INFO: ----------------------------No.53 epoch----------------------------
2023-06-08 04:06:18,629 - pytorch_cvae.py[line:177] - INFO: loss:7866.938228607178, numeric_loss:581.8750488981605, categorical_loss:1130.9722024798393, kld_loss:24343.396943569183, epoch_train_time:30.212848023045808
2023-06-08 04:06:48,838 - pytorch_cvae.py[line:170] - INFO: ----------------------------No.54 epoch----------------------------
2023-06-08 04:06:48,838 - pytorch_cvae.py[line:177] - INFO: loss:8150.373849391937, numeric_loss:592.9660403728485, categorical_loss:1201.595263108611, kld_loss:23975.040331840515, epoch_train_time:30.209111286792904
2023-06-08 04:07:19,118 - pytorch_cvae.py[line:170] - INFO: ----------------------------No.55 epoch----------------------------
2023-06-08 04:07:19,118 - pytorch_cvae.py[line:177] - INFO: loss:8445.351789951324, numeric_loss:601.5218255892396, categorical_loss:1281.788569688797, kld_loss:23628.30389404297, epoch_train_time:30.279471151996404
2023-06-08 04:07:49,314 - pytorch_cvae.py[line:170] - INFO: ----------------------------No.56 epoch----------------------------
2023-06-08 04:07:49,314 - pytorch_cvae.py[line:177] - INFO: loss:8741.79823076725, numeric_loss:609.7729775384068, categorical_loss:1367.8473430871964, kld_loss:23272.776396274567, epoch_train_time:30.195721293333918
2023-06-08 04:08:19,517 - pytorch_cvae.py[line:170] - INFO: ----------------------------No.57 epoch----------------------------
2023-06-08 04:08:19,517 - pytorch_cvae.py[line:177] - INFO: loss:9040.739094734192, numeric_loss:616.370607919991, categorical_loss:1460.4346687793732, kld_loss:22917.208112716675, epoch_train_time:30.202799676917493
2023-06-08 04:08:49,723 - pytorch_cvae.py[line:170] - INFO: ----------------------------No.58 epoch----------------------------
2023-06-08 04:08:49,723 - pytorch_cvae.py[line:177] - INFO: loss:9340.712072014809, numeric_loss:622.0074099674821, categorical_loss:1556.2589203864336, kld_loss:22567.14372587204, epoch_train_time:30.205851905047894
2023-06-08 04:09:19,940 - pytorch_cvae.py[line:170] - INFO: ----------------------------No.59 epoch----------------------------
2023-06-08 04:09:19,940 - pytorch_cvae.py[line:177] - INFO: loss:9640.145172476768, numeric_loss:625.5700248554349, categorical_loss:1667.3784810751677, kld_loss:22186.020100593567, epoch_train_time:30.216796710155904
2023-06-08 04:09:50,129 - pytorch_cvae.py[line:170] - INFO: ----------------------------No.60 epoch----------------------------
2023-06-08 04:09:50,129 - pytorch_cvae.py[line:177] - INFO: loss:9940.261445522308, numeric_loss:627.4821413606405, categorical_loss:1779.4724539369345, kld_loss:21823.28839111328, epoch_train_time:30.18883322691545
2023-06-08 04:10:20,329 - pytorch_cvae.py[line:170] - INFO: ----------------------------No.61 epoch----------------------------
2023-06-08 04:10:20,329 - pytorch_cvae.py[line:177] - INFO: loss:10242.027361750603, numeric_loss:628.8378113955259, categorical_loss:1901.1520076990128, kld_loss:21454.318165779114, epoch_train_time:30.200348436366767
2023-06-08 04:10:50,523 - pytorch_cvae.py[line:170] - INFO: ----------------------------No.62 epoch----------------------------
2023-06-08 04:10:50,524 - pytorch_cvae.py[line:177] - INFO: loss:10541.80165708065, numeric_loss:629.3780228197575, categorical_loss:2037.6744925677776, kld_loss:21058.512189149857, epoch_train_time:30.193871767725796
2023-06-08 04:11:20,721 - pytorch_cvae.py[line:170] - INFO: ----------------------------No.63 epoch----------------------------
2023-06-08 04:11:20,721 - pytorch_cvae.py[line:177] - INFO: loss:10839.128291726112, numeric_loss:629.5590732395649, categorical_loss:2180.083630800247, kld_loss:20661.333995103836, epoch_train_time:30.197383827064186
2023-06-08 04:11:50,919 - pytorch_cvae.py[line:170] - INFO: ----------------------------No.64 epoch----------------------------
2023-06-08 04:11:50,919 - pytorch_cvae.py[line:177] - INFO: loss:11135.651663303375, numeric_loss:629.7995108813047, categorical_loss:2336.8352570533752, kld_loss:20246.70547437668, epoch_train_time:30.19780982611701
2023-06-08 04:12:21,114 - pytorch_cvae.py[line:170] - INFO: ----------------------------No.65 epoch----------------------------
2023-06-08 04:12:21,114 - pytorch_cvae.py[line:177] - INFO: loss:11419.256702184677, numeric_loss:630.1302373111248, categorical_loss:2516.5813644230366, kld_loss:19768.420670747757, epoch_train_time:30.194762005005032
2023-06-08 04:12:51,304 - pytorch_cvae.py[line:170] - INFO: ----------------------------No.66 epoch----------------------------
2023-06-08 04:12:51,304 - pytorch_cvae.py[line:177] - INFO: loss:11699.381039381027, numeric_loss:630.0965004712343, categorical_loss:2705.7127019762993, kld_loss:19288.886869430542, epoch_train_time:30.189878860954195
2023-06-08 04:13:21,495 - pytorch_cvae.py[line:170] - INFO: ----------------------------No.67 epoch----------------------------
2023-06-08 04:13:21,495 - pytorch_cvae.py[line:177] - INFO: loss:11974.737615823746, numeric_loss:630.3711245954037, categorical_loss:2916.1643458604813, kld_loss:18778.770721673965, epoch_train_time:30.19093509297818
2023-06-08 04:13:51,682 - pytorch_cvae.py[line:170] - INFO: ----------------------------No.68 epoch----------------------------
2023-06-08 04:13:51,682 - pytorch_cvae.py[line:177] - INFO: loss:12235.70813536644, numeric_loss:630.3598571196198, categorical_loss:3140.3609643876553, kld_loss:18239.36288022995, epoch_train_time:30.187066069804132
2023-06-08 04:14:21,873 - pytorch_cvae.py[line:170] - INFO: ----------------------------No.69 epoch----------------------------
2023-06-08 04:14:21,873 - pytorch_cvae.py[line:177] - INFO: loss:12496.718720197678, numeric_loss:630.5659890770912, categorical_loss:3388.6766200065613, kld_loss:17682.161678791046, epoch_train_time:30.190412519034
2023-06-08 04:14:52,060 - pytorch_cvae.py[line:170] - INFO: ----------------------------No.70 epoch----------------------------
2023-06-08 04:14:52,060 - pytorch_cvae.py[line:177] - INFO: loss:12746.712753534317, numeric_loss:630.6133395507932, categorical_loss:3632.833602666855, kld_loss:17145.55664753914, epoch_train_time:30.186941208783537
2023-06-08 04:15:22,344 - pytorch_cvae.py[line:170] - INFO: ----------------------------No.71 epoch----------------------------
2023-06-08 04:15:22,344 - pytorch_cvae.py[line:177] - INFO: loss:12982.163924694061, numeric_loss:630.9240871891379, categorical_loss:3878.262800335884, kld_loss:16610.34179663658, epoch_train_time:30.28369418065995
2023-06-08 04:15:52,548 - pytorch_cvae.py[line:170] - INFO: ----------------------------No.72 epoch----------------------------
2023-06-08 04:15:52,548 - pytorch_cvae.py[line:177] - INFO: loss:13220.04902768135, numeric_loss:631.1982811763883, categorical_loss:4110.578718662262, kld_loss:16137.571647882462, epoch_train_time:30.203968490939587
2023-06-08 04:16:22,748 - pytorch_cvae.py[line:170] - INFO: ----------------------------No.73 epoch----------------------------
2023-06-08 04:16:22,748 - pytorch_cvae.py[line:177] - INFO: loss:13446.963572502136, numeric_loss:631.5057311728597, categorical_loss:4335.176670193672, kld_loss:15687.860064268112, epoch_train_time:30.19953153701499
2023-06-08 04:16:52,955 - pytorch_cvae.py[line:170] - INFO: ----------------------------No.74 epoch----------------------------
2023-06-08 04:16:52,955 - pytorch_cvae.py[line:177] - INFO: loss:13656.302030324936, numeric_loss:631.5186805948615, categorical_loss:4529.470373749733, kld_loss:15289.374376773834, epoch_train_time:30.20743395993486
2023-06-08 04:17:23,159 - pytorch_cvae.py[line:170] - INFO: ----------------------------No.75 epoch----------------------------
2023-06-08 04:17:23,159 - pytorch_cvae.py[line:177] - INFO: loss:13866.824226379395, numeric_loss:631.89316277951, categorical_loss:4710.492711901665, kld_loss:14940.575510978699, epoch_train_time:30.203759006224573
2023-06-08 04:17:53,360 - pytorch_cvae.py[line:170] - INFO: ----------------------------No.76 epoch----------------------------
2023-06-08 04:17:53,360 - pytorch_cvae.py[line:177] - INFO: loss:14071.811645507812, numeric_loss:631.9057498276234, categorical_loss:4867.707670390606, kld_loss:14646.006836652756, epoch_train_time:30.20006372127682
2023-06-08 04:18:23,553 - pytorch_cvae.py[line:170] - INFO: ----------------------------No.77 epoch----------------------------
2023-06-08 04:18:23,553 - pytorch_cvae.py[line:177] - INFO: loss:14258.8099462986, numeric_loss:632.1143942549825, categorical_loss:5023.318477571011, kld_loss:14343.520890712738, epoch_train_time:30.19285429874435
2023-06-08 04:18:53,748 - pytorch_cvae.py[line:170] - INFO: ----------------------------No.78 epoch----------------------------
2023-06-08 04:18:53,748 - pytorch_cvae.py[line:177] - INFO: loss:14449.83591222763, numeric_loss:632.4967053756118, categorical_loss:5184.884945034981, kld_loss:14057.729560613632, epoch_train_time:30.19534871308133
2023-06-08 04:19:23,954 - pytorch_cvae.py[line:170] - INFO: ----------------------------No.79 epoch----------------------------
2023-06-08 04:19:23,954 - pytorch_cvae.py[line:177] - INFO: loss:14628.45287823677, numeric_loss:632.720533773303, categorical_loss:5336.717511057854, kld_loss:13787.253064155579, epoch_train_time:30.20611065533012
2023-06-08 04:19:54,219 - pytorch_cvae.py[line:170] - INFO: ----------------------------No.80 epoch----------------------------
2023-06-08 04:19:54,219 - pytorch_cvae.py[line:177] - INFO: loss:14804.4893014431, numeric_loss:632.9502143040299, categorical_loss:5500.938939392567, kld_loss:13512.045324087143, epoch_train_time:30.2642108858563
2023-06-08 04:20:24,426 - pytorch_cvae.py[line:170] - INFO: ----------------------------No.81 epoch----------------------------
2023-06-08 04:20:24,426 - pytorch_cvae.py[line:177] - INFO: loss:14964.704676389694, numeric_loss:633.2711176872253, categorical_loss:5665.143363177776, kld_loss:13231.288621902466, epoch_train_time:30.206855116877705
2023-06-08 04:20:54,647 - pytorch_cvae.py[line:170] - INFO: ----------------------------No.82 epoch----------------------------
2023-06-08 04:20:54,648 - pytorch_cvae.py[line:177] - INFO: loss:15110.719042301178, numeric_loss:633.4550191611052, categorical_loss:5834.6553374528885, kld_loss:12940.320020914078, epoch_train_time:30.221446175593883
2023-06-08 04:21:24,850 - pytorch_cvae.py[line:170] - INFO: ----------------------------No.83 epoch----------------------------
2023-06-08 04:21:24,850 - pytorch_cvae.py[line:177] - INFO: loss:15204.031930923462, numeric_loss:633.5653971210122, categorical_loss:6037.38522708416, kld_loss:12542.138395547867, epoch_train_time:30.202021679840982
2023-06-08 04:21:55,052 - pytorch_cvae.py[line:170] - INFO: ----------------------------No.84 epoch----------------------------
2023-06-08 04:21:55,052 - pytorch_cvae.py[line:177] - INFO: loss:15272.73603796959, numeric_loss:633.8902464136481, categorical_loss:6235.891030192375, kld_loss:12136.615652561188, epoch_train_time:30.201887696050107
2023-06-08 04:22:25,279 - pytorch_cvae.py[line:170] - INFO: ----------------------------No.85 epoch----------------------------
2023-06-08 04:22:25,279 - pytorch_cvae.py[line:177] - INFO: loss:15366.974556207657, numeric_loss:634.1611867323518, categorical_loss:6358.488335490227, kld_loss:11897.330473899841, epoch_train_time:30.227409103885293
2023-06-08 04:22:55,502 - pytorch_cvae.py[line:170] - INFO: ----------------------------No.86 epoch----------------------------
2023-06-08 04:22:55,502 - pytorch_cvae.py[line:177] - INFO: loss:15461.469920158386, numeric_loss:634.2765435054898, categorical_loss:6455.085672736168, kld_loss:11711.241403341293, epoch_train_time:30.222637156024575
2023-06-08 04:23:25,719 - pytorch_cvae.py[line:170] - INFO: ----------------------------No.87 epoch----------------------------
2023-06-08 04:23:25,719 - pytorch_cvae.py[line:177] - INFO: loss:15557.904137134552, numeric_loss:634.4978544563055, categorical_loss:6547.830391764641, kld_loss:11547.43523812294, epoch_train_time:30.216455118265003
2023-06-08 04:23:55,908 - pytorch_cvae.py[line:170] - INFO: ----------------------------No.88 epoch----------------------------
2023-06-08 04:23:55,909 - pytorch_cvae.py[line:177] - INFO: loss:15618.085943460464, numeric_loss:634.7134318575263, categorical_loss:6618.939860224724, kld_loss:11377.435384273529, epoch_train_time:30.18951490567997
2023-06-08 04:24:26,107 - pytorch_cvae.py[line:170] - INFO: ----------------------------No.89 epoch----------------------------
2023-06-08 04:24:26,107 - pytorch_cvae.py[line:177] - INFO: loss:15671.617069721222, numeric_loss:634.8668236285448, categorical_loss:6683.089748382568, kld_loss:11221.63261127472, epoch_train_time:30.198026847094297
2023-06-08 04:24:56,317 - pytorch_cvae.py[line:170] - INFO: ----------------------------No.90 epoch----------------------------
2023-06-08 04:24:56,317 - pytorch_cvae.py[line:177] - INFO: loss:15697.99719619751, numeric_loss:635.1496427580714, categorical_loss:6722.8965061903, kld_loss:11075.11730146408, epoch_train_time:30.210009234957397
2023-06-08 04:25:26,512 - pytorch_cvae.py[line:170] - INFO: ----------------------------No.91 epoch----------------------------
2023-06-08 04:25:26,512 - pytorch_cvae.py[line:177] - INFO: loss:15712.38236618042, numeric_loss:635.293262898922, categorical_loss:6742.062930703163, kld_loss:10952.965299367905, epoch_train_time:30.194815087132156
2023-06-08 04:25:56,720 - pytorch_cvae.py[line:170] - INFO: ----------------------------No.92 epoch----------------------------
2023-06-08 04:25:56,720 - pytorch_cvae.py[line:177] - INFO: loss:15671.29310631752, numeric_loss:635.6861656233668, categorical_loss:6728.870931148529, kld_loss:10812.580722332, epoch_train_time:30.20832017622888
2023-06-08 04:26:26,938 - pytorch_cvae.py[line:170] - INFO: ----------------------------No.93 epoch----------------------------
2023-06-08 04:26:26,938 - pytorch_cvae.py[line:177] - INFO: loss:15589.705086708069, numeric_loss:635.6828960850835, categorical_loss:6667.025710582733, kld_loss:10695.58642244339, epoch_train_time:30.21736809099093
2023-06-08 04:26:57,126 - pytorch_cvae.py[line:170] - INFO: ----------------------------No.94 epoch----------------------------
2023-06-08 04:26:57,126 - pytorch_cvae.py[line:177] - INFO: loss:15539.335899829865, numeric_loss:636.0380617827177, categorical_loss:6631.662499547005, kld_loss:10595.99154829979, epoch_train_time:30.18782443087548
2023-06-08 04:27:27,330 - pytorch_cvae.py[line:170] - INFO: ----------------------------No.95 epoch----------------------------
2023-06-08 04:27:27,330 - pytorch_cvae.py[line:177] - INFO: loss:15492.792981386185, numeric_loss:636.161402374506, categorical_loss:6605.893190264702, kld_loss:10500.74563217163, epoch_train_time:30.20413081580773
2023-06-08 04:27:57,601 - pytorch_cvae.py[line:170] - INFO: ----------------------------No.96 epoch----------------------------
2023-06-08 04:27:57,601 - pytorch_cvae.py[line:177] - INFO: loss:15445.218122959137, numeric_loss:636.4261023104191, categorical_loss:6587.858403205872, kld_loss:10405.42518389225, epoch_train_time:30.270715290680528
2023-06-08 04:28:27,805 - pytorch_cvae.py[line:170] - INFO: ----------------------------No.97 epoch----------------------------
2023-06-08 04:28:27,805 - pytorch_cvae.py[line:177] - INFO: loss:15410.04354429245, numeric_loss:636.5012237280607, categorical_loss:6558.222352862358, kld_loss:10351.632642865181, epoch_train_time:30.204043881967664
2023-06-08 04:28:57,990 - pytorch_cvae.py[line:170] - INFO: ----------------------------No.98 epoch----------------------------
2023-06-08 04:28:57,990 - pytorch_cvae.py[line:177] - INFO: loss:15362.677176237106, numeric_loss:636.6417483985424, categorical_loss:6535.169992566109, kld_loss:10284.75885462761, epoch_train_time:30.184303042013198
2023-06-08 04:29:28,187 - pytorch_cvae.py[line:170] - INFO: ----------------------------No.99 epoch----------------------------
2023-06-08 04:29:28,187 - pytorch_cvae.py[line:177] - INFO: loss:15321.261731624603, numeric_loss:636.7469324469566, categorical_loss:6505.481170892715, kld_loss:10244.260145306587, epoch_train_time:30.196861641015857
2023-06-08 04:29:58,374 - pytorch_cvae.py[line:170] - INFO: ----------------------------No.100 epoch----------------------------
2023-06-08 04:29:58,375 - pytorch_cvae.py[line:177] - INFO: loss:15263.633407354355, numeric_loss:636.8585099577904, categorical_loss:6447.032702207565, kld_loss:10229.791051506996, epoch_train_time:30.187519940081984
2023-06-08 04:29:58,375 - pytorch_cvae.py[line:186] - INFO: training time elapsed:3111.5510832397267
2023-06-08 04:29:58,376 - model_utils.py[line:67] - INFO: save model successfully
2023-06-08 04:30:18,897 - pytorch_cvae.py[line:268] - INFO: train model time elapsed:3136.50303060282
2023-06-08 04:30:18,898 - dataset_utils.py[line:584] - INFO: load existing dataset(light):3-date_dim_d_date_sk#d_year__d_date_sk#d_year_binary_gaussian5_0
2023-06-08 04:30:18,984 - dataset_utils.py[line:593] - INFO: load dataset(light) time elapsed:0.08617368480190635
2023-06-08 04:30:18,984 - pytorch_cvae.py[line:280] - INFO: feature info:[('d_date_sk', 'categorical', 18), ('d_year', 'categorical', 9)]
2023-06-08 04:30:18,985 - model_utils.py[line:75] - INFO: load model name:torch_cvae_3-date_dim_d_date_sk_d_year_ld100_id150_bs128_ep100_0_binary_gaussian5
2023-06-08 04:30:18,992 - model_utils.py[line:86] - INFO: load torch model time elapsed:0.006934972945600748
2023-06-08 04:30:18,992 - pytorch_cvae.py[line:290] - INFO: load model time elapsed:0.09436835907399654
2023-06-08 04:30:18,992 - dataset_utils.py[line:584] - INFO: load existing dataset(light):77-store_s_store_sk__s_store_sk_binary_gaussian5_0
2023-06-08 04:30:18,994 - dataset_utils.py[line:593] - INFO: load dataset(light) time elapsed:0.0015844553709030151
2023-06-08 04:30:18,994 - pytorch_cvae.py[line:280] - INFO: feature info:[('s_store_sk', 'categorical', 5)]
2023-06-08 04:30:18,994 - model_utils.py[line:75] - INFO: load model name:torch_cvae_77-store_s_store_sk_ld100_id150_bs128_ep100_0_binary_gaussian5
2023-06-08 04:30:18,996 - model_utils.py[line:86] - INFO: load torch model time elapsed:0.0016829152591526508
2023-06-08 04:30:18,996 - pytorch_cvae.py[line:290] - INFO: load model time elapsed:0.004116163123399019
2023-06-08 04:30:18,996 - main.py[line:559] - INFO: multi_sampling No.0 epoch
2023-06-08 04:30:25,873 - pytorch_cvae.py[line:407] - INFO: sampling time:6.845736916176975
2023-06-08 04:30:25,873 - dataset_utils.py[line:565] - INFO: load existing dataset:3-date_dim_d_date_sk#d_year__d_date_sk#d_year_binary_gaussian5_0
2023-06-08 04:30:25,949 - dataset_utils.py[line:577] - INFO: load dataset time elapsed:0.07548388978466392
2023-06-08 04:30:25,949 - dataset_utils.py[line:565] - INFO: load existing dataset:77-store_s_store_sk__s_store_sk_binary_gaussian5_0
2023-06-08 04:30:25,951 - dataset_utils.py[line:577] - INFO: load dataset time elapsed:0.0017336606979370117
2023-06-08 04:30:25,990 - main.py[line:542] - INFO: sample and aggregation time elapsed:6.9937420869246125
2023-06-08 04:30:25,993 - main.py[line:577] - INFO: sample time: 6.996633867267519
2023-06-08 04:30:26,014 - main.py[line:104] - INFO: aqp result:
            avg(ss_ext_sales_price)  avg(ss_net_profit)  \
s_store_sk                                                
1          1784.49                  -913.31               
2          1810.27                  -896.11               
4          1743.39                  -918.56               
7          1874.06                  -908.66               
8          1873.28                  -918.01               
10         1740.04                  -912.98               

            sum(ss_ext_sales_price)  sum(ss_net_profit)  
s_store_sk                                               
1          483061722.33             -240763776.73        
2          1179958601.19            -594019956.58        
4          663903219.97             -344898443.84        
7          648760431.03             -306306274.11        
8          1048710696.58            -502272100.35        
10         500650869.22             -263703976.37        
2023-06-08 04:30:26,016 - main.py[line:105] - INFO: ground truth:
            avg(ss_ext_sales_price)  sum(ss_ext_sales_price)  \
s_store_sk                                                     
1.00       1916.60                   835059812                 
2.00       1924.54                   840676634                 
4.00       1911.49                   835271398                 
7.00       1913.00                   835799978                 
8.00       1913.28                   838002095                 
10.00      1908.84                   836364091                 

            avg(ss_net_profit)  sum(ss_net_profit)  
s_store_sk                                          
1.00       -830.11             -361675363           
2.00       -827.77             -361586710           
4.00       -822.53             -359423468           
7.00       -830.19             -362714019           
8.00       -829.47             -363303944           
10.00      -826.76             -362246622           
2023-06-08 04:30:26,023 - main.py[line:595] - INFO: relative error:
            avg(ss_ext_sales_price)  avg(ss_net_profit)  \
s_store_sk                                                
1.00       0.07                     0.10                  
2.00       0.06                     0.08                  
4.00       0.09                     0.12                  
7.00       0.02                     0.09                  
8.00       0.02                     0.11                  
10.00      0.09                     0.10                  

            sum(ss_ext_sales_price)  sum(ss_net_profit)  
s_store_sk                                               
1.00       0.42                     0.33                 
2.00       0.40                     0.64                 
4.00       0.21                     0.04                 
7.00       0.22                     0.16                 
8.00       0.25                     0.38                 
10.00      0.40                     0.27                 
2023-06-08 04:30:26,024 - main.py[line:596] - INFO: relative error normalized:
            sum(ss_ext_sales_price)  sum(ss_net_profit)
s_store_sk                                             
1.00       0.34                     0.28               
2.00       0.33                     0.47               
4.00       0.19                     0.04               
7.00       0.20                     0.14               
8.00       0.22                     0.32               
10.00      0.33                     0.24               
2023-06-08 04:30:26,024 - main.py[line:599] - INFO: relative error average: 0.1952300520184974
2023-06-08 04:30:26,024 - main.py[line:600] - INFO: relative error normalized average: 0.259415136015255
2023-06-08 04:30:26,067 - main.py[line:646] - INFO: total_time:3143.6737120831385
