main.py:19: FutureWarning: Passing a negative integer is deprecated in version 1.0 and will not be supported in future version. Instead, use None to not limit the column width.
  pd.set_option('max_colwidth', -1)
2023-06-19 04:43:55,585 - main.py[line:642] - INFO: load query config config/tpcds_whole/query/sql55.json successfully
2023-06-19 04:43:55,585 - main.py[line:649] - INFO: load train config ./config/tpcds_whole/train/58_store_sales.json successfully
2023-06-19 04:43:55,586 - main.py[line:649] - INFO: load train config ./config/tpcds_whole/train/3_date_dim.json successfully
2023-06-19 04:43:55,586 - main.py[line:649] - INFO: load train config ./config/tpcds_whole/train/86_item.json successfully
2023-06-19 04:43:55,586 - pytorch_cvae.py[line:249] - INFO: epoch:100
2023-06-19 04:43:55,586 - pytorch_cvae.py[line:250] - INFO: batch size:128
2023-06-19 04:43:55,586 - pytorch_cvae.py[line:251] - INFO: latent dimension:150
2023-06-19 04:43:55,586 - pytorch_cvae.py[line:252] - INFO: intermediate dimension:150
2023-06-19 04:43:55,586 - pytorch_cvae.py[line:253] - INFO: gpu num:0
2023-06-19 04:43:55,586 - dataset_utils.py[line:566] - INFO: load existing dataset:58-store_sales_ss_item_sk#ss_sold_date_sk_ss_ext_sales_price_ss_item_sk_binary_mm_0
2023-06-19 04:43:59,547 - dataset_utils.py[line:578] - INFO: load dataset time elapsed:3.9609253600938246
2023-06-19 04:43:59,547 - pytorch_cvae.py[line:258] - INFO: feature info:[('ss_ext_sales_price', 'numerical', 1), ('ss_item_sk', 'categorical', 16), ('ss_sold_date_sk', 'categorical', 12)]
2023-06-19 04:46:23,797 - pytorch_cvae.py[line:170] - INFO: ----------------------------No.1 epoch----------------------------
2023-06-19 04:46:23,797 - pytorch_cvae.py[line:177] - INFO: loss:2281.3633184060454, numeric_loss:84.04535353556275, categorical_loss:537.410085582058, kld_loss:307940.20998227596, epoch_train_time:144.24787492805626
2023-06-19 04:48:47,807 - pytorch_cvae.py[line:170] - INFO: ----------------------------No.2 epoch----------------------------
2023-06-19 04:48:47,807 - pytorch_cvae.py[line:177] - INFO: loss:1820.383464820683, numeric_loss:64.7483233656967, categorical_loss:183.7270462421002, kld_loss:263995.96167087555, epoch_train_time:144.00959909695666
2023-06-19 04:51:11,443 - pytorch_cvae.py[line:170] - INFO: ----------------------------No.3 epoch----------------------------
2023-06-19 04:51:11,443 - pytorch_cvae.py[line:177] - INFO: loss:1960.6463572233915, numeric_loss:67.45085482951254, categorical_loss:199.19296060781926, kld_loss:257813.80443286896, epoch_train_time:143.6352923529921
2023-06-19 04:53:35,547 - pytorch_cvae.py[line:170] - INFO: ----------------------------No.4 epoch----------------------------
2023-06-19 04:53:35,548 - pytorch_cvae.py[line:177] - INFO: loss:2113.10451631248, numeric_loss:70.94019085378386, categorical_loss:217.72226300020702, kld_loss:251871.18152713776, epoch_train_time:144.10422235692386
2023-06-19 04:56:00,032 - pytorch_cvae.py[line:170] - INFO: ----------------------------No.5 epoch----------------------------
2023-06-19 04:56:00,032 - pytorch_cvae.py[line:177] - INFO: loss:2276.336732633412, numeric_loss:74.76710778009146, categorical_loss:238.31225274759345, kld_loss:246102.61271858215, epoch_train_time:144.4839477209607
2023-06-19 04:58:24,887 - pytorch_cvae.py[line:170] - INFO: ----------------------------No.6 epoch----------------------------
2023-06-19 04:58:24,887 - pytorch_cvae.py[line:177] - INFO: loss:2454.436721019447, numeric_loss:78.88873548235279, categorical_loss:261.8770573523361, kld_loss:240824.81156730652, epoch_train_time:144.8550070229685
2023-06-19 05:00:49,607 - pytorch_cvae.py[line:170] - INFO: ----------------------------No.7 epoch----------------------------
2023-06-19 05:00:49,607 - pytorch_cvae.py[line:177] - INFO: loss:2651.920436888933, numeric_loss:84.76867662207223, categorical_loss:289.90862342203036, kld_loss:236065.45725250244, epoch_train_time:144.71994734799955
2023-06-19 05:03:13,603 - pytorch_cvae.py[line:170] - INFO: ----------------------------No.8 epoch----------------------------
2023-06-19 05:03:13,603 - pytorch_cvae.py[line:177] - INFO: loss:2865.2696986347437, numeric_loss:91.8455106865149, categorical_loss:321.7745324415155, kld_loss:231459.44914627075, epoch_train_time:143.99527903902344
2023-06-19 05:05:37,453 - pytorch_cvae.py[line:170] - INFO: ----------------------------No.9 epoch----------------------------
2023-06-19 05:05:37,453 - pytorch_cvae.py[line:177] - INFO: loss:3094.1298712044954, numeric_loss:99.32082697213627, categorical_loss:357.50401852698997, kld_loss:226988.90980911255, epoch_train_time:143.84954382805154
2023-06-19 05:08:01,829 - pytorch_cvae.py[line:170] - INFO: ----------------------------No.10 epoch----------------------------
2023-06-19 05:08:01,829 - pytorch_cvae.py[line:177] - INFO: loss:3340.9449729919434, numeric_loss:107.32794467918575, categorical_loss:398.6080198008567, kld_loss:222669.51591014862, epoch_train_time:144.3756946650101
2023-06-19 05:10:26,250 - pytorch_cvae.py[line:170] - INFO: ----------------------------No.11 epoch----------------------------
2023-06-19 05:10:26,250 - pytorch_cvae.py[line:177] - INFO: loss:3601.700648739934, numeric_loss:116.33101340872236, categorical_loss:443.4384669344872, kld_loss:218248.8899450302, epoch_train_time:144.4207312508952
2023-06-19 05:12:49,911 - pytorch_cvae.py[line:170] - INFO: ----------------------------No.12 epoch----------------------------
2023-06-19 05:12:49,912 - pytorch_cvae.py[line:177] - INFO: loss:3879.723745137453, numeric_loss:125.64643445797265, categorical_loss:495.897580484394, kld_loss:213751.09391975403, epoch_train_time:143.66125184192788
2023-06-19 05:15:13,945 - pytorch_cvae.py[line:170] - INFO: ----------------------------No.13 epoch----------------------------
2023-06-19 05:15:13,945 - pytorch_cvae.py[line:177] - INFO: loss:4174.824391439557, numeric_loss:135.68768115877174, categorical_loss:554.4850734937936, kld_loss:209246.22052192688, epoch_train_time:144.0334073449485
2023-06-19 05:17:37,698 - pytorch_cvae.py[line:170] - INFO: ----------------------------No.14 epoch----------------------------
2023-06-19 05:17:37,699 - pytorch_cvae.py[line:177] - INFO: loss:4480.908531367779, numeric_loss:146.30066629126668, categorical_loss:617.3929974269122, kld_loss:204510.28523635864, epoch_train_time:143.7529624509625
2023-06-19 05:20:02,013 - pytorch_cvae.py[line:170] - INFO: ----------------------------No.15 epoch----------------------------
2023-06-19 05:20:02,013 - pytorch_cvae.py[line:177] - INFO: loss:4808.451304614544, numeric_loss:157.42204056330957, categorical_loss:690.2176458844915, kld_loss:199855.0878572464, epoch_train_time:144.31440293591004
2023-06-19 05:22:26,312 - pytorch_cvae.py[line:170] - INFO: ----------------------------No.16 epoch----------------------------
2023-06-19 05:22:26,312 - pytorch_cvae.py[line:177] - INFO: loss:5154.092836588621, numeric_loss:169.65906956372783, categorical_loss:770.7979970984161, kld_loss:195189.22228431702, epoch_train_time:144.29860449198168
2023-06-19 05:24:50,206 - pytorch_cvae.py[line:170] - INFO: ----------------------------No.17 epoch----------------------------
2023-06-19 05:24:50,207 - pytorch_cvae.py[line:177] - INFO: loss:5519.7472826987505, numeric_loss:183.0207750434056, categorical_loss:863.2515895590186, kld_loss:190434.6478586197, epoch_train_time:143.8940974000143
2023-06-19 05:27:14,286 - pytorch_cvae.py[line:170] - INFO: ----------------------------No.18 epoch----------------------------
2023-06-19 05:27:14,287 - pytorch_cvae.py[line:177] - INFO: loss:5901.8303281366825, numeric_loss:196.78680835757405, categorical_loss:966.3182533439249, kld_loss:185566.20733070374, epoch_train_time:144.07956750201993
2023-06-19 05:29:38,752 - pytorch_cvae.py[line:170] - INFO: ----------------------------No.19 epoch----------------------------
2023-06-19 05:29:38,752 - pytorch_cvae.py[line:177] - INFO: loss:6299.116608202457, numeric_loss:211.1676708930172, categorical_loss:1083.0130515396595, kld_loss:180470.6435585022, epoch_train_time:144.46557652100455
2023-06-19 05:30:54,286 - pytorch_cvae.py[line:170] - INFO: ----------------------------No.20 epoch----------------------------
2023-06-19 05:30:54,286 - pytorch_cvae.py[line:177] - INFO: loss:6707.733348578215, numeric_loss:225.97288304800168, categorical_loss:1210.872992200777, kld_loss:175184.9511089325, epoch_train_time:75.53350379806943
2023-06-19 05:31:56,593 - pytorch_cvae.py[line:170] - INFO: ----------------------------No.21 epoch----------------------------
2023-06-19 05:31:56,593 - pytorch_cvae.py[line:177] - INFO: loss:7140.24277895689, numeric_loss:243.01943375030532, categorical_loss:1358.5003304742277, kld_loss:169848.6052222252, epoch_train_time:62.307122034952044
2023-06-19 05:32:58,910 - pytorch_cvae.py[line:170] - INFO: ----------------------------No.22 epoch----------------------------
2023-06-19 05:32:58,910 - pytorch_cvae.py[line:177] - INFO: loss:7587.2185379862785, numeric_loss:262.4363239160739, categorical_loss:1525.54667198658, kld_loss:164246.70724534988, epoch_train_time:62.31608119502198
2023-06-19 05:34:01,229 - pytorch_cvae.py[line:170] - INFO: ----------------------------No.23 epoch----------------------------
2023-06-19 05:34:01,229 - pytorch_cvae.py[line:177] - INFO: loss:8048.648061871529, numeric_loss:292.09770869556814, categorical_loss:1720.8463921770453, kld_loss:158038.08292007446, epoch_train_time:62.31932115496602
2023-06-19 05:36:19,367 - pytorch_cvae.py[line:170] - INFO: ----------------------------No.24 epoch----------------------------
2023-06-19 05:36:19,367 - pytorch_cvae.py[line:177] - INFO: loss:8524.058785915375, numeric_loss:292.85536335455254, categorical_loss:1942.591591782868, kld_loss:152380.99229335785, epoch_train_time:138.1374178539263
2023-06-19 05:38:43,675 - pytorch_cvae.py[line:170] - INFO: ----------------------------No.25 epoch----------------------------
2023-06-19 05:38:43,675 - pytorch_cvae.py[line:177] - INFO: loss:9011.14963170886, numeric_loss:292.6995819667354, categorical_loss:2196.143149383366, kld_loss:146404.26344966888, epoch_train_time:144.3079433729872
2023-06-19 05:41:08,011 - pytorch_cvae.py[line:170] - INFO: ----------------------------No.26 epoch----------------------------
2023-06-19 05:41:08,011 - pytorch_cvae.py[line:177] - INFO: loss:9504.266911059618, numeric_loss:292.6082445252687, categorical_loss:2487.642666310072, kld_loss:139956.14532232285, epoch_train_time:144.3357506840257
2023-06-19 05:43:32,143 - pytorch_cvae.py[line:170] - INFO: ----------------------------No.27 epoch----------------------------
2023-06-19 05:43:32,143 - pytorch_cvae.py[line:177] - INFO: loss:10011.154844522476, numeric_loss:292.51428387640044, categorical_loss:2832.089782334864, kld_loss:133048.52238559723, epoch_train_time:144.13145249395166
2023-06-19 05:45:56,112 - pytorch_cvae.py[line:170] - INFO: ----------------------------No.28 epoch----------------------------
2023-06-19 05:45:56,112 - pytorch_cvae.py[line:177] - INFO: loss:10519.055541962385, numeric_loss:292.35883233277127, categorical_loss:3244.574789047241, kld_loss:125335.78912973404, epoch_train_time:143.96857252693735
2023-06-19 05:48:20,489 - pytorch_cvae.py[line:170] - INFO: ----------------------------No.29 epoch----------------------------
2023-06-19 05:48:20,489 - pytorch_cvae.py[line:177] - INFO: loss:11024.200608193874, numeric_loss:292.2039416464977, categorical_loss:3745.8828975111246, kld_loss:116637.16931056976, epoch_train_time:144.37687330401968
2023-06-19 05:50:44,834 - pytorch_cvae.py[line:170] - INFO: ----------------------------No.30 epoch----------------------------
2023-06-19 05:50:44,835 - pytorch_cvae.py[line:177] - INFO: loss:11477.256427586079, numeric_loss:292.0013839760795, categorical_loss:4282.987233608961, kld_loss:107285.50683689117, epoch_train_time:144.345080394065
2023-06-19 05:53:09,418 - pytorch_cvae.py[line:170] - INFO: ----------------------------No.31 epoch----------------------------
2023-06-19 05:53:09,419 - pytorch_cvae.py[line:177] - INFO: loss:11934.521308004856, numeric_loss:291.6813323791139, categorical_loss:4907.087891712785, kld_loss:97570.29125976562, epoch_train_time:144.58378200395964
2023-06-19 05:55:33,446 - pytorch_cvae.py[line:170] - INFO: ----------------------------No.32 epoch----------------------------
2023-06-19 05:55:33,446 - pytorch_cvae.py[line:177] - INFO: loss:12378.844108462334, numeric_loss:291.40357285831124, categorical_loss:5839.821038842201, kld_loss:84423.35397648811, epoch_train_time:144.02738220395986
2023-06-19 05:57:57,507 - pytorch_cvae.py[line:170] - INFO: ----------------------------No.33 epoch----------------------------
2023-06-19 05:57:57,508 - pytorch_cvae.py[line:177] - INFO: loss:12771.785525798798, numeric_loss:290.82323999516666, categorical_loss:7252.636629700661, kld_loss:65972.27782678604, epoch_train_time:144.0608014789177
2023-06-19 06:00:21,502 - pytorch_cvae.py[line:170] - INFO: ----------------------------No.34 epoch----------------------------
2023-06-19 06:00:21,502 - pytorch_cvae.py[line:177] - INFO: loss:13031.584599137306, numeric_loss:289.363145285286, categorical_loss:10029.091855496168, kld_loss:32000.33559036255, epoch_train_time:143.99391817103606
2023-06-19 06:02:46,602 - pytorch_cvae.py[line:170] - INFO: ----------------------------No.35 epoch----------------------------
2023-06-19 06:02:46,602 - pytorch_cvae.py[line:177] - INFO: loss:13072.143346011639, numeric_loss:287.4874584674835, categorical_loss:11792.407032757998, kld_loss:10950.248827666044, epoch_train_time:145.09988269302994
2023-06-19 06:05:11,850 - pytorch_cvae.py[line:170] - INFO: ----------------------------No.36 epoch----------------------------
2023-06-19 06:05:11,851 - pytorch_cvae.py[line:177] - INFO: loss:13101.807565629482, numeric_loss:286.76297029620036, categorical_loss:12272.688487172127, kld_loss:5605.851984746754, epoch_train_time:145.24840062193107
2023-06-19 06:07:36,921 - pytorch_cvae.py[line:170] - INFO: ----------------------------No.37 epoch----------------------------
2023-06-19 06:07:36,921 - pytorch_cvae.py[line:177] - INFO: loss:13124.948500394821, numeric_loss:286.5038875658065, categorical_loss:12484.994809389114, kld_loss:3425.0969470739365, epoch_train_time:145.0698304300895
2023-06-19 06:10:01,514 - pytorch_cvae.py[line:170] - INFO: ----------------------------No.38 epoch----------------------------
2023-06-19 06:10:01,514 - pytorch_cvae.py[line:177] - INFO: loss:13142.872435331345, numeric_loss:286.36093789478764, categorical_loss:12631.998132228851, kld_loss:2041.7830721773207, epoch_train_time:144.59325349901337
2023-06-19 06:12:24,796 - pytorch_cvae.py[line:170] - INFO: ----------------------------No.39 epoch----------------------------
2023-06-19 06:12:24,796 - pytorch_cvae.py[line:177] - INFO: loss:13152.29338645935, numeric_loss:286.2350676241331, categorical_loss:12776.355990350246, kld_loss:766.3509805621579, epoch_train_time:143.2815498179989
2023-06-19 06:14:48,775 - pytorch_cvae.py[line:170] - INFO: ----------------------------No.40 epoch----------------------------
2023-06-19 06:14:48,776 - pytorch_cvae.py[line:177] - INFO: loss:13152.383373618126, numeric_loss:286.0563609888777, categorical_loss:12852.50010073185, kld_loss:111.08113690651953, epoch_train_time:143.97908380196895
2023-06-19 06:17:11,901 - pytorch_cvae.py[line:170] - INFO: ----------------------------No.41 epoch----------------------------
2023-06-19 06:17:11,901 - pytorch_cvae.py[line:177] - INFO: loss:13150.887432515621, numeric_loss:285.95648173894733, categorical_loss:12860.8750192523, kld_loss:30.671204229816794, epoch_train_time:143.12530136294663
2023-06-19 06:19:35,531 - pytorch_cvae.py[line:170] - INFO: ----------------------------No.42 epoch----------------------------
2023-06-19 06:19:35,531 - pytorch_cvae.py[line:177] - INFO: loss:13150.3382730484, numeric_loss:285.91348259616643, categorical_loss:12862.914641141891, kld_loss:10.760191259920248, epoch_train_time:143.6297023280058
2023-06-19 06:21:58,725 - pytorch_cvae.py[line:170] - INFO: ----------------------------No.43 epoch----------------------------
2023-06-19 06:21:58,725 - pytorch_cvae.py[line:177] - INFO: loss:13149.708251059055, numeric_loss:285.8678094865754, categorical_loss:12863.006261229515, kld_loss:5.605935005842184, epoch_train_time:143.193305806024
2023-06-19 06:24:21,750 - pytorch_cvae.py[line:170] - INFO: ----------------------------No.44 epoch----------------------------
2023-06-19 06:24:21,750 - pytorch_cvae.py[line:177] - INFO: loss:13149.552025794983, numeric_loss:285.8753269962035, categorical_loss:12862.974826276302, kld_loss:4.453268609264342, epoch_train_time:143.0248767810408
2023-06-19 06:26:45,069 - pytorch_cvae.py[line:170] - INFO: ----------------------------No.45 epoch----------------------------
2023-06-19 06:26:45,069 - pytorch_cvae.py[line:177] - INFO: loss:13149.389150679111, numeric_loss:285.8907668427564, categorical_loss:12862.883094966412, kld_loss:3.689483443107747, epoch_train_time:143.3184655799996
2023-06-19 06:29:08,788 - pytorch_cvae.py[line:170] - INFO: ----------------------------No.46 epoch----------------------------
2023-06-19 06:29:08,788 - pytorch_cvae.py[line:177] - INFO: loss:13149.115944504738, numeric_loss:285.8458822090179, categorical_loss:12862.729825913906, kld_loss:3.0645386999422044, epoch_train_time:143.71912164299283
2023-06-19 06:31:32,766 - pytorch_cvae.py[line:170] - INFO: ----------------------------No.47 epoch----------------------------
2023-06-19 06:31:32,766 - pytorch_cvae.py[line:177] - INFO: loss:13148.940424859524, numeric_loss:285.8519612532109, categorical_loss:12862.60269588232, kld_loss:2.609407271465898, epoch_train_time:143.9771549690049
2023-06-19 06:33:56,359 - pytorch_cvae.py[line:170] - INFO: ----------------------------No.48 epoch----------------------------
2023-06-19 06:33:56,360 - pytorch_cvae.py[line:177] - INFO: loss:13148.89531570673, numeric_loss:285.8414479717612, categorical_loss:12862.638409793377, kld_loss:2.1154782630674163, epoch_train_time:143.59330750489607
2023-06-19 06:36:20,540 - pytorch_cvae.py[line:170] - INFO: ----------------------------No.49 epoch----------------------------
2023-06-19 06:36:20,540 - pytorch_cvae.py[line:177] - INFO: loss:13148.813991844654, numeric_loss:285.8347033127211, categorical_loss:12862.599724650383, kld_loss:1.833861950399296, epoch_train_time:144.18037862400524
2023-06-19 06:38:44,300 - pytorch_cvae.py[line:170] - INFO: ----------------------------No.50 epoch----------------------------
2023-06-19 06:38:44,300 - pytorch_cvae.py[line:177] - INFO: loss:13148.73833501339, numeric_loss:285.81727612251416, categorical_loss:12862.559875011444, kld_loss:1.6574314667850558, epoch_train_time:143.75932352303062
2023-06-19 06:41:07,811 - pytorch_cvae.py[line:170] - INFO: ----------------------------No.51 epoch----------------------------
2023-06-19 06:41:07,811 - pytorch_cvae.py[line:177] - INFO: loss:13148.738686919212, numeric_loss:285.8469897839241, categorical_loss:12862.556225538254, kld_loss:1.4636434137355536, epoch_train_time:143.5109068310121
2023-06-19 06:43:30,825 - pytorch_cvae.py[line:170] - INFO: ----------------------------No.52 epoch----------------------------
2023-06-19 06:43:30,825 - pytorch_cvae.py[line:177] - INFO: loss:13148.771311938763, numeric_loss:285.84678300190717, categorical_loss:12862.614385604858, kld_loss:1.2877873071902286, epoch_train_time:143.0140236769803
2023-06-19 06:45:54,036 - pytorch_cvae.py[line:170] - INFO: ----------------------------No.53 epoch----------------------------
2023-06-19 06:45:54,036 - pytorch_cvae.py[line:177] - INFO: loss:13148.69935464859, numeric_loss:285.82976411795244, categorical_loss:12862.583876252174, kld_loss:1.1301765801981674, epoch_train_time:143.21036135300528
2023-06-19 06:48:17,254 - pytorch_cvae.py[line:170] - INFO: ----------------------------No.54 epoch----------------------------
2023-06-19 06:48:17,254 - pytorch_cvae.py[line:177] - INFO: loss:13148.715556919575, numeric_loss:285.840823514387, categorical_loss:12862.602139294147, kld_loss:1.0282587103047263, epoch_train_time:143.217416591011
2023-06-19 06:50:40,184 - pytorch_cvae.py[line:170] - INFO: ----------------------------No.55 epoch----------------------------
2023-06-19 06:50:40,185 - pytorch_cvae.py[line:177] - INFO: loss:13148.71441501379, numeric_loss:285.83993259677663, categorical_loss:12862.620338141918, kld_loss:0.9151160003420955, epoch_train_time:142.93042874406092
2023-06-19 06:53:02,821 - pytorch_cvae.py[line:170] - INFO: ----------------------------No.56 epoch----------------------------
2023-06-19 06:53:02,822 - pytorch_cvae.py[line:177] - INFO: loss:13148.655500113964, numeric_loss:285.82944147195667, categorical_loss:12862.581996321678, kld_loss:0.8397175954924023, epoch_train_time:142.63673686305992
2023-06-19 06:55:25,965 - pytorch_cvae.py[line:170] - INFO: ----------------------------No.57 epoch----------------------------
2023-06-19 06:55:25,965 - pytorch_cvae.py[line:177] - INFO: loss:13148.7480853796, numeric_loss:285.85131032718346, categorical_loss:12862.66594260931, kld_loss:0.7596444759901715, epoch_train_time:143.1434565699892
2023-06-19 06:57:48,824 - pytorch_cvae.py[line:170] - INFO: ----------------------------No.58 epoch----------------------------
2023-06-19 06:57:48,824 - pytorch_cvae.py[line:177] - INFO: loss:13148.661175787449, numeric_loss:285.8324629920535, categorical_loss:12862.609672904015, kld_loss:0.6901397198153063, epoch_train_time:142.85846768599004
2023-06-19 07:00:12,127 - pytorch_cvae.py[line:170] - INFO: ----------------------------No.59 epoch----------------------------
2023-06-19 07:00:12,127 - pytorch_cvae.py[line:177] - INFO: loss:13148.650139212608, numeric_loss:285.8503997339867, categorical_loss:12862.584385335445, kld_loss:0.6503009407397258, epoch_train_time:143.30238840694074
2023-06-19 07:02:35,580 - pytorch_cvae.py[line:170] - INFO: ----------------------------No.60 epoch----------------------------
2023-06-19 07:02:35,581 - pytorch_cvae.py[line:177] - INFO: loss:13148.68775331974, numeric_loss:285.82855692645535, categorical_loss:12862.663694620132, kld_loss:0.5663377738173949, epoch_train_time:143.45337518991437
2023-06-19 07:04:59,907 - pytorch_cvae.py[line:170] - INFO: ----------------------------No.61 epoch----------------------------
2023-06-19 07:04:59,907 - pytorch_cvae.py[line:177] - INFO: loss:13148.69761031866, numeric_loss:285.8576009608805, categorical_loss:12862.642445087433, kld_loss:0.5496061652065691, epoch_train_time:144.32654265803285
2023-06-19 07:07:24,080 - pytorch_cvae.py[line:170] - INFO: ----------------------------No.62 epoch----------------------------
2023-06-19 07:07:24,080 - pytorch_cvae.py[line:177] - INFO: loss:13148.652169048786, numeric_loss:285.8384165004827, categorical_loss:12862.624121904373, kld_loss:0.507112894873444, epoch_train_time:144.1727234700229
2023-06-19 07:09:48,352 - pytorch_cvae.py[line:170] - INFO: ----------------------------No.63 epoch----------------------------
2023-06-19 07:09:48,353 - pytorch_cvae.py[line:177] - INFO: loss:13148.654110789299, numeric_loss:285.82677806029096, categorical_loss:12862.651381194592, kld_loss:0.4527523432425369, epoch_train_time:144.2717123129405
2023-06-19 07:12:12,111 - pytorch_cvae.py[line:170] - INFO: ----------------------------No.64 epoch----------------------------
2023-06-19 07:12:12,112 - pytorch_cvae.py[line:177] - INFO: loss:13148.64346152544, numeric_loss:285.8247771174647, categorical_loss:12862.647472321987, kld_loss:0.4243639168680602, epoch_train_time:143.75866742501967
2023-06-19 07:14:36,790 - pytorch_cvae.py[line:170] - INFO: ----------------------------No.65 epoch----------------------------
2023-06-19 07:14:36,790 - pytorch_cvae.py[line:177] - INFO: loss:13148.672390937805, numeric_loss:285.82430370524526, categorical_loss:12862.682076752186, kld_loss:0.39671808006733045, epoch_train_time:144.67829048493877
2023-06-19 07:17:00,885 - pytorch_cvae.py[line:170] - INFO: ----------------------------No.66 epoch----------------------------
2023-06-19 07:17:00,886 - pytorch_cvae.py[line:177] - INFO: loss:13148.588416874409, numeric_loss:285.81980787822977, categorical_loss:12862.605100154877, kld_loss:0.3770971519647901, epoch_train_time:144.09513075801078
2023-06-19 07:19:24,766 - pytorch_cvae.py[line:170] - INFO: ----------------------------No.67 epoch----------------------------
2023-06-19 07:19:24,766 - pytorch_cvae.py[line:177] - INFO: loss:13148.663434267044, numeric_loss:285.8626810708083, categorical_loss:12862.641010582447, kld_loss:0.35592810580010337, epoch_train_time:143.87991192692425
2023-06-19 07:21:48,452 - pytorch_cvae.py[line:170] - INFO: ----------------------------No.68 epoch----------------------------
2023-06-19 07:21:48,452 - pytorch_cvae.py[line:177] - INFO: loss:13148.668478786945, numeric_loss:285.8285415847786, categorical_loss:12862.691661119461, kld_loss:0.3194853287704973, epoch_train_time:143.685783058987
2023-06-19 07:24:12,173 - pytorch_cvae.py[line:170] - INFO: ----------------------------No.69 epoch----------------------------
2023-06-19 07:24:12,173 - pytorch_cvae.py[line:177] - INFO: loss:13148.643738985062, numeric_loss:285.82329806359485, categorical_loss:12862.675046920776, kld_loss:0.303254765458405, epoch_train_time:143.7207693780074
2023-06-19 07:26:36,112 - pytorch_cvae.py[line:170] - INFO: ----------------------------No.70 epoch----------------------------
2023-06-19 07:26:36,112 - pytorch_cvae.py[line:177] - INFO: loss:13148.610841155052, numeric_loss:285.8443450219929, categorical_loss:12862.620964586735, kld_loss:0.2941212433245255, epoch_train_time:143.93880464299582
2023-06-19 07:28:59,906 - pytorch_cvae.py[line:170] - INFO: ----------------------------No.71 epoch----------------------------
2023-06-19 07:28:59,906 - pytorch_cvae.py[line:177] - INFO: loss:13148.604083359241, numeric_loss:285.81496415520087, categorical_loss:12862.654516398907, kld_loss:0.2638761247508228, epoch_train_time:143.7936421269551
2023-06-19 07:31:23,762 - pytorch_cvae.py[line:170] - INFO: ----------------------------No.72 epoch----------------------------
2023-06-19 07:31:23,762 - pytorch_cvae.py[line:177] - INFO: loss:13148.645040154457, numeric_loss:285.83307521324605, categorical_loss:12862.68157339096, kld_loss:0.24818889849711923, epoch_train_time:143.85595101700164
2023-06-19 07:33:47,823 - pytorch_cvae.py[line:170] - INFO: ----------------------------No.73 epoch----------------------------
2023-06-19 07:33:47,824 - pytorch_cvae.py[line:177] - INFO: loss:13148.60183686018, numeric_loss:285.82167295739055, categorical_loss:12862.654699027538, kld_loss:0.2320915661221079, epoch_train_time:144.06105471902993
2023-06-19 07:36:11,874 - pytorch_cvae.py[line:170] - INFO: ----------------------------No.74 epoch----------------------------
2023-06-19 07:36:11,875 - pytorch_cvae.py[line:177] - INFO: loss:13148.638190329075, numeric_loss:285.8339564651251, categorical_loss:12862.67572325468, kld_loss:0.23129224878380228, epoch_train_time:144.05068962997757
2023-06-19 07:38:36,056 - pytorch_cvae.py[line:170] - INFO: ----------------------------No.75 epoch----------------------------
2023-06-19 07:38:36,056 - pytorch_cvae.py[line:177] - INFO: loss:13148.630291223526, numeric_loss:285.8279022616334, categorical_loss:12862.67854899168, kld_loss:0.21705121809509365, epoch_train_time:144.1810874369694
2023-06-19 07:40:59,717 - pytorch_cvae.py[line:170] - INFO: ----------------------------No.76 epoch----------------------------
2023-06-19 07:40:59,717 - pytorch_cvae.py[line:177] - INFO: loss:13148.61750125885, numeric_loss:285.8454250963405, categorical_loss:12862.64919179678, kld_loss:0.2099476809821681, epoch_train_time:143.66054055595305
2023-06-19 07:43:23,718 - pytorch_cvae.py[line:170] - INFO: ----------------------------No.77 epoch----------------------------
2023-06-19 07:43:23,719 - pytorch_cvae.py[line:177] - INFO: loss:13148.58000934124, numeric_loss:285.81335127865896, categorical_loss:12862.651090741158, kld_loss:0.1926763646690688, epoch_train_time:144.00155788799748
2023-06-19 07:45:48,306 - pytorch_cvae.py[line:170] - INFO: ----------------------------No.78 epoch----------------------------
2023-06-19 07:45:48,306 - pytorch_cvae.py[line:177] - INFO: loss:13148.647190511227, numeric_loss:285.8373441216536, categorical_loss:12862.695364236832, kld_loss:0.18643545167492448, epoch_train_time:144.58711630001199
2023-06-19 07:48:12,126 - pytorch_cvae.py[line:170] - INFO: ----------------------------No.79 epoch----------------------------
2023-06-19 07:48:12,126 - pytorch_cvae.py[line:177] - INFO: loss:13148.655343055725, numeric_loss:285.8413870986551, categorical_loss:12862.70213407278, kld_loss:0.17804077127948403, epoch_train_time:143.8199300080305
2023-06-19 07:50:35,175 - pytorch_cvae.py[line:170] - INFO: ----------------------------No.80 epoch----------------------------
2023-06-19 07:50:35,176 - pytorch_cvae.py[line:177] - INFO: loss:13148.628223061562, numeric_loss:285.8240448515862, categorical_loss:12862.697271049023, kld_loss:0.16660341496799447, epoch_train_time:143.04907188704237
2023-06-19 07:52:59,281 - pytorch_cvae.py[line:170] - INFO: ----------------------------No.81 epoch----------------------------
2023-06-19 07:52:59,281 - pytorch_cvae.py[line:177] - INFO: loss:13148.591963469982, numeric_loss:285.82071852637455, categorical_loss:12862.664780557156, kld_loss:0.16254551719930532, epoch_train_time:144.10540849494282
2023-06-19 07:55:23,124 - pytorch_cvae.py[line:170] - INFO: ----------------------------No.82 epoch----------------------------
2023-06-19 07:55:23,124 - pytorch_cvae.py[line:177] - INFO: loss:13148.625660181046, numeric_loss:285.8443649238907, categorical_loss:12862.674791872501, kld_loss:0.1594615937610797, epoch_train_time:143.84228400699794
2023-06-19 07:57:46,841 - pytorch_cvae.py[line:170] - INFO: ----------------------------No.83 epoch----------------------------
2023-06-19 07:57:46,841 - pytorch_cvae.py[line:177] - INFO: loss:13148.586957991123, numeric_loss:285.8285868540406, categorical_loss:12862.654711782932, kld_loss:0.15235613776235368, epoch_train_time:143.71653814404272
2023-06-19 08:00:09,979 - pytorch_cvae.py[line:170] - INFO: ----------------------------No.84 epoch----------------------------
2023-06-19 08:00:09,980 - pytorch_cvae.py[line:177] - INFO: loss:13148.62122142315, numeric_loss:285.83827443188056, categorical_loss:12862.681486546993, kld_loss:0.1465394668891804, epoch_train_time:143.1383700419683
2023-06-19 08:02:33,544 - pytorch_cvae.py[line:170] - INFO: ----------------------------No.85 epoch----------------------------
2023-06-19 08:02:33,544 - pytorch_cvae.py[line:177] - INFO: loss:13148.631729185581, numeric_loss:285.8325191740878, categorical_loss:12862.701035678387, kld_loss:0.13948029028415476, epoch_train_time:143.56462062196806
2023-06-19 08:04:58,008 - pytorch_cvae.py[line:170] - INFO: ----------------------------No.86 epoch----------------------------
2023-06-19 08:04:58,008 - pytorch_cvae.py[line:177] - INFO: loss:13148.5966437459, numeric_loss:285.83078387146816, categorical_loss:12862.668124616146, kld_loss:0.13671898489405976, epoch_train_time:144.46325051703025
2023-06-19 08:07:22,967 - pytorch_cvae.py[line:170] - INFO: ----------------------------No.87 epoch----------------------------
2023-06-19 08:07:22,967 - pytorch_cvae.py[line:177] - INFO: loss:13148.627017915249, numeric_loss:285.82284532813355, categorical_loss:12862.707093775272, kld_loss:0.13385061511030472, epoch_train_time:144.95911099994555
2023-06-19 08:09:47,822 - pytorch_cvae.py[line:170] - INFO: ----------------------------No.88 epoch----------------------------
2023-06-19 08:09:47,822 - pytorch_cvae.py[line:177] - INFO: loss:13148.570580482483, numeric_loss:285.82182861818, categorical_loss:12862.652302205563, kld_loss:0.1311952471571658, epoch_train_time:144.85419424099382
2023-06-19 08:12:12,187 - pytorch_cvae.py[line:170] - INFO: ----------------------------No.89 epoch----------------------------
2023-06-19 08:12:12,188 - pytorch_cvae.py[line:177] - INFO: loss:13148.54433697462, numeric_loss:285.81475893966854, categorical_loss:12862.635042726994, kld_loss:0.12699389295516994, epoch_train_time:144.36540887702722
2023-06-19 08:14:35,207 - pytorch_cvae.py[line:170] - INFO: ----------------------------No.90 epoch----------------------------
2023-06-19 08:14:35,207 - pytorch_cvae.py[line:177] - INFO: loss:13148.673012912273, numeric_loss:285.8510340633802, categorical_loss:12862.726759076118, kld_loss:0.1264419737674416, epoch_train_time:143.01914590108208
2023-06-19 08:16:59,122 - pytorch_cvae.py[line:170] - INFO: ----------------------------No.91 epoch----------------------------
2023-06-19 08:16:59,123 - pytorch_cvae.py[line:177] - INFO: loss:13148.628202140331, numeric_loss:285.82888865610585, categorical_loss:12862.706884741783, kld_loss:0.12146226183415365, epoch_train_time:143.9151362790726
2023-06-19 08:19:22,648 - pytorch_cvae.py[line:170] - INFO: ----------------------------No.92 epoch----------------------------
2023-06-19 08:19:22,649 - pytorch_cvae.py[line:177] - INFO: loss:13148.678088247776, numeric_loss:285.8348324340768, categorical_loss:12862.753295302391, kld_loss:0.11709454896504212, epoch_train_time:143.52566891093738
2023-06-19 08:21:46,195 - pytorch_cvae.py[line:170] - INFO: ----------------------------No.93 epoch----------------------------
2023-06-19 08:21:46,195 - pytorch_cvae.py[line:177] - INFO: loss:13148.588167667389, numeric_loss:285.8270309511572, categorical_loss:12862.667767167091, kld_loss:0.12050901534803415, epoch_train_time:143.5461097320076
2023-06-19 08:24:09,998 - pytorch_cvae.py[line:170] - INFO: ----------------------------No.94 epoch----------------------------
2023-06-19 08:24:09,998 - pytorch_cvae.py[line:177] - INFO: loss:13148.613476455212, numeric_loss:285.83413919992745, categorical_loss:12862.686998009682, kld_loss:0.11828250444386867, epoch_train_time:143.80330870696343
2023-06-19 08:25:11,971 - pytorch_cvae.py[line:170] - INFO: ----------------------------No.95 epoch----------------------------
2023-06-19 08:25:11,971 - pytorch_cvae.py[line:177] - INFO: loss:13148.619915246964, numeric_loss:285.8406895864755, categorical_loss:12862.68845397234, kld_loss:0.11551977596081997, epoch_train_time:61.97286686801817
2023-06-19 08:26:13,876 - pytorch_cvae.py[line:170] - INFO: ----------------------------No.96 epoch----------------------------
2023-06-19 08:26:13,876 - pytorch_cvae.py[line:177] - INFO: loss:13148.62805056572, numeric_loss:285.8281059199944, categorical_loss:12862.710009098053, kld_loss:0.11383497356109729, epoch_train_time:61.90454317606054
2023-06-19 08:27:15,856 - pytorch_cvae.py[line:170] - INFO: ----------------------------No.97 epoch----------------------------
2023-06-19 08:27:15,856 - pytorch_cvae.py[line:177] - INFO: loss:13148.590996205807, numeric_loss:285.8188415807672, categorical_loss:12862.682595968246, kld_loss:0.11285228360884503, epoch_train_time:61.979454560088925
2023-06-19 08:28:17,842 - pytorch_cvae.py[line:170] - INFO: ----------------------------No.98 epoch----------------------------
2023-06-19 08:28:17,842 - pytorch_cvae.py[line:177] - INFO: loss:13148.643781781197, numeric_loss:285.825661174953, categorical_loss:12862.728343248367, kld_loss:0.11272844369523227, epoch_train_time:61.98622506996617
2023-06-19 08:29:19,828 - pytorch_cvae.py[line:170] - INFO: ----------------------------No.99 epoch----------------------------
2023-06-19 08:29:19,829 - pytorch_cvae.py[line:177] - INFO: loss:13148.617693901062, numeric_loss:285.83168293954805, categorical_loss:12862.696221590042, kld_loss:0.11246147193014622, epoch_train_time:61.98624426603783
2023-06-19 08:30:21,826 - pytorch_cvae.py[line:170] - INFO: ----------------------------No.100 epoch----------------------------
2023-06-19 08:30:21,826 - pytorch_cvae.py[line:177] - INFO: loss:13148.662823200226, numeric_loss:285.83121727546677, categorical_loss:12862.743936538696, kld_loss:0.10964058888748696, epoch_train_time:61.99715147796087
2023-06-19 08:30:21,826 - pytorch_cvae.py[line:186] - INFO: training time elapsed:13582.27711392194
2023-06-19 08:30:21,828 - model_utils.py[line:67] - INFO: save model successfully
2023-06-19 08:30:39,054 - pytorch_cvae.py[line:268] - INFO: train model time elapsed:13603.468065339956
2023-06-19 08:30:39,054 - dataset_utils.py[line:585] - INFO: load existing dataset(light):3-date_dim_d_date_sk#d_year__d_date_sk#d_year_binary_gaussian5_0
2023-06-19 08:30:39,146 - dataset_utils.py[line:594] - INFO: load dataset(light) time elapsed:0.09233791404403746
2023-06-19 08:30:39,147 - pytorch_cvae.py[line:280] - INFO: feature info:[('d_date_sk', 'categorical', 18), ('d_year', 'categorical', 9)]
2023-06-19 08:30:39,147 - model_utils.py[line:75] - INFO: load model name:torch_cvae_3-date_dim_d_date_sk_d_year_ld100_id150_bs128_ep100_0_binary_gaussian5
2023-06-19 08:30:39,151 - model_utils.py[line:86] - INFO: load torch model time elapsed:0.003973630024120212
2023-06-19 08:30:39,151 - pytorch_cvae.py[line:290] - INFO: load model time elapsed:0.0974307069554925
2023-06-19 08:30:39,151 - dataset_utils.py[line:585] - INFO: load existing dataset(light):86-item_i_item_sk#i_category#i_class#i_item_id#i_brand#i_brand_id__i_item_sk#i_category#i_class#i_item_id#i_brand#i_brand_id_binary_gaussian5_0
2023-06-19 08:30:39,176 - dataset_utils.py[line:594] - INFO: load dataset(light) time elapsed:0.024605161976069212
2023-06-19 08:30:39,176 - pytorch_cvae.py[line:280] - INFO: feature info:[('i_item_sk', 'categorical', 16), ('i_category', 'categorical', 5), ('i_class', 'categorical', 8), ('i_item_id', 'categorical', 15), ('i_brand', 'categorical', 11), ('i_brand_id', 'categorical', 11)]
2023-06-19 08:30:39,177 - model_utils.py[line:75] - INFO: load model name:torch_cvae_86-item_i_item_sk_i_category_i_class_i_item_id_i_brand_i_brand_id_ld100_id150_bs128_ep100_0_binary_gaussian5
2023-06-19 08:30:39,179 - model_utils.py[line:86] - INFO: load torch model time elapsed:0.0017232400132343173
2023-06-19 08:30:39,179 - pytorch_cvae.py[line:290] - INFO: load model time elapsed:0.02739850792568177
2023-06-19 08:30:39,179 - main.py[line:572] - INFO: multi_sampling No.0 epoch
2023-06-19 08:30:49,169 - pytorch_cvae.py[line:407] - INFO: sampling time:9.95071516605094
2023-06-19 08:30:49,170 - dataset_utils.py[line:566] - INFO: load existing dataset:3-date_dim_d_date_sk#d_year__d_date_sk#d_year_binary_gaussian5_0
2023-06-19 08:30:49,237 - dataset_utils.py[line:578] - INFO: load dataset time elapsed:0.0676101129502058
2023-06-19 08:30:49,238 - dataset_utils.py[line:566] - INFO: load existing dataset:86-item_i_item_sk#i_category#i_class#i_item_id#i_brand#i_brand_id__i_item_sk#i_category#i_class#i_item_id#i_brand#i_brand_id_binary_gaussian5_0
2023-06-19 08:30:49,270 - dataset_utils.py[line:578] - INFO: load dataset time elapsed:0.031793460017070174
2023-06-19 08:30:49,375 - main.py[line:555] - INFO: sample and aggregation time elapsed:10.194717018981464
2023-06-19 08:30:49,386 - main.py[line:593] - INFO: sample time: 10.207153582945466
/root/anaconda3/envs/py36/lib/python3.6/site-packages/pandas/core/indexes/multi.py:3369: RuntimeWarning: The values in the array are unorderable. Pass `sort=False` to suppress this warning.
  uniq_tuples = lib.fast_unique_multiple([self._values, other._values], sort=sort)
2023-06-19 08:30:49,418 - main.py[line:104] - INFO: aqp result:
                                 avg(ss_ext_sales_price)  \
i_brand_id i_brand                                         
1001001.00 amalgamalg #1        2181.01                    
           amalgamalg #2        2213.89                    
           amalgamalgamalg #15  2263.26                    
           amalgedu pack #1     2051.69                    
           amalgedu pack #2     2436.41                    
           amalgexporti #1      2414.26                    
           amalgimporto #2      2395.33                    
           amalgmaxi #6         2213.30                    
           amalgnameless #2     2431.95                    
           amalgscholar #1      2362.19                    
           amalgscholar #2      2209.77                    
           amalgunivamalg #10   2245.48                    
           amalgunivamalg #12   2118.23                    
           amalgunivamalg #6    2441.99                    
           brandbrand #4        1888.92                    
           brandunivamalg #10   2170.70                    
           corpamalgamalg #13   2158.76                    
           corpmaxi #4          2363.52                    
           corpmaxi #6          2465.63                    
           corpunivamalg #12    2538.34                    
           edu packbrand #3     2124.68                    
           edu packbrand #5     2203.99                    
           edu packcorp #2      2438.53                    
           edu packedu pack #2  2302.46                    
           edu packexporti #1   2396.90                    
           edu packexporti #2   2313.19                    
           edu packimporto #1   1965.02                    
           edu packimporto #2   2342.07                    
           edu packnameless #8  2498.83                    
           edu packunivamalg #9 2314.39                    
           exportiamalg #2      2389.17                    
           exportibrand #4      2435.41                    
           exportibrand #6      2327.06                    
           exporticorp #2       2395.39                    
           exportiedu pack #2   2223.50                    
           exportiexporti #1    2388.14                    
           exportiexporti #2    2328.00                    
           exportiimporto #2    2254.96                    
           exportimaxi #12      2527.53                    
           exportimaxi #4       2210.23                    
           exportimaxi #7       2039.93                    
           exportinameless #2   2350.10                    
           exportischolar #2    2173.40                    
           importoamalg #2      2413.20                    
           importoamalgamalg #7 2323.14                    
           importoamalgamalg #9 2225.86                    
           importoexporti #2    2496.07                    
           importoimporto #2    2406.69                    
           importoscholar #2    2328.60                    
           maxicorp #1          2091.38                    

                                 sum(ss_ext_sales_price)  
i_brand_id i_brand                                        
1001001.00 amalgamalg #1        52548278.17               
           amalgamalg #2        244906.80                 
           amalgamalgamalg #15  281387.08                 
           amalgedu pack #1     124715.83                 
           amalgedu pack #2     570428.04                 
           amalgexporti #1      306885.00                 
           amalgimporto #2      824767.99                 
           amalgmaxi #6         251719.47                 
           amalgnameless #2     312353.00                 
           amalgscholar #1      120249.97                 
           amalgscholar #2      236461.11                 
           amalgunivamalg #10   266386.75                 
           amalgunivamalg #12   245061.42                 
           amalgunivamalg #6    279702.30                 
           brandbrand #4        232996.59                 
           brandunivamalg #10   108376.61                 
           corpamalgamalg #13   122758.53                 
           corpmaxi #4          268804.15                 
           corpmaxi #6          314260.33                 
           corpunivamalg #12    286197.51                 
           edu packbrand #3     110549.03                 
           edu packbrand #5     138295.94                 
           edu packcorp #2      263333.27                 
           edu packedu pack #2  561795.89                 
           edu packexporti #1   124550.25                 
           edu packexporti #2   520676.69                 
           edu packimporto #1   98107.84                  
           edu packimporto #2   587261.53                 
           edu packnameless #8  279293.54                 
           edu packunivamalg #9 285907.56                 
           exportiamalg #2      849796.72                 
           exportibrand #4      291307.05                 
           exportibrand #6      239561.02                 
           exporticorp #2       251292.47                 
           exportiedu pack #2   816943.59                 
           exportiexporti #1    154301.13                 
           exportiexporti #2    560998.83                 
           exportiimporto #2    1349763.94                
           exportimaxi #12      322150.62                 
           exportimaxi #4       270873.22                 
           exportimaxi #7       209199.91                 
           exportinameless #2   317490.92                 
           exportischolar #2    259967.15                 
           importoamalg #2      262624.09                 
           importoamalgamalg #7 277877.59                 
           importoamalgamalg #9 253148.26                 
           importoexporti #2    513910.03                 
           importoimporto #2    795430.79                 
           importoscholar #2    1012784.57                
           maxicorp #1          125078.12                 
2023-06-19 08:30:49,420 - main.py[line:105] - INFO: ground truth:
                                 avg(ss_ext_sales_price)  \
i_brand_id i_brand                                         
1001001.00 amalgamalg #1        1896.84                    
           amalgamalg #2        2387.65                    
           amalgamalgamalg #15  1811.65                    
           amalgedu pack #1     1556.95                    
           amalgedu pack #2     1746.69                    
           amalgexporti #1      1839.25                    
           amalgimporto #2      1838.76                    
           amalgmaxi #6         2204.35                    
           amalgnameless #2     1764.90                    
           amalgscholar #1      1298.54                    
           amalgscholar #2      1908.94                    
           amalgunivamalg #10   2092.59                    
           amalgunivamalg #12   1944.25                    
           amalgunivamalg #6    1947.62                    
           brandbrand #4        1599.49                    
           brandunivamalg #10   2067.39                    
           corpamalgamalg #13   1923.29                    
           corpmaxi #4          1941.48                    
           corpmaxi #6          1985.08                    
           corpunivamalg #12    2098.21                    
           edu packbrand #3     2277.49                    
           edu packbrand #5     1946.67                    
           edu packcorp #2      1847.86                    
           edu packedu pack #2  1775.66                    
           edu packexporti #1   1908.68                    
           edu packexporti #2   1817.90                    
           edu packimporto #1   2109.37                    
           edu packimporto #2   1906.06                    
           edu packnameless #8  1926.52                    
           edu packunivamalg #9 1676.27                    
           exportiamalg #2      1837.00                    
           exportibrand #4      2136.10                    
           exportibrand #6      1940.59                    
           exporticorp #2       1527.61                    
           exportiedu pack #2   1899.32                    
           exportiexporti #1    2691.45                    
           exportiexporti #2    1783.75                    
           exportiimporto #2    1824.54                    
           exportimaxi #12      1938.31                    
           exportimaxi #4       2161.86                    
           exportimaxi #7       2029.86                    
           exportinameless #2   1889.27                    
           exportischolar #2    2135.21                    
           importoamalg #2      1811.37                    
           importoamalgamalg #7 1698.22                    
           importoamalgamalg #9 1936.14                    
           importoexporti #2    2047.48                    
           importoimporto #2    1943.84                    
           importoscholar #2    1911.15                    
           maxicorp #1          1898.03                    

                                 sum(ss_ext_sales_price)  
i_brand_id i_brand                                        
1001001.00 amalgamalg #1         46639532                 
           amalgamalg #2         269804                   
           amalgamalgamalg #15   230079                   
           amalgedu pack #1      96531                    
           amalgedu pack #2      417458                   
           amalgexporti #1       239102                   
           amalgimporto #2       647242                   
           amalgmaxi #6          255705                   
           amalgnameless #2      231202                   
           amalgscholar #1       67524                    
           amalgscholar #2       208074                   
           amalgunivamalg #10    253204                   
           amalgunivamalg #12    229422                   
           amalgunivamalg #6     227871                   
           brandbrand #4         201536                   
           brandunivamalg #10    105437                   
           corpamalgamalg #13    111551                   
           corpmaxi #4           225212                   
           corpmaxi #6           258060                   
           corpunivamalg #12     241294                   
           edu packbrand #3      120707                   
           edu packbrand #5      124587                   
           edu packcorp #2       203265                   
           edu packedu pack #2   442140                   
           edu packexporti #1    101160                   
           edu packexporti #2    418116                   
           edu packimporto #1    107578                   
           edu packimporto #2    484139                   
           edu packnameless #8   219623                   
           edu packunivamalg #9  211210                   
           exportiamalg #2       666830                   
           exportibrand #4       260604                   
           exportibrand #6       203762                   
           exporticorp #2        163454                   
           exportiedu pack #2    712245                   
           exportiexporti #1     177636                   
           exportiexporti #2     445937                   
           exportiimporto #2     1112967                  
           exportimaxi #12       251980                   
           exportimaxi #4        270233                   
           exportimaxi #7        213135                   
           exportinameless #2    260719                   
           exportischolar #2     260496                   
           importoamalg #2       201062                   
           importoamalgamalg #7  207183                   
           importoamalgamalg #9  224592                   
           importoexporti #2     432018                   
           importoimporto #2     655073                   
           importoscholar #2     848552                   
           maxicorp #1           115780                   
/root/anaconda3/envs/py36/lib/python3.6/site-packages/pandas/core/indexes/multi.py:3369: RuntimeWarning: The values in the array are unorderable. Pass `sort=False` to suppress this warning.
  uniq_tuples = lib.fast_unique_multiple([self._values, other._values], sort=sort)
2023-06-19 08:30:49,437 - main.py[line:611] - INFO: relative error:
                                 avg(ss_ext_sales_price)  \
i_brand_id i_brand                                         
1001001.00 amalgamalg #1        0.15                       
           amalgamalg #2        0.07                       
           amalgamalgamalg #15  0.25                       
           amalgedu pack #1     0.32                       
           amalgedu pack #2     0.39                       
           amalgexporti #1      0.31                       
           amalgimporto #2      0.30                       
           amalgmaxi #6         0.00                       
           amalgnameless #2     0.38                       
           amalgscholar #1      0.82                       
           amalgscholar #2      0.16                       
           amalgunivamalg #10   0.07                       
           amalgunivamalg #12   0.09                       
           amalgunivamalg #6    0.25                       
           brandbrand #4        0.18                       
           brandunivamalg #10   0.05                       
           corpamalgamalg #13   0.12                       
           corpmaxi #4          0.22                       
           corpmaxi #6          0.24                       
           corpunivamalg #12    0.21                       
           edu packbrand #3     0.07                       
           edu packbrand #5     0.13                       
           edu packcorp #2      0.32                       
           edu packedu pack #2  0.30                       
           edu packexporti #1   0.26                       
           edu packexporti #2   0.27                       
           edu packimporto #1   0.07                       
           edu packimporto #2   0.23                       
           edu packnameless #8  0.30                       
           edu packunivamalg #9 0.38                       
           exportiamalg #2      0.30                       
           exportibrand #4      0.14                       
           exportibrand #6      0.20                       
           exporticorp #2       0.57                       
           exportiedu pack #2   0.17                       
           exportiexporti #1    0.11                       
           exportiexporti #2    0.31                       
           exportiimporto #2    0.24                       
           exportimaxi #12      0.30                       
           exportimaxi #4       0.02                       
           exportimaxi #7       0.00                       
           exportinameless #2   0.24                       
           exportischolar #2    0.02                       
           importoamalg #2      0.33                       
           importoamalgamalg #7 0.37                       
           importoamalgamalg #9 0.15                       
           importoexporti #2    0.22                       
           importoimporto #2    0.24                       
           importoscholar #2    0.22                       
           maxicorp #1          0.10                       

                                 sum(ss_ext_sales_price)  
i_brand_id i_brand                                        
1001001.00 amalgamalg #1        0.13                      
           amalgamalg #2        0.09                      
           amalgamalgamalg #15  0.22                      
           amalgedu pack #1     0.29                      
           amalgedu pack #2     0.37                      
           amalgexporti #1      0.28                      
           amalgimporto #2      0.27                      
           amalgmaxi #6         0.02                      
           amalgnameless #2     0.35                      
           amalgscholar #1      0.78                      
           amalgscholar #2      0.14                      
           amalgunivamalg #10   0.05                      
           amalgunivamalg #12   0.07                      
           amalgunivamalg #6    0.23                      
           brandbrand #4        0.16                      
           brandunivamalg #10   0.03                      
           corpamalgamalg #13   0.10                      
           corpmaxi #4          0.19                      
           corpmaxi #6          0.22                      
           corpunivamalg #12    0.19                      
           edu packbrand #3     0.08                      
           edu packbrand #5     0.11                      
           edu packcorp #2      0.30                      
           edu packedu pack #2  0.27                      
           edu packexporti #1   0.23                      
           edu packexporti #2   0.25                      
           edu packimporto #1   0.09                      
           edu packimporto #2   0.21                      
           edu packnameless #8  0.27                      
           edu packunivamalg #9 0.35                      
           exportiamalg #2      0.27                      
           exportibrand #4      0.12                      
           exportibrand #6      0.18                      
           exporticorp #2       0.54                      
           exportiedu pack #2   0.15                      
           exportiexporti #1    0.13                      
           exportiexporti #2    0.26                      
           exportiimporto #2    0.21                      
           exportimaxi #12      0.28                      
           exportimaxi #4       0.00                      
           exportimaxi #7       0.02                      
           exportinameless #2   0.22                      
           exportischolar #2    0.00                      
           importoamalg #2      0.31                      
           importoamalgamalg #7 0.34                      
           importoamalgamalg #9 0.13                      
           importoexporti #2    0.19                      
           importoimporto #2    0.21                      
           importoscholar #2    0.19                      
           maxicorp #1          0.08                      
2023-06-19 08:30:49,439 - main.py[line:612] - INFO: relative error normalized:
                                 avg(ss_ext_sales_price)  \
i_brand_id i_brand                                         
1001001.00 amalgamalg #1        0.14                       
           amalgamalg #2        0.07                       
           amalgamalgamalg #15  0.22                       
           amalgedu pack #1     0.27                       
           amalgedu pack #2     0.33                       
           amalgexporti #1      0.27                       
           amalgimporto #2      0.26                       
           amalgmaxi #6         0.00                       
           amalgnameless #2     0.31                       
           amalgscholar #1      0.56                       
           amalgscholar #2      0.15                       
           amalgunivamalg #10   0.07                       
           amalgunivamalg #12   0.09                       
           amalgunivamalg #6    0.22                       
           brandbrand #4        0.17                       
           brandunivamalg #10   0.05                       
           corpamalgamalg #13   0.12                       
           corpmaxi #4          0.20                       
           corpmaxi #6          0.22                       
           corpunivamalg #12    0.19                       
           edu packbrand #3     0.06                       
           edu packbrand #5     0.12                       
           edu packcorp #2      0.27                       
           edu packedu pack #2  0.26                       
           edu packexporti #1   0.23                       
           edu packexporti #2   0.24                       
           edu packimporto #1   0.07                       
           edu packimporto #2   0.20                       
           edu packnameless #8  0.26                       
           edu packunivamalg #9 0.32                       
           exportiamalg #2      0.26                       
           exportibrand #4      0.13                       
           exportibrand #6      0.18                       
           exporticorp #2       0.43                       
           exportiedu pack #2   0.16                       
           exportiexporti #1    0.11                       
           exportiexporti #2    0.26                       
           exportiimporto #2    0.21                       
           exportimaxi #12      0.26                       
           exportimaxi #4       0.02                       
           exportimaxi #7       0.00                       
           exportinameless #2   0.22                       
           exportischolar #2    0.02                       
           importoamalg #2      0.28                       
           importoamalgamalg #7 0.31                       
           importoamalgamalg #9 0.14                       
           importoexporti #2    0.20                       
           importoimporto #2    0.21                       
           importoscholar #2    0.20                       
           maxicorp #1          0.10                       

                                 sum(ss_ext_sales_price)  
i_brand_id i_brand                                        
1001001.00 amalgamalg #1        0.12                      
           amalgamalg #2        0.09                      
           amalgamalgamalg #15  0.20                      
           amalgedu pack #1     0.25                      
           amalgedu pack #2     0.31                      
           amalgexporti #1      0.25                      
           amalgimporto #2      0.24                      
           amalgmaxi #6         0.02                      
           amalgnameless #2     0.30                      
           amalgscholar #1      0.54                      
           amalgscholar #2      0.13                      
           amalgunivamalg #10   0.05                      
           amalgunivamalg #12   0.07                      
           amalgunivamalg #6    0.20                      
           brandbrand #4        0.14                      
           brandunivamalg #10   0.03                      
           corpamalgamalg #13   0.10                      
           corpmaxi #4          0.18                      
           corpmaxi #6          0.20                      
           corpunivamalg #12    0.17                      
           edu packbrand #3     0.08                      
           edu packbrand #5     0.10                      
           edu packcorp #2      0.26                      
           edu packedu pack #2  0.24                      
           edu packexporti #1   0.21                      
           edu packexporti #2   0.22                      
           edu packimporto #1   0.08                      
           edu packimporto #2   0.19                      
           edu packnameless #8  0.24                      
           edu packunivamalg #9 0.30                      
           exportiamalg #2      0.24                      
           exportibrand #4      0.11                      
           exportibrand #6      0.16                      
           exporticorp #2       0.42                      
           exportiedu pack #2   0.14                      
           exportiexporti #1    0.12                      
           exportiexporti #2    0.23                      
           exportiimporto #2    0.19                      
           exportimaxi #12      0.24                      
           exportimaxi #4       0.00                      
           exportimaxi #7       0.02                      
           exportinameless #2   0.20                      
           exportischolar #2    0.00                      
           importoamalg #2      0.26                      
           importoamalgamalg #7 0.29                      
           importoamalgamalg #9 0.12                      
           importoexporti #2    0.17                      
           importoimporto #2    0.19                      
           importoscholar #2    0.18                      
           maxicorp #1          0.08                      
2023-06-19 08:30:49,439 - main.py[line:615] - INFO: relative error average: 0.200116233974527
2023-06-19 08:30:49,439 - main.py[line:616] - INFO: relative error normalized average: 0.17420655693011441
2023-06-19 08:30:49,450 - main.py[line:662] - INFO: total_time:13613.864351238008
