main.py:19: FutureWarning: Passing a negative integer is deprecated in version 1.0 and will not be supported in future version. Instead, use None to not limit the column width.
  pd.set_option('max_colwidth', -1)
2022-07-09 12:18:52,935 - main.py[line:581] - INFO: load query config config/query/customer_join_supplier.json successfully
2022-07-09 12:18:52,935 - main.py[line:588] - INFO: load train config ./config/train/tpch_customer_torch_cvae.json successfully
2022-07-09 12:18:52,935 - main.py[line:588] - INFO: load train config ./config/train/tpch_supplier_torch_cvae.json successfully
2022-07-09 12:18:52,935 - dataset_utils.py[line:567] - INFO: load existing dataset(light):tpch-1m-customer_c_nationkey_c_acctbal_c_nationkey_binary_gaussian5_0
2022-07-09 12:18:53,118 - dataset_utils.py[line:576] - INFO: load dataset(light) time elapsed:0.18266240507364273
2022-07-09 12:18:53,118 - pytorch_cvae.py[line:276] - INFO: feature info:[('c_acctbal', 'numerical', 6), ('c_nationkey', 'categorical', 6)]
2022-07-09 12:18:53,119 - model_utils.py[line:75] - INFO: load model name:torch_cvae_tpch-1m-customer_c_nationkey_ld100_id100_bs512_ep150_0_binary_gaussian5
2022-07-09 12:18:55,209 - model_utils.py[line:86] - INFO: load torch model time elapsed:2.089580900967121
2022-07-09 12:18:55,209 - pytorch_cvae.py[line:286] - INFO: load model time elapsed:2.2737553901970387
2022-07-09 12:18:55,209 - dataset_utils.py[line:567] - INFO: load existing dataset(light):tpch-1m-supplier_s_nationkey_s_acctbal_s_nationkey_binary_gaussian5_0
2022-07-09 12:18:55,219 - dataset_utils.py[line:576] - INFO: load dataset(light) time elapsed:0.009877048432826996
2022-07-09 12:18:55,219 - pytorch_cvae.py[line:276] - INFO: feature info:[('s_acctbal', 'numerical', 6), ('s_nationkey', 'categorical', 6)]
2022-07-09 12:18:55,220 - model_utils.py[line:75] - INFO: load model name:torch_cvae_tpch-1m-supplier_s_nationkey_ld100_id150_bs128_ep100_0_binary_gaussian5
2022-07-09 12:18:55,221 - model_utils.py[line:86] - INFO: load torch model time elapsed:0.001567937433719635
2022-07-09 12:18:55,221 - pytorch_cvae.py[line:286] - INFO: load model time elapsed:0.01231229305267334
2022-07-09 12:18:55,221 - main.py[line:525] - INFO: multi_sampling No.0 epoch
2022-07-09 12:18:55,222 - pytorch_cvae.py[line:419] - INFO: house sampling rate:0.01
2022-07-09 12:18:55,852 - pytorch_cvae.py[line:399] - INFO: sampling time:0.6294495053589344
2022-07-09 12:18:55,989 - pytorch_cvae.py[line:419] - INFO: house sampling rate:0.1
2022-07-09 12:18:56,128 - pytorch_cvae.py[line:399] - INFO: sampling time:0.1389121301472187
2022-07-09 12:19:04,926 - main.py[line:509] - INFO: sample and aggregation time elapsed:9.7038882561028
2022-07-09 12:19:04,929 - main.py[line:542] - INFO: sample time: 9.70763187110424
2022-07-09 12:19:04,940 - main.py[line:99] - INFO: aqp result:
             avg(c_acctbal)  avg(s_acctbal)    sum(c_acctbal)  \
c_nationkey                                                     
0           4632.56         4567.89         13527188258602.91   
1           4560.89         4550.24         13375495413013.39   
2           4465.49         4429.59         13204955738703.76   
3           4376.78         4588.53         12855072818386.68   
4           4392.65         4643.16         12937068708960.61   
5           4293.94         4424.47         12606357799385.25   
6           4649.63         4494.55         13639145162651.88   
7           4580.66         4468.62         13550138640136.18   
8           4565.70         4456.09         13491862163647.65   
9           4493.45         4540.37         13102825116941.47   
10          4504.10         4472.35         13445967212086.08   
11          4442.70         4397.33         13059785629542.76   
12          4525.39         4638.95         13314420998038.42   
13          4551.18         4555.50         13277735091605.42   
14          4467.38         4659.29         13066360714226.66   
15          4482.91         4495.57         13127705057659.57   
16          4708.86         4421.43         13660314124340.62   
17          4475.36         4399.38         13144055809215.38   
18          4625.60         4582.76         13729065283449.77   
19          4464.79         4475.09         13137056207037.89   
20          4620.51         4521.49         13495582312760.36   
21          4491.31         4575.34         13283674370932.33   
22          4536.33         4432.71         13233594300350.06   
23          4536.12         4785.89         13524154960161.40   
24          4487.33         4414.44         13221663672001.60   

               sum(s_acctbal)  
c_nationkey                    
0           13338347492211.88  
1           13344249302017.78  
2           13098799359724.87  
3           13477004490178.71  
4           13674842853067.63  
5           12989592702280.42  
6           13184234786775.55  
7           13218688175238.41  
8           13167966264390.02  
9           13239651639956.65  
10          13351168789681.44  
11          12926416562323.35  
12          13648524642118.12  
13          13290357997927.90  
14          13627668903207.86  
15          13164777955925.08  
16          12826484458657.44  
17          12920897754275.73  
18          13601909098985.62  
19          13167364537380.66  
20          13206371743009.26  
21          13532222152116.12  
22          12931327699147.43  
23          14268805240092.28  
24          13006907776531.02  
2022-07-09 12:19:04,944 - main.py[line:100] - INFO: ground truth:
             avg(c_acctbal)  avg(s_acctbal)    sum(c_acctbal)  \
c_nationkey                                                     
0           4498.95         4498.57         13137050865863.60   
1           4483.88         4470.22         13149646281809.01   
2           4511.85         4489.62         13342053689772.46   
3           4490.01         4514.69         13187641806805.82   
4           4499.30         4471.14         13251165475120.12   
5           4493.96         4520.17         13193606487126.12   
6           4496.91         4519.01         13191170068459.00   
7           4496.45         4502.13         13301026611714.75   
8           4508.75         4477.53         13323561611490.36   
9           4495.16         4476.37         13107800565918.19   
10          4508.78         4537.02         13459919946282.55   
11          4505.86         4497.51         13245445724094.84   
12          4486.76         4487.42         13200769753116.53   
13          4498.32         4477.46         13123545091893.35   
14          4492.92         4423.95         13141073384635.39   
15          4496.65         4507.04         13167934218259.21   
16          4497.97         4484.46         13048533690939.52   
17          4498.89         4469.89         13213157636257.13   
18          4504.31         4507.04         13369070255795.90   
19          4493.86         4479.01         13222587445498.48   
20          4508.24         4505.12         13167670983446.76   
21          4497.42         4499.65         13301755233493.62   
22          4509.35         4529.78         13154909873498.27   
23          4491.46         4514.13         13390984870946.13   
24          4497.85         4531.45         13252664593162.88   

               sum(s_acctbal)  
c_nationkey                    
0           13135947461813.83  
1           13109570484166.52  
2           13276329410714.19  
3           13260121352641.59  
4           13168230420466.88  
5           13270548889539.71  
6           13255999087516.73  
7           13317813742584.13  
8           13231301968194.10  
9           13053014471235.28  
10          13544226414833.09  
11          13220904953852.09  
12          13202710511338.45  
13          13062683219957.92  
14          12939342250164.17  
15          13198360088664.20  
16          13009336466808.88  
17          13127980878530.39  
18          13377172818749.44  
19          13178897453144.76  
20          13158569941796.00  
21          13308361848968.49  
22          13214482559726.61  
23          13458574251406.53  
24          13351658802394.96  
2022-07-09 12:19:04,951 - main.py[line:550] - INFO: relative error:
             avg(c_acctbal)  avg(s_acctbal)  sum(c_acctbal)  sum(s_acctbal)
c_nationkey                                                                
0           0.03            0.02            0.03            0.02           
1           0.02            0.02            0.02            0.02           
2           0.01            0.01            0.01            0.01           
3           0.03            0.02            0.03            0.02           
4           0.02            0.04            0.02            0.04           
5           0.04            0.02            0.04            0.02           
6           0.03            0.01            0.03            0.01           
7           0.02            0.01            0.02            0.01           
8           0.01            0.00            0.01            0.00           
9           0.00            0.01            0.00            0.01           
10          0.00            0.01            0.00            0.01           
11          0.01            0.02            0.01            0.02           
12          0.01            0.03            0.01            0.03           
13          0.01            0.02            0.01            0.02           
14          0.01            0.05            0.01            0.05           
15          0.00            0.00            0.00            0.00           
16          0.05            0.01            0.05            0.01           
17          0.01            0.02            0.01            0.02           
18          0.03            0.02            0.03            0.02           
19          0.01            0.00            0.01            0.00           
20          0.02            0.00            0.02            0.00           
21          0.00            0.02            0.00            0.02           
22          0.01            0.02            0.01            0.02           
23          0.01            0.06            0.01            0.06           
24          0.00            0.03            0.00            0.03           
2022-07-09 12:19:04,953 - main.py[line:551] - INFO: relative error normalized:
             avg(c_acctbal)  avg(s_acctbal)  sum(c_acctbal)  sum(s_acctbal)
c_nationkey                                                                
0           0.03            0.02            0.03            0.02           
1           0.02            0.02            0.02            0.02           
2           0.01            0.01            0.01            0.01           
3           0.02            0.02            0.02            0.02           
4           0.02            0.04            0.02            0.04           
5           0.04            0.02            0.04            0.02           
6           0.03            0.01            0.03            0.01           
7           0.02            0.01            0.02            0.01           
8           0.01            0.00            0.01            0.00           
9           0.00            0.01            0.00            0.01           
10          0.00            0.01            0.00            0.01           
11          0.01            0.02            0.01            0.02           
12          0.01            0.03            0.01            0.03           
13          0.01            0.02            0.01            0.02           
14          0.01            0.05            0.01            0.05           
15          0.00            0.00            0.00            0.00           
16          0.05            0.01            0.05            0.01           
17          0.01            0.02            0.01            0.02           
18          0.03            0.02            0.03            0.02           
19          0.01            0.00            0.01            0.00           
20          0.02            0.00            0.02            0.00           
21          0.00            0.02            0.00            0.02           
22          0.01            0.02            0.01            0.02           
23          0.01            0.06            0.01            0.06           
24          0.00            0.03            0.00            0.03           
2022-07-09 12:19:04,953 - main.py[line:554] - INFO: relative error average: 0.01727937158566442
2022-07-09 12:19:04,953 - main.py[line:555] - INFO: relative error normalized average: 0.017039022765523205
2022-07-09 12:19:04,954 - main.py[line:601] - INFO: total_time:12.018941521644592
categorical_columns: ['c_nationkey_0', 'c_nationkey_1', 'c_nationkey_2', 'c_nationkey_3', 'c_nationkey_4', 'c_nationkey_5']
categorical_columns: ['s_nationkey_0', 's_nationkey_1', 's_nationkey_2', 's_nationkey_3', 's_nationkey_4', 's_nationkey_5']
