main.py:19: FutureWarning: Passing a negative integer is deprecated in version 1.0 and will not be supported in future version. Instead, use None to not limit the column width.
  pd.set_option('max_colwidth', -1)
2022-07-09 12:19:59,813 - main.py[line:581] - INFO: load query config config/query/customer_join_supplier.json successfully
2022-07-09 12:19:59,813 - main.py[line:588] - INFO: load train config ./config/train/tpch_customer_torch_cvae.json successfully
2022-07-09 12:19:59,813 - main.py[line:588] - INFO: load train config ./config/train/tpch_supplier_torch_cvae.json successfully
2022-07-09 12:19:59,813 - dataset_utils.py[line:567] - INFO: load existing dataset(light):tpch-1m-customer_c_nationkey_c_acctbal_c_nationkey_binary_gaussian5_0
2022-07-09 12:19:59,986 - dataset_utils.py[line:576] - INFO: load dataset(light) time elapsed:0.17252904549241066
2022-07-09 12:19:59,986 - pytorch_cvae.py[line:276] - INFO: feature info:[('c_acctbal', 'numerical', 6), ('c_nationkey', 'categorical', 6)]
2022-07-09 12:19:59,987 - model_utils.py[line:75] - INFO: load model name:torch_cvae_tpch-1m-customer_c_nationkey_ld100_id100_bs512_ep150_0_binary_gaussian5
2022-07-09 12:20:02,079 - model_utils.py[line:86] - INFO: load torch model time elapsed:2.0921447575092316
2022-07-09 12:20:02,079 - pytorch_cvae.py[line:286] - INFO: load model time elapsed:2.2661919370293617
2022-07-09 12:20:02,079 - dataset_utils.py[line:567] - INFO: load existing dataset(light):tpch-1m-supplier_s_nationkey_s_acctbal_s_nationkey_binary_gaussian5_0
2022-07-09 12:20:02,098 - dataset_utils.py[line:576] - INFO: load dataset(light) time elapsed:0.01896372064948082
2022-07-09 12:20:02,099 - pytorch_cvae.py[line:276] - INFO: feature info:[('s_acctbal', 'numerical', 6), ('s_nationkey', 'categorical', 6)]
2022-07-09 12:20:02,100 - model_utils.py[line:75] - INFO: load model name:torch_cvae_tpch-1m-supplier_s_nationkey_ld100_id150_bs128_ep100_0_binary_gaussian5
2022-07-09 12:20:02,103 - model_utils.py[line:86] - INFO: load torch model time elapsed:0.0029204487800598145
2022-07-09 12:20:02,103 - pytorch_cvae.py[line:286] - INFO: load model time elapsed:0.023643717169761658
2022-07-09 12:20:02,103 - main.py[line:525] - INFO: multi_sampling No.0 epoch
2022-07-09 12:20:02,103 - pytorch_cvae.py[line:419] - INFO: house sampling rate:0.03
2022-07-09 12:20:02,986 - pytorch_cvae.py[line:399] - INFO: sampling time:0.8825858645141125
2022-07-09 12:20:03,380 - pytorch_cvae.py[line:419] - INFO: house sampling rate:0.1
2022-07-09 12:20:03,520 - pytorch_cvae.py[line:399] - INFO: sampling time:0.13956616818904877
2022-07-09 12:20:39,214 - main.py[line:509] - INFO: sample and aggregation time elapsed:37.10371018946171
2022-07-09 12:20:39,261 - main.py[line:542] - INFO: sample time: 37.1575763002038
2022-07-09 12:20:39,323 - main.py[line:99] - INFO: aqp result:
             avg(c_acctbal)  avg(s_acctbal)    sum(c_acctbal)  \
c_nationkey                                                     
0           4537.51         4424.25         13249658383335.55   
1           4517.37         4603.32         13247860202058.39   
2           4577.17         4526.14         13535219093359.00   
3           4517.66         4504.28         13268856007674.27   
4           4513.31         4583.66         13292410083268.23   
5           4434.45         4607.72         13018898735255.80   
6           4433.62         4345.95         13005520006835.10   
7           4503.24         4486.04         13321094597951.87   
8           4542.93         4542.03         13424581143785.28   
9           4470.67         4544.22         13036415787389.15   
10          4458.10         4539.26         13308641138727.06   
11          4495.60         4452.27         13215284541302.15   
12          4436.20         4544.94         13052020335986.70   
13          4502.55         4458.69         13135881735198.38   
14          4436.44         4648.10         12975866439252.71   
15          4506.12         4704.31         13195672698469.48   
16          4556.01         4579.58         13216894245956.97   
17          4511.37         4408.46         13249808251887.92   
18          4545.77         4482.66         13492124796381.69   
19          4552.78         4418.40         13395951576622.05   
20          4499.83         4575.41         13143120698730.43   
21          4447.76         4595.81         13154862040291.20   
22          4451.87         4735.49         12987203120513.33   
23          4484.03         4490.26         13368827462012.18   
24          4530.32         4424.17         13348342800434.07   

               sum(s_acctbal)  
c_nationkey                    
0           12918929963948.31  
1           13499925673908.44  
2           13384327485566.61  
3           13229553490454.67  
4           13499618565610.43  
5           13527588853204.87  
6           12748336199887.61  
7           13270225452302.88  
8           13421910931652.57  
9           13250880679125.86  
10          13550912749490.87  
11          13087935917442.11  
12          13371948569827.43  
13          13007908458863.39  
14          13594959395851.24  
15          13776051289751.06  
16          13285289826513.77  
17          12947572895296.70  
18          13304832517567.29  
19          13000535769813.21  
20          13363860055593.46  
21          13592762314523.13  
22          13814591529514.84  
23          13387412385949.76  
24          13035574646347.85  
2022-07-09 12:20:39,328 - main.py[line:100] - INFO: ground truth:
             avg(c_acctbal)  avg(s_acctbal)    sum(c_acctbal)  \
c_nationkey                                                     
0           4498.95         4498.57         13137050865863.60   
1           4483.88         4470.22         13149646281809.01   
2           4511.85         4489.62         13342053689772.46   
3           4490.01         4514.69         13187641806805.82   
4           4499.30         4471.14         13251165475120.12   
5           4493.96         4520.17         13193606487126.12   
6           4496.91         4519.01         13191170068459.00   
7           4496.45         4502.13         13301026611714.75   
8           4508.75         4477.53         13323561611490.36   
9           4495.16         4476.37         13107800565918.19   
10          4508.78         4537.02         13459919946282.55   
11          4505.86         4497.51         13245445724094.84   
12          4486.76         4487.42         13200769753116.53   
13          4498.32         4477.46         13123545091893.35   
14          4492.92         4423.95         13141073384635.39   
15          4496.65         4507.04         13167934218259.21   
16          4497.97         4484.46         13048533690939.52   
17          4498.89         4469.89         13213157636257.13   
18          4504.31         4507.04         13369070255795.90   
19          4493.86         4479.01         13222587445498.48   
20          4508.24         4505.12         13167670983446.76   
21          4497.42         4499.65         13301755233493.62   
22          4509.35         4529.78         13154909873498.27   
23          4491.46         4514.13         13390984870946.13   
24          4497.85         4531.45         13252664593162.88   

               sum(s_acctbal)  
c_nationkey                    
0           13135947461813.83  
1           13109570484166.52  
2           13276329410714.19  
3           13260121352641.59  
4           13168230420466.88  
5           13270548889539.71  
6           13255999087516.73  
7           13317813742584.13  
8           13231301968194.10  
9           13053014471235.28  
10          13544226414833.09  
11          13220904953852.09  
12          13202710511338.45  
13          13062683219957.92  
14          12939342250164.17  
15          13198360088664.20  
16          13009336466808.88  
17          13127980878530.39  
18          13377172818749.44  
19          13178897453144.76  
20          13158569941796.00  
21          13308361848968.49  
22          13214482559726.61  
23          13458574251406.53  
24          13351658802394.96  
2022-07-09 12:20:39,345 - main.py[line:550] - INFO: relative error:
             avg(c_acctbal)  avg(s_acctbal)  sum(c_acctbal)  sum(s_acctbal)
c_nationkey                                                                
0           0.01            0.02            0.01            0.02           
1           0.01            0.03            0.01            0.03           
2           0.01            0.01            0.01            0.01           
3           0.01            0.00            0.01            0.00           
4           0.00            0.03            0.00            0.03           
5           0.01            0.02            0.01            0.02           
6           0.01            0.04            0.01            0.04           
7           0.00            0.00            0.00            0.00           
8           0.01            0.01            0.01            0.01           
9           0.01            0.02            0.01            0.02           
10          0.01            0.00            0.01            0.00           
11          0.00            0.01            0.00            0.01           
12          0.01            0.01            0.01            0.01           
13          0.00            0.00            0.00            0.00           
14          0.01            0.05            0.01            0.05           
15          0.00            0.04            0.00            0.04           
16          0.01            0.02            0.01            0.02           
17          0.00            0.01            0.00            0.01           
18          0.01            0.01            0.01            0.01           
19          0.01            0.01            0.01            0.01           
20          0.00            0.02            0.00            0.02           
21          0.01            0.02            0.01            0.02           
22          0.01            0.05            0.01            0.05           
23          0.00            0.01            0.00            0.01           
24          0.01            0.02            0.01            0.02           
2022-07-09 12:20:39,349 - main.py[line:551] - INFO: relative error normalized:
             avg(c_acctbal)  avg(s_acctbal)  sum(c_acctbal)  sum(s_acctbal)
c_nationkey                                                                
0           0.01            0.02            0.01            0.02           
1           0.01            0.03            0.01            0.03           
2           0.01            0.01            0.01            0.01           
3           0.01            0.00            0.01            0.00           
4           0.00            0.02            0.00            0.02           
5           0.01            0.02            0.01            0.02           
6           0.01            0.04            0.01            0.04           
7           0.00            0.00            0.00            0.00           
8           0.01            0.01            0.01            0.01           
9           0.01            0.02            0.01            0.02           
10          0.01            0.00            0.01            0.00           
11          0.00            0.01            0.00            0.01           
12          0.01            0.01            0.01            0.01           
13          0.00            0.00            0.00            0.00           
14          0.01            0.05            0.01            0.05           
15          0.00            0.04            0.00            0.04           
16          0.01            0.02            0.01            0.02           
17          0.00            0.01            0.00            0.01           
18          0.01            0.01            0.01            0.01           
19          0.01            0.01            0.01            0.01           
20          0.00            0.02            0.00            0.02           
21          0.01            0.02            0.01            0.02           
22          0.01            0.04            0.01            0.04           
23          0.00            0.01            0.00            0.01           
24          0.01            0.02            0.01            0.02           
2022-07-09 12:20:39,349 - main.py[line:554] - INFO: relative error average: 0.013090332261331711
2022-07-09 12:20:39,350 - main.py[line:555] - INFO: relative error normalized average: 0.012940267544854858
2022-07-09 12:20:39,388 - main.py[line:601] - INFO: total_time:39.57495104894042
categorical_columns: ['c_nationkey_0', 'c_nationkey_1', 'c_nationkey_2', 'c_nationkey_3', 'c_nationkey_4', 'c_nationkey_5']
categorical_columns: ['s_nationkey_0', 's_nationkey_1', 's_nationkey_2', 's_nationkey_3', 's_nationkey_4', 's_nationkey_5']
