main.py:19: FutureWarning: Passing a negative integer is deprecated in version 1.0 and will not be supported in future version. Instead, use None to not limit the column width.
  pd.set_option('max_colwidth', -1)
2022-07-13 15:12:48,301 - main.py[line:582] - INFO: load query config config/query/census2.json successfully
2022-07-13 15:12:48,301 - main.py[line:589] - INFO: load train config ./config/train/census2_a_torch_cvae.json successfully
2022-07-13 15:12:48,301 - main.py[line:589] - INFO: load train config ./config/train/census2_b_torch_cvae.json successfully
2022-07-13 15:12:48,301 - dataset_utils.py[line:567] - INFO: load existing dataset(light):census2-adult-a_a_education_num#a_relationship_a_fnlwgt#a_age#a_hours_per_week_a_education_num#a_relationship_binary_gaussian5_0
2022-07-13 15:12:48,405 - dataset_utils.py[line:576] - INFO: load dataset(light) time elapsed:0.1036732941865921
2022-07-13 15:12:48,405 - pytorch_cvae.py[line:276] - INFO: feature info:[('a_fnlwgt', 'numerical', 6), ('a_age', 'numerical', 6), ('a_hours_per_week', 'numerical', 6), ('a_education_num', 'categorical', 5), ('a_relationship', 'categorical', 4)]
2022-07-13 15:12:48,406 - model_utils.py[line:75] - INFO: load model name:torch_cvae_census2-adult-a_a_education_num_a_relationship_ld50_id150_bs512_ep150_0_binary_gaussian5
2022-07-13 15:12:50,460 - model_utils.py[line:86] - INFO: load torch model time elapsed:2.053445726633072
2022-07-13 15:12:50,460 - pytorch_cvae.py[line:286] - INFO: load model time elapsed:2.158692616969347
2022-07-13 15:12:50,460 - dataset_utils.py[line:567] - INFO: load existing dataset(light):census2-adult-b_b_education_num__b_education_num_binary_gaussian5_0
2022-07-13 15:12:50,469 - dataset_utils.py[line:576] - INFO: load dataset(light) time elapsed:0.009005341678857803
2022-07-13 15:12:50,469 - pytorch_cvae.py[line:276] - INFO: feature info:[('b_education_num', 'categorical', 5)]
2022-07-13 15:12:50,470 - model_utils.py[line:75] - INFO: load model name:torch_cvae_census2-adult-b_b_education_num_ld50_id100_bs512_ep150_0_binary_gaussian5
2022-07-13 15:12:50,471 - model_utils.py[line:86] - INFO: load torch model time elapsed:0.0013817809522151947
2022-07-13 15:12:50,471 - pytorch_cvae.py[line:286] - INFO: load model time elapsed:0.011113382875919342
2022-07-13 15:12:50,471 - main.py[line:526] - INFO: multi_sampling No.0 epoch
2022-07-13 15:12:51,362 - pytorch_cvae.py[line:399] - INFO: sampling time:0.890272356569767
2022-07-13 15:12:51,414 - pytorch_cvae.py[line:419] - INFO: house sampling rate:0.05
2022-07-13 15:12:51,440 - pytorch_cvae.py[line:399] - INFO: sampling time:0.025843806564807892
2022-07-13 15:12:52,378 - main.py[line:510] - INFO: sample and aggregation time elapsed:1.9067516662180424
2022-07-13 15:12:52,382 - main.py[line:543] - INFO: sample time: 1.910495176911354
2022-07-13 15:12:52,403 - main.py[line:99] - INFO: aqp result:
                 avg(a_age)  avg(a_hours_per_week)  avg(a_fnlwgt)  \
a_relationship                                                      
 Husband        38.84       39.45                  171019.81        
 Not-in-family  38.78       39.88                  166841.69        
 Other-relative 39.21       39.65                  168073.44        
 Own-child      39.86       40.37                  169668.50        
 Unmarried      38.22       40.08                  169722.18        
 Wife           38.67       39.50                  165107.47        

                    sum(a_age)  sum(a_hours_per_week)      sum(a_fnlwgt)  
a_relationship                                                            
 Husband        67721582730.97 68470864448.18         294466499212725.81  
 Not-in-family  41778017808.66 43054509846.04         178740532090631.78  
 Other-relative 5092890056.96  5090534689.98          21993286399111.14   
 Own-child      26704802407.87 26893591556.00         111622976635708.89  
 Unmarried      16893700158.86 17892858907.09         75582101319776.06   
 Wife           7912711484.29  8071433065.10          33773600197778.02   
2022-07-13 15:12:52,405 - main.py[line:100] - INFO: ground truth:
                  sum(a_age)  avg(a_age)  sum(a_hours_per_week)  \
a_relationship                                                    
 Husband         67336778711 38.56       68899110194.66           
 Not-in-family   41827073623 38.59       42810427388.84           
 Other-relative  5037094237  38.68       5141772942.15            
 Own-child       25797235202 38.55       26454626717.27           
 Unmarried       17331498534 38.45       17819579495.68           
 Wife            7997160861  38.65       8207121739.90            

                 avg(a_hours_per_week)      sum(a_fnlwgt)  avg(a_fnlwgt)  
a_relationship                                                            
 Husband        39.45                  310572167983047.88 177825.58       
 Not-in-family  39.50                  191808644855494.41 176987.00       
 Other-relative 39.49                  22869586720519.45  175631.92       
 Own-child      39.53                  118612573522643.98 177245.50       
 Unmarried      39.53                  79477737836955.09  176330.54       
 Wife           39.67                  36446539396432.31  176153.23       
2022-07-13 15:12:52,415 - main.py[line:551] - INFO: relative error:
                 avg(a_age)  avg(a_fnlwgt)  avg(a_hours_per_week)  sum(a_age)  \
a_relationship                                                                  
 Husband        0.01        0.04           0.00                   0.01          
 Not-in-family  0.00        0.06           0.01                   0.00          
 Other-relative 0.01        0.04           0.00                   0.01          
 Own-child      0.03        0.04           0.02                   0.04          
 Unmarried      0.01        0.04           0.01                   0.03          
 Wife           0.00        0.06           0.00                   0.01          

                 sum(a_fnlwgt)  sum(a_hours_per_week)  
a_relationship                                         
 Husband        0.05           0.01                    
 Not-in-family  0.07           0.01                    
 Other-relative 0.04           0.01                    
 Own-child      0.06           0.02                    
 Unmarried      0.05           0.00                    
 Wife           0.07           0.02                    
2022-07-13 15:12:52,416 - main.py[line:552] - INFO: relative error normalized:
                 avg(a_age)  avg(a_fnlwgt)  avg(a_hours_per_week)  sum(a_age)  \
a_relationship                                                                  
 Husband        0.01        0.04           0.00                   0.01          
 Not-in-family  0.00        0.06           0.01                   0.00          
 Other-relative 0.01        0.04           0.00                   0.01          
 Own-child      0.03        0.04           0.02                   0.03          
 Unmarried      0.01        0.04           0.01                   0.02          
 Wife           0.00        0.06           0.00                   0.01          

                 sum(a_fnlwgt)  sum(a_hours_per_week)  
a_relationship                                         
 Husband        0.05           0.01                    
 Not-in-family  0.07           0.01                    
 Other-relative 0.04           0.01                    
 Own-child      0.06           0.02                    
 Unmarried      0.05           0.00                    
 Wife           0.07           0.02                    
2022-07-13 15:12:52,416 - main.py[line:555] - INFO: relative error average: 0.02467925726234879
2022-07-13 15:12:52,416 - main.py[line:556] - INFO: relative error normalized average: 0.024148144727762957
2022-07-13 15:12:52,419 - main.py[line:602] - INFO: total_time:4.117664638906717
categorical_columns: ['a_education_num_0', 'a_education_num_1', 'a_education_num_2', 'a_education_num_3', 'a_education_num_4', 'a_relationship_0', 'a_relationship_1', 'a_relationship_2', 'a_relationship_3']
categorical_columns: ['b_education_num_0', 'b_education_num_1', 'b_education_num_2', 'b_education_num_3', 'b_education_num_4']
