main.py:19: FutureWarning: Passing a negative integer is deprecated in version 1.0 and will not be supported in future version. Instead, use None to not limit the column width.
  pd.set_option('max_colwidth', -1)
2022-04-25 11:36:45,486 - main.py[line:427] - INFO: load query config config/query/census.json successfully
2022-04-25 11:36:45,486 - main.py[line:434] - INFO: load train config ./config/train/census_a_torch_cvae.json successfully
2022-04-25 11:36:45,486 - main.py[line:434] - INFO: load train config ./config/train/census_b_torch_cvae.json successfully
2022-04-25 11:36:45,486 - pytorch_cvae.py[line:241] - INFO: epoch:100
2022-04-25 11:36:45,486 - pytorch_cvae.py[line:242] - INFO: batch size:512
2022-04-25 11:36:45,486 - pytorch_cvae.py[line:243] - INFO: latent dimension:50
2022-04-25 11:36:45,486 - pytorch_cvae.py[line:244] - INFO: intermediate dimension:100
2022-04-25 11:36:45,486 - pytorch_cvae.py[line:245] - INFO: gpu num:0
2022-04-25 11:36:45,503 - dataset_utils.py[line:288] - INFO: loading data:/root/lihan/train_dataset/census/adult.csv
2022-04-25 11:36:45,669 - dataset_utils.py[line:307] - INFO: data total rows:150000
2022-04-25 11:36:45,669 - dataset_utils.py[line:343] - INFO: load data time elapsed:0.1664401963353157
2022-04-25 11:36:45,680 - dataset_utils.py[line:41] - INFO: encode categorical columns time elapsed:0.009508665651082993
2022-04-25 11:36:45,684 - dataset_utils.py[line:54] - INFO: encode numeric columnstime elapsed:0.004188623279333115
2022-04-25 11:36:45,702 - dataset_utils.py[line:103] - INFO: data shape:(150000, 8)
2022-04-25 11:36:45,702 - dataset_utils.py[line:132] - INFO: feature info:[('fnlwgt', 'numerical', 1), ('age', 'numerical', 1), ('hours_per_week', 'numerical', 1), ('education_num', 'categorical', 5)]
2022-04-25 11:36:45,703 - dataset_utils.py[line:133] - INFO: output info list:[(1, 'no'), (1, 'no'), (1, 'no'), (5, 'sigmoid')]
2022-04-25 11:36:47,750 - dataset_utils.py[line:136] - INFO: load data successfully
2022-04-25 11:36:47,751 - pytorch_cvae.py[line:250] - INFO: feature info:[('fnlwgt', 'numerical', 1), ('age', 'numerical', 1), ('hours_per_week', 'numerical', 1), ('education_num', 'categorical', 5)]
2022-04-25 11:36:50,544 - pytorch_cvae.py[line:169] - INFO: ----------------------------No.1 epoch----------------------------
2022-04-25 11:36:50,544 - pytorch_cvae.py[line:170] - INFO: loss:85.89983159303665, numeric_loss:20.227801609784365, categorical_loss:52.55844908580184, kld_loss:2432.784952878952, epoch_train_time:2.791690871119499
2022-04-25 11:36:52,884 - pytorch_cvae.py[line:169] - INFO: ----------------------------No.2 epoch----------------------------
2022-04-25 11:36:52,884 - pytorch_cvae.py[line:170] - INFO: loss:29.431534096598625, numeric_loss:8.891566727310419, categorical_loss:5.474670205265284, kld_loss:2530.159116744995, epoch_train_time:2.3398445174098015
2022-04-25 11:36:55,283 - pytorch_cvae.py[line:169] - INFO: ----------------------------No.3 epoch----------------------------
2022-04-25 11:36:55,283 - pytorch_cvae.py[line:170] - INFO: loss:23.91109285503626, numeric_loss:5.818364415317774, categorical_loss:3.8424611166119576, kld_loss:2168.778115272522, epoch_train_time:2.3989141061902046
2022-04-25 11:36:57,589 - pytorch_cvae.py[line:169] - INFO: ----------------------------No.4 epoch----------------------------
2022-04-25 11:36:57,589 - pytorch_cvae.py[line:170] - INFO: loss:21.016634318977594, numeric_loss:4.75606725923717, categorical_loss:3.119830545503646, kld_loss:1814.1287670135498, epoch_train_time:2.3058889470994473
2022-04-25 11:36:59,908 - pytorch_cvae.py[line:169] - INFO: ----------------------------No.5 epoch----------------------------
2022-04-25 11:36:59,908 - pytorch_cvae.py[line:170] - INFO: loss:18.362651012837887, numeric_loss:4.4606013130396605, categorical_loss:2.4851211910136044, kld_loss:1431.160261631012, epoch_train_time:2.318104226142168
2022-04-25 11:37:02,214 - pytorch_cvae.py[line:169] - INFO: ----------------------------No.6 epoch----------------------------
2022-04-25 11:37:02,214 - pytorch_cvae.py[line:170] - INFO: loss:15.338663432747126, numeric_loss:4.593508280813694, categorical_loss:1.8134921230375767, kld_loss:1017.6447241306305, epoch_train_time:2.3063957653939724
2022-04-25 11:37:04,531 - pytorch_cvae.py[line:169] - INFO: ----------------------------No.7 epoch----------------------------
2022-04-25 11:37:04,531 - pytorch_cvae.py[line:170] - INFO: loss:12.301171988248825, numeric_loss:4.872808973304927, categorical_loss:1.0644426910439506, kld_loss:659.7019658088684, epoch_train_time:2.3167775236070156
2022-04-25 11:37:06,851 - pytorch_cvae.py[line:169] - INFO: ----------------------------No.8 epoch----------------------------
2022-04-25 11:37:06,851 - pytorch_cvae.py[line:170] - INFO: loss:10.751286085695028, numeric_loss:4.987635280005634, categorical_loss:0.550973339471966, kld_loss:492.1271902322769, epoch_train_time:2.3200926668941975
2022-04-25 11:37:09,172 - pytorch_cvae.py[line:169] - INFO: ----------------------------No.9 epoch----------------------------
2022-04-25 11:37:09,173 - pytorch_cvae.py[line:170] - INFO: loss:10.562646441161633, numeric_loss:5.084792556241155, categorical_loss:0.37179298768751323, kld_loss:439.4710454940796, epoch_train_time:2.3208861984312534
2022-04-25 11:37:11,465 - pytorch_cvae.py[line:169] - INFO: ----------------------------No.10 epoch----------------------------
2022-04-25 11:37:11,465 - pytorch_cvae.py[line:170] - INFO: loss:10.664294842630625, numeric_loss:5.315969903022051, categorical_loss:0.28659190447069705, kld_loss:397.5626343488693, epoch_train_time:2.2924086526036263
2022-04-25 11:37:13,811 - pytorch_cvae.py[line:169] - INFO: ----------------------------No.11 epoch----------------------------
2022-04-25 11:37:13,812 - pytorch_cvae.py[line:170] - INFO: loss:10.85960465297103, numeric_loss:5.604897148907185, categorical_loss:0.21098897425690666, kld_loss:361.8707699775696, epoch_train_time:2.3462028689682484
2022-04-25 11:37:16,041 - pytorch_cvae.py[line:169] - INFO: ----------------------------No.12 epoch----------------------------
2022-04-25 11:37:16,042 - pytorch_cvae.py[line:170] - INFO: loss:11.1882488951087, numeric_loss:5.916911201551557, categorical_loss:0.15167848923010752, kld_loss:335.87243390083313, epoch_train_time:2.2298635952174664
2022-04-25 11:37:18,402 - pytorch_cvae.py[line:169] - INFO: ----------------------------No.13 epoch----------------------------
2022-04-25 11:37:18,402 - pytorch_cvae.py[line:170] - INFO: loss:11.530743837356567, numeric_loss:6.270872041583061, categorical_loss:0.11182149256637786, kld_loss:309.1299164891243, epoch_train_time:2.360663551837206
2022-04-25 11:37:20,682 - pytorch_cvae.py[line:169] - INFO: ----------------------------No.14 epoch----------------------------
2022-04-25 11:37:20,682 - pytorch_cvae.py[line:170] - INFO: loss:11.92486896365881, numeric_loss:6.66200777888298, categorical_loss:0.08753708357107826, kld_loss:284.7311903834343, epoch_train_time:2.2795092910528183
2022-04-25 11:37:23,080 - pytorch_cvae.py[line:169] - INFO: ----------------------------No.15 epoch----------------------------
2022-04-25 11:37:23,080 - pytorch_cvae.py[line:170] - INFO: loss:12.389134719967842, numeric_loss:7.110039550811052, categorical_loss:0.07098822953412309, kld_loss:262.7912576198578, epoch_train_time:2.3980802334845066
2022-04-25 11:37:25,343 - pytorch_cvae.py[line:169] - INFO: ----------------------------No.16 epoch----------------------------
2022-04-25 11:37:25,343 - pytorch_cvae.py[line:170] - INFO: loss:12.756602481007576, numeric_loss:7.55428933724761, categorical_loss:0.06083324957580771, kld_loss:238.16995811462402, epoch_train_time:2.262791272252798
2022-04-25 11:37:27,724 - pytorch_cvae.py[line:169] - INFO: ----------------------------No.17 epoch----------------------------
2022-04-25 11:37:27,724 - pytorch_cvae.py[line:170] - INFO: loss:13.18944102525711, numeric_loss:8.080345770344138, categorical_loss:0.05339066739543341, kld_loss:215.22001200914383, epoch_train_time:2.3807993046939373
2022-04-25 11:37:29,967 - pytorch_cvae.py[line:169] - INFO: ----------------------------No.18 epoch----------------------------
2022-04-25 11:37:29,968 - pytorch_cvae.py[line:170] - INFO: loss:13.566239695996046, numeric_loss:8.620611261576414, categorical_loss:0.04835531806747895, kld_loss:191.77486658096313, epoch_train_time:2.242904517799616
2022-04-25 11:37:32,358 - pytorch_cvae.py[line:169] - INFO: ----------------------------No.19 epoch----------------------------
2022-04-25 11:37:32,358 - pytorch_cvae.py[line:170] - INFO: loss:13.96799510344863, numeric_loss:9.20406081341207, categorical_loss:0.0447912699310109, kld_loss:170.16537165641785, epoch_train_time:2.3903005346655846
2022-04-25 11:37:34,639 - pytorch_cvae.py[line:169] - INFO: ----------------------------No.20 epoch----------------------------
2022-04-25 11:37:34,639 - pytorch_cvae.py[line:170] - INFO: loss:14.31979013606906, numeric_loss:9.804204851388931, categorical_loss:0.042386404536955524, kld_loss:148.6727116703987, epoch_train_time:2.2806331627070904
2022-04-25 11:37:36,958 - pytorch_cvae.py[line:169] - INFO: ----------------------------No.21 epoch----------------------------
2022-04-25 11:37:36,959 - pytorch_cvae.py[line:170] - INFO: loss:14.657497934997082, numeric_loss:10.404179185628891, categorical_loss:0.04090014909161255, kld_loss:129.1766019165516, epoch_train_time:2.3195343129336834
2022-04-25 11:37:39,246 - pytorch_cvae.py[line:169] - INFO: ----------------------------No.22 epoch----------------------------
2022-04-25 11:37:39,246 - pytorch_cvae.py[line:170] - INFO: loss:14.92093038931489, numeric_loss:10.920696996152401, categorical_loss:0.039752351643983275, kld_loss:112.16926285624504, epoch_train_time:2.287511222064495
2022-04-25 11:37:41,573 - pytorch_cvae.py[line:169] - INFO: ----------------------------No.23 epoch----------------------------
2022-04-25 11:37:41,573 - pytorch_cvae.py[line:170] - INFO: loss:15.211631365120411, numeric_loss:11.490887328982353, categorical_loss:0.0387784275735612, kld_loss:96.40810543298721, epoch_train_time:2.3264543637633324
2022-04-25 11:37:43,859 - pytorch_cvae.py[line:169] - INFO: ----------------------------No.24 epoch----------------------------
2022-04-25 11:37:43,859 - pytorch_cvae.py[line:170] - INFO: loss:15.44401915743947, numeric_loss:11.964421384036541, categorical_loss:0.037955043342662975, kld_loss:83.39534193277359, epoch_train_time:2.285536888986826
2022-04-25 11:37:46,165 - pytorch_cvae.py[line:169] - INFO: ----------------------------No.25 epoch----------------------------
2022-04-25 11:37:46,165 - pytorch_cvae.py[line:170] - INFO: loss:15.689874835312366, numeric_loss:12.447478406131268, categorical_loss:0.0379246510201483, kld_loss:71.92981527745724, epoch_train_time:2.306310962885618
2022-04-25 11:37:48,469 - pytorch_cvae.py[line:169] - INFO: ----------------------------No.26 epoch----------------------------
2022-04-25 11:37:48,469 - pytorch_cvae.py[line:170] - INFO: loss:15.872150611132383, numeric_loss:12.97430420666933, categorical_loss:0.03721162115834886, kld_loss:59.54230569303036, epoch_train_time:2.3035104013979435
2022-04-25 11:37:50,770 - pytorch_cvae.py[line:169] - INFO: ----------------------------No.27 epoch----------------------------
2022-04-25 11:37:50,770 - pytorch_cvae.py[line:170] - INFO: loss:16.111592520028353, numeric_loss:13.546701837331057, categorical_loss:0.03706303074432071, kld_loss:48.837762743234634, epoch_train_time:2.301374778151512
2022-04-25 11:37:53,108 - pytorch_cvae.py[line:169] - INFO: ----------------------------No.28 epoch----------------------------
2022-04-25 11:37:53,109 - pytorch_cvae.py[line:170] - INFO: loss:16.24811177700758, numeric_loss:14.071276415139437, categorical_loss:0.037074005413160194, kld_loss:38.410769529640675, epoch_train_time:2.3379646204411983
2022-04-25 11:37:55,411 - pytorch_cvae.py[line:169] - INFO: ----------------------------No.29 epoch----------------------------
2022-04-25 11:37:55,411 - pytorch_cvae.py[line:170] - INFO: loss:16.389157973229885, numeric_loss:14.68230526521802, categorical_loss:0.03672620949510019, kld_loss:27.883718192577362, epoch_train_time:2.302175134420395
2022-04-25 11:37:57,768 - pytorch_cvae.py[line:169] - INFO: ----------------------------No.30 epoch----------------------------
2022-04-25 11:37:57,768 - pytorch_cvae.py[line:170] - INFO: loss:16.463758252561092, numeric_loss:15.209616489708424, categorical_loss:0.036774301683180965, kld_loss:18.922170780599117, epoch_train_time:2.3571868129074574
2022-04-25 11:38:00,106 - pytorch_cvae.py[line:169] - INFO: ----------------------------No.31 epoch----------------------------
2022-04-25 11:38:00,106 - pytorch_cvae.py[line:170] - INFO: loss:16.529835999011993, numeric_loss:15.755958918482065, categorical_loss:0.03665725306200329, kld_loss:10.678949633613229, epoch_train_time:2.3376080989837646
2022-04-25 11:38:02,408 - pytorch_cvae.py[line:169] - INFO: ----------------------------No.32 epoch----------------------------
2022-04-25 11:38:02,409 - pytorch_cvae.py[line:170] - INFO: loss:16.524047799408436, numeric_loss:16.14827912673354, categorical_loss:0.036733046028530225, kld_loss:4.581348665989935, epoch_train_time:2.3022946566343307
2022-04-25 11:38:04,732 - pytorch_cvae.py[line:169] - INFO: ----------------------------No.33 epoch----------------------------
2022-04-25 11:38:04,732 - pytorch_cvae.py[line:170] - INFO: loss:16.520084086805582, numeric_loss:16.380019053816795, categorical_loss:0.037298974115401506, kld_loss:1.2967262531165034, epoch_train_time:2.3236282244324684
2022-04-25 11:38:07,054 - pytorch_cvae.py[line:169] - INFO: ----------------------------No.34 epoch----------------------------
2022-04-25 11:38:07,055 - pytorch_cvae.py[line:170] - INFO: loss:16.510889314115047, numeric_loss:16.443503104150295, categorical_loss:0.03743268788821297, kld_loss:0.3532909229397774, epoch_train_time:2.321939144283533
2022-04-25 11:38:09,427 - pytorch_cvae.py[line:169] - INFO: ----------------------------No.35 epoch----------------------------
2022-04-25 11:38:09,427 - pytorch_cvae.py[line:170] - INFO: loss:16.511604856699705, numeric_loss:16.455502901226282, categorical_loss:0.03760837123991223, kld_loss:0.20409145718440413, epoch_train_time:2.3720864057540894
2022-04-25 11:38:11,764 - pytorch_cvae.py[line:169] - INFO: ----------------------------No.36 epoch----------------------------
2022-04-25 11:38:11,764 - pytorch_cvae.py[line:170] - INFO: loss:16.50631021335721, numeric_loss:16.454451322555542, categorical_loss:0.037528786138864234, kld_loss:0.14811765926424414, epoch_train_time:2.3372522555291653
2022-04-25 11:38:14,114 - pytorch_cvae.py[line:169] - INFO: ----------------------------No.37 epoch----------------------------
2022-04-25 11:38:14,115 - pytorch_cvae.py[line:170] - INFO: loss:16.504780273884535, numeric_loss:16.457356177270412, categorical_loss:0.03733473226020578, kld_loss:0.09777091309661046, epoch_train_time:2.3501996509730816
2022-04-25 11:38:16,418 - pytorch_cvae.py[line:169] - INFO: ----------------------------No.38 epoch----------------------------
2022-04-25 11:38:16,419 - pytorch_cvae.py[line:170] - INFO: loss:16.498445842415094, numeric_loss:16.45229334756732, categorical_loss:0.03730095972423442, kld_loss:0.08049783311435021, epoch_train_time:2.303712859749794
2022-04-25 11:38:18,739 - pytorch_cvae.py[line:169] - INFO: ----------------------------No.39 epoch----------------------------
2022-04-25 11:38:18,739 - pytorch_cvae.py[line:170] - INFO: loss:16.496834710240364, numeric_loss:16.451769538223743, categorical_loss:0.03729884833592223, kld_loss:0.06634945829864591, epoch_train_time:2.3205688670277596
2022-04-25 11:38:21,089 - pytorch_cvae.py[line:169] - INFO: ----------------------------No.40 epoch----------------------------
2022-04-25 11:38:21,089 - pytorch_cvae.py[line:170] - INFO: loss:16.496480740606785, numeric_loss:16.45265431702137, categorical_loss:0.037379025932750665, kld_loss:0.05179594032233581, epoch_train_time:2.349858906120062
2022-04-25 11:38:23,316 - pytorch_cvae.py[line:169] - INFO: ----------------------------No.41 epoch----------------------------
2022-04-25 11:38:23,316 - pytorch_cvae.py[line:170] - INFO: loss:16.49370362982154, numeric_loss:16.45205068960786, categorical_loss:0.03738739967229776, kld_loss:0.032256284343020525, epoch_train_time:2.2263227961957455
2022-04-25 11:38:25,712 - pytorch_cvae.py[line:169] - INFO: ----------------------------No.42 epoch----------------------------
2022-04-25 11:38:25,713 - pytorch_cvae.py[line:170] - INFO: loss:16.490209065377712, numeric_loss:16.448660347610712, categorical_loss:0.03739233739906922, kld_loss:0.02961539745592745, epoch_train_time:2.396498706191778
2022-04-25 11:38:27,936 - pytorch_cvae.py[line:169] - INFO: ----------------------------No.43 epoch----------------------------
2022-04-25 11:38:27,936 - pytorch_cvae.py[line:170] - INFO: loss:16.49094645678997, numeric_loss:16.44978864118457, categorical_loss:0.03736399063200224, kld_loss:0.02549608268600423, epoch_train_time:2.2237385660409927
2022-04-25 11:38:30,338 - pytorch_cvae.py[line:169] - INFO: ----------------------------No.44 epoch----------------------------
2022-04-25 11:38:30,338 - pytorch_cvae.py[line:170] - INFO: loss:16.48904025554657, numeric_loss:16.447933305054903, categorical_loss:0.037413282618217636, kld_loss:0.023435783718014136, epoch_train_time:2.401616059243679
2022-04-25 11:38:32,582 - pytorch_cvae.py[line:169] - INFO: ----------------------------No.45 epoch----------------------------
2022-04-25 11:38:32,582 - pytorch_cvae.py[line:170] - INFO: loss:16.486208129674196, numeric_loss:16.445202749222517, categorical_loss:0.03748881669162074, kld_loss:0.021086480679514352, epoch_train_time:2.243401873856783
2022-04-25 11:38:34,956 - pytorch_cvae.py[line:169] - INFO: ----------------------------No.46 epoch----------------------------
2022-04-25 11:38:34,956 - pytorch_cvae.py[line:170] - INFO: loss:16.485310211777687, numeric_loss:16.44452864676714, categorical_loss:0.03752037131198449, kld_loss:0.01849964022039785, epoch_train_time:2.3743287846446037
2022-04-25 11:38:37,199 - pytorch_cvae.py[line:169] - INFO: ----------------------------No.47 epoch----------------------------
2022-04-25 11:38:37,200 - pytorch_cvae.py[line:170] - INFO: loss:16.484831411391497, numeric_loss:16.44419403746724, categorical_loss:0.037412837555166334, kld_loss:0.01732123787223827, epoch_train_time:2.2431062422692776
2022-04-25 11:38:39,618 - pytorch_cvae.py[line:169] - INFO: ----------------------------No.48 epoch----------------------------
2022-04-25 11:38:39,619 - pytorch_cvae.py[line:170] - INFO: loss:16.484384819865227, numeric_loss:16.444818634539843, categorical_loss:0.03732720368861919, kld_loss:0.011400769479223527, epoch_train_time:2.4187745340168476
2022-04-25 11:38:41,843 - pytorch_cvae.py[line:169] - INFO: ----------------------------No.49 epoch----------------------------
2022-04-25 11:38:41,843 - pytorch_cvae.py[line:170] - INFO: loss:16.483092088252306, numeric_loss:16.444208703935146, categorical_loss:0.03726012344122864, kld_loss:0.007842733673896873, epoch_train_time:2.2245340570807457
2022-04-25 11:38:44,180 - pytorch_cvae.py[line:169] - INFO: ----------------------------No.50 epoch----------------------------
2022-04-25 11:38:44,180 - pytorch_cvae.py[line:170] - INFO: loss:16.47897469252348, numeric_loss:16.439910151064396, categorical_loss:0.03720866944786394, kld_loss:0.008516474725183798, epoch_train_time:2.336810428649187
2022-04-25 11:38:46,549 - pytorch_cvae.py[line:169] - INFO: ----------------------------No.51 epoch----------------------------
2022-04-25 11:38:46,549 - pytorch_cvae.py[line:170] - INFO: loss:16.479583889245987, numeric_loss:16.440728724002838, categorical_loss:0.037169072522374336, kld_loss:0.007356436562986346, epoch_train_time:2.3688311241567135
2022-04-25 11:38:48,911 - pytorch_cvae.py[line:169] - INFO: ----------------------------No.52 epoch----------------------------
2022-04-25 11:38:48,911 - pytorch_cvae.py[line:170] - INFO: loss:16.476259846240282, numeric_loss:16.43733913078904, categorical_loss:0.037132136239961255, kld_loss:0.007426670001223101, epoch_train_time:2.3618100248277187
2022-04-25 11:38:51,313 - pytorch_cvae.py[line:169] - INFO: ----------------------------No.53 epoch----------------------------
2022-04-25 11:38:51,313 - pytorch_cvae.py[line:170] - INFO: loss:16.478346947580576, numeric_loss:16.44003191962838, categorical_loss:0.037091678561409935, kld_loss:0.0048390670053777285, epoch_train_time:2.4015956856310368
2022-04-25 11:38:53,646 - pytorch_cvae.py[line:169] - INFO: ----------------------------No.54 epoch----------------------------
2022-04-25 11:38:53,646 - pytorch_cvae.py[line:170] - INFO: loss:16.476101007312536, numeric_loss:16.43798703327775, categorical_loss:0.03696960437082453, kld_loss:0.00431660518006538, epoch_train_time:2.3326558880507946
2022-04-25 11:38:55,970 - pytorch_cvae.py[line:169] - INFO: ----------------------------No.55 epoch----------------------------
2022-04-25 11:38:55,970 - pytorch_cvae.py[line:170] - INFO: loss:16.476288627833128, numeric_loss:16.438302014023066, categorical_loss:0.03696815441799117, kld_loss:0.003667248005513102, epoch_train_time:2.324169386178255
2022-04-25 11:38:58,257 - pytorch_cvae.py[line:169] - INFO: ----------------------------No.56 epoch----------------------------
2022-04-25 11:38:58,257 - pytorch_cvae.py[line:170] - INFO: loss:16.47310519590974, numeric_loss:16.434771366417408, categorical_loss:0.03697369610745227, kld_loss:0.004679601858697424, epoch_train_time:2.286624003201723
2022-04-25 11:39:00,647 - pytorch_cvae.py[line:169] - INFO: ----------------------------No.57 epoch----------------------------
2022-04-25 11:39:00,647 - pytorch_cvae.py[line:170] - INFO: loss:16.47308522462845, numeric_loss:16.435070034116507, categorical_loss:0.03683108595578233, kld_loss:0.00389675211681606, epoch_train_time:2.3894934579730034
2022-04-25 11:39:03,015 - pytorch_cvae.py[line:169] - INFO: ----------------------------No.58 epoch----------------------------
2022-04-25 11:39:03,015 - pytorch_cvae.py[line:170] - INFO: loss:16.472283571958542, numeric_loss:16.434447538107634, categorical_loss:0.036682520832982846, kld_loss:0.003634541722931317, epoch_train_time:2.367618516087532
2022-04-25 11:39:05,353 - pytorch_cvae.py[line:169] - INFO: ----------------------------No.59 epoch----------------------------
2022-04-25 11:39:05,353 - pytorch_cvae.py[line:170] - INFO: loss:16.471180476248264, numeric_loss:16.43351712822914, categorical_loss:0.036623428626626264, kld_loss:0.0031402766089740908, epoch_train_time:2.338431552052498
2022-04-25 11:39:07,656 - pytorch_cvae.py[line:169] - INFO: ----------------------------No.60 epoch----------------------------
2022-04-25 11:39:07,657 - pytorch_cvae.py[line:170] - INFO: loss:16.471061516553164, numeric_loss:16.43368438258767, categorical_loss:0.03658359691326041, kld_loss:0.0022988180298852967, epoch_train_time:2.302957348525524
2022-04-25 11:39:09,962 - pytorch_cvae.py[line:169] - INFO: ----------------------------No.61 epoch----------------------------
2022-04-25 11:39:09,963 - pytorch_cvae.py[line:170] - INFO: loss:16.4691565297544, numeric_loss:16.431755732744932, categorical_loss:0.03649800464336295, kld_loss:0.0025114003478847735, epoch_train_time:2.3057314082980156
2022-04-25 11:39:12,302 - pytorch_cvae.py[line:169] - INFO: ----------------------------No.62 epoch----------------------------
2022-04-25 11:39:12,303 - pytorch_cvae.py[line:170] - INFO: loss:16.46881638094783, numeric_loss:16.431633226573467, categorical_loss:0.03649381426657783, kld_loss:0.0018434102980791067, epoch_train_time:2.3399377837777138
2022-04-25 11:39:14,607 - pytorch_cvae.py[line:169] - INFO: ----------------------------No.63 epoch----------------------------
2022-04-25 11:39:14,607 - pytorch_cvae.py[line:170] - INFO: loss:16.468928907066584, numeric_loss:16.431959334760904, categorical_loss:0.03634080118354177, kld_loss:0.0016180304846784566, epoch_train_time:2.304328568279743
2022-04-25 11:39:16,910 - pytorch_cvae.py[line:169] - INFO: ----------------------------No.64 epoch----------------------------
2022-04-25 11:39:16,910 - pytorch_cvae.py[line:170] - INFO: loss:16.467666320502758, numeric_loss:16.430612362921238, categorical_loss:0.03630152245750651, kld_loss:0.001864728117652703, epoch_train_time:2.302988264709711
2022-04-25 11:39:19,195 - pytorch_cvae.py[line:169] - INFO: ----------------------------No.65 epoch----------------------------
2022-04-25 11:39:19,195 - pytorch_cvae.py[line:170] - INFO: loss:16.468167070299387, numeric_loss:16.431200046092272, categorical_loss:0.03623572657670593, kld_loss:0.0017476094894846028, epoch_train_time:2.2842617742717266
2022-04-25 11:39:21,495 - pytorch_cvae.py[line:169] - INFO: ----------------------------No.66 epoch----------------------------
2022-04-25 11:39:21,495 - pytorch_cvae.py[line:170] - INFO: loss:16.46572133153677, numeric_loss:16.42899328842759, categorical_loss:0.03614501345145982, kld_loss:0.0013447234746308823, epoch_train_time:2.3003909662365913
2022-04-25 11:39:23,802 - pytorch_cvae.py[line:169] - INFO: ----------------------------No.67 epoch----------------------------
2022-04-25 11:39:23,802 - pytorch_cvae.py[line:170] - INFO: loss:16.466413978487253, numeric_loss:16.429804857820272, categorical_loss:0.03607957112399163, kld_loss:0.00117977976151451, epoch_train_time:2.30624757707119
2022-04-25 11:39:26,123 - pytorch_cvae.py[line:169] - INFO: ----------------------------No.68 epoch----------------------------
2022-04-25 11:39:26,123 - pytorch_cvae.py[line:170] - INFO: loss:16.464396119117737, numeric_loss:16.427647821605206, categorical_loss:0.036084017709072214, kld_loss:0.0014313139795376628, epoch_train_time:2.320771671831608
2022-04-25 11:39:28,461 - pytorch_cvae.py[line:169] - INFO: ----------------------------No.69 epoch----------------------------
2022-04-25 11:39:28,461 - pytorch_cvae.py[line:170] - INFO: loss:16.461402881890535, numeric_loss:16.42487310245633, categorical_loss:0.036012192198541015, kld_loss:0.0010795075531859766, epoch_train_time:2.3378468230366707
2022-04-25 11:39:30,740 - pytorch_cvae.py[line:169] - INFO: ----------------------------No.70 epoch----------------------------
2022-04-25 11:39:30,740 - pytorch_cvae.py[line:170] - INFO: loss:16.463934797793627, numeric_loss:16.427548188716173, categorical_loss:0.035894460255804006, kld_loss:0.000994655408703693, epoch_train_time:2.279112946242094
2022-04-25 11:39:33,141 - pytorch_cvae.py[line:169] - INFO: ----------------------------No.71 epoch----------------------------
2022-04-25 11:39:33,141 - pytorch_cvae.py[line:170] - INFO: loss:16.462578784674406, numeric_loss:16.426323302090168, categorical_loss:0.03579001584876096, kld_loss:0.0009124499365498195, epoch_train_time:2.4005851335823536
2022-04-25 11:39:35,367 - pytorch_cvae.py[line:169] - INFO: ----------------------------No.72 epoch----------------------------
2022-04-25 11:39:35,367 - pytorch_cvae.py[line:170] - INFO: loss:16.462572786957026, numeric_loss:16.426350817084312, categorical_loss:0.035765207539952826, kld_loss:0.00086941651898087, epoch_train_time:2.2259465605020523
2022-04-25 11:39:37,761 - pytorch_cvae.py[line:169] - INFO: ----------------------------No.73 epoch----------------------------
2022-04-25 11:39:37,761 - pytorch_cvae.py[line:170] - INFO: loss:16.46199358254671, numeric_loss:16.42579982802272, categorical_loss:0.0357151824500761, kld_loss:0.0008852734010815766, epoch_train_time:2.3941397331655025
2022-04-25 11:39:40,015 - pytorch_cvae.py[line:169] - INFO: ----------------------------No.74 epoch----------------------------
2022-04-25 11:39:40,016 - pytorch_cvae.py[line:170] - INFO: loss:16.45933286100626, numeric_loss:16.423207003623247, categorical_loss:0.03562943733413704, kld_loss:0.0008934362181207689, epoch_train_time:2.2540768049657345
2022-04-25 11:39:42,404 - pytorch_cvae.py[line:169] - INFO: ----------------------------No.75 epoch----------------------------
2022-04-25 11:39:42,405 - pytorch_cvae.py[line:170] - INFO: loss:16.459996532648802, numeric_loss:16.42401124536991, categorical_loss:0.035586333549872506, kld_loss:0.0006991697384819417, epoch_train_time:2.388667181134224
2022-04-25 11:39:44,631 - pytorch_cvae.py[line:169] - INFO: ----------------------------No.76 epoch----------------------------
2022-04-25 11:39:44,631 - pytorch_cvae.py[line:170] - INFO: loss:16.45924538373947, numeric_loss:16.423360530287027, categorical_loss:0.03543299875309458, kld_loss:0.0007720359772065422, epoch_train_time:2.2259232103824615
2022-04-25 11:39:47,065 - pytorch_cvae.py[line:169] - INFO: ----------------------------No.77 epoch----------------------------
2022-04-25 11:39:47,066 - pytorch_cvae.py[line:170] - INFO: loss:16.45912243425846, numeric_loss:16.42325522005558, categorical_loss:0.035372600505070295, kld_loss:0.00082470291295067, epoch_train_time:2.4347404688596725
2022-04-25 11:39:49,327 - pytorch_cvae.py[line:169] - INFO: ----------------------------No.78 epoch----------------------------
2022-04-25 11:39:49,327 - pytorch_cvae.py[line:170] - INFO: loss:16.45761152729392, numeric_loss:16.421809893101454, categorical_loss:0.03535245406237664, kld_loss:0.0007314338786272856, epoch_train_time:2.2614110931754112
2022-04-25 11:39:51,649 - pytorch_cvae.py[line:169] - INFO: ----------------------------No.79 epoch----------------------------
2022-04-25 11:39:51,649 - pytorch_cvae.py[line:170] - INFO: loss:16.457499630749226, numeric_loss:16.421738129109144, categorical_loss:0.03529210730630439, kld_loss:0.00074737671479852, epoch_train_time:2.322085816413164
2022-04-25 11:39:53,973 - pytorch_cvae.py[line:169] - INFO: ----------------------------No.80 epoch----------------------------
2022-04-25 11:39:53,973 - pytorch_cvae.py[line:170] - INFO: loss:16.457908481359482, numeric_loss:16.42243667319417, categorical_loss:0.035153370743501, kld_loss:0.0004962196087490156, epoch_train_time:2.323155213147402
2022-04-25 11:39:56,295 - pytorch_cvae.py[line:169] - INFO: ----------------------------No.81 epoch----------------------------
2022-04-25 11:39:56,295 - pytorch_cvae.py[line:170] - INFO: loss:16.454484846442938, numeric_loss:16.419037863612175, categorical_loss:0.03508183987287339, kld_loss:0.0005575402510658023, epoch_train_time:2.3224743269383907
2022-04-25 11:39:58,581 - pytorch_cvae.py[line:169] - INFO: ----------------------------No.82 epoch----------------------------
2022-04-25 11:39:58,581 - pytorch_cvae.py[line:170] - INFO: loss:16.455877885222435, numeric_loss:16.420612834393978, categorical_loss:0.03497603811410954, kld_loss:0.0004326235371081566, epoch_train_time:2.2850605621933937
2022-04-25 11:40:00,923 - pytorch_cvae.py[line:169] - INFO: ----------------------------No.83 epoch----------------------------
2022-04-25 11:40:00,923 - pytorch_cvae.py[line:170] - INFO: loss:16.45606016367674, numeric_loss:16.420876432210207, categorical_loss:0.03488122460839804, kld_loss:0.0004447077798204191, epoch_train_time:2.3417888320982456
2022-04-25 11:40:03,267 - pytorch_cvae.py[line:169] - INFO: ----------------------------No.84 epoch----------------------------
2022-04-25 11:40:03,267 - pytorch_cvae.py[line:170] - INFO: loss:16.45489925891161, numeric_loss:16.419918220490217, categorical_loss:0.03473687037330819, kld_loss:0.0003526217262788123, epoch_train_time:2.344139911234379
2022-04-25 11:40:05,672 - pytorch_cvae.py[line:169] - INFO: ----------------------------No.85 epoch----------------------------
2022-04-25 11:40:05,672 - pytorch_cvae.py[line:170] - INFO: loss:16.455625612288713, numeric_loss:16.420610956847668, categorical_loss:0.03470040726097068, kld_loss:0.00044646703133821575, epoch_train_time:2.405079238116741
2022-04-25 11:40:07,990 - pytorch_cvae.py[line:169] - INFO: ----------------------------No.86 epoch----------------------------
2022-04-25 11:40:07,990 - pytorch_cvae.py[line:170] - INFO: loss:16.454528331756592, numeric_loss:16.41967188194394, categorical_loss:0.03453962216008222, kld_loss:0.00044321313100681436, epoch_train_time:2.3174526393413544
2022-04-25 11:40:10,311 - pytorch_cvae.py[line:169] - INFO: ----------------------------No.87 epoch----------------------------
2022-04-25 11:40:10,311 - pytorch_cvae.py[line:170] - INFO: loss:16.452893681824207, numeric_loss:16.418132457882166, categorical_loss:0.03450197325582849, kld_loss:0.00035739470001772133, epoch_train_time:2.320886667817831
2022-04-25 11:40:12,614 - pytorch_cvae.py[line:169] - INFO: ----------------------------No.88 epoch----------------------------
2022-04-25 11:40:12,614 - pytorch_cvae.py[line:170] - INFO: loss:16.453347075730562, numeric_loss:16.418609723448753, categorical_loss:0.034479604750231374, kld_loss:0.00035062345159531105, epoch_train_time:2.3031842969357967
2022-04-25 11:40:14,933 - pytorch_cvae.py[line:169] - INFO: ----------------------------No.89 epoch----------------------------
2022-04-25 11:40:14,933 - pytorch_cvae.py[line:170] - INFO: loss:16.45264719426632, numeric_loss:16.418091848492622, categorical_loss:0.034319535123358946, kld_loss:0.0003168071083337054, epoch_train_time:2.318214349448681
2022-04-25 11:40:17,252 - pytorch_cvae.py[line:169] - INFO: ----------------------------No.90 epoch----------------------------
2022-04-25 11:40:17,252 - pytorch_cvae.py[line:170] - INFO: loss:16.45361290872097, numeric_loss:16.41911819204688, categorical_loss:0.034214270061056595, kld_loss:0.0003724240551150615, epoch_train_time:2.3193040154874325
2022-04-25 11:40:19,578 - pytorch_cvae.py[line:169] - INFO: ----------------------------No.91 epoch----------------------------
2022-04-25 11:40:19,578 - pytorch_cvae.py[line:170] - INFO: loss:16.4530685916543, numeric_loss:16.418562352657318, categorical_loss:0.03421830887236865, kld_loss:0.0003784051983188874, epoch_train_time:2.3253175504505634
2022-04-25 11:40:21,946 - pytorch_cvae.py[line:169] - INFO: ----------------------------No.92 epoch----------------------------
2022-04-25 11:40:21,946 - pytorch_cvae.py[line:170] - INFO: loss:16.452721294015646, numeric_loss:16.41833183169365, categorical_loss:0.03408429232513299, kld_loss:0.00039720434256196313, epoch_train_time:2.3684180937707424
2022-04-25 11:40:24,232 - pytorch_cvae.py[line:169] - INFO: ----------------------------No.93 epoch----------------------------
2022-04-25 11:40:24,233 - pytorch_cvae.py[line:170] - INFO: loss:16.45278601720929, numeric_loss:16.41843819990754, categorical_loss:0.034117733252060134, kld_loss:0.0002969918591588794, epoch_train_time:2.2859426625072956
2022-04-25 11:40:26,551 - pytorch_cvae.py[line:169] - INFO: ----------------------------No.94 epoch----------------------------
2022-04-25 11:40:26,551 - pytorch_cvae.py[line:170] - INFO: loss:16.454539809376, numeric_loss:16.420251552015543, categorical_loss:0.03407475588755915, kld_loss:0.00027353554628462007, epoch_train_time:2.318400587886572
2022-04-25 11:40:28,871 - pytorch_cvae.py[line:169] - INFO: ----------------------------No.95 epoch----------------------------
2022-04-25 11:40:28,871 - pytorch_cvae.py[line:170] - INFO: loss:16.451849333941936, numeric_loss:16.41751991584897, categorical_loss:0.03407931181573076, kld_loss:0.0003183285832619731, epoch_train_time:2.3200018256902695
2022-04-25 11:40:31,191 - pytorch_cvae.py[line:169] - INFO: ----------------------------No.96 epoch----------------------------
2022-04-25 11:40:31,191 - pytorch_cvae.py[line:170] - INFO: loss:16.451246608048677, numeric_loss:16.416933063417673, categorical_loss:0.03399701346643269, kld_loss:0.00040063680324919915, epoch_train_time:2.3192462362349033
2022-04-25 11:40:33,490 - pytorch_cvae.py[line:169] - INFO: ----------------------------No.97 epoch----------------------------
2022-04-25 11:40:33,490 - pytorch_cvae.py[line:170] - INFO: loss:16.451124396175146, numeric_loss:16.41695874929428, categorical_loss:0.033966456379857846, kld_loss:0.00025095624630466773, epoch_train_time:2.2992984019219875
2022-04-25 11:40:35,829 - pytorch_cvae.py[line:169] - INFO: ----------------------------No.98 epoch----------------------------
2022-04-25 11:40:35,829 - pytorch_cvae.py[line:170] - INFO: loss:16.451060477644205, numeric_loss:16.41694251075387, categorical_loss:0.033909837002283894, kld_loss:0.00026134603405125745, epoch_train_time:2.3385521322488785
2022-04-25 11:40:38,089 - pytorch_cvae.py[line:169] - INFO: ----------------------------No.99 epoch----------------------------
2022-04-25 11:40:38,089 - pytorch_cvae.py[line:170] - INFO: loss:16.450989056378603, numeric_loss:16.41692116484046, categorical_loss:0.03387116584053729, kld_loss:0.0002464313874952495, epoch_train_time:2.2599062509834766
2022-04-25 11:40:40,467 - pytorch_cvae.py[line:169] - INFO: ----------------------------No.100 epoch----------------------------
2022-04-25 11:40:40,467 - pytorch_cvae.py[line:170] - INFO: loss:16.448928393423557, numeric_loss:16.41487605497241, categorical_loss:0.033895279208081774, kld_loss:0.00019643098420374372, epoch_train_time:2.377435617148876
2022-04-25 11:40:40,467 - pytorch_cvae.py[line:185] - INFO: training time elapsed:232.71465681120753
2022-04-25 11:40:40,468 - model_utils.py[line:61] - INFO: save model successfully
2022-04-25 11:40:40,541 - pytorch_cvae.py[line:260] - INFO: train model time elapsed:235.0552933998406
2022-04-25 11:40:40,541 - pytorch_cvae.py[line:241] - INFO: epoch:100
2022-04-25 11:40:40,541 - pytorch_cvae.py[line:242] - INFO: batch size:512
2022-04-25 11:40:40,541 - pytorch_cvae.py[line:243] - INFO: latent dimension:50
2022-04-25 11:40:40,541 - pytorch_cvae.py[line:244] - INFO: intermediate dimension:100
2022-04-25 11:40:40,541 - pytorch_cvae.py[line:245] - INFO: gpu num:0
2022-04-25 11:40:40,541 - dataset_utils.py[line:288] - INFO: loading data:/root/lihan/train_dataset/census/adult.csv
2022-04-25 11:40:40,713 - dataset_utils.py[line:307] - INFO: data total rows:150000
2022-04-25 11:40:40,713 - dataset_utils.py[line:343] - INFO: load data time elapsed:0.17123471945524216
2022-04-25 11:40:40,725 - dataset_utils.py[line:41] - INFO: encode categorical columns time elapsed:0.01006990671157837
2022-04-25 11:40:40,725 - dataset_utils.py[line:54] - INFO: encode numeric columnstime elapsed:5.960464477539062e-07
2022-04-25 11:40:40,726 - dataset_utils.py[line:103] - INFO: data shape:(150000, 5)
2022-04-25 11:40:40,726 - dataset_utils.py[line:132] - INFO: feature info:[('education_num', 'categorical', 5)]
2022-04-25 11:40:40,726 - dataset_utils.py[line:133] - INFO: output info list:[(5, 'sigmoid')]
2022-04-25 11:40:40,728 - dataset_utils.py[line:136] - INFO: load data successfully
2022-04-25 11:40:40,728 - pytorch_cvae.py[line:250] - INFO: feature info:[('education_num', 'categorical', 5)]
2022-04-25 11:40:42,737 - pytorch_cvae.py[line:169] - INFO: ----------------------------No.1 epoch----------------------------
2022-04-25 11:40:42,737 - pytorch_cvae.py[line:170] - INFO: loss:50.91204075142741, numeric_loss:0.0, categorical_loss:37.4569055698812, kld_loss:2496.148854315281, epoch_train_time:2.008055705577135
2022-04-25 11:40:44,878 - pytorch_cvae.py[line:169] - INFO: ----------------------------No.2 epoch----------------------------
2022-04-25 11:40:44,878 - pytorch_cvae.py[line:170] - INFO: loss:16.21014581248164, numeric_loss:0.0, categorical_loss:4.321243072859943, kld_loss:1996.695809841156, epoch_train_time:2.140933234244585
2022-04-25 11:40:46,884 - pytorch_cvae.py[line:169] - INFO: ----------------------------No.3 epoch----------------------------
2022-04-25 11:40:46,884 - pytorch_cvae.py[line:170] - INFO: loss:13.968144252896309, numeric_loss:0.0, categorical_loss:3.4303764230571687, kld_loss:1603.7650022506714, epoch_train_time:2.005188439041376
2022-04-25 11:40:49,041 - pytorch_cvae.py[line:169] - INFO: ----------------------------No.4 epoch----------------------------
2022-04-25 11:40:49,041 - pytorch_cvae.py[line:170] - INFO: loss:10.352811491116881, numeric_loss:0.0, categorical_loss:2.612131444271654, kld_loss:1068.6303856372833, epoch_train_time:2.156911715865135
2022-04-25 11:40:51,026 - pytorch_cvae.py[line:169] - INFO: ----------------------------No.5 epoch----------------------------
2022-04-25 11:40:51,027 - pytorch_cvae.py[line:170] - INFO: loss:5.066182526294142, numeric_loss:0.0, categorical_loss:1.6170807478483766, kld_loss:432.3594905734062, epoch_train_time:1.9853683300316334
2022-04-25 11:40:53,110 - pytorch_cvae.py[line:169] - INFO: ----------------------------No.6 epoch----------------------------
2022-04-25 11:40:53,110 - pytorch_cvae.py[line:170] - INFO: loss:1.6368186748586595, numeric_loss:0.0, categorical_loss:0.7223691795952618, kld_loss:104.18940976262093, epoch_train_time:2.083675939589739
2022-04-25 11:40:55,190 - pytorch_cvae.py[line:169] - INFO: ----------------------------No.7 epoch----------------------------
2022-04-25 11:40:55,190 - pytorch_cvae.py[line:170] - INFO: loss:0.9229606287553906, numeric_loss:0.0, categorical_loss:0.4428224650910124, kld_loss:49.77247852832079, epoch_train_time:2.079251553863287
2022-04-25 11:40:57,251 - pytorch_cvae.py[line:169] - INFO: ----------------------------No.8 epoch----------------------------
2022-04-25 11:40:57,251 - pytorch_cvae.py[line:170] - INFO: loss:0.5428442573756911, numeric_loss:0.0, categorical_loss:0.3085215963656083, kld_loss:22.122326411306858, epoch_train_time:2.061259862035513
2022-04-25 11:40:59,343 - pytorch_cvae.py[line:169] - INFO: ----------------------------No.9 epoch----------------------------
2022-04-25 11:40:59,343 - pytorch_cvae.py[line:170] - INFO: loss:0.3072493480867706, numeric_loss:0.0, categorical_loss:0.21333576619508676, kld_loss:8.083001947030425, epoch_train_time:2.091817796230316
2022-04-25 11:41:01,402 - pytorch_cvae.py[line:169] - INFO: ----------------------------No.10 epoch----------------------------
2022-04-25 11:41:01,402 - pytorch_cvae.py[line:170] - INFO: loss:0.1769566699222196, numeric_loss:0.0, categorical_loss:0.1415089606307447, kld_loss:2.78416197700426, epoch_train_time:2.0585664622485638
2022-04-25 11:41:03,458 - pytorch_cvae.py[line:169] - INFO: ----------------------------No.11 epoch----------------------------
2022-04-25 11:41:03,458 - pytorch_cvae.py[line:170] - INFO: loss:0.11532559859915636, numeric_loss:0.0, categorical_loss:0.09956517191312741, kld_loss:1.1307604958419688, epoch_train_time:2.056153040379286
2022-04-25 11:41:05,510 - pytorch_cvae.py[line:169] - INFO: ----------------------------No.12 epoch----------------------------
2022-04-25 11:41:05,510 - pytorch_cvae.py[line:170] - INFO: loss:0.08166784807690419, numeric_loss:0.0, categorical_loss:0.07372975544421934, kld_loss:0.5207742059137672, epoch_train_time:2.0516814552247524
2022-04-25 11:41:07,614 - pytorch_cvae.py[line:169] - INFO: ----------------------------No.13 epoch----------------------------
2022-04-25 11:41:07,614 - pytorch_cvae.py[line:170] - INFO: loss:0.06408210427616723, numeric_loss:0.0, categorical_loss:0.05949957962729968, kld_loss:0.27517126902239397, epoch_train_time:2.103826902806759
2022-04-25 11:41:09,736 - pytorch_cvae.py[line:169] - INFO: ----------------------------No.14 epoch----------------------------
2022-04-25 11:41:09,736 - pytorch_cvae.py[line:170] - INFO: loss:0.05259211317024892, numeric_loss:0.0, categorical_loss:0.0498511979894829, kld_loss:0.15079713045270182, epoch_train_time:2.1217914298176765
2022-04-25 11:41:11,793 - pytorch_cvae.py[line:169] - INFO: ----------------------------No.15 epoch----------------------------
2022-04-25 11:41:11,793 - pytorch_cvae.py[line:170] - INFO: loss:0.0457086331298342, numeric_loss:0.0, categorical_loss:0.0441179263725644, kld_loss:0.08026406686985865, epoch_train_time:2.0568434558808804
2022-04-25 11:41:13,846 - pytorch_cvae.py[line:169] - INFO: ----------------------------No.16 epoch----------------------------
2022-04-25 11:41:13,846 - pytorch_cvae.py[line:170] - INFO: loss:0.041303763835458085, numeric_loss:0.0, categorical_loss:0.04040768856793875, kld_loss:0.041509100774419494, epoch_train_time:2.052365906536579
2022-04-25 11:41:15,926 - pytorch_cvae.py[line:169] - INFO: ----------------------------No.17 epoch----------------------------
2022-04-25 11:41:15,926 - pytorch_cvae.py[line:170] - INFO: loss:0.03871812020224752, numeric_loss:0.0, categorical_loss:0.03823568952793721, kld_loss:0.020536947216896806, epoch_train_time:2.0801223888993263
2022-04-25 11:41:17,986 - pytorch_cvae.py[line:169] - INFO: ----------------------------No.18 epoch----------------------------
2022-04-25 11:41:17,986 - pytorch_cvae.py[line:170] - INFO: loss:0.03725512434175471, numeric_loss:0.0, categorical_loss:0.037001215598138515, kld_loss:0.009942949525793665, epoch_train_time:2.060009952634573
2022-04-25 11:41:20,069 - pytorch_cvae.py[line:169] - INFO: ----------------------------No.19 epoch----------------------------
2022-04-25 11:41:20,069 - pytorch_cvae.py[line:170] - INFO: loss:0.03631755372771295, numeric_loss:0.0, categorical_loss:0.03618413243384566, kld_loss:0.004810973619896686, epoch_train_time:2.082661770284176
2022-04-25 11:41:22,119 - pytorch_cvae.py[line:169] - INFO: ----------------------------No.20 epoch----------------------------
2022-04-25 11:41:22,119 - pytorch_cvae.py[line:170] - INFO: loss:0.0356888832320692, numeric_loss:0.0, categorical_loss:0.03561918524064822, kld_loss:0.0023165051411524473, epoch_train_time:2.049678824841976
2022-04-25 11:41:24,188 - pytorch_cvae.py[line:169] - INFO: ----------------------------No.21 epoch----------------------------
2022-04-25 11:41:24,188 - pytorch_cvae.py[line:170] - INFO: loss:0.03513281110645039, numeric_loss:0.0, categorical_loss:0.03509310733352322, kld_loss:0.001217542584072362, epoch_train_time:2.0691832415759563
2022-04-25 11:41:26,159 - pytorch_cvae.py[line:169] - INFO: ----------------------------No.22 epoch----------------------------
2022-04-25 11:41:26,160 - pytorch_cvae.py[line:170] - INFO: loss:0.034638336692296434, numeric_loss:0.0, categorical_loss:0.03461410523595987, kld_loss:0.0006862884956717608, epoch_train_time:1.970908746123314
2022-04-25 11:41:28,299 - pytorch_cvae.py[line:169] - INFO: ----------------------------No.23 epoch----------------------------
2022-04-25 11:41:28,299 - pytorch_cvae.py[line:170] - INFO: loss:0.03414109715959057, numeric_loss:0.0, categorical_loss:0.03412494073563721, kld_loss:0.00042303793520659383, epoch_train_time:2.139242209494114
2022-04-25 11:41:30,317 - pytorch_cvae.py[line:169] - INFO: ----------------------------No.24 epoch----------------------------
2022-04-25 11:41:30,318 - pytorch_cvae.py[line:170] - INFO: loss:0.03361117129679769, numeric_loss:0.0, categorical_loss:0.03359998185624136, kld_loss:0.0002711360650664574, epoch_train_time:2.018469113856554
2022-04-25 11:41:32,453 - pytorch_cvae.py[line:169] - INFO: ----------------------------No.25 epoch----------------------------
2022-04-25 11:41:32,454 - pytorch_cvae.py[line:170] - INFO: loss:0.033041108028555755, numeric_loss:0.0, categorical_loss:0.033033226543921046, kld_loss:0.0001769143723322486, epoch_train_time:2.135752372443676
2022-04-25 11:41:34,456 - pytorch_cvae.py[line:169] - INFO: ----------------------------No.26 epoch----------------------------
2022-04-25 11:41:34,456 - pytorch_cvae.py[line:170] - INFO: loss:0.03248808289208682, numeric_loss:0.0, categorical_loss:0.03248250130855013, kld_loss:0.00011617689196441461, epoch_train_time:2.001980222761631
2022-04-25 11:41:36,603 - pytorch_cvae.py[line:169] - INFO: ----------------------------No.27 epoch----------------------------
2022-04-25 11:41:36,603 - pytorch_cvae.py[line:170] - INFO: loss:0.0319643382972572, numeric_loss:0.0, categorical_loss:0.031960123364115134, kld_loss:8.143413239736219e-05, epoch_train_time:2.1474370919167995
2022-04-25 11:41:38,610 - pytorch_cvae.py[line:169] - INFO: ----------------------------No.28 epoch----------------------------
2022-04-25 11:41:38,610 - pytorch_cvae.py[line:170] - INFO: loss:0.0314674757028115, numeric_loss:0.0, categorical_loss:0.03146404843573691, kld_loss:6.152349223498277e-05, epoch_train_time:2.0069101713597775
2022-04-25 11:41:40,681 - pytorch_cvae.py[line:169] - INFO: ----------------------------No.29 epoch----------------------------
2022-04-25 11:41:40,682 - pytorch_cvae.py[line:170] - INFO: loss:0.031012394931167364, numeric_loss:0.0, categorical_loss:0.031009318699943833, kld_loss:5.1360376431830446e-05, epoch_train_time:2.0709007531404495
2022-04-25 11:41:42,743 - pytorch_cvae.py[line:169] - INFO: ----------------------------No.30 epoch----------------------------
2022-04-25 11:41:42,743 - pytorch_cvae.py[line:170] - INFO: loss:0.03062953316111816, numeric_loss:0.0, categorical_loss:0.0306268479253049, kld_loss:4.173695830900215e-05, epoch_train_time:2.06122662499547
2022-04-25 11:41:44,787 - pytorch_cvae.py[line:169] - INFO: ----------------------------No.31 epoch----------------------------
2022-04-25 11:41:44,787 - pytorch_cvae.py[line:170] - INFO: loss:0.030292949406430125, numeric_loss:0.0, categorical_loss:0.030289971924503334, kld_loss:4.312880111001505e-05, epoch_train_time:2.044201646000147
2022-04-25 11:41:46,827 - pytorch_cvae.py[line:169] - INFO: ----------------------------No.32 epoch----------------------------
2022-04-25 11:41:46,828 - pytorch_cvae.py[line:170] - INFO: loss:0.03002125184139004, numeric_loss:0.0, categorical_loss:0.030018275559996255, kld_loss:4.021756748784355e-05, epoch_train_time:2.0399904511868954
2022-04-25 11:41:48,878 - pytorch_cvae.py[line:169] - INFO: ----------------------------No.33 epoch----------------------------
2022-04-25 11:41:48,878 - pytorch_cvae.py[line:170] - INFO: loss:0.02979768738441635, numeric_loss:0.0, categorical_loss:0.029794291469443124, kld_loss:4.285095154443752e-05, epoch_train_time:2.0506206303834915
2022-04-25 11:41:50,937 - pytorch_cvae.py[line:169] - INFO: ----------------------------No.34 epoch----------------------------
2022-04-25 11:41:50,937 - pytorch_cvae.py[line:170] - INFO: loss:0.02962537244457053, numeric_loss:0.0, categorical_loss:0.029621600959217176, kld_loss:4.4483430457376016e-05, epoch_train_time:2.058695673942566
2022-04-25 11:41:53,037 - pytorch_cvae.py[line:169] - INFO: ----------------------------No.35 epoch----------------------------
2022-04-25 11:41:53,038 - pytorch_cvae.py[line:170] - INFO: loss:0.029478450800525025, numeric_loss:0.0, categorical_loss:0.029474075774487574, kld_loss:4.8281619271506315e-05, epoch_train_time:2.100155286490917
2022-04-25 11:41:55,078 - pytorch_cvae.py[line:169] - INFO: ----------------------------No.36 epoch----------------------------
2022-04-25 11:41:55,078 - pytorch_cvae.py[line:170] - INFO: loss:0.029354635866184253, numeric_loss:0.0, categorical_loss:0.029349533273489214, kld_loss:5.274026977986068e-05, epoch_train_time:2.0405403710901737
2022-04-25 11:41:57,144 - pytorch_cvae.py[line:169] - INFO: ----------------------------No.37 epoch----------------------------
2022-04-25 11:41:57,145 - pytorch_cvae.py[line:170] - INFO: loss:0.029251350060803816, numeric_loss:0.0, categorical_loss:0.029244984943943564, kld_loss:6.168106787640681e-05, epoch_train_time:2.066108360886574
2022-04-25 11:41:59,184 - pytorch_cvae.py[line:169] - INFO: ----------------------------No.38 epoch----------------------------
2022-04-25 11:41:59,184 - pytorch_cvae.py[line:170] - INFO: loss:0.02916344609548105, numeric_loss:0.0, categorical_loss:0.029156726377550513, kld_loss:6.111080367077193e-05, epoch_train_time:2.039606526494026
2022-04-25 11:42:01,237 - pytorch_cvae.py[line:169] - INFO: ----------------------------No.39 epoch----------------------------
2022-04-25 11:42:01,237 - pytorch_cvae.py[line:170] - INFO: loss:0.029080954685923643, numeric_loss:0.0, categorical_loss:0.029072836536215618, kld_loss:6.935601271607084e-05, epoch_train_time:2.052919425070286
2022-04-25 11:42:03,338 - pytorch_cvae.py[line:169] - INFO: ----------------------------No.40 epoch----------------------------
2022-04-25 11:42:03,338 - pytorch_cvae.py[line:170] - INFO: loss:0.028988571786612738, numeric_loss:0.0, categorical_loss:0.028979540831642225, kld_loss:7.255202827138874e-05, epoch_train_time:2.1003064438700676
2022-04-25 11:42:05,439 - pytorch_cvae.py[line:169] - INFO: ----------------------------No.41 epoch----------------------------
2022-04-25 11:42:05,439 - pytorch_cvae.py[line:170] - INFO: loss:0.02891109410848003, numeric_loss:0.0, categorical_loss:0.02890116738853976, kld_loss:7.506647716581938e-05, epoch_train_time:2.1009031757712364
2022-04-25 11:42:07,503 - pytorch_cvae.py[line:169] - INFO: ----------------------------No.42 epoch----------------------------
2022-04-25 11:42:07,504 - pytorch_cvae.py[line:170] - INFO: loss:0.028836476914875675, numeric_loss:0.0, categorical_loss:0.028825951347243972, kld_loss:7.499705984059801e-05, epoch_train_time:2.064319409430027
2022-04-25 11:42:09,567 - pytorch_cvae.py[line:169] - INFO: ----------------------------No.43 epoch----------------------------
2022-04-25 11:42:09,567 - pytorch_cvae.py[line:170] - INFO: loss:0.028753034755936824, numeric_loss:0.0, categorical_loss:0.028741647307469975, kld_loss:7.652813350489396e-05, epoch_train_time:2.0637104883790016
2022-04-25 11:42:11,610 - pytorch_cvae.py[line:169] - INFO: ----------------------------No.44 epoch----------------------------
2022-04-25 11:42:11,610 - pytorch_cvae.py[line:170] - INFO: loss:0.0286790044119698, numeric_loss:0.0, categorical_loss:0.02866707528301049, kld_loss:7.568841664351567e-05, epoch_train_time:2.0427354350686073
2022-04-25 11:42:13,612 - pytorch_cvae.py[line:169] - INFO: ----------------------------No.45 epoch----------------------------
2022-04-25 11:42:13,612 - pytorch_cvae.py[line:170] - INFO: loss:0.028615681279916316, numeric_loss:0.0, categorical_loss:0.028602445730939507, kld_loss:7.936467356017829e-05, epoch_train_time:2.0017909668385983
2022-04-25 11:42:15,759 - pytorch_cvae.py[line:169] - INFO: ----------------------------No.46 epoch----------------------------
2022-04-25 11:42:15,759 - pytorch_cvae.py[line:170] - INFO: loss:0.02855474343232345, numeric_loss:0.0, categorical_loss:0.028541031904751435, kld_loss:7.777969585731626e-05, epoch_train_time:2.146935395896435
2022-04-25 11:42:17,722 - pytorch_cvae.py[line:169] - INFO: ----------------------------No.47 epoch----------------------------
2022-04-25 11:42:17,722 - pytorch_cvae.py[line:170] - INFO: loss:0.02847793942783028, numeric_loss:0.0, categorical_loss:0.02846546501677949, kld_loss:6.70083606948424e-05, epoch_train_time:1.9627831727266312
2022-04-25 11:42:19,849 - pytorch_cvae.py[line:169] - INFO: ----------------------------No.48 epoch----------------------------
2022-04-25 11:42:19,849 - pytorch_cvae.py[line:170] - INFO: loss:0.028441459515306633, numeric_loss:0.0, categorical_loss:0.028425969372619875, kld_loss:7.887353422120214e-05, epoch_train_time:2.126758798956871
2022-04-25 11:42:21,854 - pytorch_cvae.py[line:169] - INFO: ----------------------------No.49 epoch----------------------------
2022-04-25 11:42:21,854 - pytorch_cvae.py[line:170] - INFO: loss:0.028395047556841746, numeric_loss:0.0, categorical_loss:0.028379034469253384, kld_loss:7.736636325716972e-05, epoch_train_time:2.0041979737579823
2022-04-25 11:42:23,973 - pytorch_cvae.py[line:169] - INFO: ----------------------------No.50 epoch----------------------------
2022-04-25 11:42:23,973 - pytorch_cvae.py[line:170] - INFO: loss:0.02835330638481537, numeric_loss:0.0, categorical_loss:0.028337304014712572, kld_loss:7.34331551939249e-05, epoch_train_time:2.118899829685688
2022-04-25 11:42:25,953 - pytorch_cvae.py[line:169] - INFO: ----------------------------No.51 epoch----------------------------
2022-04-25 11:42:25,953 - pytorch_cvae.py[line:170] - INFO: loss:0.028318304190179333, numeric_loss:0.0, categorical_loss:0.028301213576924056, kld_loss:7.456541061401367e-05, epoch_train_time:1.9798214435577393
2022-04-25 11:42:28,018 - pytorch_cvae.py[line:169] - INFO: ----------------------------No.52 epoch----------------------------
2022-04-25 11:42:28,018 - pytorch_cvae.py[line:170] - INFO: loss:0.028291662158153486, numeric_loss:0.0, categorical_loss:0.02827416349464329, kld_loss:7.265806198120117e-05, epoch_train_time:2.0653388127684593
2022-04-25 11:42:30,074 - pytorch_cvae.py[line:169] - INFO: ----------------------------No.53 epoch----------------------------
2022-04-25 11:42:30,074 - pytorch_cvae.py[line:170] - INFO: loss:0.028264455802855082, numeric_loss:0.0, categorical_loss:0.028247059650311712, kld_loss:6.881356239318848e-05, epoch_train_time:2.055245354771614
2022-04-25 11:42:32,154 - pytorch_cvae.py[line:169] - INFO: ----------------------------No.54 epoch----------------------------
2022-04-25 11:42:32,154 - pytorch_cvae.py[line:170] - INFO: loss:0.02824373039038619, numeric_loss:0.0, categorical_loss:0.02822555891907541, kld_loss:6.854534149169922e-05, epoch_train_time:2.0801547318696976
2022-04-25 11:42:34,195 - pytorch_cvae.py[line:169] - INFO: ----------------------------No.55 epoch----------------------------
2022-04-25 11:42:34,196 - pytorch_cvae.py[line:170] - INFO: loss:0.02822588895651279, numeric_loss:0.0, categorical_loss:0.028207299546920694, kld_loss:6.693601608276367e-05, epoch_train_time:2.041082426905632
2022-04-25 11:42:36,271 - pytorch_cvae.py[line:169] - INFO: ----------------------------No.56 epoch----------------------------
2022-04-25 11:42:36,271 - pytorch_cvae.py[line:170] - INFO: loss:0.028221680397109594, numeric_loss:0.0, categorical_loss:0.028201818859088235, kld_loss:6.833672523498535e-05, epoch_train_time:2.0754439122974873
2022-04-25 11:42:38,346 - pytorch_cvae.py[line:169] - INFO: ----------------------------No.57 epoch----------------------------
2022-04-25 11:42:38,347 - pytorch_cvae.py[line:170] - INFO: loss:0.028201700690260623, numeric_loss:0.0, categorical_loss:0.028181596033391543, kld_loss:6.61611557006836e-05, epoch_train_time:2.075221464037895
2022-04-25 11:42:40,421 - pytorch_cvae.py[line:169] - INFO: ----------------------------No.58 epoch----------------------------
2022-04-25 11:42:40,421 - pytorch_cvae.py[line:170] - INFO: loss:0.0281923674774589, numeric_loss:0.0, categorical_loss:0.028171756872325204, kld_loss:6.493926048278809e-05, epoch_train_time:2.074516635388136
2022-04-25 11:42:42,477 - pytorch_cvae.py[line:169] - INFO: ----------------------------No.59 epoch----------------------------
2022-04-25 11:42:42,477 - pytorch_cvae.py[line:170] - INFO: loss:0.028187547584821004, numeric_loss:0.0, categorical_loss:0.028164265560917556, kld_loss:7.030367851257324e-05, epoch_train_time:2.055996522307396
2022-04-25 11:42:44,528 - pytorch_cvae.py[line:169] - INFO: ----------------------------No.60 epoch----------------------------
2022-04-25 11:42:44,528 - pytorch_cvae.py[line:170] - INFO: loss:0.02818101297452813, numeric_loss:0.0, categorical_loss:0.02815746454143664, kld_loss:6.821751594543457e-05, epoch_train_time:2.0505198054015636
2022-04-25 11:42:46,570 - pytorch_cvae.py[line:169] - INFO: ----------------------------No.61 epoch----------------------------
2022-04-25 11:42:46,570 - pytorch_cvae.py[line:170] - INFO: loss:0.028187387040816247, numeric_loss:0.0, categorical_loss:0.02816345448809443, kld_loss:6.657838821411133e-05, epoch_train_time:2.042100638151169
2022-04-25 11:42:48,627 - pytorch_cvae.py[line:169] - INFO: ----------------------------No.62 epoch----------------------------
2022-04-25 11:42:48,627 - pytorch_cvae.py[line:170] - INFO: loss:0.02819054036808666, numeric_loss:0.0, categorical_loss:0.028165844283648767, kld_loss:6.604194641113281e-05, epoch_train_time:2.056548561900854
2022-04-25 11:42:50,682 - pytorch_cvae.py[line:169] - INFO: ----------------------------No.63 epoch----------------------------
2022-04-25 11:42:50,682 - pytorch_cvae.py[line:170] - INFO: loss:0.028178718690469395, numeric_loss:0.0, categorical_loss:0.028152995408163406, kld_loss:6.619095802307129e-05, epoch_train_time:2.0545474104583263
2022-04-25 11:42:52,731 - pytorch_cvae.py[line:169] - INFO: ----------------------------No.64 epoch----------------------------
2022-04-25 11:42:52,731 - pytorch_cvae.py[line:170] - INFO: loss:0.02818846579612, numeric_loss:0.0, categorical_loss:0.028162589107523672, kld_loss:6.413459777832031e-05, epoch_train_time:2.049066938459873
2022-04-25 11:42:54,773 - pytorch_cvae.py[line:169] - INFO: ----------------------------No.65 epoch----------------------------
2022-04-25 11:42:54,773 - pytorch_cvae.py[line:170] - INFO: loss:0.02817840821808204, numeric_loss:0.0, categorical_loss:0.028150671590992715, kld_loss:6.628036499023438e-05, epoch_train_time:2.041355099529028
2022-04-25 11:42:56,847 - pytorch_cvae.py[line:169] - INFO: ----------------------------No.66 epoch----------------------------
2022-04-25 11:42:56,847 - pytorch_cvae.py[line:170] - INFO: loss:0.028184236092783976, numeric_loss:0.0, categorical_loss:0.02815446357271867, kld_loss:6.866455078125e-05, epoch_train_time:2.0743784308433533
2022-04-25 11:42:58,903 - pytorch_cvae.py[line:169] - INFO: ----------------------------No.67 epoch----------------------------
2022-04-25 11:42:58,903 - pytorch_cvae.py[line:170] - INFO: loss:0.02818814828788163, numeric_loss:0.0, categorical_loss:0.028158039538539015, kld_loss:6.708502769470215e-05, epoch_train_time:2.055630873888731
2022-04-25 11:43:00,890 - pytorch_cvae.py[line:169] - INFO: ----------------------------No.68 epoch----------------------------
2022-04-25 11:43:00,890 - pytorch_cvae.py[line:170] - INFO: loss:0.028181599293020554, numeric_loss:0.0, categorical_loss:0.028153479695902206, kld_loss:6.058812141418457e-05, epoch_train_time:1.9871991202235222
2022-04-25 11:43:03,029 - pytorch_cvae.py[line:169] - INFO: ----------------------------No.69 epoch----------------------------
2022-04-25 11:43:03,029 - pytorch_cvae.py[line:170] - INFO: loss:0.0281836207213928, numeric_loss:0.0, categorical_loss:0.028152057850093115, kld_loss:6.583333015441895e-05, epoch_train_time:2.1380354687571526
2022-04-25 11:43:05,031 - pytorch_cvae.py[line:169] - INFO: ----------------------------No.70 epoch----------------------------
2022-04-25 11:43:05,031 - pytorch_cvae.py[line:170] - INFO: loss:0.0281918659893563, numeric_loss:0.0, categorical_loss:0.02815979433944449, kld_loss:6.48200511932373e-05, epoch_train_time:2.0025169402360916
2022-04-25 11:43:07,198 - pytorch_cvae.py[line:169] - INFO: ----------------------------No.71 epoch----------------------------
2022-04-25 11:43:07,199 - pytorch_cvae.py[line:170] - INFO: loss:0.02819229676242685, numeric_loss:0.0, categorical_loss:0.028156297783425543, kld_loss:7.05718994140625e-05, epoch_train_time:2.1670026928186417
2022-04-25 11:43:09,181 - pytorch_cvae.py[line:169] - INFO: ----------------------------No.72 epoch----------------------------
2022-04-25 11:43:09,181 - pytorch_cvae.py[line:170] - INFO: loss:0.028186105693748686, numeric_loss:0.0, categorical_loss:0.028151424616225995, kld_loss:6.601214408874512e-05, epoch_train_time:1.9821638464927673
2022-04-25 11:43:11,242 - pytorch_cvae.py[line:169] - INFO: ----------------------------No.73 epoch----------------------------
2022-04-25 11:43:11,242 - pytorch_cvae.py[line:170] - INFO: loss:0.02818593285337556, numeric_loss:0.0, categorical_loss:0.0281520212374744, kld_loss:6.273388862609863e-05, epoch_train_time:2.061064213514328
2022-04-25 11:43:13,301 - pytorch_cvae.py[line:169] - INFO: ----------------------------No.74 epoch----------------------------
2022-04-25 11:43:13,301 - pytorch_cvae.py[line:170] - INFO: loss:0.028184548806166276, numeric_loss:0.0, categorical_loss:0.02815042025758885, kld_loss:6.142258644104004e-05, epoch_train_time:2.058330610394478
2022-04-25 11:43:15,369 - pytorch_cvae.py[line:169] - INFO: ----------------------------No.75 epoch----------------------------
2022-04-25 11:43:15,369 - pytorch_cvae.py[line:170] - INFO: loss:0.028188245130877476, numeric_loss:0.0, categorical_loss:0.028150751502835192, kld_loss:6.571412086486816e-05, epoch_train_time:2.0677752308547497
2022-04-25 11:43:17,431 - pytorch_cvae.py[line:169] - INFO: ----------------------------No.76 epoch----------------------------
2022-04-25 11:43:17,432 - pytorch_cvae.py[line:170] - INFO: loss:0.02819176334742224, numeric_loss:0.0, categorical_loss:0.02814906265848549, kld_loss:7.295608520507812e-05, epoch_train_time:2.06276274099946
2022-04-25 11:43:19,482 - pytorch_cvae.py[line:169] - INFO: ----------------------------No.77 epoch----------------------------
2022-04-25 11:43:19,482 - pytorch_cvae.py[line:170] - INFO: loss:0.02819646947318688, numeric_loss:0.0, categorical_loss:0.02815508719504578, kld_loss:6.899237632751465e-05, epoch_train_time:2.050463154911995
2022-04-25 11:43:21,553 - pytorch_cvae.py[line:169] - INFO: ----------------------------No.78 epoch----------------------------
2022-04-25 11:43:21,553 - pytorch_cvae.py[line:170] - INFO: loss:0.028186220311908983, numeric_loss:0.0, categorical_loss:0.028146672368166037, kld_loss:6.440281867980957e-05, epoch_train_time:2.070618189871311
2022-04-25 11:43:23,640 - pytorch_cvae.py[line:169] - INFO: ----------------------------No.79 epoch----------------------------
2022-04-25 11:43:23,640 - pytorch_cvae.py[line:170] - INFO: loss:0.02818920018762583, numeric_loss:0.0, categorical_loss:0.028147011675173417, kld_loss:6.717443466186523e-05, epoch_train_time:2.087061896920204
2022-04-25 11:43:25,754 - pytorch_cvae.py[line:169] - INFO: ----------------------------No.80 epoch----------------------------
2022-04-25 11:43:25,754 - pytorch_cvae.py[line:170] - INFO: loss:0.028195131599204615, numeric_loss:0.0, categorical_loss:0.028150706537417136, kld_loss:6.923079490661621e-05, epoch_train_time:2.113687887787819
2022-04-25 11:43:27,815 - pytorch_cvae.py[line:169] - INFO: ----------------------------No.81 epoch----------------------------
2022-04-25 11:43:27,815 - pytorch_cvae.py[line:170] - INFO: loss:0.028186069524963386, numeric_loss:0.0, categorical_loss:0.028142207906057592, kld_loss:6.696581840515137e-05, epoch_train_time:2.0606415681540966
2022-04-25 11:43:29,882 - pytorch_cvae.py[line:169] - INFO: ----------------------------No.82 epoch----------------------------
2022-04-25 11:43:29,882 - pytorch_cvae.py[line:170] - INFO: loss:0.028202851775859017, numeric_loss:0.0, categorical_loss:0.028154682971944567, kld_loss:7.212162017822266e-05, epoch_train_time:2.0670208744704723
2022-04-25 11:43:31,927 - pytorch_cvae.py[line:169] - INFO: ----------------------------No.83 epoch----------------------------
2022-04-25 11:43:31,927 - pytorch_cvae.py[line:170] - INFO: loss:0.028193111982545815, numeric_loss:0.0, categorical_loss:0.028143617972091306, kld_loss:7.274746894836426e-05, epoch_train_time:2.0448824539780617
2022-04-25 11:43:34,012 - pytorch_cvae.py[line:169] - INFO: ----------------------------No.84 epoch----------------------------
2022-04-25 11:43:34,012 - pytorch_cvae.py[line:170] - INFO: loss:0.028197723295306787, numeric_loss:0.0, categorical_loss:0.02814710800885223, kld_loss:7.31050968170166e-05, epoch_train_time:2.084589760750532
2022-04-25 11:43:36,076 - pytorch_cvae.py[line:169] - INFO: ----------------------------No.85 epoch----------------------------
2022-04-25 11:43:36,076 - pytorch_cvae.py[line:170] - INFO: loss:0.028195323720865417, numeric_loss:0.0, categorical_loss:0.028146928932983428, kld_loss:6.875395774841309e-05, epoch_train_time:2.0639571771025658
2022-04-25 11:43:38,152 - pytorch_cvae.py[line:169] - INFO: ----------------------------No.86 epoch----------------------------
2022-04-25 11:43:38,152 - pytorch_cvae.py[line:170] - INFO: loss:0.028199163440149277, numeric_loss:0.0, categorical_loss:0.02814790351112606, kld_loss:7.170438766479492e-05, epoch_train_time:2.0755958296358585
2022-04-25 11:43:40,224 - pytorch_cvae.py[line:169] - INFO: ----------------------------No.87 epoch----------------------------
2022-04-25 11:43:40,224 - pytorch_cvae.py[line:170] - INFO: loss:0.028197487612487748, numeric_loss:0.0, categorical_loss:0.028145587093604263, kld_loss:7.155537605285645e-05, epoch_train_time:2.071639448404312
2022-04-25 11:43:42,274 - pytorch_cvae.py[line:169] - INFO: ----------------------------No.88 epoch----------------------------
2022-04-25 11:43:42,274 - pytorch_cvae.py[line:170] - INFO: loss:0.028200477063364815, numeric_loss:0.0, categorical_loss:0.028148134115326684, kld_loss:7.11977481842041e-05, epoch_train_time:2.0500331856310368
2022-04-25 11:43:44,321 - pytorch_cvae.py[line:169] - INFO: ----------------------------No.89 epoch----------------------------
2022-04-25 11:43:44,321 - pytorch_cvae.py[line:170] - INFO: loss:0.028201957247802056, numeric_loss:0.0, categorical_loss:0.028146959346486256, kld_loss:7.387995719909668e-05, epoch_train_time:2.046626292169094
2022-04-25 11:43:46,406 - pytorch_cvae.py[line:169] - INFO: ----------------------------No.90 epoch----------------------------
2022-04-25 11:43:46,406 - pytorch_cvae.py[line:170] - INFO: loss:0.028199101012432948, numeric_loss:0.0, categorical_loss:0.02814564373693429, kld_loss:7.098913192749023e-05, epoch_train_time:2.0845429450273514
2022-04-25 11:43:48,393 - pytorch_cvae.py[line:169] - INFO: ----------------------------No.91 epoch----------------------------
2022-04-25 11:43:48,393 - pytorch_cvae.py[line:170] - INFO: loss:0.028201975481351838, numeric_loss:0.0, categorical_loss:0.028146933160314802, kld_loss:7.233023643493652e-05, epoch_train_time:1.9869672022759914
2022-04-25 11:43:50,547 - pytorch_cvae.py[line:169] - INFO: ----------------------------No.92 epoch----------------------------
2022-04-25 11:43:50,547 - pytorch_cvae.py[line:170] - INFO: loss:0.02818843767454382, numeric_loss:0.0, categorical_loss:0.02813568643614417, kld_loss:6.866455078125e-05, epoch_train_time:2.153635051101446
2022-04-25 11:43:52,514 - pytorch_cvae.py[line:169] - INFO: ----------------------------No.93 epoch----------------------------
2022-04-25 11:43:52,514 - pytorch_cvae.py[line:170] - INFO: loss:0.028203782625496387, numeric_loss:0.0, categorical_loss:0.02814790244156029, kld_loss:7.212162017822266e-05, epoch_train_time:1.9672394543886185
2022-04-25 11:43:54,644 - pytorch_cvae.py[line:169] - INFO: ----------------------------No.94 epoch----------------------------
2022-04-25 11:43:54,644 - pytorch_cvae.py[line:170] - INFO: loss:0.028201247288961895, numeric_loss:0.0, categorical_loss:0.02814510967436945, kld_loss:7.191300392150879e-05, epoch_train_time:2.1297727674245834
2022-04-25 11:43:56,626 - pytorch_cvae.py[line:169] - INFO: ----------------------------No.95 epoch----------------------------
2022-04-25 11:43:56,626 - pytorch_cvae.py[line:170] - INFO: loss:0.028203569287143182, numeric_loss:0.0, categorical_loss:0.028143178220489062, kld_loss:7.686018943786621e-05, epoch_train_time:1.9821599423885345
2022-04-25 11:43:58,683 - pytorch_cvae.py[line:169] - INFO: ----------------------------No.96 epoch----------------------------
2022-04-25 11:43:58,683 - pytorch_cvae.py[line:170] - INFO: loss:0.028196492814458907, numeric_loss:0.0, categorical_loss:0.02813873525155941, kld_loss:7.31050968170166e-05, epoch_train_time:2.0563111416995525
2022-04-25 11:44:00,742 - pytorch_cvae.py[line:169] - INFO: ----------------------------No.97 epoch----------------------------
2022-04-25 11:44:00,742 - pytorch_cvae.py[line:170] - INFO: loss:0.028196515908348374, numeric_loss:0.0, categorical_loss:0.02814199824933894, kld_loss:6.86943531036377e-05, epoch_train_time:2.0588715597987175
2022-04-25 11:44:02,816 - pytorch_cvae.py[line:169] - INFO: ----------------------------No.98 epoch----------------------------
2022-04-25 11:44:02,817 - pytorch_cvae.py[line:170] - INFO: loss:0.028201473789522424, numeric_loss:0.0, categorical_loss:0.028145554526417982, kld_loss:7.021427154541016e-05, epoch_train_time:2.074374381452799
2022-04-25 11:44:04,881 - pytorch_cvae.py[line:169] - INFO: ----------------------------No.99 epoch----------------------------
2022-04-25 11:44:04,881 - pytorch_cvae.py[line:170] - INFO: loss:0.028194575497764163, numeric_loss:0.0, categorical_loss:0.02813504216464935, kld_loss:7.456541061401367e-05, epoch_train_time:2.064578078687191
2022-04-25 11:44:06,939 - pytorch_cvae.py[line:169] - INFO: ----------------------------No.100 epoch----------------------------
2022-04-25 11:44:06,939 - pytorch_cvae.py[line:170] - INFO: loss:0.02820561007683864, numeric_loss:0.0, categorical_loss:0.028145797048637178, kld_loss:7.480382919311523e-05, epoch_train_time:2.05755053460598
2022-04-25 11:44:06,939 - pytorch_cvae.py[line:185] - INFO: training time elapsed:206.2102897465229
2022-04-25 11:44:06,942 - model_utils.py[line:61] - INFO: save model successfully
2022-04-25 11:44:06,984 - pytorch_cvae.py[line:260] - INFO: train model time elapsed:206.4425221644342
2022-04-25 11:44:06,984 - main.py[line:371] - INFO: multi_sampling No.0 epoch
2022-04-25 11:44:07,027 - pytorch_cvae.py[line:387] - INFO: sampling time:0.04249446466565132
2022-04-25 11:44:07,027 - pytorch_cvae.py[line:397] - INFO: house sampling rate:0.05
2022-04-25 11:44:07,051 - pytorch_cvae.py[line:387] - INFO: sampling time:0.023733656853437424
2022-04-25 11:44:07,344 - main.py[line:355] - INFO: sample and aggregation time elapsed:0.3596633970737457
2022-04-25 11:44:07,346 - main.py[line:388] - INFO: sample time:0.3615935519337654
2022-04-25 11:44:07,357 - main.py[line:99] - INFO: aqp result:
               avg(age)  avg(hours_per_week)  avg(fnlwgt)       sum(age)  \
education_num                                                              
1             37.89     39.72                167395.72    1969916.76       
2             37.63     39.44                165892.33    22347907.22      
3             37.60     40.71                173300.83    93073840.42      
4             37.38     40.56                173145.17    340840174.38     
5             37.11     38.98                166670.36    199734861.10     
6             36.94     39.02                165030.66    658550724.56     
7             37.00     40.25                171346.05    1113506551.30    
8             36.70     40.06                172214.44    137857259.07     
9             38.10     39.50                176791.58    88309736293.86   
10            37.99     39.46                175501.41    43752814332.26   
11            37.75     40.37                183237.80    1503262828.06    
12            37.64     40.35                181761.34    912872971.90     
13            37.36     38.85                175908.38    22736984292.68   
14            37.24     38.85                174432.42    2302722181.26    
15            37.03     39.81                182057.14    256345012.57     
16            36.92     39.81                180507.25    133320632.98     

               sum(hours_per_week)        sum(fnlwgt)  
education_num                                          
1             2064839.57           8701899403.64       
2             23427933.43          98533217877.82      
3             100770280.86         429005653588.55     
4             369893323.41         1578936712413.20    
5             209793423.88         897144199822.38     
6             695663496.91         2942158373924.34    
7             1211396793.29        5156466693904.12    
8             150496111.62         646958684560.65     
9             91555872061.74       409736553708132.44  
10            45454577978.79       202145225814625.94  
11            1607700371.21        7296931381470.69    
12            978837372.85         4408776234224.19    
13            23648314986.60       107069286654079.81  
14            2402659584.43        10786869294021.54   
15            275550293.43         1260166419468.58    
16            143762174.26         651794997301.55     
2022-04-25 11:44:07,359 - main.py[line:100] - INFO: ground truth:
                  sum(age)  avg(age)  sum(hours_per_week)  \
education_num                                               
1              2031480     39.08     2082643.20             
10             44452980128 38.56     45549280027.64         
11             1525713214  38.28     1584781429.81          
12             944372871   38.90     966552746.90           
13             23507072916 38.59     24078556540.20         
14             2392708715  38.66     2446393123.05          
15             267829688   38.66     274754216.80           
16             138387097   38.29     143994096.50           
2              23100702    38.86     23688204.00            
3              96651470    39.01     99301299.00            
4              351713883   38.54     362354449.20           
5              208430442   38.69     211279237.40           
6              682399872   38.25     699976780.80           
7              1167390896  38.76     1197998020.81          
8              143650815   38.21     147510782.30           
9              89422406979 38.55     91544134923.73         

               avg(hours_per_week)        sum(fnlwgt)  avg(fnlwgt)  
education_num                                                       
1             40.06                9230224059.94      177558.94     
10            39.51                205404792384807.09 178188.57     
11            39.76                7056779504246.63   177065.92     
12            39.82                4299598708023.12   177118.04     
13            39.53                107642516109517.23 176708.86     
14            39.53                10917581923528.38  176403.89     
15            39.66                1227094390856.00   177135.74     
16            39.85                633778561363.00    175377.27     
2             39.85                103819245989.45    174650.21     
3             40.08                438226364458.29    176884.20     
4             39.70                1642737882074.27   179997.64     
5             39.22                961460560464.34    178476.56     
6             39.23                3146896115757.28   176374.01     
7             39.78                5236529708342.73   173866.28     
8             39.23                666164527647.66    177184.56     
9             39.47                410400044228388.38 176936.08     
2022-04-25 11:44:07,367 - main.py[line:396] - INFO: relative error:
               avg(age)  avg(fnlwgt)  avg(hours_per_week)  sum(age)  \
education_num                                                         
1             0.03      0.06         0.01                 0.03        
2             0.03      0.05         0.01                 0.03        
3             0.04      0.02         0.02                 0.04        
4             0.03      0.04         0.02                 0.03        
5             0.04      0.07         0.01                 0.04        
6             0.03      0.06         0.01                 0.03        
7             0.05      0.01         0.01                 0.05        
8             0.04      0.03         0.02                 0.04        
9             0.01      0.00         0.00                 0.01        
10            0.01      0.02         0.00                 0.02        
11            0.01      0.03         0.02                 0.01        
12            0.03      0.03         0.01                 0.03        
13            0.03      0.00         0.02                 0.03        
14            0.04      0.01         0.02                 0.04        
15            0.04      0.03         0.00                 0.04        
16            0.04      0.03         0.00                 0.04        

               sum(fnlwgt)  sum(hours_per_week)  
education_num                                    
1             0.06         0.01                  
2             0.05         0.01                  
3             0.02         0.01                  
4             0.04         0.02                  
5             0.07         0.01                  
6             0.07         0.01                  
7             0.02         0.01                  
8             0.03         0.02                  
9             0.00         0.00                  
10            0.02         0.00                  
11            0.03         0.01                  
12            0.03         0.01                  
13            0.01         0.02                  
14            0.01         0.02                  
15            0.03         0.00                  
16            0.03         0.00                  
2022-04-25 11:44:07,369 - main.py[line:397] - INFO: relative error normalized:
               avg(age)  avg(fnlwgt)  avg(hours_per_week)  sum(age)  \
education_num                                                         
1             0.03      0.06         0.01                 0.03        
2             0.03      0.05         0.01                 0.03        
3             0.04      0.02         0.02                 0.04        
4             0.03      0.04         0.02                 0.03        
5             0.04      0.06         0.01                 0.04        
6             0.03      0.06         0.01                 0.03        
7             0.04      0.01         0.01                 0.05        
8             0.04      0.03         0.02                 0.04        
9             0.01      0.00         0.00                 0.01        
10            0.01      0.01         0.00                 0.02        
11            0.01      0.03         0.02                 0.01        
12            0.03      0.03         0.01                 0.03        
13            0.03      0.00         0.02                 0.03        
14            0.04      0.01         0.02                 0.04        
15            0.04      0.03         0.00                 0.04        
16            0.04      0.03         0.00                 0.04        

               sum(fnlwgt)  sum(hours_per_week)  
education_num                                    
1             0.06         0.01                  
2             0.05         0.01                  
3             0.02         0.01                  
4             0.04         0.02                  
5             0.06         0.01                  
6             0.06         0.01                  
7             0.02         0.01                  
8             0.03         0.02                  
9             0.00         0.00                  
10            0.02         0.00                  
11            0.03         0.01                  
12            0.03         0.01                  
13            0.01         0.02                  
14            0.01         0.02                  
15            0.03         0.00                  
16            0.03         0.00                  
2022-04-25 11:44:07,369 - main.py[line:400] - INFO: relative error average :0.024483240255093994
2022-04-25 11:44:07,369 - main.py[line:401] - INFO: relative error normalized average :0.024054115692755385
2022-04-25 11:44:07,369 - main.py[line:447] - INFO: total_time:441.88351395353675
