main.py:19: FutureWarning: Passing a negative integer is deprecated in version 1.0 and will not be supported in future version. Instead, use None to not limit the column width.
  pd.set_option('max_colwidth', -1)
2023-07-01 13:52:37,729 - main.py[line:642] - INFO: load query config config/query/customer_inc_join_nation.json successfully
2023-07-01 13:52:37,730 - main.py[line:649] - INFO: load train config ./config/train/tpch_customer_torch_cvae_inc.json successfully
2023-07-01 13:52:37,730 - main.py[line:649] - INFO: load train config ./config/train/tpch_nation_torch_cvae.json successfully
2023-07-01 13:52:37,730 - dataset_utils.py[line:585] - INFO: load existing dataset(light):tpch-20g-customer-inc_c_nationkey_c_acctbal_c_nationkey_binary_gaussian5_0sample_train
2023-07-01 13:52:42,947 - dataset_utils.py[line:594] - INFO: load dataset(light) time elapsed:5.2175573338754475
2023-07-01 13:52:42,947 - pytorch_cvae.py[line:280] - INFO: feature info:[('c_acctbal', 'numerical', 6), ('c_nationkey', 'categorical', 6)]
2023-07-01 13:52:42,949 - model_utils.py[line:75] - INFO: load model name:torch_cvae_tpch-20g-customer-inc_c_nationkey_ld50_id100_bs1024_ep150_0_binary_gaussian5sample_train
2023-07-01 13:52:42,951 - model_utils.py[line:86] - INFO: load torch model time elapsed:0.001924852840602398
2023-07-01 13:52:42,951 - pytorch_cvae.py[line:290] - INFO: load model time elapsed:5.220836767926812
2023-07-01 13:52:42,951 - dataset_utils.py[line:585] - INFO: load existing dataset(light):tpch-35g-nation_n_nationkey#n_name__n_nationkey_binary_mm_0
2023-07-01 13:52:42,952 - dataset_utils.py[line:594] - INFO: load dataset(light) time elapsed:0.0016285150777548552
2023-07-01 13:52:42,952 - pytorch_cvae.py[line:280] - INFO: feature info:[('n_nationkey', 'categorical', 6), ('n_name', 'categorical', 6)]
2023-07-01 13:52:42,953 - model_utils.py[line:75] - INFO: load model name:torch_cvae_tpch-35g-nation_n_nationkey_ld100_id150_bs128_ep100_0_binary_mm
2023-07-01 13:52:42,954 - model_utils.py[line:86] - INFO: load torch model time elapsed:0.0013369820080697536
2023-07-01 13:52:42,954 - pytorch_cvae.py[line:290] - INFO: load model time elapsed:0.0037018591538071632
2023-07-01 13:52:42,954 - main.py[line:572] - INFO: multi_sampling No.0 epoch
2023-07-01 13:52:43,506 - pytorch_cvae.py[line:407] - INFO: sampling time:0.5508624860085547
2023-07-01 13:52:43,506 - dataset_utils.py[line:566] - INFO: load existing dataset:tpch-35g-nation_n_nationkey#n_name__n_nationkey_binary_mm_0
2023-07-01 13:52:43,508 - dataset_utils.py[line:578] - INFO: load dataset time elapsed:0.001933723920956254
2023-07-01 13:52:43,529 - main.py[line:555] - INFO: sample and aggregation time elapsed:0.574475693050772
2023-07-01 13:52:43,532 - main.py[line:593] - INFO: sample time: 0.5773926181718707
2023-07-01 13:52:43,544 - main.py[line:104] - INFO: aqp result:
                avg(c_acctbal)  sum(c_acctbal)
n_name                                        
ALGERIA        4426.79         555926542.47   
ARGENTINA      4383.73         688134245.45   
BRAZIL         4167.89         605751466.99   
CANADA         4086.73         704474094.60   
CHINA          4151.68         601778750.42   
EGYPT          4606.42         629635073.76   
ETHIOPIA       4529.02         748363003.87   
FRANCE         4353.74         691061792.83   
GERMANY        4207.49         777089944.68   
INDIA          4323.80         725499934.36   
INDONESIA      4063.71         679307216.22   
IRAN           4143.88         681334302.48   
IRAQ           3826.69         613962598.98   
JAPAN          4848.74         733797702.20   
JORDAN         4379.16         653554255.29   
KENYA          4345.42         699076587.53   
MOROCCO        4115.06         595633444.04   
MOZAMBIQUE     4699.46         756282878.09   
PERU           4438.11         716467402.84   
ROMANIA        4006.80         577433707.43   
RUSSIA         4260.22         596245124.40   
SAUDI ARABIA   4754.78         681382422.50   
UNITED KINGDOM 4191.17         582973685.73   
UNITED STATES  4434.24         579408580.03   
VIETNAM        4588.69         687126019.10   
2023-07-01 13:52:43,546 - main.py[line:105] - INFO: ground truth:
                avg(c_acctbal)  sum(c_acctbal)
n_name                                        
ALGERIA        4497.45         699444173.29   
ARGENTINA      4486.94         699106008.33   
BRAZIL         4502.65         701773384.16   
CANADA         4499.32         700256734.44   
CHINA          4491.27         700629814.31   
EGYPT          4496.39         701059444.40   
ETHIOPIA       4499.89         704785653.13   
FRANCE         4493.15         703235862.49   
GERMANY        4489.33         701673966.77   
INDIA          4507.72         706211190.60   
INDONESIA      4498.74         704439111.14   
IRAN           4507.57         705840896.67   
IRAQ           4509.27         704081769.17   
JAPAN          4493.66         698094511.41   
JORDAN         4504.65         699080891.27   
KENYA          4499.24         698201348.30   
MOROCCO        4499.58         700940690.68   
MOZAMBIQUE     4507.23         700194448.01   
PERU           4490.77         700452753.83   
ROMANIA        4487.90         699789990.15   
RUSSIA         4518.25         704711627.29   
SAUDI ARABIA   4508.93         703718011.11   
UNITED KINGDOM 4491.37         704507986.21   
UNITED STATES  4505.47         703758434.40   
VIETNAM        4497.59         701569658.84   
2023-07-01 13:52:43,557 - main.py[line:611] - INFO: relative error:
                avg(c_acctbal)  sum(c_acctbal)
n_name                                        
ALGERIA        0.02            0.21           
ARGENTINA      0.02            0.02           
BRAZIL         0.07            0.14           
CANADA         0.09            0.01           
CHINA          0.08            0.14           
EGYPT          0.02            0.10           
ETHIOPIA       0.01            0.06           
FRANCE         0.03            0.02           
GERMANY        0.06            0.11           
INDIA          0.04            0.03           
INDONESIA      0.10            0.04           
IRAN           0.08            0.03           
IRAQ           0.15            0.13           
JAPAN          0.08            0.05           
JORDAN         0.03            0.07           
KENYA          0.03            0.00           
MOROCCO        0.09            0.15           
MOZAMBIQUE     0.04            0.08           
PERU           0.01            0.02           
ROMANIA        0.11            0.17           
RUSSIA         0.06            0.15           
SAUDI ARABIA   0.05            0.03           
UNITED KINGDOM 0.07            0.17           
UNITED STATES  0.02            0.18           
VIETNAM        0.02            0.02           
2023-07-01 13:52:43,560 - main.py[line:612] - INFO: relative error normalized:
                avg(c_acctbal)  sum(c_acctbal)
n_name                                        
ALGERIA        0.02            0.19           
ARGENTINA      0.02            0.02           
BRAZIL         0.07            0.13           
CANADA         0.09            0.01           
CHINA          0.07            0.13           
EGYPT          0.02            0.10           
ETHIOPIA       0.01            0.06           
FRANCE         0.03            0.02           
GERMANY        0.06            0.10           
INDIA          0.04            0.03           
INDONESIA      0.09            0.04           
IRAN           0.08            0.03           
IRAQ           0.14            0.12           
JAPAN          0.08            0.05           
JORDAN         0.03            0.06           
KENYA          0.03            0.00           
MOROCCO        0.08            0.14           
MOZAMBIQUE     0.04            0.08           
PERU           0.01            0.02           
ROMANIA        0.10            0.16           
RUSSIA         0.06            0.14           
SAUDI ARABIA   0.05            0.03           
UNITED KINGDOM 0.06            0.16           
UNITED STATES  0.02            0.16           
VIETNAM        0.02            0.02           
2023-07-01 13:52:43,560 - main.py[line:615] - INFO: relative error average: 0.06994734202817508
2023-07-01 13:52:43,560 - main.py[line:616] - INFO: relative error normalized average: 0.06625254398960052
2023-07-01 13:52:43,596 - main.py[line:662] - INFO: total_time:5.8665269708726555
