main.py:19: FutureWarning: Passing a negative integer is deprecated in version 1.0 and will not be supported in future version. Instead, use None to not limit the column width.
  pd.set_option('max_colwidth', -1)
2022-07-10 00:03:17,797 - main.py[line:581] - INFO: load query config config/query/lineitem_join_partsupp_join_parts.json successfully
2022-07-10 00:03:17,798 - main.py[line:588] - INFO: load train config ./config/train/tpch_multi_join_lineitem.json successfully
2022-07-10 00:03:17,798 - main.py[line:588] - INFO: load train config ./config/train/tpch_multi_join_partsupp.json successfully
2022-07-10 00:03:17,798 - main.py[line:588] - INFO: load train config ./config/train/tpch_multi_join_part.json successfully
2022-07-10 00:03:17,798 - dataset_utils.py[line:567] - INFO: load existing dataset(light):tpch-2g-lineitem_parts_l_partkey_l_extendedprice#l_quantity_l_partkey_binary_gaussian5_0
2022-07-10 00:03:20,411 - dataset_utils.py[line:576] - INFO: load dataset(light) time elapsed:2.61328811571002
2022-07-10 00:03:20,411 - pytorch_cvae.py[line:276] - INFO: feature info:[('l_extendedprice', 'numerical', 6), ('l_quantity', 'numerical', 6), ('l_partkey', 'categorical', 20)]
2022-07-10 00:03:20,413 - model_utils.py[line:75] - INFO: load model name:torch_cvae_tpch-2g-lineitem_parts_l_partkey_bucket_ld150_id150_bs512_ep150_0_binary_gaussian5
2022-07-10 00:03:22,670 - model_utils.py[line:86] - INFO: load torch model time elapsed:2.2576920427381992
2022-07-10 00:03:22,671 - pytorch_cvae.py[line:286] - INFO: load model time elapsed:4.8726898692548275
2022-07-10 00:03:22,671 - dataset_utils.py[line:567] - INFO: load existing dataset(light):tpch-2g-partsupp_ps_partkey_ps_availqty#ps_supplycost_ps_partkey_binary_gaussian5_0
2022-07-10 00:03:23,604 - dataset_utils.py[line:576] - INFO: load dataset(light) time elapsed:0.933220099657774
2022-07-10 00:03:23,604 - pytorch_cvae.py[line:276] - INFO: feature info:[('ps_availqty', 'numerical', 6), ('ps_supplycost', 'numerical', 6), ('ps_partkey', 'categorical', 20)]
2022-07-10 00:03:23,605 - model_utils.py[line:75] - INFO: load model name:torch_cvae_tpch-2g-partsupp_ps_partkey_bucket_ld100_id150_bs256_ep100_0_binary_gaussian5
2022-07-10 00:03:23,606 - model_utils.py[line:86] - INFO: load torch model time elapsed:0.0016446486115455627
2022-07-10 00:03:23,606 - pytorch_cvae.py[line:286] - INFO: load model time elapsed:0.9358317628502846
2022-07-10 00:03:23,606 - dataset_utils.py[line:567] - INFO: load existing dataset(light):tpch-2g-parts_p_partkey#p_brand_p_retailprice_p_partkey#p_brand_binary_gaussian5_0
2022-07-10 00:03:23,943 - dataset_utils.py[line:576] - INFO: load dataset(light) time elapsed:0.3365512788295746
2022-07-10 00:03:23,943 - pytorch_cvae.py[line:276] - INFO: feature info:[('p_retailprice', 'numerical', 6), ('p_partkey', 'categorical', 20), ('p_brand', 'categorical', 6)]
2022-07-10 00:03:23,944 - model_utils.py[line:75] - INFO: load model name:torch_cvae_tpch-2g-parts_p_partkey_bucket_p_brand_ld100_id150_bs128_ep100_0_binary_gaussian5
2022-07-10 00:03:23,946 - model_utils.py[line:86] - INFO: load torch model time elapsed:0.0017329119145870209
2022-07-10 00:03:23,946 - pytorch_cvae.py[line:286] - INFO: load model time elapsed:0.3392624072730541
2022-07-10 00:03:23,946 - main.py[line:525] - INFO: multi_sampling No.0 epoch
2022-07-10 00:03:24,649 - pytorch_cvae.py[line:399] - INFO: sampling time:0.7029092237353325
2022-07-10 00:03:24,677 - dataset_utils.py[line:548] - INFO: load existing dataset:tpch-2g-partsupp_ps_partkey_ps_availqty#ps_supplycost_ps_partkey_binary_gaussian5_0
2022-07-10 00:03:26,289 - dataset_utils.py[line:560] - INFO: load dataset time elapsed:1.6127506904304028
2022-07-10 00:03:26,291 - dataset_utils.py[line:548] - INFO: load existing dataset:tpch-2g-parts_p_partkey#p_brand_p_retailprice_p_partkey#p_brand_binary_gaussian5_0
2022-07-10 00:03:26,791 - dataset_utils.py[line:560] - INFO: load dataset time elapsed:0.5000044479966164
2022-07-10 00:03:26,941 - main.py[line:509] - INFO: sample and aggregation time elapsed:2.9948880709707737
2022-07-10 00:03:26,945 - main.py[line:542] - INFO: sample time: 2.999037317931652
2022-07-10 00:03:26,970 - main.py[line:99] - INFO: aqp result:
          avg(l_quantity)  avg(l_extendedprice)  avg(p_retailprice)  \
p_brand                                                               
Brand#11 24.16            37619.59              1333.88               
Brand#12 26.83            41409.58              1522.48               
Brand#13 31.74            48201.02              1543.16               
Brand#14 24.56            37091.95              1335.07               
Brand#15 24.69            36413.79              1444.21               
Brand#21 27.26            40901.58              1279.06               
Brand#22 19.10            27162.87              1688.33               
Brand#23 23.62            35561.46              1442.61               
Brand#24 28.06            39679.90              1366.87               
Brand#25 30.26            47158.96              1495.89               
Brand#31 26.92            40262.72              1328.92               
Brand#32 26.99            39248.69              1391.01               
Brand#33 24.56            37277.07              1440.38               
Brand#34 29.34            45008.11              1413.06               
Brand#35 23.18            36569.42              1365.20               
Brand#41 17.82            27217.96              1489.74               
Brand#42 20.57            31576.03              1398.10               
Brand#43 26.23            37177.23              1472.95               
Brand#44 22.99            33262.25              1445.20               
Brand#45 25.55            36027.10              1341.63               
Brand#51 24.10            36104.75              1428.22               
Brand#52 24.46            36714.55              1504.41               
Brand#53 27.32            40380.23              1316.69               
Brand#54 30.96            47376.58              1202.39               
Brand#55 24.48            37326.70              1310.57               

          avg(ps_availqty)  avg(ps_supplycost)  sum(l_quantity)  \
p_brand                                                           
Brand#11 4763.60           487.37              59143084.28        
Brand#12 5362.56           520.39              36496503.68        
Brand#13 4701.71           464.79              86982858.44        
Brand#14 4575.28           437.32              44076411.04        
Brand#15 5703.86           500.05              28146098.48        
Brand#21 5330.59           515.69              75511106.43        
Brand#22 5836.29           580.00              37572470.10        
Brand#23 4598.12           461.13              32921189.41        
Brand#24 5085.82           493.51              71248875.24        
Brand#25 5521.96           572.28              63185646.23        
Brand#31 4781.37           527.46              65677264.54        
Brand#32 4924.19           474.22              40671634.61        
Brand#33 4503.42           475.91              77138193.97        
Brand#34 4496.21           464.47              41286411.52        
Brand#35 5174.89           550.61              47335043.77        
Brand#41 5257.55           545.88              16883901.67        
Brand#42 4594.53           593.11              24700704.40        
Brand#43 4889.81           506.90              47411701.47        
Brand#44 4833.66           546.76              31717056.50        
Brand#45 4603.84           484.92              39014223.00        
Brand#51 5129.14           599.37              49647969.97        
Brand#52 5274.12           476.82              47470829.42        
Brand#53 5010.42           517.48              81630669.55        
Brand#54 4904.16           485.47              71046542.72        
Brand#55 5367.22           486.56              24657464.87        

          sum(l_extendedprice)  sum(p_retailprice)  sum(ps_availqty)  \
p_brand                                                                
Brand#11 92082484010.20        3265454777.97       11661529447.57      
Brand#12 56338472375.76        2071475083.84       7296930270.39       
Brand#13 132099780032.15       4229343855.52       12885234863.01      
Brand#14 66559331311.41        2395887063.00       8210889815.37       
Brand#15 41517902356.45        1646455852.28       6502635835.67       
Brand#21 113302820710.76       3541698435.85       14758871571.30      
Brand#22 53434381475.97        3323782767.77       11488847847.57      
Brand#23 49563181980.79        2010602460.38       6409297810.33       
Brand#24 100763247816.33       3471691245.89       12916361309.99      
Brand#25 98465102501.27        3123307186.88       11527659548.50      
Brand#31 98240097261.66        3243097442.94       11667065833.75      
Brand#32 59150908853.71        2096180057.85       7420021896.66       
Brand#33 117088000794.63       4523731148.07       14144332880.50      
Brand#34 63340297575.89        1988596451.40       6327242842.73       
Brand#35 74688756805.24        2787442553.18       10566169954.21      
Brand#41 25782417556.15        1410783277.66       4979626261.55       
Brand#42 37912777056.66        1678862315.41       5516952775.25       
Brand#43 67188323760.69        2661953773.17       8837992248.30       
Brand#44 45896450994.20        1994319584.21       6669475149.62       
Brand#45 55018270829.06        2048938254.37       7030631772.13       
Brand#51 74371159475.40        2941355161.14       10563491123.81      
Brand#52 71261443480.23        2920562277.35       10238564339.21      
Brand#53 120652920500.13       3935067445.45       14974815628.37      
Brand#54 108720349804.14       2759103086.68       11252316729.86      
Brand#55 37603412182.81        1320170425.35       5406883552.35       

          sum(ps_supplycost)  
p_brand                       
Brand#11 1193086442.52        
Brand#12 708108757.32         
Brand#13 1273940883.63        
Brand#14 784806041.39         
Brand#15 570085696.47         
Brand#21 1427812771.71        
Brand#22 1141810539.38        
Brand#23 642733959.25         
Brand#24 1253504128.02        
Brand#25 1194890476.61        
Brand#31 1287246141.01        
Brand#32 714641358.55         
Brand#33 1494691402.52        
Brand#34 653640528.34         
Brand#35 1124321086.56        
Brand#41 516974156.14         
Brand#42 712275830.54         
Brand#43 916010892.13         
Brand#44 754466753.82         
Brand#45 740495501.15         
Brand#51 1234271650.89        
Brand#52 925564580.82         
Brand#53 1546667680.41        
Brand#54 1114004155.13        
Brand#55 490148446.97         
2022-07-10 00:03:26,973 - main.py[line:100] - INFO: ground truth:
          avg(l_quantity)  sum(l_quantity)  avg(l_extendedprice)  \
p_brand                                                            
Brand#11 25.48            48894372.00      38289.44                
Brand#12 25.52            49452216.00      38262.77                
Brand#13 25.51            48965760.00      38290.03                
Brand#14 25.49            49071272.00      38228.18                
Brand#15 25.51            49075368.00      38268.13                
Brand#21 25.47            49450504.00      38167.74                
Brand#22 25.51            48783644.00      38280.51                
Brand#23 25.52            48698212.00      38336.07                
Brand#24 25.55            49032832.00      38293.47                
Brand#25 25.51            48262292.00      38331.83                
Brand#31 25.47            48883908.00      38206.66                
Brand#32 25.48            48324940.00      38175.75                
Brand#33 25.49            49829636.00      38162.83                
Brand#34 25.51            48879752.00      38206.00                
Brand#35 25.48            49524588.00      38196.71                
Brand#41 25.53            49158792.00      38290.97                
Brand#42 25.53            48952820.00      38351.88                
Brand#43 25.47            48410988.00      38228.96                
Brand#44 25.53            49172548.00      38365.06                
Brand#45 25.50            48608220.00      38108.44                
Brand#51 25.48            49029380.00      38196.22                
Brand#52 25.55            49290896.00      38277.42                
Brand#53 25.48            49146760.00      38196.85                
Brand#54 25.49            48523872.00      38316.39                
Brand#55 25.50            48481748.00      38108.68                

          sum(l_extendedprice)  avg(p_retailprice)  sum(p_retailprice)  \
p_brand                                                                  
Brand#11 73473767491.60        1501.69             2881605742.84         
Brand#12 74142075022.24        1499.41             2905422266.64         
Brand#13 73506905236.52        1500.97             2881464273.44         
Brand#14 73595360524.40        1499.73             2887224019.36         
Brand#15 73625741286.92        1500.35             2886586456.08         
Brand#21 74089387530.16        1498.28             2908379814.08         
Brand#22 73216676616.16        1500.83             2870533694.48         
Brand#23 73160853182.96        1502.53             2867440144.00         
Brand#24 73491290561.92        1498.70             2876240722.28         
Brand#25 72529040565.48        1502.62             2843154068.32         
Brand#31 73321329799.60        1500.00             2878611609.60         
Brand#32 72393735833.96        1498.25             2841167620.12         
Brand#33 74609407004.88        1497.23             2927134584.36         
Brand#34 73217529255.12        1497.78             2870335978.36         
Brand#35 74234544819.28        1499.47             2914199105.40         
Brand#41 73729868749.72        1499.85             2887982892.36         
Brand#42 73540505410.32        1502.24             2880578715.12         
Brand#43 72649404979.40        1500.43             2851375065.28         
Brand#44 73898004371.64        1502.82             2894703207.16         
Brand#45 72633161205.48        1494.26             2848006462.36         
Brand#51 73501603369.28        1499.03             2884597845.52         
Brand#52 73833309931.68        1498.07             2889633732.04         
Brand#53 73679730300.04        1499.05             2891594627.76         
Brand#54 72939693325.04        1503.23             2861577394.16         
Brand#55 72460156991.76        1494.91             2842430715.72         

          avg(ps_availqty)  sum(ps_availqty)  avg(ps_supplycost)  \
p_brand                                                            
Brand#11 5015.07            9623435588       500.32                
Brand#12 5002.27            9692939190       502.54                
Brand#13 5002.63            9603753052       500.47                
Brand#14 5002.30            9630226500       499.33                
Brand#15 4981.88            9584853717       500.62                
Brand#21 5012.12            9729285918       500.82                
Brand#22 4997.78            9558929286       500.62                
Brand#23 4988.36            9519827583       500.64                
Brand#24 5008.20            9611541588       500.95                
Brand#25 4997.25            9455467830       500.12                
Brand#31 5014.48            9623144906       501.18                
Brand#32 5003.77            9488796833       502.77                
Brand#33 4998.23            9771670139       501.08                
Brand#34 5010.56            9602181848       499.62                
Brand#35 5008.11            9733168313       499.24                
Brand#41 5002.28            9631974700       502.51                
Brand#42 5017.91            9621935286       499.76                
Brand#43 5005.13            9511629727       499.90                
Brand#44 4996.62            9624382897       500.69                
Brand#45 5007.11            9543346280       501.62                
Brand#51 5002.31            9626021324       501.28                
Brand#52 5014.60            9672657460       498.96                
Brand#53 5008.51            9661160481       500.81                
Brand#54 5011.47            9539909011       499.65                
Brand#55 5012.08            9530016147       499.38                

          sum(ps_supplycost)  
p_brand                       
Brand#11 960072394.33         
Brand#12 973766107.83         
Brand#13 960768362.38         
Brand#14 961281238.81         
Brand#15 963164294.41         
Brand#21 972174267.53         
Brand#22 957509369.29         
Brand#23 955420505.07         
Brand#24 961411686.09         
Brand#25 946304289.78         
Brand#31 961805689.55         
Brand#32 953419392.39         
Brand#33 979617815.62         
Brand#34 957468273.17         
Brand#35 970259159.00         
Brand#41 967581984.05         
Brand#42 958293713.46         
Brand#43 949991350.32         
Brand#44 964425428.32         
Brand#45 956070766.35         
Brand#51 964615981.39         
Brand#52 962443550.69         
Brand#53 966030030.09         
Brand#54 951145268.99         
Brand#55 949526175.08         
2022-07-10 00:03:26,984 - main.py[line:550] - INFO: relative error:
          avg(l_extendedprice)  avg(l_quantity)  avg(p_retailprice)  \
p_brand                                                               
Brand#11 0.02                  0.05             0.11                  
Brand#12 0.08                  0.05             0.02                  
Brand#13 0.26                  0.24             0.03                  
Brand#14 0.03                  0.04             0.11                  
Brand#15 0.05                  0.03             0.04                  
Brand#21 0.07                  0.07             0.15                  
Brand#22 0.29                  0.25             0.12                  
Brand#23 0.07                  0.07             0.04                  
Brand#24 0.04                  0.10             0.09                  
Brand#25 0.23                  0.19             0.00                  
Brand#31 0.05                  0.06             0.11                  
Brand#32 0.03                  0.06             0.07                  
Brand#33 0.02                  0.04             0.04                  
Brand#34 0.18                  0.15             0.06                  
Brand#35 0.04                  0.09             0.09                  
Brand#41 0.29                  0.30             0.01                  
Brand#42 0.18                  0.19             0.07                  
Brand#43 0.03                  0.03             0.02                  
Brand#44 0.13                  0.10             0.04                  
Brand#45 0.05                  0.00             0.10                  
Brand#51 0.05                  0.05             0.05                  
Brand#52 0.04                  0.04             0.00                  
Brand#53 0.06                  0.07             0.12                  
Brand#54 0.24                  0.21             0.20                  
Brand#55 0.02                  0.04             0.12                  

          avg(ps_availqty)  avg(ps_supplycost)  sum(l_extendedprice)  \
p_brand                                                                
Brand#11 0.05              0.03                0.25                    
Brand#12 0.07              0.04                0.24                    
Brand#13 0.06              0.07                0.80                    
Brand#14 0.09              0.12                0.10                    
Brand#15 0.14              0.00                0.44                    
Brand#21 0.06              0.03                0.53                    
Brand#22 0.17              0.16                0.27                    
Brand#23 0.08              0.08                0.32                    
Brand#24 0.02              0.01                0.37                    
Brand#25 0.10              0.14                0.36                    
Brand#31 0.05              0.05                0.34                    
Brand#32 0.02              0.06                0.18                    
Brand#33 0.10              0.05                0.57                    
Brand#34 0.10              0.07                0.13                    
Brand#35 0.03              0.10                0.01                    
Brand#41 0.05              0.09                0.65                    
Brand#42 0.08              0.19                0.48                    
Brand#43 0.02              0.01                0.08                    
Brand#44 0.03              0.09                0.38                    
Brand#45 0.08              0.03                0.24                    
Brand#51 0.03              0.20                0.01                    
Brand#52 0.05              0.04                0.03                    
Brand#53 0.00              0.03                0.64                    
Brand#54 0.02              0.03                0.49                    
Brand#55 0.07              0.03                0.48                    

          sum(l_quantity)  sum(p_retailprice)  sum(ps_availqty)  \
p_brand                                                           
Brand#11 0.21             0.13                0.21                
Brand#12 0.26             0.29                0.25                
Brand#13 0.78             0.47                0.34                
Brand#14 0.10             0.17                0.15                
Brand#15 0.43             0.43                0.32                
Brand#21 0.53             0.22                0.52                
Brand#22 0.23             0.16                0.20                
Brand#23 0.32             0.30                0.33                
Brand#24 0.45             0.21                0.34                
Brand#25 0.31             0.10                0.22                
Brand#31 0.34             0.13                0.21                
Brand#32 0.16             0.26                0.22                
Brand#33 0.55             0.55                0.45                
Brand#34 0.16             0.31                0.34                
Brand#35 0.04             0.04                0.09                
Brand#41 0.66             0.51                0.48                
Brand#42 0.50             0.42                0.43                
Brand#43 0.02             0.07                0.07                
Brand#44 0.35             0.31                0.31                
Brand#45 0.20             0.28                0.26                
Brand#51 0.01             0.02                0.10                
Brand#52 0.04             0.01                0.06                
Brand#53 0.66             0.36                0.55                
Brand#54 0.46             0.04                0.18                
Brand#55 0.49             0.54                0.43                

          sum(ps_supplycost)  
p_brand                       
Brand#11 0.24                 
Brand#12 0.27                 
Brand#13 0.33                 
Brand#14 0.18                 
Brand#15 0.41                 
Brand#21 0.47                 
Brand#22 0.19                 
Brand#23 0.33                 
Brand#24 0.30                 
Brand#25 0.26                 
Brand#31 0.34                 
Brand#32 0.25                 
Brand#33 0.53                 
Brand#34 0.32                 
Brand#35 0.16                 
Brand#41 0.47                 
Brand#42 0.26                 
Brand#43 0.04                 
Brand#44 0.22                 
Brand#45 0.23                 
Brand#51 0.28                 
Brand#52 0.04                 
Brand#53 0.60                 
Brand#54 0.17                 
Brand#55 0.48                 
2022-07-10 00:03:26,986 - main.py[line:551] - INFO: relative error normalized:
          avg(l_extendedprice)  avg(l_quantity)  avg(p_retailprice)  \
p_brand                                                               
Brand#11 0.02                  0.05             0.11                  
Brand#12 0.08                  0.05             0.02                  
Brand#13 0.23                  0.22             0.03                  
Brand#14 0.03                  0.04             0.10                  
Brand#15 0.05                  0.03             0.04                  
Brand#21 0.07                  0.07             0.14                  
Brand#22 0.25                  0.22             0.12                  
Brand#23 0.07                  0.07             0.04                  
Brand#24 0.04                  0.09             0.08                  
Brand#25 0.21                  0.17             0.00                  
Brand#31 0.05                  0.06             0.11                  
Brand#32 0.03                  0.06             0.07                  
Brand#33 0.02                  0.04             0.04                  
Brand#34 0.16                  0.14             0.05                  
Brand#35 0.04                  0.09             0.09                  
Brand#41 0.25                  0.26             0.01                  
Brand#42 0.16                  0.18             0.07                  
Brand#43 0.03                  0.03             0.02                  
Brand#44 0.12                  0.09             0.04                  
Brand#45 0.05                  0.00             0.10                  
Brand#51 0.05                  0.05             0.05                  
Brand#52 0.04                  0.04             0.00                  
Brand#53 0.06                  0.07             0.11                  
Brand#54 0.21                  0.19             0.18                  
Brand#55 0.02                  0.04             0.12                  

          avg(ps_availqty)  avg(ps_supplycost)  sum(l_extendedprice)  \
p_brand                                                                
Brand#11 0.05              0.03                0.22                    
Brand#12 0.07              0.03                0.21                    
Brand#13 0.06              0.07                0.55                    
Brand#14 0.08              0.12                0.09                    
Brand#15 0.13              0.00                0.35                    
Brand#21 0.06              0.03                0.41                    
Brand#22 0.15              0.15                0.24                    
Brand#23 0.08              0.08                0.28                    
Brand#24 0.02              0.01                0.31                    
Brand#25 0.10              0.13                0.30                    
Brand#31 0.05              0.05                0.29                    
Brand#32 0.02              0.06                0.17                    
Brand#33 0.09              0.05                0.43                    
Brand#34 0.10              0.07                0.13                    
Brand#35 0.03              0.10                0.01                    
Brand#41 0.05              0.08                0.48                    
Brand#42 0.08              0.17                0.38                    
Brand#43 0.02              0.01                0.07                    
Brand#44 0.03              0.09                0.32                    
Brand#45 0.08              0.03                0.22                    
Brand#51 0.03              0.18                0.01                    
Brand#52 0.05              0.04                0.03                    
Brand#53 0.00              0.03                0.47                    
Brand#54 0.02              0.03                0.39                    
Brand#55 0.07              0.03                0.38                    

          sum(l_quantity)  sum(p_retailprice)  sum(ps_availqty)  \
p_brand                                                           
Brand#11 0.19             0.12                0.19                
Brand#12 0.23             0.25                0.22                
Brand#13 0.54             0.37                0.29                
Brand#14 0.10             0.16                0.14                
Brand#15 0.35             0.35                0.27                
Brand#21 0.41             0.20                0.40                
Brand#22 0.21             0.15                0.18                
Brand#23 0.28             0.26                0.28                
Brand#24 0.36             0.19                0.29                
Brand#25 0.27             0.09                0.20                
Brand#31 0.29             0.12                0.19                
Brand#32 0.15             0.23                0.20                
Brand#33 0.42             0.42                0.36                
Brand#34 0.14             0.26                0.29                
Brand#35 0.04             0.04                0.08                
Brand#41 0.48             0.40                0.38                
Brand#42 0.39             0.34                0.35                
Brand#43 0.02             0.06                0.07                
Brand#44 0.30             0.27                0.26                
Brand#45 0.18             0.24                0.23                
Brand#51 0.01             0.02                0.09                
Brand#52 0.04             0.01                0.06                
Brand#53 0.48             0.30                0.42                
Brand#54 0.37             0.04                0.16                
Brand#55 0.39             0.41                0.35                

          sum(ps_supplycost)  
p_brand                       
Brand#11 0.22                 
Brand#12 0.24                 
Brand#13 0.28                 
Brand#14 0.17                 
Brand#15 0.34                 
Brand#21 0.37                 
Brand#22 0.18                 
Brand#23 0.28                 
Brand#24 0.26                 
Brand#25 0.23                 
Brand#31 0.29                 
Brand#32 0.22                 
Brand#33 0.41                 
Brand#34 0.27                 
Brand#35 0.15                 
Brand#41 0.37                 
Brand#42 0.23                 
Brand#43 0.04                 
Brand#44 0.20                 
Brand#45 0.20                 
Brand#51 0.24                 
Brand#52 0.04                 
Brand#53 0.45                 
Brand#54 0.16                 
Brand#55 0.38                 
2022-07-10 00:03:26,986 - main.py[line:554] - INFO: relative error average: 0.1904003604722892
2022-07-10 00:03:26,986 - main.py[line:555] - INFO: relative error normalized average: 0.1616960589530118
2022-07-10 00:03:27,085 - main.py[line:601] - INFO: total_time:9.287711404263973
categorical_columns: ['l_partkey_0', 'l_partkey_1', 'l_partkey_2', 'l_partkey_3', 'l_partkey_4', 'l_partkey_5', 'l_partkey_6', 'l_partkey_7', 'l_partkey_8', 'l_partkey_9', 'l_partkey_10', 'l_partkey_11', 'l_partkey_12', 'l_partkey_13', 'l_partkey_14', 'l_partkey_15', 'l_partkey_16', 'l_partkey_17', 'l_partkey_18', 'l_partkey_19']
