main.py:19: FutureWarning: Passing a negative integer is deprecated in version 1.0 and will not be supported in future version. Instead, use None to not limit the column width.
  pd.set_option('max_colwidth', -1)
2022-07-07 23:11:00,326 - main.py[line:581] - INFO: load query config config/query/flights2.json successfully
2022-07-07 23:11:00,327 - main.py[line:588] - INFO: load train config ./config/train/flights2_a_torch_cvae.json successfully
2022-07-07 23:11:00,327 - main.py[line:588] - INFO: load train config ./config/train/flights2_b_torch_cvae.json successfully
2022-07-07 23:11:00,327 - dataset_utils.py[line:567] - INFO: load existing dataset(light):flights2-flight-a_a_origin_state_abr#a_unique_carrier_a_taxi_out#a_air_time#a_distance_a_origin_state_abr#a_unique_carrier_binary_mm_0
2022-07-07 23:11:00,473 - dataset_utils.py[line:576] - INFO: load dataset(light) time elapsed:0.14624197036027908
2022-07-07 23:11:00,473 - pytorch_cvae.py[line:276] - INFO: feature info:[('a_taxi_out', 'numerical', 1), ('a_air_time', 'numerical', 1), ('a_distance', 'numerical', 1), ('a_origin_state_abr', 'categorical', 7), ('a_unique_carrier', 'categorical', 6)]
2022-07-07 23:11:00,475 - model_utils.py[line:75] - INFO: load model name:torch_cvae_flights2-flight-a_a_origin_state_abr_a_unique_carrier_ld100_id150_bs512_ep150_0_binary_mm
2022-07-07 23:11:02,502 - model_utils.py[line:86] - INFO: load torch model time elapsed:2.027245607227087
2022-07-07 23:11:02,502 - pytorch_cvae.py[line:286] - INFO: load model time elapsed:2.175186265259981
2022-07-07 23:11:02,502 - dataset_utils.py[line:567] - INFO: load existing dataset(light):flights2-flight-b_b_origin_state_abr__b_origin_state_abr_binary_mm_0
2022-07-07 23:11:02,526 - dataset_utils.py[line:576] - INFO: load dataset(light) time elapsed:0.02408992126584053
2022-07-07 23:11:02,526 - pytorch_cvae.py[line:276] - INFO: feature info:[('b_origin_state_abr', 'categorical', 7)]
2022-07-07 23:11:02,527 - model_utils.py[line:75] - INFO: load model name:torch_cvae_flights2-flight-b_b_origin_state_abr_ld50_id100_bs512_ep100_0_binary_mm
2022-07-07 23:11:02,528 - model_utils.py[line:86] - INFO: load torch model time elapsed:0.001444440335035324
2022-07-07 23:11:02,528 - pytorch_cvae.py[line:286] - INFO: load model time elapsed:0.02631548047065735
2022-07-07 23:11:02,528 - main.py[line:525] - INFO: multi_sampling No.0 epoch
2022-07-07 23:11:04,365 - pytorch_cvae.py[line:399] - INFO: sampling time:1.830628901720047
2022-07-07 23:11:04,439 - pytorch_cvae.py[line:419] - INFO: house sampling rate:0.05
2022-07-07 23:11:04,502 - pytorch_cvae.py[line:399] - INFO: sampling time:0.06288464739918709
2022-07-07 23:11:05,703 - main.py[line:509] - INFO: sample and aggregation time elapsed:3.1747851967811584
2022-07-07 23:11:05,708 - main.py[line:542] - INFO: sample time: 3.179306458681822
2022-07-07 23:11:05,729 - main.py[line:99] - INFO: aqp result:
                  avg(a_taxi_out)  avg(a_air_time)  avg(a_distance)  \
a_unique_carrier                                                      
9E               17.39            1217.81          698.97             
AA               17.13            1218.92          726.33             
AQ               17.46            1222.75          729.56             
AS               17.25            1216.70          708.92             
B6               17.48            1216.77          706.18             
CO               17.53            1216.06          713.85             
DH               17.99            1217.33          723.14             
DL               17.40            1217.04          744.70             
EV               17.62            1217.66          746.17             
F9               17.13            1218.10          739.09             
FL               17.60            1218.84          746.88             
HA               17.15            1216.51          739.80             
HP               17.73            1220.79          749.35             
MQ               17.49            1215.54          733.85             
NK               17.07            1219.40          753.06             
NW               16.29            1220.40          740.25             
OH (1)           16.88            1219.95          740.97             
OO               16.80            1218.02          738.72             
TW               16.96            1221.61          764.71             
TZ               16.74            1218.35          765.36             
UA               17.02            1219.80          743.23             
US               16.75            1218.50          740.20             
VX               16.99            1219.89          738.66             
WN               16.53            1219.44          723.74             
XE               17.26            1218.72          726.05             
YV               16.63            1222.18          740.05             

                  sum(a_taxi_out)  sum(a_air_time)  sum(a_distance)  
a_unique_carrier                                                     
9E               1088243932.47    77232836852.45   44086697287.37    
AA               9484022257.70    670155439527.38  394572517287.24   
AQ               76662993.93      5466670797.73    3288213618.80     
AS               2026311657.46    144036096671.96  83342985558.77    
B6               1708959214.05    122119096450.65  71884112424.83    
CO               3512558563.40    239931771919.21  137484275338.39   
DH               432288414.99     29178712088.89   17553734217.36    
DL               10166566676.32   701261224122.32  438090228095.39   
EV               3551379548.43    248130697067.32  158585959987.06   
F9               655814703.94     46196733128.29   28402160221.43    
FL               1562800488.71    110151739935.09  69701165507.10    
HA               540427752.20     38036113438.53   23299684984.24    
HP               1363931861.59    96616403278.95   60874775067.44    
MQ               4206357887.83    288603469848.85  173056587071.82   
NK               155103758.90     11242116567.40   7003126567.48     
NW               4106477875.39    309241249077.05  188521620808.92   
OH (1)           1024369999.78    76764046864.01   48278048382.79    
OO               4920421454.05    360758208043.29  221518337924.96   
TW               1058436632.94    78591449131.54   50263660903.67    
TZ               104045412.67     7599281600.54    4733380551.34     
UA               7650907196.00    559688785086.24  354304870580.21   
US               6522280068.87    471858911275.05  288215748391.47   
VX               175317232.44     12909972304.18   8060983649.56     
WN               14102398007.65   1023493201421.03 606300484011.49   
XE               1971610565.93    142019129582.95  86977991175.17    
YV               992375767.41     74697813987.12   45798142061.16    
2022-07-07 23:11:05,732 - main.py[line:100] - INFO: ground truth:
                  sum(a_taxi_out)  avg(a_taxi_out)  sum(a_air_time)  \
a_unique_carrier                                                      
9E               741101698.57     15.15            58880704989.57     
AA               7989875051.98    15.55            619430514363.80    
AQ               86631196.39      15.87            6543460866.54      
AS               1848560227.43    15.43            144331558233.33    
B6               1470850178.74    15.60            113799492628.54    
CO               3106668746.22    15.59            240048308499.97    
DH               367218921.85     15.49            28440016722.48     
DL               8981685488.31    15.57            695773932714.29    
EV               3181962351.09    15.68            244702638367.97    
F9               570577147.90     15.46            44476849990.55     
FL               1395415570.15    15.59            107894733721.66    
HA               494281312.53     15.56            38211095213.40     
HP               1227584010.63    15.51            95391382060.99     
MQ               3759015081.03    15.64            289433438181.99    
NK               147254628.38     15.47            11455447903.05     
NW               3904891886.94    15.58            301859529285.21    
OH (1)           952968179.55     15.37            74636252791.26     
OO               4367541877.63    15.47            340289304596.67    
TW               1004435409.83    15.42            78568723096.25     
TZ               121899826.21     16.84            8729112894.46      
UA               6832602622.78    15.61            527301016058.02    
US               6092371671.52    15.74            466392055985.71    
VX               167606958.73     14.81            13654805413.23     
WN               12522355213.58   15.53            971806211739.94    
XE               1848841981.24    15.61            142753704429.07    
YV               951495612.18     15.81            72725041886.37     

                  avg(a_air_time)  sum(a_distance)  avg(a_distance)  
a_unique_carrier                                                     
9E               1203.99          35711788851.31   730.23            
AA               1205.41          381243748002.27  741.90            
AQ               1198.81          3790834029.22    694.51            
AS               1205.11          88696395636.76   740.58            
B6               1207.26          71473179185.90   758.23            
CO               1204.64          146402774103.50  734.70            
DH               1199.47          16449517708.08   693.76            
DL               1205.97          430329104776.58  745.88            
EV               1205.57          150835474033.21  743.12            
F9               1205.36          27325788632.97   740.55            
FL               1205.30          66527232060.59   743.18            
HA               1203.07          22898614485.52   720.96            
HP               1205.34          58487708653.73   739.03            
MQ               1204.36          176132606008.73  732.90            
NK               1203.73          6925756819.23    727.75            
NW               1204.24          183277498856.54  731.17            
OH (1)           1203.89          45360575256.62   731.67            
OO               1204.93          208420476170.33  738.00            
TW               1206.18          48659767530.98   747.02            
TZ               1205.89          5310019388.65    733.55            
UA               1204.95          322665183451.92  737.33            
US               1204.84          285669645091.13  737.97            
VX               1206.36          8547076307.99    755.11            
WN               1204.92          595750659418.91  738.66            
XE               1205.52          87848470069.39   741.86            
YV               1208.26          46183746721.52   767.30            
2022-07-07 23:11:05,741 - main.py[line:550] - INFO: relative error:
                  avg(a_air_time)  avg(a_distance)  avg(a_taxi_out)  \
a_unique_carrier                                                      
9E               0.01             0.04             0.15               
AA               0.01             0.02             0.10               
AQ               0.02             0.05             0.10               
AS               0.01             0.04             0.12               
B6               0.01             0.07             0.12               
CO               0.01             0.03             0.12               
DH               0.01             0.04             0.16               
DL               0.01             0.00             0.12               
EV               0.01             0.00             0.12               
F9               0.01             0.00             0.11               
FL               0.01             0.00             0.13               
HA               0.01             0.03             0.10               
HP               0.01             0.01             0.14               
MQ               0.01             0.00             0.12               
NK               0.01             0.03             0.10               
NW               0.01             0.01             0.05               
OH (1)           0.01             0.01             0.10               
OO               0.01             0.00             0.09               
TW               0.01             0.02             0.10               
TZ               0.01             0.04             0.01               
UA               0.01             0.01             0.09               
US               0.01             0.00             0.06               
VX               0.01             0.02             0.15               
WN               0.01             0.02             0.06               
XE               0.01             0.02             0.11               
YV               0.01             0.04             0.05               

                  sum(a_air_time)  sum(a_distance)  sum(a_taxi_out)  
a_unique_carrier                                                     
9E               0.31             0.23             0.47              
AA               0.08             0.03             0.19              
AQ               0.16             0.13             0.12              
AS               0.00             0.06             0.10              
B6               0.07             0.01             0.16              
CO               0.00             0.06             0.13              
DH               0.03             0.07             0.18              
DL               0.01             0.02             0.13              
EV               0.01             0.05             0.12              
F9               0.04             0.04             0.15              
FL               0.02             0.05             0.12              
HA               0.00             0.02             0.09              
HP               0.01             0.04             0.11              
MQ               0.00             0.02             0.12              
NK               0.02             0.01             0.05              
NW               0.02             0.03             0.05              
OH (1)           0.03             0.06             0.07              
OO               0.06             0.06             0.13              
TW               0.00             0.03             0.05              
TZ               0.13             0.11             0.15              
UA               0.06             0.10             0.12              
US               0.01             0.01             0.07              
VX               0.05             0.06             0.05              
WN               0.05             0.02             0.13              
XE               0.01             0.01             0.07              
YV               0.03             0.01             0.04              
2022-07-07 23:11:05,743 - main.py[line:551] - INFO: relative error normalized:
                  avg(a_air_time)  avg(a_distance)  avg(a_taxi_out)  \
a_unique_carrier                                                      
9E               0.01             0.04             0.14               
AA               0.01             0.02             0.10               
AQ               0.02             0.05             0.10               
AS               0.01             0.04             0.11               
B6               0.01             0.07             0.11               
CO               0.01             0.03             0.12               
DH               0.01             0.04             0.15               
DL               0.01             0.00             0.11               
EV               0.01             0.00             0.12               
F9               0.01             0.00             0.10               
FL               0.01             0.00             0.12               
HA               0.01             0.03             0.10               
HP               0.01             0.01             0.13               
MQ               0.01             0.00             0.11               
NK               0.01             0.03             0.10               
NW               0.01             0.01             0.04               
OH (1)           0.01             0.01             0.09               
OO               0.01             0.00             0.08               
TW               0.01             0.02             0.10               
TZ               0.01             0.04             0.01               
UA               0.01             0.01             0.09               
US               0.01             0.00             0.06               
VX               0.01             0.02             0.14               
WN               0.01             0.02             0.06               
XE               0.01             0.02             0.10               
YV               0.01             0.03             0.05               

                  sum(a_air_time)  sum(a_distance)  sum(a_taxi_out)  
a_unique_carrier                                                     
9E               0.27             0.21             0.37              
AA               0.08             0.03             0.17              
AQ               0.15             0.12             0.11              
AS               0.00             0.06             0.09              
B6               0.07             0.01             0.15              
CO               0.00             0.06             0.12              
DH               0.03             0.06             0.16              
DL               0.01             0.02             0.12              
EV               0.01             0.05             0.11              
F9               0.04             0.04             0.14              
FL               0.02             0.05             0.11              
HA               0.00             0.02             0.09              
HP               0.01             0.04             0.11              
MQ               0.00             0.02             0.11              
NK               0.02             0.01             0.05              
NW               0.02             0.03             0.05              
OH (1)           0.03             0.06             0.07              
OO               0.06             0.06             0.12              
TW               0.00             0.03             0.05              
TZ               0.12             0.10             0.14              
UA               0.06             0.09             0.11              
US               0.01             0.01             0.07              
VX               0.05             0.06             0.04              
WN               0.05             0.02             0.12              
XE               0.01             0.01             0.06              
YV               0.03             0.01             0.04              
2022-07-07 23:11:05,743 - main.py[line:554] - INFO: relative error average: 0.05958603023169614
2022-07-07 23:11:05,743 - main.py[line:555] - INFO: relative error normalized average: 0.05603715143052181
2022-07-07 23:11:05,747 - main.py[line:601] - INFO: total_time:5.4207076616585255
categorical_columns: ['a_origin_state_abr_0', 'a_origin_state_abr_1', 'a_origin_state_abr_2', 'a_origin_state_abr_3', 'a_origin_state_abr_4', 'a_origin_state_abr_5', 'a_origin_state_abr_6', 'a_unique_carrier_0', 'a_unique_carrier_1', 'a_unique_carrier_2', 'a_unique_carrier_3', 'a_unique_carrier_4', 'a_unique_carrier_5']
categorical_columns: ['b_origin_state_abr_0', 'b_origin_state_abr_1', 'b_origin_state_abr_2', 'b_origin_state_abr_3', 'b_origin_state_abr_4', 'b_origin_state_abr_5', 'b_origin_state_abr_6']
