main.py:19: FutureWarning: Passing a negative integer is deprecated in version 1.0 and will not be supported in future version. Instead, use None to not limit the column width.
  pd.set_option('max_colwidth', -1)
2023-07-01 15:21:30,767 - main.py[line:642] - INFO: load query config config/query/census2_inc.json successfully
2023-07-01 15:21:30,767 - main.py[line:649] - INFO: load train config ./config/train/census2_a_inc_torch_cvae.json successfully
2023-07-01 15:21:30,767 - main.py[line:649] - INFO: load train config ./config/train/census2_b_torch_cvae.json successfully
2023-07-01 15:21:30,767 - dataset_utils.py[line:585] - INFO: load existing dataset(light):census2-adult-a-inc_a_education_num#a_relationship_a_fnlwgt#a_age#a_hours_per_week_a_education_num#a_relationship_binary_gaussian5_0sample_train
2023-07-01 15:21:33,114 - dataset_utils.py[line:594] - INFO: load dataset(light) time elapsed:2.346408077981323
2023-07-01 15:21:33,114 - pytorch_cvae.py[line:280] - INFO: feature info:[('a_fnlwgt', 'numerical', 6), ('a_age', 'numerical', 6), ('a_hours_per_week', 'numerical', 6), ('a_education_num', 'categorical', 5), ('a_relationship', 'categorical', 4)]
2023-07-01 15:21:33,115 - model_utils.py[line:75] - INFO: load model name:torch_cvae_census2-adult-a-inc_a_education_num_a_relationship_ld50_id150_bs512_ep150_0_binary_gaussian5sample_train
2023-07-01 15:21:33,117 - model_utils.py[line:86] - INFO: load torch model time elapsed:0.0019242851994931698
2023-07-01 15:21:33,117 - pytorch_cvae.py[line:290] - INFO: load model time elapsed:2.3498703299555928
2023-07-01 15:21:33,117 - dataset_utils.py[line:585] - INFO: load existing dataset(light):census2-adult-b_b_education_num__b_education_num_binary_gaussian5_0
2023-07-01 15:21:33,124 - dataset_utils.py[line:594] - INFO: load dataset(light) time elapsed:0.006484905956313014
2023-07-01 15:21:33,124 - pytorch_cvae.py[line:280] - INFO: feature info:[('b_education_num', 'categorical', 5)]
2023-07-01 15:21:33,124 - model_utils.py[line:75] - INFO: load model name:torch_cvae_census2-adult-b_b_education_num_ld50_id100_bs512_ep150_0_binary_gaussian5
2023-07-01 15:21:33,126 - model_utils.py[line:86] - INFO: load torch model time elapsed:0.0015585918445140123
2023-07-01 15:21:33,126 - pytorch_cvae.py[line:290] - INFO: load model time elapsed:0.008794954977929592
2023-07-01 15:21:33,126 - main.py[line:572] - INFO: multi_sampling No.0 epoch
2023-07-01 15:21:33,126 - pytorch_cvae.py[line:427] - INFO: house sampling rate:0.02
2023-07-01 15:21:33,795 - pytorch_cvae.py[line:407] - INFO: sampling time:0.6682669140864164
2023-07-01 15:21:33,795 - pytorch_cvae.py[line:427] - INFO: house sampling rate:0.5
2023-07-01 15:21:33,943 - pytorch_cvae.py[line:407] - INFO: sampling time:0.147365293931216
2023-07-01 15:21:45,462 - main.py[line:555] - INFO: sample and aggregation time elapsed:12.335780475987121
2023-07-01 15:21:45,465 - main.py[line:593] - INFO: sample time: 12.339126323116943
2023-07-01 15:21:45,485 - main.py[line:104] - INFO: aqp result:
                 avg(a_age)  avg(a_hours_per_week)  avg(a_fnlwgt)  \
a_relationship                                                      
 Husband        38.08       38.60                  174993.38        
 Not-in-family  39.08       38.41                  171052.27        
 Other-relative 37.77       37.04                  196536.69        
 Own-child      38.12       38.47                  174034.17        
 Unmarried      39.80       39.15                  170869.23        
 Wife           38.07       40.62                  167328.78        

                    sum(a_age)  sum(a_hours_per_week)      sum(a_fnlwgt)  
a_relationship                                                            
 Husband        81317785696.48 82436911534.11         373735393446719.19  
 Not-in-family  73917555538.06 72653651912.32         323563667823137.19  
 Other-relative inf            inf                    inf                 
 Own-child      24189223222.22 24413039892.49         110436831073621.19  
 Unmarried      19265620230.06 18946927288.03         82709667537702.78   
 Wife           7263753318.91  7749268421.39          31923214881240.62   
2023-07-01 15:21:45,489 - main.py[line:105] - INFO: ground truth:
                  sum(a_age)  avg(a_age)  sum(a_hours_per_week)  \
a_relationship                                                    
 Husband         87370070065 38.57       89423750935.98           
 Not-in-family   54595659351 38.59       55930158869.30           
 Other-relative  6625596621  38.75       6787215589.82            
 Own-child       33582483407 38.59       34394168467.46           
 Unmarried       22589581214 38.54       23165964367.03           
 Wife            10373880746 38.64       10656937777.96           

                 avg(a_hours_per_week)      sum(a_fnlwgt)  avg(a_fnlwgt)  
a_relationship                                                            
 Husband        39.48                  403039889506702.38 177941.66       
 Not-in-family  39.53                  250236539500460.41 176869.15       
 Other-relative 39.69                  30053448855758.80  175765.67       
 Own-child      39.52                  154254839485714.00 177241.88       
 Unmarried      39.52                  103401686055605.38 176404.23       
 Wife           39.69                  47409213397508.31  176586.67       
2023-07-01 15:21:45,495 - main.py[line:611] - INFO: relative error:
                 avg(a_age)  avg(a_fnlwgt)  avg(a_hours_per_week)  sum(a_age)  \
a_relationship                                                                  
 Husband        0.01        0.02           0.02                   0.07          
 Not-in-family  0.01        0.03           0.03                   0.35          
 Other-relative 0.03        0.12           0.07                   inf           
 Own-child      0.01        0.02           0.03                   0.28          
 Unmarried      0.03        0.03           0.01                   0.15          
 Wife           0.01        0.05           0.02                   0.30          

                 sum(a_fnlwgt)  sum(a_hours_per_week)  
a_relationship                                         
 Husband        0.07           0.08                    
 Not-in-family  0.29           0.30                    
 Other-relative inf            inf                     
 Own-child      0.28           0.29                    
 Unmarried      0.20           0.18                    
 Wife           0.33           0.27                    
2023-07-01 15:21:45,496 - main.py[line:612] - INFO: relative error normalized:
                 avg(a_age)  avg(a_hours_per_week)  avg(a_fnlwgt)
a_relationship                                                   
 Husband        0.01        0.02                   0.02          
 Not-in-family  0.01        0.03                   0.03          
 Other-relative 0.02        0.06                   0.11          
 Own-child      0.01        0.03                   0.02          
 Unmarried      0.03        0.01                   0.03          
 Wife           0.01        0.02                   0.05          
2023-07-01 15:21:45,496 - main.py[line:615] - INFO: relative error average: inf
2023-07-01 15:21:45,496 - main.py[line:616] - INFO: relative error normalized average: 0.030163879441089916
2023-07-01 15:21:45,499 - main.py[line:662] - INFO: total_time:14.73232190287672
