main.py:19: FutureWarning: Passing a negative integer is deprecated in version 1.0 and will not be supported in future version. Instead, use None to not limit the column width.
  pd.set_option('max_colwidth', -1)
2023-07-01 15:20:25,384 - main.py[line:642] - INFO: load query config config/query/census2_inc.json successfully
2023-07-01 15:20:25,384 - main.py[line:649] - INFO: load train config ./config/train/census2_a_inc_torch_cvae.json successfully
2023-07-01 15:20:25,384 - main.py[line:649] - INFO: load train config ./config/train/census2_b_torch_cvae.json successfully
2023-07-01 15:20:25,384 - dataset_utils.py[line:585] - INFO: load existing dataset(light):census2-adult-a-inc_a_education_num#a_relationship_a_fnlwgt#a_age#a_hours_per_week_a_education_num#a_relationship_binary_gaussian5_0sample_train
2023-07-01 15:20:27,716 - dataset_utils.py[line:594] - INFO: load dataset(light) time elapsed:2.3318749589379877
2023-07-01 15:20:27,716 - pytorch_cvae.py[line:280] - INFO: feature info:[('a_fnlwgt', 'numerical', 6), ('a_age', 'numerical', 6), ('a_hours_per_week', 'numerical', 6), ('a_education_num', 'categorical', 5), ('a_relationship', 'categorical', 4)]
2023-07-01 15:20:27,718 - model_utils.py[line:75] - INFO: load model name:torch_cvae_census2-adult-a-inc_a_education_num_a_relationship_ld50_id150_bs512_ep150_0_binary_gaussian5sample_train
2023-07-01 15:20:27,720 - model_utils.py[line:86] - INFO: load torch model time elapsed:0.0019414590205997229
2023-07-01 15:20:27,720 - pytorch_cvae.py[line:290] - INFO: load model time elapsed:2.3352590478025377
2023-07-01 15:20:27,720 - dataset_utils.py[line:585] - INFO: load existing dataset(light):census2-adult-b_b_education_num__b_education_num_binary_gaussian5_0
2023-07-01 15:20:27,726 - dataset_utils.py[line:594] - INFO: load dataset(light) time elapsed:0.006447540130466223
2023-07-01 15:20:27,726 - pytorch_cvae.py[line:280] - INFO: feature info:[('b_education_num', 'categorical', 5)]
2023-07-01 15:20:27,727 - model_utils.py[line:75] - INFO: load model name:torch_cvae_census2-adult-b_b_education_num_ld50_id100_bs512_ep150_0_binary_gaussian5
2023-07-01 15:20:27,728 - model_utils.py[line:86] - INFO: load torch model time elapsed:0.001360128866508603
2023-07-01 15:20:27,728 - pytorch_cvae.py[line:290] - INFO: load model time elapsed:0.008508085971698165
2023-07-01 15:20:27,728 - main.py[line:572] - INFO: multi_sampling No.0 epoch
2023-07-01 15:20:27,729 - pytorch_cvae.py[line:427] - INFO: house sampling rate:0.016
2023-07-01 15:20:28,368 - pytorch_cvae.py[line:407] - INFO: sampling time:0.6390408768784255
2023-07-01 15:20:28,368 - pytorch_cvae.py[line:427] - INFO: house sampling rate:0.5
2023-07-01 15:20:28,513 - pytorch_cvae.py[line:407] - INFO: sampling time:0.14479832886718214
2023-07-01 15:20:37,198 - main.py[line:555] - INFO: sample and aggregation time elapsed:9.469788351096213
2023-07-01 15:20:37,201 - main.py[line:593] - INFO: sample time: 9.473065044963732
2023-07-01 15:20:37,223 - main.py[line:104] - INFO: aqp result:
                 avg(a_age)  avg(a_hours_per_week)  avg(a_fnlwgt)  \
a_relationship                                                      
 Husband        37.93       38.40                  169843.63        
 Not-in-family  38.75       39.33                  167636.61        
 Other-relative 37.93       36.93                  173503.67        
 Own-child      38.20       39.08                  173664.33        
 Unmarried      37.25       40.66                  168435.13        
 Wife           39.91       41.20                  183196.13        

                    sum(a_age)  sum(a_hours_per_week)      sum(a_fnlwgt)  
a_relationship                                                            
 Husband        86118375963.05 87191076939.75         385630122773138.81  
 Not-in-family  69800002926.26 70849703225.73         302004833842986.25  
 Other-relative inf            inf                    inf                 
 Own-child      23997630771.84 24552165910.58         109115382167925.80  
 Unmarried      16595720001.84 18116047868.43         75048712035228.22   
 Wife           7098405515.70  7331209714.72          32583125208026.09   
2023-07-01 15:20:37,225 - main.py[line:105] - INFO: ground truth:
                  sum(a_age)  avg(a_age)  sum(a_hours_per_week)  \
a_relationship                                                    
 Husband         87370070065 38.57       89423750935.98           
 Not-in-family   54595659351 38.59       55930158869.30           
 Other-relative  6625596621  38.75       6787215589.82            
 Own-child       33582483407 38.59       34394168467.46           
 Unmarried       22589581214 38.54       23165964367.03           
 Wife            10373880746 38.64       10656937777.96           

                 avg(a_hours_per_week)      sum(a_fnlwgt)  avg(a_fnlwgt)  
a_relationship                                                            
 Husband        39.48                  403039889506702.38 177941.66       
 Not-in-family  39.53                  250236539500460.41 176869.15       
 Other-relative 39.69                  30053448855758.80  175765.67       
 Own-child      39.52                  154254839485714.00 177241.88       
 Unmarried      39.52                  103401686055605.38 176404.23       
 Wife           39.69                  47409213397508.31  176586.67       
2023-07-01 15:20:37,232 - main.py[line:611] - INFO: relative error:
                 avg(a_age)  avg(a_fnlwgt)  avg(a_hours_per_week)  sum(a_age)  \
a_relationship                                                                  
 Husband        0.02        0.05           0.03                   0.01          
 Not-in-family  0.00        0.05           0.01                   0.28          
 Other-relative 0.02        0.01           0.07                   inf           
 Own-child      0.01        0.02           0.01                   0.29          
 Unmarried      0.03        0.05           0.03                   0.27          
 Wife           0.03        0.04           0.04                   0.32          

                 sum(a_fnlwgt)  sum(a_hours_per_week)  
a_relationship                                         
 Husband        0.04           0.02                    
 Not-in-family  0.21           0.27                    
 Other-relative inf            inf                     
 Own-child      0.29           0.29                    
 Unmarried      0.27           0.22                    
 Wife           0.31           0.31                    
2023-07-01 15:20:37,233 - main.py[line:612] - INFO: relative error normalized:
                 avg(a_age)  avg(a_hours_per_week)  avg(a_fnlwgt)
a_relationship                                                   
 Husband        0.02        0.03                   0.04          
 Not-in-family  0.00        0.01                   0.05          
 Other-relative 0.02        0.07                   0.01          
 Own-child      0.01        0.01                   0.02          
 Unmarried      0.03        0.03                   0.04          
 Wife           0.03        0.04                   0.04          
2023-07-01 15:20:37,233 - main.py[line:615] - INFO: relative error average: inf
2023-07-01 15:20:37,233 - main.py[line:616] - INFO: relative error normalized average: 0.02786677810866374
2023-07-01 15:20:37,237 - main.py[line:662] - INFO: total_time:11.852914968971163
