main.py:19: FutureWarning: Passing a negative integer is deprecated in version 1.0 and will not be supported in future version. Instead, use None to not limit the column width.
  pd.set_option('max_colwidth', -1)
2023-07-12 08:08:31,041 - main.py[line:642] - INFO: load query config config/query/flights_test.json successfully
2023-07-12 08:08:31,041 - main.py[line:649] - INFO: load train config ./config/train/flights_test_a_torch_cvae.json successfully
2023-07-12 08:08:31,041 - main.py[line:649] - INFO: load train config ./config/train/flights_test_b_torch_cvae.json successfully
2023-07-12 08:08:31,041 - dataset_utils.py[line:599] - INFO: load existing dataset(light):flights-test-flight-a_a_unique_carrier_a_taxi_out#a_distance_a_unique_carrier_binary_gaussian5_0
2023-07-12 08:08:31,173 - dataset_utils.py[line:608] - INFO: load dataset(light) time elapsed:0.13178280694410205
2023-07-12 08:08:31,173 - pytorch_cvae.py[line:280] - INFO: feature info:[('a_taxi_out', 'numerical', 6), ('a_distance', 'numerical', 6), ('a_unique_carrier', 'categorical', 6)]
2023-07-12 08:08:31,174 - model_utils.py[line:75] - INFO: load model name:torch_cvae_flights-test-flight-a_a_unique_carrier_ld100_id150_bs512_ep150_0_binary_gaussian5
2023-07-12 08:08:33,457 - model_utils.py[line:86] - INFO: load torch model time elapsed:2.2828939207829535
2023-07-12 08:08:33,457 - pytorch_cvae.py[line:290] - INFO: load model time elapsed:2.4162176297977567
2023-07-12 08:08:33,457 - dataset_utils.py[line:599] - INFO: load existing dataset(light):flights-test-flight-b_b_unique_carrier_b_air_time_b_unique_carrier_binary_gaussian5_0
2023-07-12 08:08:33,520 - dataset_utils.py[line:608] - INFO: load dataset(light) time elapsed:0.06276578921824694
2023-07-12 08:08:33,520 - pytorch_cvae.py[line:280] - INFO: feature info:[('b_air_time', 'numerical', 6), ('b_unique_carrier', 'categorical', 6)]
2023-07-12 08:08:33,521 - model_utils.py[line:75] - INFO: load model name:torch_cvae_flights-test-flight-b_b_unique_carrier_ld50_id100_bs512_ep100_0_binary_gaussian5
2023-07-12 08:08:33,522 - model_utils.py[line:86] - INFO: load torch model time elapsed:0.0014274721033871174
2023-07-12 08:08:33,522 - pytorch_cvae.py[line:290] - INFO: load model time elapsed:0.06497114710509777
2023-07-12 08:08:33,522 - main.py[line:572] - INFO: multi_sampling No.0 epoch
2023-07-12 08:08:34,091 - pytorch_cvae.py[line:407] - INFO: sampling time:0.5679628127254546
2023-07-12 08:08:34,363 - pytorch_cvae.py[line:407] - INFO: sampling time:0.27202707808464766
2023-07-12 08:08:34,747 - main.py[line:555] - INFO: sample and aggregation time elapsed:1.2248781006783247
2023-07-12 08:08:34,750 - main.py[line:593] - INFO: sample time: 1.2280759797431529
2023-07-12 08:08:34,773 - main.py[line:104] - INFO: aqp result:
                  avg(a_taxi_out)  avg(b_air_time)  avg(a_distance)  \
a_unique_carrier                                                      
9E               14.49            1206.06          702.98             
AA               13.84            1206.77          513.61             
AQ               15.64            1204.70          714.36             
AS               13.56            1205.22          548.95             
B6               15.16            1204.86          676.53             
CO               15.77            1207.43          725.59             
DH               14.03            1204.88          638.73             
DL               15.13            1206.49          770.94             
EV               15.63            1205.74          456.05             
F9               15.68            1204.54          678.57             
FL               14.08            1204.82          669.36             
HA               17.92            1205.73          686.16             
HP               14.06            1204.88          638.24             
MQ               16.04            1204.51          894.54             
NK               15.40            1198.84          586.94             
NW               14.05            1206.66          813.35             
OH (1)           14.01            1203.52          565.22             
OO               16.88            1204.02          664.05             
TW               13.65            1205.15          656.59             
TZ               13.96            1197.16          644.52             
UA               19.56            1204.75          770.74             
US               14.31            1203.86          677.33             
VX               13.72            1202.42          561.34             
WN               15.48            1204.92          871.30             
XE               16.18            1204.37          649.44             
YV               16.59            1203.65          618.05             

                  sum(a_taxi_out)  sum(b_air_time)  sum(a_distance)  
a_unique_carrier                                                     
9E               131333351.89     10929824547.13   6370724570.30     
AA               14153079074.05   1234362232069.47 525350418715.04   
AQ               1744384.05       134341499.72     79661740.60       
AS               754591197.59     67087704967.63   30556820945.19    
B6               524677367.81     41687726953.59   23407529189.43    
CO               2447099723.79    187389385537.58  112609719447.27   
DH               32447077.66      2786064025.73    1476935573.49     
DL               19697604267.49   1571096037182.38 1003922688297.97  
EV               2538432376.55    195772023123.07  74047036075.25    
F9               80615860.69      6192746674.51    3488669817.66     
FL               438114973.35     37502254541.93   20834860951.67    
HA               66719376.39      4489027661.83    2554633388.41     
HP               341864646.28     29296692058.33   15518757115.40    
MQ               3594184283.42    269827497292.02  200389469545.91   
NK               5521147.67       429739350.51     210395753.37      
NW               3436880956.11    295157428737.36  198949821090.89   
OH (1)           211513595.60     18171916684.75   8534271412.57     
OO               5176507873.14    369240257973.66  203645966449.38   
TW               227660128.84     20094222943.34   10947669083.92    
TZ               3003027.75       257550544.68     138658655.93      
UA               14446109889.79   889879316024.28  569301879507.19   
US               8295388287.02    697983162071.20  392710779124.40   
VX               6524929.54       571826826.95     266951044.78      
WN               38697937612.14   3012303925526.90 2178256882127.23  
XE               885033060.05     65873397225.03   35521606326.48    
YV               227606683.44     16513133133.19   8479221790.22     
2023-07-12 08:08:34,776 - main.py[line:105] - INFO: ground truth:
                  sum(a_taxi_out)  avg(a_taxi_out)  sum(b_air_time)  \
a_unique_carrier                                                      
9E               142284540.12     15.33            11173140586.24     
AA               16300686048.88   15.55            1263236350723.25   
AQ               1759966.00       15.41            137234624.71       
AS               876450380.96     15.37            68708755273.38     
B6               549788787.51     15.51            42793262804.14     
CO               2485211586.17    15.63            191613223535.47    
DH               35746942.01      15.07            2848202435.65      
DL               20738744853.55   15.54            1608686034109.96   
EV               2595112426.59    15.60            200460459274.38    
F9               80439061.46      15.27            6344125870.52      
FL               495879446.36     15.55            38408814777.63     
HA               59769807.29      15.67            4590749728.71      
HP               388476481.01     15.60            30000936923.38     
MQ               3590401529.60    15.64            276410780365.79    
NK               5829780.60       15.87            441769394.49       
NW               3909682334.52    15.60            301807796014.13    
OH (1)           238510098.84     15.42            18645751639.88     
OO               4895151892.62    15.58            378599313971.27    
TW               261763968.22     15.32            20584482964.54     
TZ               3494894.20       15.89            264811610.15       
UA               11794846477.28   15.59            911710654104.45    
US               9316915599.48    15.68            715580660601.78    
VX               7390703.22       15.17            586691056.44       
WN               39755967904.82   15.52            3085646169518.35   
XE               875611219.36     15.62            67533052769.33     
YV               221860571.32     15.79            16975037496.76     

                  avg(b_air_time)  sum(a_distance)  avg(a_distance)  
a_unique_carrier                                                     
9E               1203.46          6746625346.28    726.68            
AA               1205.37          777087416304.94  741.49            
AQ               1201.24          80971279.97      708.76            
AS               1204.73          42037430883.37   737.08            
B6               1207.14          26827027097.25   756.75            
CO               1205.02          117399219829.68  738.30            
DH               1200.96          1678544713.64    707.77            
DL               1205.71          991984599921.34  743.49            
EV               1204.99          122887838715.02  738.69            
F9               1204.50          3860634311.65    732.98            
FL               1204.47          23464764525.57   735.84            
HA               1203.59          2772250304.97    726.82            
HP               1204.37          18262881042.59   733.15            
MQ               1204.29          168201520541.46  732.83            
NK               1202.96          265373521.21     722.62            
NW               1204.24          183162573964.31  730.84            
OH (1)           1205.40          11511808801.00   744.21            
OO               1204.92          231963276318.29  738.24            
TW               1205.06          12616862839.76   738.62            
TZ               1203.90          158652522.82     721.28            
UA               1204.69          556578465756.17  735.44            
US               1204.59          437180046113.38  735.94            
VX               1204.20          357991356.52     734.79            
WN               1204.64          1885240669478.28 736.00            
XE               1205.08          41407851540.77   738.90            
YV               1207.76          10681610707.48   759.99            
2023-07-12 08:08:34,786 - main.py[line:611] - INFO: relative error:
                  avg(a_distance)  avg(a_taxi_out)  avg(b_air_time)  \
a_unique_carrier                                                      
9E               0.03             0.05             0.00               
AA               0.31             0.11             0.00               
AQ               0.01             0.02             0.00               
AS               0.26             0.12             0.00               
B6               0.11             0.02             0.00               
CO               0.02             0.01             0.00               
DH               0.10             0.07             0.00               
DL               0.04             0.03             0.00               
EV               0.38             0.00             0.00               
F9               0.07             0.03             0.00               
FL               0.09             0.09             0.00               
HA               0.06             0.14             0.00               
HP               0.13             0.10             0.00               
MQ               0.22             0.03             0.00               
NK               0.19             0.03             0.00               
NW               0.11             0.10             0.00               
OH (1)           0.24             0.09             0.00               
OO               0.10             0.08             0.00               
TW               0.11             0.11             0.00               
TZ               0.11             0.12             0.01               
UA               0.05             0.25             0.00               
US               0.08             0.09             0.00               
VX               0.24             0.10             0.00               
WN               0.18             0.00             0.00               
XE               0.12             0.04             0.00               
YV               0.19             0.05             0.00               

                  sum(a_distance)  sum(a_taxi_out)  sum(b_air_time)  
a_unique_carrier                                                     
9E               0.06             0.08             0.02              
AA               0.32             0.13             0.02              
AQ               0.02             0.01             0.02              
AS               0.27             0.14             0.02              
B6               0.13             0.05             0.03              
CO               0.04             0.02             0.02              
DH               0.12             0.09             0.02              
DL               0.01             0.05             0.02              
EV               0.40             0.02             0.02              
F9               0.10             0.00             0.02              
FL               0.11             0.12             0.02              
HA               0.08             0.12             0.02              
HP               0.15             0.12             0.02              
MQ               0.19             0.00             0.02              
NK               0.21             0.05             0.03              
NW               0.09             0.12             0.02              
OH (1)           0.26             0.11             0.03              
OO               0.12             0.06             0.02              
TW               0.13             0.13             0.02              
TZ               0.13             0.14             0.03              
UA               0.02             0.22             0.02              
US               0.10             0.11             0.02              
VX               0.25             0.12             0.03              
WN               0.16             0.03             0.02              
XE               0.14             0.01             0.02              
YV               0.21             0.03             0.03              
2023-07-12 08:08:34,788 - main.py[line:612] - INFO: relative error normalized:
                  avg(a_distance)  avg(a_taxi_out)  avg(b_air_time)  \
a_unique_carrier                                                      
9E               0.03             0.05             0.00               
AA               0.26             0.10             0.00               
AQ               0.01             0.02             0.00               
AS               0.23             0.11             0.00               
B6               0.10             0.02             0.00               
CO               0.02             0.01             0.00               
DH               0.09             0.07             0.00               
DL               0.04             0.03             0.00               
EV               0.32             0.00             0.00               
F9               0.07             0.03             0.00               
FL               0.09             0.09             0.00               
HA               0.05             0.13             0.00               
HP               0.12             0.09             0.00               
MQ               0.20             0.03             0.00               
NK               0.17             0.03             0.00               
NW               0.11             0.09             0.00               
OH (1)           0.21             0.09             0.00               
OO               0.10             0.08             0.00               
TW               0.11             0.10             0.00               
TZ               0.10             0.11             0.01               
UA               0.05             0.23             0.00               
US               0.08             0.08             0.00               
VX               0.21             0.09             0.00               
WN               0.17             0.00             0.00               
XE               0.11             0.03             0.00               
YV               0.17             0.05             0.00               

                  sum(a_distance)  sum(a_taxi_out)  sum(b_air_time)  
a_unique_carrier                                                     
9E               0.05             0.07             0.02              
AA               0.28             0.12             0.02              
AQ               0.02             0.01             0.02              
AS               0.24             0.13             0.02              
B6               0.12             0.04             0.03              
CO               0.04             0.02             0.02              
DH               0.11             0.09             0.02              
DL               0.01             0.05             0.02              
EV               0.33             0.02             0.02              
F9               0.09             0.00             0.02              
FL               0.11             0.11             0.02              
HA               0.08             0.11             0.02              
HP               0.14             0.11             0.02              
MQ               0.17             0.00             0.02              
NK               0.19             0.05             0.03              
NW               0.08             0.11             0.02              
OH (1)           0.23             0.11             0.03              
OO               0.11             0.06             0.02              
TW               0.12             0.12             0.02              
TZ               0.12             0.13             0.03              
UA               0.02             0.20             0.02              
US               0.10             0.10             0.02              
VX               0.22             0.11             0.03              
WN               0.14             0.03             0.02              
XE               0.13             0.01             0.02              
YV               0.19             0.03             0.03              
2023-07-12 08:08:34,788 - main.py[line:615] - INFO: relative error average: 0.07657732415382335
2023-07-12 08:08:34,788 - main.py[line:616] - INFO: relative error normalized average: 0.07072407970441522
2023-07-12 08:08:34,789 - main.py[line:662] - INFO: total_time:3.7480269111692905
rate1: 0.002; rate2: 0.5