main.py:19: FutureWarning: Passing a negative integer is deprecated in version 1.0 and will not be supported in future version. Instead, use None to not limit the column width.
  pd.set_option('max_colwidth', -1)
2023-07-12 08:08:37,814 - main.py[line:642] - INFO: load query config config/query/flights_test.json successfully
2023-07-12 08:08:37,814 - main.py[line:649] - INFO: load train config ./config/train/flights_test_a_torch_cvae.json successfully
2023-07-12 08:08:37,814 - main.py[line:649] - INFO: load train config ./config/train/flights_test_b_torch_cvae.json successfully
2023-07-12 08:08:37,814 - dataset_utils.py[line:599] - INFO: load existing dataset(light):flights-test-flight-a_a_unique_carrier_a_taxi_out#a_distance_a_unique_carrier_binary_gaussian5_0
2023-07-12 08:08:37,946 - dataset_utils.py[line:608] - INFO: load dataset(light) time elapsed:0.13200040394440293
2023-07-12 08:08:37,946 - pytorch_cvae.py[line:280] - INFO: feature info:[('a_taxi_out', 'numerical', 6), ('a_distance', 'numerical', 6), ('a_unique_carrier', 'categorical', 6)]
2023-07-12 08:08:37,948 - model_utils.py[line:75] - INFO: load model name:torch_cvae_flights-test-flight-a_a_unique_carrier_ld100_id150_bs512_ep150_0_binary_gaussian5
2023-07-12 08:08:40,238 - model_utils.py[line:86] - INFO: load torch model time elapsed:2.2902584951370955
2023-07-12 08:08:40,238 - pytorch_cvae.py[line:290] - INFO: load model time elapsed:2.4238103413954377
2023-07-12 08:08:40,238 - dataset_utils.py[line:599] - INFO: load existing dataset(light):flights-test-flight-b_b_unique_carrier_b_air_time_b_unique_carrier_binary_gaussian5_0
2023-07-12 08:08:40,301 - dataset_utils.py[line:608] - INFO: load dataset(light) time elapsed:0.06260342011228204
2023-07-12 08:08:40,301 - pytorch_cvae.py[line:280] - INFO: feature info:[('b_air_time', 'numerical', 6), ('b_unique_carrier', 'categorical', 6)]
2023-07-12 08:08:40,301 - model_utils.py[line:75] - INFO: load model name:torch_cvae_flights-test-flight-b_b_unique_carrier_ld50_id100_bs512_ep100_0_binary_gaussian5
2023-07-12 08:08:40,303 - model_utils.py[line:86] - INFO: load torch model time elapsed:0.0014326651580631733
2023-07-12 08:08:40,303 - pytorch_cvae.py[line:290] - INFO: load model time elapsed:0.06480199098587036
2023-07-12 08:08:40,303 - main.py[line:572] - INFO: multi_sampling No.0 epoch
2023-07-12 08:08:40,872 - pytorch_cvae.py[line:407] - INFO: sampling time:0.5680818930268288
2023-07-12 08:08:41,010 - pytorch_cvae.py[line:407] - INFO: sampling time:0.138150324113667
2023-07-12 08:08:41,478 - main.py[line:555] - INFO: sample and aggregation time elapsed:1.1749532921239734
2023-07-12 08:08:41,481 - main.py[line:593] - INFO: sample time: 1.1780204377137125
2023-07-12 08:08:41,504 - main.py[line:104] - INFO: aqp result:
                  avg(a_taxi_out)  avg(b_air_time)  avg(a_distance)  \
a_unique_carrier                                                      
9E               15.03            1205.83          698.44             
AA               14.54            1207.02          675.35             
AQ               13.61            1206.63          742.33             
AS               16.59            1205.23          754.52             
B6               15.49            1206.66          716.71             
CO               15.47            1210.40          695.00             
DH               15.06            1204.30          697.27             
DL               16.11            1204.72          623.69             
EV               16.63            1204.39          780.68             
F9               15.72            1203.52          693.85             
FL               16.10            1202.31          772.92             
HA               14.18            1205.35          725.67             
HP               16.66            1204.10          734.07             
MQ               15.36            1205.20          640.30             
NK               14.21            1205.86          735.89             
NW               14.78            1206.50          750.86             
OH (1)           14.58            1205.26          686.62             
OO               16.52            1204.07          731.34             
TW               14.64            1203.17          656.20             
TZ               16.94            1208.51          683.09             
UA               15.33            1207.02          592.90             
US               14.43            1204.50          694.87             
VX               13.60            1204.92          716.51             
WN               13.11            1203.22          603.95             
XE               14.01            1205.94          646.60             
YV               15.60            1202.86          832.42             

                  sum(a_taxi_out)  sum(b_air_time)  sum(a_distance)  
a_unique_carrier                                                     
9E               137445703.26     11024425996.27   6385605039.41     
AA               15005712116.63   1245687204650.92 696986997823.12   
AQ               1531750.56       135797911.50     83544704.23       
AS               931736496.52     67689652603.77   42376213507.05    
B6               540841589.49     42124271893.80   25020336476.33    
CO               2423060578.96    189533259207.49  108828307505.48   
DH               35183119.01      2812839143.59    1628592575.84     
DL               21167889359.08   1583280750359.50 819668814730.81   
EV               2724309910.95    197305741139.73  127892525263.03   
F9               81563419.05      6244626686.20    3600130266.09     
FL               505585302.41     37755234198.03   24271437932.87    
HA               53265084.16      4529010846.38    2726646128.40     
HP               408819374.96     29544649370.83   18011773855.89    
MQ               3473414055.19    272473200379.93  144759478561.16   
NK               5141625.31       436245086.33     266222911.28      
NW               3648272158.00    297762898368.71  185311736413.93   
OH (1)           222111906.97     18359231647.52   10458951930.32    
OO               5114309498.04    372662457050.10  226350379773.26   
TW               246215953.08     20233422174.09   11035087981.97    
TZ               3675328.08       262188145.92     148197695.68      
UA               11426433778.59   899542996383.45  441864443242.85   
US               8445026470.13    704800297198.80  406597555905.30   
VX               6527183.88       578145850.63     343796228.84      
WN               33087900345.66   3035820990848.39 1523804763119.79  
XE               773331259.62     66567907743.78   35692669771.71    
YV               215975539.99     16648546817.64   11521304664.02    
2023-07-12 08:08:41,507 - main.py[line:105] - INFO: ground truth:
                  sum(a_taxi_out)  avg(a_taxi_out)  sum(b_air_time)  \
a_unique_carrier                                                      
9E               142284540.12     15.33            11173140586.24     
AA               16300686048.88   15.55            1263236350723.25   
AQ               1759966.00       15.41            137234624.71       
AS               876450380.96     15.37            68708755273.38     
B6               549788787.51     15.51            42793262804.14     
CO               2485211586.17    15.63            191613223535.47    
DH               35746942.01      15.07            2848202435.65      
DL               20738744853.55   15.54            1608686034109.96   
EV               2595112426.59    15.60            200460459274.38    
F9               80439061.46      15.27            6344125870.52      
FL               495879446.36     15.55            38408814777.63     
HA               59769807.29      15.67            4590749728.71      
HP               388476481.01     15.60            30000936923.38     
MQ               3590401529.60    15.64            276410780365.79    
NK               5829780.60       15.87            441769394.49       
NW               3909682334.52    15.60            301807796014.13    
OH (1)           238510098.84     15.42            18645751639.88     
OO               4895151892.62    15.58            378599313971.27    
TW               261763968.22     15.32            20584482964.54     
TZ               3494894.20       15.89            264811610.15       
UA               11794846477.28   15.59            911710654104.45    
US               9316915599.48    15.68            715580660601.78    
VX               7390703.22       15.17            586691056.44       
WN               39755967904.82   15.52            3085646169518.35   
XE               875611219.36     15.62            67533052769.33     
YV               221860571.32     15.79            16975037496.76     

                  avg(b_air_time)  sum(a_distance)  avg(a_distance)  
a_unique_carrier                                                     
9E               1203.46          6746625346.28    726.68            
AA               1205.37          777087416304.94  741.49            
AQ               1201.24          80971279.97      708.76            
AS               1204.73          42037430883.37   737.08            
B6               1207.14          26827027097.25   756.75            
CO               1205.02          117399219829.68  738.30            
DH               1200.96          1678544713.64    707.77            
DL               1205.71          991984599921.34  743.49            
EV               1204.99          122887838715.02  738.69            
F9               1204.50          3860634311.65    732.98            
FL               1204.47          23464764525.57   735.84            
HA               1203.59          2772250304.97    726.82            
HP               1204.37          18262881042.59   733.15            
MQ               1204.29          168201520541.46  732.83            
NK               1202.96          265373521.21     722.62            
NW               1204.24          183162573964.31  730.84            
OH (1)           1205.40          11511808801.00   744.21            
OO               1204.92          231963276318.29  738.24            
TW               1205.06          12616862839.76   738.62            
TZ               1203.90          158652522.82     721.28            
UA               1204.69          556578465756.17  735.44            
US               1204.59          437180046113.38  735.94            
VX               1204.20          357991356.52     734.79            
WN               1204.64          1885240669478.28 736.00            
XE               1205.08          41407851540.77   738.90            
YV               1207.76          10681610707.48   759.99            
2023-07-12 08:08:41,516 - main.py[line:611] - INFO: relative error:
                  avg(a_distance)  avg(a_taxi_out)  avg(b_air_time)  \
a_unique_carrier                                                      
9E               0.04             0.02             0.00               
AA               0.09             0.07             0.00               
AQ               0.05             0.12             0.00               
AS               0.02             0.08             0.00               
B6               0.05             0.00             0.00               
CO               0.06             0.01             0.00               
DH               0.01             0.00             0.00               
DL               0.16             0.04             0.00               
EV               0.06             0.07             0.00               
F9               0.05             0.03             0.00               
FL               0.05             0.04             0.00               
HA               0.00             0.10             0.00               
HP               0.00             0.07             0.00               
MQ               0.13             0.02             0.00               
NK               0.02             0.10             0.00               
NW               0.03             0.05             0.00               
OH (1)           0.08             0.05             0.00               
OO               0.01             0.06             0.00               
TW               0.11             0.04             0.00               
TZ               0.05             0.07             0.00               
UA               0.19             0.02             0.00               
US               0.06             0.08             0.00               
VX               0.02             0.10             0.00               
WN               0.18             0.16             0.00               
XE               0.12             0.10             0.00               
YV               0.10             0.01             0.00               

                  sum(a_distance)  sum(a_taxi_out)  sum(b_air_time)  
a_unique_carrier                                                     
9E               0.05             0.03             0.01              
AA               0.10             0.08             0.01              
AQ               0.03             0.13             0.01              
AS               0.01             0.06             0.01              
B6               0.07             0.02             0.02              
CO               0.07             0.03             0.01              
DH               0.03             0.02             0.01              
DL               0.17             0.02             0.02              
EV               0.04             0.05             0.02              
F9               0.07             0.01             0.02              
FL               0.03             0.02             0.02              
HA               0.02             0.11             0.01              
HP               0.01             0.05             0.02              
MQ               0.14             0.03             0.01              
NK               0.00             0.12             0.01              
NW               0.01             0.07             0.01              
OH (1)           0.09             0.07             0.02              
OO               0.02             0.04             0.02              
TW               0.13             0.06             0.02              
TZ               0.07             0.05             0.01              
UA               0.21             0.03             0.01              
US               0.07             0.09             0.02              
VX               0.04             0.12             0.01              
WN               0.19             0.17             0.02              
XE               0.14             0.12             0.01              
YV               0.08             0.03             0.02              
2023-07-12 08:08:41,518 - main.py[line:612] - INFO: relative error normalized:
                  avg(a_distance)  avg(a_taxi_out)  avg(b_air_time)  \
a_unique_carrier                                                      
9E               0.04             0.02             0.00               
AA               0.09             0.06             0.00               
AQ               0.05             0.11             0.00               
AS               0.02             0.08             0.00               
B6               0.05             0.00             0.00               
CO               0.06             0.01             0.00               
DH               0.01             0.00             0.00               
DL               0.15             0.04             0.00               
EV               0.06             0.06             0.00               
F9               0.05             0.03             0.00               
FL               0.05             0.03             0.00               
HA               0.00             0.09             0.00               
HP               0.00             0.07             0.00               
MQ               0.12             0.02             0.00               
NK               0.02             0.10             0.00               
NW               0.03             0.05             0.00               
OH (1)           0.07             0.05             0.00               
OO               0.01             0.06             0.00               
TW               0.11             0.04             0.00               
TZ               0.05             0.06             0.00               
UA               0.18             0.02             0.00               
US               0.05             0.08             0.00               
VX               0.02             0.10             0.00               
WN               0.16             0.14             0.00               
XE               0.12             0.10             0.00               
YV               0.09             0.01             0.00               

                  sum(a_distance)  sum(a_taxi_out)  sum(b_air_time)  
a_unique_carrier                                                     
9E               0.05             0.03             0.01              
AA               0.10             0.08             0.01              
AQ               0.03             0.12             0.01              
AS               0.01             0.06             0.01              
B6               0.07             0.02             0.02              
CO               0.07             0.02             0.01              
DH               0.03             0.02             0.01              
DL               0.16             0.02             0.02              
EV               0.04             0.05             0.02              
F9               0.07             0.01             0.02              
FL               0.03             0.02             0.02              
HA               0.02             0.10             0.01              
HP               0.01             0.05             0.02              
MQ               0.13             0.03             0.01              
NK               0.00             0.11             0.01              
NW               0.01             0.06             0.01              
OH (1)           0.09             0.07             0.02              
OO               0.02             0.04             0.02              
TW               0.12             0.06             0.02              
TZ               0.06             0.05             0.01              
UA               0.19             0.03             0.01              
US               0.07             0.09             0.01              
VX               0.04             0.11             0.01              
WN               0.17             0.15             0.02              
XE               0.13             0.11             0.01              
YV               0.08             0.03             0.02              
2023-07-12 08:08:41,518 - main.py[line:615] - INFO: relative error average: 0.04601257772264555
2023-07-12 08:08:41,518 - main.py[line:616] - INFO: relative error normalized average: 0.04389289776013213
2023-07-12 08:08:41,519 - main.py[line:662] - INFO: total_time:3.705248154234141
rate1: 0.005; rate2: 0.2