main.py:19: FutureWarning: Passing a negative integer is deprecated in version 1.0 and will not be supported in future version. Instead, use None to not limit the column width.
  pd.set_option('max_colwidth', -1)
2023-07-12 08:08:57,988 - main.py[line:642] - INFO: load query config config/query/flights_test.json successfully
2023-07-12 08:08:57,988 - main.py[line:649] - INFO: load train config ./config/train/flights_test_a_torch_cvae.json successfully
2023-07-12 08:08:57,988 - main.py[line:649] - INFO: load train config ./config/train/flights_test_b_torch_cvae.json successfully
2023-07-12 08:08:57,988 - dataset_utils.py[line:599] - INFO: load existing dataset(light):flights-test-flight-a_a_unique_carrier_a_taxi_out#a_distance_a_unique_carrier_binary_gaussian5_0
2023-07-12 08:08:58,120 - dataset_utils.py[line:608] - INFO: load dataset(light) time elapsed:0.13182500889524817
2023-07-12 08:08:58,120 - pytorch_cvae.py[line:280] - INFO: feature info:[('a_taxi_out', 'numerical', 6), ('a_distance', 'numerical', 6), ('a_unique_carrier', 'categorical', 6)]
2023-07-12 08:08:58,122 - model_utils.py[line:75] - INFO: load model name:torch_cvae_flights-test-flight-a_a_unique_carrier_ld100_id150_bs512_ep150_0_binary_gaussian5
2023-07-12 08:09:00,415 - model_utils.py[line:86] - INFO: load torch model time elapsed:2.2930264100432396
2023-07-12 08:09:00,415 - pytorch_cvae.py[line:290] - INFO: load model time elapsed:2.42639984190464
2023-07-12 08:09:00,415 - dataset_utils.py[line:599] - INFO: load existing dataset(light):flights-test-flight-b_b_unique_carrier_b_air_time_b_unique_carrier_binary_gaussian5_0
2023-07-12 08:09:00,478 - dataset_utils.py[line:608] - INFO: load dataset(light) time elapsed:0.06331370631232858
2023-07-12 08:09:00,478 - pytorch_cvae.py[line:280] - INFO: feature info:[('b_air_time', 'numerical', 6), ('b_unique_carrier', 'categorical', 6)]
2023-07-12 08:09:00,479 - model_utils.py[line:75] - INFO: load model name:torch_cvae_flights-test-flight-b_b_unique_carrier_ld50_id100_bs512_ep100_0_binary_gaussian5
2023-07-12 08:09:00,480 - model_utils.py[line:86] - INFO: load torch model time elapsed:0.0014555640518665314
2023-07-12 08:09:00,480 - pytorch_cvae.py[line:290] - INFO: load model time elapsed:0.0655551659874618
2023-07-12 08:09:00,480 - main.py[line:572] - INFO: multi_sampling No.0 epoch
2023-07-12 08:09:01,049 - pytorch_cvae.py[line:407] - INFO: sampling time:0.5685742851346731
2023-07-12 08:09:01,186 - pytorch_cvae.py[line:407] - INFO: sampling time:0.13619363820180297
2023-07-12 08:09:01,645 - main.py[line:555] - INFO: sample and aggregation time elapsed:1.1645945068448782
2023-07-12 08:09:01,648 - main.py[line:593] - INFO: sample time: 1.1676421309821308
2023-07-12 08:09:01,670 - main.py[line:104] - INFO: aqp result:
                  avg(a_taxi_out)  avg(b_air_time)  avg(a_distance)  \
a_unique_carrier                                                      
9E               15.34            1207.07          628.23             
AA               15.47            1207.61          707.64             
AQ               16.60            1206.52          724.53             
AS               14.01            1206.76          730.19             
B6               15.48            1205.82          797.71             
CO               15.10            1207.51          727.97             
DH               14.45            1206.94          730.92             
DL               14.05            1207.36          790.87             
EV               14.26            1206.69          835.94             
F9               15.86            1203.55          748.90             
FL               15.09            1204.06          770.18             
HA               13.75            1204.41          620.93             
HP               13.43            1206.36          656.70             
MQ               13.76            1206.12          718.32             
NK               16.33            1204.14          806.51             
NW               15.38            1204.61          891.71             
OH (1)           14.21            1205.97          648.81             
OO               14.42            1202.21          726.62             
TW               16.77            1204.88          661.22             
TZ               12.59            1201.89          637.15             
UA               15.52            1204.21          653.73             
US               15.66            1204.68          689.60             
VX               15.57            1200.38          595.23             
WN               15.91            1204.41          788.74             
XE               16.43            1204.12          667.32             
YV               13.88            1204.13          641.89             

                  sum(a_taxi_out)  sum(b_air_time)  sum(a_distance)  
a_unique_carrier                                                     
9E               140272256.59     11035800777.32   5743648318.71     
AA               15961557812.70   1246299851125.58 730313257748.59   
AQ               1867703.50       135786357.71     81541445.09       
AS               786921413.20     67775254748.65   41010038388.05    
B6               540496326.02     42094741022.75   27847833017.06    
CO               2364531303.52    189082086546.55  113991855531.05   
DH               33754443.04      2819004367.20    1707184657.58     
DL               18464199449.19   1586752471210.05 1039384536588.30  
EV               2336241890.31    197683247389.64  136945305495.99   
F9               82314856.72      6244773554.11    3885782583.68     
FL               473970159.12     37810251738.06   24185453888.49    
HA               51663537.17      4525497727.19    2333116807.25     
HP               329453265.12     29600046772.71   16113258928.25    
MQ               3111662401.92    272682795261.62  162398344972.26   
NK               5907201.95       435620140.52     291769904.89      
NW               3795852660.13    297297394743.19  220073204682.17   
OH (1)           216428194.24     18370019733.44   9883090907.08     
OO               4464439268.65    372086856160.93  224890029397.58   
TW               282040361.38     20262186182.40   11119544437.93    
TZ               2731669.16       260751329.10     138230106.62      
UA               11565844744.96   897451738419.82  487197344781.34   
US               9164444401.96    704905563564.48  403513862200.22   
VX               7469256.80       575968145.07     285603462.93      
WN               40134713290.35   3038834095275.59 1990062003712.85  
XE               906752180.11     66467608428.88   36836228898.83    
YV               192163903.09     16666118363.84   8884282295.84     
2023-07-12 08:09:01,673 - main.py[line:105] - INFO: ground truth:
                  sum(a_taxi_out)  avg(a_taxi_out)  sum(b_air_time)  \
a_unique_carrier                                                      
9E               142284540.12     15.33            11173140586.24     
AA               16300686048.88   15.55            1263236350723.25   
AQ               1759966.00       15.41            137234624.71       
AS               876450380.96     15.37            68708755273.38     
B6               549788787.51     15.51            42793262804.14     
CO               2485211586.17    15.63            191613223535.47    
DH               35746942.01      15.07            2848202435.65      
DL               20738744853.55   15.54            1608686034109.96   
EV               2595112426.59    15.60            200460459274.38    
F9               80439061.46      15.27            6344125870.52      
FL               495879446.36     15.55            38408814777.63     
HA               59769807.29      15.67            4590749728.71      
HP               388476481.01     15.60            30000936923.38     
MQ               3590401529.60    15.64            276410780365.79    
NK               5829780.60       15.87            441769394.49       
NW               3909682334.52    15.60            301807796014.13    
OH (1)           238510098.84     15.42            18645751639.88     
OO               4895151892.62    15.58            378599313971.27    
TW               261763968.22     15.32            20584482964.54     
TZ               3494894.20       15.89            264811610.15       
UA               11794846477.28   15.59            911710654104.45    
US               9316915599.48    15.68            715580660601.78    
VX               7390703.22       15.17            586691056.44       
WN               39755967904.82   15.52            3085646169518.35   
XE               875611219.36     15.62            67533052769.33     
YV               221860571.32     15.79            16975037496.76     

                  avg(b_air_time)  sum(a_distance)  avg(a_distance)  
a_unique_carrier                                                     
9E               1203.46          6746625346.28    726.68            
AA               1205.37          777087416304.94  741.49            
AQ               1201.24          80971279.97      708.76            
AS               1204.73          42037430883.37   737.08            
B6               1207.14          26827027097.25   756.75            
CO               1205.02          117399219829.68  738.30            
DH               1200.96          1678544713.64    707.77            
DL               1205.71          991984599921.34  743.49            
EV               1204.99          122887838715.02  738.69            
F9               1204.50          3860634311.65    732.98            
FL               1204.47          23464764525.57   735.84            
HA               1203.59          2772250304.97    726.82            
HP               1204.37          18262881042.59   733.15            
MQ               1204.29          168201520541.46  732.83            
NK               1202.96          265373521.21     722.62            
NW               1204.24          183162573964.31  730.84            
OH (1)           1205.40          11511808801.00   744.21            
OO               1204.92          231963276318.29  738.24            
TW               1205.06          12616862839.76   738.62            
TZ               1203.90          158652522.82     721.28            
UA               1204.69          556578465756.17  735.44            
US               1204.59          437180046113.38  735.94            
VX               1204.20          357991356.52     734.79            
WN               1204.64          1885240669478.28 736.00            
XE               1205.08          41407851540.77   738.90            
YV               1207.76          10681610707.48   759.99            
2023-07-12 08:09:01,683 - main.py[line:611] - INFO: relative error:
                  avg(a_distance)  avg(a_taxi_out)  avg(b_air_time)  \
a_unique_carrier                                                      
9E               0.14             0.00             0.00               
AA               0.05             0.01             0.00               
AQ               0.02             0.08             0.00               
AS               0.01             0.09             0.00               
B6               0.05             0.00             0.00               
CO               0.01             0.03             0.00               
DH               0.03             0.04             0.00               
DL               0.06             0.10             0.00               
EV               0.13             0.09             0.00               
F9               0.02             0.04             0.00               
FL               0.05             0.03             0.00               
HA               0.15             0.12             0.00               
HP               0.10             0.14             0.00               
MQ               0.02             0.12             0.00               
NK               0.12             0.03             0.00               
NW               0.22             0.01             0.00               
OH (1)           0.13             0.08             0.00               
OO               0.02             0.07             0.00               
TW               0.10             0.09             0.00               
TZ               0.12             0.21             0.00               
UA               0.11             0.00             0.00               
US               0.06             0.00             0.00               
VX               0.19             0.03             0.00               
WN               0.07             0.02             0.00               
XE               0.10             0.05             0.00               
YV               0.16             0.12             0.00               

                  sum(a_distance)  sum(a_taxi_out)  sum(b_air_time)  
a_unique_carrier                                                     
9E               0.15             0.01             0.01              
AA               0.06             0.02             0.01              
AQ               0.01             0.06             0.01              
AS               0.02             0.10             0.01              
B6               0.04             0.02             0.02              
CO               0.03             0.05             0.01              
DH               0.02             0.06             0.01              
DL               0.05             0.11             0.01              
EV               0.11             0.10             0.01              
F9               0.01             0.02             0.02              
FL               0.03             0.04             0.02              
HA               0.16             0.14             0.01              
HP               0.12             0.15             0.01              
MQ               0.03             0.13             0.01              
NK               0.10             0.01             0.01              
NW               0.20             0.03             0.01              
OH (1)           0.14             0.09             0.01              
OO               0.03             0.09             0.02              
TW               0.12             0.08             0.02              
TZ               0.13             0.22             0.02              
UA               0.12             0.02             0.02              
US               0.08             0.02             0.01              
VX               0.20             0.01             0.02              
WN               0.06             0.01             0.02              
XE               0.11             0.04             0.02              
YV               0.17             0.13             0.02              
2023-07-12 08:09:01,685 - main.py[line:612] - INFO: relative error normalized:
                  avg(a_distance)  avg(a_taxi_out)  avg(b_air_time)  \
a_unique_carrier                                                      
9E               0.13             0.00             0.00               
AA               0.04             0.01             0.00               
AQ               0.02             0.07             0.00               
AS               0.01             0.08             0.00               
B6               0.05             0.00             0.00               
CO               0.01             0.03             0.00               
DH               0.03             0.04             0.00               
DL               0.06             0.09             0.00               
EV               0.12             0.08             0.00               
F9               0.02             0.04             0.00               
FL               0.05             0.03             0.00               
HA               0.14             0.12             0.00               
HP               0.10             0.13             0.00               
MQ               0.02             0.11             0.00               
NK               0.11             0.03             0.00               
NW               0.20             0.01             0.00               
OH (1)           0.12             0.08             0.00               
OO               0.02             0.07             0.00               
TW               0.10             0.09             0.00               
TZ               0.11             0.19             0.00               
UA               0.11             0.00             0.00               
US               0.06             0.00             0.00               
VX               0.17             0.03             0.00               
WN               0.07             0.02             0.00               
XE               0.09             0.05             0.00               
YV               0.14             0.11             0.00               

                  sum(a_distance)  sum(a_taxi_out)  sum(b_air_time)  
a_unique_carrier                                                     
9E               0.14             0.01             0.01              
AA               0.06             0.02             0.01              
AQ               0.01             0.06             0.01              
AS               0.02             0.10             0.01              
B6               0.04             0.02             0.02              
CO               0.03             0.05             0.01              
DH               0.02             0.05             0.01              
DL               0.05             0.10             0.01              
EV               0.11             0.09             0.01              
F9               0.01             0.02             0.02              
FL               0.03             0.04             0.02              
HA               0.15             0.13             0.01              
HP               0.11             0.14             0.01              
MQ               0.03             0.12             0.01              
NK               0.09             0.01             0.01              
NW               0.18             0.03             0.01              
OH (1)           0.13             0.09             0.01              
OO               0.03             0.08             0.02              
TW               0.11             0.07             0.02              
TZ               0.12             0.20             0.02              
UA               0.12             0.02             0.02              
US               0.07             0.02             0.01              
VX               0.18             0.01             0.02              
WN               0.05             0.01             0.02              
XE               0.10             0.03             0.02              
YV               0.15             0.13             0.02              
2023-07-12 08:09:01,685 - main.py[line:615] - INFO: relative error average: 0.053315571987506215
2023-07-12 08:09:01,685 - main.py[line:616] - INFO: relative error normalized average: 0.05044542821681254
2023-07-12 08:09:01,686 - main.py[line:662] - INFO: total_time:3.6978195188567042
rate1: 0.005; rate2: 0.2