main.py:19: FutureWarning: Passing a negative integer is deprecated in version 1.0 and will not be supported in future version. Instead, use None to not limit the column width.
  pd.set_option('max_colwidth', -1)
2023-07-12 08:09:18,071 - main.py[line:642] - INFO: load query config config/query/flights_test.json successfully
2023-07-12 08:09:18,071 - main.py[line:649] - INFO: load train config ./config/train/flights_test_a_torch_cvae.json successfully
2023-07-12 08:09:18,071 - main.py[line:649] - INFO: load train config ./config/train/flights_test_b_torch_cvae.json successfully
2023-07-12 08:09:18,071 - dataset_utils.py[line:599] - INFO: load existing dataset(light):flights-test-flight-a_a_unique_carrier_a_taxi_out#a_distance_a_unique_carrier_binary_gaussian5_0
2023-07-12 08:09:18,203 - dataset_utils.py[line:608] - INFO: load dataset(light) time elapsed:0.1319537302479148
2023-07-12 08:09:18,204 - pytorch_cvae.py[line:280] - INFO: feature info:[('a_taxi_out', 'numerical', 6), ('a_distance', 'numerical', 6), ('a_unique_carrier', 'categorical', 6)]
2023-07-12 08:09:18,205 - model_utils.py[line:75] - INFO: load model name:torch_cvae_flights-test-flight-a_a_unique_carrier_ld100_id150_bs512_ep150_0_binary_gaussian5
2023-07-12 08:09:20,491 - model_utils.py[line:86] - INFO: load torch model time elapsed:2.285870430059731
2023-07-12 08:09:20,491 - pytorch_cvae.py[line:290] - INFO: load model time elapsed:2.4193493048660457
2023-07-12 08:09:20,491 - dataset_utils.py[line:599] - INFO: load existing dataset(light):flights-test-flight-b_b_unique_carrier_b_air_time_b_unique_carrier_binary_gaussian5_0
2023-07-12 08:09:20,554 - dataset_utils.py[line:608] - INFO: load dataset(light) time elapsed:0.06345992395654321
2023-07-12 08:09:20,554 - pytorch_cvae.py[line:280] - INFO: feature info:[('b_air_time', 'numerical', 6), ('b_unique_carrier', 'categorical', 6)]
2023-07-12 08:09:20,555 - model_utils.py[line:75] - INFO: load model name:torch_cvae_flights-test-flight-b_b_unique_carrier_ld50_id100_bs512_ep100_0_binary_gaussian5
2023-07-12 08:09:20,556 - model_utils.py[line:86] - INFO: load torch model time elapsed:0.0014427369460463524
2023-07-12 08:09:20,557 - pytorch_cvae.py[line:290] - INFO: load model time elapsed:0.0656574023887515
2023-07-12 08:09:20,557 - main.py[line:572] - INFO: multi_sampling No.0 epoch
2023-07-12 08:09:21,126 - pytorch_cvae.py[line:407] - INFO: sampling time:0.5689504030160606
2023-07-12 08:09:21,209 - pytorch_cvae.py[line:407] - INFO: sampling time:0.08258623583242297
2023-07-12 08:09:21,703 - main.py[line:555] - INFO: sample and aggregation time elapsed:1.1459489003755152
2023-07-12 08:09:21,706 - main.py[line:593] - INFO: sample time: 1.1489270250312984
2023-07-12 08:09:21,727 - main.py[line:104] - INFO: aqp result:
                  avg(a_taxi_out)  avg(b_air_time)  avg(a_distance)  \
a_unique_carrier                                                      
9E               16.57            1206.46          701.19             
AA               15.14            1204.86          641.54             
AQ               15.06            1205.47          671.54             
AS               14.75            1205.32          679.84             
B6               14.96            1206.77          702.79             
CO               16.25            1206.00          640.58             
DH               14.91            1204.85          673.07             
DL               14.79            1204.55          746.88             
EV               15.00            1205.35          823.45             
F9               15.86            1204.62          733.69             
FL               14.41            1203.22          743.12             
HA               14.11            1206.17          721.93             
HP               15.59            1202.65          684.00             
MQ               14.67            1205.44          811.34             
NK               14.97            1205.84          680.64             
NW               14.89            1205.67          725.29             
OH (1)           14.25            1204.03          743.99             
OO               14.90            1205.67          669.42             
TW               14.80            1204.24          749.20             
TZ               15.79            1200.81          652.46             
UA               15.11            1205.67          728.18             
US               15.65            1203.16          819.50             
VX               14.59            1203.32          680.79             
WN               15.42            1202.22          640.91             
XE               15.03            1204.46          714.79             
YV               15.54            1203.98          702.40             

                  sum(a_taxi_out)  sum(b_air_time)  sum(a_distance)  
a_unique_carrier                                                     
9E               152812533.13     11123823626.41   6465114459.45     
AA               15757600534.50   1254082254477.23 667752291885.33   
AQ               1709687.92       136879090.36     76251912.81       
AS               835231904.64     68269755263.00   38506129584.39    
B6               526735264.23     42488329586.25   24744094720.07    
CO               2566556159.60    190458441388.58  101164484129.49   
DH               35119917.33      2837370478.06    1585067081.88     
DL               19594310451.35   1596247551092.00 989755420719.84   
EV               2477888506.87    199149950032.41  136051631321.60   
F9               82959959.18      6301475393.71    3837993764.06     
FL               456242673.11     38104588684.75   23533626191.80    
HA               53441470.95      4569151187.73    2734804434.93     
HP               385769077.76     29756512172.44   16923764437.30    
MQ               3343640205.81    274799380077.15  184958604838.76   
NK               5463760.18       440132007.08     248431780.15      
NW               3705499598.33    300099843327.23  180530401373.34   
OH (1)           218954138.73     18496203963.87   11429012385.08    
OO               4648478472.68    376266798792.98  208914801104.65   
TW               251105715.81     20427819089.69   12708862837.36    
TZ               3454041.38       262664046.25     142719219.15      
UA               11353643390.38   906222218243.91  547323166144.76   
US               9237194749.63    709924556218.03  483544874260.88   
VX               7065419.81       582659516.46     329647205.29      
WN               39243014032.28   3058593220179.80 1630555949132.65  
XE               836337678.79     67040408931.41   39785411339.25    
YV               216964273.81     16806501871.59   9804893768.55     
2023-07-12 08:09:21,730 - main.py[line:105] - INFO: ground truth:
                  sum(a_taxi_out)  avg(a_taxi_out)  sum(b_air_time)  \
a_unique_carrier                                                      
9E               142284540.12     15.33            11173140586.24     
AA               16300686048.88   15.55            1263236350723.25   
AQ               1759966.00       15.41            137234624.71       
AS               876450380.96     15.37            68708755273.38     
B6               549788787.51     15.51            42793262804.14     
CO               2485211586.17    15.63            191613223535.47    
DH               35746942.01      15.07            2848202435.65      
DL               20738744853.55   15.54            1608686034109.96   
EV               2595112426.59    15.60            200460459274.38    
F9               80439061.46      15.27            6344125870.52      
FL               495879446.36     15.55            38408814777.63     
HA               59769807.29      15.67            4590749728.71      
HP               388476481.01     15.60            30000936923.38     
MQ               3590401529.60    15.64            276410780365.79    
NK               5829780.60       15.87            441769394.49       
NW               3909682334.52    15.60            301807796014.13    
OH (1)           238510098.84     15.42            18645751639.88     
OO               4895151892.62    15.58            378599313971.27    
TW               261763968.22     15.32            20584482964.54     
TZ               3494894.20       15.89            264811610.15       
UA               11794846477.28   15.59            911710654104.45    
US               9316915599.48    15.68            715580660601.78    
VX               7390703.22       15.17            586691056.44       
WN               39755967904.82   15.52            3085646169518.35   
XE               875611219.36     15.62            67533052769.33     
YV               221860571.32     15.79            16975037496.76     

                  avg(b_air_time)  sum(a_distance)  avg(a_distance)  
a_unique_carrier                                                     
9E               1203.46          6746625346.28    726.68            
AA               1205.37          777087416304.94  741.49            
AQ               1201.24          80971279.97      708.76            
AS               1204.73          42037430883.37   737.08            
B6               1207.14          26827027097.25   756.75            
CO               1205.02          117399219829.68  738.30            
DH               1200.96          1678544713.64    707.77            
DL               1205.71          991984599921.34  743.49            
EV               1204.99          122887838715.02  738.69            
F9               1204.50          3860634311.65    732.98            
FL               1204.47          23464764525.57   735.84            
HA               1203.59          2772250304.97    726.82            
HP               1204.37          18262881042.59   733.15            
MQ               1204.29          168201520541.46  732.83            
NK               1202.96          265373521.21     722.62            
NW               1204.24          183162573964.31  730.84            
OH (1)           1205.40          11511808801.00   744.21            
OO               1204.92          231963276318.29  738.24            
TW               1205.06          12616862839.76   738.62            
TZ               1203.90          158652522.82     721.28            
UA               1204.69          556578465756.17  735.44            
US               1204.59          437180046113.38  735.94            
VX               1204.20          357991356.52     734.79            
WN               1204.64          1885240669478.28 736.00            
XE               1205.08          41407851540.77   738.90            
YV               1207.76          10681610707.48   759.99            
2023-07-12 08:09:21,739 - main.py[line:611] - INFO: relative error:
                  avg(a_distance)  avg(a_taxi_out)  avg(b_air_time)  \
a_unique_carrier                                                      
9E               0.04             0.08             0.00               
AA               0.13             0.03             0.00               
AQ               0.05             0.02             0.00               
AS               0.08             0.04             0.00               
B6               0.07             0.04             0.00               
CO               0.13             0.04             0.00               
DH               0.05             0.01             0.00               
DL               0.00             0.05             0.00               
EV               0.11             0.04             0.00               
F9               0.00             0.04             0.00               
FL               0.01             0.07             0.00               
HA               0.01             0.10             0.00               
HP               0.07             0.00             0.00               
MQ               0.11             0.06             0.00               
NK               0.06             0.06             0.00               
NW               0.01             0.05             0.00               
OH (1)           0.00             0.08             0.00               
OO               0.09             0.04             0.00               
TW               0.01             0.03             0.00               
TZ               0.10             0.01             0.00               
UA               0.01             0.03             0.00               
US               0.11             0.00             0.00               
VX               0.07             0.04             0.00               
WN               0.13             0.01             0.00               
XE               0.03             0.04             0.00               
YV               0.08             0.02             0.00               

                  sum(a_distance)  sum(a_taxi_out)  sum(b_air_time)  
a_unique_carrier                                                     
9E               0.04             0.07             0.00              
AA               0.14             0.03             0.01              
AQ               0.06             0.03             0.00              
AS               0.08             0.05             0.01              
B6               0.08             0.04             0.01              
CO               0.14             0.03             0.01              
DH               0.06             0.02             0.00              
DL               0.00             0.06             0.01              
EV               0.11             0.05             0.01              
F9               0.01             0.03             0.01              
FL               0.00             0.08             0.01              
HA               0.01             0.11             0.00              
HP               0.07             0.01             0.01              
MQ               0.10             0.07             0.01              
NK               0.06             0.06             0.00              
NW               0.01             0.05             0.01              
OH (1)           0.01             0.08             0.01              
OO               0.10             0.05             0.01              
TW               0.01             0.04             0.01              
TZ               0.10             0.01             0.01              
UA               0.02             0.04             0.01              
US               0.11             0.01             0.01              
VX               0.08             0.04             0.01              
WN               0.14             0.01             0.01              
XE               0.04             0.04             0.01              
YV               0.08             0.02             0.01              
2023-07-12 08:09:21,741 - main.py[line:612] - INFO: relative error normalized:
                  avg(a_distance)  avg(a_taxi_out)  avg(b_air_time)  \
a_unique_carrier                                                      
9E               0.03             0.08             0.00               
AA               0.13             0.03             0.00               
AQ               0.05             0.02             0.00               
AS               0.07             0.04             0.00               
B6               0.07             0.03             0.00               
CO               0.12             0.04             0.00               
DH               0.05             0.01             0.00               
DL               0.00             0.05             0.00               
EV               0.11             0.04             0.00               
F9               0.00             0.04             0.00               
FL               0.01             0.07             0.00               
HA               0.01             0.09             0.00               
HP               0.06             0.00             0.00               
MQ               0.10             0.06             0.00               
NK               0.06             0.06             0.00               
NW               0.01             0.04             0.00               
OH (1)           0.00             0.07             0.00               
OO               0.09             0.04             0.00               
TW               0.01             0.03             0.00               
TZ               0.09             0.01             0.00               
UA               0.01             0.03             0.00               
US               0.11             0.00             0.00               
VX               0.07             0.04             0.00               
WN               0.12             0.01             0.00               
XE               0.03             0.04             0.00               
YV               0.07             0.02             0.00               

                  sum(a_distance)  sum(a_taxi_out)  sum(b_air_time)  
a_unique_carrier                                                     
9E               0.04             0.07             0.00              
AA               0.13             0.03             0.01              
AQ               0.06             0.03             0.00              
AS               0.08             0.05             0.01              
B6               0.07             0.04             0.01              
CO               0.13             0.03             0.01              
DH               0.05             0.02             0.00              
DL               0.00             0.05             0.01              
EV               0.10             0.04             0.01              
F9               0.01             0.03             0.01              
FL               0.00             0.08             0.01              
HA               0.01             0.10             0.00              
HP               0.07             0.01             0.01              
MQ               0.09             0.07             0.01              
NK               0.06             0.06             0.00              
NW               0.01             0.05             0.01              
OH (1)           0.01             0.08             0.01              
OO               0.09             0.05             0.01              
TW               0.01             0.04             0.01              
TZ               0.10             0.01             0.01              
UA               0.02             0.04             0.01              
US               0.10             0.01             0.01              
VX               0.08             0.04             0.01              
WN               0.13             0.01             0.01              
XE               0.04             0.04             0.01              
YV               0.08             0.02             0.01              
2023-07-12 08:09:21,741 - main.py[line:615] - INFO: relative error average: 0.03573628930517588
2023-07-12 08:09:21,741 - main.py[line:616] - INFO: relative error normalized average: 0.03442090918686659
2023-07-12 08:09:21,742 - main.py[line:662] - INFO: total_time:3.670667156111449
rate1: 0.01; rate2: 0.1