main.py:19: FutureWarning: Passing a negative integer is deprecated in version 1.0 and will not be supported in future version. Instead, use None to not limit the column width.
  pd.set_option('max_colwidth', -1)
2023-07-12 08:09:58,361 - main.py[line:642] - INFO: load query config config/query/flights_test.json successfully
2023-07-12 08:09:58,361 - main.py[line:649] - INFO: load train config ./config/train/flights_test_a_torch_cvae.json successfully
2023-07-12 08:09:58,361 - main.py[line:649] - INFO: load train config ./config/train/flights_test_b_torch_cvae.json successfully
2023-07-12 08:09:58,361 - dataset_utils.py[line:599] - INFO: load existing dataset(light):flights-test-flight-a_a_unique_carrier_a_taxi_out#a_distance_a_unique_carrier_binary_gaussian5_0
2023-07-12 08:09:58,492 - dataset_utils.py[line:608] - INFO: load dataset(light) time elapsed:0.13078706990927458
2023-07-12 08:09:58,492 - pytorch_cvae.py[line:280] - INFO: feature info:[('a_taxi_out', 'numerical', 6), ('a_distance', 'numerical', 6), ('a_unique_carrier', 'categorical', 6)]
2023-07-12 08:09:58,494 - model_utils.py[line:75] - INFO: load model name:torch_cvae_flights-test-flight-a_a_unique_carrier_ld100_id150_bs512_ep150_0_binary_gaussian5
2023-07-12 08:10:00,772 - model_utils.py[line:86] - INFO: load torch model time elapsed:2.278815125580877
2023-07-12 08:10:00,772 - pytorch_cvae.py[line:290] - INFO: load model time elapsed:2.4111334360204637
2023-07-12 08:10:00,772 - dataset_utils.py[line:599] - INFO: load existing dataset(light):flights-test-flight-b_b_unique_carrier_b_air_time_b_unique_carrier_binary_gaussian5_0
2023-07-12 08:10:00,835 - dataset_utils.py[line:608] - INFO: load dataset(light) time elapsed:0.06276668421924114
2023-07-12 08:10:00,835 - pytorch_cvae.py[line:280] - INFO: feature info:[('b_air_time', 'numerical', 6), ('b_unique_carrier', 'categorical', 6)]
2023-07-12 08:10:00,836 - model_utils.py[line:75] - INFO: load model name:torch_cvae_flights-test-flight-b_b_unique_carrier_ld50_id100_bs512_ep100_0_binary_gaussian5
2023-07-12 08:10:00,837 - model_utils.py[line:86] - INFO: load torch model time elapsed:0.00143428985029459
2023-07-12 08:10:00,837 - pytorch_cvae.py[line:290] - INFO: load model time elapsed:0.06497578229755163
2023-07-12 08:10:00,837 - main.py[line:572] - INFO: multi_sampling No.0 epoch
2023-07-12 08:10:01,435 - pytorch_cvae.py[line:407] - INFO: sampling time:0.5971036162227392
2023-07-12 08:10:01,467 - pytorch_cvae.py[line:407] - INFO: sampling time:0.031721069011837244
2023-07-12 08:10:02,022 - main.py[line:555] - INFO: sample and aggregation time elapsed:1.1841016551479697
2023-07-12 08:10:02,025 - main.py[line:593] - INFO: sample time: 1.1871649520471692
2023-07-12 08:10:02,046 - main.py[line:104] - INFO: aqp result:
                  avg(a_taxi_out)  avg(b_air_time)  avg(a_distance)  \
a_unique_carrier                                                      
9E               15.06            1209.51          712.30             
AA               14.46            1204.44          713.24             
AQ               15.34            1203.94          765.72             
AS               14.67            1211.57          739.84             
B6               15.37            1202.62          716.19             
CO               14.83            1207.37          734.53             
DH               15.34            1204.60          738.23             
DL               14.39            1210.06          679.92             
EV               14.70            1206.22          689.82             
F9               15.05            1202.87          691.56             
FL               14.54            1202.92          752.67             
HA               15.09            1202.67          703.73             
HP               15.39            1203.40          704.00             
MQ               16.04            1208.83          754.44             
NK               14.87            1202.40          688.97             
NW               15.52            1204.80          720.13             
OH (1)           14.94            1208.73          730.13             
OO               14.92            1202.01          731.13             
TW               15.44            1204.54          670.72             
TZ               15.58            1200.28          733.90             
UA               14.81            1203.89          715.02             
US               14.96            1200.82          696.44             
VX               15.37            1202.42          697.93             
WN               14.81            1207.76          722.81             
XE               15.11            1204.95          681.50             
YV               15.53            1205.40          690.96             

                  sum(a_taxi_out)  sum(b_air_time)  sum(a_distance)  
a_unique_carrier                                                     
9E               139500283.20     11201974122.46   6597022830.86     
AA               15119567142.89   1259233238778.37 745688497981.10   
AQ               1752575.97       137543121.78     87478595.44       
AS               834373158.38     68932008789.97   42093218413.17    
B6               543554976.09     42530525310.88   25327816486.07    
CO               2353072675.10    191523311342.71  116517449472.75   
DH               36291847.51      2849746626.49    1746450188.42     
DL               19147487767.66   1610614924585.00 904990908951.03   
EV               2439862307.38    200180687362.64  114480793288.27   
F9               79070252.69      6320370511.50    3633710412.58     
FL               462649744.68     38266456015.06   23943161863.97    
HA               57427702.98      4576190151.77    2677701266.13     
HP               382520133.93     29905387712.01   17494808548.44    
MQ               3672647668.12    276788269038.82  172746603676.16   
NK               5449148.60       440486282.62     252396643.00      
NW               3879606659.58    301219623959.65  180043613860.42   
OH (1)           230557693.77     18651584094.03   11266445435.21    
OO               4675631189.59    376781811993.36  229179639460.22   
TW               263063850.40     20525879084.07   11429303655.22    
TZ               3418804.32       263396422.67     161052349.65      
UA               11183070989.42   908913677889.09  539828356343.30   
US               8867533829.81    711641992275.23  412728164118.68   
VX               7467894.44       584411833.93     339214346.13      
WN               37841300494.44   3086229724097.06 1847025042160.17  
XE               844834693.71     67363364222.25   38099886336.01    
YV               217685776.33     16901466290.10   9688264866.85     
2023-07-12 08:10:02,050 - main.py[line:105] - INFO: ground truth:
                  sum(a_taxi_out)  avg(a_taxi_out)  sum(b_air_time)  \
a_unique_carrier                                                      
9E               142284540.12     15.33            11173140586.24     
AA               16300686048.88   15.55            1263236350723.25   
AQ               1759966.00       15.41            137234624.71       
AS               876450380.96     15.37            68708755273.38     
B6               549788787.51     15.51            42793262804.14     
CO               2485211586.17    15.63            191613223535.47    
DH               35746942.01      15.07            2848202435.65      
DL               20738744853.55   15.54            1608686034109.96   
EV               2595112426.59    15.60            200460459274.38    
F9               80439061.46      15.27            6344125870.52      
FL               495879446.36     15.55            38408814777.63     
HA               59769807.29      15.67            4590749728.71      
HP               388476481.01     15.60            30000936923.38     
MQ               3590401529.60    15.64            276410780365.79    
NK               5829780.60       15.87            441769394.49       
NW               3909682334.52    15.60            301807796014.13    
OH (1)           238510098.84     15.42            18645751639.88     
OO               4895151892.62    15.58            378599313971.27    
TW               261763968.22     15.32            20584482964.54     
TZ               3494894.20       15.89            264811610.15       
UA               11794846477.28   15.59            911710654104.45    
US               9316915599.48    15.68            715580660601.78    
VX               7390703.22       15.17            586691056.44       
WN               39755967904.82   15.52            3085646169518.35   
XE               875611219.36     15.62            67533052769.33     
YV               221860571.32     15.79            16975037496.76     

                  avg(b_air_time)  sum(a_distance)  avg(a_distance)  
a_unique_carrier                                                     
9E               1203.46          6746625346.28    726.68            
AA               1205.37          777087416304.94  741.49            
AQ               1201.24          80971279.97      708.76            
AS               1204.73          42037430883.37   737.08            
B6               1207.14          26827027097.25   756.75            
CO               1205.02          117399219829.68  738.30            
DH               1200.96          1678544713.64    707.77            
DL               1205.71          991984599921.34  743.49            
EV               1204.99          122887838715.02  738.69            
F9               1204.50          3860634311.65    732.98            
FL               1204.47          23464764525.57   735.84            
HA               1203.59          2772250304.97    726.82            
HP               1204.37          18262881042.59   733.15            
MQ               1204.29          168201520541.46  732.83            
NK               1202.96          265373521.21     722.62            
NW               1204.24          183162573964.31  730.84            
OH (1)           1205.40          11511808801.00   744.21            
OO               1204.92          231963276318.29  738.24            
TW               1205.06          12616862839.76   738.62            
TZ               1203.90          158652522.82     721.28            
UA               1204.69          556578465756.17  735.44            
US               1204.59          437180046113.38  735.94            
VX               1204.20          357991356.52     734.79            
WN               1204.64          1885240669478.28 736.00            
XE               1205.08          41407851540.77   738.90            
YV               1207.76          10681610707.48   759.99            
2023-07-12 08:10:02,060 - main.py[line:611] - INFO: relative error:
                  avg(a_distance)  avg(a_taxi_out)  avg(b_air_time)  \
a_unique_carrier                                                      
9E               0.02             0.02             0.01               
AA               0.04             0.07             0.00               
AQ               0.08             0.00             0.00               
AS               0.00             0.05             0.01               
B6               0.05             0.01             0.00               
CO               0.01             0.05             0.00               
DH               0.04             0.02             0.00               
DL               0.09             0.07             0.00               
EV               0.07             0.06             0.00               
F9               0.06             0.01             0.00               
FL               0.02             0.06             0.00               
HA               0.03             0.04             0.00               
HP               0.04             0.01             0.00               
MQ               0.03             0.03             0.00               
NK               0.05             0.06             0.00               
NW               0.01             0.01             0.00               
OH (1)           0.02             0.03             0.00               
OO               0.01             0.04             0.00               
TW               0.09             0.01             0.00               
TZ               0.02             0.02             0.00               
UA               0.03             0.05             0.00               
US               0.05             0.05             0.00               
VX               0.05             0.01             0.00               
WN               0.02             0.05             0.00               
XE               0.08             0.03             0.00               
YV               0.09             0.02             0.00               

                  sum(a_distance)  sum(a_taxi_out)  sum(b_air_time)  
a_unique_carrier                                                     
9E               0.02             0.02             0.00              
AA               0.04             0.07             0.00              
AQ               0.08             0.00             0.00              
AS               0.00             0.05             0.00              
B6               0.06             0.01             0.01              
CO               0.01             0.05             0.00              
DH               0.04             0.02             0.00              
DL               0.09             0.08             0.00              
EV               0.07             0.06             0.00              
F9               0.06             0.02             0.00              
FL               0.02             0.07             0.00              
HA               0.03             0.04             0.00              
HP               0.04             0.02             0.00              
MQ               0.03             0.02             0.00              
NK               0.05             0.07             0.00              
NW               0.02             0.01             0.00              
OH (1)           0.02             0.03             0.00              
OO               0.01             0.04             0.00              
TW               0.09             0.00             0.00              
TZ               0.02             0.02             0.01              
UA               0.03             0.05             0.00              
US               0.06             0.05             0.01              
VX               0.05             0.01             0.00              
WN               0.02             0.05             0.00              
XE               0.08             0.04             0.00              
YV               0.09             0.02             0.00              
2023-07-12 08:10:02,062 - main.py[line:612] - INFO: relative error normalized:
                  avg(a_distance)  avg(a_taxi_out)  avg(b_air_time)  \
a_unique_carrier                                                      
9E               0.02             0.02             0.01               
AA               0.04             0.07             0.00               
AQ               0.08             0.00             0.00               
AS               0.00             0.04             0.01               
B6               0.05             0.01             0.00               
CO               0.01             0.05             0.00               
DH               0.04             0.02             0.00               
DL               0.08             0.07             0.00               
EV               0.06             0.06             0.00               
F9               0.05             0.01             0.00               
FL               0.02             0.06             0.00               
HA               0.03             0.04             0.00               
HP               0.04             0.01             0.00               
MQ               0.03             0.03             0.00               
NK               0.05             0.06             0.00               
NW               0.01             0.01             0.00               
OH (1)           0.02             0.03             0.00               
OO               0.01             0.04             0.00               
TW               0.09             0.01             0.00               
TZ               0.02             0.02             0.00               
UA               0.03             0.05             0.00               
US               0.05             0.04             0.00               
VX               0.05             0.01             0.00               
WN               0.02             0.04             0.00               
XE               0.07             0.03             0.00               
YV               0.09             0.02             0.00               

                  sum(a_distance)  sum(a_taxi_out)  sum(b_air_time)  
a_unique_carrier                                                     
9E               0.02             0.02             0.00              
AA               0.04             0.07             0.00              
AQ               0.08             0.00             0.00              
AS               0.00             0.05             0.00              
B6               0.05             0.01             0.01              
CO               0.01             0.05             0.00              
DH               0.04             0.02             0.00              
DL               0.08             0.07             0.00              
EV               0.07             0.06             0.00              
F9               0.06             0.02             0.00              
FL               0.02             0.06             0.00              
HA               0.03             0.04             0.00              
HP               0.04             0.02             0.00              
MQ               0.03             0.02             0.00              
NK               0.05             0.06             0.00              
NW               0.02             0.01             0.00              
OH (1)           0.02             0.03             0.00              
OO               0.01             0.04             0.00              
TW               0.09             0.00             0.00              
TZ               0.02             0.02             0.01              
UA               0.03             0.05             0.00              
US               0.05             0.05             0.01              
VX               0.05             0.01             0.00              
WN               0.02             0.05             0.00              
XE               0.08             0.03             0.00              
YV               0.09             0.02             0.00              
2023-07-12 08:10:02,062 - main.py[line:615] - INFO: relative error average: 0.026503477191092178
2023-07-12 08:10:02,062 - main.py[line:616] - INFO: relative error normalized average: 0.025818068953923145
2023-07-12 08:10:02,063 - main.py[line:662] - INFO: total_time:3.701694596093148
rate1: 0.03162277660168379; rate2: 0.03162277660168379