main.py:19: FutureWarning: Passing a negative integer is deprecated in version 1.0 and will not be supported in future version. Instead, use None to not limit the column width.
  pd.set_option('max_colwidth', -1)
2022-11-08 05:39:15,816 - main.py[line:595] - INFO: load query config skew_size_var/query_config/tpch_aggvar2.json successfully
2022-11-08 05:39:15,817 - main.py[line:602] - INFO: load train config ./skew_size_var/train_config/tpch_customer_aggvar2.json successfully
2022-11-08 05:39:15,817 - main.py[line:602] - INFO: load train config ./skew_size_var/train_config/tpch_nation.json successfully
2022-11-08 05:39:15,817 - pytorch_cvae.py[line:248] - INFO: epoch:150
2022-11-08 05:39:15,817 - pytorch_cvae.py[line:249] - INFO: batch size:512
2022-11-08 05:39:15,817 - pytorch_cvae.py[line:250] - INFO: latent dimension:100
2022-11-08 05:39:15,817 - pytorch_cvae.py[line:251] - INFO: intermediate dimension:100
2022-11-08 05:39:15,817 - pytorch_cvae.py[line:252] - INFO: gpu num:0
2022-11-08 05:39:15,840 - dataset_utils.py[line:297] - INFO: loading data:/home/lihan/tpch-skew-data/test/agg_var2.csv
2022-11-08 05:39:16,136 - dataset_utils.py[line:318] - INFO: data total rows:3000000
2022-11-08 05:39:16,137 - dataset_utils.py[line:350] - INFO: sample the training data sample rows:3000000
2022-11-08 05:39:16,137 - dataset_utils.py[line:354] - INFO: load data time elapsed:0.2963809696957469
2022-11-08 05:39:16,515 - dataset_utils.py[line:43] - INFO: encode categorical columns time elapsed:0.3779626935720444
2022-11-08 05:40:50,825 - dataset_utils.py[line:56] - INFO: encode numeric columnstime elapsed:94.31047976575792
2022-11-08 05:40:51,020 - dataset_utils.py[line:107] - INFO: data shape:(3000000, 12)
2022-11-08 05:40:51,020 - dataset_utils.py[line:136] - INFO: feature info:[('c_acctbal', 'numerical', 6), ('c_nationkey', 'categorical', 6)]
2022-11-08 05:40:51,020 - dataset_utils.py[line:137] - INFO: output info list:[(1, 'no'), (5, 'softmax'), (6, 'sigmoid')]
2022-11-08 05:40:53,177 - dataset_utils.py[line:140] - INFO: load data successfully
2022-11-08 05:40:53,177 - pytorch_cvae.py[line:257] - INFO: feature info:[('c_acctbal', 'numerical', 6), ('c_nationkey', 'categorical', 6)]
2022-11-08 05:41:39,962 - pytorch_cvae.py[line:170] - INFO: ----------------------------No.1 epoch----------------------------
2022-11-08 05:41:39,962 - pytorch_cvae.py[line:177] - INFO: loss:1113.3393163826258, numeric_loss:45.59774476664825, categorical_loss:888.5317116221122, kld_loss:33246.3769888347, epoch_train_time:46.782013333402574
2022-11-08 05:42:26,145 - pytorch_cvae.py[line:170] - INFO: ----------------------------No.2 epoch----------------------------
2022-11-08 05:42:26,145 - pytorch_cvae.py[line:177] - INFO: loss:436.8119810395874, numeric_loss:51.451650949631585, categorical_loss:274.1950296644209, kld_loss:18669.78803241253, epoch_train_time:46.182507005520165
2022-11-08 05:43:12,189 - pytorch_cvae.py[line:170] - INFO: ----------------------------No.3 epoch----------------------------
2022-11-08 05:43:12,189 - pytorch_cvae.py[line:177] - INFO: loss:292.124053458916, numeric_loss:44.99474180953257, categorical_loss:130.59756668090995, kld_loss:17735.211149074603, epoch_train_time:46.04356254078448
2022-11-08 05:43:58,392 - pytorch_cvae.py[line:170] - INFO: ----------------------------No.4 epoch----------------------------
2022-11-08 05:43:58,392 - pytorch_cvae.py[line:177] - INFO: loss:264.2459233094414, numeric_loss:44.32487536010012, categorical_loss:98.01345804757148, kld_loss:16829.80745921377, epoch_train_time:46.202957428991795
2022-11-08 05:44:44,725 - pytorch_cvae.py[line:170] - INFO: ----------------------------No.5 epoch----------------------------
2022-11-08 05:44:44,725 - pytorch_cvae.py[line:177] - INFO: loss:330.1332879521651, numeric_loss:54.286590819232515, categorical_loss:123.70589049565751, kld_loss:19071.493253097404, epoch_train_time:46.332663495093584
2022-11-08 05:45:31,030 - pytorch_cvae.py[line:170] - INFO: ----------------------------No.6 epoch----------------------------
2022-11-08 05:45:31,030 - pytorch_cvae.py[line:177] - INFO: loss:262.1352337525168, numeric_loss:48.703033299436356, categorical_loss:64.65269949426147, kld_loss:16951.45399992494, epoch_train_time:46.30530045367777
2022-11-08 05:46:16,956 - pytorch_cvae.py[line:170] - INFO: ----------------------------No.7 epoch----------------------------
2022-11-08 05:46:16,956 - pytorch_cvae.py[line:177] - INFO: loss:244.26607921159302, numeric_loss:43.049867461115355, categorical_loss:59.4861922069249, kld_loss:14692.134254953824, epoch_train_time:45.92594255320728
2022-11-08 05:47:03,376 - pytorch_cvae.py[line:170] - INFO: ----------------------------No.8 epoch----------------------------
2022-11-08 05:47:03,376 - pytorch_cvae.py[line:177] - INFO: loss:252.52260660281172, numeric_loss:46.63158824773927, categorical_loss:61.17854392906884, kld_loss:13662.257844008505, epoch_train_time:46.4191910373047
2022-11-08 05:47:49,560 - pytorch_cvae.py[line:170] - INFO: ----------------------------No.9 epoch----------------------------
2022-11-08 05:47:49,560 - pytorch_cvae.py[line:177] - INFO: loss:289.4009127653262, numeric_loss:44.84369681881799, categorical_loss:68.85783431526215, kld_loss:15122.183713356033, epoch_train_time:46.18465028144419
2022-11-08 05:48:35,364 - pytorch_cvae.py[line:170] - INFO: ----------------------------No.10 epoch----------------------------
2022-11-08 05:48:35,364 - pytorch_cvae.py[line:177] - INFO: loss:271.87424751138315, numeric_loss:41.42185437473927, categorical_loss:59.008721678757865, kld_loss:13465.664236342302, epoch_train_time:45.803364916704595
2022-11-08 05:49:21,655 - pytorch_cvae.py[line:170] - INFO: ----------------------------No.11 epoch----------------------------
2022-11-08 05:49:21,655 - pytorch_cvae.py[line:177] - INFO: loss:265.62345841055503, numeric_loss:39.18619984623729, categorical_loss:56.80894791195169, kld_loss:12170.291911205277, epoch_train_time:46.290585558861494
2022-11-08 05:50:08,070 - pytorch_cvae.py[line:170] - INFO: ----------------------------No.12 epoch----------------------------
2022-11-08 05:50:08,070 - pytorch_cvae.py[line:177] - INFO: loss:282.91669259915943, numeric_loss:38.694910885536956, categorical_loss:61.29412061796029, kld_loss:12000.868884559255, epoch_train_time:46.41526006255299
2022-11-08 05:50:54,051 - pytorch_cvae.py[line:170] - INFO: ----------------------------No.13 epoch----------------------------
2022-11-08 05:50:54,051 - pytorch_cvae.py[line:177] - INFO: loss:287.27816193671606, numeric_loss:39.860391992360746, categorical_loss:57.56868209093955, kld_loss:11400.05034979363, epoch_train_time:45.98071462009102
2022-11-08 05:51:40,031 - pytorch_cvae.py[line:170] - INFO: ----------------------------No.14 epoch----------------------------
2022-11-08 05:51:40,031 - pytorch_cvae.py[line:177] - INFO: loss:311.91508011324913, numeric_loss:40.502635677365106, categorical_loss:66.47101789416047, kld_loss:11275.277620228706, epoch_train_time:45.97981896344572
2022-11-08 05:52:26,139 - pytorch_cvae.py[line:170] - INFO: ----------------------------No.15 epoch----------------------------
2022-11-08 05:52:26,139 - pytorch_cvae.py[line:177] - INFO: loss:325.029889937563, numeric_loss:39.681055007020404, categorical_loss:72.61117213049874, kld_loss:10734.341453978792, epoch_train_time:46.107951735146344
2022-11-08 05:53:12,130 - pytorch_cvae.py[line:170] - INFO: ----------------------------No.16 epoch----------------------------
2022-11-08 05:53:12,130 - pytorch_cvae.py[line:177] - INFO: loss:340.8794812098349, numeric_loss:39.91195984761271, categorical_loss:77.78449634538265, kld_loss:10338.55879458692, epoch_train_time:45.990480539388955
2022-11-08 05:53:57,999 - pytorch_cvae.py[line:170] - INFO: ----------------------------No.17 epoch----------------------------
2022-11-08 05:53:57,999 - pytorch_cvae.py[line:177] - INFO: loss:370.424704000834, numeric_loss:42.374963898775604, categorical_loss:83.57165429465385, kld_loss:10407.367685328005, epoch_train_time:45.86877301707864
2022-11-08 05:54:43,880 - pytorch_cvae.py[line:170] - INFO: ----------------------------No.18 epoch----------------------------
2022-11-08 05:54:43,880 - pytorch_cvae.py[line:177] - INFO: loss:400.26261250971584, numeric_loss:41.39678542326692, categorical_loss:98.38988781116495, kld_loss:10200.112736812327, epoch_train_time:45.880692509002984
2022-11-08 05:55:29,815 - pytorch_cvae.py[line:170] - INFO: ----------------------------No.19 epoch----------------------------
2022-11-08 05:55:29,815 - pytorch_cvae.py[line:177] - INFO: loss:395.7140732050175, numeric_loss:45.02378171621058, categorical_loss:92.88137971045217, kld_loss:9296.211086740368, epoch_train_time:45.9347531395033
2022-11-08 05:56:15,867 - pytorch_cvae.py[line:170] - INFO: ----------------------------No.20 epoch----------------------------
2022-11-08 05:56:15,867 - pytorch_cvae.py[line:177] - INFO: loss:515.8667739562952, numeric_loss:44.47023755568625, categorical_loss:147.02211327984696, kld_loss:10781.015089145862, epoch_train_time:46.05203287024051
2022-11-08 05:57:01,898 - pytorch_cvae.py[line:170] - INFO: ----------------------------No.21 epoch----------------------------
2022-11-08 05:57:01,898 - pytorch_cvae.py[line:177] - INFO: loss:493.2859090162092, numeric_loss:43.60729234638893, categorical_loss:136.13859519567632, kld_loss:9614.912126101088, epoch_train_time:46.03092341776937
2022-11-08 05:57:48,022 - pytorch_cvae.py[line:170] - INFO: ----------------------------No.22 epoch----------------------------
2022-11-08 05:57:48,022 - pytorch_cvae.py[line:177] - INFO: loss:480.12877244137053, numeric_loss:47.950965152635035, categorical_loss:126.88780434605724, kld_loss:8646.46338028746, epoch_train_time:46.12412695866078
2022-11-08 05:58:33,870 - pytorch_cvae.py[line:170] - INFO: ----------------------------No.23 epoch----------------------------
2022-11-08 05:58:33,870 - pytorch_cvae.py[line:177] - INFO: loss:493.0912277116731, numeric_loss:45.632937850417875, categorical_loss:135.80345290023251, kld_loss:8160.329471036792, epoch_train_time:45.847713297232985
2022-11-08 05:59:19,541 - pytorch_cvae.py[line:170] - INFO: ----------------------------No.24 epoch----------------------------
2022-11-08 05:59:19,541 - pytorch_cvae.py[line:177] - INFO: loss:504.68026584468316, numeric_loss:45.57936376761609, categorical_loss:139.92188003569026, kld_loss:7734.110031102027, epoch_train_time:45.67105769738555
2022-11-08 06:00:05,608 - pytorch_cvae.py[line:170] - INFO: ----------------------------No.25 epoch----------------------------
2022-11-08 06:00:05,608 - pytorch_cvae.py[line:177] - INFO: loss:554.5214331277821, numeric_loss:46.463784401348676, categorical_loss:156.2554009143496, kld_loss:7896.7993487610365, epoch_train_time:46.065997425466776
2022-11-08 06:00:51,780 - pytorch_cvae.py[line:170] - INFO: ----------------------------No.26 epoch----------------------------
2022-11-08 06:00:51,780 - pytorch_cvae.py[line:177] - INFO: loss:589.5085914899391, numeric_loss:47.545550463992186, categorical_loss:177.3521447959647, kld_loss:7589.145463423745, epoch_train_time:46.17224126216024
2022-11-08 06:01:37,948 - pytorch_cvae.py[line:170] - INFO: ----------------------------No.27 epoch----------------------------
2022-11-08 06:01:37,948 - pytorch_cvae.py[line:177] - INFO: loss:583.0714732191991, numeric_loss:46.78269246237687, categorical_loss:165.34387060135487, kld_loss:7166.675087344192, epoch_train_time:46.1678033657372
2022-11-08 06:02:23,973 - pytorch_cvae.py[line:170] - INFO: ----------------------------No.28 epoch----------------------------
2022-11-08 06:02:23,973 - pytorch_cvae.py[line:177] - INFO: loss:590.0719443667622, numeric_loss:46.07446880932184, categorical_loss:170.1665956218785, kld_loss:6710.623053995252, epoch_train_time:46.02464145142585
2022-11-08 06:03:10,146 - pytorch_cvae.py[line:170] - INFO: ----------------------------No.29 epoch----------------------------
2022-11-08 06:03:10,146 - pytorch_cvae.py[line:177] - INFO: loss:611.5251796830999, numeric_loss:44.77629872043235, categorical_loss:170.4269319820596, kld_loss:6616.8218180302065, epoch_train_time:46.17271869443357
2022-11-08 06:03:56,176 - pytorch_cvae.py[line:170] - INFO: ----------------------------No.30 epoch----------------------------
2022-11-08 06:03:56,176 - pytorch_cvae.py[line:177] - INFO: loss:617.2042017012282, numeric_loss:46.36277240540403, categorical_loss:170.18917856863118, kld_loss:6227.544483335223, epoch_train_time:46.030139536596835
2022-11-08 06:04:42,447 - pytorch_cvae.py[line:170] - INFO: ----------------------------No.31 epoch----------------------------
2022-11-08 06:04:42,447 - pytorch_cvae.py[line:177] - INFO: loss:645.4649577754753, numeric_loss:47.42463251334448, categorical_loss:186.24526255988167, kld_loss:5965.03011151636, epoch_train_time:46.27050957176834
2022-11-08 06:05:28,718 - pytorch_cvae.py[line:170] - INFO: ----------------------------No.32 epoch----------------------------
2022-11-08 06:05:28,718 - pytorch_cvae.py[line:177] - INFO: loss:658.8730707025243, numeric_loss:46.185034659916255, categorical_loss:187.1450130504818, kld_loss:5750.313245218946, epoch_train_time:46.27118980884552
2022-11-08 06:06:15,198 - pytorch_cvae.py[line:170] - INFO: ----------------------------No.33 epoch----------------------------
2022-11-08 06:06:15,198 - pytorch_cvae.py[line:177] - INFO: loss:711.3443074025126, numeric_loss:47.056187793903064, categorical_loss:210.20389384406008, kld_loss:5729.744606002583, epoch_train_time:46.47952167596668
2022-11-08 06:07:01,346 - pytorch_cvae.py[line:170] - INFO: ----------------------------No.34 epoch----------------------------
2022-11-08 06:07:01,347 - pytorch_cvae.py[line:177] - INFO: loss:698.4562581838254, numeric_loss:45.56678825669724, categorical_loss:206.3231596347614, kld_loss:5267.080419277423, epoch_train_time:46.148694045841694
2022-11-08 06:07:47,815 - pytorch_cvae.py[line:170] - INFO: ----------------------------No.35 epoch----------------------------
2022-11-08 06:07:47,815 - pytorch_cvae.py[line:177] - INFO: loss:735.635940726148, numeric_loss:43.913465286345854, categorical_loss:228.65925150024123, kld_loss:5110.26798913104, epoch_train_time:46.46854490507394
2022-11-08 06:08:33,871 - pytorch_cvae.py[line:170] - INFO: ----------------------------No.36 epoch----------------------------
2022-11-08 06:08:33,871 - pytorch_cvae.py[line:177] - INFO: loss:769.2534338563419, numeric_loss:44.36012809876047, categorical_loss:248.13798408397997, kld_loss:4927.795117293892, epoch_train_time:46.05536875966936
2022-11-08 06:09:20,039 - pytorch_cvae.py[line:170] - INFO: ----------------------------No.37 epoch----------------------------
2022-11-08 06:09:20,039 - pytorch_cvae.py[line:177] - INFO: loss:789.5851821729011, numeric_loss:46.88358066226692, categorical_loss:268.2668296904012, kld_loss:4597.498872709344, epoch_train_time:46.1678976342082
2022-11-08 06:10:06,179 - pytorch_cvae.py[line:170] - INFO: ----------------------------No.38 epoch----------------------------
2022-11-08 06:10:06,180 - pytorch_cvae.py[line:177] - INFO: loss:770.9361135976651, numeric_loss:49.97926420996646, categorical_loss:244.87509173573926, kld_loss:4329.611592133879, epoch_train_time:46.140523344278336
2022-11-08 06:10:52,468 - pytorch_cvae.py[line:170] - INFO: ----------------------------No.39 epoch----------------------------
2022-11-08 06:10:52,469 - pytorch_cvae.py[line:177] - INFO: loss:830.6931987604621, numeric_loss:47.53781578292501, categorical_loss:275.204363734214, kld_loss:4339.56132978556, epoch_train_time:46.288740729913116
2022-11-08 06:11:38,836 - pytorch_cvae.py[line:170] - INFO: ----------------------------No.40 epoch----------------------------
2022-11-08 06:11:38,836 - pytorch_cvae.py[line:177] - INFO: loss:878.0750131137029, numeric_loss:47.6615133762034, categorical_loss:296.0280709657527, kld_loss:4293.085155296838, epoch_train_time:46.36708482541144
2022-11-08 06:12:25,095 - pytorch_cvae.py[line:170] - INFO: ----------------------------No.41 epoch----------------------------
2022-11-08 06:12:25,095 - pytorch_cvae.py[line:177] - INFO: loss:854.7286475818546, numeric_loss:46.92067109062873, categorical_loss:289.3492085054895, kld_loss:3920.6161629430717, epoch_train_time:46.25894659943879
2022-11-08 06:13:11,414 - pytorch_cvae.py[line:170] - INFO: ----------------------------No.42 epoch----------------------------
2022-11-08 06:13:11,414 - pytorch_cvae.py[line:177] - INFO: loss:882.0156820775883, numeric_loss:48.675253960675946, categorical_loss:297.6145067161706, kld_loss:3817.176429315994, epoch_train_time:46.31868916377425
2022-11-08 06:13:57,729 - pytorch_cvae.py[line:170] - INFO: ----------------------------No.43 epoch----------------------------
2022-11-08 06:13:57,729 - pytorch_cvae.py[line:177] - INFO: loss:952.2495597022935, numeric_loss:47.69355733362863, categorical_loss:353.6680916970945, kld_loss:3702.1717860862846, epoch_train_time:46.31530176848173
2022-11-08 06:14:43,509 - pytorch_cvae.py[line:170] - INFO: ----------------------------No.44 epoch----------------------------
2022-11-08 06:14:43,509 - pytorch_cvae.py[line:177] - INFO: loss:934.439316089527, numeric_loss:45.333798934464994, categorical_loss:346.3525002416718, kld_loss:3443.686847153236, epoch_train_time:45.77950271777809
2022-11-08 06:15:29,757 - pytorch_cvae.py[line:170] - INFO: ----------------------------No.45 epoch----------------------------
2022-11-08 06:15:29,757 - pytorch_cvae.py[line:177] - INFO: loss:1017.8138069168344, numeric_loss:46.72806748207222, categorical_loss:398.8767698749725, kld_loss:3431.1397807677276, epoch_train_time:46.24764003045857
2022-11-08 06:16:15,957 - pytorch_cvae.py[line:170] - INFO: ----------------------------No.46 epoch----------------------------
2022-11-08 06:16:15,957 - pytorch_cvae.py[line:177] - INFO: loss:975.1990296957665, numeric_loss:45.67081494982722, categorical_loss:367.4887969716365, kld_loss:3188.212019329658, epoch_train_time:46.19979755394161
2022-11-08 06:17:02,367 - pytorch_cvae.py[line:170] - INFO: ----------------------------No.47 epoch----------------------------
2022-11-08 06:17:02,367 - pytorch_cvae.py[line:177] - INFO: loss:977.638774230596, numeric_loss:46.59509138822477, categorical_loss:366.4561468075117, kld_loss:3032.792250709026, epoch_train_time:46.410302706062794
2022-11-08 06:17:48,539 - pytorch_cvae.py[line:170] - INFO: ----------------------------No.48 epoch----------------------------
2022-11-08 06:17:48,539 - pytorch_cvae.py[line:177] - INFO: loss:977.9893638751382, numeric_loss:46.51290428795164, categorical_loss:361.8798571613588, kld_loss:2900.3071379744215, epoch_train_time:46.17171411588788
2022-11-08 06:18:34,377 - pytorch_cvae.py[line:170] - INFO: ----------------------------No.49 epoch----------------------------
2022-11-08 06:18:34,377 - pytorch_cvae.py[line:177] - INFO: loss:1039.4449973509472, numeric_loss:46.408142567371215, categorical_loss:405.1030270156916, kld_loss:2840.564063756261, epoch_train_time:45.83791941124946
2022-11-08 06:19:20,873 - pytorch_cvae.py[line:170] - INFO: ----------------------------No.50 epoch----------------------------
2022-11-08 06:19:20,873 - pytorch_cvae.py[line:177] - INFO: loss:1078.5697204917815, numeric_loss:47.27046902312122, categorical_loss:421.28404927234806, kld_loss:2799.3078022782574, epoch_train_time:46.495403728447855
2022-11-08 06:20:07,186 - pytorch_cvae.py[line:170] - INFO: ----------------------------No.51 epoch----------------------------
2022-11-08 06:20:07,186 - pytorch_cvae.py[line:177] - INFO: loss:1091.3564213720674, numeric_loss:47.727510526001424, categorical_loss:424.66102550418873, kld_loss:2700.5127783502685, epoch_train_time:46.3129163319245
2022-11-08 06:20:53,399 - pytorch_cvae.py[line:170] - INFO: ----------------------------No.52 epoch----------------------------
2022-11-08 06:20:53,400 - pytorch_cvae.py[line:177] - INFO: loss:1066.3251241489925, numeric_loss:46.94271820805443, categorical_loss:399.3959850047613, kld_loss:2574.3211076988373, epoch_train_time:46.2135870680213
2022-11-08 06:21:39,804 - pytorch_cvae.py[line:170] - INFO: ----------------------------No.53 epoch----------------------------
2022-11-08 06:21:39,804 - pytorch_cvae.py[line:177] - INFO: loss:1142.642429665575, numeric_loss:47.50510384649169, categorical_loss:458.8337125297112, kld_loss:2516.9909711960354, epoch_train_time:46.404708452522755
2022-11-08 06:22:26,040 - pytorch_cvae.py[line:170] - INFO: ----------------------------No.54 epoch----------------------------
2022-11-08 06:22:26,040 - pytorch_cvae.py[line:177] - INFO: loss:1130.0822374676063, numeric_loss:50.05678510577491, categorical_loss:442.4004094966367, kld_loss:2405.2134882844985, epoch_train_time:46.23582646995783
2022-11-08 06:23:12,383 - pytorch_cvae.py[line:170] - INFO: ----------------------------No.55 epoch----------------------------
2022-11-08 06:23:12,383 - pytorch_cvae.py[line:177] - INFO: loss:1162.7473387178616, numeric_loss:48.42321589304629, categorical_loss:465.6521347816306, kld_loss:2335.7089564862545, epoch_train_time:46.342234479263425
2022-11-08 06:23:58,610 - pytorch_cvae.py[line:170] - INFO: ----------------------------No.56 epoch----------------------------
2022-11-08 06:23:58,611 - pytorch_cvae.py[line:177] - INFO: loss:1189.255090874125, numeric_loss:46.47203685819841, categorical_loss:474.6435138858942, kld_loss:2298.7955575293745, epoch_train_time:46.22754991892725
2022-11-08 06:24:44,700 - pytorch_cvae.py[line:170] - INFO: ----------------------------No.57 epoch----------------------------
2022-11-08 06:24:44,700 - pytorch_cvae.py[line:177] - INFO: loss:1190.563120494102, numeric_loss:47.65077237503374, categorical_loss:483.7136932558351, kld_loss:2169.318837228173, epoch_train_time:46.089491919614375
2022-11-08 06:25:30,802 - pytorch_cvae.py[line:170] - INFO: ----------------------------No.58 epoch----------------------------
2022-11-08 06:25:30,802 - pytorch_cvae.py[line:177] - INFO: loss:1189.3248120996868, numeric_loss:47.12797497876818, categorical_loss:485.4474903891969, kld_loss:2069.259228655661, epoch_train_time:46.101619148626924
2022-11-08 06:26:16,892 - pytorch_cvae.py[line:170] - INFO: ----------------------------No.59 epoch----------------------------
2022-11-08 06:26:16,892 - pytorch_cvae.py[line:177] - INFO: loss:1242.7247152691416, numeric_loss:46.08627936652374, categorical_loss:505.7751483810862, kld_loss:2086.1707523252117, epoch_train_time:46.089909388683736
2022-11-08 06:27:03,186 - pytorch_cvae.py[line:170] - INFO: ----------------------------No.60 epoch----------------------------
2022-11-08 06:27:03,186 - pytorch_cvae.py[line:177] - INFO: loss:1196.8752593690588, numeric_loss:46.66147996035215, categorical_loss:479.5982042737887, kld_loss:1942.7108760869596, epoch_train_time:46.29394947178662
2022-11-08 06:27:49,414 - pytorch_cvae.py[line:170] - INFO: ----------------------------No.61 epoch----------------------------
2022-11-08 06:27:49,414 - pytorch_cvae.py[line:177] - INFO: loss:1197.3202558062621, numeric_loss:47.27449263102062, categorical_loss:472.0171341678433, kld_loss:1886.2255022098543, epoch_train_time:46.228072059340775
2022-11-08 06:28:35,517 - pytorch_cvae.py[line:170] - INFO: ----------------------------No.62 epoch----------------------------
2022-11-08 06:28:35,517 - pytorch_cvae.py[line:177] - INFO: loss:1250.4493198551063, numeric_loss:49.121380378639515, categorical_loss:521.7045999297115, kld_loss:1817.436481798708, epoch_train_time:46.102362216450274
2022-11-08 06:29:18,971 - pytorch_cvae.py[line:170] - INFO: ----------------------------No.63 epoch----------------------------
2022-11-08 06:29:18,971 - pytorch_cvae.py[line:177] - INFO: loss:1316.1102989336941, numeric_loss:48.03371700550815, categorical_loss:594.1392353686242, kld_loss:1734.163962106104, epoch_train_time:43.45364787708968
2022-11-08 06:29:53,523 - pytorch_cvae.py[line:170] - INFO: ----------------------------No.64 epoch----------------------------
2022-11-08 06:29:53,523 - pytorch_cvae.py[line:177] - INFO: loss:1391.930464531266, numeric_loss:49.53262431254734, categorical_loss:610.0461148975301, kld_loss:1815.1155636402545, epoch_train_time:34.552155752666295
2022-11-08 06:30:28,184 - pytorch_cvae.py[line:170] - INFO: ----------------------------No.65 epoch----------------------------
2022-11-08 06:30:28,184 - pytorch_cvae.py[line:177] - INFO: loss:1305.4872745092434, numeric_loss:47.589433833492876, categorical_loss:598.5226278566697, kld_loss:1575.6706548191141, epoch_train_time:34.66036978922784
2022-11-08 06:31:02,757 - pytorch_cvae.py[line:170] - INFO: ----------------------------No.66 epoch----------------------------
2022-11-08 06:31:02,757 - pytorch_cvae.py[line:177] - INFO: loss:1307.498035650875, numeric_loss:48.55475156854118, categorical_loss:601.2154923477501, kld_loss:1516.9161248212913, epoch_train_time:34.57291853800416
2022-11-08 06:31:37,302 - pytorch_cvae.py[line:170] - INFO: ----------------------------No.67 epoch----------------------------
2022-11-08 06:31:37,302 - pytorch_cvae.py[line:177] - INFO: loss:1280.189705092227, numeric_loss:48.340003839257406, categorical_loss:565.8395355110115, kld_loss:1483.928818983317, epoch_train_time:34.54514697007835
2022-11-08 06:32:11,917 - pytorch_cvae.py[line:170] - INFO: ----------------------------No.68 epoch----------------------------
2022-11-08 06:32:11,917 - pytorch_cvae.py[line:177] - INFO: loss:1321.91186634943, numeric_loss:49.150688359610285, categorical_loss:599.8237747926905, kld_loss:1449.9666752927587, epoch_train_time:34.61451029218733
2022-11-08 06:32:46,465 - pytorch_cvae.py[line:170] - INFO: ----------------------------No.69 epoch----------------------------
2022-11-08 06:32:46,465 - pytorch_cvae.py[line:177] - INFO: loss:1374.1390163213946, numeric_loss:50.00936487345098, categorical_loss:630.6546453887422, kld_loss:1446.4372463553445, epoch_train_time:34.54835802782327
2022-11-08 06:33:21,096 - pytorch_cvae.py[line:170] - INFO: ----------------------------No.70 epoch----------------------------
2022-11-08 06:33:21,096 - pytorch_cvae.py[line:177] - INFO: loss:1389.4114780462405, numeric_loss:50.218503591254375, categorical_loss:625.4057419981691, kld_loss:1442.6377393746516, epoch_train_time:34.63029899355024
2022-11-08 06:33:55,636 - pytorch_cvae.py[line:170] - INFO: ----------------------------No.71 epoch----------------------------
2022-11-08 06:33:55,636 - pytorch_cvae.py[line:177] - INFO: loss:1445.662610213447, numeric_loss:50.32722068192197, categorical_loss:689.1355979335203, kld_loss:1384.4272056114278, epoch_train_time:34.540392822586
2022-11-08 06:34:30,205 - pytorch_cvae.py[line:170] - INFO: ----------------------------No.72 epoch----------------------------
2022-11-08 06:34:30,205 - pytorch_cvae.py[line:177] - INFO: loss:1516.63059362676, numeric_loss:50.82484946812292, categorical_loss:724.952202715911, kld_loss:1410.1431300390977, epoch_train_time:34.56901721376926
2022-11-08 06:35:04,738 - pytorch_cvae.py[line:170] - INFO: ----------------------------No.73 epoch----------------------------
2022-11-08 06:35:04,738 - pytorch_cvae.py[line:177] - INFO: loss:1448.4583270844305, numeric_loss:50.338134167089265, categorical_loss:699.8026033860515, kld_loss:1291.8331835555146, epoch_train_time:34.532178631052375
2022-11-08 06:35:39,380 - pytorch_cvae.py[line:170] - INFO: ----------------------------No.74 epoch----------------------------
2022-11-08 06:35:39,380 - pytorch_cvae.py[line:177] - INFO: loss:1477.9343768709805, numeric_loss:50.510056699106826, categorical_loss:731.1599453535746, kld_loss:1253.0964681789046, epoch_train_time:34.64253852143884
2022-11-08 06:36:14,016 - pytorch_cvae.py[line:170] - INFO: ----------------------------No.75 epoch----------------------------
2022-11-08 06:36:14,017 - pytorch_cvae.py[line:177] - INFO: loss:1544.194942858594, numeric_loss:50.99485981331782, categorical_loss:776.4748259923945, kld_loss:1256.1869081023615, epoch_train_time:34.63584016356617
2022-11-08 06:36:48,592 - pytorch_cvae.py[line:170] - INFO: ----------------------------No.76 epoch----------------------------
2022-11-08 06:36:48,592 - pytorch_cvae.py[line:177] - INFO: loss:1604.6648543423216, numeric_loss:51.35658766775941, categorical_loss:844.5529536192771, kld_loss:1210.9420235076686, epoch_train_time:34.57496047671884
2022-11-08 06:37:23,136 - pytorch_cvae.py[line:170] - INFO: ----------------------------No.77 epoch----------------------------
2022-11-08 06:37:23,136 - pytorch_cvae.py[line:177] - INFO: loss:1567.1785990263452, numeric_loss:51.12181597824019, categorical_loss:806.1336912433617, kld_loss:1183.5813549835002, epoch_train_time:34.54405467398465
2022-11-08 06:37:57,670 - pytorch_cvae.py[line:170] - INFO: ----------------------------No.78 epoch----------------------------
2022-11-08 06:37:57,670 - pytorch_cvae.py[line:177] - INFO: loss:1649.6007499952102, numeric_loss:50.92800709252515, categorical_loss:885.5265242538298, kld_loss:1161.3402592105558, epoch_train_time:34.53396221809089
2022-11-08 06:38:32,282 - pytorch_cvae.py[line:170] - INFO: ----------------------------No.79 epoch----------------------------
2022-11-08 06:38:32,282 - pytorch_cvae.py[line:177] - INFO: loss:1587.327036232513, numeric_loss:51.17210597437588, categorical_loss:844.5024889476481, kld_loss:1101.2785393717932, epoch_train_time:34.61216840147972
2022-11-08 06:39:06,887 - pytorch_cvae.py[line:170] - INFO: ----------------------------No.80 epoch----------------------------
2022-11-08 06:39:06,887 - pytorch_cvae.py[line:177] - INFO: loss:1620.7204452326987, numeric_loss:52.57079064546997, categorical_loss:872.2054036132758, kld_loss:1084.5420258826925, epoch_train_time:34.60417405515909
2022-11-08 06:39:41,420 - pytorch_cvae.py[line:170] - INFO: ----------------------------No.81 epoch----------------------------
2022-11-08 06:39:41,421 - pytorch_cvae.py[line:177] - INFO: loss:1649.9075877871364, numeric_loss:51.435692138581544, categorical_loss:860.7881351370597, kld_loss:1126.2612444921397, epoch_train_time:34.53375004325062
2022-11-08 06:40:15,978 - pytorch_cvae.py[line:170] - INFO: ----------------------------No.82 epoch----------------------------
2022-11-08 06:40:15,978 - pytorch_cvae.py[line:177] - INFO: loss:1656.7397925795522, numeric_loss:51.35038345162775, categorical_loss:853.866365789785, kld_loss:1125.2330115152872, epoch_train_time:34.55726319830865
2022-11-08 06:40:50,499 - pytorch_cvae.py[line:170] - INFO: ----------------------------No.83 epoch----------------------------
2022-11-08 06:40:50,499 - pytorch_cvae.py[line:177] - INFO: loss:1572.1814367282204, numeric_loss:51.17777395881649, categorical_loss:818.0227714565699, kld_loss:1033.2590714705293, epoch_train_time:34.52128095459193
2022-11-08 06:41:27,322 - pytorch_cvae.py[line:170] - INFO: ----------------------------No.84 epoch----------------------------
2022-11-08 06:41:27,322 - pytorch_cvae.py[line:177] - INFO: loss:1644.2067286453384, numeric_loss:50.96793963369828, categorical_loss:895.1655831048847, kld_loss:1008.2460812702775, epoch_train_time:36.82262957748026
2022-11-08 06:42:13,719 - pytorch_cvae.py[line:170] - INFO: ----------------------------No.85 epoch----------------------------
2022-11-08 06:42:13,719 - pytorch_cvae.py[line:177] - INFO: loss:1683.703774596448, numeric_loss:50.95736769235555, categorical_loss:887.540785114019, kld_loss:1058.7071256459458, epoch_train_time:46.3967358507216
2022-11-08 06:42:59,913 - pytorch_cvae.py[line:170] - INFO: ----------------------------No.86 epoch----------------------------
2022-11-08 06:42:59,913 - pytorch_cvae.py[line:177] - INFO: loss:1602.6722244598786, numeric_loss:50.569663629255956, categorical_loss:868.3035847917781, kld_loss:956.5255478027393, epoch_train_time:46.194014098495245
2022-11-08 06:43:45,903 - pytorch_cvae.py[line:170] - INFO: ----------------------------No.87 epoch----------------------------
2022-11-08 06:43:45,903 - pytorch_cvae.py[line:177] - INFO: loss:1640.7352243586793, numeric_loss:50.54457891038419, categorical_loss:911.2095658490434, kld_loss:936.1135531014879, epoch_train_time:45.98995028156787
2022-11-08 06:44:31,849 - pytorch_cvae.py[line:170] - INFO: ----------------------------No.88 epoch----------------------------
2022-11-08 06:44:31,849 - pytorch_cvae.py[line:177] - INFO: loss:1680.8717296798714, numeric_loss:51.2197454245952, categorical_loss:978.45918895473, kld_loss:885.762879491318, epoch_train_time:45.945724316872656
2022-11-08 06:45:18,012 - pytorch_cvae.py[line:170] - INFO: ----------------------------No.89 epoch----------------------------
2022-11-08 06:45:18,012 - pytorch_cvae.py[line:177] - INFO: loss:1585.4045865429798, numeric_loss:54.27249358538984, categorical_loss:959.9574984880164, kld_loss:767.2698032772169, epoch_train_time:46.16224439442158
2022-11-08 06:46:04,009 - pytorch_cvae.py[line:170] - INFO: ----------------------------No.90 epoch----------------------------
2022-11-08 06:46:04,009 - pytorch_cvae.py[line:177] - INFO: loss:1630.6648469956126, numeric_loss:52.87667460640159, categorical_loss:958.3245944011724, kld_loss:822.6225441792049, epoch_train_time:45.99711921531707
2022-11-08 06:46:50,268 - pytorch_cvae.py[line:170] - INFO: ----------------------------No.91 epoch----------------------------
2022-11-08 06:46:50,268 - pytorch_cvae.py[line:177] - INFO: loss:1707.390678355936, numeric_loss:52.71310092364638, categorical_loss:1032.0184873880353, kld_loss:818.2293874890311, epoch_train_time:46.25901934877038
2022-11-08 06:47:36,803 - pytorch_cvae.py[line:170] - INFO: ----------------------------No.92 epoch----------------------------
2022-11-08 06:47:36,803 - pytorch_cvae.py[line:177] - INFO: loss:1684.6749575096183, numeric_loss:54.344396889378004, categorical_loss:1042.5198018297087, kld_loss:765.132208200579, epoch_train_time:46.53438689559698
2022-11-08 06:48:23,161 - pytorch_cvae.py[line:170] - INFO: ----------------------------No.93 epoch----------------------------
2022-11-08 06:48:23,161 - pytorch_cvae.py[line:177] - INFO: loss:1714.0627045994624, numeric_loss:52.27208079078355, categorical_loss:1074.7333833255107, kld_loss:757.6836195929209, epoch_train_time:46.35817693825811
2022-11-08 06:49:09,385 - pytorch_cvae.py[line:170] - INFO: ----------------------------No.94 epoch----------------------------
2022-11-08 06:49:09,385 - pytorch_cvae.py[line:177] - INFO: loss:1725.1182760468218, numeric_loss:52.20636813710735, categorical_loss:1076.7628542978782, kld_loss:763.6688624522067, epoch_train_time:46.22348496504128
2022-11-08 06:49:55,541 - pytorch_cvae.py[line:170] - INFO: ----------------------------No.95 epoch----------------------------
2022-11-08 06:49:55,541 - pytorch_cvae.py[line:177] - INFO: loss:1643.687180334353, numeric_loss:53.41026663133289, categorical_loss:1041.7514228859218, kld_loss:698.1104458108312, epoch_train_time:46.15608667302877
2022-11-08 06:50:42,090 - pytorch_cvae.py[line:170] - INFO: ----------------------------No.96 epoch----------------------------
2022-11-08 06:50:42,091 - pytorch_cvae.py[line:177] - INFO: loss:1735.4423808126012, numeric_loss:54.85131182745681, categorical_loss:1140.8051045867614, kld_loss:683.2195288454532, epoch_train_time:46.54935470316559
2022-11-08 06:51:28,437 - pytorch_cvae.py[line:170] - INFO: ----------------------------No.97 epoch----------------------------
2022-11-08 06:51:28,437 - pytorch_cvae.py[line:177] - INFO: loss:1607.2654838382732, numeric_loss:54.776409980206154, categorical_loss:1096.4921673119534, kld_loss:574.5743852913729, epoch_train_time:46.346364157274365
2022-11-08 06:52:14,617 - pytorch_cvae.py[line:170] - INFO: ----------------------------No.98 epoch----------------------------
2022-11-08 06:52:14,617 - pytorch_cvae.py[line:177] - INFO: loss:1671.4035197127378, numeric_loss:53.622821292064145, categorical_loss:1093.848983000149, kld_loss:657.8683751019998, epoch_train_time:46.18019654043019
2022-11-08 06:53:00,932 - pytorch_cvae.py[line:170] - INFO: ----------------------------No.99 epoch----------------------------
2022-11-08 06:53:00,933 - pytorch_cvae.py[line:177] - INFO: loss:1627.5229043450672, numeric_loss:51.60521689225516, categorical_loss:1044.6005526470253, kld_loss:665.4760438008816, epoch_train_time:46.31495597399771
2022-11-08 06:53:46,889 - pytorch_cvae.py[line:170] - INFO: ----------------------------No.100 epoch----------------------------
2022-11-08 06:53:46,889 - pytorch_cvae.py[line:177] - INFO: loss:1595.1534667073283, numeric_loss:52.32108757353399, categorical_loss:1037.8294912842102, kld_loss:631.5692898890702, epoch_train_time:45.95675938203931
2022-11-08 06:54:33,237 - pytorch_cvae.py[line:170] - INFO: ----------------------------No.101 epoch----------------------------
2022-11-08 06:54:33,237 - pytorch_cvae.py[line:177] - INFO: loss:1588.978336198954, numeric_loss:52.99821657555913, categorical_loss:1074.8342847140739, kld_loss:576.4322830426972, epoch_train_time:46.34713053610176
2022-11-08 06:55:19,242 - pytorch_cvae.py[line:170] - INFO: ----------------------------No.102 epoch----------------------------
2022-11-08 06:55:19,242 - pytorch_cvae.py[line:177] - INFO: loss:1638.8105208569905, numeric_loss:53.81524244058528, categorical_loss:1079.4724970522802, kld_loss:631.9034688848187, epoch_train_time:46.0052401330322
2022-11-08 06:56:05,448 - pytorch_cvae.py[line:170] - INFO: ----------------------------No.103 epoch----------------------------
2022-11-08 06:56:05,448 - pytorch_cvae.py[line:177] - INFO: loss:1612.0693025907967, numeric_loss:53.74912602032782, categorical_loss:1093.6563987307018, kld_loss:580.8297121503856, epoch_train_time:46.20542205218226
2022-11-08 06:56:51,536 - pytorch_cvae.py[line:170] - INFO: ----------------------------No.104 epoch----------------------------
2022-11-08 06:56:51,536 - pytorch_cvae.py[line:177] - INFO: loss:1636.633146528853, numeric_loss:52.96843481642827, categorical_loss:1047.5356081037316, kld_loss:670.1613707941142, epoch_train_time:46.087978896684945
2022-11-08 06:57:37,633 - pytorch_cvae.py[line:170] - INFO: ----------------------------No.105 epoch----------------------------
2022-11-08 06:57:37,633 - pytorch_cvae.py[line:177] - INFO: loss:1605.3047217781423, numeric_loss:53.26507961762354, categorical_loss:1065.2118366933428, kld_loss:608.5347481992212, epoch_train_time:46.096554981544614
2022-11-08 06:58:23,944 - pytorch_cvae.py[line:170] - INFO: ----------------------------No.106 epoch----------------------------
2022-11-08 06:58:23,944 - pytorch_cvae.py[line:177] - INFO: loss:1571.3035376727348, numeric_loss:54.140557667303256, categorical_loss:1051.1730510329362, kld_loss:582.4873976627132, epoch_train_time:46.311589075252414
2022-11-08 06:59:09,912 - pytorch_cvae.py[line:170] - INFO: ----------------------------No.107 epoch----------------------------
2022-11-08 06:59:09,912 - pytorch_cvae.py[line:177] - INFO: loss:1528.4553095103474, numeric_loss:53.62382451379926, categorical_loss:1060.0914608453168, kld_loss:518.425020148512, epoch_train_time:45.96766431070864
2022-11-08 06:59:56,181 - pytorch_cvae.py[line:170] - INFO: ----------------------------No.108 epoch----------------------------
2022-11-08 06:59:56,181 - pytorch_cvae.py[line:177] - INFO: loss:1543.9534616001183, numeric_loss:55.30417268657857, categorical_loss:1097.3570810139645, kld_loss:489.1152515838621, epoch_train_time:46.2684412766248
2022-11-08 07:00:42,189 - pytorch_cvae.py[line:170] - INFO: ----------------------------No.109 epoch----------------------------
2022-11-08 07:00:42,189 - pytorch_cvae.py[line:177] - INFO: loss:1644.9589727518614, numeric_loss:56.02602765377287, categorical_loss:1152.0869716168381, kld_loss:546.0574533225154, epoch_train_time:46.00797629728913
2022-11-08 07:01:28,038 - pytorch_cvae.py[line:170] - INFO: ----------------------------No.110 epoch----------------------------
2022-11-08 07:01:28,038 - pytorch_cvae.py[line:177] - INFO: loss:1638.6531033323845, numeric_loss:54.06124440133135, categorical_loss:1170.5551197541645, kld_loss:517.5459162751795, epoch_train_time:45.84849651064724
2022-11-08 07:02:13,834 - pytorch_cvae.py[line:170] - INFO: ----------------------------No.111 epoch----------------------------
2022-11-08 07:02:13,834 - pytorch_cvae.py[line:177] - INFO: loss:1593.3978386466624, numeric_loss:53.298976002401105, categorical_loss:1105.8952463177266, kld_loss:542.754515821056, epoch_train_time:45.79588451515883
2022-11-08 07:02:59,743 - pytorch_cvae.py[line:170] - INFO: ----------------------------No.112 epoch----------------------------
2022-11-08 07:02:59,743 - pytorch_cvae.py[line:177] - INFO: loss:1515.155362823978, numeric_loss:53.62263695158981, categorical_loss:1078.2032493705628, kld_loss:479.16183977300534, epoch_train_time:45.90893447212875
2022-11-08 07:03:45,510 - pytorch_cvae.py[line:170] - INFO: ----------------------------No.113 epoch----------------------------
2022-11-08 07:03:45,510 - pytorch_cvae.py[line:177] - INFO: loss:1575.6984982871218, numeric_loss:53.08020935517561, categorical_loss:1084.024307256448, kld_loss:548.2424684677972, epoch_train_time:45.76703333016485
2022-11-08 07:04:30,977 - pytorch_cvae.py[line:170] - INFO: ----------------------------No.114 epoch----------------------------
2022-11-08 07:04:30,977 - pytorch_cvae.py[line:177] - INFO: loss:1626.314399235067, numeric_loss:52.136183750717464, categorical_loss:1093.222786498547, kld_loss:601.1942703975365, epoch_train_time:45.467121766880155
2022-11-08 07:05:17,080 - pytorch_cvae.py[line:170] - INFO: ----------------------------No.115 epoch----------------------------
2022-11-08 07:05:17,080 - pytorch_cvae.py[line:177] - INFO: loss:1547.8981057243655, numeric_loss:53.32846811228046, categorical_loss:1113.6158989528194, kld_loss:476.19216621806845, epoch_train_time:46.10231053084135
2022-11-08 07:06:03,622 - pytorch_cvae.py[line:170] - INFO: ----------------------------No.116 epoch----------------------------
2022-11-08 07:06:03,622 - pytorch_cvae.py[line:177] - INFO: loss:1549.008332739002, numeric_loss:52.71965333166736, categorical_loss:1114.3939621301834, kld_loss:477.3683851697133, epoch_train_time:46.54189658816904
2022-11-08 07:06:49,856 - pytorch_cvae.py[line:170] - INFO: ----------------------------No.117 epoch----------------------------
2022-11-08 07:06:49,856 - pytorch_cvae.py[line:177] - INFO: loss:1568.6518816221505, numeric_loss:54.65316778786655, categorical_loss:1157.8779723696643, kld_loss:445.15091652888805, epoch_train_time:46.23374621197581
2022-11-08 07:07:36,053 - pytorch_cvae.py[line:170] - INFO: ----------------------------No.118 epoch----------------------------
2022-11-08 07:07:36,053 - pytorch_cvae.py[line:177] - INFO: loss:1669.4583820719272, numeric_loss:54.62815452538962, categorical_loss:1198.738226512447, kld_loss:520.11499433883, epoch_train_time:46.19726798776537
2022-11-08 07:08:22,353 - pytorch_cvae.py[line:170] - INFO: ----------------------------No.119 epoch----------------------------
2022-11-08 07:08:22,353 - pytorch_cvae.py[line:177] - INFO: loss:1564.5409952633781, numeric_loss:53.88223696404748, categorical_loss:1164.6949267304735, kld_loss:432.4547841830645, epoch_train_time:46.29979291930795
2022-11-08 07:09:07,942 - pytorch_cvae.py[line:170] - INFO: ----------------------------No.120 epoch----------------------------
2022-11-08 07:09:07,942 - pytorch_cvae.py[line:177] - INFO: loss:1547.8358528321842, numeric_loss:55.10703718594914, categorical_loss:1143.7064779831562, kld_loss:436.2779159373604, epoch_train_time:45.58838671259582
2022-11-08 07:09:53,595 - pytorch_cvae.py[line:170] - INFO: ----------------------------No.121 epoch----------------------------
2022-11-08 07:09:53,595 - pytorch_cvae.py[line:177] - INFO: loss:1715.3623127888422, numeric_loss:53.912573372376755, categorical_loss:1203.0747518260032, kld_loss:572.9687227514805, epoch_train_time:45.65338777285069
2022-11-08 07:10:39,618 - pytorch_cvae.py[line:170] - INFO: ----------------------------No.122 epoch----------------------------
2022-11-08 07:10:39,618 - pytorch_cvae.py[line:177] - INFO: loss:1623.438113105367, numeric_loss:55.05365344268057, categorical_loss:1130.7389733671444, kld_loss:547.0568441378418, epoch_train_time:46.02253112755716
2022-11-08 07:11:25,291 - pytorch_cvae.py[line:170] - INFO: ----------------------------No.123 epoch----------------------------
2022-11-08 07:11:25,291 - pytorch_cvae.py[line:177] - INFO: loss:1589.2688905651448, numeric_loss:53.08269544808081, categorical_loss:1094.5189064688748, kld_loss:552.0841053086333, epoch_train_time:45.672587676905096
2022-11-08 07:12:10,948 - pytorch_cvae.py[line:170] - INFO: ----------------------------No.124 epoch----------------------------
2022-11-08 07:12:10,948 - pytorch_cvae.py[line:177] - INFO: loss:1599.8836348495097, numeric_loss:53.35141822670448, categorical_loss:1058.2130921170465, kld_loss:610.3989019722794, epoch_train_time:45.65723806899041
2022-11-08 07:12:56,941 - pytorch_cvae.py[line:170] - INFO: ----------------------------No.125 epoch----------------------------
2022-11-08 07:12:56,941 - pytorch_cvae.py[line:177] - INFO: loss:1549.4548837572802, numeric_loss:52.7792424667723, categorical_loss:1057.3518207503948, kld_loss:549.1547628080589, epoch_train_time:45.99224714655429
2022-11-08 07:13:42,857 - pytorch_cvae.py[line:170] - INFO: ----------------------------No.126 epoch----------------------------
2022-11-08 07:13:42,857 - pytorch_cvae.py[line:177] - INFO: loss:1640.1558122042916, numeric_loss:53.07685184571392, categorical_loss:1150.5428880173713, kld_loss:545.6700809221365, epoch_train_time:45.915954927913845
2022-11-08 07:14:28,361 - pytorch_cvae.py[line:170] - INFO: ----------------------------No.127 epoch----------------------------
2022-11-08 07:14:28,361 - pytorch_cvae.py[line:177] - INFO: loss:1566.2662077932619, numeric_loss:53.55442958336607, categorical_loss:1061.5030146187637, kld_loss:564.0109440127853, epoch_train_time:45.503764300607145
2022-11-08 07:15:13,671 - pytorch_cvae.py[line:170] - INFO: ----------------------------No.128 epoch----------------------------
2022-11-08 07:15:13,671 - pytorch_cvae.py[line:177] - INFO: loss:1526.7806806698209, numeric_loss:53.89702254948861, categorical_loss:1009.0948019095231, kld_loss:579.7360555846244, epoch_train_time:45.30979529954493
2022-11-08 07:15:59,251 - pytorch_cvae.py[line:170] - INFO: ----------------------------No.129 epoch----------------------------
2022-11-08 07:15:59,251 - pytorch_cvae.py[line:177] - INFO: loss:1526.0415511378087, numeric_loss:54.725913310890974, categorical_loss:1069.9370647129836, kld_loss:501.7232079115929, epoch_train_time:45.580093373544514
2022-11-08 07:16:44,712 - pytorch_cvae.py[line:170] - INFO: ----------------------------No.130 epoch----------------------------
2022-11-08 07:16:44,712 - pytorch_cvae.py[line:177] - INFO: loss:1526.8672585826134, numeric_loss:54.03021644664568, categorical_loss:1065.0739258424146, kld_loss:509.7038901040214, epoch_train_time:45.46062861289829
2022-11-08 07:17:30,587 - pytorch_cvae.py[line:170] - INFO: ----------------------------No.131 epoch----------------------------
2022-11-08 07:17:30,588 - pytorch_cvae.py[line:177] - INFO: loss:1546.4310203546192, numeric_loss:53.7040044785017, categorical_loss:1088.2503143354552, kld_loss:505.5958672517445, epoch_train_time:45.87554366514087
2022-11-08 07:18:16,623 - pytorch_cvae.py[line:170] - INFO: ----------------------------No.132 epoch----------------------------
2022-11-08 07:18:16,623 - pytorch_cvae.py[line:177] - INFO: loss:1633.9586764599662, numeric_loss:52.49334807196601, categorical_loss:1103.782218309003, kld_loss:597.1038812342449, epoch_train_time:46.03561367280781
2022-11-08 07:19:02,218 - pytorch_cvae.py[line:170] - INFO: ----------------------------No.133 epoch----------------------------
2022-11-08 07:19:02,218 - pytorch_cvae.py[line:177] - INFO: loss:1550.518552952446, numeric_loss:54.03746717176591, categorical_loss:1045.2960872085532, kld_loss:563.981235131505, epoch_train_time:45.594604671001434
2022-11-08 07:19:47,614 - pytorch_cvae.py[line:170] - INFO: ----------------------------No.134 epoch----------------------------
2022-11-08 07:19:47,614 - pytorch_cvae.py[line:177] - INFO: loss:1551.9086737671169, numeric_loss:54.1503726741621, categorical_loss:1103.0045690611005, kld_loss:493.4421526353108, epoch_train_time:45.39564179908484
2022-11-08 07:20:33,374 - pytorch_cvae.py[line:170] - INFO: ----------------------------No.135 epoch----------------------------
2022-11-08 07:20:33,374 - pytorch_cvae.py[line:177] - INFO: loss:1635.1858237434062, numeric_loss:51.96902794463949, categorical_loss:1149.861026987899, kld_loss:541.6947028809227, epoch_train_time:45.76037899404764
2022-11-08 07:21:19,345 - pytorch_cvae.py[line:170] - INFO: ----------------------------No.136 epoch----------------------------
2022-11-08 07:21:19,346 - pytorch_cvae.py[line:177] - INFO: loss:1583.9228097874438, numeric_loss:52.130969271871436, categorical_loss:1081.83946442639, kld_loss:562.440460959042, epoch_train_time:45.9708772553131
2022-11-08 07:22:05,358 - pytorch_cvae.py[line:170] - INFO: ----------------------------No.137 epoch----------------------------
2022-11-08 07:22:05,358 - pytorch_cvae.py[line:177] - INFO: loss:1523.4996972358786, numeric_loss:52.23644044473531, categorical_loss:1027.9927095310995, kld_loss:554.088171418116, epoch_train_time:46.0122666079551
2022-11-08 07:22:50,974 - pytorch_cvae.py[line:170] - INFO: ----------------------------No.138 epoch----------------------------
2022-11-08 07:22:50,975 - pytorch_cvae.py[line:177] - INFO: loss:1548.6390967668267, numeric_loss:53.69521076053661, categorical_loss:1033.0604700676631, kld_loss:577.3542619076907, epoch_train_time:45.61643073987216
2022-11-08 07:23:36,674 - pytorch_cvae.py[line:170] - INFO: ----------------------------No.139 epoch----------------------------
2022-11-08 07:23:36,674 - pytorch_cvae.py[line:177] - INFO: loss:1563.6725274034543, numeric_loss:54.43693643970437, categorical_loss:1019.3155211054836, kld_loss:612.4000754745211, epoch_train_time:45.69965177029371
2022-11-08 07:24:22,268 - pytorch_cvae.py[line:170] - INFO: ----------------------------No.140 epoch----------------------------
2022-11-08 07:24:22,268 - pytorch_cvae.py[line:177] - INFO: loss:1557.009700577124, numeric_loss:54.29628167532974, categorical_loss:1044.5493338189553, kld_loss:572.7050957165193, epoch_train_time:45.59379048272967
2022-11-08 07:25:08,267 - pytorch_cvae.py[line:170] - INFO: ----------------------------No.141 epoch----------------------------
2022-11-08 07:25:08,267 - pytorch_cvae.py[line:177] - INFO: loss:1528.8856626545312, numeric_loss:54.659238086433106, categorical_loss:1084.5863492601784, kld_loss:487.0500899007893, epoch_train_time:45.998871782794595
2022-11-08 07:25:54,302 - pytorch_cvae.py[line:170] - INFO: ----------------------------No.142 epoch----------------------------
2022-11-08 07:25:54,302 - pytorch_cvae.py[line:177] - INFO: loss:1613.7349183358601, numeric_loss:54.04385486524643, categorical_loss:1123.7902820780291, kld_loss:544.8759702121606, epoch_train_time:46.03486504778266
2022-11-08 07:26:40,348 - pytorch_cvae.py[line:170] - INFO: ----------------------------No.143 epoch----------------------------
2022-11-08 07:26:40,349 - pytorch_cvae.py[line:177] - INFO: loss:1593.5622249890584, numeric_loss:53.70050583028387, categorical_loss:1120.150478291791, kld_loss:524.6390362195089, epoch_train_time:46.045828979462385
2022-11-08 07:27:26,209 - pytorch_cvae.py[line:170] - INFO: ----------------------------No.144 epoch----------------------------
2022-11-08 07:27:26,210 - pytorch_cvae.py[line:177] - INFO: loss:1527.6823889894877, numeric_loss:54.16963131877219, categorical_loss:1112.1803846623516, kld_loss:451.66546253237175, epoch_train_time:45.86083019152284
2022-11-08 07:28:12,285 - pytorch_cvae.py[line:170] - INFO: ----------------------------No.145 epoch----------------------------
2022-11-08 07:28:12,285 - pytorch_cvae.py[line:177] - INFO: loss:1624.052405278664, numeric_loss:52.992677115231345, categorical_loss:1231.8717533554882, kld_loss:423.9849627019721, epoch_train_time:46.075504414737225
2022-11-08 07:28:58,186 - pytorch_cvae.py[line:170] - INFO: ----------------------------No.146 epoch----------------------------
2022-11-08 07:28:58,186 - pytorch_cvae.py[line:177] - INFO: loss:1533.7776600221405, numeric_loss:54.11517818059474, categorical_loss:1175.2187984006014, kld_loss:380.5545943424804, epoch_train_time:45.90064218360931
2022-11-08 07:29:44,010 - pytorch_cvae.py[line:170] - INFO: ----------------------------No.147 epoch----------------------------
2022-11-08 07:29:44,010 - pytorch_cvae.py[line:177] - INFO: loss:1519.2069673326332, numeric_loss:53.23482956724365, categorical_loss:1159.5658428707393, kld_loss:383.0078632210498, epoch_train_time:45.82348010223359
2022-11-08 07:30:29,486 - pytorch_cvae.py[line:170] - INFO: ----------------------------No.148 epoch----------------------------
2022-11-08 07:30:29,486 - pytorch_cvae.py[line:177] - INFO: loss:1554.1196733174147, numeric_loss:52.922955335498955, categorical_loss:1215.2190770906163, kld_loss:357.47204654832603, epoch_train_time:45.47662298101932
2022-11-08 07:31:15,038 - pytorch_cvae.py[line:170] - INFO: ----------------------------No.149 epoch----------------------------
2022-11-08 07:31:15,038 - pytorch_cvae.py[line:177] - INFO: loss:1614.6426659312565, numeric_loss:52.46081887735545, categorical_loss:1218.2054685453186, kld_loss:429.97046280110953, epoch_train_time:45.55156676284969
2022-11-08 07:32:00,716 - pytorch_cvae.py[line:170] - INFO: ----------------------------No.150 epoch----------------------------
2022-11-08 07:32:00,716 - pytorch_cvae.py[line:177] - INFO: loss:1593.376124074799, numeric_loss:52.17076310793618, categorical_loss:1208.2186786683742, kld_loss:416.2333447067649, epoch_train_time:45.67801126651466
2022-11-08 07:32:00,716 - pytorch_cvae.py[line:186] - INFO: training time elapsed:6667.536730074324
2022-11-08 07:32:00,718 - model_utils.py[line:67] - INFO: save model successfully
2022-11-08 07:32:02,769 - pytorch_cvae.py[line:267] - INFO: train model time elapsed:6766.951589395292
2022-11-08 07:32:02,769 - dataset_utils.py[line:567] - INFO: load existing dataset(light):tpch20g-skew-nation_n_nationkey#n_name__n_nationkey_binary_mm_0
2022-11-08 07:32:02,771 - dataset_utils.py[line:576] - INFO: load dataset(light) time elapsed:0.0018158834427595139
2022-11-08 07:32:02,771 - pytorch_cvae.py[line:279] - INFO: feature info:[('n_nationkey', 'categorical', 6), ('n_name', 'categorical', 6)]
2022-11-08 07:32:02,771 - model_utils.py[line:75] - INFO: load model name:torch_cvae_tpch20g-skew-nation_n_nationkey_ld100_id150_bs128_ep100_0_binary_mm
2022-11-08 07:32:02,773 - model_utils.py[line:86] - INFO: load torch model time elapsed:0.0017457827925682068
2022-11-08 07:32:02,773 - pytorch_cvae.py[line:289] - INFO: load model time elapsed:0.004461092874407768
2022-11-08 07:32:02,773 - main.py[line:535] - INFO: multi_sampling No.0 epoch
2022-11-08 07:32:02,848 - pytorch_cvae.py[line:403] - INFO: sampling time:0.07447311375290155
2022-11-08 07:32:02,848 - dataset_utils.py[line:548] - INFO: load existing dataset:tpch20g-skew-nation_n_nationkey#n_name__n_nationkey_binary_mm_0
2022-11-08 07:32:02,850 - dataset_utils.py[line:560] - INFO: load dataset time elapsed:0.0018722210079431534
2022-11-08 07:32:02,868 - main.py[line:519] - INFO: sample and aggregation time elapsed:0.09447118919342756
2022-11-08 07:32:02,872 - main.py[line:552] - INFO: sample time: 0.0982683002948761
2022-11-08 07:32:02,881 - main.py[line:99] - INFO: aqp result:
                avg(c_acctbal)  sum(c_acctbal)
n_name                                        
ALGERIA        4910.57         588556082.18   
ARGENTINA      4920.28         589537785.95   
BRAZIL         4889.11         586478628.86   
CANADA         4960.26         595023402.78   
CHINA          4871.25         583838608.00   
EGYPT          4956.76         594856220.89   
ETHIOPIA       4958.52         597178864.14   
FRANCE         4960.27         597161525.18   
GERMANY        5076.53         609705956.47   
INDIA          4928.08         593868030.25   
INDONESIA      4870.32         585782423.30   
IRAN           4818.90         579313208.51   
IRAQ           4939.70         592882017.80   
JAPAN          4932.38         588768185.36   
JORDAN         4907.39         585422327.51   
KENYA          4944.18         590681226.79   
MOROCCO        5020.63         602354873.02   
MOZAMBIQUE     4891.27         585484529.37   
PERU           4908.70         588455209.57   
ROMANIA        4979.79         597445013.22   
RUSSIA         4937.48         591925447.17   
SAUDI ARABIA   4901.39         589559373.24   
UNITED KINGDOM 5079.22         612965519.81   
UNITED STATES  4917.14         590435276.73   
VIETNAM        4946.16         593594110.70   
2022-11-08 07:32:02,885 - main.py[line:100] - INFO: ground truth:
                avg(c_acctbal)  sum(c_acctbal)
n_name                                        
ALGERIA        1708.45         204766270.24   
ARGENTINA      1713.71         205333222.54   
BRAZIL         1699.75         203895735.68   
CANADA         1699.74         203897208.37   
CHINA          1701.60         203943596.61   
EGYPT          1702.19         204277850.06   
ETHIOPIA       1705.55         205407855.93   
FRANCE         1708.09         205635151.07   
GERMANY        1705.05         204782150.22   
INDIA          1718.42         207081134.37   
INDONESIA      1698.79         204323618.81   
IRAN           1697.59         204078765.11   
IRAQ           1713.72         205687013.87   
JAPAN          1706.09         203652437.75   
JORDAN         1704.00         203276882.67   
KENYA          1718.46         205304902.07   
MOROCCO        1711.97         205394808.91   
MOZAMBIQUE     1711.33         204846644.54   
PERU           1702.16         204054720.79   
ROMANIA        1709.19         205058726.13   
RUSSIA         1712.54         205305662.90   
SAUDI ARABIA   1716.88         206513446.56   
UNITED KINGDOM 1702.23         205426283.41   
UNITED STATES  1717.20         206195911.89   
VIETNAM        1707.35         204900286.27   
2022-11-08 07:32:02,891 - main.py[line:564] - INFO: relative error:
                avg(c_acctbal)  sum(c_acctbal)
n_name                                        
ALGERIA        1.87            1.87           
ARGENTINA      1.87            1.87           
BRAZIL         1.88            1.88           
CANADA         1.92            1.92           
CHINA          1.86            1.86           
EGYPT          1.91            1.91           
ETHIOPIA       1.91            1.91           
FRANCE         1.90            1.90           
GERMANY        1.98            1.98           
INDIA          1.87            1.87           
INDONESIA      1.87            1.87           
IRAN           1.84            1.84           
IRAQ           1.88            1.88           
JAPAN          1.89            1.89           
JORDAN         1.88            1.88           
KENYA          1.88            1.88           
MOROCCO        1.93            1.93           
MOZAMBIQUE     1.86            1.86           
PERU           1.88            1.88           
ROMANIA        1.91            1.91           
RUSSIA         1.88            1.88           
SAUDI ARABIA   1.85            1.85           
UNITED KINGDOM 1.98            1.98           
UNITED STATES  1.86            1.86           
VIETNAM        1.90            1.90           
2022-11-08 07:32:02,894 - main.py[line:565] - INFO: relative error normalized:
                avg(c_acctbal)  sum(c_acctbal)
n_name                                        
ALGERIA        0.85            0.85           
ARGENTINA      0.85            0.85           
BRAZIL         0.85            0.85           
CANADA         0.85            0.85           
CHINA          0.84            0.84           
EGYPT          0.85            0.85           
ETHIOPIA       0.85            0.85           
FRANCE         0.85            0.85           
GERMANY        0.86            0.86           
INDIA          0.85            0.85           
INDONESIA      0.85            0.85           
IRAN           0.84            0.84           
IRAQ           0.85            0.85           
JAPAN          0.85            0.85           
JORDAN         0.85            0.85           
KENYA          0.85            0.85           
MOROCCO        0.86            0.86           
MOZAMBIQUE     0.84            0.84           
PERU           0.85            0.85           
ROMANIA        0.85            0.85           
RUSSIA         0.85            0.85           
SAUDI ARABIA   0.84            0.84           
UNITED KINGDOM 0.86            0.86           
UNITED STATES  0.84            0.84           
VIETNAM        0.85            0.85           
2022-11-08 07:32:02,894 - main.py[line:568] - INFO: relative error average: 1.8911105535847546
2022-11-08 07:32:02,894 - main.py[line:569] - INFO: relative error normalized average: 0.8490090545306259
2022-11-08 07:32:02,896 - main.py[line:615] - INFO: total_time:6767.079095718451
feature_names: ['c_nationkey_0', 'c_nationkey_1', 'c_nationkey_2', 'c_nationkey_3', 'c_nationkey_4', 'c_nationkey_5']
feature_names: ['c_nationkey_0', 'c_nationkey_1', 'c_nationkey_2', 'c_nationkey_3', 'c_nationkey_4', 'c_nationkey_5']
sample_allocation after:  {0: 599.0, 1: 599.0, 2: 600.0, 3: 600.0, 4: 600.0, 5: 600.0, 6: 600.0, 7: 600.0, 8: 599.0, 9: 600.0, 10: 600.0, 11: 599.0, 12: 600.0, 13: 600.0, 14: 599.0, 15: 599.0, 16: 600.0, 17: 600.0, 18: 600.0, 19: 599.0, 20: 599.0, 21: 599.0, 22: 600.0, 23: 600.0, 24: 599.0}
