main.py:19: FutureWarning: Passing a negative integer is deprecated in version 1.0 and will not be supported in future version. Instead, use None to not limit the column width.
  pd.set_option('max_colwidth', -1)
2022-11-08 13:20:17,487 - main.py[line:595] - INFO: load query config skew_size_var/query_config/tpch_groupsize2.json successfully
2022-11-08 13:20:17,487 - main.py[line:602] - INFO: load train config ./skew_size_var/train_config/tpch_customer_groupsize2.json successfully
2022-11-08 13:20:17,487 - main.py[line:602] - INFO: load train config ./skew_size_var/train_config/tpch_nation.json successfully
2022-11-08 13:20:17,487 - pytorch_cvae.py[line:248] - INFO: epoch:150
2022-11-08 13:20:17,487 - pytorch_cvae.py[line:249] - INFO: batch size:512
2022-11-08 13:20:17,487 - pytorch_cvae.py[line:250] - INFO: latent dimension:100
2022-11-08 13:20:17,487 - pytorch_cvae.py[line:251] - INFO: intermediate dimension:100
2022-11-08 13:20:17,487 - pytorch_cvae.py[line:252] - INFO: gpu num:0
2022-11-08 13:20:17,509 - dataset_utils.py[line:297] - INFO: loading data:/home/lihan/tpch-skew-data/test/group_size2.csv
2022-11-08 13:20:17,792 - dataset_utils.py[line:318] - INFO: data total rows:3000000
2022-11-08 13:20:17,792 - dataset_utils.py[line:350] - INFO: sample the training data sample rows:3000000
2022-11-08 13:20:17,793 - dataset_utils.py[line:354] - INFO: load data time elapsed:0.28324328642338514
2022-11-08 13:20:18,161 - dataset_utils.py[line:43] - INFO: encode categorical columns time elapsed:0.36797479912638664
/root/anaconda3/envs/py36/lib/python3.6/site-packages/sklearn/mixture/base.py:273: ConvergenceWarning: Initialization 1 did not converge. Try different init parameters, or increase max_iter, tol or check for degenerate data.
  % (init + 1), ConvergenceWarning)
2022-11-08 13:23:02,749 - dataset_utils.py[line:56] - INFO: encode numeric columnstime elapsed:164.58799291960895
2022-11-08 13:23:02,942 - dataset_utils.py[line:107] - INFO: data shape:(3000000, 12)
2022-11-08 13:23:02,942 - dataset_utils.py[line:136] - INFO: feature info:[('c_acctbal', 'numerical', 6), ('c_nationkey', 'categorical', 6)]
2022-11-08 13:23:02,942 - dataset_utils.py[line:137] - INFO: output info list:[(1, 'no'), (5, 'softmax'), (6, 'sigmoid')]
2022-11-08 13:23:05,057 - dataset_utils.py[line:140] - INFO: load data successfully
2022-11-08 13:23:05,058 - pytorch_cvae.py[line:257] - INFO: feature info:[('c_acctbal', 'numerical', 6), ('c_nationkey', 'categorical', 6)]
2022-11-08 13:23:51,374 - pytorch_cvae.py[line:170] - INFO: ----------------------------No.1 epoch----------------------------
2022-11-08 13:23:51,374 - pytorch_cvae.py[line:177] - INFO: loss:746.4483970291913, numeric_loss:45.75491634081118, categorical_loss:420.5458742102055, kld_loss:51971.98804950714, epoch_train_time:46.313712963834405
2022-11-08 13:24:37,652 - pytorch_cvae.py[line:170] - INFO: ----------------------------No.2 epoch----------------------------
2022-11-08 13:24:37,652 - pytorch_cvae.py[line:177] - INFO: loss:346.0398683026433, numeric_loss:29.96551543381065, categorical_loss:98.58324709661974, kld_loss:36526.80069541931, epoch_train_time:46.27779509872198
2022-11-08 13:25:23,521 - pytorch_cvae.py[line:170] - INFO: ----------------------------No.3 epoch----------------------------
2022-11-08 13:25:23,521 - pytorch_cvae.py[line:177] - INFO: loss:260.45919282361865, numeric_loss:28.112152012297884, categorical_loss:34.27852593326679, kld_loss:30144.463264465332, epoch_train_time:45.86836410779506
2022-11-08 13:26:09,611 - pytorch_cvae.py[line:170] - INFO: ----------------------------No.4 epoch----------------------------
2022-11-08 13:26:09,611 - pytorch_cvae.py[line:177] - INFO: loss:241.83044524490833, numeric_loss:27.14776970888488, categorical_loss:16.877959044883028, kld_loss:27307.695141792297, epoch_train_time:46.09015237912536
2022-11-08 13:26:55,851 - pytorch_cvae.py[line:170] - INFO: ----------------------------No.5 epoch----------------------------
2022-11-08 13:26:55,851 - pytorch_cvae.py[line:177] - INFO: loss:249.0940950512886, numeric_loss:27.282066073501483, categorical_loss:13.405559846290998, kld_loss:26124.63209104538, epoch_train_time:46.24013955518603
2022-11-08 13:27:41,802 - pytorch_cvae.py[line:170] - INFO: ----------------------------No.6 epoch----------------------------
2022-11-08 13:27:41,803 - pytorch_cvae.py[line:177] - INFO: loss:266.7416774891317, numeric_loss:29.717779299477115, categorical_loss:14.294181637213114, kld_loss:25377.101653575897, epoch_train_time:45.95099313277751
2022-11-08 13:28:28,000 - pytorch_cvae.py[line:170] - INFO: ----------------------------No.7 epoch----------------------------
2022-11-08 13:28:28,000 - pytorch_cvae.py[line:177] - INFO: loss:284.65200892463326, numeric_loss:30.56670382944867, categorical_loss:14.47327170765675, kld_loss:24838.8603014946, epoch_train_time:46.19705872889608
2022-11-08 13:29:14,450 - pytorch_cvae.py[line:170] - INFO: ----------------------------No.8 epoch----------------------------
2022-11-08 13:29:14,450 - pytorch_cvae.py[line:177] - INFO: loss:308.6827852241695, numeric_loss:34.48759944434278, categorical_loss:16.215937652985303, kld_loss:24355.737169981003, epoch_train_time:46.45027982164174
2022-11-08 13:30:00,625 - pytorch_cvae.py[line:170] - INFO: ----------------------------No.9 epoch----------------------------
2022-11-08 13:30:00,625 - pytorch_cvae.py[line:177] - INFO: loss:330.0264435708523, numeric_loss:35.00600367644802, categorical_loss:17.085466044398345, kld_loss:23921.44864964485, epoch_train_time:46.17455296497792
2022-11-08 13:30:46,497 - pytorch_cvae.py[line:170] - INFO: ----------------------------No.10 epoch----------------------------
2022-11-08 13:30:46,497 - pytorch_cvae.py[line:177] - INFO: loss:359.03396824747324, numeric_loss:40.667440076358616, categorical_loss:18.730010274393862, kld_loss:23534.287949562073, epoch_train_time:45.872218223288655
2022-11-08 13:31:32,736 - pytorch_cvae.py[line:170] - INFO: ----------------------------No.11 epoch----------------------------
2022-11-08 13:31:32,736 - pytorch_cvae.py[line:177] - INFO: loss:386.18866553530097, numeric_loss:44.20270969159901, categorical_loss:19.697687606490945, kld_loss:23123.158584594727, epoch_train_time:46.23873663973063
2022-11-08 13:32:19,092 - pytorch_cvae.py[line:170] - INFO: ----------------------------No.12 epoch----------------------------
2022-11-08 13:32:19,092 - pytorch_cvae.py[line:177] - INFO: loss:412.1598060131073, numeric_loss:44.812208391260356, categorical_loss:21.327069018188922, kld_loss:22700.486969709396, epoch_train_time:46.35549642518163
2022-11-08 13:33:05,265 - pytorch_cvae.py[line:170] - INFO: ----------------------------No.13 epoch----------------------------
2022-11-08 13:33:05,265 - pytorch_cvae.py[line:177] - INFO: loss:442.2725444883108, numeric_loss:49.247258143499494, categorical_loss:22.888371635628573, kld_loss:22225.96648645401, epoch_train_time:46.172424755990505
2022-11-08 13:33:51,290 - pytorch_cvae.py[line:170] - INFO: ----------------------------No.14 epoch----------------------------
2022-11-08 13:33:51,290 - pytorch_cvae.py[line:177] - INFO: loss:472.89750573784113, numeric_loss:54.70470147719607, categorical_loss:24.480150852061342, kld_loss:21660.918184518814, epoch_train_time:46.025142185389996
2022-11-08 13:34:37,425 - pytorch_cvae.py[line:170] - INFO: ----------------------------No.15 epoch----------------------------
2022-11-08 13:34:37,425 - pytorch_cvae.py[line:177] - INFO: loss:503.37052320688963, numeric_loss:61.504944424144924, categorical_loss:25.17693546862938, kld_loss:21025.323465824127, epoch_train_time:46.135074300691485
2022-11-08 13:35:23,389 - pytorch_cvae.py[line:170] - INFO: ----------------------------No.16 epoch----------------------------
2022-11-08 13:35:23,389 - pytorch_cvae.py[line:177] - INFO: loss:536.8144004121423, numeric_loss:67.08072356041521, categorical_loss:26.995756835196516, kld_loss:20509.050839424133, epoch_train_time:45.96385031752288
2022-11-08 13:36:09,678 - pytorch_cvae.py[line:170] - INFO: ----------------------------No.17 epoch----------------------------
2022-11-08 13:36:09,678 - pytorch_cvae.py[line:177] - INFO: loss:573.2303311675787, numeric_loss:72.55183128267527, categorical_loss:28.13769891958509, kld_loss:20115.937336206436, epoch_train_time:46.28835106547922
2022-11-08 13:36:56,074 - pytorch_cvae.py[line:170] - INFO: ----------------------------No.18 epoch----------------------------
2022-11-08 13:36:56,074 - pytorch_cvae.py[line:177] - INFO: loss:613.5063166245818, numeric_loss:78.73293201625347, categorical_loss:30.828427256237774, kld_loss:19734.24267888069, epoch_train_time:46.39573714789003
2022-11-08 13:37:41,965 - pytorch_cvae.py[line:170] - INFO: ----------------------------No.19 epoch----------------------------
2022-11-08 13:37:41,965 - pytorch_cvae.py[line:177] - INFO: loss:654.8445867672563, numeric_loss:85.6470042085275, categorical_loss:33.12983435348724, kld_loss:19329.816358566284, epoch_train_time:45.8907597027719
2022-11-08 13:38:28,282 - pytorch_cvae.py[line:170] - INFO: ----------------------------No.20 epoch----------------------------
2022-11-08 13:38:28,282 - pytorch_cvae.py[line:177] - INFO: loss:700.45113337785, numeric_loss:91.73353177402169, categorical_loss:36.126620306415134, kld_loss:19030.82234787941, epoch_train_time:46.31692003645003
2022-11-08 13:39:14,373 - pytorch_cvae.py[line:170] - INFO: ----------------------------No.21 epoch----------------------------
2022-11-08 13:39:14,373 - pytorch_cvae.py[line:177] - INFO: loss:747.0139744207263, numeric_loss:98.86966033000499, categorical_loss:39.33601932057354, kld_loss:18669.509100675583, epoch_train_time:46.0908170202747
2022-11-08 13:40:00,507 - pytorch_cvae.py[line:170] - INFO: ----------------------------No.22 epoch----------------------------
2022-11-08 13:40:00,508 - pytorch_cvae.py[line:177] - INFO: loss:796.7124933078885, numeric_loss:105.47376609221101, categorical_loss:43.03805014412501, kld_loss:18358.424338817596, epoch_train_time:46.13448050804436
2022-11-08 13:40:46,548 - pytorch_cvae.py[line:170] - INFO: ----------------------------No.23 epoch----------------------------
2022-11-08 13:40:46,548 - pytorch_cvae.py[line:177] - INFO: loss:847.44528670609, numeric_loss:113.84960303734988, categorical_loss:46.49578318110434, kld_loss:17990.93391942978, epoch_train_time:46.04010069090873
2022-11-08 13:41:32,736 - pytorch_cvae.py[line:170] - INFO: ----------------------------No.24 epoch----------------------------
2022-11-08 13:41:32,736 - pytorch_cvae.py[line:177] - INFO: loss:901.1750754266977, numeric_loss:121.55838125571609, categorical_loss:50.039395132509526, kld_loss:17678.57767868042, epoch_train_time:46.18830479122698
2022-11-08 13:42:18,701 - pytorch_cvae.py[line:170] - INFO: ----------------------------No.25 epoch----------------------------
2022-11-08 13:42:18,701 - pytorch_cvae.py[line:177] - INFO: loss:948.3771204203367, numeric_loss:131.99795493483543, categorical_loss:53.98169453445007, kld_loss:17113.306960105896, epoch_train_time:45.96443569660187
2022-11-08 13:43:04,588 - pytorch_cvae.py[line:170] - INFO: ----------------------------No.26 epoch----------------------------
2022-11-08 13:43:04,588 - pytorch_cvae.py[line:177] - INFO: loss:966.474725484848, numeric_loss:114.88680287636817, categorical_loss:52.32141272298759, kld_loss:16636.22748398781, epoch_train_time:45.88671020325273
2022-11-08 13:43:50,523 - pytorch_cvae.py[line:170] - INFO: ----------------------------No.27 epoch----------------------------
2022-11-08 13:43:50,524 - pytorch_cvae.py[line:177] - INFO: loss:1026.6196659207344, numeric_loss:120.29599924571812, categorical_loss:56.82836015877547, kld_loss:16412.29390144348, epoch_train_time:45.935538028366864
2022-11-08 13:44:36,867 - pytorch_cvae.py[line:170] - INFO: ----------------------------No.28 epoch----------------------------
2022-11-08 13:44:36,868 - pytorch_cvae.py[line:177] - INFO: loss:1088.1098985821009, numeric_loss:122.54436607658863, categorical_loss:61.794233073538635, kld_loss:16223.562168836594, epoch_train_time:46.34386251401156
2022-11-08 13:45:22,877 - pytorch_cvae.py[line:170] - INFO: ----------------------------No.29 epoch----------------------------
2022-11-08 13:45:22,877 - pytorch_cvae.py[line:177] - INFO: loss:1153.5565592497587, numeric_loss:129.67628451436758, categorical_loss:67.11255361809162, kld_loss:15973.784914255142, epoch_train_time:46.00882147718221
2022-11-08 13:46:08,929 - pytorch_cvae.py[line:170] - INFO: ----------------------------No.30 epoch----------------------------
2022-11-08 13:46:08,929 - pytorch_cvae.py[line:177] - INFO: loss:1223.810766786337, numeric_loss:133.93021727353334, categorical_loss:72.80945194535889, kld_loss:15808.860388755798, epoch_train_time:46.052528347820044
2022-11-08 13:46:55,232 - pytorch_cvae.py[line:170] - INFO: ----------------------------No.31 epoch----------------------------
2022-11-08 13:46:55,232 - pytorch_cvae.py[line:177] - INFO: loss:1297.2194861769676, numeric_loss:141.65082443878055, categorical_loss:80.31916649831692, kld_loss:15575.455443143845, epoch_train_time:46.30251858942211
2022-11-08 13:47:41,490 - pytorch_cvae.py[line:170] - INFO: ----------------------------No.32 epoch----------------------------
2022-11-08 13:47:41,490 - pytorch_cvae.py[line:177] - INFO: loss:1373.8832110464573, numeric_loss:148.86998897977173, categorical_loss:88.21005084173521, kld_loss:15361.488724470139, epoch_train_time:46.257369915023446
2022-11-08 13:48:27,792 - pytorch_cvae.py[line:170] - INFO: ----------------------------No.33 epoch----------------------------
2022-11-08 13:48:27,792 - pytorch_cvae.py[line:177] - INFO: loss:1452.04616060853, numeric_loss:156.90244484879076, categorical_loss:95.30642945598811, kld_loss:15139.837110996246, epoch_train_time:46.302557927556336
2022-11-08 13:49:14,114 - pytorch_cvae.py[line:170] - INFO: ----------------------------No.34 epoch----------------------------
2022-11-08 13:49:14,114 - pytorch_cvae.py[line:177] - INFO: loss:1534.6401168256998, numeric_loss:164.87184801883996, categorical_loss:105.11380322882906, kld_loss:14916.120223999023, epoch_train_time:46.32177582103759
2022-11-08 13:50:00,248 - pytorch_cvae.py[line:170] - INFO: ----------------------------No.35 epoch----------------------------
2022-11-08 13:50:00,248 - pytorch_cvae.py[line:177] - INFO: loss:1622.9272093474865, numeric_loss:174.6743232216686, categorical_loss:115.32664051838219, kld_loss:14709.892649888992, epoch_train_time:46.13370393496007
2022-11-08 13:50:46,556 - pytorch_cvae.py[line:170] - INFO: ----------------------------No.36 epoch----------------------------
2022-11-08 13:50:46,556 - pytorch_cvae.py[line:177] - INFO: loss:1710.7293058931828, numeric_loss:182.8194608632475, categorical_loss:126.01442716177553, kld_loss:14490.144242048264, epoch_train_time:46.30769562441856
2022-11-08 13:51:32,378 - pytorch_cvae.py[line:170] - INFO: ----------------------------No.37 epoch----------------------------
2022-11-08 13:51:32,378 - pytorch_cvae.py[line:177] - INFO: loss:1802.910388737917, numeric_loss:191.70020497776568, categorical_loss:138.5500405668281, kld_loss:14270.77813243866, epoch_train_time:45.82157804444432
2022-11-08 13:52:18,404 - pytorch_cvae.py[line:170] - INFO: ----------------------------No.38 epoch----------------------------
2022-11-08 13:52:18,404 - pytorch_cvae.py[line:177] - INFO: loss:1897.167852729559, numeric_loss:201.68293174169958, categorical_loss:149.6020812788047, kld_loss:14058.661524534225, epoch_train_time:46.02566679939628
2022-11-08 13:53:04,554 - pytorch_cvae.py[line:170] - INFO: ----------------------------No.39 epoch----------------------------
2022-11-08 13:53:04,555 - pytorch_cvae.py[line:177] - INFO: loss:1999.8286041617393, numeric_loss:212.82385293766856, categorical_loss:164.39156381762587, kld_loss:13862.418193101883, epoch_train_time:46.15064406674355
2022-11-08 13:53:50,685 - pytorch_cvae.py[line:170] - INFO: ----------------------------No.40 epoch----------------------------
2022-11-08 13:53:50,685 - pytorch_cvae.py[line:177] - INFO: loss:2097.988851696253, numeric_loss:221.15588016994298, categorical_loss:178.1724646105431, kld_loss:13646.50641655922, epoch_train_time:46.13013584911823
2022-11-08 13:54:36,709 - pytorch_cvae.py[line:170] - INFO: ----------------------------No.41 epoch----------------------------
2022-11-08 13:54:36,709 - pytorch_cvae.py[line:177] - INFO: loss:2202.94729706645, numeric_loss:231.15954156406224, categorical_loss:195.21849246881902, kld_loss:13434.522910833359, epoch_train_time:46.0238791173324
2022-11-08 13:55:22,772 - pytorch_cvae.py[line:170] - INFO: ----------------------------No.42 epoch----------------------------
2022-11-08 13:55:22,772 - pytorch_cvae.py[line:177] - INFO: loss:2309.696815431118, numeric_loss:241.16282584145665, categorical_loss:211.22584503144026, kld_loss:13233.768645048141, epoch_train_time:46.062922527082264
2022-11-08 13:56:08,986 - pytorch_cvae.py[line:170] - INFO: ----------------------------No.43 epoch----------------------------
2022-11-08 13:56:08,986 - pytorch_cvae.py[line:177] - INFO: loss:2421.938122212887, numeric_loss:253.03678815066814, categorical_loss:230.6953043024987, kld_loss:13025.465928316116, epoch_train_time:46.21415301039815
2022-11-08 13:56:55,035 - pytorch_cvae.py[line:170] - INFO: ----------------------------No.44 epoch----------------------------
2022-11-08 13:56:55,035 - pytorch_cvae.py[line:177] - INFO: loss:2533.0505831241608, numeric_loss:261.76403771340847, categorical_loss:247.8662289036438, kld_loss:12838.29979133606, epoch_train_time:46.048567125573754
2022-11-08 13:57:41,115 - pytorch_cvae.py[line:170] - INFO: ----------------------------No.45 epoch----------------------------
2022-11-08 13:57:41,115 - pytorch_cvae.py[line:177] - INFO: loss:2651.5915882587433, numeric_loss:271.87185729295015, categorical_loss:270.50973156746477, kld_loss:12647.467478275299, epoch_train_time:46.07962323632091
2022-11-08 13:58:27,336 - pytorch_cvae.py[line:170] - INFO: ----------------------------No.46 epoch----------------------------
2022-11-08 13:58:27,336 - pytorch_cvae.py[line:177] - INFO: loss:2768.399198949337, numeric_loss:281.84786380827427, categorical_loss:292.4419030835852, kld_loss:12446.255325555801, epoch_train_time:46.22071230597794
2022-11-08 13:59:13,326 - pytorch_cvae.py[line:170] - INFO: ----------------------------No.47 epoch----------------------------
2022-11-08 13:59:13,326 - pytorch_cvae.py[line:177] - INFO: loss:2891.560581892729, numeric_loss:292.8252942599356, categorical_loss:317.2425733441487, kld_loss:12255.483814001083, epoch_train_time:45.98991719726473
2022-11-08 13:59:59,273 - pytorch_cvae.py[line:170] - INFO: ----------------------------No.48 epoch----------------------------
2022-11-08 13:59:59,273 - pytorch_cvae.py[line:177] - INFO: loss:3013.3879071474075, numeric_loss:301.49149522930384, categorical_loss:340.9092691987753, kld_loss:12072.738735795021, epoch_train_time:45.9465145887807
2022-11-08 14:00:45,298 - pytorch_cvae.py[line:170] - INFO: ----------------------------No.49 epoch----------------------------
2022-11-08 14:00:45,298 - pytorch_cvae.py[line:177] - INFO: loss:3142.8545979857445, numeric_loss:311.1647086404264, categorical_loss:369.0617262981832, kld_loss:11898.027886152267, epoch_train_time:46.025143306702375
2022-11-08 14:01:31,319 - pytorch_cvae.py[line:170] - INFO: ----------------------------No.50 epoch----------------------------
2022-11-08 14:01:31,319 - pytorch_cvae.py[line:177] - INFO: loss:3264.498002767563, numeric_loss:319.44712928310037, categorical_loss:394.34819874353707, kld_loss:11704.957319021225, epoch_train_time:46.02048417925835
2022-11-08 14:02:17,570 - pytorch_cvae.py[line:170] - INFO: ----------------------------No.51 epoch----------------------------
2022-11-08 14:02:17,570 - pytorch_cvae.py[line:177] - INFO: loss:3401.70538264513, numeric_loss:328.17949226871133, categorical_loss:430.12320051528513, kld_loss:11532.977576613426, epoch_train_time:46.25105432141572
2022-11-08 14:03:03,662 - pytorch_cvae.py[line:170] - INFO: ----------------------------No.52 epoch----------------------------
2022-11-08 14:03:03,662 - pytorch_cvae.py[line:177] - INFO: loss:3531.3143159747124, numeric_loss:336.18272541835904, categorical_loss:458.9213985167444, kld_loss:11361.351475834846, epoch_train_time:46.09235414583236
2022-11-08 14:03:49,493 - pytorch_cvae.py[line:170] - INFO: ----------------------------No.53 epoch----------------------------
2022-11-08 14:03:49,493 - pytorch_cvae.py[line:177] - INFO: loss:3666.7346504330635, numeric_loss:343.1643632724881, categorical_loss:493.79275830090046, kld_loss:11193.594291806221, epoch_train_time:45.83017775043845
2022-11-08 14:04:35,259 - pytorch_cvae.py[line:170] - INFO: ----------------------------No.54 epoch----------------------------
2022-11-08 14:04:35,259 - pytorch_cvae.py[line:177] - INFO: loss:3800.399883389473, numeric_loss:350.4118193127215, categorical_loss:525.2302011884749, kld_loss:11032.607905983925, epoch_train_time:45.76644628029317
2022-11-08 14:05:21,423 - pytorch_cvae.py[line:170] - INFO: ----------------------------No.55 epoch----------------------------
2022-11-08 14:05:21,423 - pytorch_cvae.py[line:177] - INFO: loss:3941.411889433861, numeric_loss:357.8890256546438, categorical_loss:565.004787184298, kld_loss:10868.944306612015, epoch_train_time:46.16381538286805
2022-11-08 14:06:07,583 - pytorch_cvae.py[line:170] - INFO: ----------------------------No.56 epoch----------------------------
2022-11-08 14:06:07,583 - pytorch_cvae.py[line:177] - INFO: loss:4076.8383418917656, numeric_loss:364.894661989063, categorical_loss:600.7850454375148, kld_loss:10704.227518081665, epoch_train_time:46.15924965869635
2022-11-08 14:06:53,485 - pytorch_cvae.py[line:170] - INFO: ----------------------------No.57 epoch----------------------------
2022-11-08 14:06:53,485 - pytorch_cvae.py[line:177] - INFO: loss:4219.284772872925, numeric_loss:368.19936986640096, categorical_loss:643.5933559387922, kld_loss:10555.350576162338, epoch_train_time:45.90197178721428
2022-11-08 14:07:39,501 - pytorch_cvae.py[line:170] - INFO: ----------------------------No.58 epoch----------------------------
2022-11-08 14:07:39,501 - pytorch_cvae.py[line:177] - INFO: loss:4358.638768792152, numeric_loss:368.3833410590887, categorical_loss:679.7895049750805, kld_loss:10430.48185145855, epoch_train_time:46.01605288963765
2022-11-08 14:08:25,538 - pytorch_cvae.py[line:170] - INFO: ----------------------------No.59 epoch----------------------------
2022-11-08 14:08:25,538 - pytorch_cvae.py[line:177] - INFO: loss:4502.146825015545, numeric_loss:368.45528411865234, categorical_loss:724.9687716029584, kld_loss:10293.176479935646, epoch_train_time:46.03625335358083
2022-11-08 14:09:11,700 - pytorch_cvae.py[line:170] - INFO: ----------------------------No.60 epoch----------------------------
2022-11-08 14:09:11,700 - pytorch_cvae.py[line:177] - INFO: loss:4645.229092895985, numeric_loss:368.3062466420233, categorical_loss:764.4385141432285, kld_loss:10175.340009212494, epoch_train_time:46.16258849110454
2022-11-08 14:09:57,811 - pytorch_cvae.py[line:170] - INFO: ----------------------------No.61 epoch----------------------------
2022-11-08 14:09:57,811 - pytorch_cvae.py[line:177] - INFO: loss:4788.579996407032, numeric_loss:368.26319275051355, categorical_loss:816.1028432846069, kld_loss:10026.656724452972, epoch_train_time:46.11049038451165
2022-11-08 14:10:43,967 - pytorch_cvae.py[line:170] - INFO: ----------------------------No.62 epoch----------------------------
2022-11-08 14:10:43,967 - pytorch_cvae.py[line:177] - INFO: loss:4932.714513599873, numeric_loss:368.2197045497596, categorical_loss:859.207704924047, kld_loss:9908.611978292465, epoch_train_time:46.15601223707199
2022-11-08 14:11:29,873 - pytorch_cvae.py[line:170] - INFO: ----------------------------No.63 epoch----------------------------
2022-11-08 14:11:29,873 - pytorch_cvae.py[line:177] - INFO: loss:5077.800551950932, numeric_loss:368.29488698393106, categorical_loss:913.0801114588976, kld_loss:9768.896832823753, epoch_train_time:45.90516250021756
2022-11-08 14:12:15,717 - pytorch_cvae.py[line:170] - INFO: ----------------------------No.64 epoch----------------------------
2022-11-08 14:12:15,717 - pytorch_cvae.py[line:177] - INFO: loss:5221.667862594128, numeric_loss:368.2620747834444, categorical_loss:963.6103741973639, kld_loss:9640.761313080788, epoch_train_time:45.84383252169937
2022-11-08 14:13:01,862 - pytorch_cvae.py[line:170] - INFO: ----------------------------No.65 epoch----------------------------
2022-11-08 14:13:01,862 - pytorch_cvae.py[line:177] - INFO: loss:5364.242905795574, numeric_loss:368.1101962439716, categorical_loss:1021.8657906278968, kld_loss:9497.07487475872, epoch_train_time:46.145338415168226
2022-11-08 14:13:47,904 - pytorch_cvae.py[line:170] - INFO: ----------------------------No.66 epoch----------------------------
2022-11-08 14:13:47,904 - pytorch_cvae.py[line:177] - INFO: loss:5508.191063284874, numeric_loss:368.26481764763594, categorical_loss:1073.4697192162275, kld_loss:9378.459527015686, epoch_train_time:46.041488114744425
2022-11-08 14:14:33,979 - pytorch_cvae.py[line:170] - INFO: ----------------------------No.67 epoch----------------------------
2022-11-08 14:14:33,980 - pytorch_cvae.py[line:177] - INFO: loss:5647.762231469154, numeric_loss:368.19794372841716, categorical_loss:1134.545644581318, kld_loss:9235.463664531708, epoch_train_time:46.07542662881315
2022-11-08 14:15:20,052 - pytorch_cvae.py[line:170] - INFO: ----------------------------No.68 epoch----------------------------
2022-11-08 14:15:20,052 - pytorch_cvae.py[line:177] - INFO: loss:5787.758893251419, numeric_loss:368.12253614887595, categorical_loss:1190.8437543660402, kld_loss:9111.70686173439, epoch_train_time:46.07205060310662
2022-11-08 14:16:06,224 - pytorch_cvae.py[line:170] - INFO: ----------------------------No.69 epoch----------------------------
2022-11-08 14:16:06,224 - pytorch_cvae.py[line:177] - INFO: loss:5922.462503254414, numeric_loss:368.16119584441185, categorical_loss:1253.299810282886, kld_loss:8970.948766231537, epoch_train_time:46.17242295015603
2022-11-08 14:16:52,121 - pytorch_cvae.py[line:170] - INFO: ----------------------------No.70 epoch----------------------------
2022-11-08 14:16:52,121 - pytorch_cvae.py[line:177] - INFO: loss:6063.129242658615, numeric_loss:368.09052753448486, categorical_loss:1317.8977380543947, kld_loss:8846.654136300087, epoch_train_time:45.89634782727808
2022-11-08 14:17:38,301 - pytorch_cvae.py[line:170] - INFO: ----------------------------No.71 epoch----------------------------
2022-11-08 14:17:38,301 - pytorch_cvae.py[line:177] - INFO: loss:6196.662012934685, numeric_loss:368.2280314415693, categorical_loss:1385.8504185080528, kld_loss:8709.197617411613, epoch_train_time:46.17976296786219
2022-11-08 14:18:24,001 - pytorch_cvae.py[line:170] - INFO: ----------------------------No.72 epoch----------------------------
2022-11-08 14:18:24,001 - pytorch_cvae.py[line:177] - INFO: loss:6323.6773127913475, numeric_loss:368.14386707544327, categorical_loss:1449.3367345035076, kld_loss:8577.110060453415, epoch_train_time:45.69986184313893
2022-11-08 14:19:09,576 - pytorch_cvae.py[line:170] - INFO: ----------------------------No.73 epoch----------------------------
2022-11-08 14:19:09,576 - pytorch_cvae.py[line:177] - INFO: loss:6460.16914743185, numeric_loss:368.1398770362139, categorical_loss:1526.3852368742228, kld_loss:8446.086066007614, epoch_train_time:45.57473353482783
2022-11-08 14:19:55,410 - pytorch_cvae.py[line:170] - INFO: ----------------------------No.74 epoch----------------------------
2022-11-08 14:19:55,410 - pytorch_cvae.py[line:177] - INFO: loss:6582.938565194607, numeric_loss:368.15292693302035, categorical_loss:1593.3064021915197, kld_loss:8317.471804141998, epoch_train_time:45.83432596735656
2022-11-08 14:20:41,377 - pytorch_cvae.py[line:170] - INFO: ----------------------------No.75 epoch----------------------------
2022-11-08 14:20:41,377 - pytorch_cvae.py[line:177] - INFO: loss:6710.314429402351, numeric_loss:368.1903906315565, categorical_loss:1669.3416489064693, kld_loss:8189.8719202280045, epoch_train_time:45.96658355370164
2022-11-08 14:21:27,244 - pytorch_cvae.py[line:170] - INFO: ----------------------------No.76 epoch----------------------------
2022-11-08 14:21:27,244 - pytorch_cvae.py[line:177] - INFO: loss:6827.319938778877, numeric_loss:368.05847922712564, categorical_loss:1738.2838318645954, kld_loss:8066.013978242874, epoch_train_time:45.86677109915763
2022-11-08 14:22:13,022 - pytorch_cvae.py[line:170] - INFO: ----------------------------No.77 epoch----------------------------
2022-11-08 14:22:13,022 - pytorch_cvae.py[line:177] - INFO: loss:6943.755783319473, numeric_loss:368.1526967026293, categorical_loss:1820.7388941645622, kld_loss:7927.293353796005, epoch_train_time:45.77804058045149
2022-11-08 14:22:58,618 - pytorch_cvae.py[line:170] - INFO: ----------------------------No.78 epoch----------------------------
2022-11-08 14:22:58,619 - pytorch_cvae.py[line:177] - INFO: loss:7054.009765028954, numeric_loss:368.02895399555564, categorical_loss:1888.7188939154148, kld_loss:7812.217540502548, epoch_train_time:45.59603114519268
2022-11-08 14:23:44,676 - pytorch_cvae.py[line:170] - INFO: ----------------------------No.79 epoch----------------------------
2022-11-08 14:23:44,676 - pytorch_cvae.py[line:177] - INFO: loss:7165.368331670761, numeric_loss:368.0908185951412, categorical_loss:1972.8939139991999, kld_loss:7681.589506268501, epoch_train_time:46.05725803319365
2022-11-08 14:24:30,697 - pytorch_cvae.py[line:170] - INFO: ----------------------------No.80 epoch----------------------------
2022-11-08 14:24:30,697 - pytorch_cvae.py[line:177] - INFO: loss:7264.831140398979, numeric_loss:368.1659336127341, categorical_loss:2043.6254184991121, kld_loss:7562.855212211609, epoch_train_time:46.021260985173285
2022-11-08 14:25:16,778 - pytorch_cvae.py[line:170] - INFO: ----------------------------No.81 epoch----------------------------
2022-11-08 14:25:16,778 - pytorch_cvae.py[line:177] - INFO: loss:7364.535094857216, numeric_loss:368.1112657226622, categorical_loss:2124.281162545085, kld_loss:7438.560720920563, epoch_train_time:46.08044740743935
2022-11-08 14:26:02,921 - pytorch_cvae.py[line:170] - INFO: ----------------------------No.82 epoch----------------------------
2022-11-08 14:26:02,921 - pytorch_cvae.py[line:177] - INFO: loss:7457.359158754349, numeric_loss:368.07159557938576, categorical_loss:2200.816968768835, kld_loss:7319.361108422279, epoch_train_time:46.142792865633965
2022-11-08 14:26:48,861 - pytorch_cvae.py[line:170] - INFO: ----------------------------No.83 epoch----------------------------
2022-11-08 14:26:48,861 - pytorch_cvae.py[line:177] - INFO: loss:7554.646129488945, numeric_loss:368.2194724306464, categorical_loss:2288.9113763272762, kld_loss:7198.49164390564, epoch_train_time:45.93973130453378
2022-11-08 14:27:34,901 - pytorch_cvae.py[line:170] - INFO: ----------------------------No.84 epoch----------------------------
2022-11-08 14:27:34,901 - pytorch_cvae.py[line:177] - INFO: loss:7636.023924231529, numeric_loss:368.21669079735875, categorical_loss:2366.7104236483574, kld_loss:7078.787152528763, epoch_train_time:46.039786404930055
2022-11-08 14:28:21,349 - pytorch_cvae.py[line:170] - INFO: ----------------------------No.85 epoch----------------------------
2022-11-08 14:28:21,349 - pytorch_cvae.py[line:177] - INFO: loss:7714.615926623344, numeric_loss:368.1957558058202, categorical_loss:2440.4501360058784, kld_loss:6969.868806481361, epoch_train_time:46.44770394265652
2022-11-08 14:29:07,367 - pytorch_cvae.py[line:170] - INFO: ----------------------------No.86 epoch----------------------------
2022-11-08 14:29:07,367 - pytorch_cvae.py[line:177] - INFO: loss:7792.692137360573, numeric_loss:368.2492765188217, categorical_loss:2512.82307100296, kld_loss:6870.571566462517, epoch_train_time:46.017821804620326
2022-11-08 14:29:53,367 - pytorch_cvae.py[line:170] - INFO: ----------------------------No.87 epoch----------------------------
2022-11-08 14:29:53,367 - pytorch_cvae.py[line:177] - INFO: loss:7866.842893719673, numeric_loss:368.1349491290748, categorical_loss:2596.661596059799, kld_loss:6758.468141436577, epoch_train_time:46.000371222384274
2022-11-08 14:30:39,435 - pytorch_cvae.py[line:170] - INFO: ----------------------------No.88 epoch----------------------------
2022-11-08 14:30:39,435 - pytorch_cvae.py[line:177] - INFO: loss:7931.6784282922745, numeric_loss:368.12347212806344, categorical_loss:2667.2261739075184, kld_loss:6660.064889550209, epoch_train_time:46.067727172747254
2022-11-08 14:31:25,664 - pytorch_cvae.py[line:170] - INFO: ----------------------------No.89 epoch----------------------------
2022-11-08 14:31:25,664 - pytorch_cvae.py[line:177] - INFO: loss:7989.930969595909, numeric_loss:368.2658186741173, categorical_loss:2734.7662658691406, kld_loss:6564.665144443512, epoch_train_time:46.22836936824024
2022-11-08 14:32:11,510 - pytorch_cvae.py[line:170] - INFO: ----------------------------No.90 epoch----------------------------
2022-11-08 14:32:11,510 - pytorch_cvae.py[line:177] - INFO: loss:8047.073145151138, numeric_loss:368.2646586894989, categorical_loss:2806.8455034792423, kld_loss:6469.769567966461, epoch_train_time:45.84618369489908
2022-11-08 14:32:57,586 - pytorch_cvae.py[line:170] - INFO: ----------------------------No.91 epoch----------------------------
2022-11-08 14:32:57,586 - pytorch_cvae.py[line:177] - INFO: loss:8097.569206953049, numeric_loss:368.15019400790334, categorical_loss:2876.124512732029, kld_loss:6377.66039788723, epoch_train_time:46.075476507656276
2022-11-08 14:33:43,640 - pytorch_cvae.py[line:170] - INFO: ----------------------------No.92 epoch----------------------------
2022-11-08 14:33:43,640 - pytorch_cvae.py[line:177] - INFO: loss:8140.251643180847, numeric_loss:368.26302790641785, categorical_loss:2928.3740714788437, kld_loss:6304.7595500946045, epoch_train_time:46.05394980311394
2022-11-08 14:34:29,627 - pytorch_cvae.py[line:170] - INFO: ----------------------------No.93 epoch----------------------------
2022-11-08 14:34:29,627 - pytorch_cvae.py[line:177] - INFO: loss:8187.079299092293, numeric_loss:368.2411796413362, categorical_loss:2992.0542010366917, kld_loss:6229.673752009869, epoch_train_time:45.98686755634844
2022-11-08 14:35:15,672 - pytorch_cvae.py[line:170] - INFO: ----------------------------No.94 epoch----------------------------
2022-11-08 14:35:15,672 - pytorch_cvae.py[line:177] - INFO: loss:8219.443146109581, numeric_loss:368.2014661170542, categorical_loss:3040.920878022909, kld_loss:6162.036471247673, epoch_train_time:46.04466949123889
2022-11-08 14:36:01,386 - pytorch_cvae.py[line:170] - INFO: ----------------------------No.95 epoch----------------------------
2022-11-08 14:36:01,386 - pytorch_cvae.py[line:177] - INFO: loss:8252.058605074883, numeric_loss:368.34446757659316, categorical_loss:3091.2275656163692, kld_loss:6099.415590167046, epoch_train_time:45.713679214939475
2022-11-08 14:36:47,353 - pytorch_cvae.py[line:170] - INFO: ----------------------------No.96 epoch----------------------------
2022-11-08 14:36:47,354 - pytorch_cvae.py[line:177] - INFO: loss:8272.785386562347, numeric_loss:368.3487449474633, categorical_loss:3133.6886316537857, kld_loss:6038.445720076561, epoch_train_time:45.967525218613446
2022-11-08 14:37:32,925 - pytorch_cvae.py[line:170] - INFO: ----------------------------No.97 epoch----------------------------
2022-11-08 14:37:32,925 - pytorch_cvae.py[line:177] - INFO: loss:8299.695191264153, numeric_loss:368.25907280668616, categorical_loss:3170.006605386734, kld_loss:5999.592135250568, epoch_train_time:45.571668300777674
2022-11-08 14:38:18,516 - pytorch_cvae.py[line:170] - INFO: ----------------------------No.98 epoch----------------------------
2022-11-08 14:38:18,516 - pytorch_cvae.py[line:177] - INFO: loss:8312.459015369415, numeric_loss:368.46764589101076, categorical_loss:3190.692318022251, kld_loss:5968.421163678169, epoch_train_time:45.59007902164012
2022-11-08 14:39:03,960 - pytorch_cvae.py[line:170] - INFO: ----------------------------No.99 epoch----------------------------
2022-11-08 14:39:03,960 - pytorch_cvae.py[line:177] - INFO: loss:8326.352959632874, numeric_loss:368.3221486508846, categorical_loss:3212.851509720087, kld_loss:5943.3489753603935, epoch_train_time:45.44452516362071
2022-11-08 14:39:49,461 - pytorch_cvae.py[line:170] - INFO: ----------------------------No.100 epoch----------------------------
2022-11-08 14:39:49,461 - pytorch_cvae.py[line:177] - INFO: loss:8335.200023055077, numeric_loss:368.36067532375455, categorical_loss:3218.2218084335327, kld_loss:5938.740369677544, epoch_train_time:45.50065459962934
2022-11-08 14:40:35,863 - pytorch_cvae.py[line:170] - INFO: ----------------------------No.101 epoch----------------------------
2022-11-08 14:40:35,863 - pytorch_cvae.py[line:177] - INFO: loss:8337.189824104309, numeric_loss:368.1286674179137, categorical_loss:3227.972527742386, kld_loss:5926.360706984997, epoch_train_time:46.40185647737235
2022-11-08 14:41:21,806 - pytorch_cvae.py[line:170] - INFO: ----------------------------No.102 epoch----------------------------
2022-11-08 14:41:21,806 - pytorch_cvae.py[line:177] - INFO: loss:8337.793235182762, numeric_loss:368.2548767924309, categorical_loss:3229.414788365364, kld_loss:5925.1543800234795, epoch_train_time:45.942338509485126
2022-11-08 14:42:07,925 - pytorch_cvae.py[line:170] - INFO: ----------------------------No.103 epoch----------------------------
2022-11-08 14:42:07,925 - pytorch_cvae.py[line:177] - INFO: loss:8333.507963061333, numeric_loss:368.2724308259785, categorical_loss:3233.1517082750797, kld_loss:5915.104686260223, epoch_train_time:46.11916676629335
2022-11-08 14:42:53,870 - pytorch_cvae.py[line:170] - INFO: ----------------------------No.104 epoch----------------------------
2022-11-08 14:42:53,871 - pytorch_cvae.py[line:177] - INFO: loss:8333.091707229614, numeric_loss:368.26012160256505, categorical_loss:3224.85208517313, kld_loss:5924.974286675453, epoch_train_time:45.94530938845128
2022-11-08 14:43:39,788 - pytorch_cvae.py[line:170] - INFO: ----------------------------No.105 epoch----------------------------
2022-11-08 14:43:39,788 - pytorch_cvae.py[line:177] - INFO: loss:8334.85544848442, numeric_loss:368.1697277277708, categorical_loss:3220.121491074562, kld_loss:5933.20520055294, epoch_train_time:45.91724597662687
2022-11-08 14:44:25,642 - pytorch_cvae.py[line:170] - INFO: ----------------------------No.106 epoch----------------------------
2022-11-08 14:44:25,642 - pytorch_cvae.py[line:177] - INFO: loss:8339.112825155258, numeric_loss:368.36355363950133, categorical_loss:3231.428470492363, kld_loss:5924.150908589363, epoch_train_time:45.85377738252282
2022-11-08 14:45:11,380 - pytorch_cvae.py[line:170] - INFO: ----------------------------No.107 epoch----------------------------
2022-11-08 14:45:11,380 - pytorch_cvae.py[line:177] - INFO: loss:8335.403051495552, numeric_loss:368.2455997429788, categorical_loss:3229.762212872505, kld_loss:5921.743954718113, epoch_train_time:45.73753200378269
2022-11-08 14:45:57,074 - pytorch_cvae.py[line:170] - INFO: ----------------------------No.108 epoch----------------------------
2022-11-08 14:45:57,074 - pytorch_cvae.py[line:177] - INFO: loss:8331.141471385956, numeric_loss:368.25000170245767, categorical_loss:3230.577373057604, kld_loss:5915.392520368099, epoch_train_time:45.694131730124354
2022-11-08 14:46:43,320 - pytorch_cvae.py[line:170] - INFO: ----------------------------No.109 epoch----------------------------
2022-11-08 14:46:43,320 - pytorch_cvae.py[line:177] - INFO: loss:8334.142644762993, numeric_loss:368.2090819850564, categorical_loss:3227.344487309456, kld_loss:5923.236250221729, epoch_train_time:46.24563679099083
2022-11-08 14:47:29,020 - pytorch_cvae.py[line:170] - INFO: ----------------------------No.110 epoch----------------------------
2022-11-08 14:47:29,020 - pytorch_cvae.py[line:177] - INFO: loss:8338.53958106041, numeric_loss:368.203549310565, categorical_loss:3233.837880194187, kld_loss:5920.622606575489, epoch_train_time:45.69963651243597
2022-11-08 14:48:14,804 - pytorch_cvae.py[line:170] - INFO: ----------------------------No.111 epoch----------------------------
2022-11-08 14:48:14,804 - pytorch_cvae.py[line:177] - INFO: loss:8336.530356526375, numeric_loss:368.34895174205303, categorical_loss:3234.7899698019028, kld_loss:5916.739206373692, epoch_train_time:45.78451100271195
2022-11-08 14:49:00,551 - pytorch_cvae.py[line:170] - INFO: ----------------------------No.112 epoch----------------------------
2022-11-08 14:49:00,551 - pytorch_cvae.py[line:177] - INFO: loss:8337.05493235588, numeric_loss:368.1106680370867, categorical_loss:3226.7970536649227, kld_loss:5927.683923125267, epoch_train_time:45.74694636184722
2022-11-08 14:49:46,062 - pytorch_cvae.py[line:170] - INFO: ----------------------------No.113 epoch----------------------------
2022-11-08 14:49:46,062 - pytorch_cvae.py[line:177] - INFO: loss:8337.511373758316, numeric_loss:368.20463620498776, categorical_loss:3229.886710166931, kld_loss:5924.274946033955, epoch_train_time:45.51063793897629
2022-11-08 14:50:31,619 - pytorch_cvae.py[line:170] - INFO: ----------------------------No.114 epoch----------------------------
2022-11-08 14:50:31,619 - pytorch_cvae.py[line:177] - INFO: loss:8332.432883620262, numeric_loss:368.2430244386196, categorical_loss:3224.049847215414, kld_loss:5925.174923121929, epoch_train_time:45.556406195275486
2022-11-08 14:51:17,485 - pytorch_cvae.py[line:170] - INFO: ----------------------------No.115 epoch----------------------------
2022-11-08 14:51:17,485 - pytorch_cvae.py[line:177] - INFO: loss:8334.24580836296, numeric_loss:368.2187020853162, categorical_loss:3224.1447304189205, kld_loss:5927.352880060673, epoch_train_time:45.865707830525935
2022-11-08 14:52:03,346 - pytorch_cvae.py[line:170] - INFO: ----------------------------No.116 epoch----------------------------
2022-11-08 14:52:03,346 - pytorch_cvae.py[line:177] - INFO: loss:8332.953388810158, numeric_loss:368.1949229724705, categorical_loss:3229.8665260076523, kld_loss:5918.6148364543915, epoch_train_time:45.860922635532916
2022-11-08 14:52:48,837 - pytorch_cvae.py[line:170] - INFO: ----------------------------No.117 epoch----------------------------
2022-11-08 14:52:48,837 - pytorch_cvae.py[line:177] - INFO: loss:8334.482872009277, numeric_loss:368.20564568415284, categorical_loss:3230.0640650093555, kld_loss:5920.266362726688, epoch_train_time:45.49103621393442
2022-11-08 14:53:34,738 - pytorch_cvae.py[line:170] - INFO: ----------------------------No.118 epoch----------------------------
2022-11-08 14:53:34,738 - pytorch_cvae.py[line:177] - INFO: loss:8335.878902196884, numeric_loss:368.41506926342845, categorical_loss:3228.1207615435123, kld_loss:5924.178752243519, epoch_train_time:45.90097647346556
2022-11-08 14:54:20,878 - pytorch_cvae.py[line:170] - INFO: ----------------------------No.119 epoch----------------------------
2022-11-08 14:54:20,878 - pytorch_cvae.py[line:177] - INFO: loss:8336.833969831467, numeric_loss:368.26278948038816, categorical_loss:3233.487058222294, kld_loss:5918.855064511299, epoch_train_time:46.13968884013593
2022-11-08 14:55:06,667 - pytorch_cvae.py[line:170] - INFO: ----------------------------No.120 epoch----------------------------
2022-11-08 14:55:06,667 - pytorch_cvae.py[line:177] - INFO: loss:8334.481019973755, numeric_loss:368.34794141724706, categorical_loss:3229.081718444824, kld_loss:5921.314113914967, epoch_train_time:45.78862857632339
2022-11-08 14:55:52,623 - pytorch_cvae.py[line:170] - INFO: ----------------------------No.121 epoch----------------------------
2022-11-08 14:55:52,623 - pytorch_cvae.py[line:177] - INFO: loss:8332.6846306324, numeric_loss:368.18405137211084, categorical_loss:3230.1219918727875, kld_loss:5917.9731486439705, epoch_train_time:45.955941126681864
2022-11-08 14:56:38,505 - pytorch_cvae.py[line:170] - INFO: ----------------------------No.122 epoch----------------------------
2022-11-08 14:56:38,505 - pytorch_cvae.py[line:177] - INFO: loss:8331.514705896378, numeric_loss:368.3146214559674, categorical_loss:3230.271676182747, kld_loss:5916.160422980785, epoch_train_time:45.88147254195064
2022-11-08 14:57:24,256 - pytorch_cvae.py[line:170] - INFO: ----------------------------No.123 epoch----------------------------
2022-11-08 14:57:24,256 - pytorch_cvae.py[line:177] - INFO: loss:8334.365390062332, numeric_loss:368.2450826242566, categorical_loss:3234.3133459091187, kld_loss:5914.758620142937, epoch_train_time:45.75075743440539
2022-11-08 14:58:10,015 - pytorch_cvae.py[line:170] - INFO: ----------------------------No.124 epoch----------------------------
2022-11-08 14:58:10,015 - pytorch_cvae.py[line:177] - INFO: loss:8337.808057188988, numeric_loss:368.1745827719569, categorical_loss:3234.471423327923, kld_loss:5918.952476203442, epoch_train_time:45.759276987053454
2022-11-08 14:58:55,863 - pytorch_cvae.py[line:170] - INFO: ----------------------------No.125 epoch----------------------------
2022-11-08 14:58:55,863 - pytorch_cvae.py[line:177] - INFO: loss:8331.009972333908, numeric_loss:368.36199329048395, categorical_loss:3233.005308151245, kld_loss:5912.053255081177, epoch_train_time:45.84786956850439
2022-11-08 14:59:42,216 - pytorch_cvae.py[line:170] - INFO: ----------------------------No.126 epoch----------------------------
2022-11-08 14:59:42,216 - pytorch_cvae.py[line:177] - INFO: loss:8340.383042931557, numeric_loss:368.322716653347, categorical_loss:3226.2583800256252, kld_loss:5932.252354323864, epoch_train_time:46.352428312413394
2022-11-08 15:00:28,490 - pytorch_cvae.py[line:170] - INFO: ----------------------------No.127 epoch----------------------------
2022-11-08 15:00:28,491 - pytorch_cvae.py[line:177] - INFO: loss:8335.486110448837, numeric_loss:368.2830306328833, categorical_loss:3233.6422168016434, kld_loss:5916.950983703136, epoch_train_time:46.27454016543925
2022-11-08 15:01:14,352 - pytorch_cvae.py[line:170] - INFO: ----------------------------No.128 epoch----------------------------
2022-11-08 15:01:14,352 - pytorch_cvae.py[line:177] - INFO: loss:8338.983423948288, numeric_loss:368.23977586999536, categorical_loss:3235.6923348009586, kld_loss:5918.814053058624, epoch_train_time:45.86141290143132
2022-11-08 15:02:00,292 - pytorch_cvae.py[line:170] - INFO: ----------------------------No.129 epoch----------------------------
2022-11-08 15:02:00,292 - pytorch_cvae.py[line:177] - INFO: loss:8333.284079670906, numeric_loss:368.28625813499093, categorical_loss:3229.278898745775, kld_loss:5919.648557782173, epoch_train_time:45.93957494106144
2022-11-08 15:02:46,131 - pytorch_cvae.py[line:170] - INFO: ----------------------------No.130 epoch----------------------------
2022-11-08 15:02:46,131 - pytorch_cvae.py[line:177] - INFO: loss:8339.0109552145, numeric_loss:368.22883734479547, categorical_loss:3234.839126676321, kld_loss:5919.928660929203, epoch_train_time:45.83850601874292
2022-11-08 15:03:31,882 - pytorch_cvae.py[line:170] - INFO: ----------------------------No.131 epoch----------------------------
2022-11-08 15:03:31,882 - pytorch_cvae.py[line:177] - INFO: loss:8332.81400835514, numeric_loss:368.27967143803835, categorical_loss:3231.6187377274036, kld_loss:5916.144415676594, epoch_train_time:45.75159846059978
2022-11-08 15:04:17,710 - pytorch_cvae.py[line:170] - INFO: ----------------------------No.132 epoch----------------------------
2022-11-08 15:04:17,710 - pytorch_cvae.py[line:177] - INFO: loss:8330.184659600258, numeric_loss:368.2077034674585, categorical_loss:3232.9179171323776, kld_loss:5911.323705792427, epoch_train_time:45.82720227073878
2022-11-08 15:05:03,535 - pytorch_cvae.py[line:170] - INFO: ----------------------------No.133 epoch----------------------------
2022-11-08 15:05:03,535 - pytorch_cvae.py[line:177] - INFO: loss:8325.999327421188, numeric_loss:368.1814081519842, categorical_loss:3224.1378140747547, kld_loss:5917.10003811121, epoch_train_time:45.82473476510495
2022-11-08 15:05:49,518 - pytorch_cvae.py[line:170] - INFO: ----------------------------No.134 epoch----------------------------
2022-11-08 15:05:49,518 - pytorch_cvae.py[line:177] - INFO: loss:8335.366330504417, numeric_loss:368.33184203878045, categorical_loss:3233.771074295044, kld_loss:5916.579183101654, epoch_train_time:45.983526959083974
2022-11-08 15:06:35,156 - pytorch_cvae.py[line:170] - INFO: ----------------------------No.135 epoch----------------------------
2022-11-08 15:06:35,156 - pytorch_cvae.py[line:177] - INFO: loss:8331.005541086197, numeric_loss:368.17685439810157, categorical_loss:3225.3498696386814, kld_loss:5921.84843814373, epoch_train_time:45.63774180691689
2022-11-08 15:07:21,164 - pytorch_cvae.py[line:170] - INFO: ----------------------------No.136 epoch----------------------------
2022-11-08 15:07:21,165 - pytorch_cvae.py[line:177] - INFO: loss:8335.215789914131, numeric_loss:368.3034161478281, categorical_loss:3229.6101760566235, kld_loss:5921.627658009529, epoch_train_time:46.00791865121573
2022-11-08 15:08:07,001 - pytorch_cvae.py[line:170] - INFO: ----------------------------No.137 epoch----------------------------
2022-11-08 15:08:07,001 - pytorch_cvae.py[line:177] - INFO: loss:8334.178716778755, numeric_loss:368.162381246686, categorical_loss:3230.6194007992744, kld_loss:5919.246078431606, epoch_train_time:45.83626971114427
2022-11-08 15:08:53,617 - pytorch_cvae.py[line:170] - INFO: ----------------------------No.138 epoch----------------------------
2022-11-08 15:08:53,617 - pytorch_cvae.py[line:177] - INFO: loss:8334.272095680237, numeric_loss:368.36687165498734, categorical_loss:3225.275072515011, kld_loss:5925.787607014179, epoch_train_time:46.61625734437257
2022-11-08 15:09:39,579 - pytorch_cvae.py[line:170] - INFO: ----------------------------No.139 epoch----------------------------
2022-11-08 15:09:39,579 - pytorch_cvae.py[line:177] - INFO: loss:8328.640956282616, numeric_loss:368.1790193133056, categorical_loss:3226.979079067707, kld_loss:5916.853481531143, epoch_train_time:45.96182473562658
2022-11-08 15:10:25,318 - pytorch_cvae.py[line:170] - INFO: ----------------------------No.140 epoch----------------------------
2022-11-08 15:10:25,318 - pytorch_cvae.py[line:177] - INFO: loss:8332.630076289177, numeric_loss:368.207989346236, categorical_loss:3225.8112889528275, kld_loss:5923.263407289982, epoch_train_time:45.73821159172803
2022-11-08 15:11:11,240 - pytorch_cvae.py[line:170] - INFO: ----------------------------No.141 epoch----------------------------
2022-11-08 15:11:11,240 - pytorch_cvae.py[line:177] - INFO: loss:8333.885013103485, numeric_loss:368.4642206840217, categorical_loss:3231.7566893696785, kld_loss:5917.08004206419, epoch_train_time:45.92234018724412
2022-11-08 15:11:57,211 - pytorch_cvae.py[line:170] - INFO: ----------------------------No.142 epoch----------------------------
2022-11-08 15:11:57,211 - pytorch_cvae.py[line:177] - INFO: loss:8336.921996235847, numeric_loss:368.26240227371454, categorical_loss:3233.479074805975, kld_loss:5918.975555300713, epoch_train_time:45.970356402918696
2022-11-08 15:12:42,852 - pytorch_cvae.py[line:170] - INFO: ----------------------------No.143 epoch----------------------------
2022-11-08 15:12:42,852 - pytorch_cvae.py[line:177] - INFO: loss:8330.70229101181, numeric_loss:368.2393496930599, categorical_loss:3228.4731792509556, kld_loss:5917.487113177776, epoch_train_time:45.641240291297436
2022-11-08 15:13:28,700 - pytorch_cvae.py[line:170] - INFO: ----------------------------No.144 epoch----------------------------
2022-11-08 15:13:28,701 - pytorch_cvae.py[line:177] - INFO: loss:8336.382688760757, numeric_loss:368.27838883548975, categorical_loss:3234.343802779913, kld_loss:5917.200533807278, epoch_train_time:45.84810264222324
2022-11-08 15:14:14,975 - pytorch_cvae.py[line:170] - INFO: ----------------------------No.145 epoch----------------------------
2022-11-08 15:14:14,975 - pytorch_cvae.py[line:177] - INFO: loss:8334.266955971718, numeric_loss:368.2821790315211, categorical_loss:3232.8423918783665, kld_loss:5916.427894949913, epoch_train_time:46.27415390312672
2022-11-08 15:14:57,285 - pytorch_cvae.py[line:170] - INFO: ----------------------------No.146 epoch----------------------------
2022-11-08 15:14:57,285 - pytorch_cvae.py[line:177] - INFO: loss:8334.139783263206, numeric_loss:368.30111679434776, categorical_loss:3231.2255868315697, kld_loss:5918.266257047653, epoch_train_time:42.31017888523638
2022-11-08 15:15:43,393 - pytorch_cvae.py[line:170] - INFO: ----------------------------No.147 epoch----------------------------
2022-11-08 15:15:43,393 - pytorch_cvae.py[line:177] - INFO: loss:8332.6590051651, numeric_loss:368.57322692498565, categorical_loss:3233.0333364903927, kld_loss:5913.815461575985, epoch_train_time:46.10718778613955
2022-11-08 15:16:29,566 - pytorch_cvae.py[line:170] - INFO: ----------------------------No.148 epoch----------------------------
2022-11-08 15:16:29,566 - pytorch_cvae.py[line:177] - INFO: loss:8331.456578016281, numeric_loss:368.2892091162503, categorical_loss:3232.1751650571823, kld_loss:5913.7401722073555, epoch_train_time:46.173600188456476
2022-11-08 15:17:15,787 - pytorch_cvae.py[line:170] - INFO: ----------------------------No.149 epoch----------------------------
2022-11-08 15:17:15,787 - pytorch_cvae.py[line:177] - INFO: loss:8332.783736944199, numeric_loss:368.37510315328836, categorical_loss:3221.7066302895546, kld_loss:5928.377418637276, epoch_train_time:46.22019002400339
2022-11-08 15:18:01,749 - pytorch_cvae.py[line:170] - INFO: ----------------------------No.150 epoch----------------------------
2022-11-08 15:18:01,749 - pytorch_cvae.py[line:177] - INFO: loss:8333.684474110603, numeric_loss:368.4586051478982, categorical_loss:3229.1327917575836, kld_loss:5920.1162541508675, epoch_train_time:45.96203565876931
2022-11-08 15:18:01,749 - pytorch_cvae.py[line:186] - INFO: training time elapsed:6896.689285557717
2022-11-08 15:18:01,750 - model_utils.py[line:67] - INFO: save model successfully
2022-11-08 15:18:04,104 - pytorch_cvae.py[line:267] - INFO: train model time elapsed:7066.616242247634
2022-11-08 15:18:04,104 - dataset_utils.py[line:567] - INFO: load existing dataset(light):tpch20g-skew-nation_n_nationkey#n_name__n_nationkey_binary_mm_0
2022-11-08 15:18:04,106 - dataset_utils.py[line:576] - INFO: load dataset(light) time elapsed:0.0018476443365216255
2022-11-08 15:18:04,106 - pytorch_cvae.py[line:279] - INFO: feature info:[('n_nationkey', 'categorical', 6), ('n_name', 'categorical', 6)]
2022-11-08 15:18:04,106 - model_utils.py[line:75] - INFO: load model name:torch_cvae_tpch20g-skew-nation_n_nationkey_ld100_id150_bs128_ep100_0_binary_mm
2022-11-08 15:18:04,108 - model_utils.py[line:86] - INFO: load torch model time elapsed:0.0018010325729846954
2022-11-08 15:18:04,108 - pytorch_cvae.py[line:289] - INFO: load model time elapsed:0.004575653001666069
2022-11-08 15:18:04,108 - main.py[line:535] - INFO: multi_sampling No.0 epoch
2022-11-08 15:18:04,179 - pytorch_cvae.py[line:403] - INFO: sampling time:0.07045856583863497
2022-11-08 15:18:04,179 - dataset_utils.py[line:548] - INFO: load existing dataset:tpch20g-skew-nation_n_nationkey#n_name__n_nationkey_binary_mm_0
2022-11-08 15:18:04,181 - dataset_utils.py[line:560] - INFO: load dataset time elapsed:0.001961461268365383
2022-11-08 15:18:04,200 - main.py[line:519] - INFO: sample and aggregation time elapsed:0.09102179575711489
2022-11-08 15:18:04,203 - main.py[line:552] - INFO: sample time: 0.09463056363165379
2022-11-08 15:18:04,213 - main.py[line:99] - INFO: aqp result:
                avg(c_acctbal)  sum(c_acctbal)
n_name                                        
ALGERIA        4589.55         21107330.77    
ARGENTINA      4645.76         1000794664.63  
BRAZIL         4676.02         44730840.03    
CANADA         4678.69         448326312.92   
CHINA          4560.57         199255766.45   
EGYPT          4501.83         521568655.45   
ETHIOPIA       4474.05         90952863.87    
FRANCE         4449.23         33885322.14    
GERMANY        4545.39         8945322.12     
INDIA          4743.15         171306364.60   
INDONESIA      4538.11         15107356.62    
IRAN           4362.68         49333162.76    
IRAQ           4646.79         7555676.02     
JAPAN          4638.82         30903802.29    
JORDAN         4572.10         2162534756.35  
KENYA          4610.14         2955100.55     
MOROCCO        4498.45         8228660464.90  
MOZAMBIQUE     4351.45         10608829.32    
PERU           4144.94         137309581.41   
ROMANIA        4441.73         9429785.00     
RUSSIA         4467.23         40638412.72    
SAUDI ARABIA   4553.11         234926975.29   
UNITED KINGDOM 4683.89         122610187.51   
UNITED STATES  4182.68         1313361.11     
VIETNAM        4393.60         13558655.30    
2022-11-08 15:18:04,215 - main.py[line:100] - INFO: ground truth:
                avg(c_acctbal)  sum(c_acctbal)
n_name                                        
ALGERIA        4493.12         20663865.18    
ARGENTINA      4506.22         970734831.42   
BRAZIL         4487.88         42931054.40    
CANADA         4504.13         431599381.49   
CHINA          4512.99         197176829.14   
EGYPT          4496.52         520953756.40   
ETHIOPIA       4517.53         91836771.96    
FRANCE         4451.11         33899618.05    
GERMANY        4537.62         8930029.53     
INDIA          4497.82         140817711.52   
INDONESIA      4415.04         14697656.27    
IRAN           4500.15         50887697.87    
IRAQ           4611.87         7498906.74     
JAPAN          4491.71         29923764.82    
JORDAN         4502.45         2129590185.14  
KENYA          4609.28         2954550.53     
MOROCCO        4499.18         8229994302.84  
MOZAMBIQUE     4432.33         10806022.33    
PERU           4475.03         148244427.57   
ROMANIA        4578.54         9720235.06     
RUSSIA         4483.03         40782137.80    
SAUDI ARABIA   4479.39         231123018.99   
UNITED KINGDOM 4513.43         118147931.60   
UNITED STATES  4230.90         1717746.83     
VIETNAM        4501.69         13892201.60    
2022-11-08 15:18:04,222 - main.py[line:564] - INFO: relative error:
                avg(c_acctbal)  sum(c_acctbal)
n_name                                        
ALGERIA        0.02            0.02           
ARGENTINA      0.03            0.03           
BRAZIL         0.04            0.04           
CANADA         0.04            0.04           
CHINA          0.01            0.01           
EGYPT          0.00            0.00           
ETHIOPIA       0.01            0.01           
FRANCE         0.00            0.00           
GERMANY        0.00            0.00           
INDIA          0.05            0.22           
INDONESIA      0.03            0.03           
IRAN           0.03            0.03           
IRAQ           0.01            0.01           
JAPAN          0.03            0.03           
JORDAN         0.02            0.02           
KENYA          0.00            0.00           
MOROCCO        0.00            0.00           
MOZAMBIQUE     0.02            0.02           
PERU           0.07            0.07           
ROMANIA        0.03            0.03           
RUSSIA         0.00            0.00           
SAUDI ARABIA   0.02            0.02           
UNITED KINGDOM 0.04            0.04           
UNITED STATES  0.01            0.24           
VIETNAM        0.02            0.02           
2022-11-08 15:18:04,224 - main.py[line:565] - INFO: relative error normalized:
                avg(c_acctbal)  sum(c_acctbal)
n_name                                        
ALGERIA        0.02            0.02           
ARGENTINA      0.03            0.03           
BRAZIL         0.04            0.04           
CANADA         0.04            0.04           
CHINA          0.01            0.01           
EGYPT          0.00            0.00           
ETHIOPIA       0.01            0.01           
FRANCE         0.00            0.00           
GERMANY        0.00            0.00           
INDIA          0.05            0.19           
INDONESIA      0.03            0.03           
IRAN           0.03            0.03           
IRAQ           0.01            0.01           
JAPAN          0.03            0.03           
JORDAN         0.02            0.02           
KENYA          0.00            0.00           
MOROCCO        0.00            0.00           
MOZAMBIQUE     0.02            0.02           
PERU           0.07            0.07           
ROMANIA        0.03            0.03           
RUSSIA         0.00            0.00           
SAUDI ARABIA   0.02            0.02           
UNITED KINGDOM 0.04            0.04           
UNITED STATES  0.01            0.21           
VIETNAM        0.02            0.02           
2022-11-08 15:18:04,224 - main.py[line:568] - INFO: relative error average: 0.029349569687778194
2022-11-08 15:18:04,224 - main.py[line:569] - INFO: relative error normalized average: 0.02803586290437437
2022-11-08 15:18:04,225 - main.py[line:615] - INFO: total_time:7066.738312922418
feature_names: ['c_nationkey_0', 'c_nationkey_1', 'c_nationkey_2', 'c_nationkey_3', 'c_nationkey_4', 'c_nationkey_5']
feature_names: ['c_nationkey_0', 'c_nationkey_1', 'c_nationkey_2', 'c_nationkey_3', 'c_nationkey_4', 'c_nationkey_5']
