main.py:19: FutureWarning: Passing a negative integer is deprecated in version 1.0 and will not be supported in future version. Instead, use None to not limit the column width.
  pd.set_option('max_colwidth', -1)
2023-07-12 07:57:52,602 - main.py[line:642] - INFO: load query config config/query/flights_test.json successfully
2023-07-12 07:57:52,602 - main.py[line:649] - INFO: load train config ./config/train/flights_test_a_torch_cvae.json successfully
2023-07-12 07:57:52,602 - main.py[line:649] - INFO: load train config ./config/train/flights_test_b_torch_cvae.json successfully
2023-07-12 07:57:52,602 - dataset_utils.py[line:599] - INFO: load existing dataset(light):flights-test-flight-a_a_unique_carrier_a_taxi_out#a_distance_a_unique_carrier_binary_gaussian5_0
2023-07-12 07:57:52,734 - dataset_utils.py[line:608] - INFO: load dataset(light) time elapsed:0.13187084905803204
2023-07-12 07:57:52,734 - pytorch_cvae.py[line:280] - INFO: feature info:[('a_taxi_out', 'numerical', 6), ('a_distance', 'numerical', 6), ('a_unique_carrier', 'categorical', 6)]
2023-07-12 07:57:52,735 - model_utils.py[line:75] - INFO: load model name:torch_cvae_flights-test-flight-a_a_unique_carrier_ld100_id150_bs512_ep150_0_binary_gaussian5
2023-07-12 07:57:55,032 - model_utils.py[line:86] - INFO: load torch model time elapsed:2.297010554932058
2023-07-12 07:57:55,032 - pytorch_cvae.py[line:290] - INFO: load model time elapsed:2.430419269017875
2023-07-12 07:57:55,032 - dataset_utils.py[line:599] - INFO: load existing dataset(light):flights-test-flight-b_b_unique_carrier_b_air_time_b_unique_carrier_binary_gaussian5_0
2023-07-12 07:57:55,096 - dataset_utils.py[line:608] - INFO: load dataset(light) time elapsed:0.0635253838263452
2023-07-12 07:57:55,096 - pytorch_cvae.py[line:280] - INFO: feature info:[('b_air_time', 'numerical', 6), ('b_unique_carrier', 'categorical', 6)]
2023-07-12 07:57:55,097 - model_utils.py[line:75] - INFO: load model name:torch_cvae_flights-test-flight-b_b_unique_carrier_ld50_id100_bs512_ep100_0_binary_gaussian5
2023-07-12 07:57:55,098 - model_utils.py[line:86] - INFO: load torch model time elapsed:0.0014581391587853432
2023-07-12 07:57:55,098 - pytorch_cvae.py[line:290] - INFO: load model time elapsed:0.06577595509588718
2023-07-12 07:57:55,098 - main.py[line:572] - INFO: multi_sampling No.0 epoch
2023-07-12 07:57:55,796 - pytorch_cvae.py[line:407] - INFO: sampling time:0.6975256460718811
2023-07-12 07:57:55,817 - pytorch_cvae.py[line:407] - INFO: sampling time:0.02081054402515292
2023-07-12 07:57:56,270 - main.py[line:555] - INFO: sample and aggregation time elapsed:1.1711080712266266
2023-07-12 07:57:56,272 - main.py[line:593] - INFO: sample time: 1.1743099819868803
2023-07-12 07:57:56,294 - main.py[line:104] - INFO: aqp result:
                  avg(a_taxi_out)  avg(b_air_time)  avg(a_distance)  \
a_unique_carrier                                                      
9E               14.98            1192.22          716.61             
AA               15.12            1227.17          708.20             
AQ               14.97            1206.12          700.65             
AS               15.26            1197.87          724.63             
B6               15.20            1201.86          720.10             
CO               15.42            1209.20          736.13             
DH               14.85            1214.17          713.22             
DL               15.05            1218.20          742.40             
EV               14.91            1213.85          697.63             
F9               15.10            1195.66          707.40             
FL               14.90            1210.89          716.95             
HA               14.88            1195.11          705.17             
HP               15.31            1210.22          691.88             
MQ               15.29            1199.43          710.54             
NK               14.85            1197.24          714.44             
NW               15.19            1203.54          719.56             
OH (1)           14.91            1206.90          682.80             
OO               15.16            1206.96          703.40             
TW               14.82            1207.22          692.60             
TZ               14.38            1199.28          748.77             
UA               15.22            1201.06          707.31             
US               15.07            1204.90          708.39             
VX               14.76            1213.35          720.40             
WN               15.17            1194.03          722.94             
XE               15.15            1189.55          687.82             
YV               15.03            1212.98          707.44             

                  sum(a_taxi_out)  sum(b_air_time)  sum(a_distance)  
a_unique_carrier                                                     
9E               136979593.16     10899985916.43   6551695065.27     
AA               15603834746.32   1266813501319.56 731074824952.19   
AQ               1684265.26       135703951.02     78831717.05       
AS               857146538.82     67276027171.95   40697638476.99    
B6               530883813.96     41967516032.69   25144834054.42    
CO               2414688095.92    189344954394.26  115268070179.60   
DH               34693829.97      2835899993.54    1665840305.98     
DL               19780228969.04   1600983055586.67 975680589443.07   
EV               2442993554.97    198854759771.28  114287257677.71   
F9               78381126.43      6205433081.01    3671412305.97     
FL               467779609.26     38024757567.44   22513982187.86    
HA               55918958.37      4491723635.19    2650316431.86     
HP               375571246.07     29687197734.19   16972033169.49    
MQ               3455098214.87    271100159622.06  160597967283.08   
NK               5370622.17       433125403.51     258463918.72      
NW               3749407039.10    297033464105.26  177587362730.36   
OH (1)           227132830.85     18384196828.37   10400865834.47    
OO               4691466314.48    373557711497.72  217703696691.62   
TW               249280977.67     20312195801.80   11653365656.72    
TZ               3114925.42       259798100.71     162203937.41      
UA               11341226483.72   895103889388.61  527133512484.55   
US               8820089176.63    705035926722.48  414507483099.23   
VX               7087823.52       582502631.44     345846742.55      
WN               38282604426.56   3012631476497.43 1824030393116.39  
XE               836297587.35     65646209560.09   37958241427.00    
YV               208110237.29     16792945548.48   9794073991.74     
2023-07-12 07:57:56,297 - main.py[line:105] - INFO: ground truth:
                  sum(a_taxi_out)  avg(a_taxi_out)  sum(b_air_time)  \
a_unique_carrier                                                      
9E               142284540.12     15.33            11173140586.24     
AA               16300686048.88   15.55            1263236350723.25   
AQ               1759966.00       15.41            137234624.71       
AS               876450380.96     15.37            68708755273.38     
B6               549788787.51     15.51            42793262804.14     
CO               2485211586.17    15.63            191613223535.47    
DH               35746942.01      15.07            2848202435.65      
DL               20738744853.55   15.54            1608686034109.96   
EV               2595112426.59    15.60            200460459274.38    
F9               80439061.46      15.27            6344125870.52      
FL               495879446.36     15.55            38408814777.63     
HA               59769807.29      15.67            4590749728.71      
HP               388476481.01     15.60            30000936923.38     
MQ               3590401529.60    15.64            276410780365.79    
NK               5829780.60       15.87            441769394.49       
NW               3909682334.52    15.60            301807796014.13    
OH (1)           238510098.84     15.42            18645751639.88     
OO               4895151892.62    15.58            378599313971.27    
TW               261763968.22     15.32            20584482964.54     
TZ               3494894.20       15.89            264811610.15       
UA               11794846477.28   15.59            911710654104.45    
US               9316915599.48    15.68            715580660601.78    
VX               7390703.22       15.17            586691056.44       
WN               39755967904.82   15.52            3085646169518.35   
XE               875611219.36     15.62            67533052769.33     
YV               221860571.32     15.79            16975037496.76     

                  avg(b_air_time)  sum(a_distance)  avg(a_distance)  
a_unique_carrier                                                     
9E               1203.46          6746625346.28    726.68            
AA               1205.37          777087416304.94  741.49            
AQ               1201.24          80971279.97      708.76            
AS               1204.73          42037430883.37   737.08            
B6               1207.14          26827027097.25   756.75            
CO               1205.02          117399219829.68  738.30            
DH               1200.96          1678544713.64    707.77            
DL               1205.71          991984599921.34  743.49            
EV               1204.99          122887838715.02  738.69            
F9               1204.50          3860634311.65    732.98            
FL               1204.47          23464764525.57   735.84            
HA               1203.59          2772250304.97    726.82            
HP               1204.37          18262881042.59   733.15            
MQ               1204.29          168201520541.46  732.83            
NK               1202.96          265373521.21     722.62            
NW               1204.24          183162573964.31  730.84            
OH (1)           1205.40          11511808801.00   744.21            
OO               1204.92          231963276318.29  738.24            
TW               1205.06          12616862839.76   738.62            
TZ               1203.90          158652522.82     721.28            
UA               1204.69          556578465756.17  735.44            
US               1204.59          437180046113.38  735.94            
VX               1204.20          357991356.52     734.79            
WN               1204.64          1885240669478.28 736.00            
XE               1205.08          41407851540.77   738.90            
YV               1207.76          10681610707.48   759.99            
2023-07-12 07:57:56,306 - main.py[line:611] - INFO: relative error:
                  avg(a_distance)  avg(a_taxi_out)  avg(b_air_time)  \
a_unique_carrier                                                      
9E               0.01             0.02             0.01               
AA               0.04             0.03             0.02               
AQ               0.01             0.03             0.00               
AS               0.02             0.01             0.01               
B6               0.05             0.02             0.00               
CO               0.00             0.01             0.00               
DH               0.01             0.01             0.01               
DL               0.00             0.03             0.01               
EV               0.06             0.04             0.01               
F9               0.03             0.01             0.01               
FL               0.03             0.04             0.01               
HA               0.03             0.05             0.01               
HP               0.06             0.02             0.00               
MQ               0.03             0.02             0.00               
NK               0.01             0.06             0.00               
NW               0.02             0.03             0.00               
OH (1)           0.08             0.03             0.00               
OO               0.05             0.03             0.00               
TW               0.06             0.03             0.00               
TZ               0.04             0.10             0.00               
UA               0.04             0.02             0.00               
US               0.04             0.04             0.00               
VX               0.02             0.03             0.01               
WN               0.02             0.02             0.01               
XE               0.07             0.03             0.01               
YV               0.07             0.05             0.00               

                  sum(a_distance)  sum(a_taxi_out)  sum(b_air_time)  
a_unique_carrier                                                     
9E               0.03             0.04             0.02              
AA               0.06             0.04             0.00              
AQ               0.03             0.04             0.01              
AS               0.03             0.02             0.02              
B6               0.06             0.03             0.02              
CO               0.02             0.03             0.01              
DH               0.01             0.03             0.00              
DL               0.02             0.05             0.00              
EV               0.07             0.06             0.01              
F9               0.05             0.03             0.02              
FL               0.04             0.06             0.01              
HA               0.04             0.06             0.02              
HP               0.07             0.03             0.01              
MQ               0.05             0.04             0.02              
NK               0.03             0.08             0.02              
NW               0.03             0.04             0.02              
OH (1)           0.10             0.05             0.01              
OO               0.06             0.04             0.01              
TW               0.08             0.05             0.01              
TZ               0.02             0.11             0.02              
UA               0.05             0.04             0.02              
US               0.05             0.05             0.01              
VX               0.03             0.04             0.01              
WN               0.03             0.04             0.02              
XE               0.08             0.04             0.03              
YV               0.08             0.06             0.01              
2023-07-12 07:57:56,308 - main.py[line:612] - INFO: relative error normalized:
                  avg(a_distance)  avg(a_taxi_out)  avg(b_air_time)  \
a_unique_carrier                                                      
9E               0.01             0.02             0.01               
AA               0.04             0.03             0.02               
AQ               0.01             0.03             0.00               
AS               0.02             0.01             0.01               
B6               0.05             0.02             0.00               
CO               0.00             0.01             0.00               
DH               0.01             0.01             0.01               
DL               0.00             0.03             0.01               
EV               0.05             0.04             0.01               
F9               0.03             0.01             0.01               
FL               0.03             0.04             0.01               
HA               0.03             0.05             0.01               
HP               0.05             0.02             0.00               
MQ               0.03             0.02             0.00               
NK               0.01             0.06             0.00               
NW               0.02             0.03             0.00               
OH (1)           0.08             0.03             0.00               
OO               0.05             0.03             0.00               
TW               0.06             0.03             0.00               
TZ               0.04             0.09             0.00               
UA               0.04             0.02             0.00               
US               0.04             0.04             0.00               
VX               0.02             0.03             0.01               
WN               0.02             0.02             0.01               
XE               0.07             0.03             0.01               
YV               0.07             0.05             0.00               

                  sum(a_distance)  sum(a_taxi_out)  sum(b_air_time)  
a_unique_carrier                                                     
9E               0.03             0.04             0.02              
AA               0.06             0.04             0.00              
AQ               0.03             0.04             0.01              
AS               0.03             0.02             0.02              
B6               0.06             0.03             0.02              
CO               0.02             0.03             0.01              
DH               0.01             0.03             0.00              
DL               0.02             0.05             0.00              
EV               0.07             0.06             0.01              
F9               0.05             0.03             0.02              
FL               0.04             0.06             0.01              
HA               0.04             0.06             0.02              
HP               0.07             0.03             0.01              
MQ               0.04             0.04             0.02              
NK               0.03             0.08             0.02              
NW               0.03             0.04             0.02              
OH (1)           0.09             0.05             0.01              
OO               0.06             0.04             0.01              
TW               0.07             0.05             0.01              
TZ               0.02             0.10             0.02              
UA               0.05             0.04             0.02              
US               0.05             0.05             0.01              
VX               0.03             0.04             0.01              
WN               0.03             0.04             0.02              
XE               0.08             0.04             0.03              
YV               0.08             0.06             0.01              
2023-07-12 07:57:56,308 - main.py[line:615] - INFO: relative error average: 0.029969442065400528
2023-07-12 07:57:56,308 - main.py[line:616] - INFO: relative error normalized average: 0.029276850607520614
2023-07-12 07:57:56,309 - main.py[line:662] - INFO: total_time:3.7072023120708764
rate1: 0.2; rate2: 0.005