main.py:19: FutureWarning: Passing a negative integer is deprecated in version 1.0 and will not be supported in future version. Instead, use None to not limit the column width.
  pd.set_option('max_colwidth', -1)
2023-07-12 07:58:06,085 - main.py[line:642] - INFO: load query config config/query/flights_test.json successfully
2023-07-12 07:58:06,085 - main.py[line:649] - INFO: load train config ./config/train/flights_test_a_torch_cvae.json successfully
2023-07-12 07:58:06,085 - main.py[line:649] - INFO: load train config ./config/train/flights_test_b_torch_cvae.json successfully
2023-07-12 07:58:06,085 - dataset_utils.py[line:599] - INFO: load existing dataset(light):flights-test-flight-a_a_unique_carrier_a_taxi_out#a_distance_a_unique_carrier_binary_gaussian5_0
2023-07-12 07:58:06,218 - dataset_utils.py[line:608] - INFO: load dataset(light) time elapsed:0.13327943813055754
2023-07-12 07:58:06,218 - pytorch_cvae.py[line:280] - INFO: feature info:[('a_taxi_out', 'numerical', 6), ('a_distance', 'numerical', 6), ('a_unique_carrier', 'categorical', 6)]
2023-07-12 07:58:06,220 - model_utils.py[line:75] - INFO: load model name:torch_cvae_flights-test-flight-a_a_unique_carrier_ld100_id150_bs512_ep150_0_binary_gaussian5
2023-07-12 07:58:08,519 - model_utils.py[line:86] - INFO: load torch model time elapsed:2.2992509021423757
2023-07-12 07:58:08,519 - pytorch_cvae.py[line:290] - INFO: load model time elapsed:2.4340816540643573
2023-07-12 07:58:08,519 - dataset_utils.py[line:599] - INFO: load existing dataset(light):flights-test-flight-b_b_unique_carrier_b_air_time_b_unique_carrier_binary_gaussian5_0
2023-07-12 07:58:08,583 - dataset_utils.py[line:608] - INFO: load dataset(light) time elapsed:0.06395626487210393
2023-07-12 07:58:08,583 - pytorch_cvae.py[line:280] - INFO: feature info:[('b_air_time', 'numerical', 6), ('b_unique_carrier', 'categorical', 6)]
2023-07-12 07:58:08,584 - model_utils.py[line:75] - INFO: load model name:torch_cvae_flights-test-flight-b_b_unique_carrier_ld50_id100_bs512_ep100_0_binary_gaussian5
2023-07-12 07:58:08,585 - model_utils.py[line:86] - INFO: load torch model time elapsed:0.001468526665121317
2023-07-12 07:58:08,585 - pytorch_cvae.py[line:290] - INFO: load model time elapsed:0.06620784103870392
2023-07-12 07:58:08,585 - main.py[line:572] - INFO: multi_sampling No.0 epoch
2023-07-12 07:58:09,228 - pytorch_cvae.py[line:407] - INFO: sampling time:0.6418424998410046
2023-07-12 07:58:09,251 - pytorch_cvae.py[line:407] - INFO: sampling time:0.02295037591829896
2023-07-12 07:58:09,751 - main.py[line:555] - INFO: sample and aggregation time elapsed:1.1659247004427016
2023-07-12 07:58:09,754 - main.py[line:593] - INFO: sample time: 1.1690735472366214
2023-07-12 07:58:09,776 - main.py[line:104] - INFO: aqp result:
                  avg(a_taxi_out)  avg(b_air_time)  avg(a_distance)  \
a_unique_carrier                                                      
9E               14.59            1203.76          688.91             
AA               15.33            1205.71          739.43             
AQ               15.15            1208.40          710.34             
AS               14.88            1203.02          733.02             
B6               15.43            1207.40          713.16             
CO               15.37            1206.42          713.25             
DH               15.25            1209.50          707.76             
DL               15.13            1207.90          738.72             
EV               15.00            1198.79          681.50             
F9               15.22            1208.50          686.37             
FL               15.08            1204.57          693.08             
HA               15.00            1205.94          722.55             
HP               14.80            1208.06          685.09             
MQ               15.01            1190.30          737.60             
NK               15.75            1208.19          711.36             
NW               14.69            1201.84          721.13             
OH (1)           14.63            1211.07          698.37             
OO               15.05            1198.48          697.79             
TW               14.25            1210.69          688.51             
TZ               15.41            1210.29          726.35             
UA               15.11            1207.33          707.27             
US               15.08            1209.64          719.66             
VX               15.36            1208.63          704.16             
WN               15.04            1195.02          718.90             
XE               14.83            1207.83          715.59             
YV               15.12            1208.81          679.52             

                  sum(a_taxi_out)  sum(b_air_time)  sum(a_distance)  
a_unique_carrier                                                     
9E               134539616.97     11098905379.86   6351880883.98     
AA               15962002714.84   1255033996867.67 769674585978.75   
AQ               1719768.00       137204586.62     80653984.62       
AS               842854056.21     68142116096.40   41520471112.24    
B6               543162805.10     42512109796.33   25110232373.12    
CO               2426548381.10    190523443822.73  112640014762.82   
DH               35919446.28      2848318624.88    1666741488.41     
DL               20056005215.84   1600689781247.38 978930547666.03   
EV               2478253640.65    198065437576.18  112598094231.05   
F9               79618375.76      6322373875.32    3590799639.28     
FL               477672762.66     38147373152.47   21948876338.88    
HA               56815129.53      4568509693.84    2737274746.44     
HP               366147828.51     29887634455.69   16949256278.33    
MQ               3422315361.31    271335219434.20  168140947098.43   
NK               5750149.97       440989311.94     259647101.91      
NW               3655760850.67    299147765800.10  179494282390.71   
OH (1)           224710760.14     18604178113.31   10728184524.27    
OO               4698276091.15    374026385472.51  217768733747.04   
TW               241678210.60     20540232412.22   11680991935.54    
TZ               3368801.48       264580324.40     158787055.32      
UA               11356186611.80   907463458009.65  531608124768.88   
US               8899175646.04    713715896297.49  424617270265.63   
VX               7437578.81       585357584.78     341032656.54      
WN               38260331010.09   3040262247292.10 1828968604974.89  
XE               825203306.96     67224689797.84   39828280643.13    
YV               211113865.07     16875497896.67   9486424788.30     
2023-07-12 07:58:09,779 - main.py[line:105] - INFO: ground truth:
                  sum(a_taxi_out)  avg(a_taxi_out)  sum(b_air_time)  \
a_unique_carrier                                                      
9E               142284540.12     15.33            11173140586.24     
AA               16300686048.88   15.55            1263236350723.25   
AQ               1759966.00       15.41            137234624.71       
AS               876450380.96     15.37            68708755273.38     
B6               549788787.51     15.51            42793262804.14     
CO               2485211586.17    15.63            191613223535.47    
DH               35746942.01      15.07            2848202435.65      
DL               20738744853.55   15.54            1608686034109.96   
EV               2595112426.59    15.60            200460459274.38    
F9               80439061.46      15.27            6344125870.52      
FL               495879446.36     15.55            38408814777.63     
HA               59769807.29      15.67            4590749728.71      
HP               388476481.01     15.60            30000936923.38     
MQ               3590401529.60    15.64            276410780365.79    
NK               5829780.60       15.87            441769394.49       
NW               3909682334.52    15.60            301807796014.13    
OH (1)           238510098.84     15.42            18645751639.88     
OO               4895151892.62    15.58            378599313971.27    
TW               261763968.22     15.32            20584482964.54     
TZ               3494894.20       15.89            264811610.15       
UA               11794846477.28   15.59            911710654104.45    
US               9316915599.48    15.68            715580660601.78    
VX               7390703.22       15.17            586691056.44       
WN               39755967904.82   15.52            3085646169518.35   
XE               875611219.36     15.62            67533052769.33     
YV               221860571.32     15.79            16975037496.76     

                  avg(b_air_time)  sum(a_distance)  avg(a_distance)  
a_unique_carrier                                                     
9E               1203.46          6746625346.28    726.68            
AA               1205.37          777087416304.94  741.49            
AQ               1201.24          80971279.97      708.76            
AS               1204.73          42037430883.37   737.08            
B6               1207.14          26827027097.25   756.75            
CO               1205.02          117399219829.68  738.30            
DH               1200.96          1678544713.64    707.77            
DL               1205.71          991984599921.34  743.49            
EV               1204.99          122887838715.02  738.69            
F9               1204.50          3860634311.65    732.98            
FL               1204.47          23464764525.57   735.84            
HA               1203.59          2772250304.97    726.82            
HP               1204.37          18262881042.59   733.15            
MQ               1204.29          168201520541.46  732.83            
NK               1202.96          265373521.21     722.62            
NW               1204.24          183162573964.31  730.84            
OH (1)           1205.40          11511808801.00   744.21            
OO               1204.92          231963276318.29  738.24            
TW               1205.06          12616862839.76   738.62            
TZ               1203.90          158652522.82     721.28            
UA               1204.69          556578465756.17  735.44            
US               1204.59          437180046113.38  735.94            
VX               1204.20          357991356.52     734.79            
WN               1204.64          1885240669478.28 736.00            
XE               1205.08          41407851540.77   738.90            
YV               1207.76          10681610707.48   759.99            
2023-07-12 07:58:09,788 - main.py[line:611] - INFO: relative error:
                  avg(a_distance)  avg(a_taxi_out)  avg(b_air_time)  \
a_unique_carrier                                                      
9E               0.05             0.05             0.00               
AA               0.00             0.01             0.00               
AQ               0.00             0.02             0.01               
AS               0.01             0.03             0.00               
B6               0.06             0.01             0.00               
CO               0.03             0.02             0.00               
DH               0.00             0.01             0.01               
DL               0.01             0.03             0.00               
EV               0.08             0.04             0.01               
F9               0.06             0.00             0.00               
FL               0.06             0.03             0.00               
HA               0.01             0.04             0.00               
HP               0.07             0.05             0.00               
MQ               0.01             0.04             0.01               
NK               0.02             0.01             0.00               
NW               0.01             0.06             0.00               
OH (1)           0.06             0.05             0.00               
OO               0.05             0.03             0.01               
TW               0.07             0.07             0.00               
TZ               0.01             0.03             0.01               
UA               0.04             0.03             0.00               
US               0.02             0.04             0.00               
VX               0.04             0.01             0.00               
WN               0.02             0.03             0.01               
XE               0.03             0.05             0.00               
YV               0.11             0.04             0.00               

                  sum(a_distance)  sum(a_taxi_out)  sum(b_air_time)  
a_unique_carrier                                                     
9E               0.06             0.05             0.01              
AA               0.01             0.02             0.01              
AQ               0.00             0.02             0.00              
AS               0.01             0.04             0.01              
B6               0.06             0.01             0.01              
CO               0.04             0.02             0.01              
DH               0.01             0.00             0.00              
DL               0.01             0.03             0.00              
EV               0.08             0.05             0.01              
F9               0.07             0.01             0.00              
FL               0.06             0.04             0.01              
HA               0.01             0.05             0.00              
HP               0.07             0.06             0.00              
MQ               0.00             0.05             0.02              
NK               0.02             0.01             0.00              
NW               0.02             0.06             0.01              
OH (1)           0.07             0.06             0.00              
OO               0.06             0.04             0.01              
TW               0.07             0.08             0.00              
TZ               0.00             0.04             0.00              
UA               0.04             0.04             0.00              
US               0.03             0.04             0.00              
VX               0.05             0.01             0.00              
WN               0.03             0.04             0.01              
XE               0.04             0.06             0.00              
YV               0.11             0.05             0.01              
2023-07-12 07:58:09,789 - main.py[line:612] - INFO: relative error normalized:
                  avg(a_distance)  avg(a_taxi_out)  avg(b_air_time)  \
a_unique_carrier                                                      
9E               0.05             0.05             0.00               
AA               0.00             0.01             0.00               
AQ               0.00             0.02             0.01               
AS               0.01             0.03             0.00               
B6               0.06             0.01             0.00               
CO               0.03             0.02             0.00               
DH               0.00             0.01             0.01               
DL               0.01             0.03             0.00               
EV               0.07             0.04             0.01               
F9               0.06             0.00             0.00               
FL               0.06             0.03             0.00               
HA               0.01             0.04             0.00               
HP               0.06             0.05             0.00               
MQ               0.01             0.04             0.01               
NK               0.02             0.01             0.00               
NW               0.01             0.06             0.00               
OH (1)           0.06             0.05             0.00               
OO               0.05             0.03             0.01               
TW               0.07             0.07             0.00               
TZ               0.01             0.03             0.01               
UA               0.04             0.03             0.00               
US               0.02             0.04             0.00               
VX               0.04             0.01             0.00               
WN               0.02             0.03             0.01               
XE               0.03             0.05             0.00               
YV               0.10             0.04             0.00               

                  sum(a_distance)  sum(a_taxi_out)  sum(b_air_time)  
a_unique_carrier                                                     
9E               0.06             0.05             0.01              
AA               0.01             0.02             0.01              
AQ               0.00             0.02             0.00              
AS               0.01             0.04             0.01              
B6               0.06             0.01             0.01              
CO               0.04             0.02             0.01              
DH               0.01             0.00             0.00              
DL               0.01             0.03             0.00              
EV               0.08             0.04             0.01              
F9               0.07             0.01             0.00              
FL               0.06             0.04             0.01              
HA               0.01             0.05             0.00              
HP               0.07             0.06             0.00              
MQ               0.00             0.05             0.02              
NK               0.02             0.01             0.00              
NW               0.02             0.06             0.01              
OH (1)           0.07             0.06             0.00              
OO               0.06             0.04             0.01              
TW               0.07             0.07             0.00              
TZ               0.00             0.04             0.00              
UA               0.04             0.04             0.00              
US               0.03             0.04             0.00              
VX               0.05             0.01             0.00              
WN               0.03             0.04             0.01              
XE               0.04             0.06             0.00              
YV               0.11             0.05             0.01              
2023-07-12 07:58:09,790 - main.py[line:615] - INFO: relative error average: 0.025846051494514296
2023-07-12 07:58:09,790 - main.py[line:616] - INFO: relative error normalized average: 0.025214722184184593
2023-07-12 07:58:09,790 - main.py[line:662] - INFO: total_time:3.705845871940255
rate1: 0.1; rate2: 0.01