main.py:19: FutureWarning: Passing a negative integer is deprecated in version 1.0 and will not be supported in future version. Instead, use None to not limit the column width.
  pd.set_option('max_colwidth', -1)
2023-07-12 07:59:00,033 - main.py[line:642] - INFO: load query config config/query/flights_test.json successfully
2023-07-12 07:59:00,033 - main.py[line:649] - INFO: load train config ./config/train/flights_test_a_torch_cvae.json successfully
2023-07-12 07:59:00,033 - main.py[line:649] - INFO: load train config ./config/train/flights_test_b_torch_cvae.json successfully
2023-07-12 07:59:00,033 - dataset_utils.py[line:599] - INFO: load existing dataset(light):flights-test-flight-a_a_unique_carrier_a_taxi_out#a_distance_a_unique_carrier_binary_gaussian5_0
2023-07-12 07:59:00,166 - dataset_utils.py[line:608] - INFO: load dataset(light) time elapsed:0.13249743590131402
2023-07-12 07:59:00,166 - pytorch_cvae.py[line:280] - INFO: feature info:[('a_taxi_out', 'numerical', 6), ('a_distance', 'numerical', 6), ('a_unique_carrier', 'categorical', 6)]
2023-07-12 07:59:00,167 - model_utils.py[line:75] - INFO: load model name:torch_cvae_flights-test-flight-a_a_unique_carrier_ld100_id150_bs512_ep150_0_binary_gaussian5
2023-07-12 07:59:02,469 - model_utils.py[line:86] - INFO: load torch model time elapsed:2.3018130837008357
2023-07-12 07:59:02,469 - pytorch_cvae.py[line:290] - INFO: load model time elapsed:2.4358596368692815
2023-07-12 07:59:02,469 - dataset_utils.py[line:599] - INFO: load existing dataset(light):flights-test-flight-b_b_unique_carrier_b_air_time_b_unique_carrier_binary_gaussian5_0
2023-07-12 07:59:02,532 - dataset_utils.py[line:608] - INFO: load dataset(light) time elapsed:0.06237031891942024
2023-07-12 07:59:02,532 - pytorch_cvae.py[line:280] - INFO: feature info:[('b_air_time', 'numerical', 6), ('b_unique_carrier', 'categorical', 6)]
2023-07-12 07:59:02,532 - model_utils.py[line:75] - INFO: load model name:torch_cvae_flights-test-flight-b_b_unique_carrier_ld50_id100_bs512_ep100_0_binary_gaussian5
2023-07-12 07:59:02,534 - model_utils.py[line:86] - INFO: load torch model time elapsed:0.001474667340517044
2023-07-12 07:59:02,534 - pytorch_cvae.py[line:290] - INFO: load model time elapsed:0.06462993891909719
2023-07-12 07:59:02,534 - main.py[line:572] - INFO: multi_sampling No.0 epoch
2023-07-12 07:59:03,132 - pytorch_cvae.py[line:407] - INFO: sampling time:0.5976845356635749
2023-07-12 07:59:03,164 - pytorch_cvae.py[line:407] - INFO: sampling time:0.031973464880138636
2023-07-12 07:59:03,725 - main.py[line:555] - INFO: sample and aggregation time elapsed:1.190973109100014
2023-07-12 07:59:03,728 - main.py[line:593] - INFO: sample time: 1.1940254177898169
2023-07-12 07:59:03,749 - main.py[line:104] - INFO: aqp result:
                  avg(a_taxi_out)  avg(b_air_time)  avg(a_distance)  \
a_unique_carrier                                                      
9E               14.92            1198.84          681.36             
AA               15.46            1201.17          722.72             
AQ               14.02            1207.86          698.26             
AS               15.26            1201.64          717.86             
B6               15.37            1212.05          727.33             
CO               14.93            1206.98          671.68             
DH               14.77            1201.52          709.96             
DL               15.24            1209.26          725.01             
EV               15.39            1204.83          719.80             
F9               15.69            1206.50          720.06             
FL               14.15            1205.42          691.27             
HA               15.01            1207.30          712.51             
HP               14.52            1207.16          714.96             
MQ               14.37            1206.55          713.79             
NK               14.83            1201.36          711.34             
NW               14.76            1204.87          682.49             
OH (1)           15.03            1203.41          725.53             
OO               15.29            1204.20          707.44             
TW               14.27            1208.01          717.85             
TZ               14.47            1208.53          697.42             
UA               15.05            1205.41          711.29             
US               15.07            1204.52          773.24             
VX               15.01            1204.92          669.00             
WN               15.09            1210.74          757.29             
XE               14.81            1200.48          724.43             
YV               14.56            1206.35          712.60             

                  sum(a_taxi_out)  sum(b_air_time)  sum(a_distance)  
a_unique_carrier                                                     
9E               138187036.05     11103172587.79   6310494508.99     
AA               16161174348.28   1255811455169.16 755597367562.61   
AQ               1602094.42       137991166.73     79771536.90       
AS               868034696.29     68367438676.77   40842888013.58    
B6               543429022.65     42863963156.20   25722043294.18    
CO               2368161399.97    191462295413.15  106547099415.23   
DH               34949808.39      2842468070.24    1679566054.18     
DL               20289585205.31   1609552891649.83 965003082240.66   
EV               2554340298.10    199950896735.16  119456546516.02   
F9               82427053.93      6339409086.46    3783453763.28     
FL               450087823.60     38345914167.27   21990017379.26    
HA               57113046.55      4593787703.55    2711109941.80     
HP               360810231.18     29998766996.53   17767240861.88    
MQ               3291010793.19    276265316018.23  163438424592.76   
NK               5433550.90       440107541.17     260593529.91      
NW               3689387611.88    301236002688.65  170632846878.87   
OH (1)           231909619.99     18569532389.15   11195427472.04    
OO               4792984547.98    377465217635.57  221752808984.34   
TW               243093359.41     20584953198.25   12232396989.23    
TZ               3175828.26       265207165.41     153045989.17      
UA               11362805890.84   910056716183.69  537008736359.57   
US               8933116437.31    713834831787.19  458245625518.12   
VX               7297679.70       585625648.33     325154496.66      
WN               38568955573.90   3093842575801.87 1935124593597.50  
XE               827902437.17     67113807421.27   40499839147.94    
YV               204095537.73     16914782551.47   9991641537.76     
2023-07-12 07:59:03,752 - main.py[line:105] - INFO: ground truth:
                  sum(a_taxi_out)  avg(a_taxi_out)  sum(b_air_time)  \
a_unique_carrier                                                      
9E               142284540.12     15.33            11173140586.24     
AA               16300686048.88   15.55            1263236350723.25   
AQ               1759966.00       15.41            137234624.71       
AS               876450380.96     15.37            68708755273.38     
B6               549788787.51     15.51            42793262804.14     
CO               2485211586.17    15.63            191613223535.47    
DH               35746942.01      15.07            2848202435.65      
DL               20738744853.55   15.54            1608686034109.96   
EV               2595112426.59    15.60            200460459274.38    
F9               80439061.46      15.27            6344125870.52      
FL               495879446.36     15.55            38408814777.63     
HA               59769807.29      15.67            4590749728.71      
HP               388476481.01     15.60            30000936923.38     
MQ               3590401529.60    15.64            276410780365.79    
NK               5829780.60       15.87            441769394.49       
NW               3909682334.52    15.60            301807796014.13    
OH (1)           238510098.84     15.42            18645751639.88     
OO               4895151892.62    15.58            378599313971.27    
TW               261763968.22     15.32            20584482964.54     
TZ               3494894.20       15.89            264811610.15       
UA               11794846477.28   15.59            911710654104.45    
US               9316915599.48    15.68            715580660601.78    
VX               7390703.22       15.17            586691056.44       
WN               39755967904.82   15.52            3085646169518.35   
XE               875611219.36     15.62            67533052769.33     
YV               221860571.32     15.79            16975037496.76     

                  avg(b_air_time)  sum(a_distance)  avg(a_distance)  
a_unique_carrier                                                     
9E               1203.46          6746625346.28    726.68            
AA               1205.37          777087416304.94  741.49            
AQ               1201.24          80971279.97      708.76            
AS               1204.73          42037430883.37   737.08            
B6               1207.14          26827027097.25   756.75            
CO               1205.02          117399219829.68  738.30            
DH               1200.96          1678544713.64    707.77            
DL               1205.71          991984599921.34  743.49            
EV               1204.99          122887838715.02  738.69            
F9               1204.50          3860634311.65    732.98            
FL               1204.47          23464764525.57   735.84            
HA               1203.59          2772250304.97    726.82            
HP               1204.37          18262881042.59   733.15            
MQ               1204.29          168201520541.46  732.83            
NK               1202.96          265373521.21     722.62            
NW               1204.24          183162573964.31  730.84            
OH (1)           1205.40          11511808801.00   744.21            
OO               1204.92          231963276318.29  738.24            
TW               1205.06          12616862839.76   738.62            
TZ               1203.90          158652522.82     721.28            
UA               1204.69          556578465756.17  735.44            
US               1204.59          437180046113.38  735.94            
VX               1204.20          357991356.52     734.79            
WN               1204.64          1885240669478.28 736.00            
XE               1205.08          41407851540.77   738.90            
YV               1207.76          10681610707.48   759.99            
2023-07-12 07:59:03,761 - main.py[line:611] - INFO: relative error:
                  avg(a_distance)  avg(a_taxi_out)  avg(b_air_time)  \
a_unique_carrier                                                      
9E               0.06             0.03             0.00               
AA               0.03             0.01             0.00               
AQ               0.01             0.09             0.01               
AS               0.03             0.01             0.00               
B6               0.04             0.01             0.00               
CO               0.09             0.04             0.00               
DH               0.00             0.02             0.00               
DL               0.02             0.02             0.00               
EV               0.03             0.01             0.00               
F9               0.02             0.03             0.00               
FL               0.06             0.09             0.00               
HA               0.02             0.04             0.00               
HP               0.02             0.07             0.00               
MQ               0.03             0.08             0.00               
NK               0.02             0.07             0.00               
NW               0.07             0.05             0.00               
OH (1)           0.03             0.03             0.00               
OO               0.04             0.02             0.00               
TW               0.03             0.07             0.00               
TZ               0.03             0.09             0.00               
UA               0.03             0.03             0.00               
US               0.05             0.04             0.00               
VX               0.09             0.01             0.00               
WN               0.03             0.03             0.01               
XE               0.02             0.05             0.00               
YV               0.06             0.08             0.00               

                  sum(a_distance)  sum(a_taxi_out)  sum(b_air_time)  
a_unique_carrier                                                     
9E               0.06             0.03             0.01              
AA               0.03             0.01             0.01              
AQ               0.01             0.09             0.01              
AS               0.03             0.01             0.00              
B6               0.04             0.01             0.00              
CO               0.09             0.05             0.00              
DH               0.00             0.02             0.00              
DL               0.03             0.02             0.00              
EV               0.03             0.02             0.00              
F9               0.02             0.02             0.00              
FL               0.06             0.09             0.00              
HA               0.02             0.04             0.00              
HP               0.03             0.07             0.00              
MQ               0.03             0.08             0.00              
NK               0.02             0.07             0.00              
NW               0.07             0.06             0.00              
OH (1)           0.03             0.03             0.00              
OO               0.04             0.02             0.00              
TW               0.03             0.07             0.00              
TZ               0.04             0.09             0.00              
UA               0.04             0.04             0.00              
US               0.05             0.04             0.00              
VX               0.09             0.01             0.00              
WN               0.03             0.03             0.00              
XE               0.02             0.05             0.01              
YV               0.06             0.08             0.00              
2023-07-12 07:59:03,763 - main.py[line:612] - INFO: relative error normalized:
                  avg(a_distance)  avg(a_taxi_out)  avg(b_air_time)  \
a_unique_carrier                                                      
9E               0.06             0.03             0.00               
AA               0.02             0.01             0.00               
AQ               0.01             0.09             0.01               
AS               0.03             0.01             0.00               
B6               0.04             0.01             0.00               
CO               0.09             0.04             0.00               
DH               0.00             0.02             0.00               
DL               0.02             0.02             0.00               
EV               0.03             0.01             0.00               
F9               0.02             0.03             0.00               
FL               0.06             0.09             0.00               
HA               0.02             0.04             0.00               
HP               0.02             0.07             0.00               
MQ               0.03             0.08             0.00               
NK               0.02             0.06             0.00               
NW               0.06             0.05             0.00               
OH (1)           0.02             0.02             0.00               
OO               0.04             0.02             0.00               
TW               0.03             0.07             0.00               
TZ               0.03             0.09             0.00               
UA               0.03             0.03             0.00               
US               0.05             0.04             0.00               
VX               0.09             0.01             0.00               
WN               0.03             0.03             0.01               
XE               0.02             0.05             0.00               
YV               0.06             0.07             0.00               

                  sum(a_distance)  sum(a_taxi_out)  sum(b_air_time)  
a_unique_carrier                                                     
9E               0.06             0.03             0.01              
AA               0.03             0.01             0.01              
AQ               0.01             0.09             0.01              
AS               0.03             0.01             0.00              
B6               0.04             0.01             0.00              
CO               0.09             0.05             0.00              
DH               0.00             0.02             0.00              
DL               0.03             0.02             0.00              
EV               0.03             0.02             0.00              
F9               0.02             0.02             0.00              
FL               0.06             0.09             0.00              
HA               0.02             0.04             0.00              
HP               0.03             0.07             0.00              
MQ               0.03             0.08             0.00              
NK               0.02             0.07             0.00              
NW               0.07             0.05             0.00              
OH (1)           0.03             0.03             0.00              
OO               0.04             0.02             0.00              
TW               0.03             0.07             0.00              
TZ               0.03             0.09             0.00              
UA               0.03             0.04             0.00              
US               0.05             0.04             0.00              
VX               0.09             0.01             0.00              
WN               0.03             0.03             0.00              
XE               0.02             0.05             0.01              
YV               0.06             0.08             0.00              
2023-07-12 07:59:03,763 - main.py[line:615] - INFO: relative error average: 0.027840057330347865
2023-07-12 07:59:03,763 - main.py[line:616] - INFO: relative error normalized average: 0.027093571654700107
2023-07-12 07:59:03,764 - main.py[line:662] - INFO: total_time:3.7305025500245392
rate1: 0.03162277660168379; rate2: 0.03162277660168379