main.py:19: FutureWarning: Passing a negative integer is deprecated in version 1.0 and will not be supported in future version. Instead, use None to not limit the column width.
  pd.set_option('max_colwidth', -1)
2023-07-12 07:59:54,142 - main.py[line:642] - INFO: load query config config/query/flights_test.json successfully
2023-07-12 07:59:54,143 - main.py[line:649] - INFO: load train config ./config/train/flights_test_a_torch_cvae.json successfully
2023-07-12 07:59:54,143 - main.py[line:649] - INFO: load train config ./config/train/flights_test_b_torch_cvae.json successfully
2023-07-12 07:59:54,143 - dataset_utils.py[line:599] - INFO: load existing dataset(light):flights-test-flight-a_a_unique_carrier_a_taxi_out#a_distance_a_unique_carrier_binary_gaussian5_0
2023-07-12 07:59:54,278 - dataset_utils.py[line:608] - INFO: load dataset(light) time elapsed:0.13483049813658
2023-07-12 07:59:54,278 - pytorch_cvae.py[line:280] - INFO: feature info:[('a_taxi_out', 'numerical', 6), ('a_distance', 'numerical', 6), ('a_unique_carrier', 'categorical', 6)]
2023-07-12 07:59:54,279 - model_utils.py[line:75] - INFO: load model name:torch_cvae_flights-test-flight-a_a_unique_carrier_ld100_id150_bs512_ep150_0_binary_gaussian5
2023-07-12 07:59:56,585 - model_utils.py[line:86] - INFO: load torch model time elapsed:2.3064995468594134
2023-07-12 07:59:56,586 - pytorch_cvae.py[line:290] - INFO: load model time elapsed:2.442864784039557
2023-07-12 07:59:56,586 - dataset_utils.py[line:599] - INFO: load existing dataset(light):flights-test-flight-b_b_unique_carrier_b_air_time_b_unique_carrier_binary_gaussian5_0
2023-07-12 07:59:56,647 - dataset_utils.py[line:608] - INFO: load dataset(light) time elapsed:0.061584606766700745
2023-07-12 07:59:56,647 - pytorch_cvae.py[line:280] - INFO: feature info:[('b_air_time', 'numerical', 6), ('b_unique_carrier', 'categorical', 6)]
2023-07-12 07:59:56,648 - model_utils.py[line:75] - INFO: load model name:torch_cvae_flights-test-flight-b_b_unique_carrier_ld50_id100_bs512_ep100_0_binary_gaussian5
2023-07-12 07:59:56,649 - model_utils.py[line:86] - INFO: load torch model time elapsed:0.001465104054659605
2023-07-12 07:59:56,649 - pytorch_cvae.py[line:290] - INFO: load model time elapsed:0.06384083675220609
2023-07-12 07:59:56,649 - main.py[line:572] - INFO: multi_sampling No.0 epoch
2023-07-12 07:59:57,226 - pytorch_cvae.py[line:407] - INFO: sampling time:0.5760488891974092
2023-07-12 07:59:57,307 - pytorch_cvae.py[line:407] - INFO: sampling time:0.08098538918420672
2023-07-12 07:59:57,815 - main.py[line:555] - INFO: sample and aggregation time elapsed:1.1650010938756168
2023-07-12 07:59:57,818 - main.py[line:593] - INFO: sample time: 1.1680778609588742
2023-07-12 07:59:57,840 - main.py[line:104] - INFO: aqp result:
                  avg(a_taxi_out)  avg(b_air_time)  avg(a_distance)  \
a_unique_carrier                                                      
9E               14.66            1202.61          704.48             
AA               14.93            1203.91          692.24             
AQ               14.08            1202.47          754.77             
AS               16.24            1208.91          689.01             
B6               14.91            1207.14          713.51             
CO               15.28            1205.69          726.42             
DH               14.94            1206.07          679.62             
DL               16.73            1208.87          861.05             
EV               14.08            1207.65          655.88             
F9               16.29            1203.88          728.94             
FL               13.99            1204.00          730.17             
HA               14.99            1203.52          704.90             
HP               14.91            1207.54          729.85             
MQ               14.45            1207.80          763.13             
NK               14.36            1199.39          688.41             
NW               16.00            1210.40          729.96             
OH (1)           15.34            1205.67          722.35             
OO               14.50            1206.32          729.79             
TW               14.69            1205.00          745.05             
TZ               15.51            1205.13          720.19             
UA               15.24            1205.01          764.30             
US               16.09            1203.82          720.24             
VX               14.16            1201.25          599.33             
WN               15.42            1203.85          654.18             
XE               15.57            1205.94          741.06             
YV               14.94            1204.36          757.10             

                  sum(a_taxi_out)  sum(b_air_time)  sum(a_distance)  
a_unique_carrier                                                     
9E               135196259.52     11088301137.26   6495463211.76     
AA               15540148649.48   1253093760804.50 720524535759.69   
AQ               1599050.02       136538998.99     85702414.82       
AS               919658667.62     68472987547.84   39025599163.80    
B6               524884772.12     42501116476.94   25121562200.88    
CO               2413593518.75    190410230972.55  114720367559.62   
DH               35176068.69      2840263026.76    1600479050.87     
DL               22166306407.29   1601975609134.52 1141057803899.04  
EV               2327012478.75    199530819042.99  108365442848.95   
F9               85218089.88      6297632865.91    3813167196.20     
FL               443142819.19     38129376744.99   23123591642.97    
HA               56797599.38      4559116505.84    2670289472.78     
HP               368993659.02     29877581030.50   18058403209.02    
MQ               3294859180.29    275337118360.86  173968229847.36   
NK               5241232.13       437776824.48     251270508.22      
NW               3983024108.46    301279090332.04  181692236706.88   
OH (1)           235658337.97     18521322788.52   11096590531.83    
OO               4526353329.13    376471443923.79  227753902388.88   
TW               249182476.96     20440762156.93   12638444751.01    
TZ               3392672.08       263609077.66     157535016.29      
UA               11452344731.96   905724098053.21  574470907296.56   
US               9494714098.34    710312030563.34  424977652173.58   
VX               6856353.60       581659668.74     290201052.84      
WN               39231336971.66   3062730494029.81 1664306010884.14  
XE               866745059.33     67122917267.22   41247661658.34    
YV               208579225.72     16811929212.53   10568533918.79    
2023-07-12 07:59:57,844 - main.py[line:105] - INFO: ground truth:
                  sum(a_taxi_out)  avg(a_taxi_out)  sum(b_air_time)  \
a_unique_carrier                                                      
9E               142284540.12     15.33            11173140586.24     
AA               16300686048.88   15.55            1263236350723.25   
AQ               1759966.00       15.41            137234624.71       
AS               876450380.96     15.37            68708755273.38     
B6               549788787.51     15.51            42793262804.14     
CO               2485211586.17    15.63            191613223535.47    
DH               35746942.01      15.07            2848202435.65      
DL               20738744853.55   15.54            1608686034109.96   
EV               2595112426.59    15.60            200460459274.38    
F9               80439061.46      15.27            6344125870.52      
FL               495879446.36     15.55            38408814777.63     
HA               59769807.29      15.67            4590749728.71      
HP               388476481.01     15.60            30000936923.38     
MQ               3590401529.60    15.64            276410780365.79    
NK               5829780.60       15.87            441769394.49       
NW               3909682334.52    15.60            301807796014.13    
OH (1)           238510098.84     15.42            18645751639.88     
OO               4895151892.62    15.58            378599313971.27    
TW               261763968.22     15.32            20584482964.54     
TZ               3494894.20       15.89            264811610.15       
UA               11794846477.28   15.59            911710654104.45    
US               9316915599.48    15.68            715580660601.78    
VX               7390703.22       15.17            586691056.44       
WN               39755967904.82   15.52            3085646169518.35   
XE               875611219.36     15.62            67533052769.33     
YV               221860571.32     15.79            16975037496.76     

                  avg(b_air_time)  sum(a_distance)  avg(a_distance)  
a_unique_carrier                                                     
9E               1203.46          6746625346.28    726.68            
AA               1205.37          777087416304.94  741.49            
AQ               1201.24          80971279.97      708.76            
AS               1204.73          42037430883.37   737.08            
B6               1207.14          26827027097.25   756.75            
CO               1205.02          117399219829.68  738.30            
DH               1200.96          1678544713.64    707.77            
DL               1205.71          991984599921.34  743.49            
EV               1204.99          122887838715.02  738.69            
F9               1204.50          3860634311.65    732.98            
FL               1204.47          23464764525.57   735.84            
HA               1203.59          2772250304.97    726.82            
HP               1204.37          18262881042.59   733.15            
MQ               1204.29          168201520541.46  732.83            
NK               1202.96          265373521.21     722.62            
NW               1204.24          183162573964.31  730.84            
OH (1)           1205.40          11511808801.00   744.21            
OO               1204.92          231963276318.29  738.24            
TW               1205.06          12616862839.76   738.62            
TZ               1203.90          158652522.82     721.28            
UA               1204.69          556578465756.17  735.44            
US               1204.59          437180046113.38  735.94            
VX               1204.20          357991356.52     734.79            
WN               1204.64          1885240669478.28 736.00            
XE               1205.08          41407851540.77   738.90            
YV               1207.76          10681610707.48   759.99            
2023-07-12 07:59:57,854 - main.py[line:611] - INFO: relative error:
                  avg(a_distance)  avg(a_taxi_out)  avg(b_air_time)  \
a_unique_carrier                                                      
9E               0.03             0.04             0.00               
AA               0.07             0.04             0.00               
AQ               0.06             0.09             0.00               
AS               0.07             0.06             0.00               
B6               0.06             0.04             0.00               
CO               0.02             0.02             0.00               
DH               0.04             0.01             0.00               
DL               0.16             0.08             0.00               
EV               0.11             0.10             0.00               
F9               0.01             0.07             0.00               
FL               0.01             0.10             0.00               
HA               0.03             0.04             0.00               
HP               0.00             0.04             0.00               
MQ               0.04             0.08             0.00               
NK               0.05             0.10             0.00               
NW               0.00             0.03             0.01               
OH (1)           0.03             0.01             0.00               
OO               0.01             0.07             0.00               
TW               0.01             0.04             0.00               
TZ               0.00             0.02             0.00               
UA               0.04             0.02             0.00               
US               0.02             0.03             0.00               
VX               0.18             0.07             0.00               
WN               0.11             0.01             0.00               
XE               0.00             0.00             0.00               
YV               0.00             0.05             0.00               

                  sum(a_distance)  sum(a_taxi_out)  sum(b_air_time)  
a_unique_carrier                                                     
9E               0.04             0.05             0.01              
AA               0.07             0.05             0.01              
AQ               0.06             0.09             0.01              
AS               0.07             0.05             0.00              
B6               0.06             0.05             0.01              
CO               0.02             0.03             0.01              
DH               0.05             0.02             0.00              
DL               0.15             0.07             0.00              
EV               0.12             0.10             0.00              
F9               0.01             0.06             0.01              
FL               0.01             0.11             0.01              
HA               0.04             0.05             0.01              
HP               0.01             0.05             0.00              
MQ               0.03             0.08             0.00              
NK               0.05             0.10             0.01              
NW               0.01             0.02             0.00              
OH (1)           0.04             0.01             0.01              
OO               0.02             0.08             0.01              
TW               0.00             0.05             0.01              
TZ               0.01             0.03             0.00              
UA               0.03             0.03             0.01              
US               0.03             0.02             0.01              
VX               0.19             0.07             0.01              
WN               0.12             0.01             0.01              
XE               0.00             0.01             0.01              
YV               0.01             0.06             0.01              
2023-07-12 07:59:57,855 - main.py[line:612] - INFO: relative error normalized:
                  avg(a_distance)  avg(a_taxi_out)  avg(b_air_time)  \
a_unique_carrier                                                      
9E               0.03             0.04             0.00               
AA               0.06             0.04             0.00               
AQ               0.06             0.08             0.00               
AS               0.06             0.06             0.00               
B6               0.06             0.04             0.00               
CO               0.02             0.02             0.00               
DH               0.04             0.01             0.00               
DL               0.15             0.07             0.00               
EV               0.11             0.09             0.00               
F9               0.01             0.06             0.00               
FL               0.01             0.10             0.00               
HA               0.03             0.04             0.00               
HP               0.00             0.04             0.00               
MQ               0.04             0.07             0.00               
NK               0.05             0.09             0.00               
NW               0.00             0.03             0.01               
OH (1)           0.03             0.01             0.00               
OO               0.01             0.07             0.00               
TW               0.01             0.04             0.00               
TZ               0.00             0.02             0.00               
UA               0.04             0.02             0.00               
US               0.02             0.03             0.00               
VX               0.17             0.06             0.00               
WN               0.11             0.01             0.00               
XE               0.00             0.00             0.00               
YV               0.00             0.05             0.00               

                  sum(a_distance)  sum(a_taxi_out)  sum(b_air_time)  
a_unique_carrier                                                     
9E               0.04             0.05             0.01              
AA               0.07             0.05             0.01              
AQ               0.06             0.09             0.01              
AS               0.07             0.05             0.00              
B6               0.06             0.04             0.01              
CO               0.02             0.03             0.01              
DH               0.05             0.02             0.00              
DL               0.14             0.07             0.00              
EV               0.11             0.10             0.00              
F9               0.01             0.06             0.01              
FL               0.01             0.10             0.01              
HA               0.04             0.05             0.01              
HP               0.01             0.05             0.00              
MQ               0.03             0.08             0.00              
NK               0.05             0.10             0.01              
NW               0.01             0.02             0.00              
OH (1)           0.04             0.01             0.01              
OO               0.02             0.07             0.01              
TW               0.00             0.05             0.01              
TZ               0.01             0.03             0.00              
UA               0.03             0.03             0.01              
US               0.03             0.02             0.01              
VX               0.17             0.07             0.01              
WN               0.11             0.01             0.01              
XE               0.00             0.01             0.01              
YV               0.01             0.06             0.01              
2023-07-12 07:59:57,856 - main.py[line:615] - INFO: relative error average: 0.03326692242791085
2023-07-12 07:59:57,856 - main.py[line:616] - INFO: relative error normalized average: 0.0320263488079585
2023-07-12 07:59:57,856 - main.py[line:662] - INFO: total_time:3.713990026153624
rate1: 0.01; rate2: 0.1