main.py:19: FutureWarning: Passing a negative integer is deprecated in version 1.0 and will not be supported in future version. Instead, use None to not limit the column width.
  pd.set_option('max_colwidth', -1)
2023-07-12 08:00:21,012 - main.py[line:642] - INFO: load query config config/query/flights_test.json successfully
2023-07-12 08:00:21,012 - main.py[line:649] - INFO: load train config ./config/train/flights_test_a_torch_cvae.json successfully
2023-07-12 08:00:21,012 - main.py[line:649] - INFO: load train config ./config/train/flights_test_b_torch_cvae.json successfully
2023-07-12 08:00:21,012 - dataset_utils.py[line:599] - INFO: load existing dataset(light):flights-test-flight-a_a_unique_carrier_a_taxi_out#a_distance_a_unique_carrier_binary_gaussian5_0
2023-07-12 08:00:21,144 - dataset_utils.py[line:608] - INFO: load dataset(light) time elapsed:0.13160513015463948
2023-07-12 08:00:21,144 - pytorch_cvae.py[line:280] - INFO: feature info:[('a_taxi_out', 'numerical', 6), ('a_distance', 'numerical', 6), ('a_unique_carrier', 'categorical', 6)]
2023-07-12 08:00:21,145 - model_utils.py[line:75] - INFO: load model name:torch_cvae_flights-test-flight-a_a_unique_carrier_ld100_id150_bs512_ep150_0_binary_gaussian5
2023-07-12 08:00:23,427 - model_utils.py[line:86] - INFO: load torch model time elapsed:2.28187573608011
2023-07-12 08:00:23,427 - pytorch_cvae.py[line:290] - INFO: load model time elapsed:2.415030953940004
2023-07-12 08:00:23,427 - dataset_utils.py[line:599] - INFO: load existing dataset(light):flights-test-flight-b_b_unique_carrier_b_air_time_b_unique_carrier_binary_gaussian5_0
2023-07-12 08:00:23,490 - dataset_utils.py[line:608] - INFO: load dataset(light) time elapsed:0.06296129710972309
2023-07-12 08:00:23,490 - pytorch_cvae.py[line:280] - INFO: feature info:[('b_air_time', 'numerical', 6), ('b_unique_carrier', 'categorical', 6)]
2023-07-12 08:00:23,491 - model_utils.py[line:75] - INFO: load model name:torch_cvae_flights-test-flight-b_b_unique_carrier_ld50_id100_bs512_ep100_0_binary_gaussian5
2023-07-12 08:00:23,492 - model_utils.py[line:86] - INFO: load torch model time elapsed:0.0014723981730639935
2023-07-12 08:00:23,492 - pytorch_cvae.py[line:290] - INFO: load model time elapsed:0.06522701308131218
2023-07-12 08:00:23,492 - main.py[line:572] - INFO: multi_sampling No.0 epoch
2023-07-12 08:00:24,063 - pytorch_cvae.py[line:407] - INFO: sampling time:0.5698492024093866
2023-07-12 08:00:24,197 - pytorch_cvae.py[line:407] - INFO: sampling time:0.13453968428075314
2023-07-12 08:00:24,664 - main.py[line:555] - INFO: sample and aggregation time elapsed:1.171174590010196
2023-07-12 08:00:24,667 - main.py[line:593] - INFO: sample time: 1.1742951977066696
2023-07-12 08:00:24,688 - main.py[line:104] - INFO: aqp result:
                  avg(a_taxi_out)  avg(b_air_time)  avg(a_distance)  \
a_unique_carrier                                                      
9E               16.67            1207.49          747.10             
AA               13.46            1206.49          654.11             
AQ               15.78            1203.84          800.72             
AS               14.71            1204.31          820.38             
B6               14.04            1207.41          667.05             
CO               14.87            1205.20          735.14             
DH               17.93            1203.47          748.01             
DL               17.54            1208.70          777.27             
EV               15.91            1206.43          714.21             
F9               16.03            1206.99          724.47             
FL               15.85            1204.19          684.99             
HA               15.68            1205.68          758.21             
HP               14.95            1205.63          696.89             
MQ               15.93            1205.47          599.52             
NK               14.66            1203.46          710.77             
NW               14.85            1204.89          661.36             
OH (1)           14.02            1203.31          768.41             
OO               15.28            1204.77          740.74             
TW               14.96            1203.62          779.69             
TZ               13.42            1210.20          721.13             
UA               13.79            1203.67          745.15             
US               16.02            1205.80          780.81             
VX               14.47            1203.10          701.28             
WN               14.57            1204.26          837.94             
XE               15.24            1205.58          704.20             
YV               16.37            1204.44          695.20             

                  sum(a_taxi_out)  sum(b_air_time)  sum(a_distance)  
a_unique_carrier                                                     
9E               152421232.66     11039607109.75   6830427246.27     
AA               13888626905.60   1245142770962.84 675064511280.11   
AQ               1776198.26       135484325.57     90115435.88       
AS               826347519.66     67638188599.19   46075132107.33    
B6               490284419.15     42150284410.20   23286595617.45    
CO               2327979057.28    188719441713.79  115113622036.10   
DH               41869920.22      2810909997.75    1747112192.36     
DL               23051857782.15   1588505292139.82 1021506191003.28  
EV               2606305635.51    197639186852.02  117003034316.57   
F9               83182120.34      6262640763.80    3758981233.48     
FL               497683323.72     37814250840.77   21510316370.67    
HA               58910072.56      4530257642.71    2848913253.86     
HP               366757112.39     29582148044.14   17099407662.55    
MQ               3600576113.61    272535224656.60  135540892801.47   
NK               5303758.84       435373800.99     257134133.54      
NW               3665819332.43    297366026743.80  163222967180.37   
OH (1)           213595457.06     18329580088.67   11704866599.55    
OO               4730261395.29    372879507049.68  229261385513.71   
TW               251662404.16     20240947491.27   13111871381.47    
TZ               2912120.57       262554153.28     156450776.54      
UA               10278988861.39   897051622695.03  555334379859.10   
US               9373369595.41    705561479011.87  456885024524.68   
VX               6944081.09       577273690.73     336490455.55      
WN               36749867688.93   3038457395240.82 2114197659128.59  
XE               841509131.77     66548048718.57   38871946997.66    
YV               226560299.71     16670374866.07   9622164681.44     
2023-07-12 08:00:24,691 - main.py[line:105] - INFO: ground truth:
                  sum(a_taxi_out)  avg(a_taxi_out)  sum(b_air_time)  \
a_unique_carrier                                                      
9E               142284540.12     15.33            11173140586.24     
AA               16300686048.88   15.55            1263236350723.25   
AQ               1759966.00       15.41            137234624.71       
AS               876450380.96     15.37            68708755273.38     
B6               549788787.51     15.51            42793262804.14     
CO               2485211586.17    15.63            191613223535.47    
DH               35746942.01      15.07            2848202435.65      
DL               20738744853.55   15.54            1608686034109.96   
EV               2595112426.59    15.60            200460459274.38    
F9               80439061.46      15.27            6344125870.52      
FL               495879446.36     15.55            38408814777.63     
HA               59769807.29      15.67            4590749728.71      
HP               388476481.01     15.60            30000936923.38     
MQ               3590401529.60    15.64            276410780365.79    
NK               5829780.60       15.87            441769394.49       
NW               3909682334.52    15.60            301807796014.13    
OH (1)           238510098.84     15.42            18645751639.88     
OO               4895151892.62    15.58            378599313971.27    
TW               261763968.22     15.32            20584482964.54     
TZ               3494894.20       15.89            264811610.15       
UA               11794846477.28   15.59            911710654104.45    
US               9316915599.48    15.68            715580660601.78    
VX               7390703.22       15.17            586691056.44       
WN               39755967904.82   15.52            3085646169518.35   
XE               875611219.36     15.62            67533052769.33     
YV               221860571.32     15.79            16975037496.76     

                  avg(b_air_time)  sum(a_distance)  avg(a_distance)  
a_unique_carrier                                                     
9E               1203.46          6746625346.28    726.68            
AA               1205.37          777087416304.94  741.49            
AQ               1201.24          80971279.97      708.76            
AS               1204.73          42037430883.37   737.08            
B6               1207.14          26827027097.25   756.75            
CO               1205.02          117399219829.68  738.30            
DH               1200.96          1678544713.64    707.77            
DL               1205.71          991984599921.34  743.49            
EV               1204.99          122887838715.02  738.69            
F9               1204.50          3860634311.65    732.98            
FL               1204.47          23464764525.57   735.84            
HA               1203.59          2772250304.97    726.82            
HP               1204.37          18262881042.59   733.15            
MQ               1204.29          168201520541.46  732.83            
NK               1202.96          265373521.21     722.62            
NW               1204.24          183162573964.31  730.84            
OH (1)           1205.40          11511808801.00   744.21            
OO               1204.92          231963276318.29  738.24            
TW               1205.06          12616862839.76   738.62            
TZ               1203.90          158652522.82     721.28            
UA               1204.69          556578465756.17  735.44            
US               1204.59          437180046113.38  735.94            
VX               1204.20          357991356.52     734.79            
WN               1204.64          1885240669478.28 736.00            
XE               1205.08          41407851540.77   738.90            
YV               1207.76          10681610707.48   759.99            
2023-07-12 08:00:24,700 - main.py[line:611] - INFO: relative error:
                  avg(a_distance)  avg(a_taxi_out)  avg(b_air_time)  \
a_unique_carrier                                                      
9E               0.03             0.09             0.00               
AA               0.12             0.13             0.00               
AQ               0.13             0.02             0.00               
AS               0.11             0.04             0.00               
B6               0.12             0.09             0.00               
CO               0.00             0.05             0.00               
DH               0.06             0.19             0.00               
DL               0.05             0.13             0.00               
EV               0.03             0.02             0.00               
F9               0.01             0.05             0.00               
FL               0.07             0.02             0.00               
HA               0.04             0.00             0.00               
HP               0.05             0.04             0.00               
MQ               0.18             0.02             0.00               
NK               0.02             0.08             0.00               
NW               0.10             0.05             0.00               
OH (1)           0.03             0.09             0.00               
OO               0.00             0.02             0.00               
TW               0.06             0.02             0.00               
TZ               0.00             0.16             0.01               
UA               0.01             0.12             0.00               
US               0.06             0.02             0.00               
VX               0.05             0.05             0.00               
WN               0.14             0.06             0.00               
XE               0.05             0.02             0.00               
YV               0.09             0.04             0.00               

                  sum(a_distance)  sum(a_taxi_out)  sum(b_air_time)  
a_unique_carrier                                                     
9E               0.01             0.07             0.01              
AA               0.13             0.15             0.01              
AQ               0.11             0.01             0.01              
AS               0.10             0.06             0.02              
B6               0.13             0.11             0.02              
CO               0.02             0.06             0.02              
DH               0.04             0.17             0.01              
DL               0.03             0.11             0.01              
EV               0.05             0.00             0.01              
F9               0.03             0.03             0.01              
FL               0.08             0.00             0.02              
HA               0.03             0.01             0.01              
HP               0.06             0.06             0.01              
MQ               0.19             0.00             0.01              
NK               0.03             0.09             0.01              
NW               0.11             0.06             0.01              
OH (1)           0.02             0.10             0.02              
OO               0.01             0.03             0.02              
TW               0.04             0.04             0.02              
TZ               0.01             0.17             0.01              
UA               0.00             0.13             0.02              
US               0.05             0.01             0.01              
VX               0.06             0.06             0.02              
WN               0.12             0.08             0.02              
XE               0.06             0.04             0.01              
YV               0.10             0.02             0.02              
2023-07-12 08:00:24,702 - main.py[line:612] - INFO: relative error normalized:
                  avg(a_distance)  avg(a_taxi_out)  avg(b_air_time)  \
a_unique_carrier                                                      
9E               0.03             0.08             0.00               
AA               0.11             0.13             0.00               
AQ               0.12             0.02             0.00               
AS               0.11             0.04             0.00               
B6               0.11             0.09             0.00               
CO               0.00             0.05             0.00               
DH               0.06             0.17             0.00               
DL               0.04             0.12             0.00               
EV               0.03             0.02             0.00               
F9               0.01             0.05             0.00               
FL               0.07             0.02             0.00               
HA               0.04             0.00             0.00               
HP               0.05             0.04             0.00               
MQ               0.17             0.02             0.00               
NK               0.02             0.07             0.00               
NW               0.09             0.05             0.00               
OH (1)           0.03             0.09             0.00               
OO               0.00             0.02             0.00               
TW               0.05             0.02             0.00               
TZ               0.00             0.14             0.01               
UA               0.01             0.11             0.00               
US               0.06             0.02             0.00               
VX               0.04             0.04             0.00               
WN               0.13             0.06             0.00               
XE               0.05             0.02             0.00               
YV               0.08             0.04             0.00               

                  sum(a_distance)  sum(a_taxi_out)  sum(b_air_time)  
a_unique_carrier                                                     
9E               0.01             0.07             0.01              
AA               0.12             0.14             0.01              
AQ               0.11             0.01             0.01              
AS               0.09             0.06             0.02              
B6               0.12             0.10             0.01              
CO               0.02             0.06             0.01              
DH               0.04             0.16             0.01              
DL               0.03             0.11             0.01              
EV               0.05             0.00             0.01              
F9               0.03             0.03             0.01              
FL               0.08             0.00             0.02              
HA               0.03             0.01             0.01              
HP               0.06             0.05             0.01              
MQ               0.18             0.00             0.01              
NK               0.03             0.09             0.01              
NW               0.10             0.06             0.01              
OH (1)           0.02             0.10             0.02              
OO               0.01             0.03             0.01              
TW               0.04             0.04             0.02              
TZ               0.01             0.15             0.01              
UA               0.00             0.12             0.02              
US               0.04             0.01             0.01              
VX               0.06             0.06             0.02              
WN               0.11             0.07             0.02              
XE               0.06             0.04             0.01              
YV               0.09             0.02             0.02              
2023-07-12 08:00:24,702 - main.py[line:615] - INFO: relative error average: 0.04443866086487262
2023-07-12 08:00:24,702 - main.py[line:616] - INFO: relative error normalized average: 0.042420703255708576
2023-07-12 08:00:24,703 - main.py[line:662] - INFO: total_time:3.691436365712434
rate1: 0.005; rate2: 0.2