main.py:19: FutureWarning: Passing a negative integer is deprecated in version 1.0 and will not be supported in future version. Instead, use None to not limit the column width.
  pd.set_option('max_colwidth', -1)
2023-07-12 08:00:34,449 - main.py[line:642] - INFO: load query config config/query/flights_test.json successfully
2023-07-12 08:00:34,449 - main.py[line:649] - INFO: load train config ./config/train/flights_test_a_torch_cvae.json successfully
2023-07-12 08:00:34,449 - main.py[line:649] - INFO: load train config ./config/train/flights_test_b_torch_cvae.json successfully
2023-07-12 08:00:34,449 - dataset_utils.py[line:599] - INFO: load existing dataset(light):flights-test-flight-a_a_unique_carrier_a_taxi_out#a_distance_a_unique_carrier_binary_gaussian5_0
2023-07-12 08:00:34,581 - dataset_utils.py[line:608] - INFO: load dataset(light) time elapsed:0.13183213118463755
2023-07-12 08:00:34,581 - pytorch_cvae.py[line:280] - INFO: feature info:[('a_taxi_out', 'numerical', 6), ('a_distance', 'numerical', 6), ('a_unique_carrier', 'categorical', 6)]
2023-07-12 08:00:34,582 - model_utils.py[line:75] - INFO: load model name:torch_cvae_flights-test-flight-a_a_unique_carrier_ld100_id150_bs512_ep150_0_binary_gaussian5
2023-07-12 08:00:36,859 - model_utils.py[line:86] - INFO: load torch model time elapsed:2.2765543088316917
2023-07-12 08:00:36,859 - pytorch_cvae.py[line:290] - INFO: load model time elapsed:2.4099194230511785
2023-07-12 08:00:36,859 - dataset_utils.py[line:599] - INFO: load existing dataset(light):flights-test-flight-b_b_unique_carrier_b_air_time_b_unique_carrier_binary_gaussian5_0
2023-07-12 08:00:36,923 - dataset_utils.py[line:608] - INFO: load dataset(light) time elapsed:0.06394134508445859
2023-07-12 08:00:36,923 - pytorch_cvae.py[line:280] - INFO: feature info:[('b_air_time', 'numerical', 6), ('b_unique_carrier', 'categorical', 6)]
2023-07-12 08:00:36,924 - model_utils.py[line:75] - INFO: load model name:torch_cvae_flights-test-flight-b_b_unique_carrier_ld50_id100_bs512_ep100_0_binary_gaussian5
2023-07-12 08:00:36,925 - model_utils.py[line:86] - INFO: load torch model time elapsed:0.0014382540248334408
2023-07-12 08:00:36,925 - pytorch_cvae.py[line:290] - INFO: load model time elapsed:0.06614365102723241
2023-07-12 08:00:36,925 - main.py[line:572] - INFO: multi_sampling No.0 epoch
2023-07-12 08:00:37,516 - pytorch_cvae.py[line:407] - INFO: sampling time:0.5907271071337163
2023-07-12 08:00:37,651 - pytorch_cvae.py[line:407] - INFO: sampling time:0.1346444422379136
2023-07-12 08:00:38,102 - main.py[line:555] - INFO: sample and aggregation time elapsed:1.176815208978951
2023-07-12 08:00:38,105 - main.py[line:593] - INFO: sample time: 1.1799002587795258
2023-07-12 08:00:38,127 - main.py[line:104] - INFO: aqp result:
                  avg(a_taxi_out)  avg(b_air_time)  avg(a_distance)  \
a_unique_carrier                                                      
9E               15.76            1206.79          545.42             
AA               13.81            1204.15          735.77             
AQ               15.30            1206.94          671.94             
AS               15.59            1205.09          733.87             
B6               14.26            1206.52          657.51             
CO               15.24            1208.02          697.10             
DH               15.14            1206.48          735.64             
DL               15.05            1207.47          688.15             
EV               15.76            1205.35          684.20             
F9               15.51            1205.76          582.73             
FL               15.73            1205.30          664.84             
HA               15.88            1201.93          806.35             
HP               15.70            1206.17          695.83             
MQ               16.29            1209.03          605.26             
NK               14.53            1200.89          668.88             
NW               14.48            1203.39          542.96             
OH (1)           16.38            1204.78          791.40             
OO               14.90            1205.17          743.82             
TW               14.96            1204.08          704.48             
TZ               16.01            1200.34          782.53             
UA               17.57            1205.30          706.74             
US               13.14            1204.43          743.22             
VX               13.73            1201.00          793.43             
WN               16.54            1202.89          831.77             
XE               15.62            1204.79          722.45             
YV               15.13            1206.53          739.24             

                  sum(a_taxi_out)  sum(b_air_time)  sum(a_distance)  
a_unique_carrier                                                     
9E               144075274.74     11033224029.04   4986567480.40     
AA               14248874719.05   1242722751344.99 759339264561.78   
AQ               1721356.83       135833276.62     75622424.82       
AS               875758956.68     67681580342.07   41216676539.59    
B6               497864267.95     42119307270.18   22953456028.88    
CO               2385649441.32    189161763411.48  109158029683.47   
DH               35368091.91      2817936179.46    1718210526.95     
DL               19774301306.99   1586886443358.52 904389853356.79   
EV               2581798393.71    197463487458.36  112087720821.46   
F9               80496896.25      6256218184.97    3023552340.26     
FL               493957662.70     37849240863.09   20877468111.34    
HA               59669356.69      4516163320.79    3029796137.43     
HP               385245415.32     29595451898.02   17073384438.95    
MQ               3683767058.92    273340826436.89  136838498263.34   
NK               5256079.53       434446899.32     241979885.60      
NW               3574380695.21    296996389444.02  134002915406.01   
OH (1)           249553266.56     18351973666.75   12055012294.58    
OO               4612177360.59    373001375685.02  230213875118.29   
TW               251585059.54     20248749389.27   11847048465.75    
TZ               3473316.57       260416397.65     169770157.20      
UA               13091010165.22   898264637480.70  526708215321.59   
US               7688205326.30    704759593761.90  434885233977.74   
VX               6588893.99       576265564.50     380707454.04      
WN               41723785794.74   3034987732547.28 2098622396779.35  
XE               862257196.60     66504634217.38   39879304090.92    
YV               209478776.42     16699396046.00   10231659474.56    
2023-07-12 08:00:38,130 - main.py[line:105] - INFO: ground truth:
                  sum(a_taxi_out)  avg(a_taxi_out)  sum(b_air_time)  \
a_unique_carrier                                                      
9E               142284540.12     15.33            11173140586.24     
AA               16300686048.88   15.55            1263236350723.25   
AQ               1759966.00       15.41            137234624.71       
AS               876450380.96     15.37            68708755273.38     
B6               549788787.51     15.51            42793262804.14     
CO               2485211586.17    15.63            191613223535.47    
DH               35746942.01      15.07            2848202435.65      
DL               20738744853.55   15.54            1608686034109.96   
EV               2595112426.59    15.60            200460459274.38    
F9               80439061.46      15.27            6344125870.52      
FL               495879446.36     15.55            38408814777.63     
HA               59769807.29      15.67            4590749728.71      
HP               388476481.01     15.60            30000936923.38     
MQ               3590401529.60    15.64            276410780365.79    
NK               5829780.60       15.87            441769394.49       
NW               3909682334.52    15.60            301807796014.13    
OH (1)           238510098.84     15.42            18645751639.88     
OO               4895151892.62    15.58            378599313971.27    
TW               261763968.22     15.32            20584482964.54     
TZ               3494894.20       15.89            264811610.15       
UA               11794846477.28   15.59            911710654104.45    
US               9316915599.48    15.68            715580660601.78    
VX               7390703.22       15.17            586691056.44       
WN               39755967904.82   15.52            3085646169518.35   
XE               875611219.36     15.62            67533052769.33     
YV               221860571.32     15.79            16975037496.76     

                  avg(b_air_time)  sum(a_distance)  avg(a_distance)  
a_unique_carrier                                                     
9E               1203.46          6746625346.28    726.68            
AA               1205.37          777087416304.94  741.49            
AQ               1201.24          80971279.97      708.76            
AS               1204.73          42037430883.37   737.08            
B6               1207.14          26827027097.25   756.75            
CO               1205.02          117399219829.68  738.30            
DH               1200.96          1678544713.64    707.77            
DL               1205.71          991984599921.34  743.49            
EV               1204.99          122887838715.02  738.69            
F9               1204.50          3860634311.65    732.98            
FL               1204.47          23464764525.57   735.84            
HA               1203.59          2772250304.97    726.82            
HP               1204.37          18262881042.59   733.15            
MQ               1204.29          168201520541.46  732.83            
NK               1202.96          265373521.21     722.62            
NW               1204.24          183162573964.31  730.84            
OH (1)           1205.40          11511808801.00   744.21            
OO               1204.92          231963276318.29  738.24            
TW               1205.06          12616862839.76   738.62            
TZ               1203.90          158652522.82     721.28            
UA               1204.69          556578465756.17  735.44            
US               1204.59          437180046113.38  735.94            
VX               1204.20          357991356.52     734.79            
WN               1204.64          1885240669478.28 736.00            
XE               1205.08          41407851540.77   738.90            
YV               1207.76          10681610707.48   759.99            
2023-07-12 08:00:38,139 - main.py[line:611] - INFO: relative error:
                  avg(a_distance)  avg(a_taxi_out)  avg(b_air_time)  \
a_unique_carrier                                                      
9E               0.25             0.03             0.00               
AA               0.01             0.11             0.00               
AQ               0.05             0.01             0.00               
AS               0.00             0.01             0.00               
B6               0.13             0.08             0.00               
CO               0.06             0.03             0.00               
DH               0.04             0.00             0.00               
DL               0.07             0.03             0.00               
EV               0.07             0.01             0.00               
F9               0.20             0.02             0.00               
FL               0.10             0.01             0.00               
HA               0.11             0.01             0.00               
HP               0.05             0.01             0.00               
MQ               0.17             0.04             0.00               
NK               0.07             0.08             0.00               
NW               0.26             0.07             0.00               
OH (1)           0.06             0.06             0.00               
OO               0.01             0.04             0.00               
TW               0.05             0.02             0.00               
TZ               0.08             0.01             0.00               
UA               0.04             0.13             0.00               
US               0.01             0.16             0.00               
VX               0.08             0.09             0.00               
WN               0.13             0.07             0.00               
XE               0.02             0.00             0.00               
YV               0.03             0.04             0.00               

                  sum(a_distance)  sum(a_taxi_out)  sum(b_air_time)  
a_unique_carrier                                                     
9E               0.26             0.01             0.01              
AA               0.02             0.13             0.02              
AQ               0.07             0.02             0.01              
AS               0.02             0.00             0.01              
B6               0.14             0.09             0.02              
CO               0.07             0.04             0.01              
DH               0.02             0.01             0.01              
DL               0.09             0.05             0.01              
EV               0.09             0.01             0.01              
F9               0.22             0.00             0.01              
FL               0.11             0.00             0.01              
HA               0.09             0.00             0.02              
HP               0.07             0.01             0.01              
MQ               0.19             0.03             0.01              
NK               0.09             0.10             0.02              
NW               0.27             0.09             0.02              
OH (1)           0.05             0.05             0.02              
OO               0.01             0.06             0.01              
TW               0.06             0.04             0.02              
TZ               0.07             0.01             0.02              
UA               0.05             0.11             0.01              
US               0.01             0.17             0.02              
VX               0.06             0.11             0.02              
WN               0.11             0.05             0.02              
XE               0.04             0.02             0.02              
YV               0.04             0.06             0.02              
2023-07-12 08:00:38,141 - main.py[line:612] - INFO: relative error normalized:
                  avg(a_distance)  avg(a_taxi_out)  avg(b_air_time)  \
a_unique_carrier                                                      
9E               0.22             0.03             0.00               
AA               0.01             0.11             0.00               
AQ               0.05             0.01             0.00               
AS               0.00             0.01             0.00               
B6               0.12             0.08             0.00               
CO               0.05             0.02             0.00               
DH               0.04             0.00             0.00               
DL               0.07             0.03             0.00               
EV               0.07             0.01             0.00               
F9               0.19             0.02             0.00               
FL               0.09             0.01             0.00               
HA               0.10             0.01             0.00               
HP               0.05             0.01             0.00               
MQ               0.16             0.04             0.00               
NK               0.07             0.08             0.00               
NW               0.23             0.07             0.00               
OH (1)           0.06             0.06             0.00               
OO               0.01             0.04             0.00               
TW               0.05             0.02             0.00               
TZ               0.08             0.01             0.00               
UA               0.04             0.12             0.00               
US               0.01             0.15             0.00               
VX               0.08             0.09             0.00               
WN               0.12             0.06             0.00               
XE               0.02             0.00             0.00               
YV               0.03             0.04             0.00               

                  sum(a_distance)  sum(a_taxi_out)  sum(b_air_time)  
a_unique_carrier                                                     
9E               0.23             0.01             0.01              
AA               0.02             0.12             0.02              
AQ               0.06             0.02             0.01              
AS               0.02             0.00             0.01              
B6               0.13             0.09             0.02              
CO               0.07             0.04             0.01              
DH               0.02             0.01             0.01              
DL               0.08             0.05             0.01              
EV               0.08             0.01             0.01              
F9               0.19             0.00             0.01              
FL               0.10             0.00             0.01              
HA               0.09             0.00             0.02              
HP               0.06             0.01             0.01              
MQ               0.17             0.03             0.01              
NK               0.08             0.09             0.02              
NW               0.24             0.08             0.02              
OH (1)           0.05             0.05             0.02              
OO               0.01             0.06             0.01              
TW               0.06             0.04             0.02              
TZ               0.07             0.01             0.02              
UA               0.05             0.10             0.01              
US               0.01             0.16             0.02              
VX               0.06             0.10             0.02              
WN               0.11             0.05             0.02              
XE               0.04             0.02             0.02              
YV               0.04             0.05             0.02              
2023-07-12 08:00:38,141 - main.py[line:615] - INFO: relative error average: 0.04701658769997717
2023-07-12 08:00:38,141 - main.py[line:616] - INFO: relative error normalized average: 0.04440303742614301
2023-07-12 08:00:38,142 - main.py[line:662] - INFO: total_time:3.693142090924084
rate1: 0.005; rate2: 0.2