main.py:19: FutureWarning: Passing a negative integer is deprecated in version 1.0 and will not be supported in future version. Instead, use None to not limit the column width.
  pd.set_option('max_colwidth', -1)
2023-07-12 08:01:01,474 - main.py[line:642] - INFO: load query config config/query/flights_test.json successfully
2023-07-12 08:01:01,474 - main.py[line:649] - INFO: load train config ./config/train/flights_test_a_torch_cvae.json successfully
2023-07-12 08:01:01,474 - main.py[line:649] - INFO: load train config ./config/train/flights_test_b_torch_cvae.json successfully
2023-07-12 08:01:01,474 - dataset_utils.py[line:599] - INFO: load existing dataset(light):flights-test-flight-a_a_unique_carrier_a_taxi_out#a_distance_a_unique_carrier_binary_gaussian5_0
2023-07-12 08:01:01,605 - dataset_utils.py[line:608] - INFO: load dataset(light) time elapsed:0.13159472309052944
2023-07-12 08:01:01,606 - pytorch_cvae.py[line:280] - INFO: feature info:[('a_taxi_out', 'numerical', 6), ('a_distance', 'numerical', 6), ('a_unique_carrier', 'categorical', 6)]
2023-07-12 08:01:01,607 - model_utils.py[line:75] - INFO: load model name:torch_cvae_flights-test-flight-a_a_unique_carrier_ld100_id150_bs512_ep150_0_binary_gaussian5
2023-07-12 08:01:03,894 - model_utils.py[line:86] - INFO: load torch model time elapsed:2.2869187090545893
2023-07-12 08:01:03,894 - pytorch_cvae.py[line:290] - INFO: load model time elapsed:2.420040796045214
2023-07-12 08:01:03,894 - dataset_utils.py[line:599] - INFO: load existing dataset(light):flights-test-flight-b_b_unique_carrier_b_air_time_b_unique_carrier_binary_gaussian5_0
2023-07-12 08:01:03,956 - dataset_utils.py[line:608] - INFO: load dataset(light) time elapsed:0.06191870104521513
2023-07-12 08:01:03,956 - pytorch_cvae.py[line:280] - INFO: feature info:[('b_air_time', 'numerical', 6), ('b_unique_carrier', 'categorical', 6)]
2023-07-12 08:01:03,957 - model_utils.py[line:75] - INFO: load model name:torch_cvae_flights-test-flight-b_b_unique_carrier_ld50_id100_bs512_ep100_0_binary_gaussian5
2023-07-12 08:01:03,958 - model_utils.py[line:86] - INFO: load torch model time elapsed:0.0014387327246367931
2023-07-12 08:01:03,958 - pytorch_cvae.py[line:290] - INFO: load model time elapsed:0.06412320118397474
2023-07-12 08:01:03,958 - main.py[line:572] - INFO: multi_sampling No.0 epoch
2023-07-12 08:01:04,532 - pytorch_cvae.py[line:407] - INFO: sampling time:0.5730047440156341
2023-07-12 08:01:04,801 - pytorch_cvae.py[line:407] - INFO: sampling time:0.2689453670755029
2023-07-12 08:01:05,185 - main.py[line:555] - INFO: sample and aggregation time elapsed:1.226827358826995
2023-07-12 08:01:05,188 - main.py[line:593] - INFO: sample time: 1.2299539800733328
2023-07-12 08:01:05,208 - main.py[line:104] - INFO: aqp result:
                  avg(a_taxi_out)  avg(b_air_time)  avg(a_distance)  \
a_unique_carrier                                                      
9E               13.83            1204.26          488.36             
AA               12.81            1205.94          542.86             
AQ               13.82            1210.87          579.88             
AS               16.17            1205.47          827.66             
B6               14.20            1206.59          808.33             
CO               17.13            1206.76          693.17             
DH               14.58            1205.08          632.10             
DL               13.68            1206.02          866.15             
EV               15.99            1205.30          643.59             
F9               14.44            1207.48          697.80             
FL               13.79            1203.87          872.71             
HA               14.37            1204.03          495.67             
HP               15.66            1205.19          841.90             
MQ               16.06            1206.31          740.38             
NK               16.00            1199.80          490.01             
NW               15.62            1204.96          704.84             
OH (1)           16.65            1205.20          720.95             
OO               13.70            1204.36          715.68             
TW               15.57            1202.94          733.87             
TZ               15.17            1204.28          760.64             
UA               14.44            1205.02          774.64             
US               14.27            1204.96          615.35             
VX               13.17            1199.95          967.71             
WN               16.20            1204.79          942.88             
XE               15.24            1204.86          591.48             
YV               15.14            1204.45          753.61             

                  sum(a_taxi_out)  sum(b_air_time)  sum(a_distance)  
a_unique_carrier                                                     
9E               125351772.86     10913519336.36   4425674432.70     
AA               13103133023.55   1233517029136.37 555268057287.05   
AQ               1541434.16       135029247.83     64665630.89       
AS               900100037.05     67101291275.24   46071168508.56    
B6               491168461.77     41747382975.89   27967903063.39    
CO               2658910609.24    187284822690.34  107577750455.21   
DH               33721905.03      2786511853.93    1461618459.69     
DL               17812333755.74   1570489686953.31 1127908389958.09  
EV               2596197656.55    195700102457.65  104497114390.37   
F9               74238176.74      6207900882.32    3587547264.86     
FL               429220170.43     37472434910.09   27164550412.00    
HA               53495068.99      4482713808.88    1845436747.01     
HP               380685338.10     29304231065.45   20470663648.89    
MQ               3598647755.45    270231122953.89  165856770275.03   
NK               5736901.16       430082370.21     175650025.83      
NW               3820595597.39    294740383903.24  172408259398.53   
OH (1)           251373336.53     18197261366.67   10885620825.83    
OO               4200576883.52    369342669984.95  219477527385.97   
TW               259665804.19     20057359342.67   12236331438.59    
TZ               3263489.90       259082187.70     163639427.73      
UA               10663351056.20   890073318775.18  572177626563.70   
US               8274220259.00    698624000352.62  356772158958.26   
VX               6261619.97       570653627.25     460206739.14      
WN               40507592572.10   3011985992437.45 2357202513902.22  
XE               833297039.68     65900218832.91   32351181448.00    
YV               207718435.75     16524173773.46   10338886439.68    
2023-07-12 08:01:05,211 - main.py[line:105] - INFO: ground truth:
                  sum(a_taxi_out)  avg(a_taxi_out)  sum(b_air_time)  \
a_unique_carrier                                                      
9E               142284540.12     15.33            11173140586.24     
AA               16300686048.88   15.55            1263236350723.25   
AQ               1759966.00       15.41            137234624.71       
AS               876450380.96     15.37            68708755273.38     
B6               549788787.51     15.51            42793262804.14     
CO               2485211586.17    15.63            191613223535.47    
DH               35746942.01      15.07            2848202435.65      
DL               20738744853.55   15.54            1608686034109.96   
EV               2595112426.59    15.60            200460459274.38    
F9               80439061.46      15.27            6344125870.52      
FL               495879446.36     15.55            38408814777.63     
HA               59769807.29      15.67            4590749728.71      
HP               388476481.01     15.60            30000936923.38     
MQ               3590401529.60    15.64            276410780365.79    
NK               5829780.60       15.87            441769394.49       
NW               3909682334.52    15.60            301807796014.13    
OH (1)           238510098.84     15.42            18645751639.88     
OO               4895151892.62    15.58            378599313971.27    
TW               261763968.22     15.32            20584482964.54     
TZ               3494894.20       15.89            264811610.15       
UA               11794846477.28   15.59            911710654104.45    
US               9316915599.48    15.68            715580660601.78    
VX               7390703.22       15.17            586691056.44       
WN               39755967904.82   15.52            3085646169518.35   
XE               875611219.36     15.62            67533052769.33     
YV               221860571.32     15.79            16975037496.76     

                  avg(b_air_time)  sum(a_distance)  avg(a_distance)  
a_unique_carrier                                                     
9E               1203.46          6746625346.28    726.68            
AA               1205.37          777087416304.94  741.49            
AQ               1201.24          80971279.97      708.76            
AS               1204.73          42037430883.37   737.08            
B6               1207.14          26827027097.25   756.75            
CO               1205.02          117399219829.68  738.30            
DH               1200.96          1678544713.64    707.77            
DL               1205.71          991984599921.34  743.49            
EV               1204.99          122887838715.02  738.69            
F9               1204.50          3860634311.65    732.98            
FL               1204.47          23464764525.57   735.84            
HA               1203.59          2772250304.97    726.82            
HP               1204.37          18262881042.59   733.15            
MQ               1204.29          168201520541.46  732.83            
NK               1202.96          265373521.21     722.62            
NW               1204.24          183162573964.31  730.84            
OH (1)           1205.40          11511808801.00   744.21            
OO               1204.92          231963276318.29  738.24            
TW               1205.06          12616862839.76   738.62            
TZ               1203.90          158652522.82     721.28            
UA               1204.69          556578465756.17  735.44            
US               1204.59          437180046113.38  735.94            
VX               1204.20          357991356.52     734.79            
WN               1204.64          1885240669478.28 736.00            
XE               1205.08          41407851540.77   738.90            
YV               1207.76          10681610707.48   759.99            
2023-07-12 08:01:05,220 - main.py[line:611] - INFO: relative error:
                  avg(a_distance)  avg(a_taxi_out)  avg(b_air_time)  \
a_unique_carrier                                                      
9E               0.33             0.10             0.00               
AA               0.27             0.18             0.00               
AQ               0.18             0.10             0.01               
AS               0.12             0.05             0.00               
B6               0.07             0.08             0.00               
CO               0.06             0.10             0.00               
DH               0.11             0.03             0.00               
DL               0.16             0.12             0.00               
EV               0.13             0.03             0.00               
F9               0.05             0.05             0.00               
FL               0.19             0.11             0.00               
HA               0.32             0.08             0.00               
HP               0.15             0.00             0.00               
MQ               0.01             0.03             0.00               
NK               0.32             0.01             0.00               
NW               0.04             0.00             0.00               
OH (1)           0.03             0.08             0.00               
OO               0.03             0.12             0.00               
TW               0.01             0.02             0.00               
TZ               0.05             0.05             0.00               
UA               0.05             0.07             0.00               
US               0.16             0.09             0.00               
VX               0.32             0.13             0.00               
WN               0.28             0.04             0.00               
XE               0.20             0.02             0.00               
YV               0.01             0.04             0.00               

                  sum(a_distance)  sum(a_taxi_out)  sum(b_air_time)  
a_unique_carrier                                                     
9E               0.34             0.12             0.02              
AA               0.29             0.20             0.02              
AQ               0.20             0.12             0.02              
AS               0.10             0.03             0.02              
B6               0.04             0.11             0.02              
CO               0.08             0.07             0.02              
DH               0.13             0.06             0.02              
DL               0.14             0.14             0.02              
EV               0.15             0.00             0.02              
F9               0.07             0.08             0.02              
FL               0.16             0.13             0.02              
HA               0.33             0.10             0.02              
HP               0.12             0.02             0.02              
MQ               0.01             0.00             0.02              
NK               0.34             0.02             0.03              
NW               0.06             0.02             0.02              
OH (1)           0.05             0.05             0.02              
OO               0.05             0.14             0.02              
TW               0.03             0.01             0.03              
TZ               0.03             0.07             0.02              
UA               0.03             0.10             0.02              
US               0.18             0.11             0.02              
VX               0.29             0.15             0.03              
WN               0.25             0.02             0.02              
XE               0.22             0.05             0.02              
YV               0.03             0.06             0.03              
2023-07-12 08:01:05,222 - main.py[line:612] - INFO: relative error normalized:
                  avg(a_distance)  avg(a_taxi_out)  avg(b_air_time)  \
a_unique_carrier                                                      
9E               0.28             0.09             0.00               
AA               0.24             0.16             0.00               
AQ               0.17             0.10             0.01               
AS               0.12             0.05             0.00               
B6               0.07             0.08             0.00               
CO               0.06             0.09             0.00               
DH               0.10             0.03             0.00               
DL               0.15             0.11             0.00               
EV               0.12             0.02             0.00               
F9               0.05             0.05             0.00               
FL               0.17             0.11             0.00               
HA               0.27             0.08             0.00               
HP               0.14             0.00             0.00               
MQ               0.01             0.03             0.00               
NK               0.28             0.01             0.00               
NW               0.03             0.00             0.00               
OH (1)           0.03             0.08             0.00               
OO               0.03             0.11             0.00               
TW               0.01             0.02             0.00               
TZ               0.05             0.04             0.00               
UA               0.05             0.07             0.00               
US               0.15             0.09             0.00               
VX               0.27             0.12             0.00               
WN               0.25             0.04             0.00               
XE               0.18             0.02             0.00               
YV               0.01             0.04             0.00               

                  sum(a_distance)  sum(a_taxi_out)  sum(b_air_time)  
a_unique_carrier                                                     
9E               0.29             0.11             0.02              
AA               0.25             0.18             0.02              
AQ               0.18             0.12             0.02              
AS               0.09             0.03             0.02              
B6               0.04             0.10             0.02              
CO               0.08             0.07             0.02              
DH               0.12             0.06             0.02              
DL               0.13             0.13             0.02              
EV               0.14             0.00             0.02              
F9               0.07             0.07             0.02              
FL               0.15             0.13             0.02              
HA               0.28             0.10             0.02              
HP               0.11             0.02             0.02              
MQ               0.01             0.00             0.02              
NK               0.29             0.02             0.03              
NW               0.06             0.02             0.02              
OH (1)           0.05             0.05             0.02              
OO               0.05             0.13             0.02              
TW               0.03             0.01             0.03              
TZ               0.03             0.06             0.02              
UA               0.03             0.09             0.02              
US               0.17             0.11             0.02              
VX               0.25             0.14             0.03              
WN               0.22             0.02             0.02              
XE               0.20             0.05             0.02              
YV               0.03             0.06             0.03              
2023-07-12 08:01:05,222 - main.py[line:615] - INFO: relative error average: 0.07531438738249728
2023-07-12 08:01:05,222 - main.py[line:616] - INFO: relative error normalized average: 0.06924885515231376
2023-07-12 08:01:05,223 - main.py[line:662] - INFO: total_time:3.749050880316645
rate1: 0.002; rate2: 0.5