main.py:19: FutureWarning: Passing a negative integer is deprecated in version 1.0 and will not be supported in future version. Instead, use None to not limit the column width.
  pd.set_option('max_colwidth', -1)
2022-12-13 00:53:59,392 - main.py[line:595] - INFO: load query config skew_size_var/query_config/tpch_aggvar2.json successfully
2022-12-13 00:53:59,392 - main.py[line:602] - INFO: load train config ./skew_size_var/train_config/tpch_customer_aggvar2.json successfully
2022-12-13 00:53:59,392 - main.py[line:602] - INFO: load train config ./skew_size_var/train_config/tpch_nation.json successfully
2022-12-13 00:53:59,392 - pytorch_cvae.py[line:249] - INFO: epoch:200
2022-12-13 00:53:59,392 - pytorch_cvae.py[line:250] - INFO: batch size:512
2022-12-13 00:53:59,392 - pytorch_cvae.py[line:251] - INFO: latent dimension:150
2022-12-13 00:53:59,392 - pytorch_cvae.py[line:252] - INFO: intermediate dimension:100
2022-12-13 00:53:59,392 - pytorch_cvae.py[line:253] - INFO: gpu num:0
2022-12-13 00:53:59,392 - dataset_utils.py[line:552] - INFO: load existing dataset:tpch-customer-agg_var2_c_nationkey_c_acctbal_c_nationkey_binary_gaussian28_0
2022-12-13 00:54:10,851 - dataset_utils.py[line:564] - INFO: load dataset time elapsed:11.45834663696587
2022-12-13 00:54:10,851 - pytorch_cvae.py[line:258] - INFO: feature info:[('c_acctbal', 'numerical', 26), ('c_nationkey', 'categorical', 6)]
2022-12-13 00:54:55,343 - pytorch_cvae.py[line:170] - INFO: ----------------------------No.1 epoch----------------------------
2022-12-13 00:54:55,344 - pytorch_cvae.py[line:177] - INFO: loss:3521.6186278657988, numeric_loss:30.10478343568776, categorical_loss:3274.12462693383, kld_loss:40329.27450457215, epoch_train_time:44.49014567397535
2022-12-13 00:55:39,694 - pytorch_cvae.py[line:170] - INFO: ----------------------------No.2 epoch----------------------------
2022-12-13 00:55:39,694 - pytorch_cvae.py[line:177] - INFO: loss:2593.277681296284, numeric_loss:28.161464187843535, categorical_loss:2427.960095578339, kld_loss:23034.847169294953, epoch_train_time:44.350476164370775
2022-12-13 00:56:23,720 - pytorch_cvae.py[line:170] - INFO: ----------------------------No.3 epoch----------------------------
2022-12-13 00:56:23,720 - pytorch_cvae.py[line:177] - INFO: loss:2096.579016601492, numeric_loss:29.345228455000736, categorical_loss:1909.722929715499, kld_loss:23971.90831112396, epoch_train_time:44.02605525404215
2022-12-13 00:57:07,582 - pytorch_cvae.py[line:170] - INFO: ----------------------------No.4 epoch----------------------------
2022-12-13 00:57:07,582 - pytorch_cvae.py[line:177] - INFO: loss:1609.84660795526, numeric_loss:35.44870910078683, categorical_loss:1378.4543694455933, kld_loss:27050.75111595355, epoch_train_time:43.86127813253552
2022-12-13 00:57:51,377 - pytorch_cvae.py[line:170] - INFO: ----------------------------No.5 epoch----------------------------
2022-12-13 00:57:51,377 - pytorch_cvae.py[line:177] - INFO: loss:1252.286305996182, numeric_loss:36.75987098744868, categorical_loss:962.0203813180124, kld_loss:31778.055627403315, epoch_train_time:43.795060898177326
2022-12-13 00:58:35,402 - pytorch_cvae.py[line:170] - INFO: ----------------------------No.6 epoch----------------------------
2022-12-13 00:58:35,402 - pytorch_cvae.py[line:177] - INFO: loss:1077.6899691136787, numeric_loss:32.29491111436394, categorical_loss:774.8504283070797, kld_loss:30824.978072194383, epoch_train_time:44.0246425177902
2022-12-13 00:59:19,220 - pytorch_cvae.py[line:170] - INFO: ----------------------------No.7 epoch----------------------------
2022-12-13 00:59:19,220 - pytorch_cvae.py[line:177] - INFO: loss:925.760220531869, numeric_loss:36.22900410215424, categorical_loss:582.2299383341742, kld_loss:31855.71849250421, epoch_train_time:43.8179896119982
2022-12-13 01:00:02,923 - pytorch_cvae.py[line:170] - INFO: ----------------------------No.8 epoch----------------------------
2022-12-13 01:00:02,923 - pytorch_cvae.py[line:177] - INFO: loss:753.5929242515995, numeric_loss:33.67875617056283, categorical_loss:410.4829399477021, kld_loss:29213.30177221005, epoch_train_time:43.702746354974806
2022-12-13 01:00:46,913 - pytorch_cvae.py[line:170] - INFO: ----------------------------No.9 epoch----------------------------
2022-12-13 01:00:46,913 - pytorch_cvae.py[line:177] - INFO: loss:709.0180026041926, numeric_loss:34.42578480073503, categorical_loss:336.70831859472673, kld_loss:29081.163361474755, epoch_train_time:43.98952787183225
2022-12-13 01:01:30,969 - pytorch_cvae.py[line:170] - INFO: ----------------------------No.10 epoch----------------------------
2022-12-13 01:01:30,969 - pytorch_cvae.py[line:177] - INFO: loss:702.8792252036365, numeric_loss:39.86590782378681, categorical_loss:311.06970457188436, kld_loss:27642.633002982708, epoch_train_time:44.05585003178567
2022-12-13 01:02:14,937 - pytorch_cvae.py[line:170] - INFO: ----------------------------No.11 epoch----------------------------
2022-12-13 01:02:14,937 - pytorch_cvae.py[line:177] - INFO: loss:683.7648728756903, numeric_loss:45.87015468915462, categorical_loss:301.1324906933878, kld_loss:24161.61901550286, epoch_train_time:43.96772148925811
2022-12-13 01:02:58,823 - pytorch_cvae.py[line:170] - INFO: ----------------------------No.12 epoch----------------------------
2022-12-13 01:02:58,824 - pytorch_cvae.py[line:177] - INFO: loss:688.2921991850744, numeric_loss:34.637745641020324, categorical_loss:292.2649612791938, kld_loss:23708.759486397554, epoch_train_time:43.88675126992166
2022-12-13 01:03:43,003 - pytorch_cvae.py[line:170] - INFO: ----------------------------No.13 epoch----------------------------
2022-12-13 01:03:43,003 - pytorch_cvae.py[line:177] - INFO: loss:735.1692964652466, numeric_loss:35.67131437645907, categorical_loss:312.29490309258836, kld_loss:23250.754866859876, epoch_train_time:44.17904542572796
2022-12-13 01:04:27,036 - pytorch_cvae.py[line:170] - INFO: ----------------------------No.14 epoch----------------------------
2022-12-13 01:04:27,036 - pytorch_cvae.py[line:177] - INFO: loss:675.5984647852165, numeric_loss:37.75825697336472, categorical_loss:258.1363808078604, kld_loss:20890.193512733094, epoch_train_time:44.03283694759011
2022-12-13 01:05:11,472 - pytorch_cvae.py[line:170] - INFO: ----------------------------No.15 epoch----------------------------
2022-12-13 01:05:11,472 - pytorch_cvae.py[line:177] - INFO: loss:728.1419179721124, numeric_loss:34.73299657610599, categorical_loss:288.84086601191666, kld_loss:20413.741466048872, epoch_train_time:44.43564254138619
2022-12-13 01:05:55,903 - pytorch_cvae.py[line:170] - INFO: ----------------------------No.16 epoch----------------------------
2022-12-13 01:05:55,903 - pytorch_cvae.py[line:177] - INFO: loss:813.713194328273, numeric_loss:36.87976891609043, categorical_loss:348.9157746195415, kld_loss:19822.528026570682, epoch_train_time:44.431447331793606
2022-12-13 01:06:39,891 - pytorch_cvae.py[line:170] - INFO: ----------------------------No.17 epoch----------------------------
2022-12-13 01:06:39,891 - pytorch_cvae.py[line:177] - INFO: loss:793.9071040998388, numeric_loss:34.677650546893716, categorical_loss:308.9742903562292, kld_loss:19167.243494204362, epoch_train_time:43.98789819236845
2022-12-13 01:07:23,727 - pytorch_cvae.py[line:170] - INFO: ----------------------------No.18 epoch----------------------------
2022-12-13 01:07:23,727 - pytorch_cvae.py[line:177] - INFO: loss:809.7701663843327, numeric_loss:38.33473000737356, categorical_loss:316.369932161615, kld_loss:17820.146730415, epoch_train_time:43.83522268664092
2022-12-13 01:08:07,720 - pytorch_cvae.py[line:170] - INFO: ----------------------------No.19 epoch----------------------------
2022-12-13 01:08:07,720 - pytorch_cvae.py[line:177] - INFO: loss:830.8600784401497, numeric_loss:35.1916842344008, categorical_loss:331.2585860897816, kld_loss:16745.936011015147, epoch_train_time:43.99329603370279
2022-12-13 01:08:51,570 - pytorch_cvae.py[line:170] - INFO: ----------------------------No.20 epoch----------------------------
2022-12-13 01:08:51,570 - pytorch_cvae.py[line:177] - INFO: loss:857.251106470605, numeric_loss:38.778316723489816, categorical_loss:358.38345768158615, kld_loss:15291.680426121515, epoch_train_time:43.84964413475245
2022-12-13 01:09:35,235 - pytorch_cvae.py[line:170] - INFO: ----------------------------No.21 epoch----------------------------
2022-12-13 01:09:35,235 - pytorch_cvae.py[line:177] - INFO: loss:934.2424187935103, numeric_loss:43.465428876464614, categorical_loss:386.1954451398342, kld_loss:15473.326938065933, epoch_train_time:43.66475646663457
2022-12-13 01:10:19,139 - pytorch_cvae.py[line:170] - INFO: ----------------------------No.22 epoch----------------------------
2022-12-13 01:10:19,139 - pytorch_cvae.py[line:177] - INFO: loss:896.3161148791405, numeric_loss:37.21080571312004, categorical_loss:341.0044100294326, kld_loss:14673.721423722396, epoch_train_time:43.904075441882014
2022-12-13 01:11:02,881 - pytorch_cvae.py[line:170] - INFO: ----------------------------No.23 epoch----------------------------
2022-12-13 01:11:02,881 - pytorch_cvae.py[line:177] - INFO: loss:946.9432158958225, numeric_loss:36.46202227863575, categorical_loss:375.20360733954294, kld_loss:14015.63828287035, epoch_train_time:43.74127859342843
2022-12-13 01:11:46,293 - pytorch_cvae.py[line:170] - INFO: ----------------------------No.24 epoch----------------------------
2022-12-13 01:11:46,293 - pytorch_cvae.py[line:177] - INFO: loss:994.656528211679, numeric_loss:37.127971295875426, categorical_loss:389.9441209343786, kld_loss:13753.286439281073, epoch_train_time:43.41257068142295
2022-12-13 01:12:30,214 - pytorch_cvae.py[line:170] - INFO: ----------------------------No.25 epoch----------------------------
2022-12-13 01:12:30,214 - pytorch_cvae.py[line:177] - INFO: loss:1023.6733383200044, numeric_loss:35.94583401540089, categorical_loss:413.87197749639745, kld_loss:12881.16267457552, epoch_train_time:43.92082685325295
2022-12-13 01:13:13,904 - pytorch_cvae.py[line:170] - INFO: ----------------------------No.26 epoch----------------------------
2022-12-13 01:13:13,904 - pytorch_cvae.py[line:177] - INFO: loss:1049.074486569778, numeric_loss:41.293520566275994, categorical_loss:412.0882797409431, kld_loss:12398.966928960523, epoch_train_time:43.68909871019423
2022-12-13 01:13:57,782 - pytorch_cvae.py[line:170] - INFO: ----------------------------No.27 epoch----------------------------
2022-12-13 01:13:57,782 - pytorch_cvae.py[line:177] - INFO: loss:1081.1617875832453, numeric_loss:36.699546386599835, categorical_loss:427.1751560785342, kld_loss:11926.018827783817, epoch_train_time:43.87859206739813
2022-12-13 01:14:41,725 - pytorch_cvae.py[line:170] - INFO: ----------------------------No.28 epoch----------------------------
2022-12-13 01:14:41,725 - pytorch_cvae.py[line:177] - INFO: loss:1066.6456476907188, numeric_loss:33.686393716508235, categorical_loss:407.04530368240376, kld_loss:11235.756126012653, epoch_train_time:43.94266471546143
2022-12-13 01:15:25,602 - pytorch_cvae.py[line:170] - INFO: ----------------------------No.29 epoch----------------------------
2022-12-13 01:15:25,602 - pytorch_cvae.py[line:177] - INFO: loss:1218.9178489667247, numeric_loss:37.601121120349845, categorical_loss:514.727493785118, kld_loss:11129.088937493914, epoch_train_time:43.87617693468928
2022-12-13 01:16:09,534 - pytorch_cvae.py[line:170] - INFO: ----------------------------No.30 epoch----------------------------
2022-12-13 01:16:09,534 - pytorch_cvae.py[line:177] - INFO: loss:1162.9378640155774, numeric_loss:42.24677064535521, categorical_loss:462.4920200598717, kld_loss:10230.727517181425, epoch_train_time:43.93251068238169
2022-12-13 01:16:53,176 - pytorch_cvae.py[line:170] - INFO: ----------------------------No.31 epoch----------------------------
2022-12-13 01:16:53,177 - pytorch_cvae.py[line:177] - INFO: loss:1189.9607721364591, numeric_loss:39.559356223584054, categorical_loss:501.5534410435939, kld_loss:9398.844399202091, epoch_train_time:43.64204947371036
2022-12-13 01:17:37,192 - pytorch_cvae.py[line:170] - INFO: ----------------------------No.32 epoch----------------------------
2022-12-13 01:17:37,192 - pytorch_cvae.py[line:177] - INFO: loss:1145.7394795161235, numeric_loss:38.04146940417745, categorical_loss:459.262687816401, kld_loss:8762.230880761344, epoch_train_time:44.01573764625937
2022-12-13 01:18:21,257 - pytorch_cvae.py[line:170] - INFO: ----------------------------No.33 epoch----------------------------
2022-12-13 01:18:21,257 - pytorch_cvae.py[line:177] - INFO: loss:1190.748676191637, numeric_loss:40.1035702998216, categorical_loss:475.4965829841385, kld_loss:8519.187338566699, epoch_train_time:44.06453097704798
2022-12-13 01:19:05,243 - pytorch_cvae.py[line:170] - INFO: ----------------------------No.34 epoch----------------------------
2022-12-13 01:19:05,243 - pytorch_cvae.py[line:177] - INFO: loss:1222.4192506691033, numeric_loss:42.11680137674381, categorical_loss:486.4124688328593, kld_loss:8184.169385760324, epoch_train_time:43.98607749026269
2022-12-13 01:19:49,277 - pytorch_cvae.py[line:170] - INFO: ----------------------------No.35 epoch----------------------------
2022-12-13 01:19:49,277 - pytorch_cvae.py[line:177] - INFO: loss:1310.5164219628787, numeric_loss:36.558247120713006, categorical_loss:513.5023243197065, kld_loss:8392.23024583509, epoch_train_time:44.03324957564473
2022-12-13 01:20:33,149 - pytorch_cvae.py[line:170] - INFO: ----------------------------No.36 epoch----------------------------
2022-12-13 01:20:33,149 - pytorch_cvae.py[line:177] - INFO: loss:1308.2693544836657, numeric_loss:37.767976361716116, categorical_loss:555.5346044316539, kld_loss:7389.974676995946, epoch_train_time:43.87160302139819
2022-12-13 01:21:17,071 - pytorch_cvae.py[line:170] - INFO: ----------------------------No.37 epoch----------------------------
2022-12-13 01:21:17,071 - pytorch_cvae.py[line:177] - INFO: loss:1276.2707183799357, numeric_loss:35.6102369084161, categorical_loss:516.0964970738714, kld_loss:7021.37008192332, epoch_train_time:43.92203940451145
2022-12-13 01:22:01,033 - pytorch_cvae.py[line:170] - INFO: ----------------------------No.38 epoch----------------------------
2022-12-13 01:22:01,033 - pytorch_cvae.py[line:177] - INFO: loss:1288.8946466273628, numeric_loss:38.392739502756754, categorical_loss:531.377084082822, kld_loss:6539.908605866483, epoch_train_time:43.961834317073226
2022-12-13 01:22:45,119 - pytorch_cvae.py[line:170] - INFO: ----------------------------No.39 epoch----------------------------
2022-12-13 01:22:45,119 - pytorch_cvae.py[line:177] - INFO: loss:1370.6488927007595, numeric_loss:36.95658054132492, categorical_loss:561.9199484565761, kld_loss:6593.457608365512, epoch_train_time:44.086178007535636
2022-12-13 01:23:28,972 - pytorch_cvae.py[line:170] - INFO: ----------------------------No.40 epoch----------------------------
2022-12-13 01:23:28,972 - pytorch_cvae.py[line:177] - INFO: loss:1310.4563650497294, numeric_loss:35.67358296733774, categorical_loss:532.3111600837146, kld_loss:5964.7844046332175, epoch_train_time:43.85260228533298
2022-12-13 01:24:12,543 - pytorch_cvae.py[line:170] - INFO: ----------------------------No.41 epoch----------------------------
2022-12-13 01:24:12,543 - pytorch_cvae.py[line:177] - INFO: loss:1351.0305170678766, numeric_loss:36.71726198462048, categorical_loss:546.7453985350439, kld_loss:5804.393951732956, epoch_train_time:43.571122920140624
2022-12-13 01:24:56,302 - pytorch_cvae.py[line:170] - INFO: ----------------------------No.42 epoch----------------------------
2022-12-13 01:24:56,302 - pytorch_cvae.py[line:177] - INFO: loss:1360.5295326663763, numeric_loss:39.20907111875451, categorical_loss:538.5494164451666, kld_loss:5577.432545652788, epoch_train_time:43.75891573727131
2022-12-13 01:25:40,098 - pytorch_cvae.py[line:170] - INFO: ----------------------------No.43 epoch----------------------------
2022-12-13 01:25:40,099 - pytorch_cvae.py[line:177] - INFO: loss:1402.0366343695787, numeric_loss:36.351891158420756, categorical_loss:587.874720037973, kld_loss:5227.172884150234, epoch_train_time:43.79594575613737
2022-12-13 01:26:24,140 - pytorch_cvae.py[line:170] - INFO: ----------------------------No.44 epoch----------------------------
2022-12-13 01:26:24,140 - pytorch_cvae.py[line:177] - INFO: loss:1408.757401650364, numeric_loss:41.81505208358416, categorical_loss:596.8236295584647, kld_loss:4886.288297870022, epoch_train_time:44.040917648002505
2022-12-13 01:27:08,072 - pytorch_cvae.py[line:170] - INFO: ----------------------------No.45 epoch----------------------------
2022-12-13 01:27:08,072 - pytorch_cvae.py[line:177] - INFO: loss:1444.031669743039, numeric_loss:37.72900666697549, categorical_loss:636.206601355545, kld_loss:4617.731234630861, epoch_train_time:43.932646876201034
2022-12-13 01:27:52,173 - pytorch_cvae.py[line:170] - INFO: ----------------------------No.46 epoch----------------------------
2022-12-13 01:27:52,173 - pytorch_cvae.py[line:177] - INFO: loss:1446.0136769277742, numeric_loss:42.217208775932505, categorical_loss:633.2216886231618, kld_loss:4371.144987619191, epoch_train_time:44.1007266016677
2022-12-13 01:28:35,979 - pytorch_cvae.py[line:170] - INFO: ----------------------------No.47 epoch----------------------------
2022-12-13 01:28:35,979 - pytorch_cvae.py[line:177] - INFO: loss:1469.3344914004556, numeric_loss:37.7125405378695, categorical_loss:659.6246028380119, kld_loss:4146.934548763325, epoch_train_time:43.805427198298275
2022-12-13 01:29:20,079 - pytorch_cvae.py[line:170] - INFO: ----------------------------No.48 epoch----------------------------
2022-12-13 01:29:20,079 - pytorch_cvae.py[line:177] - INFO: loss:1533.8936742328806, numeric_loss:41.461498923264024, categorical_loss:710.8168712377956, kld_loss:3979.877080756589, epoch_train_time:44.09973384998739
2022-12-13 01:30:03,983 - pytorch_cvae.py[line:170] - INFO: ----------------------------No.49 epoch----------------------------
2022-12-13 01:30:03,983 - pytorch_cvae.py[line:177] - INFO: loss:1557.034294521407, numeric_loss:40.73672571763415, categorical_loss:737.2399135680753, kld_loss:3763.9664329317166, epoch_train_time:43.903675800189376
2022-12-13 01:30:47,969 - pytorch_cvae.py[line:170] - INFO: ----------------------------No.50 epoch----------------------------
2022-12-13 01:30:47,969 - pytorch_cvae.py[line:177] - INFO: loss:1536.4150357150065, numeric_loss:38.634371055940505, categorical_loss:727.2559054000594, kld_loss:3535.8724751565023, epoch_train_time:43.98592756036669
2022-12-13 01:31:31,663 - pytorch_cvae.py[line:170] - INFO: ----------------------------No.51 epoch----------------------------
2022-12-13 01:31:31,664 - pytorch_cvae.py[line:177] - INFO: loss:1597.1261242698529, numeric_loss:36.58054501765072, categorical_loss:782.4239082980203, kld_loss:3394.889389694552, epoch_train_time:43.69450077973306
2022-12-13 01:32:15,690 - pytorch_cvae.py[line:170] - INFO: ----------------------------No.52 epoch----------------------------
2022-12-13 01:32:15,690 - pytorch_cvae.py[line:177] - INFO: loss:1573.343341880769, numeric_loss:37.97383760408201, categorical_loss:750.3005946949706, kld_loss:3259.78019424394, epoch_train_time:44.02672764938325
2022-12-13 01:32:59,748 - pytorch_cvae.py[line:170] - INFO: ----------------------------No.53 epoch----------------------------
2022-12-13 01:32:59,748 - pytorch_cvae.py[line:177] - INFO: loss:1607.5135182031372, numeric_loss:34.32542853983391, categorical_loss:801.0061392293428, kld_loss:3054.4773871102952, epoch_train_time:44.057408400811255
2022-12-13 01:33:43,759 - pytorch_cvae.py[line:170] - INFO: ----------------------------No.54 epoch----------------------------
2022-12-13 01:33:43,759 - pytorch_cvae.py[line:177] - INFO: loss:1635.503884451493, numeric_loss:35.72096080980478, categorical_loss:825.8305187074875, kld_loss:2919.4599515402224, epoch_train_time:44.01109934411943
2022-12-13 01:34:27,564 - pytorch_cvae.py[line:170] - INFO: ----------------------------No.55 epoch----------------------------
2022-12-13 01:34:27,565 - pytorch_cvae.py[line:177] - INFO: loss:1689.7491625434195, numeric_loss:36.71658526464036, categorical_loss:867.5230272981862, kld_loss:2828.427506434149, epoch_train_time:43.80486595723778
2022-12-13 01:35:11,439 - pytorch_cvae.py[line:170] - INFO: ----------------------------No.56 epoch----------------------------
2022-12-13 01:35:11,439 - pytorch_cvae.py[line:177] - INFO: loss:1692.4485697574273, numeric_loss:36.95883654434131, categorical_loss:856.9086628023651, kld_loss:2747.5916498893057, epoch_train_time:43.87401506025344
2022-12-13 01:35:55,548 - pytorch_cvae.py[line:170] - INFO: ----------------------------No.57 epoch----------------------------
2022-12-13 01:35:55,548 - pytorch_cvae.py[line:177] - INFO: loss:1730.7150318595232, numeric_loss:37.458760538990234, categorical_loss:890.72586549673, kld_loss:2641.0010244714795, epoch_train_time:44.10940660350025
2022-12-13 01:36:39,480 - pytorch_cvae.py[line:170] - INFO: ----------------------------No.58 epoch----------------------------
2022-12-13 01:36:39,480 - pytorch_cvae.py[line:177] - INFO: loss:1851.2403829584655, numeric_loss:39.21606062768231, categorical_loss:969.5610147036787, kld_loss:2654.3992220256478, epoch_train_time:43.931747562251985
2022-12-13 01:37:23,273 - pytorch_cvae.py[line:170] - INFO: ----------------------------No.59 epoch----------------------------
2022-12-13 01:37:23,273 - pytorch_cvae.py[line:177] - INFO: loss:1771.7765953278285, numeric_loss:37.08243920501666, categorical_loss:915.1989578731882, kld_loss:2474.5951088226575, epoch_train_time:43.79259354621172
2022-12-13 01:38:07,223 - pytorch_cvae.py[line:170] - INFO: ----------------------------No.60 epoch----------------------------
2022-12-13 01:38:07,223 - pytorch_cvae.py[line:177] - INFO: loss:1806.096413317282, numeric_loss:36.35068550561169, categorical_loss:952.525445074687, kld_loss:2367.4110566009185, epoch_train_time:43.94979236088693
2022-12-13 01:38:51,066 - pytorch_cvae.py[line:170] - INFO: ----------------------------No.61 epoch----------------------------
2022-12-13 01:38:51,066 - pytorch_cvae.py[line:177] - INFO: loss:1813.159025811823, numeric_loss:36.61838341034024, categorical_loss:948.3713954480481, kld_loss:2303.9056142418995, epoch_train_time:43.84271563589573
2022-12-13 01:39:35,080 - pytorch_cvae.py[line:170] - INFO: ----------------------------No.62 epoch----------------------------
2022-12-13 01:39:35,080 - pytorch_cvae.py[line:177] - INFO: loss:1880.748538627493, numeric_loss:37.45197829900898, categorical_loss:1021.2325354497298, kld_loss:2198.3487874979037, epoch_train_time:44.01385197322816
2022-12-13 01:40:18,896 - pytorch_cvae.py[line:170] - INFO: ----------------------------No.63 epoch----------------------------
2022-12-13 01:40:18,896 - pytorch_cvae.py[line:177] - INFO: loss:1886.286362039129, numeric_loss:36.55673011479978, categorical_loss:1046.0046255440975, kld_loss:2068.131338102685, epoch_train_time:43.81588669028133
2022-12-13 01:41:02,487 - pytorch_cvae.py[line:170] - INFO: ----------------------------No.64 epoch----------------------------
2022-12-13 01:41:02,487 - pytorch_cvae.py[line:177] - INFO: loss:1917.108227564604, numeric_loss:36.38872755778428, categorical_loss:1069.361982926348, kld_loss:2010.9294462775579, epoch_train_time:43.590586353093386
2022-12-13 01:41:46,428 - pytorch_cvae.py[line:170] - INFO: ----------------------------No.65 epoch----------------------------
2022-12-13 01:41:46,428 - pytorch_cvae.py[line:177] - INFO: loss:1946.234839396784, numeric_loss:34.92559316909902, categorical_loss:1101.6162380499009, kld_loss:1934.8763693238725, epoch_train_time:43.940871082246304
2022-12-13 01:42:30,437 - pytorch_cvae.py[line:170] - INFO: ----------------------------No.66 epoch----------------------------
2022-12-13 01:42:30,437 - pytorch_cvae.py[line:177] - INFO: loss:1986.0958350751898, numeric_loss:34.83869594697872, categorical_loss:1141.039305620623, kld_loss:1868.603564665129, epoch_train_time:44.009164253249764
2022-12-13 01:43:14,209 - pytorch_cvae.py[line:170] - INFO: ----------------------------No.67 epoch----------------------------
2022-12-13 01:43:14,209 - pytorch_cvae.py[line:177] - INFO: loss:2051.7082285819633, numeric_loss:33.27097106159435, categorical_loss:1204.9418748001626, kld_loss:1812.5387772627873, epoch_train_time:43.77173953875899
2022-12-13 01:43:58,217 - pytorch_cvae.py[line:170] - INFO: ----------------------------No.68 epoch----------------------------
2022-12-13 01:43:58,217 - pytorch_cvae.py[line:177] - INFO: loss:2025.3534566726885, numeric_loss:33.56595589562917, categorical_loss:1151.5308974413492, kld_loss:1810.486482907494, epoch_train_time:44.0076647400856
2022-12-13 01:44:42,165 - pytorch_cvae.py[line:170] - INFO: ----------------------------No.69 epoch----------------------------
2022-12-13 01:44:42,165 - pytorch_cvae.py[line:177] - INFO: loss:2067.792180256074, numeric_loss:32.908298821965424, categorical_loss:1188.9624350437953, kld_loss:1764.4071912193322, epoch_train_time:43.94804122298956
2022-12-13 01:45:26,318 - pytorch_cvae.py[line:170] - INFO: ----------------------------No.70 epoch----------------------------
2022-12-13 01:45:26,318 - pytorch_cvae.py[line:177] - INFO: loss:2188.287191975309, numeric_loss:32.532824283082135, categorical_loss:1293.0570779039117, kld_loss:1743.6003584090504, epoch_train_time:44.15308025851846
2022-12-13 01:46:10,427 - pytorch_cvae.py[line:170] - INFO: ----------------------------No.71 epoch----------------------------
2022-12-13 01:46:10,427 - pytorch_cvae.py[line:177] - INFO: loss:2129.3010307656077, numeric_loss:31.848917035600977, categorical_loss:1257.5579734216735, kld_loss:1646.5202988346573, epoch_train_time:44.10889515746385
2022-12-13 01:46:54,504 - pytorch_cvae.py[line:170] - INFO: ----------------------------No.72 epoch----------------------------
2022-12-13 01:46:54,504 - pytorch_cvae.py[line:177] - INFO: loss:2204.826894329628, numeric_loss:30.690174361582706, categorical_loss:1323.240845244669, kld_loss:1619.598073872854, epoch_train_time:44.076159241609275
2022-12-13 01:47:38,271 - pytorch_cvae.py[line:170] - INFO: ----------------------------No.73 epoch----------------------------
2022-12-13 01:47:38,271 - pytorch_cvae.py[line:177] - INFO: loss:2130.052066671051, numeric_loss:29.888637850110506, categorical_loss:1300.9262522460194, kld_loss:1478.5265657936689, epoch_train_time:43.767150308936834
2022-12-13 01:48:22,095 - pytorch_cvae.py[line:170] - INFO: ----------------------------No.74 epoch----------------------------
2022-12-13 01:48:22,095 - pytorch_cvae.py[line:177] - INFO: loss:2166.2700738796266, numeric_loss:29.5044797088267, categorical_loss:1297.6216801690462, kld_loss:1510.2428213075618, epoch_train_time:43.82423978950828
2022-12-13 01:49:05,788 - pytorch_cvae.py[line:170] - INFO: ----------------------------No.75 epoch----------------------------
2022-12-13 01:49:05,788 - pytorch_cvae.py[line:177] - INFO: loss:2259.273386976216, numeric_loss:29.38481938795396, categorical_loss:1372.0649258088379, kld_loss:1503.4866159952362, epoch_train_time:43.69270061887801
2022-12-13 01:49:49,640 - pytorch_cvae.py[line:170] - INFO: ----------------------------No.76 epoch----------------------------
2022-12-13 01:49:49,640 - pytorch_cvae.py[line:177] - INFO: loss:2292.3817077181593, numeric_loss:29.77634559656989, categorical_loss:1412.463617016474, kld_loss:1452.5074567199335, epoch_train_time:43.8514413991943
2022-12-13 01:50:33,747 - pytorch_cvae.py[line:170] - INFO: ----------------------------No.77 epoch----------------------------
2022-12-13 01:50:33,747 - pytorch_cvae.py[line:177] - INFO: loss:2306.0574969688896, numeric_loss:29.69201708065214, categorical_loss:1412.2171022277907, kld_loss:1440.7052355396445, epoch_train_time:44.10686045791954
2022-12-13 01:51:17,865 - pytorch_cvae.py[line:170] - INFO: ----------------------------No.78 epoch----------------------------
2022-12-13 01:51:17,865 - pytorch_cvae.py[line:177] - INFO: loss:2293.200997464679, numeric_loss:29.63083248608713, categorical_loss:1417.343601239816, kld_loss:1378.0581770210993, epoch_train_time:44.11805728264153
2022-12-13 01:52:01,733 - pytorch_cvae.py[line:170] - INFO: ----------------------------No.79 epoch----------------------------
2022-12-13 01:52:01,733 - pytorch_cvae.py[line:177] - INFO: loss:2323.512692661956, numeric_loss:28.798818266433265, categorical_loss:1455.461659499124, kld_loss:1336.2931977761327, epoch_train_time:43.86789739597589
2022-12-13 01:52:45,750 - pytorch_cvae.py[line:170] - INFO: ----------------------------No.80 epoch----------------------------
2022-12-13 01:52:45,750 - pytorch_cvae.py[line:177] - INFO: loss:2234.3748041406216, numeric_loss:29.289129681062953, categorical_loss:1408.940992770251, kld_loss:1240.6918596703908, epoch_train_time:44.01685774512589
2022-12-13 01:53:29,728 - pytorch_cvae.py[line:170] - INFO: ----------------------------No.81 epoch----------------------------
2022-12-13 01:53:29,729 - pytorch_cvae.py[line:177] - INFO: loss:2339.5831285502936, numeric_loss:28.605769339463656, categorical_loss:1499.7289154234459, kld_loss:1238.5763783572474, epoch_train_time:43.97804340347648
2022-12-13 01:54:13,393 - pytorch_cvae.py[line:170] - INFO: ----------------------------No.82 epoch----------------------------
2022-12-13 01:54:13,393 - pytorch_cvae.py[line:177] - INFO: loss:2300.3603423947934, numeric_loss:28.432603544605705, categorical_loss:1520.3358078184247, kld_loss:1125.3361563691287, epoch_train_time:43.66468660160899
2022-12-13 01:54:57,242 - pytorch_cvae.py[line:170] - INFO: ----------------------------No.83 epoch----------------------------
2022-12-13 01:54:57,242 - pytorch_cvae.py[line:177] - INFO: loss:2318.8337762865413, numeric_loss:27.402080329658858, categorical_loss:1521.0167795052694, kld_loss:1132.3753006226616, epoch_train_time:43.848066456615925
2022-12-13 01:55:41,261 - pytorch_cvae.py[line:170] - INFO: ----------------------------No.84 epoch----------------------------
2022-12-13 01:55:41,262 - pytorch_cvae.py[line:177] - INFO: loss:2340.8516032267653, numeric_loss:27.529195924565173, categorical_loss:1582.1197873128403, kld_loss:1056.0957857712638, epoch_train_time:44.01972230896354
2022-12-13 01:56:25,119 - pytorch_cvae.py[line:170] - INFO: ----------------------------No.85 epoch----------------------------
2022-12-13 01:56:25,119 - pytorch_cvae.py[line:177] - INFO: loss:2325.5940879212867, numeric_loss:27.148510629408747, categorical_loss:1614.929774814169, kld_loss:971.0649285240215, epoch_train_time:43.85767733026296
2022-12-13 01:57:09,155 - pytorch_cvae.py[line:170] - INFO: ----------------------------No.86 epoch----------------------------
2022-12-13 01:57:09,155 - pytorch_cvae.py[line:177] - INFO: loss:2293.4224089152995, numeric_loss:26.693995826012802, categorical_loss:1624.814576649631, kld_loss:897.9349269128288, epoch_train_time:44.03569522779435
2022-12-13 01:57:52,854 - pytorch_cvae.py[line:170] - INFO: ----------------------------No.87 epoch----------------------------
2022-12-13 01:57:52,854 - pytorch_cvae.py[line:177] - INFO: loss:2351.182209168881, numeric_loss:27.119802131703786, categorical_loss:1722.4221908595646, kld_loss:829.4834287131089, epoch_train_time:43.69872453715652
2022-12-13 01:58:36,815 - pytorch_cvae.py[line:170] - INFO: ----------------------------No.88 epoch----------------------------
2022-12-13 01:58:36,815 - pytorch_cvae.py[line:177] - INFO: loss:2332.839786811528, numeric_loss:26.834143712451763, categorical_loss:1760.1590775437362, kld_loss:742.4692503322731, epoch_train_time:43.96081607043743
2022-12-13 01:59:20,344 - pytorch_cvae.py[line:170] - INFO: ----------------------------No.89 epoch----------------------------
2022-12-13 01:59:20,344 - pytorch_cvae.py[line:177] - INFO: loss:2397.1712514549436, numeric_loss:27.037321306097134, categorical_loss:1856.651304291212, kld_loss:689.7710777848843, epoch_train_time:43.528474640101194
2022-12-13 02:00:03,993 - pytorch_cvae.py[line:170] - INFO: ----------------------------No.90 epoch----------------------------
2022-12-13 02:00:03,993 - pytorch_cvae.py[line:177] - INFO: loss:2316.361366485129, numeric_loss:26.706613089655065, categorical_loss:1868.0397923494747, kld_loss:559.887589818507, epoch_train_time:43.64907614514232
2022-12-13 02:00:48,026 - pytorch_cvae.py[line:170] - INFO: ----------------------------No.91 epoch----------------------------
2022-12-13 02:00:48,026 - pytorch_cvae.py[line:177] - INFO: loss:2359.102538703766, numeric_loss:26.930268670852968, categorical_loss:1935.5202581562044, kld_loss:521.2360047686379, epoch_train_time:44.03303924482316
2022-12-13 02:01:31,935 - pytorch_cvae.py[line:170] - INFO: ----------------------------No.92 epoch----------------------------
2022-12-13 02:01:31,935 - pytorch_cvae.py[line:177] - INFO: loss:2290.34227085617, numeric_loss:27.128405446817084, categorical_loss:1903.9146321447042, kld_loss:467.68693831324345, epoch_train_time:43.90882345661521
2022-12-13 02:02:15,923 - pytorch_cvae.py[line:170] - INFO: ----------------------------No.93 epoch----------------------------
2022-12-13 02:02:15,923 - pytorch_cvae.py[line:177] - INFO: loss:2268.9780332190567, numeric_loss:26.979215955605923, categorical_loss:1912.4873998839175, kld_loss:425.28290100954473, epoch_train_time:43.9878296777606
2022-12-13 02:02:59,813 - pytorch_cvae.py[line:170] - INFO: ----------------------------No.94 epoch----------------------------
2022-12-13 02:02:59,813 - pytorch_cvae.py[line:177] - INFO: loss:2366.041107579891, numeric_loss:27.2697882086807, categorical_loss:1980.8064070728724, kld_loss:458.5542048389325, epoch_train_time:43.88945665862411
2022-12-13 02:03:43,625 - pytorch_cvae.py[line:170] - INFO: ----------------------------No.95 epoch----------------------------
2022-12-13 02:03:43,626 - pytorch_cvae.py[line:177] - INFO: loss:2503.0802754763863, numeric_loss:27.430154573171926, categorical_loss:2065.288614683639, kld_loss:522.2686214046553, epoch_train_time:43.8124152161181
2022-12-13 02:04:27,457 - pytorch_cvae.py[line:170] - INFO: ----------------------------No.96 epoch----------------------------
2022-12-13 02:04:27,457 - pytorch_cvae.py[line:177] - INFO: loss:2426.790926477377, numeric_loss:27.45978032069475, categorical_loss:1990.735667120287, kld_loss:517.1687202543253, epoch_train_time:43.83168753609061
2022-12-13 02:05:11,376 - pytorch_cvae.py[line:170] - INFO: ----------------------------No.97 epoch----------------------------
2022-12-13 02:05:11,376 - pytorch_cvae.py[line:177] - INFO: loss:2490.959881331568, numeric_loss:27.47747698907331, categorical_loss:2053.985536825814, kld_loss:515.9824836240732, epoch_train_time:43.918087620288134
2022-12-13 02:05:55,142 - pytorch_cvae.py[line:170] - INFO: ----------------------------No.98 epoch----------------------------
2022-12-13 02:05:55,142 - pytorch_cvae.py[line:177] - INFO: loss:2402.767550793331, numeric_loss:27.266126024335556, categorical_loss:1993.1230808167602, kld_loss:480.1286345462722, epoch_train_time:43.766497942619026
2022-12-13 02:06:38,679 - pytorch_cvae.py[line:170] - INFO: ----------------------------No.99 epoch----------------------------
2022-12-13 02:06:38,679 - pytorch_cvae.py[line:177] - INFO: loss:2508.690400674357, numeric_loss:27.63795855844837, categorical_loss:2054.1960204657225, kld_loss:534.6387379938096, epoch_train_time:43.536127551458776
2022-12-13 02:07:22,355 - pytorch_cvae.py[line:170] - INFO: ----------------------------No.100 epoch----------------------------
2022-12-13 02:07:22,355 - pytorch_cvae.py[line:177] - INFO: loss:2383.4120108747156, numeric_loss:27.325174570264807, categorical_loss:1985.939455647458, kld_loss:462.9156162078143, epoch_train_time:43.676080727018416
2022-12-13 02:08:06,325 - pytorch_cvae.py[line:170] - INFO: ----------------------------No.101 epoch----------------------------
2022-12-13 02:08:06,325 - pytorch_cvae.py[line:177] - INFO: loss:2376.014263565041, numeric_loss:27.321870843349213, categorical_loss:2018.8917612961377, kld_loss:412.25078613404185, epoch_train_time:43.96984266489744
2022-12-13 02:08:50,057 - pytorch_cvae.py[line:170] - INFO: ----------------------------No.102 epoch----------------------------
2022-12-13 02:08:50,057 - pytorch_cvae.py[line:177] - INFO: loss:2482.605826444895, numeric_loss:27.660694994030308, categorical_loss:2091.92113934175, kld_loss:453.7799755622982, epoch_train_time:43.732404028996825
2022-12-13 02:09:33,896 - pytorch_cvae.py[line:170] - INFO: ----------------------------No.103 epoch----------------------------
2022-12-13 02:09:33,896 - pytorch_cvae.py[line:177] - INFO: loss:2590.9030724464974, numeric_loss:27.469843798644, categorical_loss:2133.755976677203, kld_loss:537.0965649083373, epoch_train_time:43.83843180630356
2022-12-13 02:10:17,910 - pytorch_cvae.py[line:170] - INFO: ----------------------------No.104 epoch----------------------------
2022-12-13 02:10:17,910 - pytorch_cvae.py[line:177] - INFO: loss:2383.170562855783, numeric_loss:27.56819560463226, categorical_loss:2002.6451732395217, kld_loss:441.1964855202241, epoch_train_time:44.01391085051
2022-12-13 02:11:01,762 - pytorch_cvae.py[line:170] - INFO: ----------------------------No.105 epoch----------------------------
2022-12-13 02:11:01,762 - pytorch_cvae.py[line:177] - INFO: loss:2432.180724389036, numeric_loss:27.54248183457862, categorical_loss:2025.5384836663143, kld_loss:473.8746942143771, epoch_train_time:43.851762583479285
2022-12-13 02:11:45,823 - pytorch_cvae.py[line:170] - INFO: ----------------------------No.106 epoch----------------------------
2022-12-13 02:11:45,823 - pytorch_cvae.py[line:177] - INFO: loss:2295.241331917321, numeric_loss:27.348480411268035, categorical_loss:1937.2858760665695, kld_loss:413.2587177627138, epoch_train_time:44.06093475967646
2022-12-13 02:12:29,828 - pytorch_cvae.py[line:170] - INFO: ----------------------------No.107 epoch----------------------------
2022-12-13 02:12:29,828 - pytorch_cvae.py[line:177] - INFO: loss:2325.7806330537132, numeric_loss:27.60854400650117, categorical_loss:1998.2530496924883, kld_loss:374.89878645629506, epoch_train_time:44.00510280393064
2022-12-13 02:13:13,591 - pytorch_cvae.py[line:170] - INFO: ----------------------------No.108 epoch----------------------------
2022-12-13 02:13:13,591 - pytorch_cvae.py[line:177] - INFO: loss:2304.2496423069097, numeric_loss:27.44424760672331, categorical_loss:2014.581872140785, kld_loss:327.77940012395266, epoch_train_time:43.76247638370842
2022-12-13 02:13:57,669 - pytorch_cvae.py[line:170] - INFO: ----------------------------No.109 epoch----------------------------
2022-12-13 02:13:57,669 - pytorch_cvae.py[line:177] - INFO: loss:2443.5014070345787, numeric_loss:27.50716482879111, categorical_loss:2109.0102206060255, kld_loss:383.7300188516674, epoch_train_time:44.07748325075954
2022-12-13 02:14:41,516 - pytorch_cvae.py[line:170] - INFO: ----------------------------No.110 epoch----------------------------
2022-12-13 02:14:41,517 - pytorch_cvae.py[line:177] - INFO: loss:2363.8755457877705, numeric_loss:27.645757745026927, categorical_loss:2050.5065118339553, kld_loss:357.15409441225347, epoch_train_time:43.8475886574015
2022-12-13 02:15:25,619 - pytorch_cvae.py[line:170] - INFO: ----------------------------No.111 epoch----------------------------
2022-12-13 02:15:25,620 - pytorch_cvae.py[line:177] - INFO: loss:2306.2634561206796, numeric_loss:27.41008801767144, categorical_loss:2034.6480764563312, kld_loss:305.25660711622913, epoch_train_time:44.10281654354185
2022-12-13 02:16:09,302 - pytorch_cvae.py[line:170] - INFO: ----------------------------No.112 epoch----------------------------
2022-12-13 02:16:09,302 - pytorch_cvae.py[line:177] - INFO: loss:2320.805131826026, numeric_loss:27.287766392118115, categorical_loss:2045.6928624852444, kld_loss:309.7806254621246, epoch_train_time:43.68188655376434
2022-12-13 02:16:53,174 - pytorch_cvae.py[line:170] - INFO: ----------------------------No.113 epoch----------------------------
2022-12-13 02:16:53,174 - pytorch_cvae.py[line:177] - INFO: loss:2326.852253826859, numeric_loss:27.285566764620327, categorical_loss:2060.968704568746, kld_loss:298.24746974388836, epoch_train_time:43.871875178068876
2022-12-13 02:17:37,207 - pytorch_cvae.py[line:170] - INFO: ----------------------------No.114 epoch----------------------------
2022-12-13 02:17:37,207 - pytorch_cvae.py[line:177] - INFO: loss:2290.4368491950445, numeric_loss:27.174496283970313, categorical_loss:2047.9110580037232, kld_loss:269.1891128371062, epoch_train_time:44.0332210380584
2022-12-13 02:18:21,243 - pytorch_cvae.py[line:170] - INFO: ----------------------------No.115 epoch----------------------------
2022-12-13 02:18:21,244 - pytorch_cvae.py[line:177] - INFO: loss:2332.0184372987715, numeric_loss:27.398629934561683, categorical_loss:2079.4136008242494, kld_loss:281.5077606518171, epoch_train_time:44.03631040547043
2022-12-13 02:19:05,257 - pytorch_cvae.py[line:170] - INFO: ----------------------------No.116 epoch----------------------------
2022-12-13 02:19:05,257 - pytorch_cvae.py[line:177] - INFO: loss:2258.3272923654877, numeric_loss:27.26020273294335, categorical_loss:2038.1250658017525, kld_loss:241.1775285996846, epoch_train_time:44.01316812634468
2022-12-13 02:19:49,023 - pytorch_cvae.py[line:170] - INFO: ----------------------------No.117 epoch----------------------------
2022-12-13 02:19:49,023 - pytorch_cvae.py[line:177] - INFO: loss:2378.9075373757514, numeric_loss:27.478651324046815, categorical_loss:2150.6648652928125, kld_loss:250.95502421422862, epoch_train_time:43.76559264957905
2022-12-13 02:20:33,183 - pytorch_cvae.py[line:170] - INFO: ----------------------------No.118 epoch----------------------------
2022-12-13 02:20:33,183 - pytorch_cvae.py[line:177] - INFO: loss:2262.846062395547, numeric_loss:27.134150992890724, categorical_loss:2059.7051553837373, kld_loss:220.00844388472615, epoch_train_time:44.16027781367302
2022-12-13 02:21:17,148 - pytorch_cvae.py[line:170] - INFO: ----------------------------No.119 epoch----------------------------
2022-12-13 02:21:17,148 - pytorch_cvae.py[line:177] - INFO: loss:2210.119537155493, numeric_loss:27.281812287093558, categorical_loss:2026.4812926321756, kld_loss:195.44553927966626, epoch_train_time:43.964873354882
2022-12-13 02:22:01,330 - pytorch_cvae.py[line:170] - INFO: ----------------------------No.120 epoch----------------------------
2022-12-13 02:22:01,330 - pytorch_cvae.py[line:177] - INFO: loss:2308.1167549276724, numeric_loss:27.280419181389817, categorical_loss:2088.0054223721963, kld_loss:241.03863908920903, epoch_train_time:44.1813778039068
2022-12-13 02:22:45,336 - pytorch_cvae.py[line:170] - INFO: ----------------------------No.121 epoch----------------------------
2022-12-13 02:22:45,336 - pytorch_cvae.py[line:177] - INFO: loss:2364.209862327494, numeric_loss:27.365496676079317, categorical_loss:2122.891116908315, kld_loss:267.4415622544475, epoch_train_time:44.00635557901114
2022-12-13 02:23:29,258 - pytorch_cvae.py[line:170] - INFO: ----------------------------No.122 epoch----------------------------
2022-12-13 02:23:29,258 - pytorch_cvae.py[line:177] - INFO: loss:2396.5713293876615, numeric_loss:27.552692946116366, categorical_loss:2128.399360157986, kld_loss:300.77409017586615, epoch_train_time:43.92149436660111
2022-12-13 02:24:13,186 - pytorch_cvae.py[line:170] - INFO: ----------------------------No.123 epoch----------------------------
2022-12-13 02:24:13,186 - pytorch_cvae.py[line:177] - INFO: loss:2300.335696126742, numeric_loss:27.58975172496195, categorical_loss:2068.055600855936, kld_loss:255.8629299827153, epoch_train_time:43.927930776029825
2022-12-13 02:24:57,261 - pytorch_cvae.py[line:170] - INFO: ----------------------------No.124 epoch----------------------------
2022-12-13 02:24:57,261 - pytorch_cvae.py[line:177] - INFO: loss:2271.0015452938387, numeric_loss:27.348110167241018, categorical_loss:2052.7428133267676, kld_loss:238.63827433355618, epoch_train_time:44.074841792695224
2022-12-13 02:25:41,195 - pytorch_cvae.py[line:170] - INFO: ----------------------------No.125 epoch----------------------------
2022-12-13 02:25:41,195 - pytorch_cvae.py[line:177] - INFO: loss:2424.210261574568, numeric_loss:28.22281566952023, categorical_loss:2157.8681316379516, kld_loss:297.64914131117985, epoch_train_time:43.93361896555871
2022-12-13 02:26:25,339 - pytorch_cvae.py[line:170] - INFO: ----------------------------No.126 epoch----------------------------
2022-12-13 02:26:25,339 - pytorch_cvae.py[line:177] - INFO: loss:2253.0565844933735, numeric_loss:27.43409982027311, categorical_loss:2077.4997220857767, kld_loss:185.1534482536954, epoch_train_time:44.14441135618836
2022-12-13 02:27:09,415 - pytorch_cvae.py[line:170] - INFO: ----------------------------No.127 epoch----------------------------
2022-12-13 02:27:09,415 - pytorch_cvae.py[line:177] - INFO: loss:2335.154613421124, numeric_loss:27.44488218095214, categorical_loss:2084.657349451387, kld_loss:278.8154740599566, epoch_train_time:44.07554345391691
2022-12-13 02:27:53,120 - pytorch_cvae.py[line:170] - INFO: ----------------------------No.128 epoch----------------------------
2022-12-13 02:27:53,120 - pytorch_cvae.py[line:177] - INFO: loss:2296.094460110937, numeric_loss:27.593560258159144, categorical_loss:2050.62433125003, kld_loss:272.3457051941077, epoch_train_time:43.70475691277534
2022-12-13 02:28:37,087 - pytorch_cvae.py[line:170] - INFO: ----------------------------No.129 epoch----------------------------
2022-12-13 02:28:37,087 - pytorch_cvae.py[line:177] - INFO: loss:2241.5352467160847, numeric_loss:27.124554805891172, categorical_loss:2035.2518306575366, kld_loss:223.94856873812387, epoch_train_time:43.96712656226009
2022-12-13 02:29:21,042 - pytorch_cvae.py[line:170] - INFO: ----------------------------No.130 epoch----------------------------
2022-12-13 02:29:21,042 - pytorch_cvae.py[line:177] - INFO: loss:2243.983480104769, numeric_loss:27.177013148733838, categorical_loss:2044.0535563658923, kld_loss:215.94113104906864, epoch_train_time:43.9547910830006
2022-12-13 02:30:04,915 - pytorch_cvae.py[line:170] - INFO: ----------------------------No.131 epoch----------------------------
2022-12-13 02:30:04,916 - pytorch_cvae.py[line:177] - INFO: loss:2248.7003486397443, numeric_loss:27.462634043978706, categorical_loss:2036.5059032366844, kld_loss:230.9147587105399, epoch_train_time:43.87309615314007
2022-12-13 02:30:48,780 - pytorch_cvae.py[line:170] - INFO: ----------------------------No.132 epoch----------------------------
2022-12-13 02:30:48,780 - pytorch_cvae.py[line:177] - INFO: loss:2374.3803519813227, numeric_loss:27.44419245688253, categorical_loss:2127.8629689863883, kld_loss:273.84148668992566, epoch_train_time:43.86413801368326
2022-12-13 02:31:32,614 - pytorch_cvae.py[line:170] - INFO: ----------------------------No.133 epoch----------------------------
2022-12-13 02:31:32,614 - pytorch_cvae.py[line:177] - INFO: loss:2320.976986083726, numeric_loss:27.93627129936229, categorical_loss:2070.1911656223238, kld_loss:278.5619398695417, epoch_train_time:43.83380575943738
2022-12-13 02:32:16,491 - pytorch_cvae.py[line:170] - INFO: ----------------------------No.134 epoch----------------------------
2022-12-13 02:32:16,491 - pytorch_cvae.py[line:177] - INFO: loss:2411.5379952213843, numeric_loss:27.449278024866267, categorical_loss:2165.716501161456, kld_loss:272.96526675194036, epoch_train_time:43.87723171338439
2022-12-13 02:33:00,464 - pytorch_cvae.py[line:170] - INFO: ----------------------------No.135 epoch----------------------------
2022-12-13 02:33:00,464 - pytorch_cvae.py[line:177] - INFO: loss:2250.216494974913, numeric_loss:27.410557000982443, categorical_loss:2036.5069659430883, kld_loss:232.8737089667702, epoch_train_time:43.97261073999107
2022-12-13 02:33:44,453 - pytorch_cvae.py[line:170] - INFO: ----------------------------No.136 epoch----------------------------
2022-12-13 02:33:44,453 - pytorch_cvae.py[line:177] - INFO: loss:2352.5434254728025, numeric_loss:27.47275897298172, categorical_loss:2098.852010244096, kld_loss:282.77332185121486, epoch_train_time:43.988588474690914
2022-12-13 02:34:28,213 - pytorch_cvae.py[line:170] - INFO: ----------------------------No.137 epoch----------------------------
2022-12-13 02:34:28,213 - pytorch_cvae.py[line:177] - INFO: loss:2351.511714226275, numeric_loss:27.51717214704346, categorical_loss:2133.2771100000245, kld_loss:238.39679169573355, epoch_train_time:43.76010568719357
2022-12-13 02:35:11,898 - pytorch_cvae.py[line:170] - INFO: ----------------------------No.138 epoch----------------------------
2022-12-13 02:35:11,898 - pytorch_cvae.py[line:177] - INFO: loss:2279.6957662748755, numeric_loss:27.234155547463274, categorical_loss:2071.1983883457724, kld_loss:226.57902434578864, epoch_train_time:43.68436841573566
2022-12-13 02:35:55,644 - pytorch_cvae.py[line:170] - INFO: ----------------------------No.139 epoch----------------------------
2022-12-13 02:35:55,644 - pytorch_cvae.py[line:177] - INFO: loss:2399.108961555263, numeric_loss:27.593386153748114, categorical_loss:2185.722403822205, kld_loss:232.24146703316364, epoch_train_time:43.746219385415316
2022-12-13 02:36:39,466 - pytorch_cvae.py[line:170] - INFO: ----------------------------No.140 epoch----------------------------
2022-12-13 02:36:39,466 - pytorch_cvae.py[line:177] - INFO: loss:2374.3398215954076, numeric_loss:27.354743741933298, categorical_loss:2141.4654760071426, kld_loss:256.8994940875564, epoch_train_time:43.82183473743498
2022-12-13 02:37:23,037 - pytorch_cvae.py[line:170] - INFO: ----------------------------No.141 epoch----------------------------
2022-12-13 02:37:23,037 - pytorch_cvae.py[line:177] - INFO: loss:2443.288908541581, numeric_loss:27.72221970836833, categorical_loss:2203.7748272940516, kld_loss:264.73982536938274, epoch_train_time:43.57100262213498
2022-12-13 02:38:06,906 - pytorch_cvae.py[line:170] - INFO: ----------------------------No.142 epoch----------------------------
2022-12-13 02:38:06,906 - pytorch_cvae.py[line:177] - INFO: loss:2305.014869038365, numeric_loss:27.495809827704246, categorical_loss:2122.5643764130073, kld_loss:193.6933461173321, epoch_train_time:43.8687956109643
2022-12-13 02:38:51,032 - pytorch_cvae.py[line:170] - INFO: ----------------------------No.143 epoch----------------------------
2022-12-13 02:38:51,032 - pytorch_cvae.py[line:177] - INFO: loss:2304.7339835024322, numeric_loss:27.282419377685148, categorical_loss:2130.751444514899, kld_loss:183.37514674203703, epoch_train_time:44.12590439990163
2022-12-13 02:39:35,036 - pytorch_cvae.py[line:170] - INFO: ----------------------------No.144 epoch----------------------------
2022-12-13 02:39:35,036 - pytorch_cvae.py[line:177] - INFO: loss:2283.9824963941355, numeric_loss:27.42678870495113, categorical_loss:2101.4957170577836, kld_loss:193.8249837087351, epoch_train_time:44.003458892926574
2022-12-13 02:40:19,154 - pytorch_cvae.py[line:170] - INFO: ----------------------------No.145 epoch----------------------------
2022-12-13 02:40:19,154 - pytorch_cvae.py[line:177] - INFO: loss:2440.8480612781714, numeric_loss:27.5464562479343, categorical_loss:2200.814998304937, kld_loss:265.6082493161666, epoch_train_time:44.11825102940202
2022-12-13 02:41:03,215 - pytorch_cvae.py[line:170] - INFO: ----------------------------No.146 epoch----------------------------
2022-12-13 02:41:03,215 - pytorch_cvae.py[line:177] - INFO: loss:2236.87240002444, numeric_loss:27.418091983000345, categorical_loss:2049.5855318629765, kld_loss:199.8359661946888, epoch_train_time:44.06038714945316
2022-12-13 02:41:47,290 - pytorch_cvae.py[line:170] - INFO: ----------------------------No.147 epoch----------------------------
2022-12-13 02:41:47,291 - pytorch_cvae.py[line:177] - INFO: loss:2242.4794951064396, numeric_loss:27.5137541262187, categorical_loss:2043.4353387751617, kld_loss:214.4130020768498, epoch_train_time:44.07540966756642
2022-12-13 02:42:31,160 - pytorch_cvae.py[line:170] - INFO: ----------------------------No.148 epoch----------------------------
2022-12-13 02:42:31,160 - pytorch_cvae.py[line:177] - INFO: loss:2278.236731026671, numeric_loss:27.77707563656096, categorical_loss:2083.746203852701, kld_loss:208.39181060402188, epoch_train_time:43.86980910692364
2022-12-13 02:43:15,006 - pytorch_cvae.py[line:170] - INFO: ----------------------------No.149 epoch----------------------------
2022-12-13 02:43:15,006 - pytorch_cvae.py[line:177] - INFO: loss:2268.3596643466153, numeric_loss:27.577194167826104, categorical_loss:2082.2799233996775, kld_loss:198.1281807446503, epoch_train_time:43.84540891461074
2022-12-13 02:43:58,803 - pytorch_cvae.py[line:170] - INFO: ----------------------------No.150 epoch----------------------------
2022-12-13 02:43:58,803 - pytorch_cvae.py[line:177] - INFO: loss:2276.0880613444024, numeric_loss:27.419716030801112, categorical_loss:2083.557346760819, kld_loss:206.38874292030232, epoch_train_time:43.79716858547181
2022-12-13 02:44:42,947 - pytorch_cvae.py[line:170] - INFO: ----------------------------No.151 epoch----------------------------
2022-12-13 02:44:42,947 - pytorch_cvae.py[line:177] - INFO: loss:2283.5491234734072, numeric_loss:27.393861955113778, categorical_loss:2070.824312602519, kld_loss:231.663677072851, epoch_train_time:44.1437408272177
2022-12-13 02:45:26,989 - pytorch_cvae.py[line:170] - INFO: ----------------------------No.152 epoch----------------------------
2022-12-13 02:45:26,989 - pytorch_cvae.py[line:177] - INFO: loss:2468.480878459697, numeric_loss:27.694638506225076, categorical_loss:2227.3307427678956, kld_loss:266.8193708990584, epoch_train_time:44.041795855388045
2022-12-13 02:46:10,916 - pytorch_cvae.py[line:170] - INFO: ----------------------------No.153 epoch----------------------------
2022-12-13 02:46:10,916 - pytorch_cvae.py[line:177] - INFO: loss:2213.1955541887437, numeric_loss:27.414734804590065, categorical_loss:2026.5172195633058, kld_loss:199.0795007686247, epoch_train_time:43.92617422528565
2022-12-13 02:46:54,797 - pytorch_cvae.py[line:170] - INFO: ----------------------------No.154 epoch----------------------------
2022-12-13 02:46:54,797 - pytorch_cvae.py[line:177] - INFO: loss:2265.8752413274487, numeric_loss:27.229487399863306, categorical_loss:2086.5182844153605, kld_loss:190.15933684795164, epoch_train_time:43.88100947625935
2022-12-13 02:47:38,486 - pytorch_cvae.py[line:170] - INFO: ----------------------------No.155 epoch----------------------------
2022-12-13 02:47:38,486 - pytorch_cvae.py[line:177] - INFO: loss:2415.313937745319, numeric_loss:27.594502096529645, categorical_loss:2193.469534290023, kld_loss:242.81237742456142, epoch_train_time:43.68912810552865
2022-12-13 02:48:22,151 - pytorch_cvae.py[line:170] - INFO: ----------------------------No.156 epoch----------------------------
2022-12-13 02:48:22,152 - pytorch_cvae.py[line:177] - INFO: loss:2333.4611912769033, numeric_loss:27.442192848033525, categorical_loss:2133.4147148623597, kld_loss:215.75534726073965, epoch_train_time:43.665223989635706
2022-12-13 02:49:06,279 - pytorch_cvae.py[line:170] - INFO: ----------------------------No.157 epoch----------------------------
2022-12-13 02:49:06,279 - pytorch_cvae.py[line:177] - INFO: loss:2325.9865871414077, numeric_loss:27.4367680606042, categorical_loss:2111.8428388205357, kld_loss:233.3837222098955, epoch_train_time:44.127478680573404
2022-12-13 02:49:50,187 - pytorch_cvae.py[line:170] - INFO: ----------------------------No.158 epoch----------------------------
2022-12-13 02:49:50,187 - pytorch_cvae.py[line:177] - INFO: loss:2423.141661850561, numeric_loss:27.686536310844673, categorical_loss:2176.7617753573577, kld_loss:273.3666876258794, epoch_train_time:43.907371303997934
2022-12-13 02:50:34,138 - pytorch_cvae.py[line:170] - INFO: ----------------------------No.159 epoch----------------------------
2022-12-13 02:50:34,138 - pytorch_cvae.py[line:177] - INFO: loss:2261.5582106304937, numeric_loss:27.480205363342048, categorical_loss:2086.946029282466, kld_loss:183.91496634762734, epoch_train_time:43.95140242297202
2022-12-13 02:51:17,800 - pytorch_cvae.py[line:170] - INFO: ----------------------------No.160 epoch----------------------------
2022-12-13 02:51:17,800 - pytorch_cvae.py[line:177] - INFO: loss:2454.6431988707627, numeric_loss:27.720219838410117, categorical_loss:2211.6391129886033, kld_loss:269.10483207105426, epoch_train_time:43.66193064581603
2022-12-13 02:52:01,583 - pytorch_cvae.py[line:170] - INFO: ----------------------------No.161 epoch----------------------------
2022-12-13 02:52:01,583 - pytorch_cvae.py[line:177] - INFO: loss:2314.5706326211803, numeric_loss:27.537325199785652, categorical_loss:2105.5300542297773, kld_loss:226.87906358204782, epoch_train_time:43.78219317924231
2022-12-13 02:52:45,528 - pytorch_cvae.py[line:170] - INFO: ----------------------------No.162 epoch----------------------------
2022-12-13 02:52:45,528 - pytorch_cvae.py[line:177] - INFO: loss:2400.9324244601885, numeric_loss:27.955399985903526, categorical_loss:2140.770373786625, kld_loss:290.2583118028124, epoch_train_time:43.944781054742634
2022-12-13 02:53:24,593 - pytorch_cvae.py[line:170] - INFO: ----------------------------No.163 epoch----------------------------
2022-12-13 02:53:24,593 - pytorch_cvae.py[line:177] - INFO: loss:2207.4133850627695, numeric_loss:27.61562206220641, categorical_loss:1989.8894588893745, kld_loss:237.38537896209164, epoch_train_time:39.06542679853737
2022-12-13 02:53:57,327 - pytorch_cvae.py[line:170] - INFO: ----------------------------No.164 epoch----------------------------
2022-12-13 02:53:57,327 - pytorch_cvae.py[line:177] - INFO: loss:2231.759860151971, numeric_loss:27.762044679390943, categorical_loss:2018.7244034437463, kld_loss:231.5917655156809, epoch_train_time:32.733643538318574
2022-12-13 02:54:29,968 - pytorch_cvae.py[line:170] - INFO: ----------------------------No.165 epoch----------------------------
2022-12-13 02:54:29,968 - pytorch_cvae.py[line:177] - INFO: loss:2318.6898157001124, numeric_loss:27.932488444555297, categorical_loss:2043.929065410688, kld_loss:308.5353229835746, epoch_train_time:32.640257554128766
2022-12-13 02:55:02,655 - pytorch_cvae.py[line:170] - INFO: ----------------------------No.166 epoch----------------------------
2022-12-13 02:55:02,655 - pytorch_cvae.py[line:177] - INFO: loss:2211.149824358814, numeric_loss:27.907092720024686, categorical_loss:1955.3402310672682, kld_loss:284.87812098598806, epoch_train_time:32.6874695783481
2022-12-13 02:55:35,374 - pytorch_cvae.py[line:170] - INFO: ----------------------------No.167 epoch----------------------------
2022-12-13 02:55:35,374 - pytorch_cvae.py[line:177] - INFO: loss:2208.2230177429155, numeric_loss:28.122266669963764, categorical_loss:1933.709296947578, kld_loss:307.98931819730205, epoch_train_time:32.71897160168737
2022-12-13 02:56:08,155 - pytorch_cvae.py[line:170] - INFO: ----------------------------No.168 epoch----------------------------
2022-12-13 02:56:08,156 - pytorch_cvae.py[line:177] - INFO: loss:2200.189769643417, numeric_loss:28.225476195091737, categorical_loss:1946.5467939380906, kld_loss:281.77186748955864, epoch_train_time:32.78088066074997
2022-12-13 02:56:40,973 - pytorch_cvae.py[line:170] - INFO: ----------------------------No.169 epoch----------------------------
2022-12-13 02:56:40,973 - pytorch_cvae.py[line:177] - INFO: loss:2207.1702339324984, numeric_loss:28.0682869565265, categorical_loss:1966.6835604657535, kld_loss:265.52297556673875, epoch_train_time:32.81708990782499
2022-12-13 02:57:13,759 - pytorch_cvae.py[line:170] - INFO: ----------------------------No.170 epoch----------------------------
2022-12-13 02:57:13,760 - pytorch_cvae.py[line:177] - INFO: loss:2297.6672014617943, numeric_loss:28.004638341212697, categorical_loss:2018.0459529181244, kld_loss:314.52075381355826, epoch_train_time:32.78658379428089
2022-12-13 02:57:46,395 - pytorch_cvae.py[line:170] - INFO: ----------------------------No.171 epoch----------------------------
2022-12-13 02:57:46,395 - pytorch_cvae.py[line:177] - INFO: loss:2274.2726069597993, numeric_loss:28.196885016258065, categorical_loss:2010.7371914306423, kld_loss:294.17315298639005, epoch_train_time:32.63569858018309
2022-12-13 02:58:19,127 - pytorch_cvae.py[line:170] - INFO: ----------------------------No.172 epoch----------------------------
2022-12-13 02:58:19,127 - pytorch_cvae.py[line:177] - INFO: loss:2267.731882340042, numeric_loss:28.008481210894168, categorical_loss:2003.5607149240677, kld_loss:295.20335387275554, epoch_train_time:32.731847362592816
2022-12-13 02:58:51,828 - pytorch_cvae.py[line:170] - INFO: ----------------------------No.173 epoch----------------------------
2022-12-13 02:58:51,829 - pytorch_cvae.py[line:177] - INFO: loss:2265.574267194723, numeric_loss:28.096367281198305, categorical_loss:1991.2610823014984, kld_loss:307.77101559680887, epoch_train_time:32.701067759655416
2022-12-13 02:59:24,572 - pytorch_cvae.py[line:170] - INFO: ----------------------------No.174 epoch----------------------------
2022-12-13 02:59:24,572 - pytorch_cvae.py[line:177] - INFO: loss:2188.1009402232594, numeric_loss:27.868930144145896, categorical_loss:1956.8311215160647, kld_loss:254.25110325886635, epoch_train_time:32.743203359656036
2022-12-13 02:59:57,237 - pytorch_cvae.py[line:170] - INFO: ----------------------------No.175 epoch----------------------------
2022-12-13 02:59:57,237 - pytorch_cvae.py[line:177] - INFO: loss:2311.8522488974268, numeric_loss:27.90361620597331, categorical_loss:2029.1736012221663, kld_loss:318.46879310236545, epoch_train_time:32.66517130006105
2022-12-13 03:00:29,919 - pytorch_cvae.py[line:170] - INFO: ----------------------------No.176 epoch----------------------------
2022-12-13 03:00:29,919 - pytorch_cvae.py[line:177] - INFO: loss:2219.9733504405012, numeric_loss:28.049543689881197, categorical_loss:1991.6670788319316, kld_loss:250.3209031195729, epoch_train_time:32.681983788497746
2022-12-13 03:01:02,648 - pytorch_cvae.py[line:170] - INFO: ----------------------------No.177 epoch----------------------------
2022-12-13 03:01:02,648 - pytorch_cvae.py[line:177] - INFO: loss:2175.3069565083715, numeric_loss:27.868971078090937, categorical_loss:1940.2629308347823, kld_loss:258.9688131384901, epoch_train_time:32.728548688814044
2022-12-13 03:01:35,364 - pytorch_cvae.py[line:170] - INFO: ----------------------------No.178 epoch----------------------------
2022-12-13 03:01:35,364 - pytorch_cvae.py[line:177] - INFO: loss:2193.3454958819784, numeric_loss:27.687907879653455, categorical_loss:1969.7362266113632, kld_loss:244.901701233699, epoch_train_time:32.715731772594154
2022-12-13 03:02:08,169 - pytorch_cvae.py[line:170] - INFO: ----------------------------No.179 epoch----------------------------
2022-12-13 03:02:08,169 - pytorch_cvae.py[line:177] - INFO: loss:2348.6972284618532, numeric_loss:28.002785951182332, categorical_loss:2078.0392874326208, kld_loss:303.3189378028619, epoch_train_time:32.80519618932158
2022-12-13 03:02:40,833 - pytorch_cvae.py[line:170] - INFO: ----------------------------No.180 epoch----------------------------
2022-12-13 03:02:40,833 - pytorch_cvae.py[line:177] - INFO: loss:2241.787764356821, numeric_loss:27.737549237806512, categorical_loss:2015.421957787301, kld_loss:248.28531149408082, epoch_train_time:32.6633437005803
2022-12-13 03:03:13,533 - pytorch_cvae.py[line:170] - INFO: ----------------------------No.181 epoch----------------------------
2022-12-13 03:03:13,533 - pytorch_cvae.py[line:177] - INFO: loss:2387.5102170594037, numeric_loss:27.389651106869017, categorical_loss:2140.5295747088967, kld_loss:274.48873342736624, epoch_train_time:32.70025198534131
2022-12-13 03:03:46,408 - pytorch_cvae.py[line:170] - INFO: ----------------------------No.182 epoch----------------------------
2022-12-13 03:03:46,408 - pytorch_cvae.py[line:177] - INFO: loss:2498.458641044621, numeric_loss:27.527231988227612, categorical_loss:2233.8785048046266, kld_loss:296.316121136304, epoch_train_time:32.87494796793908
2022-12-13 03:04:19,161 - pytorch_cvae.py[line:170] - INFO: ----------------------------No.183 epoch----------------------------
2022-12-13 03:04:19,161 - pytorch_cvae.py[line:177] - INFO: loss:2334.998242441623, numeric_loss:27.51424092467345, categorical_loss:2119.718328190618, kld_loss:234.70708630239824, epoch_train_time:32.75237608049065
2022-12-13 03:04:52,017 - pytorch_cvae.py[line:170] - INFO: ----------------------------No.184 epoch----------------------------
2022-12-13 03:04:52,017 - pytorch_cvae.py[line:177] - INFO: loss:2383.615100254654, numeric_loss:27.741366476836248, categorical_loss:2162.2816257509403, kld_loss:241.99013535917038, epoch_train_time:32.856093499809504
2022-12-13 03:05:24,780 - pytorch_cvae.py[line:170] - INFO: ----------------------------No.185 epoch----------------------------
2022-12-13 03:05:24,780 - pytorch_cvae.py[line:177] - INFO: loss:2327.619465659838, numeric_loss:27.195339644692304, categorical_loss:2135.7963261886034, kld_loss:205.78474398312392, epoch_train_time:32.762996916659176
2022-12-13 03:05:57,416 - pytorch_cvae.py[line:170] - INFO: ----------------------------No.186 epoch----------------------------
2022-12-13 03:05:57,416 - pytorch_cvae.py[line:177] - INFO: loss:2258.7974852728657, numeric_loss:27.380570922824983, categorical_loss:2070.1697267148993, kld_loss:201.55897807126166, epoch_train_time:32.63538558129221
2022-12-13 03:06:30,214 - pytorch_cvae.py[line:170] - INFO: ----------------------------No.187 epoch----------------------------
2022-12-13 03:06:30,214 - pytorch_cvae.py[line:177] - INFO: loss:2400.711387402611, numeric_loss:27.419807988801765, categorical_loss:2152.821414521837, kld_loss:275.5877067907131, epoch_train_time:32.79778328444809
2022-12-13 03:07:02,948 - pytorch_cvae.py[line:170] - INFO: ----------------------------No.188 epoch----------------------------
2022-12-13 03:07:02,948 - pytorch_cvae.py[line:177] - INFO: loss:2263.6675808275468, numeric_loss:27.22819819474433, categorical_loss:2076.6024608086445, kld_loss:199.7961440824438, epoch_train_time:32.73366160038859
2022-12-13 03:07:35,731 - pytorch_cvae.py[line:170] - INFO: ----------------------------No.189 epoch----------------------------
2022-12-13 03:07:35,731 - pytorch_cvae.py[line:177] - INFO: loss:2280.5003681831877, numeric_loss:27.157116220783607, categorical_loss:2085.105078724271, kld_loss:210.29771155864, epoch_train_time:32.78274850919843
2022-12-13 03:08:08,383 - pytorch_cvae.py[line:170] - INFO: ----------------------------No.190 epoch----------------------------
2022-12-13 03:08:08,384 - pytorch_cvae.py[line:177] - INFO: loss:2427.1937536197365, numeric_loss:27.434835223070642, categorical_loss:2187.139657332853, kld_loss:265.77407710131956, epoch_train_time:32.65272703394294
2022-12-13 03:08:41,024 - pytorch_cvae.py[line:170] - INFO: ----------------------------No.191 epoch----------------------------
2022-12-13 03:08:41,024 - pytorch_cvae.py[line:177] - INFO: loss:2229.9079682090087, numeric_loss:27.05551641977328, categorical_loss:2043.6489654695615, kld_loss:199.00435340276454, epoch_train_time:32.6404835479334
2022-12-13 03:09:13,778 - pytorch_cvae.py[line:170] - INFO: ----------------------------No.192 epoch----------------------------
2022-12-13 03:09:13,779 - pytorch_cvae.py[line:177] - INFO: loss:2233.3261805498623, numeric_loss:27.058518496207864, categorical_loss:2048.87942407222, kld_loss:196.7352957779076, epoch_train_time:32.75417346134782
2022-12-13 03:09:46,447 - pytorch_cvae.py[line:170] - INFO: ----------------------------No.193 epoch----------------------------
2022-12-13 03:09:46,447 - pytorch_cvae.py[line:177] - INFO: loss:2250.8658842557343, numeric_loss:26.95810918864906, categorical_loss:2090.8657860715175, kld_loss:166.30248880106956, epoch_train_time:32.668491246178746
2022-12-13 03:10:19,259 - pytorch_cvae.py[line:170] - INFO: ----------------------------No.194 epoch----------------------------
2022-12-13 03:10:19,260 - pytorch_cvae.py[line:177] - INFO: loss:2227.194193072093, numeric_loss:27.00246272408996, categorical_loss:2048.949293168902, kld_loss:189.05304238887038, epoch_train_time:32.81215647608042
2022-12-13 03:10:52,052 - pytorch_cvae.py[line:170] - INFO: ----------------------------No.195 epoch----------------------------
2022-12-13 03:10:52,052 - pytorch_cvae.py[line:177] - INFO: loss:2358.176244926057, numeric_loss:27.01423964385526, categorical_loss:2160.3188548666076, kld_loss:213.55392856424442, epoch_train_time:32.792605224996805
2022-12-13 03:11:24,700 - pytorch_cvae.py[line:170] - INFO: ----------------------------No.196 epoch----------------------------
2022-12-13 03:11:24,700 - pytorch_cvae.py[line:177] - INFO: loss:2297.6481895754696, numeric_loss:27.0443236608167, categorical_loss:2086.8865945701255, kld_loss:229.64658787974622, epoch_train_time:32.64755310676992
2022-12-13 03:11:57,505 - pytorch_cvae.py[line:170] - INFO: ----------------------------No.197 epoch----------------------------
2022-12-13 03:11:57,505 - pytorch_cvae.py[line:177] - INFO: loss:2251.624258916592, numeric_loss:27.124808170722194, categorical_loss:2062.743851632811, kld_loss:202.1944979764521, epoch_train_time:32.80519369523972
2022-12-13 03:12:30,277 - pytorch_cvae.py[line:170] - INFO: ----------------------------No.198 epoch----------------------------
2022-12-13 03:12:30,277 - pytorch_cvae.py[line:177] - INFO: loss:2256.3914019500953, numeric_loss:27.00645193711661, categorical_loss:2070.6051579460036, kld_loss:198.4747394247679, epoch_train_time:32.77167367935181
2022-12-13 03:13:03,001 - pytorch_cvae.py[line:170] - INFO: ----------------------------No.199 epoch----------------------------
2022-12-13 03:13:03,001 - pytorch_cvae.py[line:177] - INFO: loss:2363.9736933736713, numeric_loss:27.344563393628867, categorical_loss:2165.0907420970616, kld_loss:214.42298575938912, epoch_train_time:32.72327022347599
2022-12-13 03:13:44,095 - pytorch_cvae.py[line:170] - INFO: ----------------------------No.200 epoch----------------------------
2022-12-13 03:13:44,095 - pytorch_cvae.py[line:177] - INFO: loss:2229.460914593423, numeric_loss:27.02663767665695, categorical_loss:2070.3072551303776, kld_loss:165.15876889287028, epoch_train_time:41.09465569537133
2022-12-13 03:13:44,095 - pytorch_cvae.py[line:186] - INFO: training time elapsed:8373.242682657205
2022-12-13 03:13:44,097 - model_utils.py[line:67] - INFO: save model successfully
2022-12-13 03:14:04,418 - pytorch_cvae.py[line:268] - INFO: train model time elapsed:8405.025712314993
2022-12-13 03:14:04,418 - dataset_utils.py[line:571] - INFO: load existing dataset(light):tpch20g-skew-nation_n_nationkey#n_name__n_nationkey_binary_mm_0
2022-12-13 03:14:04,425 - dataset_utils.py[line:580] - INFO: load dataset(light) time elapsed:0.006022105924785137
2022-12-13 03:14:04,425 - pytorch_cvae.py[line:280] - INFO: feature info:[('n_nationkey', 'categorical', 6), ('n_name', 'categorical', 6)]
2022-12-13 03:14:04,427 - model_utils.py[line:75] - INFO: load model name:torch_cvae_tpch20g-skew-nation_n_nationkey_ld100_id150_bs128_ep100_0_binary_mm
2022-12-13 03:14:04,450 - model_utils.py[line:86] - INFO: load torch model time elapsed:0.02248578891158104
2022-12-13 03:14:04,450 - pytorch_cvae.py[line:290] - INFO: load model time elapsed:0.03139284998178482
2022-12-13 03:14:04,450 - main.py[line:535] - INFO: multi_sampling No.0 epoch
2022-12-13 03:14:04,506 - pytorch_cvae.py[line:404] - INFO: sampling time:0.05555910523980856
2022-12-13 03:14:04,506 - dataset_utils.py[line:552] - INFO: load existing dataset:tpch20g-skew-nation_n_nationkey#n_name__n_nationkey_binary_mm_0
2022-12-13 03:14:04,508 - dataset_utils.py[line:564] - INFO: load dataset time elapsed:0.0020704371854662895
2022-12-13 03:14:04,525 - main.py[line:519] - INFO: sample and aggregation time elapsed:0.07502413168549538
2022-12-13 03:14:04,529 - main.py[line:552] - INFO: sample time: 0.07899765484035015
2022-12-13 03:14:04,542 - main.py[line:99] - INFO: aqp result:
                avg(c_acctbal)  sum(c_acctbal)
n_name                                        
ALGERIA        3073.35         368356918.02   
ARGENTINA      2833.37         339488720.00   
BRAZIL         2224.53         266845461.77   
CANADA         2632.26         315760293.92   
CHINA          2471.07         296167461.63   
EGYPT          2411.45         289395364.03   
ETHIOPIA       2854.45         343775833.92   
FRANCE         4415.81         531615378.38   
GERMANY        6493.52         779890864.23   
INDIA          2831.35         341197721.03   
INDONESIA      3210.60         386158360.53   
IRAN           2170.88         260976091.00   
IRAQ           2547.68         305782198.84   
JAPAN          2287.79         273089017.62   
JORDAN         2410.82         287596148.28   
KENYA          4365.97         521602304.90   
MOROCCO        4684.32         562005994.58   
MOZAMBIQUE     3358.78         402046507.39   
PERU           2935.25         351877449.24   
ROMANIA        2541.12         304868650.11   
RUSSIA         2994.51         358994077.53   
SAUDI ARABIA   2183.98         262697564.52   
UNITED KINGDOM 4852.40         585592144.87   
UNITED STATES  2599.49         312138728.61   
VIETNAM        2285.31         274262744.21   
2022-12-13 03:14:04,544 - main.py[line:100] - INFO: ground truth:
                avg(c_acctbal)  sum(c_acctbal)
n_name                                        
ALGERIA        1708.45         204766270.24   
ARGENTINA      1713.71         205333222.54   
BRAZIL         1699.75         203895735.68   
CANADA         1699.74         203897208.37   
CHINA          1701.60         203943596.61   
EGYPT          1702.19         204277850.06   
ETHIOPIA       1705.55         205407855.93   
FRANCE         1708.09         205635151.07   
GERMANY        1705.05         204782150.22   
INDIA          1718.42         207081134.37   
INDONESIA      1698.79         204323618.81   
IRAN           1697.59         204078765.11   
IRAQ           1713.72         205687013.87   
JAPAN          1706.09         203652437.75   
JORDAN         1704.00         203276882.67   
KENYA          1718.46         205304902.07   
MOROCCO        1711.97         205394808.91   
MOZAMBIQUE     1711.33         204846644.54   
PERU           1702.16         204054720.79   
ROMANIA        1709.19         205058726.13   
RUSSIA         1712.54         205305662.90   
SAUDI ARABIA   1716.88         206513446.56   
UNITED KINGDOM 1702.23         205426283.41   
UNITED STATES  1717.20         206195911.89   
VIETNAM        1707.35         204900286.27   
2022-12-13 03:14:04,551 - main.py[line:564] - INFO: relative error:
                avg(c_acctbal)  sum(c_acctbal)
n_name                                        
ALGERIA        0.80            0.80           
ARGENTINA      0.65            0.65           
BRAZIL         0.31            0.31           
CANADA         0.55            0.55           
CHINA          0.45            0.45           
EGYPT          0.42            0.42           
ETHIOPIA       0.67            0.67           
FRANCE         1.59            1.59           
GERMANY        2.81            2.81           
INDIA          0.65            0.65           
INDONESIA      0.89            0.89           
IRAN           0.28            0.28           
IRAQ           0.49            0.49           
JAPAN          0.34            0.34           
JORDAN         0.41            0.41           
KENYA          1.54            1.54           
MOROCCO        1.74            1.74           
MOZAMBIQUE     0.96            0.96           
PERU           0.72            0.72           
ROMANIA        0.49            0.49           
RUSSIA         0.75            0.75           
SAUDI ARABIA   0.27            0.27           
UNITED KINGDOM 1.85            1.85           
UNITED STATES  0.51            0.51           
VIETNAM        0.34            0.34           
2022-12-13 03:14:04,553 - main.py[line:565] - INFO: relative error normalized:
                avg(c_acctbal)  sum(c_acctbal)
n_name                                        
ALGERIA        0.55            0.55           
ARGENTINA      0.48            0.48           
BRAZIL         0.27            0.27           
CANADA         0.42            0.42           
CHINA          0.36            0.36           
EGYPT          0.34            0.34           
ETHIOPIA       0.49            0.49           
FRANCE         0.80            0.80           
GERMANY        0.94            0.94           
INDIA          0.48            0.48           
INDONESIA      0.59            0.59           
IRAN           0.24            0.24           
IRAQ           0.39            0.39           
JAPAN          0.29            0.29           
JORDAN         0.34            0.34           
KENYA          0.79            0.79           
MOROCCO        0.82            0.82           
MOZAMBIQUE     0.62            0.62           
PERU           0.52            0.52           
ROMANIA        0.39            0.39           
RUSSIA         0.53            0.53           
SAUDI ARABIA   0.24            0.24           
UNITED KINGDOM 0.84            0.84           
UNITED STATES  0.40            0.40           
VIETNAM        0.29            0.29           
2022-12-13 03:14:04,553 - main.py[line:568] - INFO: relative error average: 0.8191521476286959
2022-12-13 03:14:04,553 - main.py[line:569] - INFO: relative error normalized average: 0.4958314723959177
2022-12-13 03:14:04,556 - main.py[line:615] - INFO: total_time:8405.163494259119
