main.py:19: FutureWarning: Passing a negative integer is deprecated in version 1.0 and will not be supported in future version. Instead, use None to not limit the column width.
  pd.set_option('max_colwidth', -1)
2022-12-11 07:28:32,712 - main.py[line:595] - INFO: load query config skew_size_var/query_config/tpch_aggvar2.json successfully
2022-12-11 07:28:32,712 - main.py[line:602] - INFO: load train config ./skew_size_var/train_config/tpch_customer_aggvar2.json successfully
2022-12-11 07:28:32,712 - main.py[line:602] - INFO: load train config ./skew_size_var/train_config/tpch_nation.json successfully
2022-12-11 07:28:32,713 - pytorch_cvae.py[line:249] - INFO: epoch:150
2022-12-11 07:28:32,713 - pytorch_cvae.py[line:250] - INFO: batch size:512
2022-12-11 07:28:32,713 - pytorch_cvae.py[line:251] - INFO: latent dimension:100
2022-12-11 07:28:32,713 - pytorch_cvae.py[line:252] - INFO: intermediate dimension:100
2022-12-11 07:28:32,713 - pytorch_cvae.py[line:253] - INFO: gpu num:0
2022-12-11 07:28:32,736 - dataset_utils.py[line:297] - INFO: loading data:/home/lihan/tpch-skew-data/test/agg_var2.csv
2022-12-11 07:28:33,098 - dataset_utils.py[line:322] - INFO: data total rows:3000000
2022-12-11 07:28:33,098 - dataset_utils.py[line:354] - INFO: sample the training data sample rows:3000000
2022-12-11 07:28:33,098 - dataset_utils.py[line:358] - INFO: load data time elapsed:0.36214481946080923
2022-12-11 07:28:33,480 - dataset_utils.py[line:43] - INFO: encode categorical columns time elapsed:0.3818234698846936
/root/anaconda3/envs/py36/lib/python3.6/site-packages/sklearn/mixture/base.py:273: ConvergenceWarning: Initialization 1 did not converge. Try different init parameters, or increase max_iter, tol or check for degenerate data.
  % (init + 1), ConvergenceWarning)
2022-12-11 07:40:46,371 - dataset_utils.py[line:56] - INFO: encode numeric columnstime elapsed:732.891279486008
2022-12-11 07:40:46,791 - dataset_utils.py[line:107] - INFO: data shape:(3000000, 33)
2022-12-11 07:40:46,791 - dataset_utils.py[line:136] - INFO: feature info:[('c_acctbal', 'numerical', 27), ('c_nationkey', 'categorical', 6)]
2022-12-11 07:40:46,791 - dataset_utils.py[line:137] - INFO: output info list:[(1, 'no'), (26, 'softmax'), (6, 'sigmoid')]
2022-12-11 07:40:49,185 - dataset_utils.py[line:140] - INFO: load data successfully
2022-12-11 07:40:49,187 - pytorch_cvae.py[line:258] - INFO: feature info:[('c_acctbal', 'numerical', 27), ('c_nationkey', 'categorical', 6)]
2022-12-11 07:41:34,650 - pytorch_cvae.py[line:170] - INFO: ----------------------------No.1 epoch----------------------------
2022-12-11 07:41:34,650 - pytorch_cvae.py[line:177] - INFO: loss:3574.357865311613, numeric_loss:29.52750955893825, categorical_loss:3347.1327748990734, kld_loss:36676.15277675912, epoch_train_time:45.4597701029852
2022-12-11 07:42:19,834 - pytorch_cvae.py[line:170] - INFO: ----------------------------No.2 epoch----------------------------
2022-12-11 07:42:19,834 - pytorch_cvae.py[line:177] - INFO: loss:2425.517384177976, numeric_loss:27.977278678514345, categorical_loss:2276.6634965796693, kld_loss:20300.76407534443, epoch_train_time:45.18426539842039
2022-12-11 07:43:05,084 - pytorch_cvae.py[line:170] - INFO: ----------------------------No.3 epoch----------------------------
2022-12-11 07:43:05,084 - pytorch_cvae.py[line:177] - INFO: loss:2062.0382368999417, numeric_loss:27.75000069434776, categorical_loss:1873.2760651707358, kld_loss:24504.780470715836, epoch_train_time:45.24999509099871
2022-12-11 07:43:50,182 - pytorch_cvae.py[line:170] - INFO: ----------------------------No.4 epoch----------------------------
2022-12-11 07:43:50,183 - pytorch_cvae.py[line:177] - INFO: loss:1580.049751380633, numeric_loss:35.76343041442022, categorical_loss:1324.2719134841464, kld_loss:30373.827564313076, epoch_train_time:45.0980632416904
2022-12-11 07:44:35,579 - pytorch_cvae.py[line:170] - INFO: ----------------------------No.5 epoch----------------------------
2022-12-11 07:44:35,579 - pytorch_cvae.py[line:177] - INFO: loss:1169.169047673553, numeric_loss:45.498839546603335, categorical_loss:858.9495245548169, kld_loss:33183.85659916187, epoch_train_time:45.3966393917799
2022-12-11 07:45:20,580 - pytorch_cvae.py[line:170] - INFO: ----------------------------No.6 epoch----------------------------
2022-12-11 07:45:20,580 - pytorch_cvae.py[line:177] - INFO: loss:989.8568715734, numeric_loss:49.68023694652334, categorical_loss:609.1525724177773, kld_loss:37715.808122200426, epoch_train_time:45.00044482015073
2022-12-11 07:46:05,996 - pytorch_cvae.py[line:170] - INFO: ----------------------------No.7 epoch----------------------------
2022-12-11 07:46:05,996 - pytorch_cvae.py[line:177] - INFO: loss:876.1200697016902, numeric_loss:36.8110606745729, categorical_loss:502.35123734592344, kld_loss:34929.99463878898, epoch_train_time:45.415462019853294
2022-12-11 07:46:51,259 - pytorch_cvae.py[line:170] - INFO: ----------------------------No.8 epoch----------------------------
2022-12-11 07:46:51,260 - pytorch_cvae.py[line:177] - INFO: loss:745.4162293928675, numeric_loss:44.18099844397425, categorical_loss:356.9048644413706, kld_loss:32508.11834139563, epoch_train_time:45.2637770883739
2022-12-11 07:47:36,293 - pytorch_cvae.py[line:170] - INFO: ----------------------------No.9 epoch----------------------------
2022-12-11 07:47:36,293 - pytorch_cvae.py[line:177] - INFO: loss:655.6760847786063, numeric_loss:48.13152268979144, categorical_loss:257.95139939530054, kld_loss:30088.9618891594, epoch_train_time:45.0332150850445
2022-12-11 07:48:21,338 - pytorch_cvae.py[line:170] - INFO: ----------------------------No.10 epoch----------------------------
2022-12-11 07:48:21,339 - pytorch_cvae.py[line:177] - INFO: loss:647.3699849268742, numeric_loss:40.886340740559376, categorical_loss:248.28139623549214, kld_loss:28134.203875692096, epoch_train_time:45.045351542532444
2022-12-11 07:49:06,142 - pytorch_cvae.py[line:170] - INFO: ----------------------------No.11 epoch----------------------------
2022-12-11 07:49:06,142 - pytorch_cvae.py[line:177] - INFO: loss:639.397593870046, numeric_loss:42.40558082281993, categorical_loss:219.47741449141176, kld_loss:27085.472193523776, epoch_train_time:44.80370618682355
2022-12-11 07:49:51,124 - pytorch_cvae.py[line:170] - INFO: ----------------------------No.12 epoch----------------------------
2022-12-11 07:49:51,124 - pytorch_cvae.py[line:177] - INFO: loss:656.2984326245205, numeric_loss:44.11001514658024, categorical_loss:230.5789866867708, kld_loss:25035.27738248976, epoch_train_time:44.98168206401169
2022-12-11 07:50:36,309 - pytorch_cvae.py[line:170] - INFO: ----------------------------No.13 epoch----------------------------
2022-12-11 07:50:36,309 - pytorch_cvae.py[line:177] - INFO: loss:678.9159130946209, numeric_loss:37.90212868591317, categorical_loss:228.67156943201553, kld_loss:24760.308602159494, epoch_train_time:45.18435487244278
2022-12-11 07:51:21,463 - pytorch_cvae.py[line:170] - INFO: ----------------------------No.14 epoch----------------------------
2022-12-11 07:51:21,464 - pytorch_cvae.py[line:177] - INFO: loss:699.4347431377537, numeric_loss:45.146703147104176, categorical_loss:225.20658776562777, kld_loss:23606.806062158605, epoch_train_time:45.15456156246364
2022-12-11 07:52:06,358 - pytorch_cvae.py[line:170] - INFO: ----------------------------No.15 epoch----------------------------
2022-12-11 07:52:06,358 - pytorch_cvae.py[line:177] - INFO: loss:677.646849160199, numeric_loss:41.61770273314215, categorical_loss:221.899954992914, kld_loss:20896.17839045485, epoch_train_time:44.89417910948396
2022-12-11 07:52:51,154 - pytorch_cvae.py[line:170] - INFO: ----------------------------No.16 epoch----------------------------
2022-12-11 07:52:51,154 - pytorch_cvae.py[line:177] - INFO: loss:680.5268497236539, numeric_loss:38.4011666144886, categorical_loss:224.42230375349754, kld_loss:19349.370039782138, epoch_train_time:44.795766139402986
2022-12-11 07:53:35,906 - pytorch_cvae.py[line:170] - INFO: ----------------------------No.17 epoch----------------------------
2022-12-11 07:53:35,906 - pytorch_cvae.py[line:177] - INFO: loss:724.0511690282001, numeric_loss:37.20696455365959, categorical_loss:252.71248834992002, kld_loss:18480.87270807859, epoch_train_time:44.75247725006193
2022-12-11 07:54:21,021 - pytorch_cvae.py[line:170] - INFO: ----------------------------No.18 epoch----------------------------
2022-12-11 07:54:21,021 - pytorch_cvae.py[line:177] - INFO: loss:775.6430185633508, numeric_loss:39.65268572217403, categorical_loss:288.42142872950353, kld_loss:17526.583440094022, epoch_train_time:45.114704987965524
2022-12-11 07:55:06,056 - pytorch_cvae.py[line:170] - INFO: ----------------------------No.19 epoch----------------------------
2022-12-11 07:55:06,056 - pytorch_cvae.py[line:177] - INFO: loss:743.0724074026075, numeric_loss:40.49151111963363, categorical_loss:247.5273336481041, kld_loss:16408.563647466246, epoch_train_time:45.03421640675515
2022-12-11 07:55:50,949 - pytorch_cvae.py[line:170] - INFO: ----------------------------No.20 epoch----------------------------
2022-12-11 07:55:50,949 - pytorch_cvae.py[line:177] - INFO: loss:783.6812770121469, numeric_loss:39.0223601433311, categorical_loss:259.5995171668037, kld_loss:16121.593926086032, epoch_train_time:44.893117158673704
2022-12-11 07:56:35,983 - pytorch_cvae.py[line:170] - INFO: ----------------------------No.21 epoch----------------------------
2022-12-11 07:56:35,983 - pytorch_cvae.py[line:177] - INFO: loss:806.496398054529, numeric_loss:42.24200635929313, categorical_loss:273.46210462390445, kld_loss:15050.470166044543, epoch_train_time:45.03337478265166
2022-12-11 07:57:21,174 - pytorch_cvae.py[line:170] - INFO: ----------------------------No.22 epoch----------------------------
2022-12-11 07:57:21,174 - pytorch_cvae.py[line:177] - INFO: loss:888.5131123369647, numeric_loss:42.67468150967699, categorical_loss:328.357436255159, kld_loss:14656.164429105294, epoch_train_time:45.19144297204912
2022-12-11 07:58:06,365 - pytorch_cvae.py[line:170] - INFO: ----------------------------No.23 epoch----------------------------
2022-12-11 07:58:06,366 - pytorch_cvae.py[line:177] - INFO: loss:842.6849750335095, numeric_loss:40.84513992725776, categorical_loss:296.0079882079881, kld_loss:13244.634903686354, epoch_train_time:45.19114214088768
2022-12-11 07:58:51,443 - pytorch_cvae.py[line:170] - INFO: ----------------------------No.24 epoch----------------------------
2022-12-11 07:58:51,443 - pytorch_cvae.py[line:177] - INFO: loss:926.5737074809294, numeric_loss:47.322382801998685, categorical_loss:313.5976537998504, kld_loss:13706.501550027111, epoch_train_time:45.077437274158
2022-12-11 07:59:36,394 - pytorch_cvae.py[line:170] - INFO: ----------------------------No.25 epoch----------------------------
2022-12-11 07:59:36,394 - pytorch_cvae.py[line:177] - INFO: loss:899.7665549868689, numeric_loss:45.18915123519267, categorical_loss:291.43844499041734, kld_loss:12640.611017459538, epoch_train_time:44.950508242473006
2022-12-11 08:00:21,456 - pytorch_cvae.py[line:170] - INFO: ----------------------------No.26 epoch----------------------------
2022-12-11 08:00:21,456 - pytorch_cvae.py[line:177] - INFO: loss:973.859474922705, numeric_loss:43.8452661292354, categorical_loss:325.08996513126476, kld_loss:12591.115949033876, epoch_train_time:45.06240764912218
2022-12-11 08:01:06,616 - pytorch_cvae.py[line:170] - INFO: ----------------------------No.27 epoch----------------------------
2022-12-11 08:01:06,617 - pytorch_cvae.py[line:177] - INFO: loss:964.4144907097798, numeric_loss:36.47466813982817, categorical_loss:331.53963416989427, kld_loss:11522.482966942422, epoch_train_time:45.15984654799104
2022-12-11 08:01:51,592 - pytorch_cvae.py[line:170] - INFO: ----------------------------No.28 epoch----------------------------
2022-12-11 08:01:51,592 - pytorch_cvae.py[line:177] - INFO: loss:982.9737730088964, numeric_loss:37.46284984726711, categorical_loss:327.54211137167295, kld_loss:11093.133231340616, epoch_train_time:44.97545679472387
2022-12-11 08:02:36,682 - pytorch_cvae.py[line:170] - INFO: ----------------------------No.29 epoch----------------------------
2022-12-11 08:02:36,682 - pytorch_cvae.py[line:177] - INFO: loss:1017.0915689011163, numeric_loss:43.34538731386115, categorical_loss:358.5857433345809, kld_loss:10270.455748639477, epoch_train_time:45.089484044350684
2022-12-11 08:03:21,613 - pytorch_cvae.py[line:170] - INFO: ----------------------------No.30 epoch----------------------------
2022-12-11 08:03:21,613 - pytorch_cvae.py[line:177] - INFO: loss:1005.602597952151, numeric_loss:46.46084523639618, categorical_loss:320.099049678538, kld_loss:9932.970162783226, epoch_train_time:44.93134713359177
2022-12-11 08:04:06,418 - pytorch_cvae.py[line:170] - INFO: ----------------------------No.31 epoch----------------------------
2022-12-11 08:04:06,418 - pytorch_cvae.py[line:177] - INFO: loss:1078.1966564428003, numeric_loss:48.35633716562137, categorical_loss:358.94462010919233, kld_loss:9718.215257618867, epoch_train_time:44.80494923517108
2022-12-11 08:04:51,105 - pytorch_cvae.py[line:170] - INFO: ----------------------------No.32 epoch----------------------------
2022-12-11 08:04:51,105 - pytorch_cvae.py[line:177] - INFO: loss:1124.8825660414586, numeric_loss:49.41110611852393, categorical_loss:396.8567011546402, kld_loss:9170.042086406029, epoch_train_time:44.686143095605075
2022-12-11 08:05:35,887 - pytorch_cvae.py[line:170] - INFO: ----------------------------No.33 epoch----------------------------
2022-12-11 08:05:35,887 - pytorch_cvae.py[line:177] - INFO: loss:1155.9669056060666, numeric_loss:47.82721641505424, categorical_loss:393.56698884200887, kld_loss:9016.651180522284, epoch_train_time:44.78200567793101
2022-12-11 08:06:20,630 - pytorch_cvae.py[line:170] - INFO: ----------------------------No.34 epoch----------------------------
2022-12-11 08:06:20,630 - pytorch_cvae.py[line:177] - INFO: loss:1181.9861055630026, numeric_loss:41.52690860007978, categorical_loss:413.5991228246712, kld_loss:8573.03916681424, epoch_train_time:44.743147500790656
2022-12-11 08:07:05,421 - pytorch_cvae.py[line:170] - INFO: ----------------------------No.35 epoch----------------------------
2022-12-11 08:07:05,421 - pytorch_cvae.py[line:177] - INFO: loss:1205.7311726784683, numeric_loss:47.21502162676877, categorical_loss:452.49210467908415, kld_loss:7791.532312598196, epoch_train_time:44.79036152921617
2022-12-11 08:07:50,192 - pytorch_cvae.py[line:170] - INFO: ----------------------------No.36 epoch----------------------------
2022-12-11 08:07:50,192 - pytorch_cvae.py[line:177] - INFO: loss:1224.843218473019, numeric_loss:46.1414503532754, categorical_loss:442.28170677571325, kld_loss:7611.718238337839, epoch_train_time:44.77086195349693
2022-12-11 08:08:34,721 - pytorch_cvae.py[line:170] - INFO: ----------------------------No.37 epoch----------------------------
2022-12-11 08:08:34,721 - pytorch_cvae.py[line:177] - INFO: loss:1250.308361514064, numeric_loss:47.314949671623694, categorical_loss:447.69171261775773, kld_loss:7319.233165552025, epoch_train_time:44.52915513049811
2022-12-11 08:09:19,465 - pytorch_cvae.py[line:170] - INFO: ----------------------------No.38 epoch----------------------------
2022-12-11 08:09:19,465 - pytorch_cvae.py[line:177] - INFO: loss:1280.146573089587, numeric_loss:46.21837262052516, categorical_loss:476.7025884218165, kld_loss:6886.407114031143, epoch_train_time:44.74394627753645
2022-12-11 08:10:04,085 - pytorch_cvae.py[line:170] - INFO: ----------------------------No.39 epoch----------------------------
2022-12-11 08:10:04,085 - pytorch_cvae.py[line:177] - INFO: loss:1262.8749050534389, numeric_loss:48.045657123772465, categorical_loss:453.46329393063206, kld_loss:6504.552853218978, epoch_train_time:44.61965994723141
2022-12-11 08:10:48,960 - pytorch_cvae.py[line:170] - INFO: ----------------------------No.40 epoch----------------------------
2022-12-11 08:10:48,960 - pytorch_cvae.py[line:177] - INFO: loss:1298.0544152188231, numeric_loss:47.200405064838364, categorical_loss:460.76953072627657, kld_loss:6347.291240196209, epoch_train_time:44.87507842108607
2022-12-11 08:11:33,642 - pytorch_cvae.py[line:170] - INFO: ----------------------------No.41 epoch----------------------------
2022-12-11 08:11:33,642 - pytorch_cvae.py[line:177] - INFO: loss:1365.7168335122406, numeric_loss:48.54460021116635, categorical_loss:498.99659349487047, kld_loss:6187.093069909897, epoch_train_time:44.681179529987276
2022-12-11 08:12:18,914 - pytorch_cvae.py[line:170] - INFO: ----------------------------No.42 epoch----------------------------
2022-12-11 08:12:18,914 - pytorch_cvae.py[line:177] - INFO: loss:1408.3966182831791, numeric_loss:45.82523424100844, categorical_loss:552.1714379310142, kld_loss:5774.295146092132, epoch_train_time:45.271805526688695
2022-12-11 08:13:04,071 - pytorch_cvae.py[line:170] - INFO: ----------------------------No.43 epoch----------------------------
2022-12-11 08:13:04,071 - pytorch_cvae.py[line:177] - INFO: loss:1427.020675297128, numeric_loss:46.47685113862074, categorical_loss:553.2894771416904, kld_loss:5559.457106268965, epoch_train_time:45.1569087440148
2022-12-11 08:13:49,159 - pytorch_cvae.py[line:170] - INFO: ----------------------------No.44 epoch----------------------------
2022-12-11 08:13:49,159 - pytorch_cvae.py[line:177] - INFO: loss:1404.2500814531522, numeric_loss:48.38695449432949, categorical_loss:542.2693258714862, kld_loss:5162.131223272241, epoch_train_time:45.08815906196833
2022-12-11 08:14:34,043 - pytorch_cvae.py[line:170] - INFO: ----------------------------No.45 epoch----------------------------
2022-12-11 08:14:34,043 - pytorch_cvae.py[line:177] - INFO: loss:1440.9015519089007, numeric_loss:48.50007721627109, categorical_loss:550.632751244033, kld_loss:5047.502389063069, epoch_train_time:44.88354512117803
2022-12-11 08:15:19,020 - pytorch_cvae.py[line:170] - INFO: ----------------------------No.46 epoch----------------------------
2022-12-11 08:15:19,020 - pytorch_cvae.py[line:177] - INFO: loss:1486.0806799010024, numeric_loss:47.32173525314201, categorical_loss:586.6462304507149, kld_loss:4833.675235492818, epoch_train_time:44.97649293579161
2022-12-11 08:16:04,100 - pytorch_cvae.py[line:170] - INFO: ----------------------------No.47 epoch----------------------------
2022-12-11 08:16:04,101 - pytorch_cvae.py[line:177] - INFO: loss:1471.3344218304846, numeric_loss:46.576239346376994, categorical_loss:600.1847607392701, kld_loss:4429.357192029012, epoch_train_time:45.080537274479866
2022-12-11 08:16:49,551 - pytorch_cvae.py[line:170] - INFO: ----------------------------No.48 epoch----------------------------
2022-12-11 08:16:49,551 - pytorch_cvae.py[line:177] - INFO: loss:1572.3161079293932, numeric_loss:48.04887483003083, categorical_loss:669.9348115695466, kld_loss:4350.142587632232, epoch_train_time:45.45007424429059
2022-12-11 08:17:34,534 - pytorch_cvae.py[line:170] - INFO: ----------------------------No.49 epoch----------------------------
2022-12-11 08:17:34,534 - pytorch_cvae.py[line:177] - INFO: loss:1536.3981284476467, numeric_loss:46.731162929755804, categorical_loss:641.1103312887717, kld_loss:4099.746215716994, epoch_train_time:44.982854722999036
2022-12-11 08:18:19,909 - pytorch_cvae.py[line:170] - INFO: ----------------------------No.50 epoch----------------------------
2022-12-11 08:18:19,909 - pytorch_cvae.py[line:177] - INFO: loss:1640.9185663975077, numeric_loss:49.56562209772741, categorical_loss:706.8805851329817, kld_loss:4058.768317898852, epoch_train_time:45.37481603119522
2022-12-11 08:19:05,085 - pytorch_cvae.py[line:170] - INFO: ----------------------------No.51 epoch----------------------------
2022-12-11 08:19:05,085 - pytorch_cvae.py[line:177] - INFO: loss:1596.3284140584, numeric_loss:44.20368729497622, categorical_loss:689.9463413055928, kld_loss:3761.6228594342247, epoch_train_time:45.17616834770888
2022-12-11 08:19:50,365 - pytorch_cvae.py[line:170] - INFO: ----------------------------No.52 epoch----------------------------
2022-12-11 08:19:50,365 - pytorch_cvae.py[line:177] - INFO: loss:1623.3941326189088, numeric_loss:47.085645612485045, categorical_loss:728.9503913721419, kld_loss:3518.418720126152, epoch_train_time:45.27987888082862
2022-12-11 08:20:35,238 - pytorch_cvae.py[line:170] - INFO: ----------------------------No.53 epoch----------------------------
2022-12-11 08:20:35,239 - pytorch_cvae.py[line:177] - INFO: loss:1633.8767264234775, numeric_loss:45.99555566437169, categorical_loss:737.7515141562326, kld_loss:3362.810817474092, epoch_train_time:44.8732306137681
2022-12-11 08:21:20,455 - pytorch_cvae.py[line:170] - INFO: ----------------------------No.54 epoch----------------------------
2022-12-11 08:21:20,455 - pytorch_cvae.py[line:177] - INFO: loss:1683.408800755191, numeric_loss:47.09086138355682, categorical_loss:768.4638768563455, kld_loss:3273.6705396077596, epoch_train_time:45.216468965634704
2022-12-11 08:22:05,745 - pytorch_cvae.py[line:170] - INFO: ----------------------------No.55 epoch----------------------------
2022-12-11 08:22:05,745 - pytorch_cvae.py[line:177] - INFO: loss:1737.9768217086967, numeric_loss:43.75597241451766, categorical_loss:798.542644991423, kld_loss:3225.1178538490203, epoch_train_time:45.28956314921379
2022-12-11 08:22:50,647 - pytorch_cvae.py[line:170] - INFO: ----------------------------No.56 epoch----------------------------
2022-12-11 08:22:50,647 - pytorch_cvae.py[line:177] - INFO: loss:1742.5797232141776, numeric_loss:44.44410999121901, categorical_loss:802.4150907460426, kld_loss:3081.808857994911, epoch_train_time:44.90208749193698
2022-12-11 08:23:35,663 - pytorch_cvae.py[line:170] - INFO: ----------------------------No.57 epoch----------------------------
2022-12-11 08:23:35,663 - pytorch_cvae.py[line:177] - INFO: loss:1799.6961409189098, numeric_loss:42.708857333699626, categorical_loss:849.2518748803705, kld_loss:2987.214103053382, epoch_train_time:45.01556934788823
2022-12-11 08:24:20,885 - pytorch_cvae.py[line:170] - INFO: ----------------------------No.58 epoch----------------------------
2022-12-11 08:24:20,885 - pytorch_cvae.py[line:177] - INFO: loss:1761.478991049924, numeric_loss:42.67139236864779, categorical_loss:820.4882626752369, kld_loss:2830.3881350683514, epoch_train_time:45.222181878983974
2022-12-11 08:25:05,959 - pytorch_cvae.py[line:170] - INFO: ----------------------------No.59 epoch----------------------------
2022-12-11 08:25:05,959 - pytorch_cvae.py[line:177] - INFO: loss:1887.5408867957594, numeric_loss:41.73386782599814, categorical_loss:899.0247633309627, kld_loss:2858.9584697076934, epoch_train_time:45.07350981235504
2022-12-11 08:25:50,974 - pytorch_cvae.py[line:170] - INFO: ----------------------------No.60 epoch----------------------------
2022-12-11 08:25:50,974 - pytorch_cvae.py[line:177] - INFO: loss:1888.7864899208653, numeric_loss:39.6865473034837, categorical_loss:918.0078049076255, kld_loss:2697.287223437743, epoch_train_time:45.01462106220424
2022-12-11 08:26:36,043 - pytorch_cvae.py[line:170] - INFO: ----------------------------No.61 epoch----------------------------
2022-12-11 08:26:36,043 - pytorch_cvae.py[line:177] - INFO: loss:1912.8784354922827, numeric_loss:39.16844019783782, categorical_loss:943.9763146268087, kld_loss:2586.4503394556814, epoch_train_time:45.069013169035316
2022-12-11 08:27:20,833 - pytorch_cvae.py[line:170] - INFO: ----------------------------No.62 epoch----------------------------
2022-12-11 08:27:20,834 - pytorch_cvae.py[line:177] - INFO: loss:1897.0690627208096, numeric_loss:36.92232804114353, categorical_loss:922.0617544270935, kld_loss:2508.609953684616, epoch_train_time:44.79040298983455
2022-12-11 08:28:05,711 - pytorch_cvae.py[line:170] - INFO: ----------------------------No.63 epoch----------------------------
2022-12-11 08:28:05,711 - pytorch_cvae.py[line:177] - INFO: loss:1931.2956218894105, numeric_loss:35.78408316929066, categorical_loss:963.4799584926222, kld_loss:2398.2876029997133, epoch_train_time:44.87731184531003
2022-12-11 08:28:50,547 - pytorch_cvae.py[line:170] - INFO: ----------------------------No.64 epoch----------------------------
2022-12-11 08:28:50,547 - pytorch_cvae.py[line:177] - INFO: loss:1967.9982082685747, numeric_loss:34.52653047402106, categorical_loss:1014.42379628669, kld_loss:2277.8373549581156, epoch_train_time:44.83587293885648
2022-12-11 08:29:35,535 - pytorch_cvae.py[line:170] - INFO: ----------------------------No.65 epoch----------------------------
2022-12-11 08:29:35,535 - pytorch_cvae.py[line:177] - INFO: loss:2000.1645912665408, numeric_loss:33.63678914175112, categorical_loss:1048.1956755505234, kld_loss:2194.484970078687, epoch_train_time:44.98815857619047
2022-12-11 08:30:20,413 - pytorch_cvae.py[line:170] - INFO: ----------------------------No.66 epoch----------------------------
2022-12-11 08:30:20,413 - pytorch_cvae.py[line:177] - INFO: loss:2037.7897404436662, numeric_loss:34.41735757358754, categorical_loss:1102.4350234036974, kld_loss:2077.829807977105, epoch_train_time:44.87715719547123
2022-12-11 08:31:05,412 - pytorch_cvae.py[line:170] - INFO: ----------------------------No.67 epoch----------------------------
2022-12-11 08:31:05,412 - pytorch_cvae.py[line:177] - INFO: loss:2058.0768889143656, numeric_loss:35.09248514734045, categorical_loss:1121.730750574352, kld_loss:2008.0718796681613, epoch_train_time:44.99882594123483
2022-12-11 08:31:50,656 - pytorch_cvae.py[line:170] - INFO: ----------------------------No.68 epoch----------------------------
2022-12-11 08:31:50,656 - pytorch_cvae.py[line:177] - INFO: loss:2110.448184644425, numeric_loss:34.50357776117312, categorical_loss:1132.8374274978705, kld_loss:2032.0968463327736, epoch_train_time:45.24396735243499
2022-12-11 08:32:35,758 - pytorch_cvae.py[line:170] - INFO: ----------------------------No.69 epoch----------------------------
2022-12-11 08:32:35,758 - pytorch_cvae.py[line:177] - INFO: loss:2085.4325949191116, numeric_loss:34.4252798685435, categorical_loss:1116.8118758492637, kld_loss:1948.527438027435, epoch_train_time:45.1018653139472
2022-12-11 08:33:20,769 - pytorch_cvae.py[line:170] - INFO: ----------------------------No.70 epoch----------------------------
2022-12-11 08:33:20,769 - pytorch_cvae.py[line:177] - INFO: loss:2123.094136277534, numeric_loss:33.48964180343003, categorical_loss:1179.7216276081745, kld_loss:1838.9672735843924, epoch_train_time:45.01063494943082
2022-12-11 08:34:05,777 - pytorch_cvae.py[line:170] - INFO: ----------------------------No.71 epoch----------------------------
2022-12-11 08:34:05,777 - pytorch_cvae.py[line:177] - INFO: loss:2219.3100775445346, numeric_loss:33.14904013234538, categorical_loss:1250.5438021006412, kld_loss:1834.1749306307756, epoch_train_time:45.00809758435935
2022-12-11 08:34:50,897 - pytorch_cvae.py[line:170] - INFO: ----------------------------No.72 epoch----------------------------
2022-12-11 08:34:50,897 - pytorch_cvae.py[line:177] - INFO: loss:2158.400920184853, numeric_loss:33.14045887498175, categorical_loss:1212.3535088748904, kld_loss:1737.6301815225743, epoch_train_time:45.120223017409444
2022-12-11 08:35:35,749 - pytorch_cvae.py[line:170] - INFO: ----------------------------No.73 epoch----------------------------
2022-12-11 08:35:35,749 - pytorch_cvae.py[line:177] - INFO: loss:2213.737974859512, numeric_loss:32.88804714288548, categorical_loss:1268.073077546229, kld_loss:1688.566122102784, epoch_train_time:44.85145432129502
2022-12-11 08:36:20,744 - pytorch_cvae.py[line:170] - INFO: ----------------------------No.74 epoch----------------------------
2022-12-11 08:36:20,744 - pytorch_cvae.py[line:177] - INFO: loss:2274.3984417934553, numeric_loss:32.03627740014609, categorical_loss:1310.624714860518, kld_loss:1676.8873349009082, epoch_train_time:44.99479908589274
2022-12-11 08:37:05,751 - pytorch_cvae.py[line:170] - INFO: ----------------------------No.75 epoch----------------------------
2022-12-11 08:37:05,751 - pytorch_cvae.py[line:177] - INFO: loss:2338.3666219240404, numeric_loss:32.02204454238656, categorical_loss:1341.8147469466785, kld_loss:1690.5079506550683, epoch_train_time:45.00666887592524
2022-12-11 08:37:50,737 - pytorch_cvae.py[line:170] - INFO: ----------------------------No.76 epoch----------------------------
2022-12-11 08:37:50,737 - pytorch_cvae.py[line:177] - INFO: loss:2334.314257557824, numeric_loss:31.534974955115686, categorical_loss:1371.589663839026, kld_loss:1590.9815897299559, epoch_train_time:44.98652138002217
2022-12-11 08:38:35,812 - pytorch_cvae.py[line:170] - INFO: ----------------------------No.77 epoch----------------------------
2022-12-11 08:38:35,812 - pytorch_cvae.py[line:177] - INFO: loss:2379.8401180606743, numeric_loss:30.863981902524287, categorical_loss:1418.688281590148, kld_loss:1550.9727342376718, epoch_train_time:45.07473567314446
2022-12-11 08:39:20,720 - pytorch_cvae.py[line:170] - INFO: ----------------------------No.78 epoch----------------------------
2022-12-11 08:39:20,720 - pytorch_cvae.py[line:177] - INFO: loss:2283.899823573389, numeric_loss:29.993402809651684, categorical_loss:1341.1375415901712, kld_loss:1486.4206299554207, epoch_train_time:44.90788936801255
2022-12-11 08:40:05,399 - pytorch_cvae.py[line:170] - INFO: ----------------------------No.79 epoch----------------------------
2022-12-11 08:40:05,399 - pytorch_cvae.py[line:177] - INFO: loss:2348.7239069041098, numeric_loss:30.230269904250456, categorical_loss:1414.9132719494228, kld_loss:1438.719230944058, epoch_train_time:44.6785925347358
2022-12-11 08:40:49,935 - pytorch_cvae.py[line:170] - INFO: ----------------------------No.80 epoch----------------------------
2022-12-11 08:40:49,935 - pytorch_cvae.py[line:177] - INFO: loss:2365.4914608497347, numeric_loss:29.931480657700735, categorical_loss:1435.090017079434, kld_loss:1403.2697574148187, epoch_train_time:44.5361111164093
2022-12-11 08:41:34,595 - pytorch_cvae.py[line:170] - INFO: ----------------------------No.81 epoch----------------------------
2022-12-11 08:41:34,595 - pytorch_cvae.py[line:177] - INFO: loss:2399.4903215160884, numeric_loss:29.930474446319714, categorical_loss:1446.0570744881406, kld_loss:1409.9610623078188, epoch_train_time:44.659200054593384
2022-12-11 08:42:19,249 - pytorch_cvae.py[line:170] - INFO: ----------------------------No.82 epoch----------------------------
2022-12-11 08:42:19,249 - pytorch_cvae.py[line:177] - INFO: loss:2508.4825872266956, numeric_loss:29.3070992054439, categorical_loss:1523.8732773025695, kld_loss:1430.3454888859997, epoch_train_time:44.65376875549555
2022-12-11 08:43:03,936 - pytorch_cvae.py[line:170] - INFO: ----------------------------No.83 epoch----------------------------
2022-12-11 08:43:03,936 - pytorch_cvae.py[line:177] - INFO: loss:2414.7579879713303, numeric_loss:28.867402203286318, categorical_loss:1516.9039202183485, kld_loss:1277.258543954289, epoch_train_time:44.687387112528086
2022-12-11 08:43:48,529 - pytorch_cvae.py[line:170] - INFO: ----------------------------No.84 epoch----------------------------
2022-12-11 08:43:48,529 - pytorch_cvae.py[line:177] - INFO: loss:2404.394996871444, numeric_loss:28.240566442901716, categorical_loss:1514.768342309515, kld_loss:1244.123320990533, epoch_train_time:44.59273309353739
2022-12-11 08:44:33,159 - pytorch_cvae.py[line:170] - INFO: ----------------------------No.85 epoch----------------------------
2022-12-11 08:44:33,159 - pytorch_cvae.py[line:177] - INFO: loss:2452.4394074612646, numeric_loss:28.280084347324795, categorical_loss:1584.9138679179596, kld_loss:1192.3086998991203, epoch_train_time:44.629613406956196
2022-12-11 08:45:17,571 - pytorch_cvae.py[line:170] - INFO: ----------------------------No.86 epoch----------------------------
2022-12-11 08:45:17,571 - pytorch_cvae.py[line:177] - INFO: loss:2422.568577226106, numeric_loss:27.942223283687362, categorical_loss:1582.9486977323832, kld_loss:1135.4073813292198, epoch_train_time:44.41219848114997
2022-12-11 08:46:02,125 - pytorch_cvae.py[line:170] - INFO: ----------------------------No.87 epoch----------------------------
2022-12-11 08:46:02,125 - pytorch_cvae.py[line:177] - INFO: loss:2444.78193422177, numeric_loss:27.698390407258145, categorical_loss:1626.6535817789554, kld_loss:1089.7685082377284, epoch_train_time:44.55326695833355
2022-12-11 08:46:46,618 - pytorch_cvae.py[line:170] - INFO: ----------------------------No.88 epoch----------------------------
2022-12-11 08:46:46,618 - pytorch_cvae.py[line:177] - INFO: loss:2548.4900491017324, numeric_loss:28.382746651154626, categorical_loss:1727.8354901231069, kld_loss:1077.6608135304414, epoch_train_time:44.49344741180539
2022-12-11 08:47:31,272 - pytorch_cvae.py[line:170] - INFO: ----------------------------No.89 epoch----------------------------
2022-12-11 08:47:31,272 - pytorch_cvae.py[line:177] - INFO: loss:2527.8080643080757, numeric_loss:28.684195668908202, categorical_loss:1736.1791559184203, kld_loss:1024.878282749327, epoch_train_time:44.65381519123912
2022-12-11 08:48:15,907 - pytorch_cvae.py[line:170] - INFO: ----------------------------No.90 epoch----------------------------
2022-12-11 08:48:15,907 - pytorch_cvae.py[line:177] - INFO: loss:2507.6542410236725, numeric_loss:28.512145760838916, categorical_loss:1776.7073185174377, kld_loss:932.8049352187663, epoch_train_time:44.63482268154621
2022-12-11 08:49:00,491 - pytorch_cvae.py[line:170] - INFO: ----------------------------No.91 epoch----------------------------
2022-12-11 08:49:00,491 - pytorch_cvae.py[line:177] - INFO: loss:2506.643134008569, numeric_loss:27.999909269768384, categorical_loss:1801.7794889780926, kld_loss:889.4591226861812, epoch_train_time:44.58362033870071
2022-12-11 08:49:45,154 - pytorch_cvae.py[line:170] - INFO: ----------------------------No.92 epoch----------------------------
2022-12-11 08:49:45,154 - pytorch_cvae.py[line:177] - INFO: loss:2595.749575484777, numeric_loss:28.63179395869709, categorical_loss:1893.4640911503811, kld_loss:876.8708876267774, epoch_train_time:44.66267142537981
2022-12-11 08:50:29,848 - pytorch_cvae.py[line:170] - INFO: ----------------------------No.93 epoch----------------------------
2022-12-11 08:50:29,848 - pytorch_cvae.py[line:177] - INFO: loss:2533.569968192285, numeric_loss:28.20731730434592, categorical_loss:1889.3004246579076, kld_loss:795.1188108478673, epoch_train_time:44.694102614186704
2022-12-11 08:51:15,068 - pytorch_cvae.py[line:170] - INFO: ----------------------------No.94 epoch----------------------------
2022-12-11 08:51:15,068 - pytorch_cvae.py[line:177] - INFO: loss:2657.6639212415903, numeric_loss:28.846771373873423, categorical_loss:1992.558576724463, kld_loss:815.0492820374202, epoch_train_time:45.21968835871667
2022-12-11 08:51:59,825 - pytorch_cvae.py[line:170] - INFO: ----------------------------No.95 epoch----------------------------
2022-12-11 08:51:59,825 - pytorch_cvae.py[line:177] - INFO: loss:2523.300241247751, numeric_loss:28.494097425395452, categorical_loss:1911.1667462248006, kld_loss:742.8000439938041, epoch_train_time:44.756331665441394
2022-12-11 08:52:44,539 - pytorch_cvae.py[line:170] - INFO: ----------------------------No.96 epoch----------------------------
2022-12-11 08:52:44,539 - pytorch_cvae.py[line:177] - INFO: loss:2473.5731976502575, numeric_loss:28.37797099076167, categorical_loss:1904.8020026612212, kld_loss:683.9881689421018, epoch_train_time:44.71419444680214
2022-12-11 08:53:29,446 - pytorch_cvae.py[line:170] - INFO: ----------------------------No.97 epoch----------------------------
2022-12-11 08:53:29,446 - pytorch_cvae.py[line:177] - INFO: loss:2538.976002461306, numeric_loss:28.321971360149735, categorical_loss:1963.9015975418733, kld_loss:688.9300000134972, epoch_train_time:44.90668162703514
2022-12-11 08:54:14,354 - pytorch_cvae.py[line:170] - INFO: ----------------------------No.98 epoch----------------------------
2022-12-11 08:54:14,354 - pytorch_cvae.py[line:177] - INFO: loss:2531.3638164292206, numeric_loss:28.540654721258683, categorical_loss:1968.7117891692324, kld_loss:670.6503345022211, epoch_train_time:44.90811105258763
2022-12-11 08:54:59,205 - pytorch_cvae.py[line:170] - INFO: ----------------------------No.99 epoch----------------------------
2022-12-11 08:54:59,205 - pytorch_cvae.py[line:177] - INFO: loss:2522.1063087646908, numeric_loss:28.086557273135494, categorical_loss:2011.4067373404396, kld_loss:604.4740151877049, epoch_train_time:44.85090131498873
2022-12-11 08:55:44,000 - pytorch_cvae.py[line:170] - INFO: ----------------------------No.100 epoch----------------------------
2022-12-11 08:55:44,001 - pytorch_cvae.py[line:177] - INFO: loss:2463.5861957069137, numeric_loss:27.882035177732586, categorical_loss:1995.7574985140818, kld_loss:550.2083434463129, epoch_train_time:44.79505794495344
2022-12-11 08:56:28,803 - pytorch_cvae.py[line:170] - INFO: ----------------------------No.101 epoch----------------------------
2022-12-11 08:56:28,803 - pytorch_cvae.py[line:177] - INFO: loss:2387.054931885272, numeric_loss:27.773261131661293, categorical_loss:1981.5372743956395, kld_loss:472.18048403339344, epoch_train_time:44.802010986953974
2022-12-11 08:57:13,459 - pytorch_cvae.py[line:170] - INFO: ----------------------------No.102 epoch----------------------------
2022-12-11 08:57:13,459 - pytorch_cvae.py[line:177] - INFO: loss:2421.9150720395846, numeric_loss:27.379097473855946, categorical_loss:2022.5254851323552, kld_loss:465.01310837146593, epoch_train_time:44.656369674019516
2022-12-11 08:57:58,228 - pytorch_cvae.py[line:170] - INFO: ----------------------------No.103 epoch----------------------------
2022-12-11 08:57:58,228 - pytorch_cvae.py[line:177] - INFO: loss:2512.13541387007, numeric_loss:27.939400927949805, categorical_loss:2088.532719498966, kld_loss:494.57911232387414, epoch_train_time:44.76893801242113
2022-12-11 08:58:42,958 - pytorch_cvae.py[line:170] - INFO: ----------------------------No.104 epoch----------------------------
2022-12-11 08:58:42,958 - pytorch_cvae.py[line:177] - INFO: loss:2418.503953379608, numeric_loss:27.51925901768503, categorical_loss:2068.165498401184, kld_loss:403.5239932287368, epoch_train_time:44.72909988462925
2022-12-11 08:59:27,674 - pytorch_cvae.py[line:170] - INFO: ----------------------------No.105 epoch----------------------------
2022-12-11 08:59:27,674 - pytorch_cvae.py[line:177] - INFO: loss:2412.476626982854, numeric_loss:27.367767053941584, categorical_loss:2087.1669647559174, kld_loss:372.4273555627442, epoch_train_time:44.71602728962898
2022-12-11 09:00:12,636 - pytorch_cvae.py[line:170] - INFO: ----------------------------No.106 epoch----------------------------
2022-12-11 09:00:12,636 - pytorch_cvae.py[line:177] - INFO: loss:2587.860262049071, numeric_loss:27.611244338630073, categorical_loss:2208.118996612844, kld_loss:440.1625120539102, epoch_train_time:44.9618972921744
2022-12-11 09:00:57,597 - pytorch_cvae.py[line:170] - INFO: ----------------------------No.107 epoch----------------------------
2022-12-11 09:00:57,597 - pytorch_cvae.py[line:177] - INFO: loss:2448.952909583517, numeric_loss:27.45192824324602, categorical_loss:2093.5338421926717, kld_loss:409.9589221798233, epoch_train_time:44.96058058273047
2022-12-11 09:01:42,742 - pytorch_cvae.py[line:170] - INFO: ----------------------------No.108 epoch----------------------------
2022-12-11 09:01:42,742 - pytorch_cvae.py[line:177] - INFO: loss:2377.9728455455042, numeric_loss:27.37266905812061, categorical_loss:2052.287939055881, kld_loss:372.8902995242388, epoch_train_time:45.14524085447192
2022-12-11 09:02:27,741 - pytorch_cvae.py[line:170] - INFO: ----------------------------No.109 epoch----------------------------
2022-12-11 09:02:27,741 - pytorch_cvae.py[line:177] - INFO: loss:2444.0398651140276, numeric_loss:27.35122487684018, categorical_loss:2120.353502184327, kld_loss:370.4189215383958, epoch_train_time:44.99843634292483
2022-12-11 09:03:13,008 - pytorch_cvae.py[line:170] - INFO: ----------------------------No.110 epoch----------------------------
2022-12-11 09:03:13,008 - pytorch_cvae.py[line:177] - INFO: loss:2338.5117490743287, numeric_loss:27.434923914260203, categorical_loss:2057.5308540386613, kld_loss:316.93245165003464, epoch_train_time:45.266751397401094
2022-12-11 09:03:58,036 - pytorch_cvae.py[line:170] - INFO: ----------------------------No.111 epoch----------------------------
2022-12-11 09:03:58,036 - pytorch_cvae.py[line:177] - INFO: loss:2413.289381746261, numeric_loss:27.474876489857223, categorical_loss:2111.0610571790603, kld_loss:343.4418051550456, epoch_train_time:45.027999736368656
2022-12-11 09:04:43,185 - pytorch_cvae.py[line:170] - INFO: ----------------------------No.112 epoch----------------------------
2022-12-11 09:04:43,185 - pytorch_cvae.py[line:177] - INFO: loss:2455.1551558550564, numeric_loss:27.59834077202306, categorical_loss:2128.1121247788833, kld_loss:374.30586058995686, epoch_train_time:45.14941426552832
2022-12-11 09:05:28,256 - pytorch_cvae.py[line:170] - INFO: ----------------------------No.113 epoch----------------------------
2022-12-11 09:05:28,256 - pytorch_cvae.py[line:177] - INFO: loss:2339.2420566699584, numeric_loss:27.63186862343437, categorical_loss:2000.5025914662401, kld_loss:388.8844927335158, epoch_train_time:45.07008595764637
2022-12-11 09:06:13,389 - pytorch_cvae.py[line:170] - INFO: ----------------------------No.114 epoch----------------------------
2022-12-11 09:06:13,389 - pytorch_cvae.py[line:177] - INFO: loss:2437.6259627277323, numeric_loss:27.282731989232133, categorical_loss:2105.1781379447784, kld_loss:381.4563631490164, epoch_train_time:45.132887561805546
2022-12-11 09:06:58,467 - pytorch_cvae.py[line:170] - INFO: ----------------------------No.115 epoch----------------------------
2022-12-11 09:06:58,467 - pytorch_cvae.py[line:177] - INFO: loss:2409.912348235026, numeric_loss:27.762436855552004, categorical_loss:2066.4582178181736, kld_loss:394.6146106311935, epoch_train_time:45.078092525713146
2022-12-11 09:07:43,602 - pytorch_cvae.py[line:170] - INFO: ----------------------------No.116 epoch----------------------------
2022-12-11 09:07:43,602 - pytorch_cvae.py[line:177] - INFO: loss:2430.5596749287797, numeric_loss:27.678878593766356, categorical_loss:2066.829745147028, kld_loss:420.06380746117793, epoch_train_time:45.13494274392724
2022-12-11 09:08:29,003 - pytorch_cvae.py[line:170] - INFO: ----------------------------No.117 epoch----------------------------
2022-12-11 09:08:29,003 - pytorch_cvae.py[line:177] - INFO: loss:2401.0816047243134, numeric_loss:27.65615418429403, categorical_loss:2057.308723793103, kld_loss:395.14590628939914, epoch_train_time:45.40111627150327
2022-12-11 09:09:14,146 - pytorch_cvae.py[line:170] - INFO: ----------------------------No.118 epoch----------------------------
2022-12-11 09:09:14,146 - pytorch_cvae.py[line:177] - INFO: loss:2350.139308330836, numeric_loss:27.863337823645985, categorical_loss:2027.6203939704574, kld_loss:368.3194762834464, epoch_train_time:45.14263643231243
2022-12-11 09:09:59,218 - pytorch_cvae.py[line:170] - INFO: ----------------------------No.119 epoch----------------------------
2022-12-11 09:09:59,218 - pytorch_cvae.py[line:177] - INFO: loss:2485.223351726774, numeric_loss:27.71638313957394, categorical_loss:2157.1377599893895, kld_loss:375.46151191933313, epoch_train_time:45.07133206818253
2022-12-11 09:10:44,311 - pytorch_cvae.py[line:170] - INFO: ----------------------------No.120 epoch----------------------------
2022-12-11 09:10:44,311 - pytorch_cvae.py[line:177] - INFO: loss:2323.5587917557277, numeric_loss:27.480534114642165, categorical_loss:2027.9521301872737, kld_loss:335.1576581315603, epoch_train_time:45.09350898768753
2022-12-11 09:11:29,319 - pytorch_cvae.py[line:170] - INFO: ----------------------------No.121 epoch----------------------------
2022-12-11 09:11:29,319 - pytorch_cvae.py[line:177] - INFO: loss:2417.3881699048216, numeric_loss:27.801482730019735, categorical_loss:2079.5311228228966, kld_loss:387.56944438640494, epoch_train_time:45.007068739272654
2022-12-11 09:12:14,215 - pytorch_cvae.py[line:170] - INFO: ----------------------------No.122 epoch----------------------------
2022-12-11 09:12:14,215 - pytorch_cvae.py[line:177] - INFO: loss:2434.3373819810804, numeric_loss:27.751337293435817, categorical_loss:2114.3237710124813, kld_loss:365.32783656413085, epoch_train_time:44.89633095264435
2022-12-11 09:12:59,146 - pytorch_cvae.py[line:170] - INFO: ----------------------------No.123 epoch----------------------------
2022-12-11 09:12:59,146 - pytorch_cvae.py[line:177] - INFO: loss:2418.190996884223, numeric_loss:27.846882768411962, categorical_loss:2113.2763891024224, kld_loss:346.3346490499389, epoch_train_time:44.93033107556403
2022-12-11 09:13:44,417 - pytorch_cvae.py[line:170] - INFO: ----------------------------No.124 epoch----------------------------
2022-12-11 09:13:44,417 - pytorch_cvae.py[line:177] - INFO: loss:2267.5890737552836, numeric_loss:27.612859516526598, categorical_loss:1991.972871274309, kld_loss:310.0041747773066, epoch_train_time:45.27131981961429
2022-12-11 09:14:29,514 - pytorch_cvae.py[line:170] - INFO: ----------------------------No.125 epoch----------------------------
2022-12-11 09:14:29,514 - pytorch_cvae.py[line:177] - INFO: loss:2380.4581301948056, numeric_loss:27.8684282670299, categorical_loss:2064.6160544340382, kld_loss:359.9670483840164, epoch_train_time:45.09701000340283
2022-12-11 09:15:14,844 - pytorch_cvae.py[line:170] - INFO: ----------------------------No.126 epoch----------------------------
2022-12-11 09:15:14,844 - pytorch_cvae.py[line:177] - INFO: loss:2333.8965155300684, numeric_loss:28.04530415500023, categorical_loss:2031.7549644683022, kld_loss:342.6203074588557, epoch_train_time:45.329792018048465
2022-12-11 09:15:59,920 - pytorch_cvae.py[line:170] - INFO: ----------------------------No.127 epoch----------------------------
2022-12-11 09:15:59,920 - pytorch_cvae.py[line:177] - INFO: loss:2303.2574776447145, numeric_loss:28.201223535880604, categorical_loss:1979.2545450538746, kld_loss:369.752128993161, epoch_train_time:45.07513763010502
2022-12-11 09:16:45,024 - pytorch_cvae.py[line:170] - INFO: ----------------------------No.128 epoch----------------------------
2022-12-11 09:16:45,024 - pytorch_cvae.py[line:177] - INFO: loss:2248.227497506916, numeric_loss:27.798232732310545, categorical_loss:1998.4959819997312, kld_loss:277.41659969103057, epoch_train_time:45.104383145458996
2022-12-11 09:17:29,915 - pytorch_cvae.py[line:170] - INFO: ----------------------------No.129 epoch----------------------------
2022-12-11 09:17:29,915 - pytorch_cvae.py[line:177] - INFO: loss:2286.330876473774, numeric_loss:27.540137662863415, categorical_loss:2026.4635366272996, kld_loss:290.4090045541525, epoch_train_time:44.8908479148522
2022-12-11 09:18:15,006 - pytorch_cvae.py[line:170] - INFO: ----------------------------No.130 epoch----------------------------
2022-12-11 09:18:15,006 - pytorch_cvae.py[line:177] - INFO: loss:2252.9444868387654, numeric_loss:27.58491430687805, categorical_loss:2019.7430197258363, kld_loss:257.02068666601554, epoch_train_time:45.090389497578144
2022-12-11 09:19:00,000 - pytorch_cvae.py[line:170] - INFO: ----------------------------No.131 epoch----------------------------
2022-12-11 09:19:00,000 - pytorch_cvae.py[line:177] - INFO: loss:2392.0165112735995, numeric_loss:27.68226112021571, categorical_loss:2108.5557976156997, kld_loss:319.7230597289745, epoch_train_time:44.99439724069089
2022-12-11 09:19:44,883 - pytorch_cvae.py[line:170] - INFO: ----------------------------No.132 epoch----------------------------
2022-12-11 09:19:44,883 - pytorch_cvae.py[line:177] - INFO: loss:2377.8453491735854, numeric_loss:27.616842922669242, categorical_loss:2132.320385505969, kld_loss:272.38514928525547, epoch_train_time:44.88227899372578
2022-12-11 09:20:29,821 - pytorch_cvae.py[line:170] - INFO: ----------------------------No.133 epoch----------------------------
2022-12-11 09:20:29,821 - pytorch_cvae.py[line:177] - INFO: loss:2286.122127713461, numeric_loss:27.677813883985184, categorical_loss:2087.954389429622, kld_loss:213.1124064368778, epoch_train_time:44.93810516037047
2022-12-11 09:21:14,833 - pytorch_cvae.py[line:170] - INFO: ----------------------------No.134 epoch----------------------------
2022-12-11 09:21:14,833 - pytorch_cvae.py[line:177] - INFO: loss:2234.916342774115, numeric_loss:27.31824372043114, categorical_loss:2037.318136706308, kld_loss:212.84995310480008, epoch_train_time:45.01143866870552
2022-12-11 09:21:59,771 - pytorch_cvae.py[line:170] - INFO: ----------------------------No.135 epoch----------------------------
2022-12-11 09:21:59,771 - pytorch_cvae.py[line:177] - INFO: loss:2268.243933210557, numeric_loss:27.16324209489929, categorical_loss:2081.38827082474, kld_loss:199.61552340653725, epoch_train_time:44.937955980189145
2022-12-11 09:22:44,779 - pytorch_cvae.py[line:170] - INFO: ----------------------------No.136 epoch----------------------------
2022-12-11 09:22:44,779 - pytorch_cvae.py[line:177] - INFO: loss:2343.917385462555, numeric_loss:27.217968904032148, categorical_loss:2105.6674369798857, kld_loss:263.7899602811667, epoch_train_time:45.00786768924445
2022-12-11 09:23:29,691 - pytorch_cvae.py[line:170] - INFO: ----------------------------No.137 epoch----------------------------
2022-12-11 09:23:29,692 - pytorch_cvae.py[line:177] - INFO: loss:2211.1944397756015, numeric_loss:27.23540878111235, categorical_loss:2018.0850796008017, kld_loss:207.34244275290985, epoch_train_time:44.91261902730912
2022-12-11 09:24:14,447 - pytorch_cvae.py[line:170] - INFO: ----------------------------No.138 epoch----------------------------
2022-12-11 09:24:14,448 - pytorch_cvae.py[line:177] - INFO: loss:2422.2462018091464, numeric_loss:27.500106853629287, categorical_loss:2177.7224279347574, kld_loss:271.2795749818324, epoch_train_time:44.75583453197032
2022-12-11 09:24:59,095 - pytorch_cvae.py[line:170] - INFO: ----------------------------No.139 epoch----------------------------
2022-12-11 09:24:59,095 - pytorch_cvae.py[line:177] - INFO: loss:2267.7986082569696, numeric_loss:26.980844887651376, categorical_loss:2044.3121222969494, kld_loss:245.63205132615985, epoch_train_time:44.64717288222164
2022-12-11 09:25:43,568 - pytorch_cvae.py[line:170] - INFO: ----------------------------No.140 epoch----------------------------
2022-12-11 09:25:43,568 - pytorch_cvae.py[line:177] - INFO: loss:2434.2798967906565, numeric_loss:27.52673506521405, categorical_loss:2183.732406009047, kld_loss:278.7759393877932, epoch_train_time:44.47301315423101
2022-12-11 09:26:28,165 - pytorch_cvae.py[line:170] - INFO: ----------------------------No.141 epoch----------------------------
2022-12-11 09:26:28,165 - pytorch_cvae.py[line:177] - INFO: loss:2345.308640459378, numeric_loss:27.33938530885582, categorical_loss:2099.99331913254, kld_loss:272.46992490661796, epoch_train_time:44.59696724079549
2022-12-11 09:27:12,724 - pytorch_cvae.py[line:170] - INFO: ----------------------------No.142 epoch----------------------------
2022-12-11 09:27:12,724 - pytorch_cvae.py[line:177] - INFO: loss:2270.566993831133, numeric_loss:27.710189894451872, categorical_loss:2017.4229099373624, kld_loss:281.7923632846796, epoch_train_time:44.55889390408993
2022-12-11 09:27:57,121 - pytorch_cvae.py[line:170] - INFO: ----------------------------No.143 epoch----------------------------
2022-12-11 09:27:57,121 - pytorch_cvae.py[line:177] - INFO: loss:2280.314553132106, numeric_loss:27.29323312141727, categorical_loss:2046.48786504718, kld_loss:258.1668080376112, epoch_train_time:44.396977164782584
2022-12-11 09:28:41,999 - pytorch_cvae.py[line:170] - INFO: ----------------------------No.144 epoch----------------------------
2022-12-11 09:28:41,999 - pytorch_cvae.py[line:177] - INFO: loss:2236.400234432018, numeric_loss:27.130552676055036, categorical_loss:2000.1878503130865, kld_loss:261.35228274180554, epoch_train_time:44.87765454221517
2022-12-11 09:29:26,851 - pytorch_cvae.py[line:170] - INFO: ----------------------------No.145 epoch----------------------------
2022-12-11 09:29:26,851 - pytorch_cvae.py[line:177] - INFO: loss:2246.470874592196, numeric_loss:27.2664331706281, categorical_loss:2019.581239722378, kld_loss:249.5289967796998, epoch_train_time:44.85171347297728
2022-12-11 09:30:11,441 - pytorch_cvae.py[line:170] - INFO: ----------------------------No.146 epoch----------------------------
2022-12-11 09:30:11,441 - pytorch_cvae.py[line:177] - INFO: loss:2291.8554562204226, numeric_loss:27.329054800102924, categorical_loss:2048.4439623815124, kld_loss:270.1030383625766, epoch_train_time:44.58932772744447
2022-12-11 09:30:55,920 - pytorch_cvae.py[line:170] - INFO: ----------------------------No.147 epoch----------------------------
2022-12-11 09:30:55,921 - pytorch_cvae.py[line:177] - INFO: loss:2226.0290391242597, numeric_loss:27.3804108374389, categorical_loss:1986.5936516080983, kld_loss:265.06871756672626, epoch_train_time:44.479674184694886
2022-12-11 09:31:40,382 - pytorch_cvae.py[line:170] - INFO: ----------------------------No.148 epoch----------------------------
2022-12-11 09:31:40,382 - pytorch_cvae.py[line:177] - INFO: loss:2338.8442525297287, numeric_loss:27.434980715244286, categorical_loss:2061.935563211562, kld_loss:311.84214180044364, epoch_train_time:44.461241357028484
2022-12-11 09:32:24,921 - pytorch_cvae.py[line:170] - INFO: ----------------------------No.149 epoch----------------------------
2022-12-11 09:32:24,921 - pytorch_cvae.py[line:177] - INFO: loss:2375.8658289274317, numeric_loss:27.72624246109085, categorical_loss:2123.6868666760856, kld_loss:280.56588737509446, epoch_train_time:44.539053209125996
2022-12-11 09:33:09,544 - pytorch_cvae.py[line:170] - INFO: ----------------------------No.150 epoch----------------------------
2022-12-11 09:33:09,544 - pytorch_cvae.py[line:177] - INFO: loss:2355.332951982913, numeric_loss:27.763780253431513, categorical_loss:2127.5815579908085, kld_loss:249.9845095316996, epoch_train_time:44.62240551691502
2022-12-11 09:33:09,544 - pytorch_cvae.py[line:186] - INFO: training time elapsed:6740.354439225979
2022-12-11 09:33:09,546 - model_utils.py[line:67] - INFO: save model successfully
2022-12-11 09:33:16,851 - pytorch_cvae.py[line:268] - INFO: train model time elapsed:7484.138478730805
2022-12-11 09:33:16,851 - dataset_utils.py[line:571] - INFO: load existing dataset(light):tpch20g-skew-nation_n_nationkey#n_name__n_nationkey_binary_mm_0
2022-12-11 09:33:16,853 - dataset_utils.py[line:580] - INFO: load dataset(light) time elapsed:0.0018942821770906448
2022-12-11 09:33:16,853 - pytorch_cvae.py[line:280] - INFO: feature info:[('n_nationkey', 'categorical', 6), ('n_name', 'categorical', 6)]
2022-12-11 09:33:16,854 - model_utils.py[line:75] - INFO: load model name:torch_cvae_tpch20g-skew-nation_n_nationkey_ld100_id150_bs128_ep100_0_binary_mm
2022-12-11 09:33:16,856 - model_utils.py[line:86] - INFO: load torch model time elapsed:0.0018326248973608017
2022-12-11 09:33:16,856 - pytorch_cvae.py[line:290] - INFO: load model time elapsed:0.004669937305152416
2022-12-11 09:33:16,856 - main.py[line:535] - INFO: multi_sampling No.0 epoch
2022-12-11 09:33:16,906 - pytorch_cvae.py[line:404] - INFO: sampling time:0.04983977135270834
2022-12-11 09:33:16,907 - dataset_utils.py[line:552] - INFO: load existing dataset:tpch20g-skew-nation_n_nationkey#n_name__n_nationkey_binary_mm_0
2022-12-11 09:33:16,908 - dataset_utils.py[line:564] - INFO: load dataset time elapsed:0.0018676919862627983
2022-12-11 09:33:16,924 - main.py[line:519] - INFO: sample and aggregation time elapsed:0.06743021123111248
2022-12-11 09:33:16,925 - main.py[line:552] - INFO: sample time: 0.06932685151696205
2022-12-11 09:33:16,929 - main.py[line:99] - INFO: aqp result:
                avg(c_acctbal)  sum(c_acctbal)
n_name                                        
ALGERIA        3237.96         388085967.49   
ARGENTINA      3325.15         398412262.02   
BRAZIL         3140.36         376705083.83   
CANADA         2874.28         344792304.09   
CHINA          3887.59         465942882.94   
EGYPT          3374.97         405026380.29   
ETHIOPIA       3594.21         432868190.25   
FRANCE         2543.51         306210599.46   
GERMANY        2664.42         320005427.42   
INDIA          3710.95         454711842.85   
INDONESIA      3405.85         409641751.41   
IRAN           3686.77         443211839.35   
IRAQ           3247.79         389812785.46   
JAPAN          3574.70         419592963.34   
JORDAN         3409.50         406732366.35   
KENYA          3597.77         429826051.70   
MOROCCO        3203.19         384305461.23   
MOZAMBIQUE     3494.25         418261637.70   
PERU           2682.28         321551576.48   
ROMANIA        3178.46         381332851.35   
RUSSIA         3792.93         454711418.54   
SAUDI ARABIA   2928.29         352225839.45   
UNITED KINGDOM 3344.44         403609900.29   
UNITED STATES  3601.56         432464970.71   
VIETNAM        3397.58         407746509.77   
2022-12-11 09:33:16,931 - main.py[line:100] - INFO: ground truth:
                avg(c_acctbal)  sum(c_acctbal)
n_name                                        
ALGERIA        1708.45         204766270.24   
ARGENTINA      1713.71         205333222.54   
BRAZIL         1699.75         203895735.68   
CANADA         1699.74         203897208.37   
CHINA          1701.60         203943596.61   
EGYPT          1702.19         204277850.06   
ETHIOPIA       1705.55         205407855.93   
FRANCE         1708.09         205635151.07   
GERMANY        1705.05         204782150.22   
INDIA          1718.42         207081134.37   
INDONESIA      1698.79         204323618.81   
IRAN           1697.59         204078765.11   
IRAQ           1713.72         205687013.87   
JAPAN          1706.09         203652437.75   
JORDAN         1704.00         203276882.67   
KENYA          1718.46         205304902.07   
MOROCCO        1711.97         205394808.91   
MOZAMBIQUE     1711.33         204846644.54   
PERU           1702.16         204054720.79   
ROMANIA        1709.19         205058726.13   
RUSSIA         1712.54         205305662.90   
SAUDI ARABIA   1716.88         206513446.56   
UNITED KINGDOM 1702.23         205426283.41   
UNITED STATES  1717.20         206195911.89   
VIETNAM        1707.35         204900286.27   
2022-12-11 09:33:16,935 - main.py[line:564] - INFO: relative error:
                avg(c_acctbal)  sum(c_acctbal)
n_name                                        
ALGERIA        0.90            0.90           
ARGENTINA      0.94            0.94           
BRAZIL         0.85            0.85           
CANADA         0.69            0.69           
CHINA          1.28            1.28           
EGYPT          0.98            0.98           
ETHIOPIA       1.11            1.11           
FRANCE         0.49            0.49           
GERMANY        0.56            0.56           
INDIA          1.16            1.20           
INDONESIA      1.00            1.00           
IRAN           1.17            1.17           
IRAQ           0.90            0.90           
JAPAN          1.10            1.06           
JORDAN         1.00            1.00           
KENYA          1.09            1.09           
MOROCCO        0.87            0.87           
MOZAMBIQUE     1.04            1.04           
PERU           0.58            0.58           
ROMANIA        0.86            0.86           
RUSSIA         1.21            1.21           
SAUDI ARABIA   0.71            0.71           
UNITED KINGDOM 0.96            0.96           
UNITED STATES  1.10            1.10           
VIETNAM        0.99            0.99           
2022-12-11 09:33:16,936 - main.py[line:565] - INFO: relative error normalized:
                avg(c_acctbal)  sum(c_acctbal)
n_name                                        
ALGERIA        0.59            0.59           
ARGENTINA      0.61            0.61           
BRAZIL         0.57            0.57           
CANADA         0.50            0.50           
CHINA          0.72            0.72           
EGYPT          0.63            0.63           
ETHIOPIA       0.67            0.67           
FRANCE         0.39            0.39           
GERMANY        0.43            0.43           
INDIA          0.69            0.70           
INDONESIA      0.63            0.63           
IRAN           0.69            0.69           
IRAQ           0.59            0.59           
JAPAN          0.67            0.65           
JORDAN         0.63            0.63           
KENYA          0.66            0.66           
MOROCCO        0.58            0.58           
MOZAMBIQUE     0.65            0.65           
PERU           0.44            0.44           
ROMANIA        0.58            0.58           
RUSSIA         0.70            0.70           
SAUDI ARABIA   0.51            0.51           
UNITED KINGDOM 0.62            0.62           
UNITED STATES  0.67            0.67           
VIETNAM        0.63            0.63           
2022-12-11 09:33:16,936 - main.py[line:568] - INFO: relative error average: 0.9417268157706679
2022-12-11 09:33:16,936 - main.py[line:569] - INFO: relative error normalized average: 0.601510874701066
2022-12-11 09:33:16,939 - main.py[line:615] - INFO: total_time:7484.22640627902
========df.std:  {0: 2459.294491406553, 1: 2468.2332046214947, 2: 2457.0276019790767, 3: 2454.2422435441235, 4: 2460.8625654250595, 5: 2463.845404778749, 6: 2465.6167533893167, 7: 2463.414271040448, 8: 2471.305628898354, 9: 2451.7152459961835, 10: 2453.5702640728673, 11: 2467.1094506370264, 12: 2461.9756891202455, 13: 2462.831677898969, 14: 2471.7459071988587, 15: 2464.8814611122853, 16: 2469.0755330686216, 17: 2460.1365672672378, 18: 2460.874188547089, 19: 2461.848957684369, 20: 2468.595545128093, 21: 2460.8166091732937, 22: 2471.2663579263085, 23: 2460.744258005586, 24: 2469.394392698061}
========df.mean:  {0: 1708.449962371294, 1: 1713.7093136257436, 2: 1699.75437393721, 3: 1699.7383114924462, 4: 1702.1877530852698, 5: 1705.549515755476, 6: 1708.0892030834086, 7: 1705.0544134618767, 8: 1718.415812940419, 9: 1698.7896073199354, 10: 1697.586573529631, 11: 1713.7157057756194, 12: 1706.089050248052, 13: 1703.9992176472508, 14: 1718.4640668787888, 15: 1711.9658007435785, 16: 1711.3337054303229, 17: 1702.1581647481594, 18: 1701.600252056756, 19: 1709.1930429094, 20: 1716.8821003625735, 21: 1707.3458788778687, 22: 1712.53597560985, 23: 1702.2255650020427, 24: 1717.1973974200962}
feature_names: ['c_nationkey_0', 'c_nationkey_1', 'c_nationkey_2', 'c_nationkey_3', 'c_nationkey_4', 'c_nationkey_5']
feature_names: ['c_nationkey_0', 'c_nationkey_1', 'c_nationkey_2', 'c_nationkey_3', 'c_nationkey_4', 'c_nationkey_5']
==========self.label_group_stds:  {'c_acctbal': {0: 2459.294491406553, 1: 2468.2332046214947, 2: 2457.0276019790767, 3: 2454.2422435441235, 4: 2460.8625654250595, 5: 2463.845404778749, 6: 2465.6167533893167, 7: 2463.414271040448, 8: 2471.305628898354, 9: 2451.7152459961835, 10: 2453.5702640728673, 11: 2467.1094506370264, 12: 2461.9756891202455, 13: 2462.831677898969, 14: 2471.7459071988587, 15: 2464.8814611122853, 16: 2469.0755330686216, 17: 2460.1365672672378, 18: 2460.874188547089, 19: 2461.848957684369, 20: 2468.595545128093, 21: 2460.8166091732937, 22: 2471.2663579263085, 23: 2460.744258005586, 24: 2469.394392698061}}
==========self.label_group_means:  {'c_acctbal': {0: 1708.449962371294, 1: 1713.7093136257436, 2: 1699.75437393721, 3: 1699.7383114924462, 4: 1702.1877530852698, 5: 1705.549515755476, 6: 1708.0892030834086, 7: 1705.0544134618767, 8: 1718.415812940419, 9: 1698.7896073199354, 10: 1697.586573529631, 11: 1713.7157057756194, 12: 1706.089050248052, 13: 1703.9992176472508, 14: 1718.4640668787888, 15: 1711.9658007435785, 16: 1711.3337054303229, 17: 1702.1581647481594, 18: 1701.600252056756, 19: 1709.1930429094, 20: 1716.8821003625735, 21: 1707.3458788778687, 22: 1712.53597560985, 23: 1702.2255650020427, 24: 1717.1973974200962}}
