main.py:19: FutureWarning: Passing a negative integer is deprecated in version 1.0 and will not be supported in future version. Instead, use None to not limit the column width.
  pd.set_option('max_colwidth', -1)
2022-12-11 18:51:16,720 - main.py[line:595] - INFO: load query config skew_size_var/query_config/tpch_aggvar2.json successfully
2022-12-11 18:51:16,720 - main.py[line:602] - INFO: load train config ./skew_size_var/train_config/tpch_customer_aggvar2.json successfully
2022-12-11 18:51:16,720 - main.py[line:602] - INFO: load train config ./skew_size_var/train_config/tpch_nation.json successfully
2022-12-11 18:51:16,720 - pytorch_cvae.py[line:249] - INFO: epoch:150
2022-12-11 18:51:16,720 - pytorch_cvae.py[line:250] - INFO: batch size:512
2022-12-11 18:51:16,720 - pytorch_cvae.py[line:251] - INFO: latent dimension:100
2022-12-11 18:51:16,720 - pytorch_cvae.py[line:252] - INFO: intermediate dimension:100
2022-12-11 18:51:16,720 - pytorch_cvae.py[line:253] - INFO: gpu num:0
2022-12-11 18:51:16,744 - dataset_utils.py[line:297] - INFO: loading data:/home/lihan/tpch-skew-data/test/agg_var2.csv
2022-12-11 18:51:17,107 - dataset_utils.py[line:322] - INFO: data total rows:3000000
2022-12-11 18:51:17,107 - dataset_utils.py[line:354] - INFO: sample the training data sample rows:3000000
2022-12-11 18:51:17,107 - dataset_utils.py[line:358] - INFO: load data time elapsed:0.3630691170692444
2022-12-11 18:51:17,491 - dataset_utils.py[line:43] - INFO: encode categorical columns time elapsed:0.38336920365691185
/root/anaconda3/envs/py36/lib/python3.6/site-packages/sklearn/mixture/base.py:273: ConvergenceWarning: Initialization 1 did not converge. Try different init parameters, or increase max_iter, tol or check for degenerate data.
  % (init + 1), ConvergenceWarning)
2022-12-11 19:04:26,747 - dataset_utils.py[line:56] - INFO: encode numeric columnstime elapsed:789.2553219115362
2022-12-11 19:04:27,188 - dataset_utils.py[line:107] - INFO: data shape:(3000000, 35)
2022-12-11 19:04:27,188 - dataset_utils.py[line:136] - INFO: feature info:[('c_acctbal', 'numerical', 29), ('c_nationkey', 'categorical', 6)]
2022-12-11 19:04:27,188 - dataset_utils.py[line:137] - INFO: output info list:[(1, 'no'), (28, 'softmax'), (6, 'sigmoid')]
2022-12-11 19:04:29,618 - dataset_utils.py[line:140] - INFO: load data successfully
2022-12-11 19:04:29,624 - pytorch_cvae.py[line:258] - INFO: feature info:[('c_acctbal', 'numerical', 29), ('c_nationkey', 'categorical', 6)]
2022-12-11 19:05:15,345 - pytorch_cvae.py[line:170] - INFO: ----------------------------No.1 epoch----------------------------
2022-12-11 19:05:15,345 - pytorch_cvae.py[line:177] - INFO: loss:3412.056997568463, numeric_loss:30.68856324895865, categorical_loss:3131.8073656451306, kld_loss:46297.68337217718, epoch_train_time:45.71819389425218
2022-12-11 19:06:00,165 - pytorch_cvae.py[line:170] - INFO: ----------------------------No.2 epoch----------------------------
2022-12-11 19:06:00,165 - pytorch_cvae.py[line:177] - INFO: loss:2619.300612174964, numeric_loss:27.475277646452096, categorical_loss:2405.2791383067815, kld_loss:31329.721752397716, epoch_train_time:44.820282546803355
2022-12-11 19:06:45,320 - pytorch_cvae.py[line:170] - INFO: ----------------------------No.3 epoch----------------------------
2022-12-11 19:06:45,320 - pytorch_cvae.py[line:177] - INFO: loss:2188.0620048835117, numeric_loss:28.393187071125553, categorical_loss:1981.1957873250358, kld_loss:27162.185464994982, epoch_train_time:45.154354273341596
2022-12-11 19:07:30,778 - pytorch_cvae.py[line:170] - INFO: ----------------------------No.4 epoch----------------------------
2022-12-11 19:07:30,778 - pytorch_cvae.py[line:177] - INFO: loss:1707.9835641878017, numeric_loss:28.411675606952258, categorical_loss:1481.538936796729, kld_loss:27339.204142941628, epoch_train_time:45.45808429829776
2022-12-11 19:08:16,376 - pytorch_cvae.py[line:170] - INFO: ----------------------------No.5 epoch----------------------------
2022-12-11 19:08:16,376 - pytorch_cvae.py[line:177] - INFO: loss:1296.9448120799934, numeric_loss:36.20502965957271, categorical_loss:998.5028724385484, kld_loss:32872.50571039738, epoch_train_time:45.59812748711556
2022-12-11 19:09:02,054 - pytorch_cvae.py[line:170] - INFO: ----------------------------No.6 epoch----------------------------
2022-12-11 19:09:02,054 - pytorch_cvae.py[line:177] - INFO: loss:1020.585309349015, numeric_loss:45.92193573407906, categorical_loss:671.3801407811552, kld_loss:34555.108444443904, epoch_train_time:45.677103518508375
2022-12-11 19:09:47,674 - pytorch_cvae.py[line:170] - INFO: ----------------------------No.7 epoch----------------------------
2022-12-11 19:09:47,674 - pytorch_cvae.py[line:177] - INFO: loss:917.5423032242397, numeric_loss:42.872535910747274, categorical_loss:542.7076603995374, kld_loss:34412.12993525807, epoch_train_time:45.62023604568094
2022-12-11 19:10:33,304 - pytorch_cvae.py[line:170] - INFO: ----------------------------No.8 epoch----------------------------
2022-12-11 19:10:33,304 - pytorch_cvae.py[line:177] - INFO: loss:757.2518832634669, numeric_loss:39.78122415162983, categorical_loss:354.8200700850866, kld_loss:34237.72445812542, epoch_train_time:45.62986127845943
2022-12-11 19:11:18,623 - pytorch_cvae.py[line:170] - INFO: ----------------------------No.9 epoch----------------------------
2022-12-11 19:11:18,623 - pytorch_cvae.py[line:177] - INFO: loss:687.2697732111847, numeric_loss:33.64301790600638, categorical_loss:280.7607103256669, kld_loss:32092.02426851215, epoch_train_time:45.3189038913697
2022-12-11 19:12:04,315 - pytorch_cvae.py[line:170] - INFO: ----------------------------No.10 epoch----------------------------
2022-12-11 19:12:04,316 - pytorch_cvae.py[line:177] - INFO: loss:729.5437696292502, numeric_loss:37.509293018373896, categorical_loss:280.47324343149376, kld_loss:32325.167296540458, epoch_train_time:45.69223517458886
2022-12-11 19:12:49,914 - pytorch_cvae.py[line:170] - INFO: ----------------------------No.11 epoch----------------------------
2022-12-11 19:12:49,914 - pytorch_cvae.py[line:177] - INFO: loss:716.083193497383, numeric_loss:49.69275481675275, categorical_loss:267.2640197234141, kld_loss:28636.05164736649, epoch_train_time:45.59842200111598
2022-12-11 19:13:35,522 - pytorch_cvae.py[line:170] - INFO: ----------------------------No.12 epoch----------------------------
2022-12-11 19:13:35,522 - pytorch_cvae.py[line:177] - INFO: loss:717.229675870447, numeric_loss:41.50568340209368, categorical_loss:270.1143814342504, kld_loss:26609.796075606253, epoch_train_time:45.60807807743549
2022-12-11 19:14:21,109 - pytorch_cvae.py[line:170] - INFO: ----------------------------No.13 epoch----------------------------
2022-12-11 19:14:21,109 - pytorch_cvae.py[line:177] - INFO: loss:738.6540463890124, numeric_loss:53.66152657153485, categorical_loss:267.1838438351406, kld_loss:25088.55846325762, epoch_train_time:45.586121507920325
2022-12-11 19:15:06,748 - pytorch_cvae.py[line:170] - INFO: ----------------------------No.14 epoch----------------------------
2022-12-11 19:15:06,748 - pytorch_cvae.py[line:177] - INFO: loss:705.4552251575369, numeric_loss:50.12640414271478, categorical_loss:239.24739783580299, kld_loss:22891.582406667876, epoch_train_time:45.639627097174525
2022-12-11 19:15:52,646 - pytorch_cvae.py[line:170] - INFO: ----------------------------No.15 epoch----------------------------
2022-12-11 19:15:52,646 - pytorch_cvae.py[line:177] - INFO: loss:780.1759621512756, numeric_loss:58.38564494334658, categorical_loss:266.64741174336814, kld_loss:22965.65300803911, epoch_train_time:45.897431588731706
2022-12-11 19:16:38,053 - pytorch_cvae.py[line:170] - INFO: ----------------------------No.16 epoch----------------------------
2022-12-11 19:16:38,053 - pytorch_cvae.py[line:177] - INFO: loss:743.3377840908943, numeric_loss:40.117077870660566, categorical_loss:259.9300142719294, kld_loss:20534.657131651882, epoch_train_time:45.407218714244664
2022-12-11 19:17:23,445 - pytorch_cvae.py[line:170] - INFO: ----------------------------No.17 epoch----------------------------
2022-12-11 19:17:23,445 - pytorch_cvae.py[line:177] - INFO: loss:857.4269282222376, numeric_loss:40.80849315908002, categorical_loss:337.5601462135819, kld_loss:20393.385029071476, epoch_train_time:45.39180922228843
2022-12-11 19:18:08,691 - pytorch_cvae.py[line:170] - INFO: ----------------------------No.18 epoch----------------------------
2022-12-11 19:18:08,691 - pytorch_cvae.py[line:177] - INFO: loss:819.0247396543709, numeric_loss:39.60622747283351, categorical_loss:315.88597322485293, kld_loss:18151.711854800407, epoch_train_time:45.24547572713345
2022-12-11 19:18:53,596 - pytorch_cvae.py[line:170] - INFO: ----------------------------No.19 epoch----------------------------
2022-12-11 19:18:53,596 - pytorch_cvae.py[line:177] - INFO: loss:827.2270179088955, numeric_loss:44.84530892002261, categorical_loss:309.0648134926887, kld_loss:17067.112733586284, epoch_train_time:44.90458029229194
2022-12-11 19:19:38,882 - pytorch_cvae.py[line:170] - INFO: ----------------------------No.20 epoch----------------------------
2022-12-11 19:19:38,882 - pytorch_cvae.py[line:177] - INFO: loss:942.9554570901819, numeric_loss:39.32161396846551, categorical_loss:385.5121426490077, kld_loss:17220.463508863526, epoch_train_time:45.28621929883957
2022-12-11 19:20:24,103 - pytorch_cvae.py[line:170] - INFO: ----------------------------No.21 epoch----------------------------
2022-12-11 19:20:24,103 - pytorch_cvae.py[line:177] - INFO: loss:879.4612098970392, numeric_loss:46.70038336703845, categorical_loss:308.0270076437446, kld_loss:16091.309588712058, epoch_train_time:45.22106028534472
2022-12-11 19:21:09,199 - pytorch_cvae.py[line:170] - INFO: ----------------------------No.22 epoch----------------------------
2022-12-11 19:21:09,199 - pytorch_cvae.py[line:177] - INFO: loss:904.700775211255, numeric_loss:43.629237177178595, categorical_loss:327.01023508928483, kld_loss:15125.754015966202, epoch_train_time:45.09517160989344
2022-12-11 19:21:54,580 - pytorch_cvae.py[line:170] - INFO: ----------------------------No.23 epoch----------------------------
2022-12-11 19:21:54,580 - pytorch_cvae.py[line:177] - INFO: loss:914.1914822438121, numeric_loss:52.114332630278355, categorical_loss:330.13350701503805, kld_loss:13928.342743427784, epoch_train_time:45.38143146596849
2022-12-11 19:22:39,760 - pytorch_cvae.py[line:170] - INFO: ----------------------------No.24 epoch----------------------------
2022-12-11 19:22:39,760 - pytorch_cvae.py[line:177] - INFO: loss:998.126640977207, numeric_loss:43.03228504965879, categorical_loss:391.98237355482706, kld_loss:13644.913225493336, epoch_train_time:45.1791609833017
2022-12-11 19:23:25,001 - pytorch_cvae.py[line:170] - INFO: ----------------------------No.25 epoch----------------------------
2022-12-11 19:23:25,001 - pytorch_cvae.py[line:177] - INFO: loss:1103.986147214615, numeric_loss:54.56264342458226, categorical_loss:468.2896100451035, kld_loss:13044.537907525664, epoch_train_time:45.24126519262791
2022-12-11 19:24:10,111 - pytorch_cvae.py[line:170] - INFO: ----------------------------No.26 epoch----------------------------
2022-12-11 19:24:10,111 - pytorch_cvae.py[line:177] - INFO: loss:1080.9502896726917, numeric_loss:46.77019646992281, categorical_loss:434.38749033320346, kld_loss:12484.304100801528, epoch_train_time:45.109781629405916
2022-12-11 19:24:55,417 - pytorch_cvae.py[line:170] - INFO: ----------------------------No.27 epoch----------------------------
2022-12-11 19:24:55,417 - pytorch_cvae.py[line:177] - INFO: loss:1053.6364530818973, numeric_loss:43.24721704482107, categorical_loss:396.55990452869446, kld_loss:11859.214946570923, epoch_train_time:45.30608658120036
2022-12-11 19:25:40,769 - pytorch_cvae.py[line:170] - INFO: ----------------------------No.28 epoch----------------------------
2022-12-11 19:25:40,770 - pytorch_cvae.py[line:177] - INFO: loss:1072.6525604849157, numeric_loss:35.271635023697456, categorical_loss:417.1982169840194, kld_loss:11132.874805336643, epoch_train_time:45.35199366789311
2022-12-11 19:26:25,782 - pytorch_cvae.py[line:170] - INFO: ----------------------------No.29 epoch----------------------------
2022-12-11 19:26:25,782 - pytorch_cvae.py[line:177] - INFO: loss:1130.6137653125916, numeric_loss:39.496271530270974, categorical_loss:430.17946973747166, kld_loss:11034.73868256301, epoch_train_time:45.01221918966621
2022-12-11 19:27:11,012 - pytorch_cvae.py[line:170] - INFO: ----------------------------No.30 epoch----------------------------
2022-12-11 19:27:11,012 - pytorch_cvae.py[line:177] - INFO: loss:1129.5165456353425, numeric_loss:42.5800883967588, categorical_loss:420.7757911187946, kld_loss:10354.478652403166, epoch_train_time:45.229547368362546
2022-12-11 19:27:56,326 - pytorch_cvae.py[line:170] - INFO: ----------------------------No.31 epoch----------------------------
2022-12-11 19:27:56,326 - pytorch_cvae.py[line:177] - INFO: loss:1171.2176159278897, numeric_loss:42.03300859444286, categorical_loss:436.3085159663169, kld_loss:10036.61078012822, epoch_train_time:45.314316146075726
2022-12-11 19:28:41,786 - pytorch_cvae.py[line:170] - INFO: ----------------------------No.32 epoch----------------------------
2022-12-11 19:28:41,786 - pytorch_cvae.py[line:177] - INFO: loss:1176.829754108854, numeric_loss:38.556336167332596, categorical_loss:430.74806931258354, kld_loss:9560.70752225368, epoch_train_time:45.45985898934305
2022-12-11 19:29:27,177 - pytorch_cvae.py[line:170] - INFO: ----------------------------No.33 epoch----------------------------
2022-12-11 19:29:27,177 - pytorch_cvae.py[line:177] - INFO: loss:1204.9386432102474, numeric_loss:38.73806579652654, categorical_loss:450.1105113217636, kld_loss:9035.797707634338, epoch_train_time:45.390449528582394
2022-12-11 19:30:12,202 - pytorch_cvae.py[line:170] - INFO: ----------------------------No.34 epoch----------------------------
2022-12-11 19:30:12,202 - pytorch_cvae.py[line:177] - INFO: loss:1182.620415026744, numeric_loss:42.27086732692374, categorical_loss:422.3527336981351, kld_loss:8468.500341191946, epoch_train_time:45.025409813039005
2022-12-11 19:30:57,448 - pytorch_cvae.py[line:170] - INFO: ----------------------------No.35 epoch----------------------------
2022-12-11 19:30:57,448 - pytorch_cvae.py[line:177] - INFO: loss:1228.5911975066701, numeric_loss:44.96500909460452, categorical_loss:455.0885559801245, kld_loss:8039.987525258097, epoch_train_time:45.24513939768076
2022-12-11 19:31:42,589 - pytorch_cvae.py[line:170] - INFO: ----------------------------No.36 epoch----------------------------
2022-12-11 19:31:42,589 - pytorch_cvae.py[line:177] - INFO: loss:1296.659238551394, numeric_loss:44.083499685527116, categorical_loss:488.0372653497325, kld_loss:7902.353215040057, epoch_train_time:45.141581589356065
2022-12-11 19:32:27,751 - pytorch_cvae.py[line:170] - INFO: ----------------------------No.37 epoch----------------------------
2022-12-11 19:32:27,751 - pytorch_cvae.py[line:177] - INFO: loss:1380.084829193278, numeric_loss:44.274094185090426, categorical_loss:518.6452348854509, kld_loss:7918.722876741434, epoch_train_time:45.1612289333716
2022-12-11 19:33:12,981 - pytorch_cvae.py[line:170] - INFO: ----------------------------No.38 epoch----------------------------
2022-12-11 19:33:12,981 - pytorch_cvae.py[line:177] - INFO: loss:1367.1053187283105, numeric_loss:41.17660675459597, categorical_loss:502.6916278137069, kld_loss:7486.732599493465, epoch_train_time:45.22978105396032
2022-12-11 19:33:58,448 - pytorch_cvae.py[line:170] - INFO: ----------------------------No.39 epoch----------------------------
2022-12-11 19:33:58,448 - pytorch_cvae.py[line:177] - INFO: loss:1325.2232362581126, numeric_loss:39.16417775233027, categorical_loss:493.23624405349256, kld_loss:6773.29721151531, epoch_train_time:45.46695356629789
2022-12-11 19:34:43,642 - pytorch_cvae.py[line:170] - INFO: ----------------------------No.40 epoch----------------------------
2022-12-11 19:34:43,642 - pytorch_cvae.py[line:177] - INFO: loss:1400.173956998915, numeric_loss:37.44165133446807, categorical_loss:530.2290152414353, kld_loss:6688.070659394143, epoch_train_time:45.19427399430424
2022-12-11 19:35:28,752 - pytorch_cvae.py[line:170] - INFO: ----------------------------No.41 epoch----------------------------
2022-12-11 19:35:28,752 - pytorch_cvae.py[line:177] - INFO: loss:1420.2681843331375, numeric_loss:40.94474841013817, categorical_loss:528.9580123515334, kld_loss:6430.514151680167, epoch_train_time:45.10955097526312
2022-12-11 19:36:13,735 - pytorch_cvae.py[line:170] - INFO: ----------------------------No.42 epoch----------------------------
2022-12-11 19:36:13,735 - pytorch_cvae.py[line:177] - INFO: loss:1415.6462951735011, numeric_loss:38.4523522837752, categorical_loss:552.1157170180813, kld_loss:5878.881422798382, epoch_train_time:44.982520120218396
2022-12-11 19:36:59,174 - pytorch_cvae.py[line:170] - INFO: ----------------------------No.43 epoch----------------------------
2022-12-11 19:36:59,174 - pytorch_cvae.py[line:177] - INFO: loss:1496.3519479508104, numeric_loss:35.722235214404314, categorical_loss:597.8496899368183, kld_loss:5798.20289154246, epoch_train_time:45.438968165777624
2022-12-11 19:37:44,551 - pytorch_cvae.py[line:170] - INFO: ----------------------------No.44 epoch----------------------------
2022-12-11 19:37:44,552 - pytorch_cvae.py[line:177] - INFO: loss:1552.4560363382625, numeric_loss:38.93144079975921, categorical_loss:626.5909063348663, kld_loss:5627.461846029561, epoch_train_time:45.377485021948814
2022-12-11 19:38:29,946 - pytorch_cvae.py[line:170] - INFO: ----------------------------No.45 epoch----------------------------
2022-12-11 19:38:29,946 - pytorch_cvae.py[line:177] - INFO: loss:1591.906530966371, numeric_loss:45.410629852443435, categorical_loss:644.1498450259387, kld_loss:5410.742594249372, epoch_train_time:45.39448360539973
2022-12-11 19:39:15,284 - pytorch_cvae.py[line:170] - INFO: ----------------------------No.46 epoch----------------------------
2022-12-11 19:39:15,284 - pytorch_cvae.py[line:177] - INFO: loss:1609.8485071507457, numeric_loss:41.61339450831993, categorical_loss:646.6273200670548, kld_loss:5227.8914216239355, epoch_train_time:45.337610179558396
2022-12-11 19:40:00,656 - pytorch_cvae.py[line:170] - INFO: ----------------------------No.47 epoch----------------------------
2022-12-11 19:40:00,656 - pytorch_cvae.py[line:177] - INFO: loss:1586.1479767375276, numeric_loss:46.09496746516159, categorical_loss:654.8321869938227, kld_loss:4755.136567903799, epoch_train_time:45.37160537298769
2022-12-11 19:40:46,199 - pytorch_cvae.py[line:170] - INFO: ----------------------------No.48 epoch----------------------------
2022-12-11 19:40:46,199 - pytorch_cvae.py[line:177] - INFO: loss:1598.0670314805466, numeric_loss:43.711175954487445, categorical_loss:656.8708742660237, kld_loss:4569.869418505521, epoch_train_time:45.54331137333065
2022-12-11 19:41:31,402 - pytorch_cvae.py[line:170] - INFO: ----------------------------No.49 epoch----------------------------
2022-12-11 19:41:31,402 - pytorch_cvae.py[line:177] - INFO: loss:1657.5699685104191, numeric_loss:41.58236312513911, categorical_loss:717.6838175087469, kld_loss:4340.09635939094, epoch_train_time:45.20292174722999
2022-12-11 19:42:16,789 - pytorch_cvae.py[line:170] - INFO: ----------------------------No.50 epoch----------------------------
2022-12-11 19:42:16,789 - pytorch_cvae.py[line:177] - INFO: loss:1651.5449001649686, numeric_loss:42.744588449286596, categorical_loss:694.4208302748448, kld_loss:4196.009568208421, epoch_train_time:45.38669074699283
2022-12-11 19:43:02,112 - pytorch_cvae.py[line:170] - INFO: ----------------------------No.51 epoch----------------------------
2022-12-11 19:43:02,112 - pytorch_cvae.py[line:177] - INFO: loss:1662.7166729618912, numeric_loss:42.198082840160254, categorical_loss:710.440371846722, kld_loss:3970.6064254914527, epoch_train_time:45.3225031895563
2022-12-11 19:43:47,438 - pytorch_cvae.py[line:170] - INFO: ----------------------------No.52 epoch----------------------------
2022-12-11 19:43:47,438 - pytorch_cvae.py[line:177] - INFO: loss:1652.0525582261034, numeric_loss:41.60349303922226, categorical_loss:702.2527324020048, kld_loss:3771.0325540390913, epoch_train_time:45.325765589252114
2022-12-11 19:44:32,783 - pytorch_cvae.py[line:170] - INFO: ----------------------------No.53 epoch----------------------------
2022-12-11 19:44:32,783 - pytorch_cvae.py[line:177] - INFO: loss:1722.6866291697952, numeric_loss:41.178415569171946, categorical_loss:764.7052721588407, kld_loss:3626.5466327622416, epoch_train_time:45.34488146752119
2022-12-11 19:45:18,082 - pytorch_cvae.py[line:170] - INFO: ----------------------------No.54 epoch----------------------------
2022-12-11 19:45:18,082 - pytorch_cvae.py[line:177] - INFO: loss:1783.6155088230735, numeric_loss:39.07405765952187, categorical_loss:829.8825292990077, kld_loss:3450.225194072351, epoch_train_time:45.29863975383341
2022-12-11 19:46:03,663 - pytorch_cvae.py[line:170] - INFO: ----------------------------No.55 epoch----------------------------
2022-12-11 19:46:03,664 - pytorch_cvae.py[line:177] - INFO: loss:1741.9980566083977, numeric_loss:39.94016062381405, categorical_loss:802.3368769215886, kld_loss:3239.6750325018656, epoch_train_time:45.581731567159295
2022-12-11 19:46:49,375 - pytorch_cvae.py[line:170] - INFO: ----------------------------No.56 epoch----------------------------
2022-12-11 19:46:49,375 - pytorch_cvae.py[line:177] - INFO: loss:1800.0800486798398, numeric_loss:38.22169404306865, categorical_loss:853.2918481451634, kld_loss:3126.0066469120793, epoch_train_time:45.71175343170762
2022-12-11 19:47:34,916 - pytorch_cvae.py[line:170] - INFO: ----------------------------No.57 epoch----------------------------
2022-12-11 19:47:34,916 - pytorch_cvae.py[line:177] - INFO: loss:1864.9863354348636, numeric_loss:39.13179111462827, categorical_loss:914.3507496538805, kld_loss:2999.615252331365, epoch_train_time:45.540471714921296
2022-12-11 19:48:20,334 - pytorch_cvae.py[line:170] - INFO: ----------------------------No.58 epoch----------------------------
2022-12-11 19:48:20,334 - pytorch_cvae.py[line:177] - INFO: loss:1884.2631196943985, numeric_loss:40.04080639169867, categorical_loss:924.8153663146659, kld_loss:2896.8301335261785, epoch_train_time:45.417653696611524
2022-12-11 19:48:57,206 - pytorch_cvae.py[line:170] - INFO: ----------------------------No.59 epoch----------------------------
2022-12-11 19:48:57,206 - pytorch_cvae.py[line:177] - INFO: loss:1899.0998715890455, numeric_loss:38.660282428928035, categorical_loss:926.5612388871377, kld_loss:2819.993080723798, epoch_train_time:36.8723055049777
2022-12-11 19:49:31,524 - pytorch_cvae.py[line:170] - INFO: ----------------------------No.60 epoch----------------------------
2022-12-11 19:49:31,524 - pytorch_cvae.py[line:177] - INFO: loss:1875.3192647433607, numeric_loss:38.229252786423984, categorical_loss:917.2876233084244, kld_loss:2664.5818569239927, epoch_train_time:34.317298389971256
2022-12-11 19:50:05,781 - pytorch_cvae.py[line:170] - INFO: ----------------------------No.61 epoch----------------------------
2022-12-11 19:50:05,781 - pytorch_cvae.py[line:177] - INFO: loss:1905.476107666851, numeric_loss:39.540014599154674, categorical_loss:943.8800225380401, kld_loss:2565.0917914131423, epoch_train_time:34.256976331584156
2022-12-11 19:50:40,031 - pytorch_cvae.py[line:170] - INFO: ----------------------------No.62 epoch----------------------------
2022-12-11 19:50:40,031 - pytorch_cvae.py[line:177] - INFO: loss:1970.849888321245, numeric_loss:39.968096449610485, categorical_loss:1001.9841313353681, kld_loss:2484.041364187142, epoch_train_time:34.249689997173846
2022-12-11 19:51:14,347 - pytorch_cvae.py[line:170] - INFO: ----------------------------No.63 epoch----------------------------
2022-12-11 19:51:14,347 - pytorch_cvae.py[line:177] - INFO: loss:1990.1147116501234, numeric_loss:38.81326720817224, categorical_loss:1034.7699795544322, kld_loss:2358.4029814447276, epoch_train_time:34.316386034712195
2022-12-11 19:51:48,609 - pytorch_cvae.py[line:170] - INFO: ----------------------------No.64 epoch----------------------------
2022-12-11 19:51:48,609 - pytorch_cvae.py[line:177] - INFO: loss:2022.0409600530402, numeric_loss:40.09494196830411, categorical_loss:1069.9285162021988, kld_loss:2260.4127285703435, epoch_train_time:34.26157772541046
2022-12-11 19:52:24,789 - pytorch_cvae.py[line:170] - INFO: ----------------------------No.65 epoch----------------------------
2022-12-11 19:52:24,789 - pytorch_cvae.py[line:177] - INFO: loss:1993.5413383956766, numeric_loss:40.41143903768419, categorical_loss:1049.5890820555796, kld_loss:2159.139012091153, epoch_train_time:36.17983711138368
2022-12-11 19:53:09,936 - pytorch_cvae.py[line:170] - INFO: ----------------------------No.66 epoch----------------------------
2022-12-11 19:53:09,936 - pytorch_cvae.py[line:177] - INFO: loss:2014.4029165435059, numeric_loss:39.08712097075194, categorical_loss:1053.9378374171501, kld_loss:2124.9719138756627, epoch_train_time:45.14631595648825
2022-12-11 19:53:55,419 - pytorch_cvae.py[line:170] - INFO: ----------------------------No.67 epoch----------------------------
2022-12-11 19:53:55,419 - pytorch_cvae.py[line:177] - INFO: loss:2163.248983715981, numeric_loss:39.88872594983239, categorical_loss:1161.0219210444484, kld_loss:2144.1738822574844, epoch_train_time:45.48352943081409
2022-12-11 19:54:40,786 - pytorch_cvae.py[line:170] - INFO: ----------------------------No.68 epoch----------------------------
2022-12-11 19:54:40,786 - pytorch_cvae.py[line:177] - INFO: loss:2099.6990766703093, numeric_loss:39.675423357951715, categorical_loss:1124.796036442538, kld_loss:2015.1188934785896, epoch_train_time:45.36607704870403
2022-12-11 19:55:26,512 - pytorch_cvae.py[line:170] - INFO: ----------------------------No.69 epoch----------------------------
2022-12-11 19:55:26,512 - pytorch_cvae.py[line:177] - INFO: loss:2175.6373602643434, numeric_loss:40.291896410604, categorical_loss:1193.339974577102, kld_loss:1964.817496165284, epoch_train_time:45.72633521351963
2022-12-11 19:56:11,998 - pytorch_cvae.py[line:170] - INFO: ----------------------------No.70 epoch----------------------------
2022-12-11 19:56:11,998 - pytorch_cvae.py[line:177] - INFO: loss:2291.1237977276032, numeric_loss:38.6015354848445, categorical_loss:1291.9652486115228, kld_loss:1941.3849590716418, epoch_train_time:45.48591100145131
2022-12-11 19:56:57,501 - pytorch_cvae.py[line:170] - INFO: ----------------------------No.71 epoch----------------------------
2022-12-11 19:56:57,501 - pytorch_cvae.py[line:177] - INFO: loss:2168.9134660928103, numeric_loss:38.37768270435392, categorical_loss:1221.5772942309268, kld_loss:1781.9133915180573, epoch_train_time:45.50251714885235
2022-12-11 19:57:42,925 - pytorch_cvae.py[line:170] - INFO: ----------------------------No.72 epoch----------------------------
2022-12-11 19:57:42,925 - pytorch_cvae.py[line:177] - INFO: loss:2281.231273983867, numeric_loss:37.5573257817761, categorical_loss:1323.0355574291316, kld_loss:1752.3462328757741, epoch_train_time:45.42374470923096
2022-12-11 19:58:28,478 - pytorch_cvae.py[line:170] - INFO: ----------------------------No.73 epoch----------------------------
2022-12-11 19:58:28,478 - pytorch_cvae.py[line:177] - INFO: loss:2345.060136342421, numeric_loss:38.236334061599734, categorical_loss:1382.7085650518711, kld_loss:1709.541258135694, epoch_train_time:45.55273081269115
2022-12-11 19:59:13,969 - pytorch_cvae.py[line:170] - INFO: ----------------------------No.74 epoch----------------------------
2022-12-11 19:59:13,969 - pytorch_cvae.py[line:177] - INFO: loss:2255.465125246934, numeric_loss:37.76445884826349, categorical_loss:1339.1393266350206, kld_loss:1581.1840311544947, epoch_train_time:45.49116390012205
2022-12-11 19:59:59,697 - pytorch_cvae.py[line:170] - INFO: ----------------------------No.75 epoch----------------------------
2022-12-11 19:59:59,698 - pytorch_cvae.py[line:177] - INFO: loss:2285.7853194503987, numeric_loss:35.97507735664101, categorical_loss:1385.0630876993237, kld_loss:1515.6212817970081, epoch_train_time:45.728342328220606
2022-12-11 20:00:44,932 - pytorch_cvae.py[line:170] - INFO: ----------------------------No.76 epoch----------------------------
2022-12-11 20:00:44,932 - pytorch_cvae.py[line:177] - INFO: loss:2296.705334892671, numeric_loss:35.32143440681227, categorical_loss:1437.0242242972308, kld_loss:1408.4575632922933, epoch_train_time:45.234241865575314
2022-12-11 20:01:30,064 - pytorch_cvae.py[line:170] - INFO: ----------------------------No.77 epoch----------------------------
2022-12-11 20:01:30,065 - pytorch_cvae.py[line:177] - INFO: loss:2386.7651463648654, numeric_loss:34.95511220880073, categorical_loss:1544.5487878025451, kld_loss:1345.8632012711023, epoch_train_time:45.132393568754196
2022-12-11 20:02:15,283 - pytorch_cvae.py[line:170] - INFO: ----------------------------No.78 epoch----------------------------
2022-12-11 20:02:15,284 - pytorch_cvae.py[line:177] - INFO: loss:2373.6128169643052, numeric_loss:34.950542687873735, categorical_loss:1561.7743123983964, kld_loss:1265.1420429403079, epoch_train_time:45.218789209611714
2022-12-11 20:03:00,282 - pytorch_cvae.py[line:170] - INFO: ----------------------------No.79 epoch----------------------------
2022-12-11 20:03:00,283 - pytorch_cvae.py[line:177] - INFO: loss:2480.462313397875, numeric_loss:35.19710145347776, categorical_loss:1668.6941719405295, kld_loss:1236.489562608709, epoch_train_time:44.998810769058764
2022-12-11 20:03:45,254 - pytorch_cvae.py[line:170] - INFO: ----------------------------No.80 epoch----------------------------
2022-12-11 20:03:45,254 - pytorch_cvae.py[line:177] - INFO: loss:2497.791755573504, numeric_loss:34.78640456407729, categorical_loss:1735.355866802507, kld_loss:1133.950674529071, epoch_train_time:44.97097648400813
2022-12-11 20:04:30,669 - pytorch_cvae.py[line:170] - INFO: ----------------------------No.81 epoch----------------------------
2022-12-11 20:04:30,669 - pytorch_cvae.py[line:177] - INFO: loss:2491.316881938459, numeric_loss:34.148350699940856, categorical_loss:1765.311740639183, kld_loss:1056.2947497028508, epoch_train_time:45.41518287546933
2022-12-11 20:05:15,811 - pytorch_cvae.py[line:170] - INFO: ----------------------------No.82 epoch----------------------------
2022-12-11 20:05:15,812 - pytorch_cvae.py[line:177] - INFO: loss:2446.5587519539404, numeric_loss:33.50101367436357, categorical_loss:1799.358056150726, kld_loss:918.8742067016428, epoch_train_time:45.14240000676364
2022-12-11 20:06:00,952 - pytorch_cvae.py[line:170] - INFO: ----------------------------No.83 epoch----------------------------
2022-12-11 20:06:00,952 - pytorch_cvae.py[line:177] - INFO: loss:2451.2470414621057, numeric_loss:32.68259585026681, categorical_loss:1845.7157330760383, kld_loss:841.9875043422799, epoch_train_time:45.14063989184797
2022-12-11 20:06:45,896 - pytorch_cvae.py[line:170] - INFO: ----------------------------No.84 epoch----------------------------
2022-12-11 20:06:45,896 - pytorch_cvae.py[line:177] - INFO: loss:2491.1467253400187, numeric_loss:32.304734962448784, categorical_loss:1956.722717310884, kld_loss:725.2244989309111, epoch_train_time:44.94372253958136
2022-12-11 20:07:30,905 - pytorch_cvae.py[line:170] - INFO: ----------------------------No.85 epoch----------------------------
2022-12-11 20:07:30,905 - pytorch_cvae.py[line:177] - INFO: loss:2400.8512345246854, numeric_loss:31.10050094551824, categorical_loss:1940.9647420570836, kld_loss:609.1725176409236, epoch_train_time:45.00889487285167
2022-12-11 20:08:15,841 - pytorch_cvae.py[line:170] - INFO: ----------------------------No.86 epoch----------------------------
2022-12-11 20:08:15,841 - pytorch_cvae.py[line:177] - INFO: loss:2514.965337683272, numeric_loss:30.834272182208608, categorical_loss:2072.936566779681, kld_loss:575.1954228359973, epoch_train_time:44.935188862495124
2022-12-11 20:09:01,223 - pytorch_cvae.py[line:170] - INFO: ----------------------------No.87 epoch----------------------------
2022-12-11 20:09:01,223 - pytorch_cvae.py[line:177] - INFO: loss:2545.712739750219, numeric_loss:30.50147461792656, categorical_loss:2148.3597855715198, kld_loss:505.779397328326, epoch_train_time:45.38253362197429
2022-12-11 20:09:46,618 - pytorch_cvae.py[line:170] - INFO: ----------------------------No.88 epoch----------------------------
2022-12-11 20:09:46,618 - pytorch_cvae.py[line:177] - INFO: loss:2507.7931462689885, numeric_loss:30.709607252048162, categorical_loss:2158.6269578997744, kld_loss:433.1697567261872, epoch_train_time:45.39453963749111
2022-12-11 20:10:31,717 - pytorch_cvae.py[line:170] - INFO: ----------------------------No.89 epoch----------------------------
2022-12-11 20:10:31,717 - pytorch_cvae.py[line:177] - INFO: loss:2511.738530111732, numeric_loss:30.712698664092713, categorical_loss:2167.6393131168443, kld_loss:420.9781217771233, epoch_train_time:45.099181707017124
2022-12-11 20:11:16,759 - pytorch_cvae.py[line:170] - INFO: ----------------------------No.90 epoch----------------------------
2022-12-11 20:11:16,759 - pytorch_cvae.py[line:177] - INFO: loss:2420.7604643990635, numeric_loss:30.139706615375, categorical_loss:2114.8556325871614, kld_loss:366.20492153428495, epoch_train_time:45.04143924731761
2022-12-11 20:12:01,773 - pytorch_cvae.py[line:170] - INFO: ----------------------------No.91 epoch----------------------------
2022-12-11 20:12:01,773 - pytorch_cvae.py[line:177] - INFO: loss:2412.2425611544168, numeric_loss:29.857426540732725, categorical_loss:2123.00305413967, kld_loss:340.85112214746187, epoch_train_time:45.01400818768889
2022-12-11 20:12:46,867 - pytorch_cvae.py[line:170] - INFO: ----------------------------No.92 epoch----------------------------
2022-12-11 20:12:46,868 - pytorch_cvae.py[line:177] - INFO: loss:2591.2702695586486, numeric_loss:30.20333552688829, categorical_loss:2221.039338165807, kld_loss:442.60174173873384, epoch_train_time:45.09407600853592
2022-12-11 20:13:31,784 - pytorch_cvae.py[line:170] - INFO: ----------------------------No.93 epoch----------------------------
2022-12-11 20:13:31,784 - pytorch_cvae.py[line:177] - INFO: loss:2468.4538703798316, numeric_loss:30.006500026558513, categorical_loss:2195.641101346817, kld_loss:313.37715782929445, epoch_train_time:44.9165219143033
2022-12-11 20:14:17,012 - pytorch_cvae.py[line:170] - INFO: ----------------------------No.94 epoch----------------------------
2022-12-11 20:14:17,012 - pytorch_cvae.py[line:177] - INFO: loss:2445.1311224125093, numeric_loss:29.946761732375933, categorical_loss:2170.756868004857, kld_loss:313.1124024033779, epoch_train_time:45.227505810558796
2022-12-11 20:15:02,099 - pytorch_cvae.py[line:170] - INFO: ----------------------------No.95 epoch----------------------------
2022-12-11 20:15:02,099 - pytorch_cvae.py[line:177] - INFO: loss:2485.5789264947525, numeric_loss:30.25967468365193, categorical_loss:2193.697870699456, kld_loss:332.96651594509603, epoch_train_time:45.08670414797962
2022-12-11 20:15:47,011 - pytorch_cvae.py[line:170] - INFO: ----------------------------No.96 epoch----------------------------
2022-12-11 20:15:47,011 - pytorch_cvae.py[line:177] - INFO: loss:2490.8376471976517, numeric_loss:30.097442221812713, categorical_loss:2221.954156994587, kld_loss:302.2370112237986, epoch_train_time:44.91231488343328
2022-12-11 20:16:31,897 - pytorch_cvae.py[line:170] - INFO: ----------------------------No.97 epoch----------------------------
2022-12-11 20:16:31,897 - pytorch_cvae.py[line:177] - INFO: loss:2301.0575726141105, numeric_loss:29.632459237377986, categorical_loss:2084.4721513915574, kld_loss:235.56823596765753, epoch_train_time:44.88544086087495
2022-12-11 20:17:17,077 - pytorch_cvae.py[line:170] - INFO: ----------------------------No.98 epoch----------------------------
2022-12-11 20:17:17,078 - pytorch_cvae.py[line:177] - INFO: loss:2469.768811237358, numeric_loss:29.626374798286825, categorical_loss:2215.7131694984273, kld_loss:281.80183688609395, epoch_train_time:45.18051476031542
2022-12-11 20:18:02,225 - pytorch_cvae.py[line:170] - INFO: ----------------------------No.99 epoch----------------------------
2022-12-11 20:18:02,225 - pytorch_cvae.py[line:177] - INFO: loss:2379.3847408016445, numeric_loss:30.231249857244524, categorical_loss:2150.512942918227, kld_loss:248.79778177582193, epoch_train_time:45.1476060077548
2022-12-11 20:18:47,370 - pytorch_cvae.py[line:170] - INFO: ----------------------------No.100 epoch----------------------------
2022-12-11 20:18:47,370 - pytorch_cvae.py[line:177] - INFO: loss:2413.960505106108, numeric_loss:30.198401183568144, categorical_loss:2161.293277714489, kld_loss:278.22510474507, epoch_train_time:45.14421716239303
2022-12-11 20:19:32,640 - pytorch_cvae.py[line:170] - INFO: ----------------------------No.101 epoch----------------------------
2022-12-11 20:19:32,640 - pytorch_cvae.py[line:177] - INFO: loss:2297.129251468694, numeric_loss:29.608065332524177, categorical_loss:2068.5443512796774, kld_loss:248.72104695939925, epoch_train_time:45.27007859386504
2022-12-11 20:20:17,620 - pytorch_cvae.py[line:170] - INFO: ----------------------------No.102 epoch----------------------------
2022-12-11 20:20:17,620 - pytorch_cvae.py[line:177] - INFO: loss:2449.529715875571, numeric_loss:29.944715673020823, categorical_loss:2222.302892380714, kld_loss:246.6026279288344, epoch_train_time:44.97958846017718
2022-12-11 20:21:02,789 - pytorch_cvae.py[line:170] - INFO: ----------------------------No.103 epoch----------------------------
2022-12-11 20:21:02,789 - pytorch_cvae.py[line:177] - INFO: loss:2383.0568485763506, numeric_loss:30.199465760679466, categorical_loss:2154.8436615538667, kld_loss:247.51713509933325, epoch_train_time:45.16931986063719
2022-12-11 20:21:48,240 - pytorch_cvae.py[line:170] - INFO: ----------------------------No.104 epoch----------------------------
2022-12-11 20:21:48,240 - pytorch_cvae.py[line:177] - INFO: loss:2291.7542491381755, numeric_loss:29.570893194423437, categorical_loss:2083.1756524619414, kld_loss:223.75963503075764, epoch_train_time:45.450838224962354
2022-12-11 20:22:33,509 - pytorch_cvae.py[line:170] - INFO: ----------------------------No.105 epoch----------------------------
2022-12-11 20:22:33,509 - pytorch_cvae.py[line:177] - INFO: loss:2435.5957002500654, numeric_loss:29.81456814663453, categorical_loss:2199.4270617793954, kld_loss:257.94258850690676, epoch_train_time:45.268481746315956
2022-12-11 20:23:18,757 - pytorch_cvae.py[line:170] - INFO: ----------------------------No.106 epoch----------------------------
2022-12-11 20:23:18,757 - pytorch_cvae.py[line:177] - INFO: loss:2383.4250131080044, numeric_loss:29.637976439391853, categorical_loss:2153.615713178704, kld_loss:250.2141410910408, epoch_train_time:45.2476713526994
2022-12-11 20:24:03,826 - pytorch_cvae.py[line:170] - INFO: ----------------------------No.107 epoch----------------------------
2022-12-11 20:24:03,827 - pytorch_cvae.py[line:177] - INFO: loss:2374.8153060791665, numeric_loss:29.504857530378217, categorical_loss:2110.5478944681818, kld_loss:293.45318294590106, epoch_train_time:45.06970906909555
2022-12-11 20:24:49,199 - pytorch_cvae.py[line:170] - INFO: ----------------------------No.108 epoch----------------------------
2022-12-11 20:24:49,199 - pytorch_cvae.py[line:177] - INFO: loss:2434.770424604474, numeric_loss:30.763113925734515, categorical_loss:2184.2227440483985, kld_loss:274.73070660582744, epoch_train_time:45.37270062416792
2022-12-11 20:25:34,663 - pytorch_cvae.py[line:170] - INFO: ----------------------------No.109 epoch----------------------------
2022-12-11 20:25:34,663 - pytorch_cvae.py[line:177] - INFO: loss:2322.781717740814, numeric_loss:29.95551448072812, categorical_loss:2074.8217860424775, kld_loss:272.5055185431265, epoch_train_time:45.463557834737
2022-12-11 20:26:19,978 - pytorch_cvae.py[line:170] - INFO: ----------------------------No.110 epoch----------------------------
2022-12-11 20:26:19,978 - pytorch_cvae.py[line:177] - INFO: loss:2258.409171667241, numeric_loss:30.092692159790616, categorical_loss:2064.083862387459, kld_loss:205.29076281533344, epoch_train_time:45.314789903350174
2022-12-11 20:27:05,173 - pytorch_cvae.py[line:170] - INFO: ----------------------------No.111 epoch----------------------------
2022-12-11 20:27:05,173 - pytorch_cvae.py[line:177] - INFO: loss:2225.375205691671, numeric_loss:29.778523945442224, categorical_loss:2019.4904135427205, kld_loss:220.1328380816267, epoch_train_time:45.19431520719081
2022-12-11 20:27:50,373 - pytorch_cvae.py[line:170] - INFO: ----------------------------No.112 epoch----------------------------
2022-12-11 20:27:50,374 - pytorch_cvae.py[line:177] - INFO: loss:2404.219074165565, numeric_loss:29.64069036296189, categorical_loss:2144.8146309183794, kld_loss:287.204693375621, epoch_train_time:45.20072326529771
2022-12-11 20:28:35,467 - pytorch_cvae.py[line:170] - INFO: ----------------------------No.113 epoch----------------------------
2022-12-11 20:28:35,467 - pytorch_cvae.py[line:177] - INFO: loss:2343.7186774247093, numeric_loss:29.54388232969414, categorical_loss:2105.3239602838876, kld_loss:261.0635369691299, epoch_train_time:45.09362386818975
2022-12-11 20:29:20,534 - pytorch_cvae.py[line:170] - INFO: ----------------------------No.114 epoch----------------------------
2022-12-11 20:29:20,534 - pytorch_cvae.py[line:177] - INFO: loss:2445.3680071027484, numeric_loss:30.277137045236373, categorical_loss:2188.0796852428466, kld_loss:283.7639717666316, epoch_train_time:45.066270244307816
2022-12-11 20:30:05,261 - pytorch_cvae.py[line:170] - INFO: ----------------------------No.115 epoch----------------------------
2022-12-11 20:30:05,261 - pytorch_cvae.py[line:177] - INFO: loss:2257.5684354125406, numeric_loss:29.526648935538308, categorical_loss:2036.3978875545436, kld_loss:239.55486887460575, epoch_train_time:44.72699492331594
2022-12-11 20:30:50,489 - pytorch_cvae.py[line:170] - INFO: ----------------------------No.116 epoch----------------------------
2022-12-11 20:30:50,489 - pytorch_cvae.py[line:177] - INFO: loss:2372.1132713924744, numeric_loss:29.359140301574982, categorical_loss:2127.171494263457, kld_loss:269.47829462680966, epoch_train_time:45.22818231396377
2022-12-11 20:31:35,906 - pytorch_cvae.py[line:170] - INFO: ----------------------------No.117 epoch----------------------------
2022-12-11 20:31:35,906 - pytorch_cvae.py[line:177] - INFO: loss:2276.1480960708577, numeric_loss:29.645123683467535, categorical_loss:2039.8803177975933, kld_loss:258.27832310425583, epoch_train_time:45.41622339375317
2022-12-11 20:32:21,130 - pytorch_cvae.py[line:170] - INFO: ----------------------------No.118 epoch----------------------------
2022-12-11 20:32:21,131 - pytorch_cvae.py[line:177] - INFO: loss:2381.2561006430187, numeric_loss:30.296130052698903, categorical_loss:2113.8625624270644, kld_loss:296.37175747123547, epoch_train_time:45.22465247195214
2022-12-11 20:33:06,470 - pytorch_cvae.py[line:170] - INFO: ----------------------------No.119 epoch----------------------------
2022-12-11 20:33:06,470 - pytorch_cvae.py[line:177] - INFO: loss:2360.894966790278, numeric_loss:30.1767863117719, categorical_loss:2113.9019085204927, kld_loss:271.0203343993635, epoch_train_time:45.33896217122674
2022-12-11 20:33:51,776 - pytorch_cvae.py[line:170] - INFO: ----------------------------No.120 epoch----------------------------
2022-12-11 20:33:51,777 - pytorch_cvae.py[line:177] - INFO: loss:2339.7001190086594, numeric_loss:30.05045559149525, categorical_loss:2059.0784619771293, kld_loss:313.21398817014415, epoch_train_time:45.3067822875455
2022-12-11 20:34:37,120 - pytorch_cvae.py[line:170] - INFO: ----------------------------No.121 epoch----------------------------
2022-12-11 20:34:37,120 - pytorch_cvae.py[line:177] - INFO: loss:2425.4808268128545, numeric_loss:30.205957032352657, categorical_loss:2137.0465027061873, kld_loss:322.7854610485374, epoch_train_time:45.34355394821614
2022-12-11 20:35:22,264 - pytorch_cvae.py[line:170] - INFO: ----------------------------No.122 epoch----------------------------
2022-12-11 20:35:22,264 - pytorch_cvae.py[line:177] - INFO: loss:2310.098791157012, numeric_loss:29.693738634021187, categorical_loss:2049.0224905949435, kld_loss:289.2281950128963, epoch_train_time:45.14377422630787
2022-12-11 20:36:07,332 - pytorch_cvae.py[line:170] - INFO: ----------------------------No.123 epoch----------------------------
2022-12-11 20:36:07,333 - pytorch_cvae.py[line:177] - INFO: loss:2334.452292328642, numeric_loss:29.943215862306978, categorical_loss:2084.163333250326, kld_loss:275.43217132613063, epoch_train_time:45.06811668537557
2022-12-11 20:36:52,606 - pytorch_cvae.py[line:170] - INFO: ----------------------------No.124 epoch----------------------------
2022-12-11 20:36:52,607 - pytorch_cvae.py[line:177] - INFO: loss:2349.160064921074, numeric_loss:29.819152004892054, categorical_loss:2078.025813695567, kld_loss:301.6438687007176, epoch_train_time:45.273849591612816
2022-12-11 20:37:37,938 - pytorch_cvae.py[line:170] - INFO: ----------------------------No.125 epoch----------------------------
2022-12-11 20:37:37,938 - pytorch_cvae.py[line:177] - INFO: loss:2362.2477245693444, numeric_loss:29.699186998419634, categorical_loss:2093.5407474162057, kld_loss:298.7597336738254, epoch_train_time:45.33127171266824
2022-12-11 20:38:23,369 - pytorch_cvae.py[line:170] - INFO: ----------------------------No.126 epoch----------------------------
2022-12-11 20:38:23,369 - pytorch_cvae.py[line:177] - INFO: loss:2368.1732397393207, numeric_loss:29.58756150699743, categorical_loss:2096.365046835388, kld_loss:302.77578778832685, epoch_train_time:45.43117712717503
2022-12-11 20:39:08,693 - pytorch_cvae.py[line:170] - INFO: ----------------------------No.127 epoch----------------------------
2022-12-11 20:39:08,693 - pytorch_cvae.py[line:177] - INFO: loss:2434.18608194869, numeric_loss:29.76745953479436, categorical_loss:2170.466931854142, kld_loss:292.4396174278809, epoch_train_time:45.32350710313767
2022-12-11 20:39:53,745 - pytorch_cvae.py[line:170] - INFO: ----------------------------No.128 epoch----------------------------
2022-12-11 20:39:53,745 - pytorch_cvae.py[line:177] - INFO: loss:2506.3353362930357, numeric_loss:30.304077771419262, categorical_loss:2210.553548781143, kld_loss:331.84713535767514, epoch_train_time:45.05151261948049
2022-12-11 20:40:39,123 - pytorch_cvae.py[line:170] - INFO: ----------------------------No.129 epoch----------------------------
2022-12-11 20:40:39,123 - pytorch_cvae.py[line:177] - INFO: loss:2379.6926184593467, numeric_loss:30.192555730209932, categorical_loss:2110.3200314429123, kld_loss:298.9750323765911, epoch_train_time:45.37805918697268
2022-12-11 20:41:24,425 - pytorch_cvae.py[line:170] - INFO: ----------------------------No.130 epoch----------------------------
2022-12-11 20:41:24,425 - pytorch_cvae.py[line:177] - INFO: loss:2429.369287260284, numeric_loss:29.693262758982637, categorical_loss:2174.630303237005, kld_loss:281.3071476610494, epoch_train_time:45.3021451337263
2022-12-11 20:42:10,243 - pytorch_cvae.py[line:170] - INFO: ----------------------------No.131 epoch----------------------------
2022-12-11 20:42:10,243 - pytorch_cvae.py[line:177] - INFO: loss:2365.0450250207214, numeric_loss:29.77915491389984, categorical_loss:2128.1341365493718, kld_loss:258.91465984779643, epoch_train_time:45.817846921272576
2022-12-11 20:42:55,726 - pytorch_cvae.py[line:170] - INFO: ----------------------------No.132 epoch----------------------------
2022-12-11 20:42:55,726 - pytorch_cvae.py[line:177] - INFO: loss:2327.1593639987404, numeric_loss:30.125448632222295, categorical_loss:2110.0604794864194, kld_loss:233.7167945394176, epoch_train_time:45.48225188627839
2022-12-11 20:43:41,019 - pytorch_cvae.py[line:170] - INFO: ----------------------------No.133 epoch----------------------------
2022-12-11 20:43:41,019 - pytorch_cvae.py[line:177] - INFO: loss:2441.920320377685, numeric_loss:30.465561386377296, categorical_loss:2170.8570005836664, kld_loss:300.747188846115, epoch_train_time:45.2932867705822
2022-12-11 20:44:26,193 - pytorch_cvae.py[line:170] - INFO: ----------------------------No.134 epoch----------------------------
2022-12-11 20:44:26,194 - pytorch_cvae.py[line:177] - INFO: loss:2441.761362401594, numeric_loss:30.920721227407633, categorical_loss:2178.1926956217503, kld_loss:290.809938002727, epoch_train_time:45.174125427380204
2022-12-11 20:45:11,321 - pytorch_cvae.py[line:170] - INFO: ----------------------------No.135 epoch----------------------------
2022-12-11 20:45:11,321 - pytorch_cvae.py[line:177] - INFO: loss:2388.0471958805574, numeric_loss:30.477858009973573, categorical_loss:2136.25053362007, kld_loss:276.6485084660817, epoch_train_time:45.127733897417784
2022-12-11 20:45:56,854 - pytorch_cvae.py[line:170] - INFO: ----------------------------No.136 epoch----------------------------
2022-12-11 20:45:56,854 - pytorch_cvae.py[line:177] - INFO: loss:2352.358185361605, numeric_loss:30.686909353762807, categorical_loss:2109.7950443385052, kld_loss:264.8452860346879, epoch_train_time:45.53258849028498
2022-12-11 20:46:42,256 - pytorch_cvae.py[line:170] - INFO: ----------------------------No.137 epoch----------------------------
2022-12-11 20:46:42,257 - pytorch_cvae.py[line:177] - INFO: loss:2389.832783544087, numeric_loss:30.87491221645862, categorical_loss:2102.7339257802814, kld_loss:320.27992259239545, epoch_train_time:45.402238299138844
2022-12-11 20:47:27,454 - pytorch_cvae.py[line:170] - INFO: ----------------------------No.138 epoch----------------------------
2022-12-11 20:47:27,454 - pytorch_cvae.py[line:177] - INFO: loss:2360.4117318404606, numeric_loss:31.30448715674818, categorical_loss:2075.66743736004, kld_loss:316.7997545617982, epoch_train_time:45.1970010958612
2022-12-11 20:48:12,957 - pytorch_cvae.py[line:170] - INFO: ----------------------------No.139 epoch----------------------------
2022-12-11 20:48:12,958 - pytorch_cvae.py[line:177] - INFO: loss:2331.3850693488494, numeric_loss:30.9629479280762, categorical_loss:2042.2927156643127, kld_loss:322.66175633628154, epoch_train_time:45.50358846131712
2022-12-11 20:48:58,408 - pytorch_cvae.py[line:170] - INFO: ----------------------------No.140 epoch----------------------------
2022-12-11 20:48:58,409 - pytorch_cvae.py[line:177] - INFO: loss:2426.621356578893, numeric_loss:30.948099984286188, categorical_loss:2112.4664725706098, kld_loss:354.0084805107326, epoch_train_time:45.45084764622152
2022-12-11 20:49:43,948 - pytorch_cvae.py[line:170] - INFO: ----------------------------No.141 epoch----------------------------
2022-12-11 20:49:43,948 - pytorch_cvae.py[line:177] - INFO: loss:2296.2748308291193, numeric_loss:30.697801001414035, categorical_loss:2040.1842100099893, kld_loss:281.7410252801492, epoch_train_time:45.53924168180674
2022-12-11 20:50:28,947 - pytorch_cvae.py[line:170] - INFO: ----------------------------No.142 epoch----------------------------
2022-12-11 20:50:28,947 - pytorch_cvae.py[line:177] - INFO: loss:2509.7215971679543, numeric_loss:31.126911132718647, categorical_loss:2194.077310770401, kld_loss:355.64671046374133, epoch_train_time:44.99875283241272
2022-12-11 20:51:13,955 - pytorch_cvae.py[line:170] - INFO: ----------------------------No.143 epoch----------------------------
2022-12-11 20:51:13,955 - pytorch_cvae.py[line:177] - INFO: loss:2472.596257098543, numeric_loss:31.00854287040805, categorical_loss:2177.9373453704175, kld_loss:329.5629539018846, epoch_train_time:45.00787544064224
2022-12-11 20:51:58,995 - pytorch_cvae.py[line:170] - INFO: ----------------------------No.144 epoch----------------------------
2022-12-11 20:51:58,995 - pytorch_cvae.py[line:177] - INFO: loss:2333.976885740587, numeric_loss:31.300334447379356, categorical_loss:2042.7288364410633, kld_loss:324.93464029801544, epoch_train_time:45.03976064454764
2022-12-11 20:52:44,064 - pytorch_cvae.py[line:170] - INFO: ----------------------------No.145 epoch----------------------------
2022-12-11 20:52:44,064 - pytorch_cvae.py[line:177] - INFO: loss:2335.2082431027084, numeric_loss:30.77116650230405, categorical_loss:2056.1628219440463, kld_loss:310.3428182718926, epoch_train_time:45.06900383345783
2022-12-11 20:53:29,113 - pytorch_cvae.py[line:170] - INFO: ----------------------------No.146 epoch----------------------------
2022-12-11 20:53:29,113 - pytorch_cvae.py[line:177] - INFO: loss:2270.230083504517, numeric_loss:30.56247168851221, categorical_loss:2020.4692326742224, kld_loss:273.9979688759777, epoch_train_time:45.04876040108502
2022-12-11 20:54:14,163 - pytorch_cvae.py[line:170] - INFO: ----------------------------No.147 epoch----------------------------
2022-12-11 20:54:14,163 - pytorch_cvae.py[line:177] - INFO: loss:2331.0498145576566, numeric_loss:30.686909890733737, categorical_loss:2064.985676385928, kld_loss:294.22153055039234, epoch_train_time:45.049628956243396
2022-12-11 20:54:59,589 - pytorch_cvae.py[line:170] - INFO: ----------------------------No.148 epoch----------------------------
2022-12-11 20:54:59,589 - pytorch_cvae.py[line:177] - INFO: loss:2366.485882544017, numeric_loss:31.013476887393388, categorical_loss:2113.125282444933, kld_loss:277.93389726110036, epoch_train_time:45.42620686348528
2022-12-11 20:55:44,844 - pytorch_cvae.py[line:170] - INFO: ----------------------------No.149 epoch----------------------------
2022-12-11 20:55:44,844 - pytorch_cvae.py[line:177] - INFO: loss:2504.276133753592, numeric_loss:31.23003870569615, categorical_loss:2205.927439717634, kld_loss:333.89831448870245, epoch_train_time:45.25444409623742
2022-12-11 20:56:29,915 - pytorch_cvae.py[line:170] - INFO: ----------------------------No.150 epoch----------------------------
2022-12-11 20:56:29,915 - pytorch_cvae.py[line:177] - INFO: loss:2406.0037098571192, numeric_loss:31.044498275752645, categorical_loss:2086.815033071616, kld_loss:360.1802167631686, epoch_train_time:45.071488629095256
2022-12-11 20:56:29,915 - pytorch_cvae.py[line:186] - INFO: training time elapsed:6720.289447888732
2022-12-11 20:56:29,917 - model_utils.py[line:67] - INFO: save model successfully
2022-12-11 20:56:37,591 - pytorch_cvae.py[line:268] - INFO: train model time elapsed:7520.870449918322
2022-12-11 20:56:38,652 - dataset_utils.py[line:571] - INFO: load existing dataset(light):tpch20g-skew-nation_n_nationkey#n_name__n_nationkey_binary_mm_0
2022-12-11 20:56:38,658 - dataset_utils.py[line:580] - INFO: load dataset(light) time elapsed:0.005970756523311138
2022-12-11 20:56:38,658 - pytorch_cvae.py[line:280] - INFO: feature info:[('n_nationkey', 'categorical', 6), ('n_name', 'categorical', 6)]
2022-12-11 20:56:38,661 - model_utils.py[line:75] - INFO: load model name:torch_cvae_tpch20g-skew-nation_n_nationkey_ld100_id150_bs128_ep100_0_binary_mm
2022-12-11 20:56:38,665 - model_utils.py[line:86] - INFO: load torch model time elapsed:0.004488814622163773
2022-12-11 20:56:38,665 - pytorch_cvae.py[line:290] - INFO: load model time elapsed:0.0132616451010108
2022-12-11 20:56:38,665 - main.py[line:535] - INFO: multi_sampling No.0 epoch
2022-12-11 20:56:38,722 - pytorch_cvae.py[line:404] - INFO: sampling time:0.05603245832026005
2022-12-11 20:56:38,722 - dataset_utils.py[line:552] - INFO: load existing dataset:tpch20g-skew-nation_n_nationkey#n_name__n_nationkey_binary_mm_0
2022-12-11 20:56:38,724 - dataset_utils.py[line:564] - INFO: load dataset time elapsed:0.0020337598398327827
2022-12-11 20:56:38,741 - main.py[line:519] - INFO: sample and aggregation time elapsed:0.07520068064332008
2022-12-11 20:56:38,744 - main.py[line:552] - INFO: sample time: 0.07900492660701275
2022-12-11 20:56:38,754 - main.py[line:99] - INFO: aqp result:
                avg(c_acctbal)  sum(c_acctbal)
n_name                                        
ALGERIA        3989.93         478212921.85   
ARGENTINA      4440.40         532039640.50   
BRAZIL         4509.12         540896478.64   
CANADA         4612.34         553287146.59   
CHINA          4508.50         540361421.09   
EGYPT          4210.40         505286095.47   
ETHIOPIA       5191.41         625227501.86   
FRANCE         4139.44         502495944.45   
GERMANY        5033.76         604569307.08   
INDIA          4109.49         495221745.54   
INDONESIA      4400.67         529295111.62   
IRAN           4499.82         540954471.14   
IRAQ           4410.53         529369121.24   
JAPAN          4326.34         516426600.41   
JORDAN         5074.92         605407166.31   
KENYA          4396.43         525241846.36   
MOROCCO        4809.14         576981503.54   
MOZAMBIQUE     4197.77         502473630.61   
PERU           4666.38         559405834.49   
ROMANIA        4762.15         571334699.18   
RUSSIA         4564.76         542681818.43   
SAUDI ARABIA   4575.16         550318445.13   
UNITED KINGDOM 5013.49         605032493.59   
UNITED STATES  4540.09         545159864.09   
VIETNAM        5240.01         628859368.06   
2022-12-11 20:56:38,756 - main.py[line:100] - INFO: ground truth:
                avg(c_acctbal)  sum(c_acctbal)
n_name                                        
ALGERIA        1708.45         204766270.24   
ARGENTINA      1713.71         205333222.54   
BRAZIL         1699.75         203895735.68   
CANADA         1699.74         203897208.37   
CHINA          1701.60         203943596.61   
EGYPT          1702.19         204277850.06   
ETHIOPIA       1705.55         205407855.93   
FRANCE         1708.09         205635151.07   
GERMANY        1705.05         204782150.22   
INDIA          1718.42         207081134.37   
INDONESIA      1698.79         204323618.81   
IRAN           1697.59         204078765.11   
IRAQ           1713.72         205687013.87   
JAPAN          1706.09         203652437.75   
JORDAN         1704.00         203276882.67   
KENYA          1718.46         205304902.07   
MOROCCO        1711.97         205394808.91   
MOZAMBIQUE     1711.33         204846644.54   
PERU           1702.16         204054720.79   
ROMANIA        1709.19         205058726.13   
RUSSIA         1712.54         205305662.90   
SAUDI ARABIA   1716.88         206513446.56   
UNITED KINGDOM 1702.23         205426283.41   
UNITED STATES  1717.20         206195911.89   
VIETNAM        1707.35         204900286.27   
2022-12-11 20:56:38,763 - main.py[line:564] - INFO: relative error:
                avg(c_acctbal)  sum(c_acctbal)
n_name                                        
ALGERIA        1.34            1.34           
ARGENTINA      1.59            1.59           
BRAZIL         1.65            1.65           
CANADA         1.71            1.71           
CHINA          1.65            1.65           
EGYPT          1.47            1.47           
ETHIOPIA       2.04            2.04           
FRANCE         1.42            1.44           
GERMANY        1.95            1.95           
INDIA          1.39            1.39           
INDONESIA      1.59            1.59           
IRAN           1.65            1.65           
IRAQ           1.57            1.57           
JAPAN          1.54            1.54           
JORDAN         1.98            1.98           
KENYA          1.56            1.56           
MOROCCO        1.81            1.81           
MOZAMBIQUE     1.45            1.45           
PERU           1.74            1.74           
ROMANIA        1.79            1.79           
RUSSIA         1.67            1.64           
SAUDI ARABIA   1.66            1.66           
UNITED KINGDOM 1.95            1.95           
UNITED STATES  1.64            1.64           
VIETNAM        2.07            2.07           
2022-12-11 20:56:38,764 - main.py[line:565] - INFO: relative error normalized:
                avg(c_acctbal)  sum(c_acctbal)
n_name                                        
ALGERIA        0.74            0.74           
ARGENTINA      0.80            0.80           
BRAZIL         0.81            0.81           
CANADA         0.82            0.82           
CHINA          0.81            0.81           
EGYPT          0.77            0.77           
ETHIOPIA       0.87            0.87           
FRANCE         0.76            0.76           
GERMANY        0.86            0.86           
INDIA          0.75            0.75           
INDONESIA      0.80            0.80           
IRAN           0.81            0.81           
IRAQ           0.79            0.79           
JAPAN          0.78            0.78           
JORDAN         0.86            0.86           
KENYA          0.79            0.79           
MOROCCO        0.84            0.84           
MOZAMBIQUE     0.77            0.77           
PERU           0.82            0.82           
ROMANIA        0.83            0.83           
RUSSIA         0.81            0.81           
SAUDI ARABIA   0.81            0.81           
UNITED KINGDOM 0.86            0.86           
UNITED STATES  0.81            0.81           
VIETNAM        0.87            0.87           
2022-12-11 20:56:38,764 - main.py[line:568] - INFO: relative error average: 1.6756579039202057
2022-12-11 20:56:38,765 - main.py[line:569] - INFO: relative error normalized average: 0.8092407019079773
2022-12-11 20:56:38,768 - main.py[line:615] - INFO: total_time:7522.048145316541
========df.std:  {0: 2459.294491406553, 1: 2468.2332046214947, 2: 2457.0276019790767, 3: 2454.2422435441235, 4: 2460.8625654250595, 5: 2463.845404778749, 6: 2465.6167533893167, 7: 2463.414271040448, 8: 2471.305628898354, 9: 2451.7152459961835, 10: 2453.5702640728673, 11: 2467.1094506370264, 12: 2461.9756891202455, 13: 2462.831677898969, 14: 2471.7459071988587, 15: 2464.8814611122853, 16: 2469.0755330686216, 17: 2460.1365672672378, 18: 2460.874188547089, 19: 2461.848957684369, 20: 2468.595545128093, 21: 2460.8166091732937, 22: 2471.2663579263085, 23: 2460.744258005586, 24: 2469.394392698061}
========df.mean:  {0: 1708.449962371294, 1: 1713.7093136257436, 2: 1699.75437393721, 3: 1699.7383114924462, 4: 1702.1877530852698, 5: 1705.549515755476, 6: 1708.0892030834086, 7: 1705.0544134618767, 8: 1718.415812940419, 9: 1698.7896073199354, 10: 1697.586573529631, 11: 1713.7157057756194, 12: 1706.089050248052, 13: 1703.9992176472508, 14: 1718.4640668787888, 15: 1711.9658007435785, 16: 1711.3337054303229, 17: 1702.1581647481594, 18: 1701.600252056756, 19: 1709.1930429094, 20: 1716.8821003625735, 21: 1707.3458788778687, 22: 1712.53597560985, 23: 1702.2255650020427, 24: 1717.1973974200962}
feature_names: ['c_nationkey_0', 'c_nationkey_1', 'c_nationkey_2', 'c_nationkey_3', 'c_nationkey_4', 'c_nationkey_5']
feature_names: ['c_nationkey_0', 'c_nationkey_1', 'c_nationkey_2', 'c_nationkey_3', 'c_nationkey_4', 'c_nationkey_5']
==========self.label_group_stds:  {'c_acctbal': {0: 2459.294491406553, 1: 2468.2332046214947, 2: 2457.0276019790767, 3: 2454.2422435441235, 4: 2460.8625654250595, 5: 2463.845404778749, 6: 2465.6167533893167, 7: 2463.414271040448, 8: 2471.305628898354, 9: 2451.7152459961835, 10: 2453.5702640728673, 11: 2467.1094506370264, 12: 2461.9756891202455, 13: 2462.831677898969, 14: 2471.7459071988587, 15: 2464.8814611122853, 16: 2469.0755330686216, 17: 2460.1365672672378, 18: 2460.874188547089, 19: 2461.848957684369, 20: 2468.595545128093, 21: 2460.8166091732937, 22: 2471.2663579263085, 23: 2460.744258005586, 24: 2469.394392698061}}
==========self.label_group_means:  {'c_acctbal': {0: 1708.449962371294, 1: 1713.7093136257436, 2: 1699.75437393721, 3: 1699.7383114924462, 4: 1702.1877530852698, 5: 1705.549515755476, 6: 1708.0892030834086, 7: 1705.0544134618767, 8: 1718.415812940419, 9: 1698.7896073199354, 10: 1697.586573529631, 11: 1713.7157057756194, 12: 1706.089050248052, 13: 1703.9992176472508, 14: 1718.4640668787888, 15: 1711.9658007435785, 16: 1711.3337054303229, 17: 1702.1581647481594, 18: 1701.600252056756, 19: 1709.1930429094, 20: 1716.8821003625735, 21: 1707.3458788778687, 22: 1712.53597560985, 23: 1702.2255650020427, 24: 1717.1973974200962}}
