main.py:19: FutureWarning: Passing a negative integer is deprecated in version 1.0 and will not be supported in future version. Instead, use None to not limit the column width.
  pd.set_option('max_colwidth', -1)
2022-12-12 12:43:23,301 - main.py[line:595] - INFO: load query config skew_size_var/query_config/tpch_aggvar2.json successfully
2022-12-12 12:43:23,301 - main.py[line:602] - INFO: load train config ./skew_size_var/train_config/tpch_customer_aggvar2.json successfully
2022-12-12 12:43:23,301 - main.py[line:602] - INFO: load train config ./skew_size_var/train_config/tpch_nation.json successfully
2022-12-12 12:43:23,301 - pytorch_cvae.py[line:249] - INFO: epoch:200
2022-12-12 12:43:23,301 - pytorch_cvae.py[line:250] - INFO: batch size:512
2022-12-12 12:43:23,301 - pytorch_cvae.py[line:251] - INFO: latent dimension:150
2022-12-12 12:43:23,301 - pytorch_cvae.py[line:252] - INFO: intermediate dimension:100
2022-12-12 12:43:23,301 - pytorch_cvae.py[line:253] - INFO: gpu num:0
2022-12-12 12:43:23,301 - dataset_utils.py[line:552] - INFO: load existing dataset:tpch-customer-agg_var2_c_nationkey_c_acctbal_c_nationkey_binary_gaussian23_0
2022-12-12 12:43:33,625 - dataset_utils.py[line:564] - INFO: load dataset time elapsed:10.32325008045882
2022-12-12 12:43:33,625 - pytorch_cvae.py[line:258] - INFO: feature info:[('c_acctbal', 'numerical', 22), ('c_nationkey', 'categorical', 6)]
2022-12-12 12:44:18,565 - pytorch_cvae.py[line:170] - INFO: ----------------------------No.1 epoch----------------------------
2022-12-12 12:44:18,565 - pytorch_cvae.py[line:177] - INFO: loss:3248.582121969317, numeric_loss:38.10903077950673, categorical_loss:2958.9837359999656, kld_loss:46655.41080471873, epoch_train_time:44.93757532071322
2022-12-12 12:45:03,141 - pytorch_cvae.py[line:170] - INFO: ----------------------------No.2 epoch----------------------------
2022-12-12 12:45:03,141 - pytorch_cvae.py[line:177] - INFO: loss:2184.1862491802895, numeric_loss:34.690208088814735, categorical_loss:1957.8932444709353, kld_loss:32178.958042614162, epoch_train_time:44.576504901982844
2022-12-12 12:45:47,604 - pytorch_cvae.py[line:170] - INFO: ----------------------------No.3 epoch----------------------------
2022-12-12 12:45:47,604 - pytorch_cvae.py[line:177] - INFO: loss:1694.1595266441582, numeric_loss:40.50258770796006, categorical_loss:1434.853152599826, kld_loss:33300.2084426377, epoch_train_time:44.46216205973178
2022-12-12 12:46:32,061 - pytorch_cvae.py[line:170] - INFO: ----------------------------No.4 epoch----------------------------
2022-12-12 12:46:32,061 - pytorch_cvae.py[line:177] - INFO: loss:1423.652392787073, numeric_loss:39.84309603625235, categorical_loss:1143.1802792987583, kld_loss:33219.75278533716, epoch_train_time:44.45733201596886
2022-12-12 12:47:16,455 - pytorch_cvae.py[line:170] - INFO: ----------------------------No.5 epoch----------------------------
2022-12-12 12:47:16,455 - pytorch_cvae.py[line:177] - INFO: loss:1124.312328219472, numeric_loss:47.2079611002477, categorical_loss:788.1368684820045, kld_loss:36223.29790310282, epoch_train_time:44.39391750842333
2022-12-12 12:48:01,042 - pytorch_cvae.py[line:170] - INFO: ----------------------------No.6 epoch----------------------------
2022-12-12 12:48:01,042 - pytorch_cvae.py[line:177] - INFO: loss:957.1036820721056, numeric_loss:65.4173716452633, categorical_loss:586.8750567486713, kld_loss:34729.20617889613, epoch_train_time:44.586367294192314
2022-12-12 12:48:45,683 - pytorch_cvae.py[line:170] - INFO: ----------------------------No.7 epoch----------------------------
2022-12-12 12:48:45,683 - pytorch_cvae.py[line:177] - INFO: loss:810.463227752567, numeric_loss:43.839600944544145, categorical_loss:454.97291064370074, kld_loss:32306.593736272305, epoch_train_time:44.64127459283918
2022-12-12 12:49:30,054 - pytorch_cvae.py[line:170] - INFO: ----------------------------No.8 epoch----------------------------
2022-12-12 12:49:30,054 - pytorch_cvae.py[line:177] - INFO: loss:729.281593452557, numeric_loss:43.68902293169374, categorical_loss:379.10207732477284, kld_loss:28935.668343549594, epoch_train_time:44.370069921948016
2022-12-12 12:50:14,403 - pytorch_cvae.py[line:170] - INFO: ----------------------------No.9 epoch----------------------------
2022-12-12 12:50:14,403 - pytorch_cvae.py[line:177] - INFO: loss:650.2427440698666, numeric_loss:38.356295023711596, categorical_loss:297.9173359326378, kld_loss:27022.853180911974, epoch_train_time:44.34890863019973
2022-12-12 12:50:58,900 - pytorch_cvae.py[line:170] - INFO: ----------------------------No.10 epoch----------------------------
2022-12-12 12:50:58,900 - pytorch_cvae.py[line:177] - INFO: loss:692.048088135678, numeric_loss:40.21233753573842, categorical_loss:312.1886076661831, kld_loss:26676.834071391728, epoch_train_time:44.49667396582663
2022-12-12 12:51:43,453 - pytorch_cvae.py[line:170] - INFO: ----------------------------No.11 epoch----------------------------
2022-12-12 12:51:43,453 - pytorch_cvae.py[line:177] - INFO: loss:653.3715818958444, numeric_loss:42.546355745623146, categorical_loss:270.9982146965558, kld_loss:24381.507653894136, epoch_train_time:44.553320615552366
2022-12-12 12:52:28,030 - pytorch_cvae.py[line:170] - INFO: ----------------------------No.12 epoch----------------------------
2022-12-12 12:52:28,030 - pytorch_cvae.py[line:177] - INFO: loss:693.9015953218768, numeric_loss:46.08914115019995, categorical_loss:273.25415862543014, kld_loss:24572.691536105704, epoch_train_time:44.57632564380765
2022-12-12 12:53:12,407 - pytorch_cvae.py[line:170] - INFO: ----------------------------No.13 epoch----------------------------
2022-12-12 12:53:12,407 - pytorch_cvae.py[line:177] - INFO: loss:630.2545330121357, numeric_loss:46.93894835872163, categorical_loss:235.0890149780389, kld_loss:20910.29502114514, epoch_train_time:44.37762513849884
2022-12-12 12:53:56,539 - pytorch_cvae.py[line:170] - INFO: ----------------------------No.14 epoch----------------------------
2022-12-12 12:53:56,539 - pytorch_cvae.py[line:177] - INFO: loss:704.9571854346141, numeric_loss:40.34027152841358, categorical_loss:284.38547937620024, kld_loss:20919.220936358557, epoch_train_time:44.13143573142588
2022-12-12 12:54:41,005 - pytorch_cvae.py[line:170] - INFO: ----------------------------No.15 epoch----------------------------
2022-12-12 12:54:41,005 - pytorch_cvae.py[line:177] - INFO: loss:649.9440808621148, numeric_loss:44.03203711964207, categorical_loss:233.3047225297414, kld_loss:18801.063094860176, epoch_train_time:44.465974329039454
2022-12-12 12:55:25,194 - pytorch_cvae.py[line:170] - INFO: ----------------------------No.16 epoch----------------------------
2022-12-12 12:55:25,194 - pytorch_cvae.py[line:177] - INFO: loss:750.597250559993, numeric_loss:42.41652828083484, categorical_loss:275.2937108682454, kld_loss:20052.724970431067, epoch_train_time:44.18878521211445
2022-12-12 12:56:09,539 - pytorch_cvae.py[line:170] - INFO: ----------------------------No.17 epoch----------------------------
2022-12-12 12:56:09,539 - pytorch_cvae.py[line:177] - INFO: loss:704.52595115453, numeric_loss:37.82806138227984, categorical_loss:260.05379771578373, kld_loss:17310.73181764048, epoch_train_time:44.34499563835561
2022-12-12 12:56:53,638 - pytorch_cvae.py[line:170] - INFO: ----------------------------No.18 epoch----------------------------
2022-12-12 12:56:53,638 - pytorch_cvae.py[line:177] - INFO: loss:722.7522175056947, numeric_loss:38.3367967797541, categorical_loss:256.35638630792164, kld_loss:16762.586440154235, epoch_train_time:44.09855609666556
2022-12-12 12:57:37,805 - pytorch_cvae.py[line:170] - INFO: ----------------------------No.19 epoch----------------------------
2022-12-12 12:57:37,805 - pytorch_cvae.py[line:177] - INFO: loss:757.0476800784963, numeric_loss:37.10234344904829, categorical_loss:290.30761081735545, kld_loss:15492.105941691261, epoch_train_time:44.166707444004714
2022-12-12 12:58:22,166 - pytorch_cvae.py[line:170] - INFO: ----------------------------No.20 epoch----------------------------
2022-12-12 12:58:22,166 - pytorch_cvae.py[line:177] - INFO: loss:748.7775189786626, numeric_loss:42.232209086691626, categorical_loss:269.92772104947653, kld_loss:14511.565884042007, epoch_train_time:44.36073094792664
2022-12-12 12:59:06,555 - pytorch_cvae.py[line:170] - INFO: ----------------------------No.21 epoch----------------------------
2022-12-12 12:59:06,556 - pytorch_cvae.py[line:177] - INFO: loss:852.1044845871511, numeric_loss:42.01061247485519, categorical_loss:334.275670447867, kld_loss:14591.279929368233, epoch_train_time:44.38943642843515
2022-12-12 12:59:50,944 - pytorch_cvae.py[line:170] - INFO: ----------------------------No.22 epoch----------------------------
2022-12-12 12:59:50,945 - pytorch_cvae.py[line:177] - INFO: loss:863.3790294731734, numeric_loss:39.88234023928842, categorical_loss:354.81724745361134, kld_loss:13274.000476003857, epoch_train_time:44.388834081590176
2022-12-12 13:00:35,406 - pytorch_cvae.py[line:170] - INFO: ----------------------------No.23 epoch----------------------------
2022-12-12 13:00:35,406 - pytorch_cvae.py[line:177] - INFO: loss:883.3978884125972, numeric_loss:38.38928349607708, categorical_loss:366.565178213772, kld_loss:12527.500100888894, epoch_train_time:44.4615525174886
2022-12-12 13:01:19,967 - pytorch_cvae.py[line:170] - INFO: ----------------------------No.24 epoch----------------------------
2022-12-12 13:01:19,967 - pytorch_cvae.py[line:177] - INFO: loss:867.3070630567527, numeric_loss:36.40565678496112, categorical_loss:357.95010254242516, kld_loss:11460.206304765015, epoch_train_time:44.560797702521086
2022-12-12 13:02:04,452 - pytorch_cvae.py[line:170] - INFO: ----------------------------No.25 epoch----------------------------
2022-12-12 13:02:04,452 - pytorch_cvae.py[line:177] - INFO: loss:886.0210875427583, numeric_loss:41.59965120062543, categorical_loss:374.327699515954, kld_loss:10552.05288285442, epoch_train_time:44.484611846506596
2022-12-12 13:02:48,832 - pytorch_cvae.py[line:170] - INFO: ----------------------------No.26 epoch----------------------------
2022-12-12 13:02:48,832 - pytorch_cvae.py[line:177] - INFO: loss:975.4228257256182, numeric_loss:43.05912871882832, categorical_loss:420.42609838515637, kld_loss:10655.65770786954, epoch_train_time:44.37965985853225
2022-12-12 13:03:33,407 - pytorch_cvae.py[line:170] - INFO: ----------------------------No.27 epoch----------------------------
2022-12-12 13:03:33,407 - pytorch_cvae.py[line:177] - INFO: loss:987.0348312768328, numeric_loss:46.13684959489183, categorical_loss:414.3858090422291, kld_loss:10172.242834278673, epoch_train_time:44.57521650660783
2022-12-12 13:04:17,861 - pytorch_cvae.py[line:170] - INFO: ----------------------------No.28 epoch----------------------------
2022-12-12 13:04:17,861 - pytorch_cvae.py[line:177] - INFO: loss:988.5046286538127, numeric_loss:40.93290914171407, categorical_loss:406.10595758768613, kld_loss:9719.830084826797, epoch_train_time:44.45357149466872
2022-12-12 13:05:02,144 - pytorch_cvae.py[line:170] - INFO: ----------------------------No.29 epoch----------------------------
2022-12-12 13:05:02,144 - pytorch_cvae.py[line:177] - INFO: loss:1093.818176956309, numeric_loss:40.323811982646866, categorical_loss:441.7707816683687, kld_loss:10213.075514152704, epoch_train_time:44.28269546851516
2022-12-12 13:05:46,580 - pytorch_cvae.py[line:170] - INFO: ----------------------------No.30 epoch----------------------------
2022-12-12 13:05:46,580 - pytorch_cvae.py[line:177] - INFO: loss:1138.9963676180632, numeric_loss:44.617802521050834, categorical_loss:462.17845780453354, kld_loss:9826.612185633392, epoch_train_time:44.436158303171396
2022-12-12 13:06:30,941 - pytorch_cvae.py[line:170] - INFO: ----------------------------No.31 epoch----------------------------
2022-12-12 13:06:30,941 - pytorch_cvae.py[line:177] - INFO: loss:1117.2969502532505, numeric_loss:39.5388823615767, categorical_loss:429.5301087084372, kld_loss:9389.863224723144, epoch_train_time:44.360953049734235
2022-12-12 13:07:15,490 - pytorch_cvae.py[line:170] - INFO: ----------------------------No.32 epoch----------------------------
2022-12-12 13:07:15,491 - pytorch_cvae.py[line:177] - INFO: loss:1146.3501433985657, numeric_loss:48.32692015172957, categorical_loss:427.5715539825178, kld_loss:9059.7352364845, epoch_train_time:44.548943961039186
2022-12-12 13:07:59,664 - pytorch_cvae.py[line:170] - INFO: ----------------------------No.33 epoch----------------------------
2022-12-12 13:07:59,664 - pytorch_cvae.py[line:177] - INFO: loss:1114.9236740353226, numeric_loss:37.27602906140446, categorical_loss:434.1897545795655, kld_loss:8119.30734144809, epoch_train_time:44.1728828670457
2022-12-12 13:08:44,061 - pytorch_cvae.py[line:170] - INFO: ----------------------------No.34 epoch----------------------------
2022-12-12 13:08:44,061 - pytorch_cvae.py[line:177] - INFO: loss:1176.3086199184909, numeric_loss:42.80496513919694, categorical_loss:451.4648862348113, kld_loss:8044.38889893482, epoch_train_time:44.39736474119127
2022-12-12 13:09:28,569 - pytorch_cvae.py[line:170] - INFO: ----------------------------No.35 epoch----------------------------
2022-12-12 13:09:28,569 - pytorch_cvae.py[line:177] - INFO: loss:1241.661337553218, numeric_loss:39.39656907801282, categorical_loss:497.08780816932267, kld_loss:7782.184051344171, epoch_train_time:44.508024896495044
2022-12-12 13:10:13,053 - pytorch_cvae.py[line:170] - INFO: ----------------------------No.36 epoch----------------------------
2022-12-12 13:10:13,053 - pytorch_cvae.py[line:177] - INFO: loss:1255.385885752985, numeric_loss:35.59411465833719, categorical_loss:486.3725996282301, kld_loss:7580.700732155354, epoch_train_time:44.48332392424345
2022-12-12 13:10:57,693 - pytorch_cvae.py[line:170] - INFO: ----------------------------No.37 epoch----------------------------
2022-12-12 13:10:57,693 - pytorch_cvae.py[line:177] - INFO: loss:1256.550181028506, numeric_loss:37.720953848725, categorical_loss:509.28695371393405, kld_loss:6875.8025640101405, epoch_train_time:44.63975532632321
2022-12-12 13:11:42,512 - pytorch_cvae.py[line:170] - INFO: ----------------------------No.38 epoch----------------------------
2022-12-12 13:11:42,513 - pytorch_cvae.py[line:177] - INFO: loss:1243.61665665466, numeric_loss:37.41879131315832, categorical_loss:479.93592432135483, kld_loss:6604.815390645992, epoch_train_time:44.81949218176305
2022-12-12 13:12:27,102 - pytorch_cvae.py[line:170] - INFO: ----------------------------No.39 epoch----------------------------
2022-12-12 13:12:27,102 - pytorch_cvae.py[line:177] - INFO: loss:1282.7576672930154, numeric_loss:37.81071163225218, categorical_loss:503.51167896458355, kld_loss:6334.279775214789, epoch_train_time:44.58949536457658
2022-12-12 13:13:11,725 - pytorch_cvae.py[line:170] - INFO: ----------------------------No.40 epoch----------------------------
2022-12-12 13:13:11,725 - pytorch_cvae.py[line:177] - INFO: loss:1308.105416467588, numeric_loss:41.242905853857906, categorical_loss:511.08228045966825, kld_loss:6071.701627915027, epoch_train_time:44.622877889312804
2022-12-12 13:13:56,107 - pytorch_cvae.py[line:170] - INFO: ----------------------------No.41 epoch----------------------------
2022-12-12 13:13:56,107 - pytorch_cvae.py[line:177] - INFO: loss:1331.9051753036038, numeric_loss:41.739289925008976, categorical_loss:521.9813259145303, kld_loss:5809.057531642378, epoch_train_time:44.38189373072237
2022-12-12 13:14:40,250 - pytorch_cvae.py[line:170] - INFO: ----------------------------No.42 epoch----------------------------
2022-12-12 13:14:40,250 - pytorch_cvae.py[line:177] - INFO: loss:1419.4096741029934, numeric_loss:45.42130433469414, categorical_loss:569.0168463610171, kld_loss:5735.616306308017, epoch_train_time:44.14271401427686
2022-12-12 13:15:24,414 - pytorch_cvae.py[line:170] - INFO: ----------------------------No.43 epoch----------------------------
2022-12-12 13:15:24,414 - pytorch_cvae.py[line:177] - INFO: loss:1415.588153440971, numeric_loss:45.06464730651329, categorical_loss:576.0788320678403, kld_loss:5338.963912018924, epoch_train_time:44.163379355333745
2022-12-12 13:16:08,534 - pytorch_cvae.py[line:170] - INFO: ----------------------------No.44 epoch----------------------------
2022-12-12 13:16:08,534 - pytorch_cvae.py[line:177] - INFO: loss:1470.4331111292413, numeric_loss:42.450456433265586, categorical_loss:586.2144538180437, kld_loss:5340.893556321971, epoch_train_time:44.120246976614
2022-12-12 13:16:52,925 - pytorch_cvae.py[line:170] - INFO: ----------------------------No.45 epoch----------------------------
2022-12-12 13:16:52,925 - pytorch_cvae.py[line:177] - INFO: loss:1452.0317917527864, numeric_loss:42.97770436264386, categorical_loss:591.4366727840097, kld_loss:4902.683776680671, epoch_train_time:44.39066735934466
2022-12-12 13:17:37,200 - pytorch_cvae.py[line:170] - INFO: ----------------------------No.46 epoch----------------------------
2022-12-12 13:17:37,200 - pytorch_cvae.py[line:177] - INFO: loss:1515.6841394907387, numeric_loss:43.36513960755744, categorical_loss:611.8602285288507, kld_loss:4881.0188864154625, epoch_train_time:44.274324821308255
2022-12-12 13:18:21,580 - pytorch_cvae.py[line:170] - INFO: ----------------------------No.47 epoch----------------------------
2022-12-12 13:18:21,580 - pytorch_cvae.py[line:177] - INFO: loss:1547.1954180052562, numeric_loss:41.05647554521782, categorical_loss:605.1961651285237, kld_loss:4839.590121023124, epoch_train_time:44.3806546330452
2022-12-12 13:19:05,761 - pytorch_cvae.py[line:170] - INFO: ----------------------------No.48 epoch----------------------------
2022-12-12 13:19:05,761 - pytorch_cvae.py[line:177] - INFO: loss:1603.51140581473, numeric_loss:43.11951762452401, categorical_loss:676.3198728529096, kld_loss:4501.57248446357, epoch_train_time:44.180545676499605
2022-12-12 13:19:50,086 - pytorch_cvae.py[line:170] - INFO: ----------------------------No.49 epoch----------------------------
2022-12-12 13:19:50,086 - pytorch_cvae.py[line:177] - INFO: loss:1651.4874261617952, numeric_loss:43.51039130002063, categorical_loss:682.4149034767179, kld_loss:4471.793267280853, epoch_train_time:44.324459575116634
2022-12-12 13:20:34,502 - pytorch_cvae.py[line:170] - INFO: ----------------------------No.50 epoch----------------------------
2022-12-12 13:20:34,502 - pytorch_cvae.py[line:177] - INFO: loss:1687.1091325154994, numeric_loss:45.48661981584233, categorical_loss:732.5498590192001, kld_loss:4171.656987265975, epoch_train_time:44.415708103217185
2022-12-12 13:21:11,193 - pytorch_cvae.py[line:170] - INFO: ----------------------------No.51 epoch----------------------------
2022-12-12 13:21:11,193 - pytorch_cvae.py[line:177] - INFO: loss:1622.6776134118554, numeric_loss:44.4841133738141, categorical_loss:693.8011223592621, kld_loss:3858.5409264612244, epoch_train_time:36.69145747832954
2022-12-12 13:21:44,785 - pytorch_cvae.py[line:170] - INFO: ----------------------------No.52 epoch----------------------------
2022-12-12 13:21:44,785 - pytorch_cvae.py[line:177] - INFO: loss:1674.4443205921561, numeric_loss:39.29336642514784, categorical_loss:717.0927442725806, kld_loss:3811.981272587029, epoch_train_time:33.591518617235124
2022-12-12 13:22:23,972 - pytorch_cvae.py[line:170] - INFO: ----------------------------No.53 epoch----------------------------
2022-12-12 13:22:23,972 - pytorch_cvae.py[line:177] - INFO: loss:1702.0044433006842, numeric_loss:38.36382277505609, categorical_loss:762.7826790385006, kld_loss:3563.473875273601, epoch_train_time:39.18656516354531
2022-12-12 13:23:08,177 - pytorch_cvae.py[line:170] - INFO: ----------------------------No.54 epoch----------------------------
2022-12-12 13:23:08,177 - pytorch_cvae.py[line:177] - INFO: loss:1730.3309778918047, numeric_loss:40.53583030530114, categorical_loss:782.5696760587161, kld_loss:3422.185145516298, epoch_train_time:44.20536915957928
2022-12-12 13:23:52,560 - pytorch_cvae.py[line:170] - INFO: ----------------------------No.55 epoch----------------------------
2022-12-12 13:23:52,560 - pytorch_cvae.py[line:177] - INFO: loss:1711.0867991842097, numeric_loss:38.89325350990187, categorical_loss:754.9828799201932, kld_loss:3302.6509795850143, epoch_train_time:44.38256873097271
2022-12-12 13:24:36,885 - pytorch_cvae.py[line:170] - INFO: ----------------------------No.56 epoch----------------------------
2022-12-12 13:24:36,885 - pytorch_cvae.py[line:177] - INFO: loss:1731.6799576682388, numeric_loss:39.3840116817542, categorical_loss:771.4366877675639, kld_loss:3168.3009984268574, epoch_train_time:44.32456878852099
2022-12-12 13:25:21,311 - pytorch_cvae.py[line:170] - INFO: ----------------------------No.57 epoch----------------------------
2022-12-12 13:25:21,311 - pytorch_cvae.py[line:177] - INFO: loss:1806.383619997272, numeric_loss:38.64190038174539, categorical_loss:825.0795384987141, kld_loss:3102.152583585237, epoch_train_time:44.42642168980092
2022-12-12 13:26:05,782 - pytorch_cvae.py[line:170] - INFO: ----------------------------No.58 epoch----------------------------
2022-12-12 13:26:05,782 - pytorch_cvae.py[line:177] - INFO: loss:1816.4513492302503, numeric_loss:39.85016391662295, categorical_loss:814.5150740634417, kld_loss:3031.301916519471, epoch_train_time:44.47045306395739
2022-12-12 13:26:50,070 - pytorch_cvae.py[line:170] - INFO: ----------------------------No.59 epoch----------------------------
2022-12-12 13:26:50,070 - pytorch_cvae.py[line:177] - INFO: loss:1888.7644841908186, numeric_loss:39.46222021432871, categorical_loss:898.97977929638, kld_loss:2869.648752799141, epoch_train_time:44.28790380991995
2022-12-12 13:27:34,454 - pytorch_cvae.py[line:170] - INFO: ----------------------------No.60 epoch----------------------------
2022-12-12 13:27:34,454 - pytorch_cvae.py[line:177] - INFO: loss:1863.7375438504969, numeric_loss:38.94475106159305, categorical_loss:888.7074543363124, kld_loss:2711.752044427558, epoch_train_time:44.3839176511392
2022-12-12 13:28:18,827 - pytorch_cvae.py[line:170] - INFO: ----------------------------No.61 epoch----------------------------
2022-12-12 13:28:18,827 - pytorch_cvae.py[line:177] - INFO: loss:1913.1167572014674, numeric_loss:39.27490235428462, categorical_loss:900.3680709495966, kld_loss:2708.1320864008158, epoch_train_time:44.3722888706252
2022-12-12 13:29:03,304 - pytorch_cvae.py[line:170] - INFO: ----------------------------No.62 epoch----------------------------
2022-12-12 13:29:03,304 - pytorch_cvae.py[line:177] - INFO: loss:1975.8088399513217, numeric_loss:39.65295247698175, categorical_loss:953.6753833118419, kld_loss:2627.331640781602, epoch_train_time:44.47694728523493
2022-12-12 13:29:47,578 - pytorch_cvae.py[line:170] - INFO: ----------------------------No.63 epoch----------------------------
2022-12-12 13:29:47,578 - pytorch_cvae.py[line:177] - INFO: loss:1980.8469422641501, numeric_loss:40.73045370689283, categorical_loss:953.6753243332205, kld_loss:2538.293409503065, epoch_train_time:44.274369549937546
2022-12-12 13:30:31,955 - pytorch_cvae.py[line:170] - INFO: ----------------------------No.64 epoch----------------------------
2022-12-12 13:30:31,955 - pytorch_cvae.py[line:177] - INFO: loss:2051.734377942368, numeric_loss:40.0704130886603, categorical_loss:1000.436982987303, kld_loss:2506.3009597363416, epoch_train_time:44.37610009871423
2022-12-12 13:31:16,044 - pytorch_cvae.py[line:170] - INFO: ----------------------------No.65 epoch----------------------------
2022-12-12 13:31:16,044 - pytorch_cvae.py[line:177] - INFO: loss:2053.728434118646, numeric_loss:41.190440742402785, categorical_loss:975.4299854432174, kld_loss:2478.3167627165094, epoch_train_time:44.08898919541389
2022-12-12 13:32:00,076 - pytorch_cvae.py[line:170] - INFO: ----------------------------No.66 epoch----------------------------
2022-12-12 13:32:00,076 - pytorch_cvae.py[line:177] - INFO: loss:2092.0931971307145, numeric_loss:41.1175725467001, categorical_loss:1017.1422499104228, kld_loss:2384.3275674580364, epoch_train_time:44.031861445866525
2022-12-12 13:32:44,128 - pytorch_cvae.py[line:170] - INFO: ----------------------------No.67 epoch----------------------------
2022-12-12 13:32:44,129 - pytorch_cvae.py[line:177] - INFO: loss:2105.876069315069, numeric_loss:41.0593715682746, categorical_loss:1055.0444804971048, kld_loss:2249.8607270066277, epoch_train_time:44.052405514754355
2022-12-12 13:33:27,982 - pytorch_cvae.py[line:170] - INFO: ----------------------------No.68 epoch----------------------------
2022-12-12 13:33:27,983 - pytorch_cvae.py[line:177] - INFO: loss:2101.637921382324, numeric_loss:39.69338214699053, categorical_loss:1078.0362135282485, kld_loss:2120.0103907773155, epoch_train_time:43.853825686499476
2022-12-12 13:34:11,957 - pytorch_cvae.py[line:170] - INFO: ----------------------------No.69 epoch----------------------------
2022-12-12 13:34:11,957 - pytorch_cvae.py[line:177] - INFO: loss:2125.809664916713, numeric_loss:39.09285611871468, categorical_loss:1147.4126298898482, kld_loss:1959.1831536167883, epoch_train_time:43.974598930217326
2022-12-12 13:34:55,870 - pytorch_cvae.py[line:170] - INFO: ----------------------------No.70 epoch----------------------------
2022-12-12 13:34:55,871 - pytorch_cvae.py[line:177] - INFO: loss:2125.7242017310928, numeric_loss:39.596198433551365, categorical_loss:1144.6494843061664, kld_loss:1902.825343960547, epoch_train_time:43.913021717220545
2022-12-12 13:35:40,239 - pytorch_cvae.py[line:170] - INFO: ----------------------------No.71 epoch----------------------------
2022-12-12 13:35:40,239 - pytorch_cvae.py[line:177] - INFO: loss:2164.1817590116116, numeric_loss:38.711553763357216, categorical_loss:1174.2094629728526, kld_loss:1864.8423120704247, epoch_train_time:44.36840792186558
2022-12-12 13:36:24,585 - pytorch_cvae.py[line:170] - INFO: ----------------------------No.72 epoch----------------------------
2022-12-12 13:36:24,585 - pytorch_cvae.py[line:177] - INFO: loss:2296.01319246451, numeric_loss:36.68429592759162, categorical_loss:1265.5941507020034, kld_loss:1891.4780778166605, epoch_train_time:44.34559636563063
2022-12-12 13:37:08,812 - pytorch_cvae.py[line:170] - INFO: ----------------------------No.73 epoch----------------------------
2022-12-12 13:37:08,813 - pytorch_cvae.py[line:177] - INFO: loss:2219.0384958033683, numeric_loss:37.377162327563724, categorical_loss:1231.5813307837816, kld_loss:1757.574044389592, epoch_train_time:44.22741168551147
2022-12-12 13:37:53,072 - pytorch_cvae.py[line:170] - INFO: ----------------------------No.74 epoch----------------------------
2022-12-12 13:37:53,072 - pytorch_cvae.py[line:177] - INFO: loss:2310.1781446420064, numeric_loss:37.21902147209194, categorical_loss:1339.7536708457628, kld_loss:1679.5293462403934, epoch_train_time:44.25902031734586
2022-12-12 13:38:37,442 - pytorch_cvae.py[line:170] - INFO: ----------------------------No.75 epoch----------------------------
2022-12-12 13:38:37,442 - pytorch_cvae.py[line:177] - INFO: loss:2273.251081334485, numeric_loss:37.54548675874777, categorical_loss:1354.1404676518578, kld_loss:1545.0977224730304, epoch_train_time:44.37037800066173
2022-12-12 13:39:21,830 - pytorch_cvae.py[line:170] - INFO: ----------------------------No.76 epoch----------------------------
2022-12-12 13:39:21,831 - pytorch_cvae.py[line:177] - INFO: loss:2202.463673935621, numeric_loss:36.66155145688771, categorical_loss:1338.3025320866436, kld_loss:1413.8222615910927, epoch_train_time:44.38809800893068
2022-12-12 13:40:05,941 - pytorch_cvae.py[line:170] - INFO: ----------------------------No.77 epoch----------------------------
2022-12-12 13:40:05,941 - pytorch_cvae.py[line:177] - INFO: loss:2250.3705337795836, numeric_loss:36.65036682508263, categorical_loss:1398.3148978860409, kld_loss:1359.4408736277837, epoch_train_time:44.110128780826926
2022-12-12 13:40:50,227 - pytorch_cvae.py[line:170] - INFO: ----------------------------No.78 epoch----------------------------
2022-12-12 13:40:50,227 - pytorch_cvae.py[line:177] - INFO: loss:2315.015929893154, numeric_loss:36.22691318567249, categorical_loss:1438.8673857200483, kld_loss:1367.7907630908303, epoch_train_time:44.286264901049435
2022-12-12 13:41:34,540 - pytorch_cvae.py[line:170] - INFO: ----------------------------No.79 epoch----------------------------
2022-12-12 13:41:34,541 - pytorch_cvae.py[line:177] - INFO: loss:2333.4727406879247, numeric_loss:36.704094241663924, categorical_loss:1483.428327744623, kld_loss:1295.0351747340173, epoch_train_time:44.31304944306612
2022-12-12 13:42:18,991 - pytorch_cvae.py[line:170] - INFO: ----------------------------No.80 epoch----------------------------
2022-12-12 13:42:18,991 - pytorch_cvae.py[line:177] - INFO: loss:2307.4175522428122, numeric_loss:37.41335492859979, categorical_loss:1516.0719031702902, kld_loss:1174.909128665924, epoch_train_time:44.45063417311758
2022-12-12 13:43:03,273 - pytorch_cvae.py[line:170] - INFO: ----------------------------No.81 epoch----------------------------
2022-12-12 13:43:03,273 - pytorch_cvae.py[line:177] - INFO: loss:2408.1314348259475, numeric_loss:36.31833836086108, categorical_loss:1611.0116040554421, kld_loss:1161.556314702786, epoch_train_time:44.28133604582399
2022-12-12 13:43:47,353 - pytorch_cvae.py[line:170] - INFO: ----------------------------No.82 epoch----------------------------
2022-12-12 13:43:47,354 - pytorch_cvae.py[line:177] - INFO: loss:2403.9901990908547, numeric_loss:36.33185080535682, categorical_loss:1622.8003365168406, kld_loss:1115.2536637682351, epoch_train_time:44.080455128103495
2022-12-12 13:44:31,552 - pytorch_cvae.py[line:170] - INFO: ----------------------------No.83 epoch----------------------------
2022-12-12 13:44:31,552 - pytorch_cvae.py[line:177] - INFO: loss:2411.9032942476624, numeric_loss:35.527493205547145, categorical_loss:1642.7315877260407, kld_loss:1078.328788026236, epoch_train_time:44.19824637379497
2022-12-12 13:45:15,820 - pytorch_cvae.py[line:170] - INFO: ----------------------------No.84 epoch----------------------------
2022-12-12 13:45:15,820 - pytorch_cvae.py[line:177] - INFO: loss:2395.241753255221, numeric_loss:35.99704238201531, categorical_loss:1671.395220771199, kld_loss:993.4796756246942, epoch_train_time:44.268199362792075
2022-12-12 13:45:59,971 - pytorch_cvae.py[line:170] - INFO: ----------------------------No.85 epoch----------------------------
2022-12-12 13:45:59,971 - pytorch_cvae.py[line:177] - INFO: loss:2472.0469929375977, numeric_loss:36.68040000618229, categorical_loss:1727.3640917059383, kld_loss:1005.8529706823756, epoch_train_time:44.150623796507716
2022-12-12 13:46:44,021 - pytorch_cvae.py[line:170] - INFO: ----------------------------No.86 epoch----------------------------
2022-12-12 13:46:44,021 - pytorch_cvae.py[line:177] - INFO: loss:2314.959347208671, numeric_loss:36.43373467852288, categorical_loss:1639.8574979546538, kld_loss:893.3946786232991, epoch_train_time:44.049571110866964
2022-12-12 13:47:27,837 - pytorch_cvae.py[line:170] - INFO: ----------------------------No.87 epoch----------------------------
2022-12-12 13:47:27,837 - pytorch_cvae.py[line:177] - INFO: loss:2408.1687991578947, numeric_loss:36.3185168042027, categorical_loss:1716.6048160337668, kld_loss:903.389179283753, epoch_train_time:43.81585819646716
2022-12-12 13:48:11,907 - pytorch_cvae.py[line:170] - INFO: ----------------------------No.88 epoch----------------------------
2022-12-12 13:48:11,907 - pytorch_cvae.py[line:177] - INFO: loss:2326.3575894970854, numeric_loss:36.213983495121305, categorical_loss:1682.2882153373794, kld_loss:826.8146339241648, epoch_train_time:44.069802776910365
2022-12-12 13:48:55,890 - pytorch_cvae.py[line:170] - INFO: ----------------------------No.89 epoch----------------------------
2022-12-12 13:48:55,890 - pytorch_cvae.py[line:177] - INFO: loss:2373.003674939566, numeric_loss:36.4248229852744, categorical_loss:1690.0341092465678, kld_loss:868.5159648366389, epoch_train_time:43.98287438508123
2022-12-12 13:49:39,676 - pytorch_cvae.py[line:170] - INFO: ----------------------------No.90 epoch----------------------------
2022-12-12 13:49:39,676 - pytorch_cvae.py[line:177] - INFO: loss:2328.1798213884467, numeric_loss:36.126537174350034, categorical_loss:1690.7064618849836, kld_loss:798.5642321069608, epoch_train_time:43.78596818819642
2022-12-12 13:50:23,661 - pytorch_cvae.py[line:170] - INFO: ----------------------------No.91 epoch----------------------------
2022-12-12 13:50:23,661 - pytorch_cvae.py[line:177] - INFO: loss:2424.464711418783, numeric_loss:35.98799421751089, categorical_loss:1798.068795125815, kld_loss:775.8484871840919, epoch_train_time:43.984313920140266
2022-12-12 13:51:07,890 - pytorch_cvae.py[line:170] - INFO: ----------------------------No.92 epoch----------------------------
2022-12-12 13:51:07,890 - pytorch_cvae.py[line:177] - INFO: loss:2458.949375045311, numeric_loss:35.191442406356714, categorical_loss:1810.5385762979568, kld_loss:798.2056781707797, epoch_train_time:44.229426234960556
2022-12-12 13:51:52,188 - pytorch_cvae.py[line:170] - INFO: ----------------------------No.93 epoch----------------------------
2022-12-12 13:51:52,188 - pytorch_cvae.py[line:177] - INFO: loss:2395.2237957375182, numeric_loss:34.54088531442119, categorical_loss:1755.0203543082462, kld_loss:781.6965088926954, epoch_train_time:44.29734720569104
2022-12-12 13:52:36,272 - pytorch_cvae.py[line:170] - INFO: ----------------------------No.94 epoch----------------------------
2022-12-12 13:52:36,272 - pytorch_cvae.py[line:177] - INFO: loss:2334.280617177923, numeric_loss:34.690137859216236, categorical_loss:1730.6378762775275, kld_loss:728.8301229180652, epoch_train_time:44.08359858766198
2022-12-12 13:53:20,399 - pytorch_cvae.py[line:170] - INFO: ----------------------------No.95 epoch----------------------------
2022-12-12 13:53:20,400 - pytorch_cvae.py[line:177] - INFO: loss:2390.13754713221, numeric_loss:34.24838853651103, categorical_loss:1757.780713282933, kld_loss:761.2148514199653, epoch_train_time:44.12778180744499
2022-12-12 13:54:04,968 - pytorch_cvae.py[line:170] - INFO: ----------------------------No.96 epoch----------------------------
2022-12-12 13:54:04,968 - pytorch_cvae.py[line:177] - INFO: loss:2332.1436133361713, numeric_loss:34.16165950912847, categorical_loss:1720.6421487474872, kld_loss:730.7522965260432, epoch_train_time:44.56799809169024
2022-12-12 13:54:49,185 - pytorch_cvae.py[line:170] - INFO: ----------------------------No.97 epoch----------------------------
2022-12-12 13:54:49,185 - pytorch_cvae.py[line:177] - INFO: loss:2412.8706588265777, numeric_loss:33.9372363505403, categorical_loss:1800.3757807955553, kld_loss:729.0058370464249, epoch_train_time:44.2172830440104
2022-12-12 13:55:33,190 - pytorch_cvae.py[line:170] - INFO: ----------------------------No.98 epoch----------------------------
2022-12-12 13:55:33,190 - pytorch_cvae.py[line:177] - INFO: loss:2326.9028688630788, numeric_loss:34.00890120294446, categorical_loss:1723.878634506138, kld_loss:714.4770694889594, epoch_train_time:44.004684693180025
2022-12-12 13:56:17,418 - pytorch_cvae.py[line:170] - INFO: ----------------------------No.99 epoch----------------------------
2022-12-12 13:56:17,418 - pytorch_cvae.py[line:177] - INFO: loss:2393.113241335406, numeric_loss:34.23102774280082, categorical_loss:1774.5801671650552, kld_loss:731.8397828393499, epoch_train_time:44.227897794917226
2022-12-12 13:57:01,370 - pytorch_cvae.py[line:170] - INFO: ----------------------------No.100 epoch----------------------------
2022-12-12 13:57:01,370 - pytorch_cvae.py[line:177] - INFO: loss:2337.1648310026503, numeric_loss:34.16520281723746, categorical_loss:1708.0151442575443, kld_loss:744.1025405542459, epoch_train_time:43.95195052027702
2022-12-12 13:57:45,274 - pytorch_cvae.py[line:170] - INFO: ----------------------------No.101 epoch----------------------------
2022-12-12 13:57:45,274 - pytorch_cvae.py[line:177] - INFO: loss:2359.5707987867354, numeric_loss:34.67708289308308, categorical_loss:1754.4209816321672, kld_loss:713.0909089097986, epoch_train_time:43.90331199206412
2022-12-12 13:58:29,280 - pytorch_cvae.py[line:170] - INFO: ----------------------------No.102 epoch----------------------------
2022-12-12 13:58:29,280 - pytorch_cvae.py[line:177] - INFO: loss:2332.0567475274147, numeric_loss:34.75532245025306, categorical_loss:1737.7383130910457, kld_loss:699.453871006961, epoch_train_time:44.00640104711056
2022-12-12 13:59:13,361 - pytorch_cvae.py[line:170] - INFO: ----------------------------No.103 epoch----------------------------
2022-12-12 13:59:13,361 - pytorch_cvae.py[line:177] - INFO: loss:2306.8173074114893, numeric_loss:34.146726553786436, categorical_loss:1703.9256727797328, kld_loss:710.9311186535051, epoch_train_time:44.08081646449864
2022-12-12 13:59:57,178 - pytorch_cvae.py[line:170] - INFO: ----------------------------No.104 epoch----------------------------
2022-12-12 13:59:57,178 - pytorch_cvae.py[line:177] - INFO: loss:2446.578427812783, numeric_loss:34.17355580399979, categorical_loss:1782.987980014237, kld_loss:786.7711024750606, epoch_train_time:43.81672914419323
2022-12-12 14:00:41,360 - pytorch_cvae.py[line:170] - INFO: ----------------------------No.105 epoch----------------------------
2022-12-12 14:00:41,360 - pytorch_cvae.py[line:177] - INFO: loss:2339.608037086553, numeric_loss:34.1497608354467, categorical_loss:1730.7698735315935, kld_loss:718.3604872116703, epoch_train_time:44.181745507754385
2022-12-12 14:01:25,634 - pytorch_cvae.py[line:170] - INFO: ----------------------------No.106 epoch----------------------------
2022-12-12 14:01:25,635 - pytorch_cvae.py[line:177] - INFO: loss:2345.113849582529, numeric_loss:34.473357049979654, categorical_loss:1761.6362484263664, kld_loss:686.2552924238844, epoch_train_time:44.274146244861186
2022-12-12 14:02:09,704 - pytorch_cvae.py[line:170] - INFO: ----------------------------No.107 epoch----------------------------
2022-12-12 14:02:09,704 - pytorch_cvae.py[line:177] - INFO: loss:2468.60396382786, numeric_loss:35.25195639971477, categorical_loss:1819.908903108415, kld_loss:766.8038672531256, epoch_train_time:44.069152493961155
2022-12-12 14:02:54,172 - pytorch_cvae.py[line:170] - INFO: ----------------------------No.108 epoch----------------------------
2022-12-12 14:02:54,172 - pytorch_cvae.py[line:177] - INFO: loss:2319.6219752968464, numeric_loss:35.17409936267137, categorical_loss:1776.5943382411497, kld_loss:634.8169070762815, epoch_train_time:44.46822182741016
2022-12-12 14:03:38,357 - pytorch_cvae.py[line:170] - INFO: ----------------------------No.109 epoch----------------------------
2022-12-12 14:03:38,357 - pytorch_cvae.py[line:177] - INFO: loss:2394.57034598061, numeric_loss:35.27761527956167, categorical_loss:1827.6059638658771, kld_loss:664.6084483438171, epoch_train_time:44.184255237691104
2022-12-12 14:04:22,442 - pytorch_cvae.py[line:170] - INFO: ----------------------------No.110 epoch----------------------------
2022-12-12 14:04:22,442 - pytorch_cvae.py[line:177] - INFO: loss:2335.3836284622957, numeric_loss:35.424442423982484, categorical_loss:1825.4696456208767, kld_loss:593.1119158733636, epoch_train_time:44.085256634280086
2022-12-12 14:05:06,740 - pytorch_cvae.py[line:170] - INFO: ----------------------------No.111 epoch----------------------------
2022-12-12 14:05:06,740 - pytorch_cvae.py[line:177] - INFO: loss:2315.632827836176, numeric_loss:36.1850558673298, categorical_loss:1816.2225573743053, kld_loss:579.0315059093991, epoch_train_time:44.297567515634
2022-12-12 14:05:50,963 - pytorch_cvae.py[line:170] - INFO: ----------------------------No.112 epoch----------------------------
2022-12-12 14:05:50,963 - pytorch_cvae.py[line:177] - INFO: loss:2386.578319060034, numeric_loss:35.44681531733008, categorical_loss:1855.580041615176, kld_loss:619.4393137968727, epoch_train_time:44.222977470606565
2022-12-12 14:06:35,309 - pytorch_cvae.py[line:170] - INFO: ----------------------------No.113 epoch----------------------------
2022-12-12 14:06:35,309 - pytorch_cvae.py[line:177] - INFO: loss:2306.8010901676025, numeric_loss:35.62659541785261, categorical_loss:1833.344977109431, kld_loss:547.2868894660496, epoch_train_time:44.34559221286327
2022-12-12 14:07:19,718 - pytorch_cvae.py[line:170] - INFO: ----------------------------No.114 epoch----------------------------
2022-12-12 14:07:19,718 - pytorch_cvae.py[line:177] - INFO: loss:2321.7127689073095, numeric_loss:35.95936089625957, categorical_loss:1832.3863994578423, kld_loss:566.7087535198079, epoch_train_time:44.4094210350886
2022-12-12 14:08:04,088 - pytorch_cvae.py[line:170] - INFO: ----------------------------No.115 epoch----------------------------
2022-12-12 14:08:04,088 - pytorch_cvae.py[line:177] - INFO: loss:2318.3811048755306, numeric_loss:36.00881958188464, categorical_loss:1834.729220367968, kld_loss:559.5538175735273, epoch_train_time:44.36954066436738
2022-12-12 14:08:39,196 - pytorch_cvae.py[line:170] - INFO: ----------------------------No.116 epoch----------------------------
2022-12-12 14:08:39,196 - pytorch_cvae.py[line:177] - INFO: loss:2348.571353284322, numeric_loss:35.43635740219622, categorical_loss:1880.8098391257518, kld_loss:540.4064380167983, epoch_train_time:35.10777847003192
2022-12-12 14:09:12,694 - pytorch_cvae.py[line:170] - INFO: ----------------------------No.117 epoch----------------------------
2022-12-12 14:09:12,695 - pytorch_cvae.py[line:177] - INFO: loss:2293.238324050879, numeric_loss:35.7226503524962, categorical_loss:1836.9506638626917, kld_loss:525.7062580399215, epoch_train_time:33.49827301222831
2022-12-12 14:09:46,273 - pytorch_cvae.py[line:170] - INFO: ----------------------------No.118 epoch----------------------------
2022-12-12 14:09:46,273 - pytorch_cvae.py[line:177] - INFO: loss:2315.7798991107848, numeric_loss:35.75586298382544, categorical_loss:1891.169315408304, kld_loss:486.068381795194, epoch_train_time:33.57851314172149
2022-12-12 14:10:19,785 - pytorch_cvae.py[line:170] - INFO: ----------------------------No.119 epoch----------------------------
2022-12-12 14:10:19,785 - pytorch_cvae.py[line:177] - INFO: loss:2276.605105305498, numeric_loss:35.57163648571958, categorical_loss:1876.9075791319774, kld_loss:455.15735487570055, epoch_train_time:33.51141547597945
2022-12-12 14:10:53,287 - pytorch_cvae.py[line:170] - INFO: ----------------------------No.120 epoch----------------------------
2022-12-12 14:10:53,287 - pytorch_cvae.py[line:177] - INFO: loss:2422.970306715695, numeric_loss:35.23822431575377, categorical_loss:1982.5699372216186, kld_loss:506.4526706133038, epoch_train_time:33.50165323726833
2022-12-12 14:11:26,866 - pytorch_cvae.py[line:170] - INFO: ----------------------------No.121 epoch----------------------------
2022-12-12 14:11:26,866 - pytorch_cvae.py[line:177] - INFO: loss:2335.356690374727, numeric_loss:35.19003301543319, categorical_loss:1883.2367831458978, kld_loss:521.1623378082295, epoch_train_time:33.578978640027344
2022-12-12 14:12:00,368 - pytorch_cvae.py[line:170] - INFO: ----------------------------No.122 epoch----------------------------
2022-12-12 14:12:00,369 - pytorch_cvae.py[line:177] - INFO: loss:2285.7479041554034, numeric_loss:35.272380542692076, categorical_loss:1900.857366731565, kld_loss:437.0226946924813, epoch_train_time:33.50257588364184
2022-12-12 14:12:33,952 - pytorch_cvae.py[line:170] - INFO: ----------------------------No.123 epoch----------------------------
2022-12-12 14:12:33,952 - pytorch_cvae.py[line:177] - INFO: loss:2410.5554395923973, numeric_loss:34.30278206777717, categorical_loss:1974.139786675165, kld_loss:502.64108240773203, epoch_train_time:33.5830045575276
2022-12-12 14:13:07,450 - pytorch_cvae.py[line:170] - INFO: ----------------------------No.124 epoch----------------------------
2022-12-12 14:13:07,450 - pytorch_cvae.py[line:177] - INFO: loss:2323.3435429283127, numeric_loss:35.03695193864132, categorical_loss:1909.1061160122626, kld_loss:474.0005848862347, epoch_train_time:33.498529830016196
2022-12-12 14:13:40,952 - pytorch_cvae.py[line:170] - INFO: ----------------------------No.125 epoch----------------------------
2022-12-12 14:13:40,952 - pytorch_cvae.py[line:177] - INFO: loss:2276.6928477509355, numeric_loss:34.87114809900913, categorical_loss:1874.3961286410922, kld_loss:459.2819594988832, epoch_train_time:33.501134091988206
2022-12-12 14:14:15,777 - pytorch_cvae.py[line:170] - INFO: ----------------------------No.126 epoch----------------------------
2022-12-12 14:14:15,777 - pytorch_cvae.py[line:177] - INFO: loss:2393.168486460345, numeric_loss:34.486287130335484, categorical_loss:1979.0728466183937, kld_loss:474.51168055445305, epoch_train_time:34.82549482397735
2022-12-12 14:15:00,057 - pytorch_cvae.py[line:170] - INFO: ----------------------------No.127 epoch----------------------------
2022-12-12 14:15:00,057 - pytorch_cvae.py[line:177] - INFO: loss:2370.659308073693, numeric_loss:34.45087793631993, categorical_loss:1955.3512568986043, kld_loss:476.0714577916078, epoch_train_time:44.279022227972746
2022-12-12 14:15:44,456 - pytorch_cvae.py[line:170] - INFO: ----------------------------No.128 epoch----------------------------
2022-12-12 14:15:44,456 - pytorch_cvae.py[line:177] - INFO: loss:2295.240269822796, numeric_loss:34.658817095276135, categorical_loss:1906.8687973690103, kld_loss:442.1408108707983, epoch_train_time:44.398883329704404
2022-12-12 14:16:28,806 - pytorch_cvae.py[line:170] - INFO: ----------------------------No.129 epoch----------------------------
2022-12-12 14:16:28,806 - pytorch_cvae.py[line:177] - INFO: loss:2434.946402196394, numeric_loss:34.515300674279445, categorical_loss:1996.142295475438, kld_loss:505.36100093927234, epoch_train_time:44.350367463193834
2022-12-12 14:17:13,020 - pytorch_cvae.py[line:170] - INFO: ----------------------------No.130 epoch----------------------------
2022-12-12 14:17:13,020 - pytorch_cvae.py[line:177] - INFO: loss:2362.7755447222153, numeric_loss:34.14957054095814, categorical_loss:1979.1420498311927, kld_loss:436.8548944921931, epoch_train_time:44.21319162286818
2022-12-12 14:17:57,361 - pytorch_cvae.py[line:170] - INFO: ----------------------------No.131 epoch----------------------------
2022-12-12 14:17:57,361 - pytorch_cvae.py[line:177] - INFO: loss:2332.0506861357426, numeric_loss:33.87647108683677, categorical_loss:1944.5212723677105, kld_loss:442.0661773091124, epoch_train_time:44.341568265110254
2022-12-12 14:18:41,634 - pytorch_cvae.py[line:170] - INFO: ----------------------------No.132 epoch----------------------------
2022-12-12 14:18:41,634 - pytorch_cvae.py[line:177] - INFO: loss:2499.1689605551073, numeric_loss:34.25832199086119, categorical_loss:2040.665876159619, kld_loss:530.3059453713358, epoch_train_time:44.27260875701904
2022-12-12 14:19:26,001 - pytorch_cvae.py[line:170] - INFO: ----------------------------No.133 epoch----------------------------
2022-12-12 14:19:26,001 - pytorch_cvae.py[line:177] - INFO: loss:2291.758526061254, numeric_loss:34.282686294147936, categorical_loss:1903.454219147825, kld_loss:442.5270226984285, epoch_train_time:44.367025872692466
2022-12-12 14:20:10,211 - pytorch_cvae.py[line:170] - INFO: ----------------------------No.134 epoch----------------------------
2022-12-12 14:20:10,211 - pytorch_cvae.py[line:177] - INFO: loss:2271.817201549158, numeric_loss:34.23115870365018, categorical_loss:1942.7503582819772, kld_loss:368.5445985950646, epoch_train_time:44.209012229926884
2022-12-12 14:20:54,589 - pytorch_cvae.py[line:170] - INFO: ----------------------------No.135 epoch----------------------------
2022-12-12 14:20:54,589 - pytorch_cvae.py[line:177] - INFO: loss:2424.1279670854274, numeric_loss:34.42799011254067, categorical_loss:2003.272246933513, kld_loss:483.0346499198349, epoch_train_time:44.37828790489584
2022-12-12 14:21:38,673 - pytorch_cvae.py[line:170] - INFO: ----------------------------No.136 epoch----------------------------
2022-12-12 14:21:38,673 - pytorch_cvae.py[line:177] - INFO: loss:2480.2899530142313, numeric_loss:33.92491812345537, categorical_loss:2048.0012010879, kld_loss:497.95478151203133, epoch_train_time:44.084115359932184
2022-12-12 14:22:22,895 - pytorch_cvae.py[line:170] - INFO: ----------------------------No.137 epoch----------------------------
2022-12-12 14:22:22,895 - pytorch_cvae.py[line:177] - INFO: loss:2269.8806197552185, numeric_loss:34.38752315136537, categorical_loss:1916.5128631972475, kld_loss:398.7252883675974, epoch_train_time:44.22153240162879
2022-12-12 14:23:07,322 - pytorch_cvae.py[line:170] - INFO: ----------------------------No.138 epoch----------------------------
2022-12-12 14:23:07,322 - pytorch_cvae.py[line:177] - INFO: loss:2367.4159655767726, numeric_loss:34.19354714346804, categorical_loss:1979.0152118862898, kld_loss:442.7590007162071, epoch_train_time:44.42670712713152
2022-12-12 14:23:51,648 - pytorch_cvae.py[line:170] - INFO: ----------------------------No.139 epoch----------------------------
2022-12-12 14:23:51,648 - pytorch_cvae.py[line:177] - INFO: loss:2318.4645148726995, numeric_loss:34.93535053570463, categorical_loss:1940.866912061203, kld_loss:428.3278073184192, epoch_train_time:44.32578085176647
2022-12-12 14:24:35,847 - pytorch_cvae.py[line:170] - INFO: ----------------------------No.140 epoch----------------------------
2022-12-12 14:24:35,847 - pytorch_cvae.py[line:177] - INFO: loss:2338.879471221764, numeric_loss:34.88309939280407, categorical_loss:1973.8766712842043, kld_loss:412.6496250930941, epoch_train_time:44.198553029447794
2022-12-12 14:25:20,309 - pytorch_cvae.py[line:170] - INFO: ----------------------------No.141 epoch----------------------------
2022-12-12 14:25:20,309 - pytorch_cvae.py[line:177] - INFO: loss:2362.482729151583, numeric_loss:35.29662021919751, categorical_loss:2014.2274899655895, kld_loss:391.1982703705726, epoch_train_time:44.46185783110559
2022-12-12 14:26:04,618 - pytorch_cvae.py[line:170] - INFO: ----------------------------No.142 epoch----------------------------
2022-12-12 14:26:04,618 - pytorch_cvae.py[line:177] - INFO: loss:2366.921865324024, numeric_loss:35.1188354653267, categorical_loss:2042.51880782441, kld_loss:361.6052682377631, epoch_train_time:44.308996222913265
2022-12-12 14:26:48,725 - pytorch_cvae.py[line:170] - INFO: ----------------------------No.143 epoch----------------------------
2022-12-12 14:26:48,725 - pytorch_cvae.py[line:177] - INFO: loss:2476.8717176367354, numeric_loss:34.60808432497089, categorical_loss:2125.14453531013, kld_loss:396.3988672288251, epoch_train_time:44.10651701036841
2022-12-12 14:27:32,745 - pytorch_cvae.py[line:170] - INFO: ----------------------------No.144 epoch----------------------------
2022-12-12 14:27:32,745 - pytorch_cvae.py[line:177] - INFO: loss:2372.847621856403, numeric_loss:34.494614885360306, categorical_loss:2014.9772729740653, kld_loss:404.21965237380937, epoch_train_time:44.020427462644875
2022-12-12 14:28:16,938 - pytorch_cvae.py[line:170] - INFO: ----------------------------No.145 epoch----------------------------
2022-12-12 14:28:16,938 - pytorch_cvae.py[line:177] - INFO: loss:2453.5847224265453, numeric_loss:34.729343934570124, categorical_loss:2112.7485557994223, kld_loss:382.6335211377009, epoch_train_time:44.19283526670188
2022-12-12 14:29:01,043 - pytorch_cvae.py[line:170] - INFO: ----------------------------No.146 epoch----------------------------
2022-12-12 14:29:01,043 - pytorch_cvae.py[line:177] - INFO: loss:2359.0200082590454, numeric_loss:34.86756893913764, categorical_loss:2040.2931047432066, kld_loss:354.82416335033486, epoch_train_time:44.1048781350255
2022-12-12 14:29:45,286 - pytorch_cvae.py[line:170] - INFO: ----------------------------No.147 epoch----------------------------
2022-12-12 14:29:45,286 - pytorch_cvae.py[line:177] - INFO: loss:2352.7252684490813, numeric_loss:35.0959371433932, categorical_loss:2073.036085129599, kld_loss:305.7415481018252, epoch_train_time:44.24268569517881
2022-12-12 14:30:29,502 - pytorch_cvae.py[line:170] - INFO: ----------------------------No.148 epoch----------------------------
2022-12-12 14:30:29,502 - pytorch_cvae.py[line:177] - INFO: loss:2330.779576481, numeric_loss:34.91537513288648, categorical_loss:2052.2348578150268, kld_loss:304.5366706996574, epoch_train_time:44.216016098856926
2022-12-12 14:31:13,620 - pytorch_cvae.py[line:170] - INFO: ----------------------------No.149 epoch----------------------------
2022-12-12 14:31:13,621 - pytorch_cvae.py[line:177] - INFO: loss:2404.683678965055, numeric_loss:34.73385857692682, categorical_loss:2100.2219779909065, kld_loss:337.1598006678978, epoch_train_time:44.11799070611596
2022-12-12 14:31:57,785 - pytorch_cvae.py[line:170] - INFO: ----------------------------No.150 epoch----------------------------
2022-12-12 14:31:57,785 - pytorch_cvae.py[line:177] - INFO: loss:2402.0575812785537, numeric_loss:34.29899009455744, categorical_loss:2083.4701814762666, kld_loss:355.36050633894047, epoch_train_time:44.16400003619492
2022-12-12 14:32:42,114 - pytorch_cvae.py[line:170] - INFO: ----------------------------No.151 epoch----------------------------
2022-12-12 14:32:42,114 - pytorch_cvae.py[line:177] - INFO: loss:2330.4653294649906, numeric_loss:34.60322097012204, categorical_loss:2073.7107089129568, kld_loss:277.68924662389327, epoch_train_time:44.32955129630864
2022-12-12 14:33:26,177 - pytorch_cvae.py[line:170] - INFO: ----------------------------No.152 epoch----------------------------
2022-12-12 14:33:26,177 - pytorch_cvae.py[line:177] - INFO: loss:2336.975769543147, numeric_loss:35.02271996819235, categorical_loss:2084.315413008735, kld_loss:272.0470432799775, epoch_train_time:44.062410881742835
2022-12-12 14:34:10,316 - pytorch_cvae.py[line:170] - INFO: ----------------------------No.153 epoch----------------------------
2022-12-12 14:34:10,316 - pytorch_cvae.py[line:177] - INFO: loss:2345.2661371111462, numeric_loss:34.36754848822784, categorical_loss:2072.100163316034, kld_loss:298.49803069839254, epoch_train_time:44.138598955236375
2022-12-12 14:34:54,487 - pytorch_cvae.py[line:170] - INFO: ----------------------------No.154 epoch----------------------------
2022-12-12 14:34:54,488 - pytorch_cvae.py[line:177] - INFO: loss:2466.17117828512, numeric_loss:34.69592916422576, categorical_loss:2149.2113403284748, kld_loss:352.8298826754326, epoch_train_time:44.171530614607036
2022-12-12 14:35:38,687 - pytorch_cvae.py[line:170] - INFO: ----------------------------No.155 epoch----------------------------
2022-12-12 14:35:38,687 - pytorch_cvae.py[line:177] - INFO: loss:2266.534941077116, numeric_loss:34.454136537506315, categorical_loss:2022.0190011523082, kld_loss:262.5772539629834, epoch_train_time:44.1993602598086
2022-12-12 14:36:22,831 - pytorch_cvae.py[line:170] - INFO: ----------------------------No.156 epoch----------------------------
2022-12-12 14:36:22,831 - pytorch_cvae.py[line:177] - INFO: loss:2360.293770356977, numeric_loss:34.65257370882969, categorical_loss:2104.6905568223447, kld_loss:276.1882977032801, epoch_train_time:44.14400754868984
2022-12-12 14:37:07,061 - pytorch_cvae.py[line:170] - INFO: ----------------------------No.157 epoch----------------------------
2022-12-12 14:37:07,061 - pytorch_cvae.py[line:177] - INFO: loss:2354.2832425119122, numeric_loss:34.643381228149195, categorical_loss:2087.740044766484, kld_loss:289.8747620359645, epoch_train_time:44.22940845601261
2022-12-12 14:37:51,155 - pytorch_cvae.py[line:170] - INFO: ----------------------------No.158 epoch----------------------------
2022-12-12 14:37:51,155 - pytorch_cvae.py[line:177] - INFO: loss:2356.877335478377, numeric_loss:34.555010434293536, categorical_loss:2089.529591271421, kld_loss:290.9909166508005, epoch_train_time:44.093909720890224
2022-12-12 14:38:35,218 - pytorch_cvae.py[line:170] - INFO: ----------------------------No.159 epoch----------------------------
2022-12-12 14:38:35,218 - pytorch_cvae.py[line:177] - INFO: loss:2301.263544024492, numeric_loss:35.21113513303658, categorical_loss:2053.426188168116, kld_loss:265.7827732200385, epoch_train_time:44.06328392587602
2022-12-12 14:39:19,496 - pytorch_cvae.py[line:170] - INFO: ----------------------------No.160 epoch----------------------------
2022-12-12 14:39:19,496 - pytorch_cvae.py[line:177] - INFO: loss:2377.115804486384, numeric_loss:34.66369621480942, categorical_loss:2096.7040537897265, kld_loss:307.185063658515, epoch_train_time:44.277732090093195
2022-12-12 14:40:03,505 - pytorch_cvae.py[line:170] - INFO: ----------------------------No.161 epoch----------------------------
2022-12-12 14:40:03,505 - pytorch_cvae.py[line:177] - INFO: loss:2400.9813397609396, numeric_loss:34.83626793726114, categorical_loss:2099.7672475994914, kld_loss:332.9722789477091, epoch_train_time:44.008909622207284
2022-12-12 14:40:47,649 - pytorch_cvae.py[line:170] - INFO: ----------------------------No.162 epoch----------------------------
2022-12-12 14:40:47,649 - pytorch_cvae.py[line:177] - INFO: loss:2214.014128416893, numeric_loss:34.58989967460428, categorical_loss:1970.886421577714, kld_loss:260.6722503149067, epoch_train_time:44.14341825898737
2022-12-12 14:41:31,559 - pytorch_cvae.py[line:170] - INFO: ----------------------------No.163 epoch----------------------------
2022-12-12 14:41:31,559 - pytorch_cvae.py[line:177] - INFO: loss:2349.358284177317, numeric_loss:34.62593569986319, categorical_loss:2083.646857550106, kld_loss:288.8568570300704, epoch_train_time:43.909813831560314
2022-12-12 14:42:15,446 - pytorch_cvae.py[line:170] - INFO: ----------------------------No.164 epoch----------------------------
2022-12-12 14:42:15,446 - pytorch_cvae.py[line:177] - INFO: loss:2324.8976432703785, numeric_loss:34.18408486244127, categorical_loss:2072.3111875033355, kld_loss:273.00295234681107, epoch_train_time:43.8871223796159
2022-12-12 14:42:59,520 - pytorch_cvae.py[line:170] - INFO: ----------------------------No.165 epoch----------------------------
2022-12-12 14:42:59,520 - pytorch_cvae.py[line:177] - INFO: loss:2317.54218057479, numeric_loss:35.389831320540466, categorical_loss:2044.1387442554696, kld_loss:297.51700334227644, epoch_train_time:44.07341463956982
2022-12-12 14:43:43,585 - pytorch_cvae.py[line:170] - INFO: ----------------------------No.166 epoch----------------------------
2022-12-12 14:43:43,585 - pytorch_cvae.py[line:177] - INFO: loss:2324.2458395517897, numeric_loss:35.441648734201294, categorical_loss:2054.202085353434, kld_loss:293.25262372015277, epoch_train_time:44.06508593633771
2022-12-12 14:44:27,509 - pytorch_cvae.py[line:170] - INFO: ----------------------------No.167 epoch----------------------------
2022-12-12 14:44:27,509 - pytorch_cvae.py[line:177] - INFO: loss:2400.160102160531, numeric_loss:34.69213883987004, categorical_loss:2138.0800020210736, kld_loss:284.2349430122413, epoch_train_time:43.92332727275789
2022-12-12 14:45:11,481 - pytorch_cvae.py[line:170] - INFO: ----------------------------No.168 epoch----------------------------
2022-12-12 14:45:11,481 - pytorch_cvae.py[line:177] - INFO: loss:2316.6025124614243, numeric_loss:34.8207414507165, categorical_loss:2035.4129610534292, kld_loss:307.9610070925555, epoch_train_time:43.97209676448256
2022-12-12 14:45:55,601 - pytorch_cvae.py[line:170] - INFO: ----------------------------No.169 epoch----------------------------
2022-12-12 14:45:55,601 - pytorch_cvae.py[line:177] - INFO: loss:2301.8126299109426, numeric_loss:35.02484700947036, categorical_loss:2022.503237781697, kld_loss:305.35568255512044, epoch_train_time:44.119592698290944
2022-12-12 14:46:39,507 - pytorch_cvae.py[line:170] - INFO: ----------------------------No.170 epoch----------------------------
2022-12-12 14:46:39,508 - pytorch_cvae.py[line:177] - INFO: loss:2446.139447503665, numeric_loss:34.672270580769805, categorical_loss:2106.4734118764754, kld_loss:381.24220206640894, epoch_train_time:43.9066232284531
2022-12-12 14:47:23,523 - pytorch_cvae.py[line:170] - INFO: ----------------------------No.171 epoch----------------------------
2022-12-12 14:47:23,524 - pytorch_cvae.py[line:177] - INFO: loss:2430.4236029920576, numeric_loss:34.041876249889185, categorical_loss:2093.20552923216, kld_loss:378.970239557093, epoch_train_time:44.01593109034002
2022-12-12 14:48:07,640 - pytorch_cvae.py[line:170] - INFO: ----------------------------No.172 epoch----------------------------
2022-12-12 14:48:07,640 - pytorch_cvae.py[line:177] - INFO: loss:2405.5438865892356, numeric_loss:34.01885551019228, categorical_loss:2090.2816448748345, kld_loss:351.55422751861624, epoch_train_time:44.11598893161863
2022-12-12 14:48:51,981 - pytorch_cvae.py[line:170] - INFO: ----------------------------No.173 epoch----------------------------
2022-12-12 14:48:51,981 - pytorch_cvae.py[line:177] - INFO: loss:2299.074859756918, numeric_loss:34.20761003506507, categorical_loss:2008.1566327826004, kld_loss:320.8882615137263, epoch_train_time:44.34132766351104
2022-12-12 14:49:36,380 - pytorch_cvae.py[line:170] - INFO: ----------------------------No.174 epoch----------------------------
2022-12-12 14:49:36,380 - pytorch_cvae.py[line:177] - INFO: loss:2372.7024847362773, numeric_loss:34.3318302746635, categorical_loss:2063.8671962699154, kld_loss:343.12931227043737, epoch_train_time:44.398897307924926
2022-12-12 14:50:20,680 - pytorch_cvae.py[line:170] - INFO: ----------------------------No.175 epoch----------------------------
2022-12-12 14:50:20,680 - pytorch_cvae.py[line:177] - INFO: loss:2348.9834415098885, numeric_loss:33.742839221044335, categorical_loss:2039.17721477116, kld_loss:345.07923019572627, epoch_train_time:44.29945017211139
2022-12-12 14:51:04,729 - pytorch_cvae.py[line:170] - INFO: ----------------------------No.176 epoch----------------------------
2022-12-12 14:51:04,729 - pytorch_cvae.py[line:177] - INFO: loss:2439.861558640434, numeric_loss:34.30927274335818, categorical_loss:2108.034543688933, kld_loss:371.89717016136274, epoch_train_time:44.049157491885126
2022-12-12 14:51:48,999 - pytorch_cvae.py[line:170] - INFO: ----------------------------No.177 epoch----------------------------
2022-12-12 14:51:48,999 - pytorch_cvae.py[line:177] - INFO: loss:2319.1009395192377, numeric_loss:34.101191424675136, categorical_loss:2052.2561730812886, kld_loss:290.9294653808465, epoch_train_time:44.26971618831158
2022-12-12 14:52:33,281 - pytorch_cvae.py[line:170] - INFO: ----------------------------No.178 epoch----------------------------
2022-12-12 14:52:33,281 - pytorch_cvae.py[line:177] - INFO: loss:2449.4248477772926, numeric_loss:33.78205155591954, categorical_loss:2112.5552484697546, kld_loss:378.85943057970144, epoch_train_time:44.281689785420895
2022-12-12 14:53:17,567 - pytorch_cvae.py[line:170] - INFO: ----------------------------No.179 epoch----------------------------
2022-12-12 14:53:17,567 - pytorch_cvae.py[line:177] - INFO: loss:2379.204524295521, numeric_loss:33.883891317978225, categorical_loss:2069.7077359910472, kld_loss:344.51612260966795, epoch_train_time:44.28587547130883
2022-12-12 14:54:01,929 - pytorch_cvae.py[line:170] - INFO: ----------------------------No.180 epoch----------------------------
2022-12-12 14:54:01,929 - pytorch_cvae.py[line:177] - INFO: loss:2386.037536431686, numeric_loss:34.065584343765806, categorical_loss:2074.880271189788, kld_loss:346.3645920532872, epoch_train_time:44.361812566407025
2022-12-12 14:54:46,225 - pytorch_cvae.py[line:170] - INFO: ----------------------------No.181 epoch----------------------------
2022-12-12 14:54:46,225 - pytorch_cvae.py[line:177] - INFO: loss:2383.8815184695413, numeric_loss:33.986305962674436, categorical_loss:2084.9805102237733, kld_loss:331.1433706699172, epoch_train_time:44.29575581010431
2022-12-12 14:55:30,659 - pytorch_cvae.py[line:170] - INFO: ----------------------------No.182 epoch----------------------------
2022-12-12 14:55:30,660 - pytorch_cvae.py[line:177] - INFO: loss:2363.523996400996, numeric_loss:33.992402956421756, categorical_loss:2058.871063663217, kld_loss:338.3256502827862, epoch_train_time:44.434315274469554
2022-12-12 14:56:15,000 - pytorch_cvae.py[line:170] - INFO: ----------------------------No.183 epoch----------------------------
2022-12-12 14:56:15,000 - pytorch_cvae.py[line:177] - INFO: loss:2256.6129818023182, numeric_loss:34.12292676576527, categorical_loss:1980.6766053888132, kld_loss:302.26680598629173, epoch_train_time:44.340208229608834
2022-12-12 14:56:59,253 - pytorch_cvae.py[line:170] - INFO: ----------------------------No.184 epoch----------------------------
2022-12-12 14:56:59,253 - pytorch_cvae.py[line:177] - INFO: loss:2405.6979442398297, numeric_loss:34.121685110616625, categorical_loss:2093.104973511916, kld_loss:348.0890942272963, epoch_train_time:44.25260559655726
2022-12-12 14:57:43,407 - pytorch_cvae.py[line:170] - INFO: ----------------------------No.185 epoch----------------------------
2022-12-12 14:57:43,407 - pytorch_cvae.py[line:177] - INFO: loss:2284.577776274993, numeric_loss:33.95122284870092, categorical_loss:2016.9152226272854, kld_loss:292.1391579779447, epoch_train_time:44.15441404376179
2022-12-12 14:58:27,690 - pytorch_cvae.py[line:170] - INFO: ----------------------------No.186 epoch----------------------------
2022-12-12 14:58:27,690 - pytorch_cvae.py[line:177] - INFO: loss:2237.719988536963, numeric_loss:34.62572108966128, categorical_loss:1975.0752364272485, kld_loss:285.0237758898875, epoch_train_time:44.28257860057056
2022-12-12 14:59:12,014 - pytorch_cvae.py[line:170] - INFO: ----------------------------No.187 epoch----------------------------
2022-12-12 14:59:12,014 - pytorch_cvae.py[line:177] - INFO: loss:2245.6378503373708, numeric_loss:34.42544707308633, categorical_loss:1972.163354964985, kld_loss:298.8113002726459, epoch_train_time:44.32335735484958
2022-12-12 14:59:55,986 - pytorch_cvae.py[line:170] - INFO: ----------------------------No.188 epoch----------------------------
2022-12-12 14:59:55,986 - pytorch_cvae.py[line:177] - INFO: loss:2265.8094485995825, numeric_loss:34.08137521661928, categorical_loss:2001.617589856265, kld_loss:287.63809914293233, epoch_train_time:43.97199788875878
2022-12-12 15:00:40,157 - pytorch_cvae.py[line:170] - INFO: ----------------------------No.189 epoch----------------------------
2022-12-12 15:00:40,157 - pytorch_cvae.py[line:177] - INFO: loss:2286.3465412543737, numeric_loss:33.95297748355918, categorical_loss:2002.6120538501418, kld_loss:312.2268860497279, epoch_train_time:44.17056823987514
2022-12-12 15:01:24,311 - pytorch_cvae.py[line:170] - INFO: ----------------------------No.190 epoch----------------------------
2022-12-12 15:01:24,311 - pytorch_cvae.py[line:177] - INFO: loss:2474.395592639281, numeric_loss:34.413880830763276, categorical_loss:2141.938142572588, kld_loss:372.5544552587089, epoch_train_time:44.15451091900468
2022-12-12 15:02:08,592 - pytorch_cvae.py[line:170] - INFO: ----------------------------No.191 epoch----------------------------
2022-12-12 15:02:08,592 - pytorch_cvae.py[line:177] - INFO: loss:2468.785895292007, numeric_loss:34.07430592968586, categorical_loss:2119.1646602640976, kld_loss:394.43366301088827, epoch_train_time:44.28030856419355
2022-12-12 15:02:52,931 - pytorch_cvae.py[line:170] - INFO: ----------------------------No.192 epoch----------------------------
2022-12-12 15:02:52,931 - pytorch_cvae.py[line:177] - INFO: loss:2379.451741053548, numeric_loss:34.084364364742896, categorical_loss:2076.8279994576005, kld_loss:335.67422360403, epoch_train_time:44.338719182647765
2022-12-12 15:03:37,114 - pytorch_cvae.py[line:170] - INFO: ----------------------------No.193 epoch----------------------------
2022-12-12 15:03:37,114 - pytorch_cvae.py[line:177] - INFO: loss:2326.1452920936863, numeric_loss:34.28858329724193, categorical_loss:2039.7639636792592, kld_loss:315.1159272759687, epoch_train_time:44.18353228736669
2022-12-12 15:04:21,502 - pytorch_cvae.py[line:170] - INFO: ----------------------------No.194 epoch----------------------------
2022-12-12 15:04:21,502 - pytorch_cvae.py[line:177] - INFO: loss:2438.267451351043, numeric_loss:34.66864437067329, categorical_loss:2119.954852889932, kld_loss:354.55494398163864, epoch_train_time:44.387240308336914
2022-12-12 15:05:05,791 - pytorch_cvae.py[line:170] - INFO: ----------------------------No.195 epoch----------------------------
2022-12-12 15:05:05,791 - pytorch_cvae.py[line:177] - INFO: loss:2392.9856858401326, numeric_loss:34.333165038955826, categorical_loss:2136.784142427845, kld_loss:277.33546689449577, epoch_train_time:44.2887623840943
2022-12-12 15:05:50,116 - pytorch_cvae.py[line:170] - INFO: ----------------------------No.196 epoch----------------------------
2022-12-12 15:05:50,116 - pytorch_cvae.py[line:177] - INFO: loss:2362.6554286658065, numeric_loss:34.366511953680856, categorical_loss:2103.5644611686002, kld_loss:280.9055678721634, epoch_train_time:44.324782707728446
2022-12-12 15:06:34,638 - pytorch_cvae.py[line:170] - INFO: ----------------------------No.197 epoch----------------------------
2022-12-12 15:06:34,639 - pytorch_cvae.py[line:177] - INFO: loss:2350.3436912116595, numeric_loss:34.38521832159495, categorical_loss:2093.5163984500687, kld_loss:278.0525862239301, epoch_train_time:44.52264255937189
2022-12-12 15:07:19,055 - pytorch_cvae.py[line:170] - INFO: ----------------------------No.198 epoch----------------------------
2022-12-12 15:07:19,055 - pytorch_cvae.py[line:177] - INFO: loss:2492.9613588246866, numeric_loss:34.007190110838565, categorical_loss:2158.8309902877663, kld_loss:375.1539656582754, epoch_train_time:44.416459190659225
2022-12-12 15:08:03,409 - pytorch_cvae.py[line:170] - INFO: ----------------------------No.199 epoch----------------------------
2022-12-12 15:08:03,409 - pytorch_cvae.py[line:177] - INFO: loss:2303.2304113538703, numeric_loss:34.29390277550766, categorical_loss:2043.7061459940742, kld_loss:281.5379506464815, epoch_train_time:44.353419510647655
2022-12-12 15:08:47,791 - pytorch_cvae.py[line:170] - INFO: ----------------------------No.200 epoch----------------------------
2022-12-12 15:08:47,791 - pytorch_cvae.py[line:177] - INFO: loss:2515.168324061786, numeric_loss:33.97274268019021, categorical_loss:2248.141025538527, kld_loss:291.31819780392107, epoch_train_time:44.38204866461456
2022-12-12 15:08:47,791 - pytorch_cvae.py[line:186] - INFO: training time elapsed:8714.164530715905
2022-12-12 15:08:47,793 - model_utils.py[line:67] - INFO: save model successfully
2022-12-12 15:09:05,970 - pytorch_cvae.py[line:268] - INFO: train model time elapsed:8742.669011950493
2022-12-12 15:09:05,971 - dataset_utils.py[line:571] - INFO: load existing dataset(light):tpch20g-skew-nation_n_nationkey#n_name__n_nationkey_binary_mm_0
2022-12-12 15:09:05,977 - dataset_utils.py[line:580] - INFO: load dataset(light) time elapsed:0.00586551520973444
2022-12-12 15:09:05,977 - pytorch_cvae.py[line:280] - INFO: feature info:[('n_nationkey', 'categorical', 6), ('n_name', 'categorical', 6)]
2022-12-12 15:09:05,979 - model_utils.py[line:75] - INFO: load model name:torch_cvae_tpch20g-skew-nation_n_nationkey_ld100_id150_bs128_ep100_0_binary_mm
2022-12-12 15:09:05,985 - model_utils.py[line:86] - INFO: load torch model time elapsed:0.00529099628329277
2022-12-12 15:09:05,985 - pytorch_cvae.py[line:290] - INFO: load model time elapsed:0.014071260578930378
2022-12-12 15:09:05,985 - main.py[line:535] - INFO: multi_sampling No.0 epoch
2022-12-12 15:09:06,042 - pytorch_cvae.py[line:404] - INFO: sampling time:0.05611095204949379
2022-12-12 15:09:06,042 - dataset_utils.py[line:552] - INFO: load existing dataset:tpch20g-skew-nation_n_nationkey#n_name__n_nationkey_binary_mm_0
2022-12-12 15:09:06,044 - dataset_utils.py[line:564] - INFO: load dataset time elapsed:0.002117668278515339
2022-12-12 15:09:06,061 - main.py[line:519] - INFO: sample and aggregation time elapsed:0.07598356902599335
2022-12-12 15:09:06,065 - main.py[line:552] - INFO: sample time: 0.08022874593734741
2022-12-12 15:09:06,078 - main.py[line:99] - INFO: aqp result:
                avg(c_acctbal)  sum(c_acctbal)
n_name                                        
ALGERIA        2673.82         323163283.73   
ARGENTINA      2335.83         284578605.65   
BRAZIL         1550.55         184447725.70   
CANADA         1367.20         161273618.04   
CHINA          1874.52         224668877.16   
EGYPT          1983.51         243990583.85   
ETHIOPIA       1674.06         204975642.67   
FRANCE         1656.06         196048889.67   
GERMANY        1378.50         165561915.73   
INDIA          2634.63         328163307.20   
INDONESIA      1637.62         196966216.36   
IRAN           1424.97         168450227.69   
IRAQ           1652.67         198359465.40   
JAPAN          1437.86         171634346.14   
JORDAN         1507.01         179776869.98   
KENYA          1283.63         150777319.98   
MOROCCO        1457.38         174850521.35   
MOZAMBIQUE     2021.54         241977904.45   
PERU           1356.78         162651193.11   
ROMANIA        1648.49         197775421.18   
RUSSIA         1582.32         189695095.28   
SAUDI ARABIA   1286.78         153478799.67   
UNITED KINGDOM 1376.28         166090670.89   
UNITED STATES  1722.90         206880316.49   
VIETNAM        1352.85         159628338.80   
2022-12-12 15:09:06,081 - main.py[line:100] - INFO: ground truth:
                avg(c_acctbal)  sum(c_acctbal)
n_name                                        
ALGERIA        1708.45         204766270.24   
ARGENTINA      1713.71         205333222.54   
BRAZIL         1699.75         203895735.68   
CANADA         1699.74         203897208.37   
CHINA          1701.60         203943596.61   
EGYPT          1702.19         204277850.06   
ETHIOPIA       1705.55         205407855.93   
FRANCE         1708.09         205635151.07   
GERMANY        1705.05         204782150.22   
INDIA          1718.42         207081134.37   
INDONESIA      1698.79         204323618.81   
IRAN           1697.59         204078765.11   
IRAQ           1713.72         205687013.87   
JAPAN          1706.09         203652437.75   
JORDAN         1704.00         203276882.67   
KENYA          1718.46         205304902.07   
MOROCCO        1711.97         205394808.91   
MOZAMBIQUE     1711.33         204846644.54   
PERU           1702.16         204054720.79   
ROMANIA        1709.19         205058726.13   
RUSSIA         1712.54         205305662.90   
SAUDI ARABIA   1716.88         206513446.56   
UNITED KINGDOM 1702.23         205426283.41   
UNITED STATES  1717.20         206195911.89   
VIETNAM        1707.35         204900286.27   
2022-12-12 15:09:06,087 - main.py[line:564] - INFO: relative error:
                avg(c_acctbal)  sum(c_acctbal)
n_name                                        
ALGERIA        0.57            0.58           
ARGENTINA      0.36            0.39           
BRAZIL         0.09            0.10           
CANADA         0.20            0.21           
CHINA          0.10            0.10           
EGYPT          0.17            0.19           
ETHIOPIA       0.02            0.00           
FRANCE         0.03            0.05           
GERMANY        0.19            0.19           
INDIA          0.53            0.58           
INDONESIA      0.04            0.04           
IRAN           0.16            0.17           
IRAQ           0.04            0.04           
JAPAN          0.16            0.16           
JORDAN         0.12            0.12           
KENYA          0.25            0.27           
MOROCCO        0.15            0.15           
MOZAMBIQUE     0.18            0.18           
PERU           0.20            0.20           
ROMANIA        0.04            0.04           
RUSSIA         0.08            0.08           
SAUDI ARABIA   0.25            0.26           
UNITED KINGDOM 0.19            0.19           
UNITED STATES  0.00            0.00           
VIETNAM        0.21            0.22           
2022-12-12 15:09:06,089 - main.py[line:565] - INFO: relative error normalized:
                avg(c_acctbal)  sum(c_acctbal)
n_name                                        
ALGERIA        0.43            0.44           
ARGENTINA      0.30            0.32           
BRAZIL         0.08            0.09           
CANADA         0.18            0.19           
CHINA          0.10            0.10           
EGYPT          0.15            0.18           
ETHIOPIA       0.02            0.00           
FRANCE         0.03            0.05           
GERMANY        0.17            0.17           
INDIA          0.41            0.44           
INDONESIA      0.04            0.04           
IRAN           0.15            0.16           
IRAQ           0.03            0.03           
JAPAN          0.15            0.15           
JORDAN         0.11            0.11           
KENYA          0.22            0.23           
MOROCCO        0.14            0.14           
MOZAMBIQUE     0.17            0.17           
PERU           0.18            0.18           
ROMANIA        0.03            0.03           
RUSSIA         0.07            0.07           
SAUDI ARABIA   0.22            0.23           
UNITED KINGDOM 0.17            0.17           
UNITED STATES  0.00            0.00           
VIETNAM        0.19            0.20           
2022-12-12 15:09:06,089 - main.py[line:568] - INFO: relative error average: 0.1759730023562699
2022-12-12 15:09:06,089 - main.py[line:569] - INFO: relative error normalized average: 0.15310718948707533
2022-12-12 15:09:06,092 - main.py[line:615] - INFO: total_time:8742.791469406337
