main.py:19: FutureWarning: Passing a negative integer is deprecated in version 1.0 and will not be supported in future version. Instead, use None to not limit the column width.
  pd.set_option('max_colwidth', -1)
2022-07-09 15:00:50,750 - main.py[line:581] - INFO: load query config config/query/sales_join_store.json successfully
2022-07-09 15:00:50,750 - main.py[line:588] - INFO: load train config ./config/train/tpcds_ssales_store_torch_cvae.json successfully
2022-07-09 15:00:50,750 - main.py[line:588] - INFO: load train config ./config/train/tpcds_store_torch_cvae.json successfully
2022-07-09 15:00:50,750 - dataset_utils.py[line:567] - INFO: load existing dataset(light):tpcds-06667g-ssales_store_ss_store_sk_ss_wholesale_cost#ss_list_price#ss_sales_price#ss_ext_sales_price_ss_store_sk_binary_gaussian5_0
2022-07-09 15:00:51,475 - dataset_utils.py[line:576] - INFO: load dataset(light) time elapsed:0.724877405911684
2022-07-09 15:00:51,475 - pytorch_cvae.py[line:276] - INFO: feature info:[('ss_wholesale_cost', 'numerical', 6), ('ss_list_price', 'numerical', 6), ('ss_sales_price', 'numerical', 6), ('ss_ext_sales_price', 'numerical', 6), ('ss_store_sk', 'categorical', 4)]
2022-07-09 15:00:51,476 - model_utils.py[line:75] - INFO: load model name:torch_cvae_tpcds-06667g-ssales_store_ss_store_sk_ld100_id100_bs512_ep150_0_binary_gaussian5
2022-07-09 15:00:53,531 - model_utils.py[line:86] - INFO: load torch model time elapsed:2.0548574402928352
2022-07-09 15:00:53,531 - pytorch_cvae.py[line:286] - INFO: load model time elapsed:2.7813298776745796
2022-07-09 15:00:53,531 - dataset_utils.py[line:567] - INFO: load existing dataset(light):tpcds-06667g-store_s_store_sk#s_store_name__s_store_sk#s_store_name_binary_gaussian5_0
2022-07-09 15:00:53,533 - dataset_utils.py[line:576] - INFO: load dataset(light) time elapsed:0.0015411749482154846
2022-07-09 15:00:53,533 - pytorch_cvae.py[line:276] - INFO: feature info:[('s_store_sk', 'categorical', 5), ('s_store_name', 'categorical', 4)]
2022-07-09 15:00:53,534 - model_utils.py[line:75] - INFO: load model name:torch_cvae_tpcds-06667g-store_s_store_sk_s_store_name_ld100_id150_bs128_ep100_0_binary_gaussian5
2022-07-09 15:00:53,535 - model_utils.py[line:86] - INFO: load torch model time elapsed:0.001455657184123993
2022-07-09 15:00:53,535 - pytorch_cvae.py[line:286] - INFO: load model time elapsed:0.003783412277698517
2022-07-09 15:00:53,535 - main.py[line:525] - INFO: multi_sampling No.0 epoch
2022-07-09 15:00:53,536 - pytorch_cvae.py[line:419] - INFO: house sampling rate:0.006
2022-07-09 15:00:53,536 - main.py[line:525] - INFO: multi_sampling No.1 epoch
2022-07-09 15:00:53,540 - pytorch_cvae.py[line:419] - INFO: house sampling rate:0.006
2022-07-09 15:00:53,541 - main.py[line:525] - INFO: multi_sampling No.2 epoch
2022-07-09 15:00:53,542 - pytorch_cvae.py[line:419] - INFO: house sampling rate:0.006
2022-07-09 15:00:54,084 - pytorch_cvae.py[line:399] - INFO: sampling time:0.5423469766974449
2022-07-09 15:00:54,151 - dataset_utils.py[line:548] - INFO: load existing dataset:tpcds-06667g-store_s_store_sk#s_store_name__s_store_sk#s_store_name_binary_gaussian5_0
2022-07-09 15:00:54,154 - dataset_utils.py[line:560] - INFO: load dataset time elapsed:0.002543635666370392
2022-07-09 15:00:54,251 - main.py[line:509] - INFO: sample and aggregation time elapsed:0.710413996130228
2022-07-09 15:00:54,262 - pytorch_cvae.py[line:399] - INFO: sampling time:0.7190928608179092
2022-07-09 15:00:54,327 - pytorch_cvae.py[line:399] - INFO: sampling time:0.7910201512277126
2022-07-09 15:00:54,437 - dataset_utils.py[line:548] - INFO: load existing dataset:tpcds-06667g-store_s_store_sk#s_store_name__s_store_sk#s_store_name_binary_gaussian5_0
2022-07-09 15:00:54,454 - dataset_utils.py[line:560] - INFO: load dataset time elapsed:0.01709430292248726
2022-07-09 15:00:54,548 - dataset_utils.py[line:548] - INFO: load existing dataset:tpcds-06667g-store_s_store_sk#s_store_name__s_store_sk#s_store_name_binary_gaussian5_0
2022-07-09 15:00:54,555 - main.py[line:509] - INFO: sample and aggregation time elapsed:1.0128705762326717
2022-07-09 15:00:54,562 - dataset_utils.py[line:560] - INFO: load dataset time elapsed:0.013851508498191833
2022-07-09 15:00:54,606 - main.py[line:509] - INFO: sample and aggregation time elapsed:1.0704484768211842
2022-07-09 15:00:54,610 - main.py[line:542] - INFO: sample time: 1.0751040056347847
2022-07-09 15:00:54,626 - main.py[line:99] - INFO: aqp result:
              avg(ss_wholesale_cost)  avg(ss_list_price)  avg(ss_sales_price)  \
s_store_name                                                                    
able         51.17                   75.43               39.14                  
ation        51.22                   75.63               39.30                  
bar          50.59                   74.31               38.11                  
eing         50.86                   74.93               38.26                  
ese          50.63                   74.36               38.36                  
ought        51.26                   75.70               39.10                  

              avg(ss_ext_sales_price)  sum(ss_wholesale_cost)  \
s_store_name                                                    
able         1879.04                  14905531.03               
ation        1885.64                  14885052.69               
bar          1832.30                  14773576.39               
eing         1837.63                  14843363.20               
ese          1874.58                  14777606.68               
ought        1932.36                  14878342.64               

              sum(ss_list_price)  sum(ss_sales_price)  sum(ss_ext_sales_price)  
s_store_name                                                                    
able         21974447.05         11400934.44          547393935.62              
ation        21981141.06         11420763.45          548013829.93              
bar          21698283.63         11128140.31          535032193.53              
eing         21867957.48         11165270.65          536268964.52              
ese          21705902.51         11197002.56          547164898.15              
ought        21970743.57         11346406.06          560820184.85              
2022-07-09 15:00:54,630 - main.py[line:100] - INFO: ground truth:
              avg(ss_wholesale_cost)  avg(ss_list_price)  avg(ss_sales_price)  \
s_store_name                                                                    
able         50.61                   75.94               38.01                  
ation        50.49                   75.73               37.84                  
bar          50.44                   75.60               37.82                  
eing         50.51                   75.74               37.90                  
ese          50.45                   75.68               37.84                  
ought        50.53                   75.81               37.86                  

              avg(ss_ext_sales_price)  sum(ss_wholesale_cost)  \
s_store_name                                                    
able         1926.73                  14788342.66               
ation        1912.60                  14719970.91               
bar          1908.59                  14772426.13               
eing         1914.34                  14780997.94               
ese          1909.48                  14773197.68               
ought        1914.89                  14711080.58               

              sum(ss_list_price)  sum(ss_sales_price)  sum(ss_ext_sales_price)  
s_store_name                                                                    
able         22192137.70         11106136.78          563027468.51              
ation        22077941.50         11030756.51          557588392.87              
bar          22140203.25         11076479.69          558936632.49              
eing         22164691.16         11090655.80          560240592.93              
ese          22160987.02         11079587.87          559161564.93              
ought        22070501.42         11022022.19          557483004.15              
2022-07-09 15:00:54,637 - main.py[line:550] - INFO: relative error:
              avg(ss_wholesale_cost)  avg(ss_list_price)  avg(ss_sales_price)  \
s_store_name                                                                    
able         0.01                    0.01                0.03                   
ation        0.01                    0.00                0.04                   
bar          0.00                    0.02                0.01                   
eing         0.01                    0.01                0.01                   
ese          0.00                    0.02                0.01                   
ought        0.01                    0.00                0.03                   

              avg(ss_ext_sales_price)  sum(ss_wholesale_cost)  \
s_store_name                                                    
able         0.02                     0.01                      
ation        0.01                     0.01                      
bar          0.04                     0.00                      
eing         0.04                     0.00                      
ese          0.02                     0.00                      
ought        0.01                     0.01                      

              sum(ss_list_price)  sum(ss_sales_price)  sum(ss_ext_sales_price)  
s_store_name                                                                    
able         0.01                0.03                 0.03                      
ation        0.00                0.04                 0.02                      
bar          0.02                0.00                 0.04                      
eing         0.01                0.01                 0.04                      
ese          0.02                0.01                 0.02                      
ought        0.00                0.03                 0.01                      
2022-07-09 15:00:54,639 - main.py[line:551] - INFO: relative error normalized:
              avg(ss_wholesale_cost)  avg(ss_list_price)  avg(ss_sales_price)  \
s_store_name                                                                    
able         0.01                    0.01                0.03                   
ation        0.01                    0.00                0.04                   
bar          0.00                    0.02                0.01                   
eing         0.01                    0.01                0.01                   
ese          0.00                    0.02                0.01                   
ought        0.01                    0.00                0.03                   

              avg(ss_ext_sales_price)  sum(ss_wholesale_cost)  \
s_store_name                                                    
able         0.02                     0.01                      
ation        0.01                     0.01                      
bar          0.04                     0.00                      
eing         0.04                     0.00                      
ese          0.02                     0.00                      
ought        0.01                     0.01                      

              sum(ss_list_price)  sum(ss_sales_price)  sum(ss_ext_sales_price)  
s_store_name                                                                    
able         0.01                0.03                 0.03                      
ation        0.00                0.03                 0.02                      
bar          0.02                0.00                 0.04                      
eing         0.01                0.01                 0.04                      
ese          0.02                0.01                 0.02                      
ought        0.00                0.03                 0.01                      
2022-07-09 15:00:54,639 - main.py[line:554] - INFO: relative error average: 0.015943700940865415
2022-07-09 15:00:54,639 - main.py[line:555] - INFO: relative error normalized average: 0.01574502674956362
2022-07-09 15:00:54,642 - main.py[line:601] - INFO: total_time:3.892049662768841
categorical_columns: ['ss_store_sk_0', 'ss_store_sk_1', 'ss_store_sk_2', 'ss_store_sk_3']
categorical_columns: ['ss_store_sk_0', 'ss_store_sk_1', 'ss_store_sk_2', 'ss_store_sk_3']
categorical_columns: ['ss_store_sk_0', 'ss_store_sk_1', 'ss_store_sk_2', 'ss_store_sk_3']
