main.py:19: FutureWarning: Passing a negative integer is deprecated in version 1.0 and will not be supported in future version. Instead, use None to not limit the column width.
  pd.set_option('max_colwidth', -1)
2022-07-09 15:01:39,393 - main.py[line:581] - INFO: load query config config/query/sales_join_store.json successfully
2022-07-09 15:01:39,393 - main.py[line:588] - INFO: load train config ./config/train/tpcds_ssales_store_torch_cvae.json successfully
2022-07-09 15:01:39,393 - main.py[line:588] - INFO: load train config ./config/train/tpcds_store_torch_cvae.json successfully
2022-07-09 15:01:39,393 - dataset_utils.py[line:567] - INFO: load existing dataset(light):tpcds-06667g-ssales_store_ss_store_sk_ss_wholesale_cost#ss_list_price#ss_sales_price#ss_ext_sales_price_ss_store_sk_binary_gaussian5_0
2022-07-09 15:01:40,114 - dataset_utils.py[line:576] - INFO: load dataset(light) time elapsed:0.7207962647080421
2022-07-09 15:01:40,114 - pytorch_cvae.py[line:276] - INFO: feature info:[('ss_wholesale_cost', 'numerical', 6), ('ss_list_price', 'numerical', 6), ('ss_sales_price', 'numerical', 6), ('ss_ext_sales_price', 'numerical', 6), ('ss_store_sk', 'categorical', 4)]
2022-07-09 15:01:40,115 - model_utils.py[line:75] - INFO: load model name:torch_cvae_tpcds-06667g-ssales_store_ss_store_sk_ld100_id100_bs512_ep150_0_binary_gaussian5
2022-07-09 15:01:42,168 - model_utils.py[line:86] - INFO: load torch model time elapsed:2.053042735904455
2022-07-09 15:01:42,168 - pytorch_cvae.py[line:286] - INFO: load model time elapsed:2.775428395718336
2022-07-09 15:01:42,168 - dataset_utils.py[line:567] - INFO: load existing dataset(light):tpcds-06667g-store_s_store_sk#s_store_name__s_store_sk#s_store_name_binary_gaussian5_0
2022-07-09 15:01:42,170 - dataset_utils.py[line:576] - INFO: load dataset(light) time elapsed:0.0015452392399311066
2022-07-09 15:01:42,170 - pytorch_cvae.py[line:276] - INFO: feature info:[('s_store_sk', 'categorical', 5), ('s_store_name', 'categorical', 4)]
2022-07-09 15:01:42,171 - model_utils.py[line:75] - INFO: load model name:torch_cvae_tpcds-06667g-store_s_store_sk_s_store_name_ld100_id150_bs128_ep100_0_binary_gaussian5
2022-07-09 15:01:42,172 - model_utils.py[line:86] - INFO: load torch model time elapsed:0.001442834734916687
2022-07-09 15:01:42,172 - pytorch_cvae.py[line:286] - INFO: load model time elapsed:0.0037504397332668304
2022-07-09 15:01:42,172 - main.py[line:525] - INFO: multi_sampling No.0 epoch
2022-07-09 15:01:42,173 - pytorch_cvae.py[line:419] - INFO: house sampling rate:0.009000000000000001
2022-07-09 15:01:42,173 - main.py[line:525] - INFO: multi_sampling No.1 epoch
2022-07-09 15:01:42,177 - pytorch_cvae.py[line:419] - INFO: house sampling rate:0.009000000000000001
2022-07-09 15:01:42,179 - main.py[line:525] - INFO: multi_sampling No.2 epoch
2022-07-09 15:01:42,179 - pytorch_cvae.py[line:419] - INFO: house sampling rate:0.009000000000000001
2022-07-09 15:01:42,720 - pytorch_cvae.py[line:399] - INFO: sampling time:0.5421842746436596
2022-07-09 15:01:42,817 - dataset_utils.py[line:548] - INFO: load existing dataset:tpcds-06667g-store_s_store_sk#s_store_name__s_store_sk#s_store_name_binary_gaussian5_0
2022-07-09 15:01:42,828 - dataset_utils.py[line:560] - INFO: load dataset time elapsed:0.010252121835947037
2022-07-09 15:01:42,927 - pytorch_cvae.py[line:399] - INFO: sampling time:0.7473304942250252
2022-07-09 15:01:43,017 - pytorch_cvae.py[line:399] - INFO: sampling time:0.8443419560790062
2022-07-09 15:01:43,114 - main.py[line:509] - INFO: sample and aggregation time elapsed:0.9365665502846241
2022-07-09 15:01:43,316 - dataset_utils.py[line:548] - INFO: load existing dataset:tpcds-06667g-store_s_store_sk#s_store_name__s_store_sk#s_store_name_binary_gaussian5_0
2022-07-09 15:01:43,331 - dataset_utils.py[line:560] - INFO: load dataset time elapsed:0.014857318252325058
2022-07-09 15:01:43,384 - dataset_utils.py[line:548] - INFO: load existing dataset:tpcds-06667g-store_s_store_sk#s_store_name__s_store_sk#s_store_name_binary_gaussian5_0
2022-07-09 15:01:43,396 - dataset_utils.py[line:560] - INFO: load dataset time elapsed:0.012381326407194138
2022-07-09 15:01:43,427 - main.py[line:509] - INFO: sample and aggregation time elapsed:1.2485669553279877
2022-07-09 15:01:43,477 - main.py[line:509] - INFO: sample and aggregation time elapsed:1.3050846494734287
2022-07-09 15:01:43,482 - main.py[line:542] - INFO: sample time: 1.3097794204950333
2022-07-09 15:01:43,497 - main.py[line:99] - INFO: aqp result:
              avg(ss_wholesale_cost)  avg(ss_list_price)  avg(ss_sales_price)  \
s_store_name                                                                    
able         50.74                   75.07               38.87                  
ation        51.10                   75.67               39.35                  
bar          51.55                   76.33               38.82                  
eing         50.90                   74.92               38.15                  
ese          51.22                   75.16               38.83                  
ought        51.17                   74.82               38.62                  

              avg(ss_ext_sales_price)  sum(ss_wholesale_cost)  \
s_store_name                                                    
able         1902.58                  14780338.46               
ation        1892.96                  14850362.44               
bar          1888.11                  15053076.43               
eing         1829.81                  14853203.96               
ese          1873.77                  14949566.67               
ought        1893.29                  14852019.89               

              sum(ss_list_price)  sum(ss_sales_price)  sum(ss_ext_sales_price)  
s_store_name                                                                    
able         21868559.11         11324777.77          554248652.05              
ation        21990243.38         11436747.55          550142678.40              
bar          22287423.13         11336520.36          551327724.98              
eing         21864855.05         11132466.92          533989037.44              
ese          21939343.01         11332715.90          546927787.62              
ought        21713293.68         11207392.20          549483045.94              
2022-07-09 15:01:43,501 - main.py[line:100] - INFO: ground truth:
              avg(ss_wholesale_cost)  avg(ss_list_price)  avg(ss_sales_price)  \
s_store_name                                                                    
able         50.61                   75.94               38.01                  
ation        50.49                   75.73               37.84                  
bar          50.44                   75.60               37.82                  
eing         50.51                   75.74               37.90                  
ese          50.45                   75.68               37.84                  
ought        50.53                   75.81               37.86                  

              avg(ss_ext_sales_price)  sum(ss_wholesale_cost)  \
s_store_name                                                    
able         1926.73                  14788342.66               
ation        1912.60                  14719970.91               
bar          1908.59                  14772426.13               
eing         1914.34                  14780997.94               
ese          1909.48                  14773197.68               
ought        1914.89                  14711080.58               

              sum(ss_list_price)  sum(ss_sales_price)  sum(ss_ext_sales_price)  
s_store_name                                                                    
able         22192137.70         11106136.78          563027468.51              
ation        22077941.50         11030756.51          557588392.87              
bar          22140203.25         11076479.69          558936632.49              
eing         22164691.16         11090655.80          560240592.93              
ese          22160987.02         11079587.87          559161564.93              
ought        22070501.42         11022022.19          557483004.15              
2022-07-09 15:01:43,508 - main.py[line:550] - INFO: relative error:
              avg(ss_wholesale_cost)  avg(ss_list_price)  avg(ss_sales_price)  \
s_store_name                                                                    
able         0.00                    0.01                0.02                   
ation        0.01                    0.00                0.04                   
bar          0.02                    0.01                0.03                   
eing         0.01                    0.01                0.01                   
ese          0.02                    0.01                0.03                   
ought        0.01                    0.01                0.02                   

              avg(ss_ext_sales_price)  sum(ss_wholesale_cost)  \
s_store_name                                                    
able         0.01                     0.00                      
ation        0.01                     0.01                      
bar          0.01                     0.02                      
eing         0.04                     0.00                      
ese          0.02                     0.01                      
ought        0.01                     0.01                      

              sum(ss_list_price)  sum(ss_sales_price)  sum(ss_ext_sales_price)  
s_store_name                                                                    
able         0.01                0.02                 0.02                      
ation        0.00                0.04                 0.01                      
bar          0.01                0.02                 0.01                      
eing         0.01                0.00                 0.05                      
ese          0.01                0.02                 0.02                      
ought        0.02                0.02                 0.01                      
2022-07-09 15:01:43,511 - main.py[line:551] - INFO: relative error normalized:
              avg(ss_wholesale_cost)  avg(ss_list_price)  avg(ss_sales_price)  \
s_store_name                                                                    
able         0.00                    0.01                0.02                   
ation        0.01                    0.00                0.04                   
bar          0.02                    0.01                0.03                   
eing         0.01                    0.01                0.01                   
ese          0.02                    0.01                0.03                   
ought        0.01                    0.01                0.02                   

              avg(ss_ext_sales_price)  sum(ss_wholesale_cost)  \
s_store_name                                                    
able         0.01                     0.00                      
ation        0.01                     0.01                      
bar          0.01                     0.02                      
eing         0.04                     0.00                      
ese          0.02                     0.01                      
ought        0.01                     0.01                      

              sum(ss_list_price)  sum(ss_sales_price)  sum(ss_ext_sales_price)  
s_store_name                                                                    
able         0.01                0.02                 0.02                      
ation        0.00                0.04                 0.01                      
bar          0.01                0.02                 0.01                      
eing         0.01                0.00                 0.05                      
ese          0.01                0.02                 0.02                      
ought        0.02                0.02                 0.01                      
2022-07-09 15:01:43,511 - main.py[line:554] - INFO: relative error average: 0.01548783666491107
2022-07-09 15:01:43,511 - main.py[line:555] - INFO: relative error normalized average: 0.015317399598462953
2022-07-09 15:01:43,513 - main.py[line:601] - INFO: total_time:4.120875187218189
categorical_columns: ['ss_store_sk_0', 'ss_store_sk_1', 'ss_store_sk_2', 'ss_store_sk_3']
categorical_columns: ['ss_store_sk_0', 'ss_store_sk_1', 'ss_store_sk_2', 'ss_store_sk_3']
categorical_columns: ['ss_store_sk_0', 'ss_store_sk_1', 'ss_store_sk_2', 'ss_store_sk_3']
