main.py:19: FutureWarning: Passing a negative integer is deprecated in version 1.0 and will not be supported in future version. Instead, use None to not limit the column width.
  pd.set_option('max_colwidth', -1)
2022-07-07 18:09:21,919 - main.py[line:581] - INFO: load query config config/query/census.json successfully
2022-07-07 18:09:21,919 - main.py[line:588] - INFO: load train config ./config/train/census_a_torch_cvae.json successfully
2022-07-07 18:09:21,919 - main.py[line:588] - INFO: load train config ./config/train/census_b_torch_cvae.json successfully
2022-07-07 18:09:21,919 - dataset_utils.py[line:567] - INFO: load existing dataset(light):census-adult-a_a_education_num_a_fnlwgt#a_age#a_hours_per_week_a_education_num_binary_gaussian5_0
2022-07-07 18:09:21,997 - dataset_utils.py[line:576] - INFO: load dataset(light) time elapsed:0.07787048444151878
2022-07-07 18:09:21,997 - pytorch_cvae.py[line:276] - INFO: feature info:[('a_fnlwgt', 'numerical', 6), ('a_age', 'numerical', 6), ('a_hours_per_week', 'numerical', 6), ('a_education_num', 'categorical', 5)]
2022-07-07 18:09:21,998 - model_utils.py[line:75] - INFO: load model name:torch_cvae_census-adult-a_a_education_num_ld50_id100_bs512_ep100_0_binary_gaussian5
2022-07-07 18:09:24,044 - model_utils.py[line:86] - INFO: load torch model time elapsed:2.0454328767955303
2022-07-07 18:09:24,044 - pytorch_cvae.py[line:286] - INFO: load model time elapsed:2.1248056553304195
2022-07-07 18:09:24,044 - dataset_utils.py[line:567] - INFO: load existing dataset(light):census-adult-b_b_education_num__b_education_num_binary_gaussian5_0
2022-07-07 18:09:24,053 - dataset_utils.py[line:576] - INFO: load dataset(light) time elapsed:0.009087484329938889
2022-07-07 18:09:24,053 - pytorch_cvae.py[line:276] - INFO: feature info:[('b_education_num', 'categorical', 5)]
2022-07-07 18:09:24,054 - model_utils.py[line:75] - INFO: load model name:torch_cvae_census-adult-b_b_education_num_ld50_id100_bs512_ep100_0_binary_gaussian5
2022-07-07 18:09:24,055 - model_utils.py[line:86] - INFO: load torch model time elapsed:0.0013953372836112976
2022-07-07 18:09:24,055 - pytorch_cvae.py[line:286] - INFO: load model time elapsed:0.01121610403060913
2022-07-07 18:09:24,055 - main.py[line:525] - INFO: multi_sampling No.0 epoch
2022-07-07 18:09:24,615 - pytorch_cvae.py[line:399] - INFO: sampling time:0.5589940883219242
2022-07-07 18:09:24,720 - pytorch_cvae.py[line:419] - INFO: house sampling rate:0.05
2022-07-07 18:09:24,747 - pytorch_cvae.py[line:399] - INFO: sampling time:0.026127871125936508
2022-07-07 18:09:26,171 - main.py[line:509] - INFO: sample and aggregation time elapsed:2.1153129525482655
2022-07-07 18:09:26,174 - main.py[line:542] - INFO: sample time: 2.1189225874841213
2022-07-07 18:09:26,205 - main.py[line:550] - INFO: relative error:
                 avg(a_age)  avg(a_fnlwgt)  avg(a_hours_per_week)  sum(a_age)  \
a_education_num                                                                 
1               0.00        0.05           0.01                   0.00          
2               0.01        0.04           0.04                   0.01          
3               0.01        0.02           0.01                   0.01          
4               0.00        0.03           0.00                   0.00          
5               0.01        0.05           0.01                   0.01          
6               0.01        0.03           0.02                   0.01          
7               0.02        0.02           0.00                   0.02          
8               0.00        0.04           0.02                   0.00          
9               0.01        0.01           0.00                   0.01          
10              0.00        0.04           0.00                   0.01          
11              0.01        0.06           0.00                   0.01          
12              0.02        0.05           0.01                   0.02          
13              0.01        0.07           0.01                   0.01          
14              0.01        0.03           0.01                   0.01          
15              0.02        0.04           0.01                   0.02          
16              0.00        0.03           0.00                   0.00          

                 sum(a_fnlwgt)  sum(a_hours_per_week)  
a_education_num                                        
1               0.05           0.01                    
2               0.04           0.04                    
3               0.02           0.01                    
4               0.03           0.00                    
5               0.05           0.01                    
6               0.03           0.02                    
7               0.02           0.00                    
8               0.04           0.02                    
9               0.02           0.00                    
10              0.04           0.00                    
11              0.06           0.00                    
12              0.05           0.01                    
13              0.07           0.01                    
14              0.04           0.01                    
15              0.04           0.01                    
16              0.03           0.00                    
2022-07-07 18:09:26,205 - main.py[line:554] - INFO: relative error average: 0.02018731310590199
2022-07-07 18:09:26,206 - main.py[line:555] - INFO: relative error normalized average: 0.01984267181459384
2022-07-07 18:09:26,206 - main.py[line:601] - INFO: total_time:4.287104584276676
categorical_columns: ['a_education_num_0', 'a_education_num_1', 'a_education_num_2', 'a_education_num_3', 'a_education_num_4']
categorical_columns: ['b_education_num_0', 'b_education_num_1', 'b_education_num_2', 'b_education_num_3', 'b_education_num_4']
