main.py:19: FutureWarning: Passing a negative integer is deprecated in version 1.0 and will not be supported in future version. Instead, use None to not limit the column width.
  pd.set_option('max_colwidth', -1)
2022-07-07 18:09:29,128 - main.py[line:581] - INFO: load query config config/query/census.json successfully
2022-07-07 18:09:29,128 - main.py[line:588] - INFO: load train config ./config/train/census_a_torch_cvae.json successfully
2022-07-07 18:09:29,129 - main.py[line:588] - INFO: load train config ./config/train/census_b_torch_cvae.json successfully
2022-07-07 18:09:29,129 - dataset_utils.py[line:567] - INFO: load existing dataset(light):census-adult-a_a_education_num_a_fnlwgt#a_age#a_hours_per_week_a_education_num_binary_gaussian5_0
2022-07-07 18:09:29,206 - dataset_utils.py[line:576] - INFO: load dataset(light) time elapsed:0.07761480659246445
2022-07-07 18:09:29,206 - pytorch_cvae.py[line:276] - INFO: feature info:[('a_fnlwgt', 'numerical', 6), ('a_age', 'numerical', 6), ('a_hours_per_week', 'numerical', 6), ('a_education_num', 'categorical', 5)]
2022-07-07 18:09:29,208 - model_utils.py[line:75] - INFO: load model name:torch_cvae_census-adult-a_a_education_num_ld50_id100_bs512_ep100_0_binary_gaussian5
2022-07-07 18:09:31,250 - model_utils.py[line:86] - INFO: load torch model time elapsed:2.042415801435709
2022-07-07 18:09:31,250 - pytorch_cvae.py[line:286] - INFO: load model time elapsed:2.121508702635765
2022-07-07 18:09:31,250 - dataset_utils.py[line:567] - INFO: load existing dataset(light):census-adult-b_b_education_num__b_education_num_binary_gaussian5_0
2022-07-07 18:09:31,258 - dataset_utils.py[line:576] - INFO: load dataset(light) time elapsed:0.00838630273938179
2022-07-07 18:09:31,259 - pytorch_cvae.py[line:276] - INFO: feature info:[('b_education_num', 'categorical', 5)]
2022-07-07 18:09:31,259 - model_utils.py[line:75] - INFO: load model name:torch_cvae_census-adult-b_b_education_num_ld50_id100_bs512_ep100_0_binary_gaussian5
2022-07-07 18:09:31,261 - model_utils.py[line:86] - INFO: load torch model time elapsed:0.001359693706035614
2022-07-07 18:09:31,261 - pytorch_cvae.py[line:286] - INFO: load model time elapsed:0.010477028787136078
2022-07-07 18:09:31,261 - main.py[line:525] - INFO: multi_sampling No.0 epoch
2022-07-07 18:09:31,809 - pytorch_cvae.py[line:399] - INFO: sampling time:0.5482941828668118
2022-07-07 18:09:31,915 - pytorch_cvae.py[line:419] - INFO: house sampling rate:0.05
2022-07-07 18:09:31,941 - pytorch_cvae.py[line:399] - INFO: sampling time:0.025752827525138855
2022-07-07 18:09:33,370 - main.py[line:509] - INFO: sample and aggregation time elapsed:2.109194464981556
2022-07-07 18:09:33,373 - main.py[line:542] - INFO: sample time: 2.1127922236919403
2022-07-07 18:09:33,403 - main.py[line:550] - INFO: relative error:
                 avg(a_age)  avg(a_fnlwgt)  avg(a_hours_per_week)  sum(a_age)  \
a_education_num                                                                 
1               0.01        0.02           0.02                   0.01          
2               0.01        0.04           0.03                   0.01          
3               0.02        0.04           0.02                   0.02          
4               0.00        0.06           0.00                   0.00          
5               0.01        0.04           0.01                   0.01          
6               0.02        0.05           0.01                   0.02          
7               0.01        0.01           0.01                   0.01          
8               0.01        0.03           0.02                   0.01          
9               0.00        0.05           0.00                   0.00          
10              0.01        0.06           0.00                   0.01          
11              0.01        0.04           0.00                   0.01          
12              0.01        0.03           0.00                   0.01          
13              0.01        0.02           0.00                   0.01          
14              0.01        0.02           0.02                   0.01          
15              0.02        0.04           0.02                   0.02          
16              0.02        0.03           0.02                   0.02          

                 sum(a_fnlwgt)  sum(a_hours_per_week)  
a_education_num                                        
1               0.02           0.02                    
2               0.04           0.03                    
3               0.04           0.02                    
4               0.06           0.00                    
5               0.04           0.01                    
6               0.05           0.01                    
7               0.02           0.01                    
8               0.03           0.02                    
9               0.05           0.00                    
10              0.06           0.00                    
11              0.04           0.00                    
12              0.03           0.00                    
13              0.02           0.00                    
14              0.02           0.02                    
15              0.04           0.02                    
16              0.03           0.01                    
2022-07-07 18:09:33,404 - main.py[line:554] - INFO: relative error average: 0.019348241764432336
2022-07-07 18:09:33,404 - main.py[line:555] - INFO: relative error normalized average: 0.01904338216520213
2022-07-07 18:09:33,404 - main.py[line:601] - INFO: total_time:4.2755496092140675
categorical_columns: ['a_education_num_0', 'a_education_num_1', 'a_education_num_2', 'a_education_num_3', 'a_education_num_4']
categorical_columns: ['b_education_num_0', 'b_education_num_1', 'b_education_num_2', 'b_education_num_3', 'b_education_num_4']
