main.py:19: FutureWarning: Passing a negative integer is deprecated in version 1.0 and will not be supported in future version. Instead, use None to not limit the column width.
  pd.set_option('max_colwidth', -1)
2023-06-26 00:33:18,066 - main.py[line:642] - INFO: load query config config/tpcds_whole/query/sql13.json successfully
2023-06-26 00:33:18,066 - main.py[line:649] - INFO: load train config ./config/tpcds_whole/train/13_store_sales.json successfully
2023-06-26 00:33:18,066 - main.py[line:649] - INFO: load train config ./config/tpcds_whole/train/70_store.json successfully
2023-06-26 00:33:18,066 - main.py[line:649] - INFO: load train config ./config/tpcds_whole/train/3_date_dim.json successfully
2023-06-26 00:33:18,066 - main.py[line:649] - INFO: load train config ./config/tpcds_whole/train/13_household_demographics.json successfully
2023-06-26 00:33:18,066 - main.py[line:649] - INFO: load train config ./config/tpcds_whole/train/13_customer_demographics.json successfully
2023-06-26 00:33:18,066 - main.py[line:649] - INFO: load train config ./config/tpcds_whole/train/94_customer_address.json successfully
2023-06-26 00:33:18,066 - pytorch_cvae.py[line:249] - INFO: epoch:150
2023-06-26 00:33:18,066 - pytorch_cvae.py[line:250] - INFO: batch size:256
2023-06-26 00:33:18,066 - pytorch_cvae.py[line:251] - INFO: latent dimension:100
2023-06-26 00:33:18,066 - pytorch_cvae.py[line:252] - INFO: intermediate dimension:100
2023-06-26 00:33:18,066 - pytorch_cvae.py[line:253] - INFO: gpu num:0
2023-06-26 00:33:18,066 - dataset_utils.py[line:566] - INFO: load existing dataset:13-store_sales_ss_store_sk#ss_sold_date_sk#ss_hdemo_sk#ss_cdemo_sk#ss_addr_sk_ss_quantity#ss_ext_sales_price#ss_ext_wholesale_cost_ss_sold_date_sk_binary_mm_0
2023-06-26 00:33:24,702 - dataset_utils.py[line:578] - INFO: load dataset time elapsed:6.636049569118768
2023-06-26 00:33:24,702 - pytorch_cvae.py[line:258] - INFO: feature info:[('ss_quantity', 'numerical', 1), ('ss_ext_sales_price', 'numerical', 1), ('ss_ext_wholesale_cost', 'numerical', 1), ('ss_store_sk', 'categorical', 4), ('ss_sold_date_sk', 'categorical', 12), ('ss_hdemo_sk', 'categorical', 14), ('ss_cdemo_sk', 'categorical', 19), ('ss_addr_sk', 'categorical', 17)]
2023-06-26 00:35:06,351 - pytorch_cvae.py[line:170] - INFO: ----------------------------No.1 epoch----------------------------
2023-06-26 00:35:06,352 - pytorch_cvae.py[line:177] - INFO: loss:7464.038886129856, numeric_loss:238.5868776170537, categorical_loss:3587.562257807702, kld_loss:674888.3765835762, epoch_train_time:101.64651019102894
2023-06-26 00:36:48,447 - pytorch_cvae.py[line:170] - INFO: ----------------------------No.2 epoch----------------------------
2023-06-26 00:36:48,448 - pytorch_cvae.py[line:177] - INFO: loss:4092.7329628765583, numeric_loss:152.70626861136407, categorical_loss:484.7960424646735, kld_loss:580292.7928771973, epoch_train_time:102.09577137604356
2023-06-26 00:38:26,700 - pytorch_cvae.py[line:170] - INFO: ----------------------------No.3 epoch----------------------------
2023-06-26 00:38:26,701 - pytorch_cvae.py[line:177] - INFO: loss:4334.241554230452, numeric_loss:153.5941578662023, categorical_loss:488.23609165102243, kld_loss:561955.8307762146, epoch_train_time:98.25280487095006
2023-06-26 00:40:04,684 - pytorch_cvae.py[line:170] - INFO: ----------------------------No.4 epoch----------------------------
2023-06-26 00:40:04,684 - pytorch_cvae.py[line:177] - INFO: loss:4681.363044649363, numeric_loss:157.81413871329278, categorical_loss:532.6206633895636, kld_loss:550962.8576622009, epoch_train_time:97.98321413807571
2023-06-26 00:41:43,838 - pytorch_cvae.py[line:170] - INFO: ----------------------------No.5 epoch----------------------------
2023-06-26 00:41:43,839 - pytorch_cvae.py[line:177] - INFO: loss:5068.946152448654, numeric_loss:162.73832229245454, categorical_loss:589.605281252414, kld_loss:541104.3811798096, epoch_train_time:99.15402759285644
2023-06-26 00:43:22,796 - pytorch_cvae.py[line:170] - INFO: ----------------------------No.6 epoch----------------------------
2023-06-26 00:43:22,797 - pytorch_cvae.py[line:177] - INFO: loss:5483.669899582863, numeric_loss:167.08170962613076, categorical_loss:655.6666114851832, kld_loss:531050.2906188965, epoch_train_time:98.95762575487606
2023-06-26 00:45:01,674 - pytorch_cvae.py[line:170] - INFO: ----------------------------No.7 epoch----------------------------
2023-06-26 00:45:01,674 - pytorch_cvae.py[line:177] - INFO: loss:5935.4105469584465, numeric_loss:173.7504596253857, categorical_loss:732.2886844836175, kld_loss:521358.84841918945, epoch_train_time:98.87701926194131
2023-06-26 00:46:40,566 - pytorch_cvae.py[line:170] - INFO: ----------------------------No.8 epoch----------------------------
2023-06-26 00:46:40,566 - pytorch_cvae.py[line:177] - INFO: loss:6416.201278746128, numeric_loss:180.65718408767134, categorical_loss:818.8359861522913, kld_loss:511389.6561317444, epoch_train_time:98.892263218062
2023-06-26 00:48:19,553 - pytorch_cvae.py[line:170] - INFO: ----------------------------No.9 epoch----------------------------
2023-06-26 00:48:19,553 - pytorch_cvae.py[line:177] - INFO: loss:6930.933797717094, numeric_loss:189.18563506752253, categorical_loss:916.4205323308706, kld_loss:501377.25998306274, epoch_train_time:98.98635849286802
2023-06-26 00:49:58,237 - pytorch_cvae.py[line:170] - INFO: ----------------------------No.10 epoch----------------------------
2023-06-26 00:49:58,237 - pytorch_cvae.py[line:177] - INFO: loss:7476.717381060123, numeric_loss:198.2516610333696, categorical_loss:1026.0457880944014, kld_loss:491082.50227355957, epoch_train_time:98.68360436195508
2023-06-26 00:51:37,828 - pytorch_cvae.py[line:170] - INFO: ----------------------------No.11 epoch----------------------------
2023-06-26 00:51:37,828 - pytorch_cvae.py[line:177] - INFO: loss:8057.186334908009, numeric_loss:207.29638094455004, categorical_loss:1150.7483447119594, kld_loss:480642.11127090454, epoch_train_time:99.59100900194608
2023-06-26 00:53:18,169 - pytorch_cvae.py[line:170] - INFO: ----------------------------No.12 epoch----------------------------
2023-06-26 00:53:18,169 - pytorch_cvae.py[line:177] - INFO: loss:8670.708658397198, numeric_loss:217.43950971215963, categorical_loss:1291.0707995966077, kld_loss:469872.09341812134, epoch_train_time:100.34034758713096
2023-06-26 00:54:58,521 - pytorch_cvae.py[line:170] - INFO: ----------------------------No.13 epoch----------------------------
2023-06-26 00:54:58,522 - pytorch_cvae.py[line:177] - INFO: loss:9307.74948143959, numeric_loss:228.71564971841872, categorical_loss:1445.3738259747624, kld_loss:458385.70708084106, epoch_train_time:100.35240542795509
2023-06-26 00:56:37,241 - pytorch_cvae.py[line:170] - INFO: ----------------------------No.14 epoch----------------------------
2023-06-26 00:56:37,241 - pytorch_cvae.py[line:177] - INFO: loss:9983.539535462856, numeric_loss:242.25936505757272, categorical_loss:1619.0296426862478, kld_loss:446862.4577407837, epoch_train_time:98.71888746879995
2023-06-26 00:58:16,280 - pytorch_cvae.py[line:170] - INFO: ----------------------------No.15 epoch----------------------------
2023-06-26 00:58:16,280 - pytorch_cvae.py[line:177] - INFO: loss:10695.73841226101, numeric_loss:262.6485428623855, categorical_loss:1815.2309859395027, kld_loss:434840.91414642334, epoch_train_time:99.03869331208989
2023-06-26 00:59:55,185 - pytorch_cvae.py[line:170] - INFO: ----------------------------No.16 epoch----------------------------
2023-06-26 00:59:55,185 - pytorch_cvae.py[line:177] - INFO: loss:11436.305757403374, numeric_loss:296.39692315272987, categorical_loss:2033.5389606952667, kld_loss:421836.4734992981, epoch_train_time:98.90509581100196
2023-06-26 01:01:33,761 - pytorch_cvae.py[line:170] - INFO: ----------------------------No.17 epoch----------------------------
2023-06-26 01:01:33,761 - pytorch_cvae.py[line:177] - INFO: loss:12222.231999874115, numeric_loss:316.53276388533413, categorical_loss:2290.977662861347, kld_loss:409296.1626663208, epoch_train_time:98.57592277787626
2023-06-26 01:03:12,648 - pytorch_cvae.py[line:170] - INFO: ----------------------------No.18 epoch----------------------------
2023-06-26 01:03:12,648 - pytorch_cvae.py[line:177] - INFO: loss:13039.762577652931, numeric_loss:336.04993381537497, categorical_loss:2590.0145277380943, kld_loss:396047.56492233276, epoch_train_time:98.88626294303685
2023-06-26 01:04:51,823 - pytorch_cvae.py[line:170] - INFO: ----------------------------No.19 epoch----------------------------
2023-06-26 01:04:51,823 - pytorch_cvae.py[line:177] - INFO: loss:13889.239405989647, numeric_loss:355.7831501048058, categorical_loss:2933.4063552469015, kld_loss:382222.2444152832, epoch_train_time:99.17492425208911
2023-06-26 01:06:31,011 - pytorch_cvae.py[line:170] - INFO: ----------------------------No.20 epoch----------------------------
2023-06-26 01:06:31,011 - pytorch_cvae.py[line:177] - INFO: loss:14762.44411277771, numeric_loss:376.93116145581007, categorical_loss:3327.06098228693, kld_loss:367542.3497848511, epoch_train_time:99.18718807003461
2023-06-26 01:08:11,460 - pytorch_cvae.py[line:170] - INFO: ----------------------------No.21 epoch----------------------------
2023-06-26 01:08:11,460 - pytorch_cvae.py[line:177] - INFO: loss:15660.341550707817, numeric_loss:399.12910774350166, categorical_loss:3786.033705353737, kld_loss:351893.9472351074, epoch_train_time:100.44919555890374
2023-06-26 01:09:51,896 - pytorch_cvae.py[line:170] - INFO: ----------------------------No.22 epoch----------------------------
2023-06-26 01:09:51,896 - pytorch_cvae.py[line:177] - INFO: loss:16577.217568039894, numeric_loss:423.16161125153303, categorical_loss:4323.1254126131535, kld_loss:335077.1617641449, epoch_train_time:100.4351828189101
2023-06-26 01:11:33,673 - pytorch_cvae.py[line:170] - INFO: ----------------------------No.23 epoch----------------------------
2023-06-26 01:11:33,674 - pytorch_cvae.py[line:177] - INFO: loss:17509.221388459206, numeric_loss:450.07750364392996, categorical_loss:4962.732412844896, kld_loss:316730.8557472229, epoch_train_time:101.77754564210773
2023-06-26 01:13:15,258 - pytorch_cvae.py[line:170] - INFO: ----------------------------No.24 epoch----------------------------
2023-06-26 01:13:15,259 - pytorch_cvae.py[line:177] - INFO: loss:18436.07476210594, numeric_loss:476.30270631983876, categorical_loss:5726.974504560232, kld_loss:296416.10545921326, epoch_train_time:101.58458996587433
2023-06-26 01:14:56,094 - pytorch_cvae.py[line:170] - INFO: ----------------------------No.25 epoch----------------------------
2023-06-26 01:14:56,094 - pytorch_cvae.py[line:177] - INFO: loss:19352.858562231064, numeric_loss:492.5288789458573, categorical_loss:6655.13547295332, kld_loss:273966.32743644714, epoch_train_time:100.8352416951675
2023-06-26 01:16:36,993 - pytorch_cvae.py[line:170] - INFO: ----------------------------No.26 epoch----------------------------
2023-06-26 01:16:36,994 - pytorch_cvae.py[line:177] - INFO: loss:20240.525343060493, numeric_loss:508.54474142566323, categorical_loss:7844.973667681217, kld_loss:247420.53987693787, epoch_train_time:100.89919111179188
2023-06-26 01:17:40,712 - pytorch_cvae.py[line:170] - INFO: ----------------------------No.27 epoch----------------------------
2023-06-26 01:17:40,712 - pytorch_cvae.py[line:177] - INFO: loss:21070.4041339159, numeric_loss:526.2439541630447, categorical_loss:9503.467652499676, kld_loss:213306.75876617432, epoch_train_time:63.71795698488131
2023-06-26 01:18:26,377 - pytorch_cvae.py[line:170] - INFO: ----------------------------No.28 epoch----------------------------
2023-06-26 01:18:26,378 - pytorch_cvae.py[line:177] - INFO: loss:21738.628974676132, numeric_loss:543.9332073777914, categorical_loss:12276.640118896961, kld_loss:160087.6571598053, epoch_train_time:45.6656579899136
2023-06-26 01:19:12,014 - pytorch_cvae.py[line:170] - INFO: ----------------------------No.29 epoch----------------------------
2023-06-26 01:19:12,014 - pytorch_cvae.py[line:177] - INFO: loss:22163.37181520462, numeric_loss:561.6020227819681, categorical_loss:15020.224202990532, kld_loss:109882.67196655273, epoch_train_time:45.636358701158315
2023-06-26 01:19:57,735 - pytorch_cvae.py[line:170] - INFO: ----------------------------No.30 epoch----------------------------
2023-06-26 01:19:57,735 - pytorch_cvae.py[line:177] - INFO: loss:22488.831768989563, numeric_loss:571.8213350623846, categorical_loss:16732.381757855415, kld_loss:80587.35629987717, epoch_train_time:45.72043796395883
2023-06-26 01:20:43,405 - pytorch_cvae.py[line:170] - INFO: ----------------------------No.31 epoch----------------------------
2023-06-26 01:20:43,405 - pytorch_cvae.py[line:177] - INFO: loss:22788.901892900467, numeric_loss:591.3226901739836, categorical_loss:17834.161150813103, kld_loss:63206.00371789932, epoch_train_time:45.67027521878481
2023-06-26 01:21:29,065 - pytorch_cvae.py[line:170] - INFO: ----------------------------No.32 epoch----------------------------
2023-06-26 01:21:29,065 - pytorch_cvae.py[line:177] - INFO: loss:22988.42621254921, numeric_loss:616.4548894017935, categorical_loss:19436.737971901894, kld_loss:39663.466264247894, epoch_train_time:45.65940091689117
2023-06-26 01:22:14,772 - pytorch_cvae.py[line:170] - INFO: ----------------------------No.33 epoch----------------------------
2023-06-26 01:22:14,772 - pytorch_cvae.py[line:177] - INFO: loss:23127.78638958931, numeric_loss:644.8145218454301, categorical_loss:20015.457481741905, kld_loss:31135.693343877792, epoch_train_time:45.707196885952726
2023-06-26 01:23:00,412 - pytorch_cvae.py[line:170] - INFO: ----------------------------No.34 epoch----------------------------
2023-06-26 01:23:00,412 - pytorch_cvae.py[line:177] - INFO: loss:23258.566936969757, numeric_loss:675.6787678264081, categorical_loss:20237.410400271416, kld_loss:27664.02147746086, epoch_train_time:45.64024211606011
2023-06-26 01:23:46,056 - pytorch_cvae.py[line:170] - INFO: ----------------------------No.35 epoch----------------------------
2023-06-26 01:23:46,056 - pytorch_cvae.py[line:177] - INFO: loss:23388.8539686203, numeric_loss:706.9157660193741, categorical_loss:20291.399054646492, kld_loss:26381.485373735428, epoch_train_time:45.643110416829586
2023-06-26 01:24:31,767 - pytorch_cvae.py[line:170] - INFO: ----------------------------No.36 epoch----------------------------
2023-06-26 01:24:31,767 - pytorch_cvae.py[line:177] - INFO: loss:23526.542388677597, numeric_loss:740.7266305536032, categorical_loss:20318.378486037254, kld_loss:25503.701171398163, epoch_train_time:45.71158609096892
2023-06-26 01:25:17,394 - pytorch_cvae.py[line:170] - INFO: ----------------------------No.37 epoch----------------------------
2023-06-26 01:25:17,395 - pytorch_cvae.py[line:177] - INFO: loss:23671.31112551689, numeric_loss:774.5715762153268, categorical_loss:20347.103852391243, kld_loss:24707.184256076813, epoch_train_time:45.62692549312487
2023-06-26 01:26:03,103 - pytorch_cvae.py[line:170] - INFO: ----------------------------No.38 epoch----------------------------
2023-06-26 01:26:03,103 - pytorch_cvae.py[line:177] - INFO: loss:23822.00855898857, numeric_loss:810.4483966007829, categorical_loss:20379.947481751442, kld_loss:23932.571747541428, epoch_train_time:45.70807096082717
2023-06-26 01:26:48,759 - pytorch_cvae.py[line:170] - INFO: ----------------------------No.39 epoch----------------------------
2023-06-26 01:26:48,759 - pytorch_cvae.py[line:177] - INFO: loss:23983.097719669342, numeric_loss:849.1918531656265, categorical_loss:20424.752708673477, kld_loss:23145.019625902176, epoch_train_time:45.65639224904589
2023-06-26 01:27:34,408 - pytorch_cvae.py[line:170] - INFO: ----------------------------No.40 epoch----------------------------
2023-06-26 01:27:34,408 - pytorch_cvae.py[line:177] - INFO: loss:24149.9184384346, numeric_loss:889.9077002629638, categorical_loss:20479.594360351562, kld_loss:22336.99408197403, epoch_train_time:45.64861974888481
2023-06-26 01:28:20,119 - pytorch_cvae.py[line:170] - INFO: ----------------------------No.41 epoch----------------------------
2023-06-26 01:28:20,119 - pytorch_cvae.py[line:177] - INFO: loss:24320.42125582695, numeric_loss:933.3661296740174, categorical_loss:20541.960126519203, kld_loss:21514.77836740017, epoch_train_time:45.71069054096006
2023-06-26 01:29:05,756 - pytorch_cvae.py[line:170] - INFO: ----------------------------No.42 epoch----------------------------
2023-06-26 01:29:05,757 - pytorch_cvae.py[line:177] - INFO: loss:24488.270329475403, numeric_loss:978.00387814641, categorical_loss:20610.65359568596, kld_loss:20660.44108724594, epoch_train_time:45.63735629594885
2023-06-26 01:29:51,389 - pytorch_cvae.py[line:170] - INFO: ----------------------------No.43 epoch----------------------------
2023-06-26 01:29:51,389 - pytorch_cvae.py[line:177] - INFO: loss:24659.017483234406, numeric_loss:1031.1420272737741, categorical_loss:20686.186478614807, kld_loss:19769.24484360218, epoch_train_time:45.63250346714631
2023-06-26 01:30:37,115 - pytorch_cvae.py[line:170] - INFO: ----------------------------No.44 epoch----------------------------
2023-06-26 01:30:37,115 - pytorch_cvae.py[line:177] - INFO: loss:24819.33527159691, numeric_loss:1116.1014247909188, categorical_loss:20749.122812271118, kld_loss:18743.39345753193, epoch_train_time:45.72570822201669
2023-06-26 01:31:22,771 - pytorch_cvae.py[line:170] - INFO: ----------------------------No.45 epoch----------------------------
2023-06-26 01:31:22,771 - pytorch_cvae.py[line:177] - INFO: loss:24968.891797304153, numeric_loss:1198.3131441995502, categorical_loss:20795.42823302746, kld_loss:17839.910748958588, epoch_train_time:45.655547281960025
2023-06-26 01:32:56,773 - pytorch_cvae.py[line:170] - INFO: ----------------------------No.46 epoch----------------------------
2023-06-26 01:32:56,773 - pytorch_cvae.py[line:177] - INFO: loss:25117.67262840271, numeric_loss:1242.7216436639428, categorical_loss:20852.892466068268, kld_loss:17142.860545039177, epoch_train_time:94.00213100621477
2023-06-26 01:34:38,682 - pytorch_cvae.py[line:170] - INFO: ----------------------------No.47 epoch----------------------------
2023-06-26 01:34:38,682 - pytorch_cvae.py[line:177] - INFO: loss:25275.267134428024, numeric_loss:1260.2396722584963, categorical_loss:20960.692523002625, kld_loss:16406.956951379776, epoch_train_time:101.90856210701168
2023-06-26 01:36:21,066 - pytorch_cvae.py[line:170] - INFO: ----------------------------No.48 epoch----------------------------
2023-06-26 01:36:21,066 - pytorch_cvae.py[line:177] - INFO: loss:25437.718632221222, numeric_loss:1289.2437423542142, categorical_loss:21098.46987771988, kld_loss:15530.20379948616, epoch_train_time:102.38350685103796
2023-06-26 01:38:03,438 - pytorch_cvae.py[line:170] - INFO: ----------------------------No.49 epoch----------------------------
2023-06-26 01:38:03,438 - pytorch_cvae.py[line:177] - INFO: loss:25593.69265794754, numeric_loss:1322.7130014374852, categorical_loss:21271.25476169586, kld_loss:14492.97583258152, epoch_train_time:102.37188051897101
2023-06-26 01:39:45,111 - pytorch_cvae.py[line:170] - INFO: ----------------------------No.50 epoch----------------------------
2023-06-26 01:39:45,111 - pytorch_cvae.py[line:177] - INFO: loss:25746.730004310608, numeric_loss:1359.0338296294212, categorical_loss:21483.312671661377, kld_loss:13327.968514680862, epoch_train_time:101.67252229503356
2023-06-26 01:41:26,703 - pytorch_cvae.py[line:170] - INFO: ----------------------------No.51 epoch----------------------------
2023-06-26 01:41:26,703 - pytorch_cvae.py[line:177] - INFO: loss:25887.65915942192, numeric_loss:1396.7318824902177, categorical_loss:21763.131375074387, kld_loss:11901.179187774658, epoch_train_time:101.59156931913458
2023-06-26 01:43:09,130 - pytorch_cvae.py[line:170] - INFO: ----------------------------No.52 epoch----------------------------
2023-06-26 01:43:09,130 - pytorch_cvae.py[line:177] - INFO: loss:26012.5878200531, numeric_loss:1437.1785212308168, categorical_loss:22163.109516382217, kld_loss:10016.403623402119, epoch_train_time:102.42662118095905
2023-06-26 01:44:49,199 - pytorch_cvae.py[line:170] - INFO: ----------------------------No.53 epoch----------------------------
2023-06-26 01:44:49,199 - pytorch_cvae.py[line:177] - INFO: loss:26107.512546300888, numeric_loss:1471.1001219823956, categorical_loss:22791.23238182068, kld_loss:7298.876511752605, epoch_train_time:100.06931797694415
2023-06-26 01:46:28,561 - pytorch_cvae.py[line:170] - INFO: ----------------------------No.54 epoch----------------------------
2023-06-26 01:46:28,561 - pytorch_cvae.py[line:177] - INFO: loss:26182.47659921646, numeric_loss:1495.6021369844675, categorical_loss:23149.73686861992, kld_loss:5798.304391056299, epoch_train_time:99.36116315401159
2023-06-26 01:48:08,088 - pytorch_cvae.py[line:170] - INFO: ----------------------------No.55 epoch----------------------------
2023-06-26 01:48:08,089 - pytorch_cvae.py[line:177] - INFO: loss:26244.13849377632, numeric_loss:1511.464965313673, categorical_loss:23374.75590467453, kld_loss:4889.528784960508, epoch_train_time:99.52743937610649
2023-06-26 01:49:47,617 - pytorch_cvae.py[line:170] - INFO: ----------------------------No.56 epoch----------------------------
2023-06-26 01:49:47,618 - pytorch_cvae.py[line:177] - INFO: loss:26299.33133292198, numeric_loss:1515.6453059762716, categorical_loss:23575.00969529152, kld_loss:4158.562065899372, epoch_train_time:99.52863241103478
2023-06-26 01:51:26,804 - pytorch_cvae.py[line:170] - INFO: ----------------------------No.57 epoch----------------------------
2023-06-26 01:51:26,805 - pytorch_cvae.py[line:177] - INFO: loss:26348.32600903511, numeric_loss:1516.882686316967, categorical_loss:23769.74132990837, kld_loss:3493.8938442766666, epoch_train_time:99.18666028091684
2023-06-26 01:53:06,819 - pytorch_cvae.py[line:170] - INFO: ----------------------------No.58 epoch----------------------------
2023-06-26 01:53:06,819 - pytorch_cvae.py[line:177] - INFO: loss:26388.938965559006, numeric_loss:1517.4947437644005, categorical_loss:23969.520535945892, kld_loss:2841.744551822543, epoch_train_time:100.01409619906917
2023-06-26 01:54:47,084 - pytorch_cvae.py[line:170] - INFO: ----------------------------No.59 epoch----------------------------
2023-06-26 01:54:47,084 - pytorch_cvae.py[line:177] - INFO: loss:26420.5261490345, numeric_loss:1517.8417823463678, categorical_loss:24167.957216739655, kld_loss:2218.6246037706733, epoch_train_time:100.26467834087089
2023-06-26 01:56:27,362 - pytorch_cvae.py[line:170] - INFO: ----------------------------No.60 epoch----------------------------
2023-06-26 01:56:27,362 - pytorch_cvae.py[line:177] - INFO: loss:26445.011368513107, numeric_loss:1517.7925630658865, categorical_loss:24365.62900710106, kld_loss:1626.8733371645212, epoch_train_time:100.27811301592737
2023-06-26 01:58:07,415 - pytorch_cvae.py[line:170] - INFO: ----------------------------No.61 epoch----------------------------
2023-06-26 01:58:07,415 - pytorch_cvae.py[line:177] - INFO: loss:26461.965893268585, numeric_loss:1517.5898663550615, categorical_loss:24617.389225244522, kld_loss:909.6530885361135, epoch_train_time:100.0521300258115
2023-06-26 01:59:47,575 - pytorch_cvae.py[line:170] - INFO: ----------------------------No.62 epoch----------------------------
2023-06-26 01:59:47,576 - pytorch_cvae.py[line:177] - INFO: loss:26467.67920446396, numeric_loss:1517.4427611231804, categorical_loss:24845.590656518936, kld_loss:279.84188020508736, epoch_train_time:100.1603164090775
2023-06-26 02:01:26,564 - pytorch_cvae.py[line:170] - INFO: ----------------------------No.63 epoch----------------------------
2023-06-26 02:01:26,564 - pytorch_cvae.py[line:177] - INFO: loss:26466.246747016907, numeric_loss:1517.3961844742298, categorical_loss:24915.964487314224, kld_loss:84.62190889241174, epoch_train_time:98.98836873215623
2023-06-26 02:03:04,968 - pytorch_cvae.py[line:170] - INFO: ----------------------------No.64 epoch----------------------------
2023-06-26 02:03:04,968 - pytorch_cvae.py[line:177] - INFO: loss:26464.60716366768, numeric_loss:1517.3206643089652, categorical_loss:24939.671035528183, kld_loss:18.874736448167823, epoch_train_time:98.40386975300498
2023-06-26 02:04:44,617 - pytorch_cvae.py[line:170] - INFO: ----------------------------No.65 epoch----------------------------
2023-06-26 02:04:44,617 - pytorch_cvae.py[line:177] - INFO: loss:26463.284477233887, numeric_loss:1517.2731127664447, categorical_loss:24945.192080259323, kld_loss:1.957812390055551, epoch_train_time:99.6484223708976
2023-06-26 02:06:24,439 - pytorch_cvae.py[line:170] - INFO: ----------------------------No.66 epoch----------------------------
2023-06-26 02:06:24,440 - pytorch_cvae.py[line:177] - INFO: loss:26462.668944835663, numeric_loss:1517.212679862976, categorical_loss:24945.32627415657, kld_loss:0.2998036239769135, epoch_train_time:99.82212244393304
2023-06-26 02:08:04,331 - pytorch_cvae.py[line:170] - INFO: ----------------------------No.67 epoch----------------------------
2023-06-26 02:08:04,331 - pytorch_cvae.py[line:177] - INFO: loss:26462.613682746887, numeric_loss:1517.2190141752362, categorical_loss:24945.29508447647, kld_loss:0.22189911653458694, epoch_train_time:99.8909478620626
2023-06-26 02:09:43,564 - pytorch_cvae.py[line:170] - INFO: ----------------------------No.68 epoch----------------------------
2023-06-26 02:09:43,564 - pytorch_cvae.py[line:177] - INFO: loss:26462.547738313675, numeric_loss:1517.2195051461458, categorical_loss:24945.254226207733, kld_loss:0.15945537652805797, epoch_train_time:99.23270395211875
2023-06-26 02:11:23,790 - pytorch_cvae.py[line:170] - INFO: ----------------------------No.69 epoch----------------------------
2023-06-26 02:11:23,790 - pytorch_cvae.py[line:177] - INFO: loss:26462.493831396103, numeric_loss:1517.2015646621585, categorical_loss:24945.209597349167, kld_loss:0.17240205165398947, epoch_train_time:100.22603780101053
2023-06-26 02:13:04,278 - pytorch_cvae.py[line:170] - INFO: ----------------------------No.70 epoch----------------------------
2023-06-26 02:13:04,278 - pytorch_cvae.py[line:177] - INFO: loss:26462.479407072067, numeric_loss:1517.1891286075115, categorical_loss:24945.225234270096, kld_loss:0.13146082808452775, epoch_train_time:100.48723489698023
2023-06-26 02:14:45,106 - pytorch_cvae.py[line:170] - INFO: ----------------------------No.71 epoch----------------------------
2023-06-26 02:14:45,106 - pytorch_cvae.py[line:177] - INFO: loss:26462.50207877159, numeric_loss:1517.217538960278, categorical_loss:24945.22041773796, kld_loss:0.12572418623085468, epoch_train_time:100.82804649486206
2023-06-26 02:16:24,808 - pytorch_cvae.py[line:170] - INFO: ----------------------------No.72 epoch----------------------------
2023-06-26 02:16:24,809 - pytorch_cvae.py[line:177] - INFO: loss:26462.415217638016, numeric_loss:1517.1872129514813, categorical_loss:24945.175595521927, kld_loss:0.099761788269916, epoch_train_time:99.70219584205188
2023-06-26 02:18:04,913 - pytorch_cvae.py[line:170] - INFO: ----------------------------No.73 epoch----------------------------
2023-06-26 02:18:04,913 - pytorch_cvae.py[line:177] - INFO: loss:26462.401191711426, numeric_loss:1517.2062383666635, categorical_loss:24945.14995288849, kld_loss:0.08322276917806448, epoch_train_time:100.10450552194379
2023-06-26 02:19:44,499 - pytorch_cvae.py[line:170] - INFO: ----------------------------No.74 epoch----------------------------
2023-06-26 02:19:44,499 - pytorch_cvae.py[line:177] - INFO: loss:26462.39591383934, numeric_loss:1517.2043444812298, categorical_loss:24945.14523434639, kld_loss:0.08336824652587893, epoch_train_time:99.58569698198698
2023-06-26 02:21:23,762 - pytorch_cvae.py[line:170] - INFO: ----------------------------No.75 epoch----------------------------
2023-06-26 02:21:23,763 - pytorch_cvae.py[line:177] - INFO: loss:26462.389809131622, numeric_loss:1517.2111627608538, categorical_loss:24945.140993595123, kld_loss:0.06598178006697708, epoch_train_time:99.26277314103208
2023-06-26 02:23:04,900 - pytorch_cvae.py[line:170] - INFO: ----------------------------No.76 epoch----------------------------
2023-06-26 02:23:04,900 - pytorch_cvae.py[line:177] - INFO: loss:26462.3420689106, numeric_loss:1517.2037345468998, categorical_loss:24945.111793518066, kld_loss:0.04533120011910796, epoch_train_time:101.13691619504243
2023-06-26 02:24:47,001 - pytorch_cvae.py[line:170] - INFO: ----------------------------No.77 epoch----------------------------
2023-06-26 02:24:47,002 - pytorch_cvae.py[line:177] - INFO: loss:26462.322500944138, numeric_loss:1517.1992679163814, categorical_loss:24945.096824884415, kld_loss:0.044032201360778345, epoch_train_time:102.10146837495267
2023-06-26 02:26:28,695 - pytorch_cvae.py[line:170] - INFO: ----------------------------No.78 epoch----------------------------
2023-06-26 02:26:28,696 - pytorch_cvae.py[line:177] - INFO: loss:26462.35006260872, numeric_loss:1517.2147226035595, categorical_loss:24945.11179947853, kld_loss:0.038325724554624685, epoch_train_time:101.69367446494289
2023-06-26 02:28:10,716 - pytorch_cvae.py[line:170] - INFO: ----------------------------No.79 epoch----------------------------
2023-06-26 02:28:10,716 - pytorch_cvae.py[line:177] - INFO: loss:26462.293028593063, numeric_loss:1517.1977165937424, categorical_loss:24945.082350492477, kld_loss:0.02065115363802761, epoch_train_time:102.02004690817557
2023-06-26 02:29:52,506 - pytorch_cvae.py[line:170] - INFO: ----------------------------No.80 epoch----------------------------
2023-06-26 02:29:52,507 - pytorch_cvae.py[line:177] - INFO: loss:26462.30234861374, numeric_loss:1517.2087654471397, categorical_loss:24945.079689741135, kld_loss:0.021655003656633198, epoch_train_time:101.79030858213082
2023-06-26 02:31:34,363 - pytorch_cvae.py[line:170] - INFO: ----------------------------No.81 epoch----------------------------
2023-06-26 02:31:34,363 - pytorch_cvae.py[line:177] - INFO: loss:26462.269642591476, numeric_loss:1517.1951209306717, categorical_loss:24945.060969114304, kld_loss:0.02064947667531669, epoch_train_time:101.85582442604937
2023-06-26 02:33:16,901 - pytorch_cvae.py[line:170] - INFO: ----------------------------No.82 epoch----------------------------
2023-06-26 02:33:16,902 - pytorch_cvae.py[line:177] - INFO: loss:26462.306401968002, numeric_loss:1517.20514754951, categorical_loss:24945.087811231613, kld_loss:0.020039008697494864, epoch_train_time:102.53842961695045
2023-06-26 02:34:59,381 - pytorch_cvae.py[line:170] - INFO: ----------------------------No.83 epoch----------------------------
2023-06-26 02:34:59,382 - pytorch_cvae.py[line:177] - INFO: loss:26462.251581668854, numeric_loss:1517.194538332522, categorical_loss:24945.043946504593, kld_loss:0.01924530148971826, epoch_train_time:102.47963510500267
2023-06-26 02:36:41,264 - pytorch_cvae.py[line:170] - INFO: ----------------------------No.84 epoch----------------------------
2023-06-26 02:36:41,265 - pytorch_cvae.py[line:177] - INFO: loss:26462.290738105774, numeric_loss:1517.1997147276998, categorical_loss:24945.07785987854, kld_loss:0.019011493772268295, epoch_train_time:101.88269828399643
2023-06-26 02:38:23,643 - pytorch_cvae.py[line:170] - INFO: ----------------------------No.85 epoch----------------------------
2023-06-26 02:38:23,644 - pytorch_cvae.py[line:177] - INFO: loss:26462.260978460312, numeric_loss:1517.1902613788843, categorical_loss:24945.057888507843, kld_loss:0.018250933033414185, epoch_train_time:102.3788659509737
2023-06-26 02:40:05,384 - pytorch_cvae.py[line:170] - INFO: ----------------------------No.86 epoch----------------------------
2023-06-26 02:40:05,384 - pytorch_cvae.py[line:177] - INFO: loss:26462.268251895905, numeric_loss:1517.2073419317603, categorical_loss:24945.048091888428, kld_loss:0.017948339111171663, epoch_train_time:101.73982492694631
2023-06-26 02:41:47,554 - pytorch_cvae.py[line:170] - INFO: ----------------------------No.87 epoch----------------------------
2023-06-26 02:41:47,554 - pytorch_cvae.py[line:177] - INFO: loss:26462.275027036667, numeric_loss:1517.2065557092428, categorical_loss:24945.055419445038, kld_loss:0.01795421532142427, epoch_train_time:102.17026743595488
2023-06-26 02:43:30,013 - pytorch_cvae.py[line:170] - INFO: ----------------------------No.88 epoch----------------------------
2023-06-26 02:43:30,013 - pytorch_cvae.py[line:177] - INFO: loss:26462.26430296898, numeric_loss:1517.1950587928295, categorical_loss:24945.05643248558, kld_loss:0.017439733142964542, epoch_train_time:102.45798110612668
2023-06-26 02:45:12,574 - pytorch_cvae.py[line:170] - INFO: ----------------------------No.89 epoch----------------------------
2023-06-26 02:45:12,574 - pytorch_cvae.py[line:177] - INFO: loss:26462.270313501358, numeric_loss:1517.2044131234288, categorical_loss:24945.052901506424, kld_loss:0.017451005871407688, epoch_train_time:102.56143248896115
2023-06-26 02:46:54,366 - pytorch_cvae.py[line:170] - INFO: ----------------------------No.90 epoch----------------------------
2023-06-26 02:46:54,367 - pytorch_cvae.py[line:177] - INFO: loss:26462.280478715897, numeric_loss:1517.199774749577, categorical_loss:24945.06710743904, kld_loss:0.018055614200420678, epoch_train_time:101.79185950802639
2023-06-26 02:48:35,947 - pytorch_cvae.py[line:170] - INFO: ----------------------------No.91 epoch----------------------------
2023-06-26 02:48:35,947 - pytorch_cvae.py[line:177] - INFO: loss:26462.25061607361, numeric_loss:1517.1946567296982, categorical_loss:24945.04359316826, kld_loss:0.01625924394465983, epoch_train_time:101.58023641887121
2023-06-26 02:50:17,518 - pytorch_cvae.py[line:170] - INFO: ----------------------------No.92 epoch----------------------------
2023-06-26 02:50:17,518 - pytorch_cvae.py[line:177] - INFO: loss:26462.252614736557, numeric_loss:1517.1941164955497, categorical_loss:24945.04537510872, kld_loss:0.017087009607166692, epoch_train_time:101.57081861584447
2023-06-26 02:51:58,521 - pytorch_cvae.py[line:170] - INFO: ----------------------------No.93 epoch----------------------------
2023-06-26 02:51:58,521 - pytorch_cvae.py[line:177] - INFO: loss:26462.262954235077, numeric_loss:1517.1954966560006, categorical_loss:24945.054473638535, kld_loss:0.016787492520393243, epoch_train_time:101.00275364494883
2023-06-26 02:53:39,900 - pytorch_cvae.py[line:170] - INFO: ----------------------------No.94 epoch----------------------------
2023-06-26 02:53:39,900 - pytorch_cvae.py[line:177] - INFO: loss:26462.261536359787, numeric_loss:1517.194832071662, categorical_loss:24945.053392887115, kld_loss:0.01706042222213, epoch_train_time:101.37857920397073
2023-06-26 02:55:21,876 - pytorch_cvae.py[line:170] - INFO: ----------------------------No.95 epoch----------------------------
2023-06-26 02:55:21,876 - pytorch_cvae.py[line:177] - INFO: loss:26462.287398815155, numeric_loss:1517.222614891827, categorical_loss:24945.051703691483, kld_loss:0.016624024836346507, epoch_train_time:101.97510236990638
2023-06-26 02:57:01,285 - pytorch_cvae.py[line:170] - INFO: ----------------------------No.96 epoch----------------------------
2023-06-26 02:57:01,285 - pytorch_cvae.py[line:177] - INFO: loss:26462.274376392365, numeric_loss:1517.1876593083143, categorical_loss:24945.07362151146, kld_loss:0.016573243774473667, epoch_train_time:99.40942525188439
2023-06-26 02:58:40,971 - pytorch_cvae.py[line:170] - INFO: ----------------------------No.97 epoch----------------------------
2023-06-26 02:58:40,971 - pytorch_cvae.py[line:177] - INFO: loss:26462.243822336197, numeric_loss:1517.1909906640649, categorical_loss:24945.039732694626, kld_loss:0.016516808070491606, epoch_train_time:99.68556329095736
2023-06-26 03:00:20,488 - pytorch_cvae.py[line:170] - INFO: ----------------------------No.98 epoch----------------------------
2023-06-26 03:00:20,488 - pytorch_cvae.py[line:177] - INFO: loss:26462.27062535286, numeric_loss:1517.1960368826985, categorical_loss:24945.061842918396, kld_loss:0.01608749141678345, epoch_train_time:99.51605991995893
2023-06-26 03:01:59,640 - pytorch_cvae.py[line:170] - INFO: ----------------------------No.99 epoch----------------------------
2023-06-26 03:01:59,640 - pytorch_cvae.py[line:177] - INFO: loss:26462.24773287773, numeric_loss:1517.1944427639246, categorical_loss:24945.040195941925, kld_loss:0.0164580293931067, epoch_train_time:99.15216376795433
2023-06-26 03:03:38,456 - pytorch_cvae.py[line:170] - INFO: ----------------------------No.100 epoch----------------------------
2023-06-26 03:03:38,456 - pytorch_cvae.py[line:177] - INFO: loss:26462.269238710403, numeric_loss:1517.2006144225597, categorical_loss:24945.055393457413, kld_loss:0.016628451645374298, epoch_train_time:98.81543487403542
2023-06-26 03:05:18,213 - pytorch_cvae.py[line:170] - INFO: ----------------------------No.101 epoch----------------------------
2023-06-26 03:05:18,213 - pytorch_cvae.py[line:177] - INFO: loss:26462.24930524826, numeric_loss:1517.20387955755, categorical_loss:24945.032291650772, kld_loss:0.01640279951152479, epoch_train_time:99.75668320897967
2023-06-26 03:06:58,457 - pytorch_cvae.py[line:170] - INFO: ----------------------------No.102 epoch----------------------------
2023-06-26 03:06:58,457 - pytorch_cvae.py[line:177] - INFO: loss:26462.23567867279, numeric_loss:1517.1774809285998, categorical_loss:24945.044990301132, kld_loss:0.016503345337696373, epoch_train_time:100.24375386792235
2023-06-26 03:08:37,630 - pytorch_cvae.py[line:170] - INFO: ----------------------------No.103 epoch----------------------------
2023-06-26 03:08:37,631 - pytorch_cvae.py[line:177] - INFO: loss:26462.285137176514, numeric_loss:1517.2064329907298, categorical_loss:24945.065475463867, kld_loss:0.01653188595082611, epoch_train_time:99.17326401988976
2023-06-26 03:10:16,978 - pytorch_cvae.py[line:170] - INFO: ----------------------------No.104 epoch----------------------------
2023-06-26 03:10:16,978 - pytorch_cvae.py[line:177] - INFO: loss:26462.301896095276, numeric_loss:1517.2196691781282, categorical_loss:24945.064675569534, kld_loss:0.021947960887587215, epoch_train_time:99.3468968658708
2023-06-26 03:11:56,653 - pytorch_cvae.py[line:170] - INFO: ----------------------------No.105 epoch----------------------------
2023-06-26 03:11:56,653 - pytorch_cvae.py[line:177] - INFO: loss:26462.27609038353, numeric_loss:1517.1964680179954, categorical_loss:24945.056751966476, kld_loss:0.02860126283263753, epoch_train_time:99.67511750292033
2023-06-26 03:13:36,480 - pytorch_cvae.py[line:170] - INFO: ----------------------------No.106 epoch----------------------------
2023-06-26 03:13:36,480 - pytorch_cvae.py[line:177] - INFO: loss:26462.242966890335, numeric_loss:1517.1677066981792, categorical_loss:24945.053438425064, kld_loss:0.027266266639344394, epoch_train_time:99.8267835190054
2023-06-26 03:15:15,902 - pytorch_cvae.py[line:170] - INFO: ----------------------------No.107 epoch----------------------------
2023-06-26 03:15:15,902 - pytorch_cvae.py[line:177] - INFO: loss:26462.28417611122, numeric_loss:1517.2007351741195, categorical_loss:24945.069832086563, kld_loss:0.01702681591268629, epoch_train_time:99.4213214549236
2023-06-26 03:16:55,306 - pytorch_cvae.py[line:170] - INFO: ----------------------------No.108 epoch----------------------------
2023-06-26 03:16:55,307 - pytorch_cvae.py[line:177] - INFO: loss:26462.30049943924, numeric_loss:1517.2207474336028, categorical_loss:24945.066494703293, kld_loss:0.016564264544285834, epoch_train_time:99.40441764798015
2023-06-26 03:18:34,299 - pytorch_cvae.py[line:170] - INFO: ----------------------------No.109 epoch----------------------------
2023-06-26 03:18:34,300 - pytorch_cvae.py[line:177] - INFO: loss:26462.246310710907, numeric_loss:1517.185499317944, categorical_loss:24945.047738790512, kld_loss:0.016318530892021954, epoch_train_time:98.99254979006946
2023-06-26 03:20:14,143 - pytorch_cvae.py[line:170] - INFO: ----------------------------No.110 epoch----------------------------
2023-06-26 03:20:14,143 - pytorch_cvae.py[line:177] - INFO: loss:26462.265500307083, numeric_loss:1517.179953224957, categorical_loss:24945.072088718414, kld_loss:0.016798159573227167, epoch_train_time:99.84349342109635
2023-06-26 03:21:54,729 - pytorch_cvae.py[line:170] - INFO: ----------------------------No.111 epoch----------------------------
2023-06-26 03:21:54,729 - pytorch_cvae.py[line:177] - INFO: loss:26462.25902032852, numeric_loss:1517.2020914927125, categorical_loss:24945.043576955795, kld_loss:0.0166955045016266, epoch_train_time:100.58554433193058
2023-06-26 03:23:35,613 - pytorch_cvae.py[line:170] - INFO: ----------------------------No.112 epoch----------------------------
2023-06-26 03:23:35,613 - pytorch_cvae.py[line:177] - INFO: loss:26462.25041937828, numeric_loss:1517.1752320304513, categorical_loss:24945.061775684357, kld_loss:0.016771701397374272, epoch_train_time:100.88351217098534
2023-06-26 03:25:16,302 - pytorch_cvae.py[line:170] - INFO: ----------------------------No.113 epoch----------------------------
2023-06-26 03:25:16,303 - pytorch_cvae.py[line:177] - INFO: loss:26462.22330546379, numeric_loss:1517.180558025837, categorical_loss:24945.030240535736, kld_loss:0.01563375280238688, epoch_train_time:100.68938940600492
2023-06-26 03:26:57,361 - pytorch_cvae.py[line:170] - INFO: ----------------------------No.114 epoch----------------------------
2023-06-26 03:26:57,361 - pytorch_cvae.py[line:177] - INFO: loss:26462.275375843048, numeric_loss:1517.2078617736697, categorical_loss:24945.053959608078, kld_loss:0.016915486051857442, epoch_train_time:101.05790704395622
2023-06-26 03:28:39,452 - pytorch_cvae.py[line:170] - INFO: ----------------------------No.115 epoch----------------------------
2023-06-26 03:28:39,452 - pytorch_cvae.py[line:177] - INFO: loss:26462.25902581215, numeric_loss:1517.1854878813028, categorical_loss:24945.060339212418, kld_loss:0.016529153913097616, epoch_train_time:102.09122025500983
2023-06-26 03:30:21,168 - pytorch_cvae.py[line:170] - INFO: ----------------------------No.116 epoch----------------------------
2023-06-26 03:30:21,168 - pytorch_cvae.py[line:177] - INFO: loss:26462.242714881897, numeric_loss:1517.1974066719413, categorical_loss:24945.03230690956, kld_loss:0.016253074733413087, epoch_train_time:101.71534952195361
2023-06-26 03:32:00,809 - pytorch_cvae.py[line:170] - INFO: ----------------------------No.117 epoch----------------------------
2023-06-26 03:32:00,809 - pytorch_cvae.py[line:177] - INFO: loss:26462.264363765717, numeric_loss:1517.1901832073927, categorical_loss:24945.061469078064, kld_loss:0.015882586361840367, epoch_train_time:99.64042976615019
2023-06-26 03:33:40,061 - pytorch_cvae.py[line:170] - INFO: ----------------------------No.118 epoch----------------------------
2023-06-26 03:33:40,061 - pytorch_cvae.py[line:177] - INFO: loss:26462.261878967285, numeric_loss:1517.2097182646394, categorical_loss:24945.039217710495, kld_loss:0.01617555634584278, epoch_train_time:99.25198009586893
2023-06-26 03:35:19,428 - pytorch_cvae.py[line:170] - INFO: ----------------------------No.119 epoch----------------------------
2023-06-26 03:35:19,428 - pytorch_cvae.py[line:177] - INFO: loss:26462.276710033417, numeric_loss:1517.199807189405, categorical_loss:24945.06323981285, kld_loss:0.017073713475838304, epoch_train_time:99.36680238111876
2023-06-26 03:36:57,394 - pytorch_cvae.py[line:170] - INFO: ----------------------------No.120 epoch----------------------------
2023-06-26 03:36:57,394 - pytorch_cvae.py[line:177] - INFO: loss:26462.25993847847, numeric_loss:1517.190339654684, categorical_loss:24945.056480407715, kld_loss:0.016378917265683413, epoch_train_time:97.96522960998118
2023-06-26 03:38:37,567 - pytorch_cvae.py[line:170] - INFO: ----------------------------No.121 epoch----------------------------
2023-06-26 03:38:37,568 - pytorch_cvae.py[line:177] - INFO: loss:26462.28849864006, numeric_loss:1517.2097653970122, categorical_loss:24945.065503835678, kld_loss:0.016551709510849832, epoch_train_time:100.1735012200661
2023-06-26 03:40:19,305 - pytorch_cvae.py[line:170] - INFO: ----------------------------No.122 epoch----------------------------
2023-06-26 03:40:19,305 - pytorch_cvae.py[line:177] - INFO: loss:26462.289591550827, numeric_loss:1517.2064066529274, categorical_loss:24945.06987118721, kld_loss:0.016633742190094836, epoch_train_time:101.73702878202312
2023-06-26 03:41:58,758 - pytorch_cvae.py[line:170] - INFO: ----------------------------No.123 epoch----------------------------
2023-06-26 03:41:58,758 - pytorch_cvae.py[line:177] - INFO: loss:26462.23486685753, numeric_loss:1517.1840467602015, categorical_loss:24945.037678956985, kld_loss:0.01643192523624748, epoch_train_time:99.4526360181626
2023-06-26 03:43:37,791 - pytorch_cvae.py[line:170] - INFO: ----------------------------No.124 epoch----------------------------
2023-06-26 03:43:37,791 - pytorch_cvae.py[line:177] - INFO: loss:26462.289763212204, numeric_loss:1517.2121098041534, categorical_loss:24945.064504384995, kld_loss:0.016427436843514442, epoch_train_time:99.03259105514735
2023-06-26 03:45:16,499 - pytorch_cvae.py[line:170] - INFO: ----------------------------No.125 epoch----------------------------
2023-06-26 03:45:16,499 - pytorch_cvae.py[line:177] - INFO: loss:26462.26125907898, numeric_loss:1517.1931754872203, categorical_loss:24945.0550866127, kld_loss:0.01625916815828532, epoch_train_time:98.7076793150045
2023-06-26 03:46:57,334 - pytorch_cvae.py[line:170] - INFO: ----------------------------No.126 epoch----------------------------
2023-06-26 03:46:57,334 - pytorch_cvae.py[line:177] - INFO: loss:26462.23166203499, numeric_loss:1517.192812293768, categorical_loss:24945.02605652809, kld_loss:0.015995441819541156, epoch_train_time:100.83468087110668
2023-06-26 03:48:36,467 - pytorch_cvae.py[line:170] - INFO: ----------------------------No.127 epoch----------------------------
2023-06-26 03:48:36,467 - pytorch_cvae.py[line:177] - INFO: loss:26462.235048532486, numeric_loss:1517.173335313797, categorical_loss:24945.04913496971, kld_loss:0.015714472625404596, epoch_train_time:99.13258673483506
2023-06-26 03:50:14,769 - pytorch_cvae.py[line:170] - INFO: ----------------------------No.128 epoch----------------------------
2023-06-26 03:50:14,769 - pytorch_cvae.py[line:177] - INFO: loss:26462.22643971443, numeric_loss:1517.1774080470204, categorical_loss:24945.03576540947, kld_loss:0.016581262815634545, epoch_train_time:98.30175105109811
2023-06-26 03:51:53,619 - pytorch_cvae.py[line:170] - INFO: ----------------------------No.129 epoch----------------------------
2023-06-26 03:51:53,619 - pytorch_cvae.py[line:177] - INFO: loss:26462.26705145836, numeric_loss:1517.2048111259937, categorical_loss:24945.049818754196, kld_loss:0.01551965274848044, epoch_train_time:98.85016460786574
2023-06-26 03:53:32,881 - pytorch_cvae.py[line:170] - INFO: ----------------------------No.130 epoch----------------------------
2023-06-26 03:53:32,881 - pytorch_cvae.py[line:177] - INFO: loss:26462.282115459442, numeric_loss:1517.2005723714828, categorical_loss:24945.06849002838, kld_loss:0.01630703581031412, epoch_train_time:99.2616364969872
2023-06-26 03:55:11,453 - pytorch_cvae.py[line:170] - INFO: ----------------------------No.131 epoch----------------------------
2023-06-26 03:55:11,454 - pytorch_cvae.py[line:177] - INFO: loss:26462.250591516495, numeric_loss:1517.2031264454126, categorical_loss:24945.034363508224, kld_loss:0.01638159982394427, epoch_train_time:98.57181382412091
2023-06-26 03:56:50,105 - pytorch_cvae.py[line:170] - INFO: ----------------------------No.132 epoch----------------------------
2023-06-26 03:56:50,105 - pytorch_cvae.py[line:177] - INFO: loss:26462.273984193802, numeric_loss:1517.2080496922135, categorical_loss:24945.0528318882, kld_loss:0.01637979768383957, epoch_train_time:98.65148919494823
2023-06-26 03:58:28,754 - pytorch_cvae.py[line:170] - INFO: ----------------------------No.133 epoch----------------------------
2023-06-26 03:58:28,754 - pytorch_cvae.py[line:177] - INFO: loss:26462.252403259277, numeric_loss:1517.19401063025, categorical_loss:24945.04453754425, kld_loss:0.017314743624353923, epoch_train_time:98.64846844295971
2023-06-26 04:00:07,201 - pytorch_cvae.py[line:170] - INFO: ----------------------------No.134 epoch----------------------------
2023-06-26 04:00:07,202 - pytorch_cvae.py[line:177] - INFO: loss:26462.251452207565, numeric_loss:1517.1956596672535, categorical_loss:24945.042509555817, kld_loss:0.016600178877979488, epoch_train_time:98.44702962390147
2023-06-26 04:01:48,308 - pytorch_cvae.py[line:170] - INFO: ----------------------------No.135 epoch----------------------------
2023-06-26 04:01:48,308 - pytorch_cvae.py[line:177] - INFO: loss:26462.26873278618, numeric_loss:1517.2090172246099, categorical_loss:24945.046688079834, kld_loss:0.01629792425751475, epoch_train_time:101.1062084340956
2023-06-26 04:03:28,979 - pytorch_cvae.py[line:170] - INFO: ----------------------------No.136 epoch----------------------------
2023-06-26 04:03:28,980 - pytorch_cvae.py[line:177] - INFO: loss:26462.262715101242, numeric_loss:1517.2016308009624, categorical_loss:24945.048431634903, kld_loss:0.015819701287568932, epoch_train_time:100.67117038997822
2023-06-26 04:05:08,304 - pytorch_cvae.py[line:170] - INFO: ----------------------------No.137 epoch----------------------------
2023-06-26 04:05:08,304 - pytorch_cvae.py[line:177] - INFO: loss:26462.26191663742, numeric_loss:1517.199387781322, categorical_loss:24945.049362897873, kld_loss:0.01644063161484155, epoch_train_time:99.32433742797002
2023-06-26 04:06:47,936 - pytorch_cvae.py[line:170] - INFO: ----------------------------No.138 epoch----------------------------
2023-06-26 04:06:47,936 - pytorch_cvae.py[line:177] - INFO: loss:26462.243370771408, numeric_loss:1517.190947264433, categorical_loss:24945.039728164673, kld_loss:0.015848224400542676, epoch_train_time:99.63140952098183
2023-06-26 04:08:28,326 - pytorch_cvae.py[line:170] - INFO: ----------------------------No.139 epoch----------------------------
2023-06-26 04:08:28,326 - pytorch_cvae.py[line:177] - INFO: loss:26462.26959848404, numeric_loss:1517.1958366185427, categorical_loss:24945.06066584587, kld_loss:0.016372002195566893, epoch_train_time:100.3901506618131
2023-06-26 04:10:08,850 - pytorch_cvae.py[line:170] - INFO: ----------------------------No.140 epoch----------------------------
2023-06-26 04:10:08,850 - pytorch_cvae.py[line:177] - INFO: loss:26462.26081967354, numeric_loss:1517.1989981234074, categorical_loss:24945.048988342285, kld_loss:0.016029831836931407, epoch_train_time:100.52342887618579
2023-06-26 04:11:48,318 - pytorch_cvae.py[line:170] - INFO: ----------------------------No.141 epoch----------------------------
2023-06-26 04:11:48,318 - pytorch_cvae.py[line:177] - INFO: loss:26462.255258321762, numeric_loss:1517.194811359048, categorical_loss:24945.04693198204, kld_loss:0.016912897466681898, epoch_train_time:99.46733748400584
2023-06-26 04:13:27,410 - pytorch_cvae.py[line:170] - INFO: ----------------------------No.142 epoch----------------------------
2023-06-26 04:13:27,411 - pytorch_cvae.py[line:177] - INFO: loss:26462.249245405197, numeric_loss:1517.2019139751792, categorical_loss:24945.034431695938, kld_loss:0.016128397081047297, epoch_train_time:99.09253064892255
2023-06-26 04:15:05,942 - pytorch_cvae.py[line:170] - INFO: ----------------------------No.143 epoch----------------------------
2023-06-26 04:15:05,942 - pytorch_cvae.py[line:177] - INFO: loss:26462.280748844147, numeric_loss:1517.1951298341155, categorical_loss:24945.071941375732, kld_loss:0.01709471282083541, epoch_train_time:98.53141056094319
2023-06-26 04:16:44,138 - pytorch_cvae.py[line:170] - INFO: ----------------------------No.144 epoch----------------------------
2023-06-26 04:16:44,138 - pytorch_cvae.py[line:177] - INFO: loss:26462.29208302498, numeric_loss:1517.2107544913888, categorical_loss:24945.068049907684, kld_loss:0.01659075739041782, epoch_train_time:98.19522154005244
2023-06-26 04:18:23,026 - pytorch_cvae.py[line:170] - INFO: ----------------------------No.145 epoch----------------------------
2023-06-26 04:18:23,026 - pytorch_cvae.py[line:177] - INFO: loss:26462.277747392654, numeric_loss:1517.2095013335347, categorical_loss:24945.055342435837, kld_loss:0.016117281280457973, epoch_train_time:98.88807793008164
2023-06-26 04:20:03,269 - pytorch_cvae.py[line:170] - INFO: ----------------------------No.146 epoch----------------------------
2023-06-26 04:20:03,269 - pytorch_cvae.py[line:177] - INFO: loss:26462.220811128616, numeric_loss:1517.1935655772686, categorical_loss:24945.014368534088, kld_loss:0.0160877633607015, epoch_train_time:100.24209806113504
2023-06-26 04:21:42,895 - pytorch_cvae.py[line:170] - INFO: ----------------------------No.147 epoch----------------------------
2023-06-26 04:21:42,895 - pytorch_cvae.py[line:177] - INFO: loss:26462.254754781723, numeric_loss:1517.1975679695606, categorical_loss:24945.044281244278, kld_loss:0.016133155208081007, epoch_train_time:99.62568962597288
2023-06-26 04:23:23,741 - pytorch_cvae.py[line:170] - INFO: ----------------------------No.148 epoch----------------------------
2023-06-26 04:23:23,741 - pytorch_cvae.py[line:177] - INFO: loss:26462.26807284355, numeric_loss:1517.1953600645065, categorical_loss:24945.05952310562, kld_loss:0.01651077705901116, epoch_train_time:100.84600706002675
2023-06-26 04:25:03,871 - pytorch_cvae.py[line:170] - INFO: ----------------------------No.149 epoch----------------------------
2023-06-26 04:25:03,871 - pytorch_cvae.py[line:177] - INFO: loss:26462.22261953354, numeric_loss:1517.1760866940022, categorical_loss:24945.033634662628, kld_loss:0.01610600098501891, epoch_train_time:100.12925542285666
2023-06-26 04:26:44,067 - pytorch_cvae.py[line:170] - INFO: ----------------------------No.150 epoch----------------------------
2023-06-26 04:26:44,068 - pytorch_cvae.py[line:177] - INFO: loss:26462.264904260635, numeric_loss:1517.1991070508957, categorical_loss:24945.052985429764, kld_loss:0.016024610376916826, epoch_train_time:100.19648453593254
2023-06-26 04:26:44,068 - pytorch_cvae.py[line:186] - INFO: training time elapsed:13999.36346579506
2023-06-26 04:26:44,070 - model_utils.py[line:67] - INFO: save model successfully
2023-06-26 04:27:20,344 - pytorch_cvae.py[line:268] - INFO: train model time elapsed:14042.277492227964
2023-06-26 04:27:20,344 - dataset_utils.py[line:585] - INFO: load existing dataset(light):70-store_s_store_sk#s_store_id#s_store_name#s_state#s_county__s_store_sk#s_store_id#s_store_name#s_state#s_county_binary_gaussian5_0
2023-06-26 04:27:20,351 - dataset_utils.py[line:594] - INFO: load dataset(light) time elapsed:0.006631138967350125
2023-06-26 04:27:20,351 - pytorch_cvae.py[line:280] - INFO: feature info:[('s_store_sk', 'categorical', 5), ('s_store_id', 'categorical', 4), ('s_store_name', 'categorical', 4), ('s_state', 'categorical', 1), ('s_county', 'categorical', 1)]
2023-06-26 04:27:20,353 - model_utils.py[line:75] - INFO: load model name:torch_cvae_70-store_s_store_sk_s_store_id_s_store_name_s_state_s_county_ld100_id150_bs128_ep100_0_binary_gaussian5
2023-06-26 04:27:20,358 - model_utils.py[line:86] - INFO: load torch model time elapsed:0.005731940036639571
2023-06-26 04:27:20,359 - pytorch_cvae.py[line:290] - INFO: load model time elapsed:0.014618805143982172
2023-06-26 04:27:20,359 - dataset_utils.py[line:585] - INFO: load existing dataset(light):3-date_dim_d_date_sk#d_year__d_date_sk#d_year_binary_gaussian5_0
2023-06-26 04:27:20,438 - dataset_utils.py[line:594] - INFO: load dataset(light) time elapsed:0.07896768790669739
2023-06-26 04:27:20,438 - pytorch_cvae.py[line:280] - INFO: feature info:[('d_date_sk', 'categorical', 18), ('d_year', 'categorical', 9)]
2023-06-26 04:27:20,439 - model_utils.py[line:75] - INFO: load model name:torch_cvae_3-date_dim_d_date_sk_d_year_ld100_id150_bs128_ep100_0_binary_gaussian5
2023-06-26 04:27:20,441 - model_utils.py[line:86] - INFO: load torch model time elapsed:0.001980612985789776
2023-06-26 04:27:20,441 - pytorch_cvae.py[line:290] - INFO: load model time elapsed:0.08209151797927916
2023-06-26 04:27:20,441 - dataset_utils.py[line:585] - INFO: load existing dataset(light):13-household_demographics_hd_demo_sk__hd_demo_sk_binary_gaussian5_0
2023-06-26 04:27:20,446 - dataset_utils.py[line:594] - INFO: load dataset(light) time elapsed:0.005359946982935071
2023-06-26 04:27:20,446 - pytorch_cvae.py[line:280] - INFO: feature info:[('hd_demo_sk', 'categorical', 14)]
2023-06-26 04:27:20,447 - model_utils.py[line:75] - INFO: load model name:torch_cvae_13-household_demographics_hd_demo_sk_ld100_id150_bs128_ep100_0_binary_gaussian5
2023-06-26 04:27:20,449 - model_utils.py[line:86] - INFO: load torch model time elapsed:0.0016729079652577639
2023-06-26 04:27:20,449 - pytorch_cvae.py[line:290] - INFO: load model time elapsed:0.007928211009129882
2023-06-26 04:27:20,449 - dataset_utils.py[line:585] - INFO: load existing dataset(light):13-customer_demographics_cd_demo_sk__cd_demo_sk_binary_gaussian5_0
2023-06-26 04:27:22,700 - dataset_utils.py[line:594] - INFO: load dataset(light) time elapsed:2.251217575976625
2023-06-26 04:27:22,700 - pytorch_cvae.py[line:280] - INFO: feature info:[('cd_demo_sk', 'categorical', 22)]
2023-06-26 04:27:22,701 - model_utils.py[line:75] - INFO: load model name:torch_cvae_13-customer_demographics_cd_demo_sk_ld100_id150_bs128_ep100_0_binary_gaussian5
2023-06-26 04:27:22,703 - model_utils.py[line:86] - INFO: load torch model time elapsed:0.001796879107132554
2023-06-26 04:27:22,703 - pytorch_cvae.py[line:290] - INFO: load model time elapsed:2.2542125310283154
2023-06-26 04:27:22,703 - dataset_utils.py[line:585] - INFO: load existing dataset(light):86-customer_address_ca_address_sk__ca_address_sk_binary_gaussian5_0
2023-06-26 04:27:22,729 - dataset_utils.py[line:594] - INFO: load dataset(light) time elapsed:0.025719542987644672
2023-06-26 04:27:22,729 - pytorch_cvae.py[line:280] - INFO: feature info:[('ca_address_sk', 'categorical', 17)]
2023-06-26 04:27:22,730 - model_utils.py[line:75] - INFO: load model name:torch_cvae_86-customer_address_ca_address_sk_ld100_id150_bs128_ep100_0_binary_gaussian5
2023-06-26 04:27:22,731 - model_utils.py[line:86] - INFO: load torch model time elapsed:0.0016946929972618818
2023-06-26 04:27:22,731 - pytorch_cvae.py[line:290] - INFO: load model time elapsed:0.028416540939360857
2023-06-26 04:27:22,731 - main.py[line:572] - INFO: multi_sampling No.0 epoch
2023-06-26 04:27:24,290 - pytorch_cvae.py[line:407] - INFO: sampling time:1.5506964719388634
2023-06-26 04:27:24,293 - dataset_utils.py[line:566] - INFO: load existing dataset:70-store_s_store_sk#s_store_id#s_store_name#s_state#s_county__s_store_sk#s_store_id#s_store_name#s_state#s_county_binary_gaussian5_0
2023-06-26 04:27:24,296 - dataset_utils.py[line:578] - INFO: load dataset time elapsed:0.0025649890303611755
2023-06-26 04:27:24,296 - dataset_utils.py[line:566] - INFO: load existing dataset:3-date_dim_d_date_sk#d_year__d_date_sk#d_year_binary_gaussian5_0
2023-06-26 04:27:24,394 - dataset_utils.py[line:578] - INFO: load dataset time elapsed:0.09823735803365707
2023-06-26 04:27:24,395 - dataset_utils.py[line:566] - INFO: load existing dataset:13-household_demographics_hd_demo_sk__hd_demo_sk_binary_gaussian5_0
2023-06-26 04:27:24,401 - dataset_utils.py[line:578] - INFO: load dataset time elapsed:0.0058382670395076275
2023-06-26 04:27:24,408 - dataset_utils.py[line:566] - INFO: load existing dataset:13-customer_demographics_cd_demo_sk__cd_demo_sk_binary_gaussian5_0
2023-06-26 04:27:27,375 - dataset_utils.py[line:578] - INFO: load dataset time elapsed:2.9671613560058177
2023-06-26 04:27:27,377 - dataset_utils.py[line:566] - INFO: load existing dataset:86-customer_address_ca_address_sk__ca_address_sk_binary_gaussian5_0
2023-06-26 04:27:27,411 - dataset_utils.py[line:578] - INFO: load dataset time elapsed:0.03365852194838226
2023-06-26 04:27:27,828 - main.py[line:555] - INFO: sample and aggregation time elapsed:5.096456890925765
2023-06-26 04:27:27,838 - main.py[line:593] - INFO: sample time: 5.106662872014567
2023-06-26 04:27:27,855 - main.py[line:104] - INFO: aqp result:
sum(ss_quantity)             129439175.80 
sum(ss_ext_sales_price)      5204345308.82
sum(ss_ext_wholesale_cost)   6529541876.71
avg(ss_quantity)             50.06        
avg(ss_ext_sales_price)      2012.68      
avg(ss_ext_wholesale_cost)   2525.17      
dtype: float64
2023-06-26 04:27:27,857 - main.py[line:105] - INFO: ground truth:
   avg(ss_quantity)  sum(ss_quantity)  avg(ss_ext_sales_price)  \
0 50.51              132368134        1914.66                    

   sum(ss_ext_sales_price)  avg(ss_ext_wholesale_cost)  \
0  5017501836              2551.10                       

   sum(ss_ext_wholesale_cost)  
0  6685345904                  
2023-06-26 04:27:27,865 - main.py[line:611] - INFO: relative error:
   avg(ss_ext_sales_price)  avg(ss_ext_wholesale_cost)  avg(ss_quantity)  \
0 0.05                     0.01                        0.01                

   sum(ss_ext_sales_price)  sum(ss_ext_wholesale_cost)  sum(ss_quantity)  
0 0.04                     0.02                        0.02               
2023-06-26 04:27:27,866 - main.py[line:612] - INFO: relative error normalized:
   avg(ss_quantity)  avg(ss_ext_sales_price)  avg(ss_ext_wholesale_cost)
0 0.01              0.05                     0.01                       
2023-06-26 04:27:27,866 - main.py[line:615] - INFO: relative error average: 0.025499726145630414
2023-06-26 04:27:27,866 - main.py[line:616] - INFO: relative error normalized average: 0.022982453125789837
2023-06-26 04:27:28,025 - main.py[line:662] - INFO: total_time:14049.959565689089
