main.py:19: FutureWarning: Passing a negative integer is deprecated in version 1.0 and will not be supported in future version. Instead, use None to not limit the column width.
  pd.set_option('max_colwidth', -1)
2022-07-07 18:54:15,252 - main.py[line:581] - INFO: load query config config/query/customer_join_supplier.json successfully
2022-07-07 18:54:15,253 - main.py[line:588] - INFO: load train config ./config/train/tpch_customer_torch_cvae.json successfully
2022-07-07 18:54:15,269 - main.py[line:588] - INFO: load train config ./config/train/tpch_supplier_torch_cvae.json successfully
2022-07-07 18:54:15,269 - dataset_utils.py[line:567] - INFO: load existing dataset(light):tpch-1m-customer_c_nationkey_c_acctbal_c_nationkey_binary_gaussian5_0
2022-07-07 18:54:16,964 - dataset_utils.py[line:576] - INFO: load dataset(light) time elapsed:1.6951932609081268
2022-07-07 18:54:16,965 - pytorch_cvae.py[line:276] - INFO: feature info:[('c_acctbal', 'numerical', 6), ('c_nationkey', 'categorical', 6)]
2022-07-07 18:54:16,987 - model_utils.py[line:75] - INFO: load model name:torch_cvae_tpch-1m-customer_c_nationkey_ld100_id100_bs512_ep150_0_binary_gaussian5
2022-07-07 18:54:25,375 - model_utils.py[line:86] - INFO: load torch model time elapsed:8.388109542429447
2022-07-07 18:54:25,375 - pytorch_cvae.py[line:286] - INFO: load model time elapsed:10.10601158440113
2022-07-07 18:54:25,375 - dataset_utils.py[line:567] - INFO: load existing dataset(light):tpch-1m-supplier_s_nationkey_s_acctbal_s_nationkey_binary_gaussian5_0
2022-07-07 18:54:25,505 - dataset_utils.py[line:576] - INFO: load dataset(light) time elapsed:0.12962451949715614
2022-07-07 18:54:25,505 - pytorch_cvae.py[line:276] - INFO: feature info:[('s_acctbal', 'numerical', 6), ('s_nationkey', 'categorical', 6)]
2022-07-07 18:54:25,507 - model_utils.py[line:75] - INFO: load model name:torch_cvae_tpch-1m-supplier_s_nationkey_ld100_id150_bs128_ep100_0_binary_gaussian5
2022-07-07 18:54:25,511 - model_utils.py[line:86] - INFO: load torch model time elapsed:0.004112809896469116
2022-07-07 18:54:25,511 - pytorch_cvae.py[line:286] - INFO: load model time elapsed:0.13580236956477165
2022-07-07 18:54:25,511 - main.py[line:525] - INFO: multi_sampling No.0 epoch
2022-07-07 18:54:27,826 - pytorch_cvae.py[line:399] - INFO: sampling time:2.31455497443676
2022-07-07 18:54:28,514 - pytorch_cvae.py[line:399] - INFO: sampling time:0.13822531700134277
2022-07-07 18:56:02,005 - main.py[line:509] - INFO: sample and aggregation time elapsed:96.4850581586361
2022-07-07 18:56:02,081 - main.py[line:542] - INFO: sample time: 96.56909573450685
2022-07-07 18:56:02,176 - main.py[line:99] - INFO: aqp result:
             avg(c_acctbal)  avg(s_acctbal)    sum(c_acctbal)  \
c_nationkey                                                     
0           4515.35         4542.45         13184924962345.98   
1           4615.90         4543.12         13536822235303.84   
2           4516.35         4416.33         13355355319685.72   
3           4592.60         4480.76         13488959916136.95   
4           4467.22         4591.89         13156669592773.57   
5           4427.88         4534.27         12999598757519.87   
6           4481.21         4499.09         13145114985875.90   
7           4488.24         4434.92         13276728061053.08   
8           4449.43         4514.03         13148274818372.94   
9           4486.24         4386.69         13081789480482.14   
10          4465.75         4416.27         13331462892417.62   
11          4477.78         4335.92         13162897520411.64   
12          4439.66         4531.93         13062202840241.48   
13          4462.16         4454.67         13018048201703.34   
14          4456.24         4452.68         13033775930713.85   
15          4436.22         4551.05         12990983571464.74   
16          4547.99         4526.78         13193634935763.47   
17          4510.55         4542.75         13247394475739.13   
18          4530.46         4492.77         13446681424172.63   
19          4613.39         4458.20         13574274066093.95   
20          4482.27         4636.59         13091808014223.34   
21          4412.63         4660.12         13050966577655.18   
22          4478.30         4405.01         13064307050129.32   
23          4493.37         4601.58         13396687357201.18   
24          4525.85         4437.16         13335167015071.94   

               sum(s_acctbal)  
c_nationkey                    
0           13264066929359.45  
1           13323369602419.95  
2           13059597937309.10  
3           13160490355408.49  
4           13523854126412.34  
5           13311953010651.02  
6           13197551793566.24  
7           13119021958030.99  
8           13339181700608.38  
9           12791531651666.81  
10          13183746912832.43  
11          12745912963858.06  
12          13333652409458.56  
13          12996200615690.93  
14          13023365302339.00  
15          13327233610888.63  
16          13132107459439.81  
17          13341981549583.06  
18          13334819259397.23  
19          13117651973260.06  
20          13542545525973.48  
21          13782973920364.28  
22          12850524514134.24  
23          13719315656762.88  
24          13073835768029.62  
2022-07-07 18:56:02,180 - main.py[line:100] - INFO: ground truth:
             avg(c_acctbal)  avg(s_acctbal)    sum(c_acctbal)  \
c_nationkey                                                     
0           4498.95         4498.57         13137050865863.60   
1           4483.88         4470.22         13149646281809.01   
2           4511.85         4489.62         13342053689772.46   
3           4490.01         4514.69         13187641806805.82   
4           4499.30         4471.14         13251165475120.12   
5           4493.96         4520.17         13193606487126.12   
6           4496.91         4519.01         13191170068459.00   
7           4496.45         4502.13         13301026611714.75   
8           4508.75         4477.53         13323561611490.36   
9           4495.16         4476.37         13107800565918.19   
10          4508.78         4537.02         13459919946282.55   
11          4505.86         4497.51         13245445724094.84   
12          4486.76         4487.42         13200769753116.53   
13          4498.32         4477.46         13123545091893.35   
14          4492.92         4423.95         13141073384635.39   
15          4496.65         4507.04         13167934218259.21   
16          4497.97         4484.46         13048533690939.52   
17          4498.89         4469.89         13213157636257.13   
18          4504.31         4507.04         13369070255795.90   
19          4493.86         4479.01         13222587445498.48   
20          4508.24         4505.12         13167670983446.76   
21          4497.42         4499.65         13301755233493.62   
22          4509.35         4529.78         13154909873498.27   
23          4491.46         4514.13         13390984870946.13   
24          4497.85         4531.45         13252664593162.88   

               sum(s_acctbal)  
c_nationkey                    
0           13135947461813.83  
1           13109570484166.52  
2           13276329410714.19  
3           13260121352641.59  
4           13168230420466.88  
5           13270548889539.71  
6           13255999087516.73  
7           13317813742584.13  
8           13231301968194.10  
9           13053014471235.28  
10          13544226414833.09  
11          13220904953852.09  
12          13202710511338.45  
13          13062683219957.92  
14          12939342250164.17  
15          13198360088664.20  
16          13009336466808.88  
17          13127980878530.39  
18          13377172818749.44  
19          13178897453144.76  
20          13158569941796.00  
21          13308361848968.49  
22          13214482559726.61  
23          13458574251406.53  
24          13351658802394.96  
2022-07-07 18:56:02,196 - main.py[line:550] - INFO: relative error:
             avg(c_acctbal)  avg(s_acctbal)  sum(c_acctbal)  sum(s_acctbal)
c_nationkey                                                                
0           0.00            0.01            0.00            0.01           
1           0.03            0.02            0.03            0.02           
2           0.00            0.02            0.00            0.02           
3           0.02            0.01            0.02            0.01           
4           0.01            0.03            0.01            0.03           
5           0.01            0.00            0.01            0.00           
6           0.00            0.00            0.00            0.00           
7           0.00            0.01            0.00            0.01           
8           0.01            0.01            0.01            0.01           
9           0.00            0.02            0.00            0.02           
10          0.01            0.03            0.01            0.03           
11          0.01            0.04            0.01            0.04           
12          0.01            0.01            0.01            0.01           
13          0.01            0.01            0.01            0.01           
14          0.01            0.01            0.01            0.01           
15          0.01            0.01            0.01            0.01           
16          0.01            0.01            0.01            0.01           
17          0.00            0.02            0.00            0.02           
18          0.01            0.00            0.01            0.00           
19          0.03            0.00            0.03            0.00           
20          0.01            0.03            0.01            0.03           
21          0.02            0.04            0.02            0.04           
22          0.01            0.03            0.01            0.03           
23          0.00            0.02            0.00            0.02           
24          0.01            0.02            0.01            0.02           
2022-07-07 18:56:02,200 - main.py[line:551] - INFO: relative error normalized:
             avg(c_acctbal)  avg(s_acctbal)  sum(c_acctbal)  sum(s_acctbal)
c_nationkey                                                                
0           0.00            0.01            0.00            0.01           
1           0.03            0.02            0.03            0.02           
2           0.00            0.02            0.00            0.02           
3           0.02            0.01            0.02            0.01           
4           0.01            0.03            0.01            0.03           
5           0.01            0.00            0.01            0.00           
6           0.00            0.00            0.00            0.00           
7           0.00            0.01            0.00            0.01           
8           0.01            0.01            0.01            0.01           
9           0.00            0.02            0.00            0.02           
10          0.01            0.03            0.01            0.03           
11          0.01            0.04            0.01            0.04           
12          0.01            0.01            0.01            0.01           
13          0.01            0.01            0.01            0.01           
14          0.01            0.01            0.01            0.01           
15          0.01            0.01            0.01            0.01           
16          0.01            0.01            0.01            0.01           
17          0.00            0.02            0.00            0.02           
18          0.01            0.00            0.01            0.00           
19          0.03            0.00            0.03            0.00           
20          0.01            0.03            0.01            0.03           
21          0.02            0.04            0.02            0.04           
22          0.01            0.03            0.01            0.03           
23          0.00            0.02            0.00            0.02           
24          0.01            0.02            0.01            0.02           
2022-07-07 18:56:02,201 - main.py[line:554] - INFO: relative error average: 0.012537698065612857
2022-07-07 18:56:02,201 - main.py[line:555] - INFO: relative error normalized average: 0.012416366996319095
2022-07-07 18:56:02,257 - main.py[line:601] - INFO: total_time:107.00447577610612
categorical_columns: ['c_nationkey_0', 'c_nationkey_1', 'c_nationkey_2', 'c_nationkey_3', 'c_nationkey_4', 'c_nationkey_5']
categorical_columns: ['s_nationkey_0', 's_nationkey_1', 's_nationkey_2', 's_nationkey_3', 's_nationkey_4', 's_nationkey_5']
