main.py:19: FutureWarning: Passing a negative integer is deprecated in version 1.0 and will not be supported in future version. Instead, use None to not limit the column width.
  pd.set_option('max_colwidth', -1)
2023-06-12 01:43:54,043 - main.py[line:626] - INFO: load query config config/tpcds_whole/query/sql51.json successfully
2023-06-12 01:43:54,044 - main.py[line:633] - INFO: load train config ./config/tpcds_whole/train/51_web_sales.json successfully
2023-06-12 01:43:54,044 - main.py[line:633] - INFO: load train config ./config/tpcds_whole/train/51_date_dim.json successfully
2023-06-12 01:43:54,044 - pytorch_cvae.py[line:249] - INFO: epoch:200
2023-06-12 01:43:54,044 - pytorch_cvae.py[line:250] - INFO: batch size:128
2023-06-12 01:43:54,044 - pytorch_cvae.py[line:251] - INFO: latent dimension:200
2023-06-12 01:43:54,044 - pytorch_cvae.py[line:252] - INFO: intermediate dimension:200
2023-06-12 01:43:54,044 - pytorch_cvae.py[line:253] - INFO: gpu num:0
2023-06-12 01:43:54,044 - dataset_utils.py[line:566] - INFO: load existing dataset:51-web_sales_ws_sold_date_sk#ws_web_page_sk_ws_sales_price_ws_sold_date_sk#ws_web_page_sk_binary_gaussian15_0
2023-06-12 01:43:56,745 - dataset_utils.py[line:578] - INFO: load dataset time elapsed:2.7012919462285936
2023-06-12 01:43:56,745 - pytorch_cvae.py[line:258] - INFO: feature info:[('ws_sales_price', 'numerical', 16), ('ws_sold_date_sk', 'categorical', 12), ('ws_web_page_sk', 'categorical', 7)]
2023-06-12 01:44:40,035 - pytorch_cvae.py[line:170] - INFO: ----------------------------No.1 epoch----------------------------
2023-06-12 01:44:40,035 - pytorch_cvae.py[line:177] - INFO: loss:2118.825055554509, numeric_loss:58.22071381867863, categorical_loss:780.7476713731885, kld_loss:237434.46031308174, epoch_train_time:43.28704003803432
2023-06-12 01:45:22,677 - pytorch_cvae.py[line:170] - INFO: ----------------------------No.2 epoch----------------------------
2023-06-12 01:45:22,677 - pytorch_cvae.py[line:177] - INFO: loss:1143.9245918542147, numeric_loss:33.04370272089727, categorical_loss:123.12250003265217, kld_loss:165890.24937057495, epoch_train_time:42.64142488595098
2023-06-12 01:46:05,473 - pytorch_cvae.py[line:170] - INFO: ----------------------------No.3 epoch----------------------------
2023-06-12 01:46:05,473 - pytorch_cvae.py[line:177] - INFO: loss:1182.692998379469, numeric_loss:32.85631092241965, categorical_loss:116.32400549738668, kld_loss:157292.46564483643, epoch_train_time:42.79502675822005
2023-06-12 01:46:48,304 - pytorch_cvae.py[line:170] - INFO: ----------------------------No.4 epoch----------------------------
2023-06-12 01:46:48,304 - pytorch_cvae.py[line:177] - INFO: loss:1266.718624562025, numeric_loss:33.70038598636165, categorical_loss:122.11865330860019, kld_loss:153363.9225921631, epoch_train_time:42.83114843675867
2023-06-12 01:47:31,016 - pytorch_cvae.py[line:170] - INFO: ----------------------------No.5 epoch----------------------------
2023-06-12 01:47:31,017 - pytorch_cvae.py[line:177] - INFO: loss:1362.9858920574188, numeric_loss:35.17355102370493, categorical_loss:132.54598802467808, kld_loss:149831.69122505188, epoch_train_time:42.71197790512815
2023-06-12 01:48:13,788 - pytorch_cvae.py[line:170] - INFO: ----------------------------No.6 epoch----------------------------
2023-06-12 01:48:13,788 - pytorch_cvae.py[line:177] - INFO: loss:1463.3836293369532, numeric_loss:37.18488809838891, categorical_loss:144.69082725886256, kld_loss:146010.85616874695, epoch_train_time:42.771008752286434
2023-06-12 01:48:56,653 - pytorch_cvae.py[line:170] - INFO: ----------------------------No.7 epoch----------------------------
2023-06-12 01:48:56,653 - pytorch_cvae.py[line:177] - INFO: loss:1565.9155685901642, numeric_loss:39.393847479484975, categorical_loss:157.47916342876852, kld_loss:141918.81936454773, epoch_train_time:42.86499968636781
2023-06-12 01:49:39,317 - pytorch_cvae.py[line:170] - INFO: ----------------------------No.8 epoch----------------------------
2023-06-12 01:49:39,317 - pytorch_cvae.py[line:177] - INFO: loss:1677.7863388061523, numeric_loss:41.40163941914216, categorical_loss:173.35325469542295, kld_loss:138124.32426261902, epoch_train_time:42.663650459144264
2023-06-12 01:50:22,005 - pytorch_cvae.py[line:170] - INFO: ----------------------------No.9 epoch----------------------------
2023-06-12 01:50:22,005 - pytorch_cvae.py[line:177] - INFO: loss:1786.8434789180756, numeric_loss:43.97088232031092, categorical_loss:189.53193704923615, kld_loss:133693.71368598938, epoch_train_time:42.68760299263522
2023-06-12 01:51:04,637 - pytorch_cvae.py[line:170] - INFO: ----------------------------No.10 epoch----------------------------
2023-06-12 01:51:04,637 - pytorch_cvae.py[line:177] - INFO: loss:1894.7771390080452, numeric_loss:46.91610954143107, categorical_loss:205.71331412997097, kld_loss:128978.86221694946, epoch_train_time:42.631656892132014
2023-06-12 01:51:47,156 - pytorch_cvae.py[line:170] - INFO: ----------------------------No.11 epoch----------------------------
2023-06-12 01:51:47,156 - pytorch_cvae.py[line:177] - INFO: loss:2005.5362831056118, numeric_loss:49.78194932686165, categorical_loss:220.97240027599037, kld_loss:124465.08827590942, epoch_train_time:42.51839174097404
2023-06-12 01:52:29,758 - pytorch_cvae.py[line:170] - INFO: ----------------------------No.12 epoch----------------------------
2023-06-12 01:52:29,758 - pytorch_cvae.py[line:177] - INFO: loss:2138.793276041746, numeric_loss:53.32588171772659, categorical_loss:240.81060764566064, kld_loss:121017.69663238525, epoch_train_time:42.602147420402616
2023-06-12 01:53:12,185 - pytorch_cvae.py[line:170] - INFO: ----------------------------No.13 epoch----------------------------
2023-06-12 01:53:12,185 - pytorch_cvae.py[line:177] - INFO: loss:2282.9606222212315, numeric_loss:56.58234011614695, categorical_loss:265.2943190727383, kld_loss:117759.09046936035, epoch_train_time:42.42643142491579
2023-06-12 01:53:54,891 - pytorch_cvae.py[line:170] - INFO: ----------------------------No.14 epoch----------------------------
2023-06-12 01:53:54,891 - pytorch_cvae.py[line:177] - INFO: loss:2435.556008964777, numeric_loss:60.82635768316686, categorical_loss:292.2984173335135, kld_loss:114569.27317619324, epoch_train_time:42.70577222388238
2023-06-12 01:54:37,500 - pytorch_cvae.py[line:170] - INFO: ----------------------------No.15 epoch----------------------------
2023-06-12 01:54:37,501 - pytorch_cvae.py[line:177] - INFO: loss:2590.011159211397, numeric_loss:65.0558932251297, categorical_loss:321.43594756163657, kld_loss:111185.43117523193, epoch_train_time:42.609123540110886
2023-06-12 01:55:20,251 - pytorch_cvae.py[line:170] - INFO: ----------------------------No.16 epoch----------------------------
2023-06-12 01:55:20,251 - pytorch_cvae.py[line:177] - INFO: loss:2750.367664337158, numeric_loss:69.74167470633984, categorical_loss:354.70334896072745, kld_loss:107744.25135612488, epoch_train_time:42.75014251191169
2023-06-12 01:56:02,980 - pytorch_cvae.py[line:170] - INFO: ----------------------------No.17 epoch----------------------------
2023-06-12 01:56:02,981 - pytorch_cvae.py[line:177] - INFO: loss:2904.6449152231216, numeric_loss:74.49705007206649, categorical_loss:389.24182469397783, kld_loss:103908.7265586853, epoch_train_time:42.729247136972845
2023-06-12 01:56:45,502 - pytorch_cvae.py[line:170] - INFO: ----------------------------No.18 epoch----------------------------
2023-06-12 01:56:45,502 - pytorch_cvae.py[line:177] - INFO: loss:3060.190835893154, numeric_loss:78.86227810103446, categorical_loss:422.4275583177805, kld_loss:100205.335105896, epoch_train_time:42.521284428890795
2023-06-12 01:57:28,141 - pytorch_cvae.py[line:170] - INFO: ----------------------------No.19 epoch----------------------------
2023-06-12 01:57:28,141 - pytorch_cvae.py[line:177] - INFO: loss:3233.8913018107414, numeric_loss:84.48572888970375, categorical_loss:458.99669540673494, kld_loss:97012.19611358643, epoch_train_time:42.63877181196585
2023-06-12 01:58:10,558 - pytorch_cvae.py[line:170] - INFO: ----------------------------No.20 epoch----------------------------
2023-06-12 01:58:10,558 - pytorch_cvae.py[line:177] - INFO: loss:3426.103592634201, numeric_loss:91.00337125640363, categorical_loss:506.13938027992845, kld_loss:94024.27375984192, epoch_train_time:42.41640081489459
2023-06-12 01:58:53,140 - pytorch_cvae.py[line:170] - INFO: ----------------------------No.21 epoch----------------------------
2023-06-12 01:58:53,141 - pytorch_cvae.py[line:177] - INFO: loss:3622.1221284866333, numeric_loss:98.14657014235854, categorical_loss:558.1048372089863, kld_loss:90950.38766860962, epoch_train_time:42.58216932089999
2023-06-12 01:59:35,722 - pytorch_cvae.py[line:170] - INFO: ----------------------------No.22 epoch----------------------------
2023-06-12 01:59:35,722 - pytorch_cvae.py[line:177] - INFO: loss:3832.30577647686, numeric_loss:106.2225137129426, categorical_loss:618.2848519347608, kld_loss:88019.47290325165, epoch_train_time:42.58143238397315
2023-06-12 02:00:18,171 - pytorch_cvae.py[line:170] - INFO: ----------------------------No.23 epoch----------------------------
2023-06-12 02:00:18,171 - pytorch_cvae.py[line:177] - INFO: loss:4031.437969684601, numeric_loss:114.63858407270163, categorical_loss:685.2072731927037, kld_loss:84615.58527565002, epoch_train_time:42.44862194126472
2023-06-12 02:01:00,882 - pytorch_cvae.py[line:170] - INFO: ----------------------------No.24 epoch----------------------------
2023-06-12 02:01:00,882 - pytorch_cvae.py[line:177] - INFO: loss:4223.217483282089, numeric_loss:123.71720845252275, categorical_loss:758.6889958828688, kld_loss:80952.06886959076, epoch_train_time:42.71001228969544
2023-06-12 02:01:44,013 - pytorch_cvae.py[line:170] - INFO: ----------------------------No.25 epoch----------------------------
2023-06-12 02:01:44,013 - pytorch_cvae.py[line:177] - INFO: loss:4397.505523562431, numeric_loss:133.71509054210037, categorical_loss:835.4464470744133, kld_loss:76955.00744819641, epoch_train_time:43.13080249214545
2023-06-12 02:02:27,311 - pytorch_cvae.py[line:170] - INFO: ----------------------------No.26 epoch----------------------------
2023-06-12 02:02:27,311 - pytorch_cvae.py[line:177] - INFO: loss:4566.115240573883, numeric_loss:144.19932002667338, categorical_loss:901.7050811201334, kld_loss:73270.96479988098, epoch_train_time:43.29792381217703
2023-06-12 02:03:10,648 - pytorch_cvae.py[line:170] - INFO: ----------------------------No.27 epoch----------------------------
2023-06-12 02:03:10,648 - pytorch_cvae.py[line:177] - INFO: loss:4746.641227781773, numeric_loss:156.7621882893145, categorical_loss:967.3172115385532, kld_loss:69988.08463001251, epoch_train_time:43.33642047131434
2023-06-12 02:03:54,044 - pytorch_cvae.py[line:170] - INFO: ----------------------------No.28 epoch----------------------------
2023-06-12 02:03:54,044 - pytorch_cvae.py[line:177] - INFO: loss:4948.254821181297, numeric_loss:169.30445737577975, categorical_loss:1054.3754787668586, kld_loss:66859.69359397888, epoch_train_time:43.39565334096551
2023-06-12 02:04:37,433 - pytorch_cvae.py[line:170] - INFO: ----------------------------No.29 epoch----------------------------
2023-06-12 02:04:37,433 - pytorch_cvae.py[line:177] - INFO: loss:5161.098781168461, numeric_loss:181.99526211246848, categorical_loss:1164.7793450951576, kld_loss:63682.325989723206, epoch_train_time:43.3887164471671
2023-06-12 02:05:20,741 - pytorch_cvae.py[line:170] - INFO: ----------------------------No.30 epoch----------------------------
2023-06-12 02:05:20,741 - pytorch_cvae.py[line:177] - INFO: loss:5379.618519544601, numeric_loss:194.90231894142926, categorical_loss:1295.885638192296, kld_loss:60446.0981464386, epoch_train_time:43.30809720931575
2023-06-12 02:06:04,139 - pytorch_cvae.py[line:170] - INFO: ----------------------------No.31 epoch----------------------------
2023-06-12 02:06:04,139 - pytorch_cvae.py[line:177] - INFO: loss:5596.798002302647, numeric_loss:208.5461344011128, categorical_loss:1456.7671120166779, kld_loss:56949.26243400574, epoch_train_time:43.39780093962327
2023-06-12 02:06:47,181 - pytorch_cvae.py[line:170] - INFO: ----------------------------No.32 epoch----------------------------
2023-06-12 02:06:47,182 - pytorch_cvae.py[line:177] - INFO: loss:5816.79948413372, numeric_loss:223.3332594577223, categorical_loss:1652.4953760057688, kld_loss:53253.87961387634, epoch_train_time:43.041758662089705
2023-06-12 02:07:30,028 - pytorch_cvae.py[line:170] - INFO: ----------------------------No.33 epoch----------------------------
2023-06-12 02:07:30,029 - pytorch_cvae.py[line:177] - INFO: loss:6021.976078152657, numeric_loss:237.57930253259838, categorical_loss:1895.0217078328133, kld_loss:49077.075406074524, epoch_train_time:42.84683161089197
2023-06-12 02:08:12,870 - pytorch_cvae.py[line:170] - INFO: ----------------------------No.34 epoch----------------------------
2023-06-12 02:08:12,870 - pytorch_cvae.py[line:177] - INFO: loss:6196.086528301239, numeric_loss:254.0485449861735, categorical_loss:2198.7513647675514, kld_loss:44150.64723062515, epoch_train_time:42.840991579927504
2023-06-12 02:08:55,504 - pytorch_cvae.py[line:170] - INFO: ----------------------------No.35 epoch----------------------------
2023-06-12 02:08:55,505 - pytorch_cvae.py[line:177] - INFO: loss:6330.26193356514, numeric_loss:270.5508082844317, categorical_loss:2586.7593543231487, kld_loss:38326.762593746185, epoch_train_time:42.63428813870996
2023-06-12 02:09:38,263 - pytorch_cvae.py[line:170] - INFO: ----------------------------No.36 epoch----------------------------
2023-06-12 02:09:38,263 - pytorch_cvae.py[line:177] - INFO: loss:6430.379198908806, numeric_loss:289.04832523316145, categorical_loss:2876.8270232379436, kld_loss:33742.26861476898, epoch_train_time:42.75812873383984
2023-06-12 02:10:21,024 - pytorch_cvae.py[line:170] - INFO: ----------------------------No.37 epoch----------------------------
2023-06-12 02:10:21,024 - pytorch_cvae.py[line:177] - INFO: loss:6533.080581188202, numeric_loss:308.23108081147075, categorical_loss:2976.8697080910206, kld_loss:31474.470999717712, epoch_train_time:42.760384869296104
2023-06-12 02:11:03,634 - pytorch_cvae.py[line:170] - INFO: ----------------------------No.38 epoch----------------------------
2023-06-12 02:11:03,634 - pytorch_cvae.py[line:177] - INFO: loss:6657.086711645126, numeric_loss:328.7314857952297, categorical_loss:3025.611906349659, kld_loss:30036.008686065674, epoch_train_time:42.60979746701196
2023-06-12 02:11:46,306 - pytorch_cvae.py[line:170] - INFO: ----------------------------No.39 epoch----------------------------
2023-06-12 02:11:46,306 - pytorch_cvae.py[line:177] - INFO: loss:6801.868878245354, numeric_loss:346.6696922965348, categorical_loss:3098.711114048958, kld_loss:28675.374809741974, epoch_train_time:42.672218861058354
2023-06-12 02:12:29,271 - pytorch_cvae.py[line:170] - INFO: ----------------------------No.40 epoch----------------------------
2023-06-12 02:12:29,271 - pytorch_cvae.py[line:177] - INFO: loss:6954.229268670082, numeric_loss:361.15791219100356, categorical_loss:3198.2849799096584, kld_loss:27272.650312900543, epoch_train_time:42.96449424279854
2023-06-12 02:13:12,520 - pytorch_cvae.py[line:170] - INFO: ----------------------------No.41 epoch----------------------------
2023-06-12 02:13:12,520 - pytorch_cvae.py[line:177] - INFO: loss:7090.79246878624, numeric_loss:362.4811396636069, categorical_loss:3307.8101865053177, kld_loss:25866.03408241272, epoch_train_time:43.24865951295942
2023-06-12 02:13:55,853 - pytorch_cvae.py[line:170] - INFO: ----------------------------No.42 epoch----------------------------
2023-06-12 02:13:55,854 - pytorch_cvae.py[line:177] - INFO: loss:7246.260649323463, numeric_loss:362.531696613878, categorical_loss:3396.0012073516846, kld_loss:24850.901690721512, epoch_train_time:43.333007120061666
2023-06-12 02:14:39,327 - pytorch_cvae.py[line:170] - INFO: ----------------------------No.43 epoch----------------------------
2023-06-12 02:14:39,327 - pytorch_cvae.py[line:177] - INFO: loss:7398.128224372864, numeric_loss:362.34332275018096, categorical_loss:3514.8159494400024, kld_loss:23662.221831083298, epoch_train_time:43.47296866308898
2023-06-12 02:15:22,460 - pytorch_cvae.py[line:170] - INFO: ----------------------------No.44 epoch----------------------------
2023-06-12 02:15:22,461 - pytorch_cvae.py[line:177] - INFO: loss:7529.67086994648, numeric_loss:362.4150720536709, categorical_loss:3651.3534336686134, kld_loss:22307.875566244125, epoch_train_time:43.133376623969525
2023-06-12 02:16:05,126 - pytorch_cvae.py[line:170] - INFO: ----------------------------No.45 epoch----------------------------
2023-06-12 02:16:05,127 - pytorch_cvae.py[line:177] - INFO: loss:7651.885874629021, numeric_loss:362.421997692436, categorical_loss:3776.7113020420074, kld_loss:21063.537496566772, epoch_train_time:42.66558355325833
2023-06-12 02:16:47,789 - pytorch_cvae.py[line:170] - INFO: ----------------------------No.46 epoch----------------------------
2023-06-12 02:16:47,789 - pytorch_cvae.py[line:177] - INFO: loss:7750.395220518112, numeric_loss:362.25715233385563, categorical_loss:3865.1171820759773, kld_loss:19984.608270406723, epoch_train_time:42.66201337100938
2023-06-12 02:17:30,345 - pytorch_cvae.py[line:170] - INFO: ----------------------------No.47 epoch----------------------------
2023-06-12 02:17:30,345 - pytorch_cvae.py[line:177] - INFO: loss:7859.737310409546, numeric_loss:362.2595619186759, categorical_loss:3923.7123686671257, kld_loss:19197.1789021492, epoch_train_time:42.555867807008326
2023-06-12 02:18:13,065 - pytorch_cvae.py[line:170] - INFO: ----------------------------No.48 epoch----------------------------
2023-06-12 02:18:13,065 - pytorch_cvae.py[line:177] - INFO: loss:7974.613580942154, numeric_loss:362.35648268833756, categorical_loss:3975.2809162139893, kld_loss:18518.979909420013, epoch_train_time:42.719857537187636
2023-06-12 02:18:55,714 - pytorch_cvae.py[line:170] - INFO: ----------------------------No.49 epoch----------------------------
2023-06-12 02:18:55,715 - pytorch_cvae.py[line:177] - INFO: loss:8110.652892589569, numeric_loss:362.20277155935764, categorical_loss:4017.851899445057, kld_loss:18024.142810821533, epoch_train_time:42.64911222597584
2023-06-12 02:19:38,535 - pytorch_cvae.py[line:170] - INFO: ----------------------------No.50 epoch----------------------------
2023-06-12 02:19:38,535 - pytorch_cvae.py[line:177] - INFO: loss:8256.44414305687, numeric_loss:362.3520808927715, categorical_loss:4023.25500112772, kld_loss:17762.9415974617, epoch_train_time:42.819788814056665
2023-06-12 02:20:21,357 - pytorch_cvae.py[line:170] - INFO: ----------------------------No.51 epoch----------------------------
2023-06-12 02:20:21,357 - pytorch_cvae.py[line:177] - INFO: loss:8428.627442598343, numeric_loss:362.333857037127, categorical_loss:4034.86340880394, kld_loss:17588.842606544495, epoch_train_time:42.82167505612597
2023-06-12 02:21:04,672 - pytorch_cvae.py[line:170] - INFO: ----------------------------No.52 epoch----------------------------
2023-06-12 02:21:04,672 - pytorch_cvae.py[line:177] - INFO: loss:8613.012450695038, numeric_loss:362.232754804194, categorical_loss:4057.287560582161, kld_loss:17412.309258937836, epoch_train_time:43.31519943475723
2023-06-12 02:21:47,833 - pytorch_cvae.py[line:170] - INFO: ----------------------------No.53 epoch----------------------------
2023-06-12 02:21:47,834 - pytorch_cvae.py[line:177] - INFO: loss:8799.332525610924, numeric_loss:362.217069324106, categorical_loss:4086.621569812298, kld_loss:17209.00777029991, epoch_train_time:43.161022083833814
2023-06-12 02:22:30,968 - pytorch_cvae.py[line:170] - INFO: ----------------------------No.54 epoch----------------------------
2023-06-12 02:22:30,968 - pytorch_cvae.py[line:177] - INFO: loss:8991.820820212364, numeric_loss:362.184854850173, categorical_loss:4115.872214615345, kld_loss:17026.566977739334, epoch_train_time:43.1342107784003
2023-06-12 02:23:13,556 - pytorch_cvae.py[line:170] - INFO: ----------------------------No.55 epoch----------------------------
2023-06-12 02:23:13,557 - pytorch_cvae.py[line:177] - INFO: loss:9198.67799782753, numeric_loss:362.19956062734127, categorical_loss:4152.176208555698, kld_loss:16867.025045633316, epoch_train_time:42.58818386401981
2023-06-12 02:23:56,111 - pytorch_cvae.py[line:170] - INFO: ----------------------------No.56 epoch----------------------------
2023-06-12 02:23:56,111 - pytorch_cvae.py[line:177] - INFO: loss:9398.531090378761, numeric_loss:362.2306047901511, categorical_loss:4191.605484306812, kld_loss:16668.61888074875, epoch_train_time:42.55419283686206
2023-06-12 02:24:38,643 - pytorch_cvae.py[line:170] - INFO: ----------------------------No.57 epoch----------------------------
2023-06-12 02:24:38,643 - pytorch_cvae.py[line:177] - INFO: loss:9607.324746251106, numeric_loss:362.1946435533464, categorical_loss:4230.886228621006, kld_loss:16501.085963487625, epoch_train_time:42.53197997296229
2023-06-12 02:25:21,097 - pytorch_cvae.py[line:170] - INFO: ----------------------------No.58 epoch----------------------------
2023-06-12 02:25:21,097 - pytorch_cvae.py[line:177] - INFO: loss:9817.473543405533, numeric_loss:362.1106056496501, categorical_loss:4275.853586256504, kld_loss:16319.38812661171, epoch_train_time:42.45309864496812
2023-06-12 02:26:03,721 - pytorch_cvae.py[line:170] - INFO: ----------------------------No.59 epoch----------------------------
2023-06-12 02:26:03,722 - pytorch_cvae.py[line:177] - INFO: loss:10025.690248250961, numeric_loss:361.9202008098364, categorical_loss:4324.012184143066, kld_loss:16124.24173283577, epoch_train_time:42.62443048134446
2023-06-12 02:26:46,285 - pytorch_cvae.py[line:170] - INFO: ----------------------------No.60 epoch----------------------------
2023-06-12 02:26:46,286 - pytorch_cvae.py[line:177] - INFO: loss:10235.97076177597, numeric_loss:361.94008357822895, categorical_loss:4370.063938856125, kld_loss:15944.479086399078, epoch_train_time:42.56372913625091
2023-06-12 02:27:28,800 - pytorch_cvae.py[line:170] - INFO: ----------------------------No.61 epoch----------------------------
2023-06-12 02:27:28,800 - pytorch_cvae.py[line:177] - INFO: loss:10455.19362437725, numeric_loss:361.9016417376697, categorical_loss:4422.4124457240105, kld_loss:15775.967524051666, epoch_train_time:42.5137220681645
2023-06-12 02:28:11,465 - pytorch_cvae.py[line:170] - INFO: ----------------------------No.62 epoch----------------------------
2023-06-12 02:28:11,466 - pytorch_cvae.py[line:177] - INFO: loss:10674.406143188477, numeric_loss:361.8676278553903, categorical_loss:4477.437857627869, kld_loss:15604.120992660522, epoch_train_time:42.66562396008521
2023-06-12 02:28:54,013 - pytorch_cvae.py[line:170] - INFO: ----------------------------No.63 epoch----------------------------
2023-06-12 02:28:54,013 - pytorch_cvae.py[line:177] - INFO: loss:10893.235365509987, numeric_loss:361.88589637354016, categorical_loss:4532.316583156586, kld_loss:15436.608073711395, epoch_train_time:42.54729438899085
2023-06-12 02:29:36,524 - pytorch_cvae.py[line:170] - INFO: ----------------------------No.64 epoch----------------------------
2023-06-12 02:29:36,524 - pytorch_cvae.py[line:177] - INFO: loss:11112.653277993202, numeric_loss:361.79226103052497, categorical_loss:4600.500824272633, kld_loss:15243.514964580536, epoch_train_time:42.51057606516406
2023-06-12 02:30:19,205 - pytorch_cvae.py[line:170] - INFO: ----------------------------No.65 epoch----------------------------
2023-06-12 02:30:19,205 - pytorch_cvae.py[line:177] - INFO: loss:11336.675070285797, numeric_loss:361.76346645504236, categorical_loss:4664.157692074776, kld_loss:15080.442171096802, epoch_train_time:42.68090359121561
2023-06-12 02:31:01,945 - pytorch_cvae.py[line:170] - INFO: ----------------------------No.66 epoch----------------------------
2023-06-12 02:31:01,945 - pytorch_cvae.py[line:177] - INFO: loss:11550.929117679596, numeric_loss:361.7404162772, categorical_loss:4723.732790350914, kld_loss:14911.266373872757, epoch_train_time:42.73946355469525
2023-06-12 02:31:44,243 - pytorch_cvae.py[line:170] - INFO: ----------------------------No.67 epoch----------------------------
2023-06-12 02:31:44,243 - pytorch_cvae.py[line:177] - INFO: loss:11765.359258532524, numeric_loss:361.7200453206897, categorical_loss:4794.453447401524, kld_loss:14725.843307495117, epoch_train_time:42.297453061211854
2023-06-12 02:32:26,611 - pytorch_cvae.py[line:170] - INFO: ----------------------------No.68 epoch----------------------------
2023-06-12 02:32:26,611 - pytorch_cvae.py[line:177] - INFO: loss:11998.367024302483, numeric_loss:361.65222215652466, categorical_loss:4865.512858748436, kld_loss:14589.79264163971, epoch_train_time:42.36767808487639
2023-06-12 02:33:09,195 - pytorch_cvae.py[line:170] - INFO: ----------------------------No.69 epoch----------------------------
2023-06-12 02:33:09,195 - pytorch_cvae.py[line:177] - INFO: loss:12208.318543195724, numeric_loss:361.7067658789456, categorical_loss:4939.74197936058, kld_loss:14406.220309257507, epoch_train_time:42.58345414604992
2023-06-12 02:33:51,823 - pytorch_cvae.py[line:170] - INFO: ----------------------------No.70 epoch----------------------------
2023-06-12 02:33:51,823 - pytorch_cvae.py[line:177] - INFO: loss:12419.68266916275, numeric_loss:361.61273692920804, categorical_loss:5012.521787643433, kld_loss:14239.780705213547, epoch_train_time:42.627956926357
2023-06-12 02:34:34,543 - pytorch_cvae.py[line:170] - INFO: ----------------------------No.71 epoch----------------------------
2023-06-12 02:34:34,543 - pytorch_cvae.py[line:177] - INFO: loss:12637.83182668686, numeric_loss:361.496048938483, categorical_loss:5096.230012059212, kld_loss:14075.809517383575, epoch_train_time:42.71978575037792
2023-06-12 02:35:17,137 - pytorch_cvae.py[line:170] - INFO: ----------------------------No.72 epoch----------------------------
2023-06-12 02:35:17,137 - pytorch_cvae.py[line:177] - INFO: loss:12843.83924150467, numeric_loss:361.4898271113634, categorical_loss:5176.834789156914, kld_loss:13905.341225624084, epoch_train_time:42.593666485045105
2023-06-12 02:35:59,716 - pytorch_cvae.py[line:170] - INFO: ----------------------------No.73 epoch----------------------------
2023-06-12 02:35:59,717 - pytorch_cvae.py[line:177] - INFO: loss:13047.46333527565, numeric_loss:361.4535665772855, categorical_loss:5256.828237593174, kld_loss:13743.407520771027, epoch_train_time:42.57894512778148
2023-06-12 02:36:42,354 - pytorch_cvae.py[line:170] - INFO: ----------------------------No.74 epoch----------------------------
2023-06-12 02:36:42,355 - pytorch_cvae.py[line:177] - INFO: loss:13254.343200445175, numeric_loss:361.3910969235003, categorical_loss:5351.125797748566, kld_loss:13573.34404015541, epoch_train_time:42.63783448608592
2023-06-12 02:37:24,922 - pytorch_cvae.py[line:170] - INFO: ----------------------------No.75 epoch----------------------------
2023-06-12 02:37:24,923 - pytorch_cvae.py[line:177] - INFO: loss:13448.60748577118, numeric_loss:361.4802273772657, categorical_loss:5427.602441430092, kld_loss:13424.662651538849, epoch_train_time:42.5675783297047
2023-06-12 02:38:07,348 - pytorch_cvae.py[line:170] - INFO: ----------------------------No.76 epoch----------------------------
2023-06-12 02:38:07,348 - pytorch_cvae.py[line:177] - INFO: loss:13637.995182275772, numeric_loss:361.4015529230237, categorical_loss:5520.977458715439, kld_loss:13250.837716341019, epoch_train_time:42.42550013400614
2023-06-12 02:38:49,858 - pytorch_cvae.py[line:170] - INFO: ----------------------------No.77 epoch----------------------------
2023-06-12 02:38:49,858 - pytorch_cvae.py[line:177] - INFO: loss:13831.972333669662, numeric_loss:361.42219319939613, categorical_loss:5609.260069787502, kld_loss:13106.315965414047, epoch_train_time:42.50958058703691
2023-06-12 02:39:32,368 - pytorch_cvae.py[line:170] - INFO: ----------------------------No.78 epoch----------------------------
2023-06-12 02:39:32,368 - pytorch_cvae.py[line:177] - INFO: loss:14015.550158262253, numeric_loss:361.2543084360659, categorical_loss:5705.142483353615, kld_loss:12944.991636037827, epoch_train_time:42.5096248020418
2023-06-12 02:40:14,786 - pytorch_cvae.py[line:170] - INFO: ----------------------------No.79 epoch----------------------------
2023-06-12 02:40:14,786 - pytorch_cvae.py[line:177] - INFO: loss:14189.216010808945, numeric_loss:361.2319643050432, categorical_loss:5810.145561277866, kld_loss:12766.344721078873, epoch_train_time:42.417349892668426
2023-06-12 02:40:57,323 - pytorch_cvae.py[line:170] - INFO: ----------------------------No.80 epoch----------------------------
2023-06-12 02:40:57,323 - pytorch_cvae.py[line:177] - INFO: loss:14353.272716999054, numeric_loss:361.3168116733432, categorical_loss:5888.575425207615, kld_loss:12628.104456186295, epoch_train_time:42.53703441284597
2023-06-12 02:41:39,853 - pytorch_cvae.py[line:170] - INFO: ----------------------------No.81 epoch----------------------------
2023-06-12 02:41:39,853 - pytorch_cvae.py[line:177] - INFO: loss:14519.135439872742, numeric_loss:361.3628702238202, categorical_loss:5992.714561462402, kld_loss:12466.030638217926, epoch_train_time:42.52974849194288
2023-06-12 02:42:22,391 - pytorch_cvae.py[line:170] - INFO: ----------------------------No.82 epoch----------------------------
2023-06-12 02:42:22,391 - pytorch_cvae.py[line:177] - INFO: loss:14669.832778453827, numeric_loss:361.2610296010971, categorical_loss:6096.47453725338, kld_loss:12295.72805404663, epoch_train_time:42.53714410401881
2023-06-12 02:43:04,916 - pytorch_cvae.py[line:170] - INFO: ----------------------------No.83 epoch----------------------------
2023-06-12 02:43:04,916 - pytorch_cvae.py[line:177] - INFO: loss:14820.110738277435, numeric_loss:361.339131757617, categorical_loss:6192.526182115078, kld_loss:12149.936265707016, epoch_train_time:42.524715011008084
2023-06-12 02:43:47,396 - pytorch_cvae.py[line:170] - INFO: ----------------------------No.84 epoch----------------------------
2023-06-12 02:43:47,396 - pytorch_cvae.py[line:177] - INFO: loss:14960.67840218544, numeric_loss:361.29229410365224, categorical_loss:6287.457303762436, kld_loss:12005.144396543503, epoch_train_time:42.4795295340009
2023-06-12 02:44:29,899 - pytorch_cvae.py[line:170] - INFO: ----------------------------No.85 epoch----------------------------
2023-06-12 02:44:29,899 - pytorch_cvae.py[line:177] - INFO: loss:15098.585885047913, numeric_loss:361.2540651075542, categorical_loss:6388.841191351414, kld_loss:11860.627767086029, epoch_train_time:42.50309839611873
2023-06-12 02:45:12,403 - pytorch_cvae.py[line:170] - INFO: ----------------------------No.86 epoch----------------------------
2023-06-12 02:45:12,404 - pytorch_cvae.py[line:177] - INFO: loss:15228.903932571411, numeric_loss:361.0247588045895, categorical_loss:6487.639267504215, kld_loss:11722.617049455643, epoch_train_time:42.503892100881785
2023-06-12 02:45:54,957 - pytorch_cvae.py[line:170] - INFO: ----------------------------No.87 epoch----------------------------
2023-06-12 02:45:54,957 - pytorch_cvae.py[line:177] - INFO: loss:15349.954242944717, numeric_loss:361.0221467241645, categorical_loss:6573.8733441233635, kld_loss:11601.870416283607, epoch_train_time:42.55340076144785
2023-06-12 02:46:37,497 - pytorch_cvae.py[line:170] - INFO: ----------------------------No.88 epoch----------------------------
2023-06-12 02:46:37,497 - pytorch_cvae.py[line:177] - INFO: loss:15455.67013835907, numeric_loss:360.9683741480112, categorical_loss:6659.404972791672, kld_loss:11473.825911045074, epoch_train_time:42.539101829752326
2023-06-12 02:47:19,928 - pytorch_cvae.py[line:170] - INFO: ----------------------------No.89 epoch----------------------------
2023-06-12 02:47:19,929 - pytorch_cvae.py[line:177] - INFO: loss:15561.161210298538, numeric_loss:360.9164931625128, categorical_loss:6752.142968893051, kld_loss:11348.497352600098, epoch_train_time:42.43154835700989
2023-06-12 02:48:02,265 - pytorch_cvae.py[line:170] - INFO: ----------------------------No.90 epoch----------------------------
2023-06-12 02:48:02,265 - pytorch_cvae.py[line:177] - INFO: loss:15657.965969085693, numeric_loss:360.90641786903143, categorical_loss:6838.9543842077255, kld_loss:11232.021183490753, epoch_train_time:42.33619981817901
2023-06-12 02:48:44,782 - pytorch_cvae.py[line:170] - INFO: ----------------------------No.91 epoch----------------------------
2023-06-12 02:48:44,782 - pytorch_cvae.py[line:177] - INFO: loss:15739.306774139404, numeric_loss:360.9964921325445, categorical_loss:6922.65929710865, kld_loss:11111.477036833763, epoch_train_time:42.51684092404321
2023-06-12 02:49:27,229 - pytorch_cvae.py[line:170] - INFO: ----------------------------No.92 epoch----------------------------
2023-06-12 02:49:27,229 - pytorch_cvae.py[line:177] - INFO: loss:15814.250385522842, numeric_loss:360.8420536071062, categorical_loss:6992.369166314602, kld_loss:11013.431599974632, epoch_train_time:42.44604100100696
2023-06-12 02:50:09,872 - pytorch_cvae.py[line:170] - INFO: ----------------------------No.93 epoch----------------------------
2023-06-12 02:50:09,873 - pytorch_cvae.py[line:177] - INFO: loss:15890.591896772385, numeric_loss:360.9533104225993, categorical_loss:7071.975958585739, kld_loss:10915.856132626534, epoch_train_time:42.64359444892034
2023-06-12 02:50:52,532 - pytorch_cvae.py[line:170] - INFO: ----------------------------No.94 epoch----------------------------
2023-06-12 02:50:52,532 - pytorch_cvae.py[line:177] - INFO: loss:15946.37892460823, numeric_loss:360.8302864320576, categorical_loss:7129.415002703667, kld_loss:10832.334474682808, epoch_train_time:42.65900090103969
2023-06-12 02:51:35,141 - pytorch_cvae.py[line:170] - INFO: ----------------------------No.95 epoch----------------------------
2023-06-12 02:51:35,141 - pytorch_cvae.py[line:177] - INFO: loss:16005.452507972717, numeric_loss:360.8276099860668, categorical_loss:7214.050590991974, kld_loss:10729.623480319977, epoch_train_time:42.608630990143865
2023-06-12 02:52:17,471 - pytorch_cvae.py[line:170] - INFO: ----------------------------No.96 epoch----------------------------
2023-06-12 02:52:17,471 - pytorch_cvae.py[line:177] - INFO: loss:16052.276493787766, numeric_loss:360.7928816974163, categorical_loss:7266.771912574768, kld_loss:10663.351796627045, epoch_train_time:42.32955957017839
2023-06-12 02:52:59,833 - pytorch_cvae.py[line:170] - INFO: ----------------------------No.97 epoch----------------------------
2023-06-12 02:52:59,833 - pytorch_cvae.py[line:177] - INFO: loss:16091.451132535934, numeric_loss:360.78065538033843, categorical_loss:7305.07406693697, kld_loss:10616.589373230934, epoch_train_time:42.361633548047394
2023-06-12 02:53:42,343 - pytorch_cvae.py[line:170] - INFO: ----------------------------No.98 epoch----------------------------
2023-06-12 02:53:42,344 - pytorch_cvae.py[line:177] - INFO: loss:16127.024231910706, numeric_loss:360.7104496881366, categorical_loss:7335.940817952156, kld_loss:10585.49351644516, epoch_train_time:42.51047690026462
2023-06-12 02:54:24,971 - pytorch_cvae.py[line:170] - INFO: ----------------------------No.99 epoch----------------------------
2023-06-12 02:54:24,971 - pytorch_cvae.py[line:177] - INFO: loss:16141.041864395142, numeric_loss:360.7611738964915, categorical_loss:7362.302500367165, kld_loss:10543.53880572319, epoch_train_time:42.62743667187169
2023-06-12 02:55:07,567 - pytorch_cvae.py[line:170] - INFO: ----------------------------No.100 epoch----------------------------
2023-06-12 02:55:07,567 - pytorch_cvae.py[line:177] - INFO: loss:16151.19615316391, numeric_loss:360.7471250742674, categorical_loss:7378.861706018448, kld_loss:10519.742407560349, epoch_train_time:42.59545061504468
2023-06-12 02:55:50,164 - pytorch_cvae.py[line:170] - INFO: ----------------------------No.101 epoch----------------------------
2023-06-12 02:55:50,165 - pytorch_cvae.py[line:177] - INFO: loss:16147.673554182053, numeric_loss:360.7954925708473, categorical_loss:7390.101366519928, kld_loss:10495.970695376396, epoch_train_time:42.5970895960927
2023-06-12 02:56:32,732 - pytorch_cvae.py[line:170] - INFO: ----------------------------No.102 epoch----------------------------
2023-06-12 02:56:32,732 - pytorch_cvae.py[line:177] - INFO: loss:16147.555085420609, numeric_loss:360.81948479637504, categorical_loss:7398.960008382797, kld_loss:10484.7193223238, epoch_train_time:42.56704615522176
2023-06-12 02:57:15,288 - pytorch_cvae.py[line:170] - INFO: ----------------------------No.103 epoch----------------------------
2023-06-12 02:57:15,288 - pytorch_cvae.py[line:177] - INFO: loss:16142.51200246811, numeric_loss:360.69099105522037, categorical_loss:7383.254806160927, kld_loss:10498.207597613335, epoch_train_time:42.555710695683956
2023-06-12 02:57:57,440 - pytorch_cvae.py[line:170] - INFO: ----------------------------No.104 epoch----------------------------
2023-06-12 02:57:57,440 - pytorch_cvae.py[line:177] - INFO: loss:16158.920479297638, numeric_loss:360.7283585257828, categorical_loss:7392.213452339172, kld_loss:10507.473178744316, epoch_train_time:42.15167466690764
2023-06-12 02:58:40,015 - pytorch_cvae.py[line:170] - INFO: ----------------------------No.105 epoch----------------------------
2023-06-12 02:58:40,015 - pytorch_cvae.py[line:177] - INFO: loss:16140.085453271866, numeric_loss:360.79501316696405, categorical_loss:7380.79364836216, kld_loss:10498.120836496353, epoch_train_time:42.57473070407286
2023-06-12 02:59:22,571 - pytorch_cvae.py[line:170] - INFO: ----------------------------No.106 epoch----------------------------
2023-06-12 02:59:22,572 - pytorch_cvae.py[line:177] - INFO: loss:16140.58426451683, numeric_loss:360.6777263134718, categorical_loss:7408.570037543774, kld_loss:10464.1704505682, epoch_train_time:42.556070014834404
2023-06-12 03:00:04,941 - pytorch_cvae.py[line:170] - INFO: ----------------------------No.107 epoch----------------------------
2023-06-12 03:00:04,942 - pytorch_cvae.py[line:177] - INFO: loss:16152.015266180038, numeric_loss:360.60802713781595, categorical_loss:7386.988070487976, kld_loss:10505.52378642559, epoch_train_time:42.369635777082294
2023-06-12 03:00:47,264 - pytorch_cvae.py[line:170] - INFO: ----------------------------No.108 epoch----------------------------
2023-06-12 03:00:47,265 - pytorch_cvae.py[line:177] - INFO: loss:16146.190405130386, numeric_loss:360.6723384000361, categorical_loss:7401.457455039024, kld_loss:10480.075610160828, epoch_train_time:42.32252137828618
2023-06-12 03:01:29,877 - pytorch_cvae.py[line:170] - INFO: ----------------------------No.109 epoch----------------------------
2023-06-12 03:01:29,877 - pytorch_cvae.py[line:177] - INFO: loss:16137.93877005577, numeric_loss:360.6644257940352, categorical_loss:7397.044543385506, kld_loss:10475.287090420723, epoch_train_time:42.61209102999419
2023-06-12 03:02:12,337 - pytorch_cvae.py[line:170] - INFO: ----------------------------No.110 epoch----------------------------
2023-06-12 03:02:12,338 - pytorch_cvae.py[line:177] - INFO: loss:16148.941210508347, numeric_loss:360.68136662244797, categorical_loss:7393.447719097137, kld_loss:10493.514976263046, epoch_train_time:42.460317749064416
2023-06-12 03:02:54,925 - pytorch_cvae.py[line:170] - INFO: ----------------------------No.111 epoch----------------------------
2023-06-12 03:02:54,925 - pytorch_cvae.py[line:177] - INFO: loss:16148.478014469147, numeric_loss:360.5914358198643, categorical_loss:7390.255394935608, kld_loss:10497.038820624352, epoch_train_time:42.58698929287493
2023-06-12 03:03:37,394 - pytorch_cvae.py[line:170] - INFO: ----------------------------No.112 epoch----------------------------
2023-06-12 03:03:37,395 - pytorch_cvae.py[line:177] - INFO: loss:16134.01926445961, numeric_loss:360.6179642267525, categorical_loss:7378.6257711052895, kld_loss:10493.469236254692, epoch_train_time:42.46943168994039
2023-06-12 03:04:19,755 - pytorch_cvae.py[line:170] - INFO: ----------------------------No.113 epoch----------------------------
2023-06-12 03:04:19,755 - pytorch_cvae.py[line:177] - INFO: loss:16139.798302650452, numeric_loss:360.5274391658604, categorical_loss:7385.479406118393, kld_loss:10492.23914194107, epoch_train_time:42.360314877703786
2023-06-12 03:05:02,205 - pytorch_cvae.py[line:170] - INFO: ----------------------------No.114 epoch----------------------------
2023-06-12 03:05:02,205 - pytorch_cvae.py[line:177] - INFO: loss:16134.780431985855, numeric_loss:360.60466192290187, categorical_loss:7385.360320210457, kld_loss:10486.01913356781, epoch_train_time:42.449526666197926
2023-06-12 03:05:44,644 - pytorch_cvae.py[line:170] - INFO: ----------------------------No.115 epoch----------------------------
2023-06-12 03:05:44,645 - pytorch_cvae.py[line:177] - INFO: loss:16137.737249851227, numeric_loss:360.5994766764343, categorical_loss:7390.344270706177, kld_loss:10483.491713523865, epoch_train_time:42.438999789301306
2023-06-12 03:06:27,106 - pytorch_cvae.py[line:170] - INFO: ----------------------------No.116 epoch----------------------------
2023-06-12 03:06:27,107 - pytorch_cvae.py[line:177] - INFO: loss:16132.605998039246, numeric_loss:360.49716398492455, categorical_loss:7394.202698230743, kld_loss:10472.382487654686, epoch_train_time:42.461650216951966
2023-06-12 03:07:09,463 - pytorch_cvae.py[line:170] - INFO: ----------------------------No.117 epoch----------------------------
2023-06-12 03:07:09,463 - pytorch_cvae.py[line:177] - INFO: loss:16125.527873277664, numeric_loss:360.59868746623397, categorical_loss:7369.962405323982, kld_loss:10493.70831978321, epoch_train_time:42.356157790869474
2023-06-12 03:07:51,619 - pytorch_cvae.py[line:170] - INFO: ----------------------------No.118 epoch----------------------------
2023-06-12 03:07:51,619 - pytorch_cvae.py[line:177] - INFO: loss:16124.385657548904, numeric_loss:360.3861231096089, categorical_loss:7387.37907242775, kld_loss:10470.775412082672, epoch_train_time:42.155837828759104
2023-06-12 03:08:33,746 - pytorch_cvae.py[line:170] - INFO: ----------------------------No.119 epoch----------------------------
2023-06-12 03:08:33,746 - pytorch_cvae.py[line:177] - INFO: loss:16124.794716835022, numeric_loss:360.4242608137429, categorical_loss:7382.086629867554, kld_loss:10477.854603409767, epoch_train_time:42.126580657903105
2023-06-12 03:09:15,775 - pytorch_cvae.py[line:170] - INFO: ----------------------------No.120 epoch----------------------------
2023-06-12 03:09:15,776 - pytorch_cvae.py[line:177] - INFO: loss:16129.942497491837, numeric_loss:360.4111617729068, categorical_loss:7387.127454042435, kld_loss:10478.004681944847, epoch_train_time:42.02930825483054
2023-06-12 03:09:57,891 - pytorch_cvae.py[line:170] - INFO: ----------------------------No.121 epoch----------------------------
2023-06-12 03:09:57,891 - pytorch_cvae.py[line:177] - INFO: loss:16119.943769931793, numeric_loss:360.4667414277792, categorical_loss:7372.710644841194, kld_loss:10483.457803964615, epoch_train_time:42.11470707692206
2023-06-12 03:10:40,093 - pytorch_cvae.py[line:170] - INFO: ----------------------------No.122 epoch----------------------------
2023-06-12 03:10:40,094 - pytorch_cvae.py[line:177] - INFO: loss:16122.233911514282, numeric_loss:360.4481925666332, categorical_loss:7384.913161158562, kld_loss:10471.09053349495, epoch_train_time:42.202577613759786
2023-06-12 03:11:22,526 - pytorch_cvae.py[line:170] - INFO: ----------------------------No.123 epoch----------------------------
2023-06-12 03:11:22,527 - pytorch_cvae.py[line:177] - INFO: loss:16125.6964802742, numeric_loss:360.42563128098845, categorical_loss:7372.994296789169, kld_loss:10490.345521569252, epoch_train_time:42.432612493634224
2023-06-12 03:12:05,108 - pytorch_cvae.py[line:170] - INFO: ----------------------------No.124 epoch----------------------------
2023-06-12 03:12:05,108 - pytorch_cvae.py[line:177] - INFO: loss:16128.24932384491, numeric_loss:360.4204469136894, categorical_loss:7379.656263113022, kld_loss:10485.21560561657, epoch_train_time:42.581288643181324
2023-06-12 03:12:47,625 - pytorch_cvae.py[line:170] - INFO: ----------------------------No.125 epoch----------------------------
2023-06-12 03:12:47,625 - pytorch_cvae.py[line:177] - INFO: loss:16134.785151481628, numeric_loss:360.4239184111357, categorical_loss:7387.367807388306, kld_loss:10483.74161207676, epoch_train_time:42.51686304016039
2023-06-12 03:13:30,074 - pytorch_cvae.py[line:170] - INFO: ----------------------------No.126 epoch----------------------------
2023-06-12 03:13:30,074 - pytorch_cvae.py[line:177] - INFO: loss:16116.538244485855, numeric_loss:360.3770179003477, categorical_loss:7382.700137495995, kld_loss:10466.826196670532, epoch_train_time:42.44844559999183
2023-06-12 03:14:12,493 - pytorch_cvae.py[line:170] - INFO: ----------------------------No.127 epoch----------------------------
2023-06-12 03:14:12,493 - pytorch_cvae.py[line:177] - INFO: loss:16138.224760770798, numeric_loss:360.43393713980913, categorical_loss:7383.82887005806, kld_loss:10492.452268838882, epoch_train_time:42.418385930825025
2023-06-12 03:14:54,949 - pytorch_cvae.py[line:170] - INFO: ----------------------------No.128 epoch----------------------------
2023-06-12 03:14:54,949 - pytorch_cvae.py[line:177] - INFO: loss:16125.609005212784, numeric_loss:360.32717264071107, categorical_loss:7380.086375951767, kld_loss:10481.494153022766, epoch_train_time:42.45582400681451
2023-06-12 03:15:37,456 - pytorch_cvae.py[line:170] - INFO: ----------------------------No.129 epoch----------------------------
2023-06-12 03:15:37,456 - pytorch_cvae.py[line:177] - INFO: loss:16123.950642108917, numeric_loss:360.3694534227252, categorical_loss:7370.845290184021, kld_loss:10490.919715285301, epoch_train_time:42.50701436819509
2023-06-12 03:16:19,678 - pytorch_cvae.py[line:170] - INFO: ----------------------------No.130 epoch----------------------------
2023-06-12 03:16:19,678 - pytorch_cvae.py[line:177] - INFO: loss:16126.473321914673, numeric_loss:360.3888010419905, categorical_loss:7374.137734651566, kld_loss:10489.933327913284, epoch_train_time:42.22174843586981
2023-06-12 03:17:02,091 - pytorch_cvae.py[line:170] - INFO: ----------------------------No.131 epoch----------------------------
2023-06-12 03:17:02,091 - pytorch_cvae.py[line:177] - INFO: loss:16114.028957128525, numeric_loss:360.43566478416324, categorical_loss:7373.838083744049, kld_loss:10474.693838953972, epoch_train_time:42.412308455910534
2023-06-12 03:17:44,186 - pytorch_cvae.py[line:170] - INFO: ----------------------------No.132 epoch----------------------------
2023-06-12 03:17:44,186 - pytorch_cvae.py[line:177] - INFO: loss:16123.11125254631, numeric_loss:360.33349596709013, categorical_loss:7369.415031671524, kld_loss:10491.703239440918, epoch_train_time:42.09481163416058
2023-06-12 03:18:26,868 - pytorch_cvae.py[line:170] - INFO: ----------------------------No.133 epoch----------------------------
2023-06-12 03:18:26,869 - pytorch_cvae.py[line:177] - INFO: loss:16133.561717033386, numeric_loss:360.43226416781545, categorical_loss:7381.833044290543, kld_loss:10489.12034714222, epoch_train_time:42.68198900297284
2023-06-12 03:19:09,435 - pytorch_cvae.py[line:170] - INFO: ----------------------------No.134 epoch----------------------------
2023-06-12 03:19:09,436 - pytorch_cvae.py[line:177] - INFO: loss:16118.215056419373, numeric_loss:360.42218167707324, categorical_loss:7383.645086288452, kld_loss:10467.684574723244, epoch_train_time:42.566657655872405
2023-06-12 03:19:51,981 - pytorch_cvae.py[line:170] - INFO: ----------------------------No.135 epoch----------------------------
2023-06-12 03:19:51,982 - pytorch_cvae.py[line:177] - INFO: loss:16126.951600074768, numeric_loss:360.35236286744475, categorical_loss:7381.692411184311, kld_loss:10481.133384943008, epoch_train_time:42.54582935431972
2023-06-12 03:20:34,453 - pytorch_cvae.py[line:170] - INFO: ----------------------------No.136 epoch----------------------------
2023-06-12 03:20:34,453 - pytorch_cvae.py[line:177] - INFO: loss:16123.530617713928, numeric_loss:360.3690849430859, categorical_loss:7366.695048213005, kld_loss:10495.582929968834, epoch_train_time:42.47132880194113
2023-06-12 03:21:16,744 - pytorch_cvae.py[line:170] - INFO: ----------------------------No.137 epoch----------------------------
2023-06-12 03:21:16,745 - pytorch_cvae.py[line:177] - INFO: loss:16118.869009971619, numeric_loss:360.32032081112266, categorical_loss:7373.371448636055, kld_loss:10481.47139942646, epoch_train_time:42.29087690310553
2023-06-12 03:21:59,139 - pytorch_cvae.py[line:170] - INFO: ----------------------------No.138 epoch----------------------------
2023-06-12 03:21:59,139 - pytorch_cvae.py[line:177] - INFO: loss:16118.392270565033, numeric_loss:360.3611188903451, categorical_loss:7372.963752985001, kld_loss:10481.334087848663, epoch_train_time:42.394495320972055
2023-06-12 03:22:41,514 - pytorch_cvae.py[line:170] - INFO: ----------------------------No.139 epoch----------------------------
2023-06-12 03:22:41,514 - pytorch_cvae.py[line:177] - INFO: loss:16126.802683830261, numeric_loss:360.3474805280566, categorical_loss:7380.761358857155, kld_loss:10482.117148637772, epoch_train_time:42.37409240286797
2023-06-12 03:23:23,712 - pytorch_cvae.py[line:170] - INFO: ----------------------------No.140 epoch----------------------------
2023-06-12 03:23:23,713 - pytorch_cvae.py[line:177] - INFO: loss:16131.058018445969, numeric_loss:360.37046782672405, categorical_loss:7369.801915585995, kld_loss:10501.10687816143, epoch_train_time:42.19838644936681
2023-06-12 03:24:05,876 - pytorch_cvae.py[line:170] - INFO: ----------------------------No.141 epoch----------------------------
2023-06-12 03:24:05,876 - pytorch_cvae.py[line:177] - INFO: loss:16119.308609485626, numeric_loss:360.45470647513866, categorical_loss:7372.669158816338, kld_loss:10482.730763792992, epoch_train_time:42.16345550213009
2023-06-12 03:24:48,051 - pytorch_cvae.py[line:170] - INFO: ----------------------------No.142 epoch----------------------------
2023-06-12 03:24:48,051 - pytorch_cvae.py[line:177] - INFO: loss:16124.879041433334, numeric_loss:360.37444058060646, categorical_loss:7366.592209935188, kld_loss:10497.390316486359, epoch_train_time:42.17456801608205
2023-06-12 03:25:30,361 - pytorch_cvae.py[line:170] - INFO: ----------------------------No.143 epoch----------------------------
2023-06-12 03:25:30,361 - pytorch_cvae.py[line:177] - INFO: loss:16102.286034822464, numeric_loss:360.40145951882005, categorical_loss:7364.796963810921, kld_loss:10471.359328985214, epoch_train_time:42.30984799936414
2023-06-12 03:26:12,826 - pytorch_cvae.py[line:170] - INFO: ----------------------------No.144 epoch----------------------------
2023-06-12 03:26:12,826 - pytorch_cvae.py[line:177] - INFO: loss:16127.221244573593, numeric_loss:360.45021518692374, categorical_loss:7359.216439783573, kld_loss:10509.443078041077, epoch_train_time:42.464578247629106
2023-06-12 03:26:55,331 - pytorch_cvae.py[line:170] - INFO: ----------------------------No.145 epoch----------------------------
2023-06-12 03:26:55,331 - pytorch_cvae.py[line:177] - INFO: loss:16117.53806257248, numeric_loss:360.2701293937862, categorical_loss:7358.337423443794, kld_loss:10498.662967920303, epoch_train_time:42.504552516154945
2023-06-12 03:27:37,891 - pytorch_cvae.py[line:170] - INFO: ----------------------------No.146 epoch----------------------------
2023-06-12 03:27:37,891 - pytorch_cvae.py[line:177] - INFO: loss:16110.240835905075, numeric_loss:360.44394732266665, categorical_loss:7372.172941625118, kld_loss:10472.029769539833, epoch_train_time:42.559476520866156
2023-06-12 03:28:20,457 - pytorch_cvae.py[line:170] - INFO: ----------------------------No.147 epoch----------------------------
2023-06-12 03:28:20,457 - pytorch_cvae.py[line:177] - INFO: loss:16122.893167972565, numeric_loss:360.41155714169145, categorical_loss:7373.125987648964, kld_loss:10486.694346904755, epoch_train_time:42.56582916714251
2023-06-12 03:29:03,009 - pytorch_cvae.py[line:170] - INFO: ----------------------------No.148 epoch----------------------------
2023-06-12 03:29:03,009 - pytorch_cvae.py[line:177] - INFO: loss:16109.552143096924, numeric_loss:360.3567897863686, categorical_loss:7359.71793961525, kld_loss:10486.846609592438, epoch_train_time:42.5518126511015
2023-06-12 03:29:45,513 - pytorch_cvae.py[line:170] - INFO: ----------------------------No.149 epoch----------------------------
2023-06-12 03:29:45,513 - pytorch_cvae.py[line:177] - INFO: loss:16116.209434509277, numeric_loss:360.21324995160103, categorical_loss:7364.59942483902, kld_loss:10489.245797157288, epoch_train_time:42.50366559624672
2023-06-12 03:30:28,035 - pytorch_cvae.py[line:170] - INFO: ----------------------------No.150 epoch----------------------------
2023-06-12 03:30:28,035 - pytorch_cvae.py[line:177] - INFO: loss:16126.175216674805, numeric_loss:360.4104997180402, categorical_loss:7355.965475440025, kld_loss:10512.248895287514, epoch_train_time:42.521294918842614
2023-06-12 03:31:10,579 - pytorch_cvae.py[line:170] - INFO: ----------------------------No.151 epoch----------------------------
2023-06-12 03:31:10,579 - pytorch_cvae.py[line:177] - INFO: loss:16099.994983434677, numeric_loss:360.38764087855816, categorical_loss:7356.239417910576, kld_loss:10479.209729909897, epoch_train_time:42.54400267871097
2023-06-12 03:31:53,005 - pytorch_cvae.py[line:170] - INFO: ----------------------------No.152 epoch----------------------------
2023-06-12 03:31:53,005 - pytorch_cvae.py[line:177] - INFO: loss:16119.917397499084, numeric_loss:360.36627465486526, categorical_loss:7364.423148751259, kld_loss:10493.909791231155, epoch_train_time:42.425798791926354
2023-06-12 03:32:35,414 - pytorch_cvae.py[line:170] - INFO: ----------------------------No.153 epoch----------------------------
2023-06-12 03:32:35,414 - pytorch_cvae.py[line:177] - INFO: loss:16126.56107878685, numeric_loss:360.31579611077905, categorical_loss:7378.399638533592, kld_loss:10484.806887030602, epoch_train_time:42.408364340197295
2023-06-12 03:33:17,827 - pytorch_cvae.py[line:170] - INFO: ----------------------------No.154 epoch----------------------------
2023-06-12 03:33:17,827 - pytorch_cvae.py[line:177] - INFO: loss:16113.89079117775, numeric_loss:360.4462996199727, categorical_loss:7353.8061554431915, kld_loss:10499.547744870186, epoch_train_time:42.41285900119692
2023-06-12 03:34:00,262 - pytorch_cvae.py[line:170] - INFO: ----------------------------No.155 epoch----------------------------
2023-06-12 03:34:00,262 - pytorch_cvae.py[line:177] - INFO: loss:16122.623260736465, numeric_loss:360.33630672842264, categorical_loss:7368.364865243435, kld_loss:10492.402446746826, epoch_train_time:42.43456394271925
2023-06-12 03:34:42,627 - pytorch_cvae.py[line:170] - INFO: ----------------------------No.156 epoch----------------------------
2023-06-12 03:34:42,627 - pytorch_cvae.py[line:177] - INFO: loss:16117.709701299667, numeric_loss:360.39120515808463, categorical_loss:7372.264832019806, kld_loss:10481.31690454483, epoch_train_time:42.36487411195412
2023-06-12 03:35:24,982 - pytorch_cvae.py[line:170] - INFO: ----------------------------No.157 epoch----------------------------
2023-06-12 03:35:24,983 - pytorch_cvae.py[line:177] - INFO: loss:16117.117721557617, numeric_loss:360.44114833697677, categorical_loss:7359.933829665184, kld_loss:10495.928241372108, epoch_train_time:42.35505512589589
2023-06-12 03:36:07,552 - pytorch_cvae.py[line:170] - INFO: ----------------------------No.158 epoch----------------------------
2023-06-12 03:36:07,553 - pytorch_cvae.py[line:177] - INFO: loss:16112.0012652874, numeric_loss:360.39916429296136, categorical_loss:7364.973531603813, kld_loss:10483.285546422005, epoch_train_time:42.56949301995337
2023-06-12 03:36:49,578 - pytorch_cvae.py[line:170] - INFO: ----------------------------No.159 epoch----------------------------
2023-06-12 03:36:49,578 - pytorch_cvae.py[line:177] - INFO: loss:16112.850441932678, numeric_loss:360.30526303499937, categorical_loss:7357.093457698822, kld_loss:10494.3144916296, epoch_train_time:42.025343138724566
2023-06-12 03:37:31,607 - pytorch_cvae.py[line:170] - INFO: ----------------------------No.160 epoch----------------------------
2023-06-12 03:37:31,607 - pytorch_cvae.py[line:177] - INFO: loss:16111.034821033478, numeric_loss:360.30527975410223, categorical_loss:7363.002364575863, kld_loss:10484.658791065216, epoch_train_time:42.02830548398197
2023-06-12 03:38:13,744 - pytorch_cvae.py[line:170] - INFO: ----------------------------No.161 epoch----------------------------
2023-06-12 03:38:13,744 - pytorch_cvae.py[line:177] - INFO: loss:16123.269221305847, numeric_loss:360.3151518255472, categorical_loss:7365.449157118797, kld_loss:10496.88097000122, epoch_train_time:42.13713618228212
2023-06-12 03:38:55,962 - pytorch_cvae.py[line:170] - INFO: ----------------------------No.162 epoch----------------------------
2023-06-12 03:38:55,962 - pytorch_cvae.py[line:177] - INFO: loss:16106.968431949615, numeric_loss:360.24755209311843, categorical_loss:7362.427838921547, kld_loss:10480.366139531136, epoch_train_time:42.21758022578433
2023-06-12 03:39:38,174 - pytorch_cvae.py[line:170] - INFO: ----------------------------No.163 epoch----------------------------
2023-06-12 03:39:38,174 - pytorch_cvae.py[line:177] - INFO: loss:16121.54141831398, numeric_loss:360.3504691235721, categorical_loss:7376.423160195351, kld_loss:10480.959562182426, epoch_train_time:42.21125647518784
2023-06-12 03:40:20,371 - pytorch_cvae.py[line:170] - INFO: ----------------------------No.164 epoch----------------------------
2023-06-12 03:40:20,372 - pytorch_cvae.py[line:177] - INFO: loss:16120.907940149307, numeric_loss:360.3624974451959, categorical_loss:7365.318596363068, kld_loss:10494.03338611126, epoch_train_time:42.19756575487554
2023-06-12 03:41:02,668 - pytorch_cvae.py[line:170] - INFO: ----------------------------No.165 epoch----------------------------
2023-06-12 03:41:02,668 - pytorch_cvae.py[line:177] - INFO: loss:16108.750279426575, numeric_loss:360.29784686490893, categorical_loss:7353.732069849968, kld_loss:10493.400288939476, epoch_train_time:42.29577039880678
2023-06-12 03:41:45,160 - pytorch_cvae.py[line:170] - INFO: ----------------------------No.166 epoch----------------------------
2023-06-12 03:41:45,160 - pytorch_cvae.py[line:177] - INFO: loss:16110.067929506302, numeric_loss:360.2849175632, categorical_loss:7366.489104151726, kld_loss:10479.117208838463, epoch_train_time:42.49230371089652
2023-06-12 03:42:27,651 - pytorch_cvae.py[line:170] - INFO: ----------------------------No.167 epoch----------------------------
2023-06-12 03:42:27,651 - pytorch_cvae.py[line:177] - INFO: loss:16117.75707912445, numeric_loss:360.27729884162545, categorical_loss:7369.97197920084, kld_loss:10484.38458931446, epoch_train_time:42.490129228215665
2023-06-12 03:43:10,319 - pytorch_cvae.py[line:170] - INFO: ----------------------------No.168 epoch----------------------------
2023-06-12 03:43:10,319 - pytorch_cvae.py[line:177] - INFO: loss:16120.296266078949, numeric_loss:360.41270445659757, categorical_loss:7371.645763039589, kld_loss:10485.297090411186, epoch_train_time:42.66813426185399
2023-06-12 03:43:52,846 - pytorch_cvae.py[line:170] - INFO: ----------------------------No.169 epoch----------------------------
2023-06-12 03:43:52,846 - pytorch_cvae.py[line:177] - INFO: loss:16113.895996332169, numeric_loss:360.2798167280853, categorical_loss:7349.972162604332, kld_loss:10504.554854154587, epoch_train_time:42.52670313511044
2023-06-12 03:44:35,340 - pytorch_cvae.py[line:170] - INFO: ----------------------------No.170 epoch----------------------------
2023-06-12 03:44:35,340 - pytorch_cvae.py[line:177] - INFO: loss:16099.687659740448, numeric_loss:360.31271244212985, categorical_loss:7358.201936125755, kld_loss:10476.466079950333, epoch_train_time:42.49359954288229
2023-06-12 03:45:17,945 - pytorch_cvae.py[line:170] - INFO: ----------------------------No.171 epoch----------------------------
2023-06-12 03:45:17,945 - pytorch_cvae.py[line:177] - INFO: loss:16105.509815692902, numeric_loss:360.29188024252653, categorical_loss:7353.481113195419, kld_loss:10489.670864462852, epoch_train_time:42.603993015829474
2023-06-12 03:46:00,596 - pytorch_cvae.py[line:170] - INFO: ----------------------------No.172 epoch----------------------------
2023-06-12 03:46:00,597 - pytorch_cvae.py[line:177] - INFO: loss:16097.936637878418, numeric_loss:360.24266693741083, categorical_loss:7358.630962848663, kld_loss:10473.828594207764, epoch_train_time:42.65149716194719
2023-06-12 03:46:43,165 - pytorch_cvae.py[line:170] - INFO: ----------------------------No.173 epoch----------------------------
2023-06-12 03:46:43,165 - pytorch_cvae.py[line:177] - INFO: loss:16114.27813911438, numeric_loss:360.22568395361304, categorical_loss:7368.55261695385, kld_loss:10481.874626517296, epoch_train_time:42.56820930400863
2023-06-12 03:47:25,683 - pytorch_cvae.py[line:170] - INFO: ----------------------------No.174 epoch----------------------------
2023-06-12 03:47:25,683 - pytorch_cvae.py[line:177] - INFO: loss:16105.211571216583, numeric_loss:360.3352283164859, categorical_loss:7356.9568375349045, kld_loss:10484.899196743965, epoch_train_time:42.517727385275066
2023-06-12 03:48:08,127 - pytorch_cvae.py[line:170] - INFO: ----------------------------No.175 epoch----------------------------
2023-06-12 03:48:08,127 - pytorch_cvae.py[line:177] - INFO: loss:16103.54187464714, numeric_loss:360.1830073520541, categorical_loss:7364.322515010834, kld_loss:10473.795269966125, epoch_train_time:42.44355711620301
2023-06-12 03:48:50,585 - pytorch_cvae.py[line:170] - INFO: ----------------------------No.176 epoch----------------------------
2023-06-12 03:48:50,585 - pytorch_cvae.py[line:177] - INFO: loss:16106.869919776917, numeric_loss:360.3538153655827, categorical_loss:7363.465597629547, kld_loss:10478.812962293625, epoch_train_time:42.457746502012014
2023-06-12 03:49:33,115 - pytorch_cvae.py[line:170] - INFO: ----------------------------No.177 epoch----------------------------
2023-06-12 03:49:33,115 - pytorch_cvae.py[line:177] - INFO: loss:16102.421372652054, numeric_loss:360.17868902534246, categorical_loss:7354.295451879501, kld_loss:10484.933868646622, epoch_train_time:42.52929074084386
2023-06-12 03:50:15,563 - pytorch_cvae.py[line:170] - INFO: ----------------------------No.178 epoch----------------------------
2023-06-12 03:50:15,563 - pytorch_cvae.py[line:177] - INFO: loss:16106.742469549179, numeric_loss:360.21625773981214, categorical_loss:7358.616510629654, kld_loss:10484.886954188347, epoch_train_time:42.44813048187643
2023-06-12 03:50:58,071 - pytorch_cvae.py[line:170] - INFO: ----------------------------No.179 epoch----------------------------
2023-06-12 03:50:58,071 - pytorch_cvae.py[line:177] - INFO: loss:16101.77991437912, numeric_loss:360.2470895983279, categorical_loss:7359.102897524834, kld_loss:10478.037248015404, epoch_train_time:42.507371571380645
2023-06-12 03:51:40,579 - pytorch_cvae.py[line:170] - INFO: ----------------------------No.180 epoch----------------------------
2023-06-12 03:51:40,579 - pytorch_cvae.py[line:177] - INFO: loss:16112.837606191635, numeric_loss:360.2648875527084, categorical_loss:7365.144888877869, kld_loss:10484.284593462944, epoch_train_time:42.507645132020116
2023-06-12 03:52:22,966 - pytorch_cvae.py[line:170] - INFO: ----------------------------No.181 epoch----------------------------
2023-06-12 03:52:22,966 - pytorch_cvae.py[line:177] - INFO: loss:16112.194807052612, numeric_loss:360.15548395738006, categorical_loss:7356.172313332558, kld_loss:10494.833577632904, epoch_train_time:42.38673544302583
2023-06-12 03:53:05,321 - pytorch_cvae.py[line:170] - INFO: ----------------------------No.182 epoch----------------------------
2023-06-12 03:53:05,321 - pytorch_cvae.py[line:177] - INFO: loss:16104.629190683365, numeric_loss:360.24462632089853, categorical_loss:7351.416964888573, kld_loss:10491.209336400032, epoch_train_time:42.35481968987733
2023-06-12 03:53:47,818 - pytorch_cvae.py[line:170] - INFO: ----------------------------No.183 epoch----------------------------
2023-06-12 03:53:47,818 - pytorch_cvae.py[line:177] - INFO: loss:16107.998490810394, numeric_loss:360.21897481009364, categorical_loss:7356.8396525383, kld_loss:10488.674665093422, epoch_train_time:42.49630008125678
2023-06-12 03:54:30,312 - pytorch_cvae.py[line:170] - INFO: ----------------------------No.184 epoch----------------------------
2023-06-12 03:54:30,312 - pytorch_cvae.py[line:177] - INFO: loss:16107.608812570572, numeric_loss:360.3418755829334, categorical_loss:7351.836317777634, kld_loss:10494.288105607033, epoch_train_time:42.49440111592412
2023-06-12 03:55:12,798 - pytorch_cvae.py[line:170] - INFO: ----------------------------No.185 epoch----------------------------
2023-06-12 03:55:12,799 - pytorch_cvae.py[line:177] - INFO: loss:16103.141694068909, numeric_loss:360.2998825497925, categorical_loss:7357.265665531158, kld_loss:10481.970007896423, epoch_train_time:42.485802920069546
2023-06-12 03:55:55,278 - pytorch_cvae.py[line:170] - INFO: ----------------------------No.186 epoch----------------------------
2023-06-12 03:55:55,278 - pytorch_cvae.py[line:177] - INFO: loss:16114.666709423065, numeric_loss:360.1254674009979, categorical_loss:7354.917389035225, kld_loss:10499.529649734497, epoch_train_time:42.47948216088116
2023-06-12 03:56:37,279 - pytorch_cvae.py[line:170] - INFO: ----------------------------No.187 epoch----------------------------
2023-06-12 03:56:37,279 - pytorch_cvae.py[line:177] - INFO: loss:16108.99894952774, numeric_loss:360.1983719430864, categorical_loss:7363.747117400169, kld_loss:10481.316658139229, epoch_train_time:42.000182940624654
2023-06-12 03:57:19,465 - pytorch_cvae.py[line:170] - INFO: ----------------------------No.188 epoch----------------------------
2023-06-12 03:57:19,465 - pytorch_cvae.py[line:177] - INFO: loss:16108.02433848381, numeric_loss:360.23278886824846, categorical_loss:7367.776436090469, kld_loss:10475.01871418953, epoch_train_time:42.18617244390771
2023-06-12 03:58:01,361 - pytorch_cvae.py[line:170] - INFO: ----------------------------No.189 epoch----------------------------
2023-06-12 03:58:01,362 - pytorch_cvae.py[line:177] - INFO: loss:16100.527080774307, numeric_loss:360.2572316788137, categorical_loss:7363.072692275047, kld_loss:10471.49627840519, epoch_train_time:41.89583801990375
2023-06-12 03:58:43,529 - pytorch_cvae.py[line:170] - INFO: ----------------------------No.190 epoch----------------------------
2023-06-12 03:58:43,529 - pytorch_cvae.py[line:177] - INFO: loss:16107.555703878403, numeric_loss:360.260623537004, categorical_loss:7361.744059681892, kld_loss:10481.938610196114, epoch_train_time:42.16746732732281
2023-06-12 03:59:25,652 - pytorch_cvae.py[line:170] - INFO: ----------------------------No.191 epoch----------------------------
2023-06-12 03:59:25,652 - pytorch_cvae.py[line:177] - INFO: loss:16101.990869760513, numeric_loss:360.2327378988266, categorical_loss:7344.987522482872, kld_loss:10495.963094592094, epoch_train_time:42.12207204522565
2023-06-12 04:00:07,958 - pytorch_cvae.py[line:170] - INFO: ----------------------------No.192 epoch----------------------------
2023-06-12 04:00:07,958 - pytorch_cvae.py[line:177] - INFO: loss:16099.213255167007, numeric_loss:360.10579036548734, categorical_loss:7356.599778056145, kld_loss:10478.1344550848, epoch_train_time:42.305813438259065
2023-06-12 04:00:50,260 - pytorch_cvae.py[line:170] - INFO: ----------------------------No.193 epoch----------------------------
2023-06-12 04:00:50,260 - pytorch_cvae.py[line:177] - INFO: loss:16106.826815843582, numeric_loss:360.32215256243944, categorical_loss:7347.128562569618, kld_loss:10499.219955086708, epoch_train_time:42.301411943975836
2023-06-12 04:01:32,570 - pytorch_cvae.py[line:170] - INFO: ----------------------------No.194 epoch----------------------------
2023-06-12 04:01:32,570 - pytorch_cvae.py[line:177] - INFO: loss:16099.661793231964, numeric_loss:360.21423599123955, categorical_loss:7352.071393370628, kld_loss:10484.220032215118, epoch_train_time:42.31014743587002
2023-06-12 04:02:14,744 - pytorch_cvae.py[line:170] - INFO: ----------------------------No.195 epoch----------------------------
2023-06-12 04:02:14,744 - pytorch_cvae.py[line:177] - INFO: loss:16111.47688794136, numeric_loss:360.3576633706689, categorical_loss:7352.444031000137, kld_loss:10498.343822836876, epoch_train_time:42.17340117506683
2023-06-12 04:02:57,025 - pytorch_cvae.py[line:170] - INFO: ----------------------------No.196 epoch----------------------------
2023-06-12 04:02:57,025 - pytorch_cvae.py[line:177] - INFO: loss:16124.141668081284, numeric_loss:360.278765514493, categorical_loss:7356.058953523636, kld_loss:10509.75476539135, epoch_train_time:42.280575482640415
2023-06-12 04:03:39,368 - pytorch_cvae.py[line:170] - INFO: ----------------------------No.197 epoch----------------------------
2023-06-12 04:03:39,368 - pytorch_cvae.py[line:177] - INFO: loss:16102.625237464905, numeric_loss:360.2034180164337, categorical_loss:7355.393954157829, kld_loss:10483.784648299217, epoch_train_time:42.34319428727031
2023-06-12 04:04:21,612 - pytorch_cvae.py[line:170] - INFO: ----------------------------No.198 epoch----------------------------
2023-06-12 04:04:21,613 - pytorch_cvae.py[line:177] - INFO: loss:16106.864669561386, numeric_loss:360.2189594767988, categorical_loss:7352.191552639008, kld_loss:10493.067527294159, epoch_train_time:42.243781936354935
2023-06-12 04:05:03,956 - pytorch_cvae.py[line:170] - INFO: ----------------------------No.199 epoch----------------------------
2023-06-12 04:05:03,956 - pytorch_cvae.py[line:177] - INFO: loss:16102.205252408981, numeric_loss:360.17784368246794, categorical_loss:7362.1961914896965, kld_loss:10474.788869023323, epoch_train_time:42.34322323137894
2023-06-12 04:05:46,225 - pytorch_cvae.py[line:170] - INFO: ----------------------------No.200 epoch----------------------------
2023-06-12 04:05:46,225 - pytorch_cvae.py[line:177] - INFO: loss:16116.217906236649, numeric_loss:360.202960845083, categorical_loss:7369.665928006172, kld_loss:10482.93610739708, epoch_train_time:42.268966826144606
2023-06-12 04:05:46,226 - pytorch_cvae.py[line:186] - INFO: training time elapsed:8509.477967605926
2023-06-12 04:05:46,230 - model_utils.py[line:67] - INFO: save model successfully
2023-06-12 04:05:50,934 - pytorch_cvae.py[line:268] - INFO: train model time elapsed:8516.890494646039
2023-06-12 04:05:50,935 - dataset_utils.py[line:585] - INFO: load existing dataset(light):51-date_dim_d_date_sk#d_day_name__d_date_sk#d_day_name_binary_gaussian5_0
2023-06-12 04:05:51,025 - dataset_utils.py[line:594] - INFO: load dataset(light) time elapsed:0.09065712476149201
2023-06-12 04:05:51,025 - pytorch_cvae.py[line:280] - INFO: feature info:[('d_date_sk', 'categorical', 18), ('d_day_name', 'categorical', 4)]
2023-06-12 04:05:51,026 - model_utils.py[line:75] - INFO: load model name:torch_cvae_51-date_dim_d_date_sk_d_day_name_ld100_id150_bs128_ep100_0_binary_gaussian5
2023-06-12 04:05:51,028 - model_utils.py[line:86] - INFO: load torch model time elapsed:0.0021291598677635193
2023-06-12 04:05:51,028 - pytorch_cvae.py[line:290] - INFO: load model time elapsed:0.09388259006664157
2023-06-12 04:05:51,028 - main.py[line:559] - INFO: multi_sampling No.0 epoch
2023-06-12 04:05:51,567 - pytorch_cvae.py[line:407] - INFO: sampling time:0.5367111442610621
2023-06-12 04:05:51,567 - dataset_utils.py[line:566] - INFO: load existing dataset:51-date_dim_d_date_sk#d_day_name__d_date_sk#d_day_name_binary_gaussian5_0
2023-06-12 04:05:51,641 - dataset_utils.py[line:578] - INFO: load dataset time elapsed:0.07379441522061825
2023-06-12 04:05:51,666 - main.py[line:542] - INFO: sample and aggregation time elapsed:0.6372666559182107
2023-06-12 04:05:51,673 - main.py[line:577] - INFO: sample time: 0.6444001509808004
2023-06-12 04:05:51,695 - main.py[line:104] - INFO: aqp result:
                           avg(ws_sales_price)  sum(ws_sales_price)
ws_web_page_sk d_day_name                                          
1.00           Friday     59.93                160911.16           
               Monday     48.84                100351.06           
               Saturday   48.58                290768.61           
               Sunday     37.18                77270.49            
               Thursday   53.14                151900.18           
               Tuesday    67.52                291704.18           
               Wednesday  64.18                201767.48           
2.00           Friday     43.49                106174.88           
               Monday     49.57                105649.25           
               Saturday   51.39                119932.29           
               Sunday     39.08                80762.55            
               Thursday   62.52                31295.27            
               Tuesday    47.45                103618.81           
               Wednesday  50.54                117475.40           
3.00           Friday     56.21                37049.83            
               Monday     35.11                11914.94            
               Saturday   66.52                99517.11            
               Sunday     78.40                85560.74            
               Thursday   36.48                103789.45           
               Tuesday    50.56                70802.86            
               Wednesday  37.35                40470.74            
4.00           Friday     58.21                51986.60            
               Monday     52.34                72807.14            
               Saturday   45.56                64396.31            
               Sunday     51.28                46022.00            
               Thursday   47.91                38556.66            
               Tuesday    30.78                70705.19            
               Wednesday  41.70                63704.66            
5.00           Friday     53.95                53393.17            
               Monday     40.47                60684.53            
               Saturday   54.85                125413.71           
               Sunday     54.76                44677.29            
               Thursday   59.27                62251.06            
               Tuesday    62.00                72560.78            
               Wednesday  46.37                62737.92            
6.00           Friday     47.48                47150.05            
               Monday     30.79                24305.37            
               Saturday   43.03                7080.22             
               Sunday     38.35                18863.28            
               Thursday   56.31                57329.12            
               Tuesday    39.47                25138.79            
               Wednesday  42.67                21337.04            
7.00           Friday     60.46                252268.22           
               Monday     60.70                87562.06            
               Saturday   77.20                176637.47           
               Sunday     41.48                186340.68           
               Thursday   57.82                263963.10           
               Tuesday    48.05                120000.10           
               Wednesday  32.32                118934.42           
8.00           Friday     27.98                82106.95            
2023-06-12 04:05:51,697 - main.py[line:105] - INFO: ground truth:
                           sum(ws_sales_price)  avg(ws_sales_price)
ws_web_page_sk d_day_name                                          
1.00           Friday      170460              49.93               
               Monday      179227              51.37               
               Saturday    177961              51.57               
               Sunday      171951              50.12               
               Thursday    176067              52.23               
               Tuesday     170930              50.69               
               Wednesday   177108              50.33               
2.00           Friday      102178              50.76               
               Monday      99241               50.33               
               Saturday    104180              50.16               
               Sunday      99178               49.27               
               Thursday    101319              49.38               
               Tuesday     98162               48.24               
               Wednesday   104501              49.41               
3.00           Friday      68943               51.53               
               Monday      70648               52.49               
               Saturday    67839               50.25               
               Sunday      72658               49.60               
               Thursday    68056               49.14               
               Tuesday     72752               51.52               
               Wednesday   69572               50.67               
4.00           Friday      67746               49.63               
               Monday      70207               50.73               
               Saturday    71211               49.35               
               Sunday      68582               53.16               
               Thursday    70436               51.00               
               Tuesday     69338               52.09               
               Wednesday   71421               51.79               
5.00           Friday      66926               49.50               
               Monday      70050               49.65               
               Saturday    64979               48.82               
               Sunday      72533               49.31               
               Thursday    64185               50.14               
               Tuesday     69225               52.68               
               Wednesday   73503               52.32               
6.00           Friday      33062               48.98               
               Monday      34888               48.12               
               Saturday    32791               50.37               
               Sunday      35494               49.64               
               Thursday    33815               51.00               
               Tuesday     41101               54.58               
               Wednesday   35468               53.34               
7.00           Friday      173205              51.11               
               Monday      172827              50.08               
               Saturday    172492              50.27               
               Sunday      171434              49.88               
               Thursday    172885              50.79               
               Tuesday     171340              50.81               
               Wednesday   171717              49.63               
8.00           Friday      99754               50.77               
2023-06-12 04:05:51,707 - main.py[line:595] - INFO: relative error:
                           avg(ws_sales_price)  sum(ws_sales_price)
ws_web_page_sk d_day_name                                          
1.00           Friday     0.20                 0.06                
               Monday     0.05                 0.44                
               Saturday   0.06                 0.63                
               Sunday     0.26                 0.55                
               Thursday   0.02                 0.14                
               Tuesday    0.33                 0.71                
               Wednesday  0.28                 0.14                
2.00           Friday     0.14                 0.04                
               Monday     0.01                 0.06                
               Saturday   0.02                 0.15                
               Sunday     0.21                 0.19                
               Thursday   0.27                 0.69                
               Tuesday    0.02                 0.06                
               Wednesday  0.02                 0.12                
3.00           Friday     0.09                 0.46                
               Monday     0.33                 0.83                
               Saturday   0.32                 0.47                
               Sunday     0.58                 0.18                
               Thursday   0.26                 0.53                
               Tuesday    0.02                 0.03                
               Wednesday  0.26                 0.42                
4.00           Friday     0.17                 0.23                
               Monday     0.03                 0.04                
               Saturday   0.08                 0.10                
               Sunday     0.04                 0.33                
               Thursday   0.06                 0.45                
               Tuesday    0.41                 0.02                
               Wednesday  0.19                 0.11                
5.00           Friday     0.09                 0.20                
               Monday     0.18                 0.13                
               Saturday   0.12                 0.93                
               Sunday     0.11                 0.38                
               Thursday   0.18                 0.03                
               Tuesday    0.18                 0.05                
               Wednesday  0.11                 0.15                
6.00           Friday     0.03                 0.43                
               Monday     0.36                 0.30                
               Saturday   0.15                 0.78                
               Sunday     0.23                 0.47                
               Thursday   0.10                 0.70                
               Tuesday    0.28                 0.39                
               Wednesday  0.20                 0.40                
7.00           Friday     0.18                 0.46                
               Monday     0.21                 0.49                
               Saturday   0.54                 0.02                
               Sunday     0.17                 0.09                
               Thursday   0.14                 0.53                
               Tuesday    0.05                 0.30                
               Wednesday  0.35                 0.31                
8.00           Friday     0.45                 0.18                
2023-06-12 04:05:51,708 - main.py[line:596] - INFO: relative error normalized:
                           avg(ws_sales_price)  sum(ws_sales_price)
ws_web_page_sk d_day_name                                          
1.00           Friday     0.18                 0.05                
               Monday     0.05                 0.36                
               Saturday   0.06                 0.47                
               Sunday     0.23                 0.42                
               Thursday   0.02                 0.13                
               Tuesday    0.28                 0.51                
               Wednesday  0.24                 0.13                
2.00           Friday     0.13                 0.04                
               Monday     0.01                 0.06                
               Saturday   0.02                 0.14                
               Sunday     0.19                 0.17                
               Thursday   0.23                 0.50                
               Tuesday    0.02                 0.05                
               Wednesday  0.02                 0.12                
3.00           Friday     0.09                 0.37                
               Monday     0.28                 0.56                
               Saturday   0.28                 0.37                
               Sunday     0.44                 0.16                
               Thursday   0.23                 0.41                
               Tuesday    0.02                 0.03                
               Wednesday  0.23                 0.34                
4.00           Friday     0.16                 0.21                
               Monday     0.03                 0.04                
               Saturday   0.07                 0.09                
               Sunday     0.03                 0.28                
               Thursday   0.06                 0.36                
               Tuesday    0.34                 0.02                
               Wednesday  0.18                 0.10                
5.00           Friday     0.09                 0.18                
               Monday     0.17                 0.13                
               Saturday   0.12                 0.61                
               Sunday     0.10                 0.32                
               Thursday   0.17                 0.03                
               Tuesday    0.16                 0.05                
               Wednesday  0.11                 0.14                
6.00           Friday     0.03                 0.35                
               Monday     0.30                 0.26                
               Saturday   0.14                 0.54                
               Sunday     0.20                 0.37                
               Thursday   0.10                 0.50                
               Tuesday    0.24                 0.32                
               Wednesday  0.18                 0.33                
7.00           Friday     0.17                 0.37                
               Monday     0.19                 0.39                
               Saturday   0.41                 0.02                
               Sunday     0.15                 0.08                
               Thursday   0.13                 0.41                
               Tuesday    0.05                 0.26                
               Wednesday  0.29                 0.26                
8.00           Friday     0.36                 0.16                
2023-06-12 04:05:51,708 - main.py[line:599] - INFO: relative error average: 0.2904582034013358
2023-06-12 04:05:51,708 - main.py[line:600] - INFO: relative error normalized average: 0.2337173812737897
2023-06-12 04:05:51,722 - main.py[line:646] - INFO: total_time:8517.678968194872
