main.py:19: FutureWarning: Passing a negative integer is deprecated in version 1.0 and will not be supported in future version. Instead, use None to not limit the column width.
  pd.set_option('max_colwidth', -1)
2023-06-17 11:53:16,725 - main.py[line:631] - INFO: load query config config/tpcds_whole/query/sql94.json successfully
2023-06-17 11:53:16,725 - main.py[line:638] - INFO: load train config ./config/tpcds_whole/train/94_web_sales.json successfully
2023-06-17 11:53:16,725 - main.py[line:638] - INFO: load train config ./config/tpcds_whole/train/3_date_dim.json successfully
2023-06-17 11:53:16,725 - main.py[line:638] - INFO: load train config ./config/tpcds_whole/train/94_customer_address.json successfully
2023-06-17 11:53:16,726 - main.py[line:638] - INFO: load train config ./config/tpcds_whole/train/94_web_site.json successfully
2023-06-17 11:53:16,726 - pytorch_cvae.py[line:249] - INFO: epoch:100
2023-06-17 11:53:16,726 - pytorch_cvae.py[line:250] - INFO: batch size:128
2023-06-17 11:53:16,726 - pytorch_cvae.py[line:251] - INFO: latent dimension:100
2023-06-17 11:53:16,726 - pytorch_cvae.py[line:252] - INFO: intermediate dimension:100
2023-06-17 11:53:16,726 - pytorch_cvae.py[line:253] - INFO: gpu num:0
2023-06-17 11:53:16,726 - dataset_utils.py[line:566] - INFO: load existing dataset:94-web_sales_ws_ship_date_sk#ws_ship_addr_sk#ws_web_site_sk_ws_ext_ship_cost#ws_net_profit_ws_ship_date_sk#ws_ship_addr_sk#ws_web_site_sk_binary_gaussian5_0
2023-06-17 11:53:21,698 - dataset_utils.py[line:578] - INFO: load dataset time elapsed:4.972240305971354
2023-06-17 11:53:21,698 - pytorch_cvae.py[line:258] - INFO: feature info:[('ws_ext_ship_cost', 'numerical', 6), ('ws_net_profit', 'numerical', 6), ('ws_ship_date_sk', 'categorical', 12), ('ws_ship_addr_sk', 'categorical', 17), ('ws_web_site_sk', 'categorical', 6)]
2023-06-17 11:54:10,941 - pytorch_cvae.py[line:170] - INFO: ----------------------------No.1 epoch----------------------------
2023-06-17 11:54:10,941 - pytorch_cvae.py[line:177] - INFO: loss:4159.067508876324, numeric_loss:129.15148313902318, categorical_loss:2315.1819244623184, kld_loss:318111.37591564655, epoch_train_time:49.24030586000299
2023-06-17 11:54:59,275 - pytorch_cvae.py[line:170] - INFO: ----------------------------No.2 epoch----------------------------
2023-06-17 11:54:59,275 - pytorch_cvae.py[line:177] - INFO: loss:1916.160988599062, numeric_loss:64.4074272820726, categorical_loss:245.90615210868418, kld_loss:269695.93954467773, epoch_train_time:48.33379981800681
2023-06-17 11:55:47,417 - pytorch_cvae.py[line:170] - INFO: ----------------------------No.3 epoch----------------------------
2023-06-17 11:55:47,417 - pytorch_cvae.py[line:177] - INFO: loss:1903.9157603383064, numeric_loss:64.82040249090642, categorical_loss:203.88809967041016, kld_loss:248865.62674331665, epoch_train_time:48.141470534028485
2023-06-17 11:56:35,585 - pytorch_cvae.py[line:170] - INFO: ----------------------------No.4 epoch----------------------------
2023-06-17 11:56:35,585 - pytorch_cvae.py[line:177] - INFO: loss:2033.4955900609493, numeric_loss:66.81138523854315, categorical_loss:210.5372177902609, kld_loss:242442.78606414795, epoch_train_time:48.167431842011865
2023-06-17 11:57:23,840 - pytorch_cvae.py[line:170] - INFO: ----------------------------No.5 epoch----------------------------
2023-06-17 11:57:23,840 - pytorch_cvae.py[line:177] - INFO: loss:2186.819642186165, numeric_loss:70.27250578347594, categorical_loss:224.87232065480202, kld_loss:237129.43662261963, epoch_train_time:48.25472044700291
2023-06-17 11:58:11,750 - pytorch_cvae.py[line:170] - INFO: ----------------------------No.6 epoch----------------------------
2023-06-17 11:58:11,750 - pytorch_cvae.py[line:177] - INFO: loss:2364.814044266939, numeric_loss:73.5272678816691, categorical_loss:245.73372341878712, kld_loss:233063.68171691895, epoch_train_time:47.90959259698866
2023-06-17 11:58:59,630 - pytorch_cvae.py[line:170] - INFO: ----------------------------No.7 epoch----------------------------
2023-06-17 11:58:59,630 - pytorch_cvae.py[line:177] - INFO: loss:2561.883516728878, numeric_loss:77.44410182256252, categorical_loss:273.00340252555907, kld_loss:229243.70499038696, epoch_train_time:47.87976002501091
2023-06-17 11:59:47,511 - pytorch_cvae.py[line:170] - INFO: ----------------------------No.8 epoch----------------------------
2023-06-17 11:59:47,511 - pytorch_cvae.py[line:177] - INFO: loss:2768.7125405669212, numeric_loss:81.54006062075496, categorical_loss:301.8799313530326, kld_loss:225194.69604110718, epoch_train_time:47.88063254801091
2023-06-17 12:00:35,792 - pytorch_cvae.py[line:170] - INFO: ----------------------------No.9 epoch----------------------------
2023-06-17 12:00:35,793 - pytorch_cvae.py[line:177] - INFO: loss:2989.3766236007214, numeric_loss:86.46842217352241, categorical_loss:334.4374247658998, kld_loss:221064.44889068604, epoch_train_time:48.28131998202298
2023-06-17 12:01:23,607 - pytorch_cvae.py[line:170] - INFO: ----------------------------No.10 epoch----------------------------
2023-06-17 12:01:23,608 - pytorch_cvae.py[line:177] - INFO: loss:3222.6465475559235, numeric_loss:91.44155977014452, categorical_loss:372.0752989165485, kld_loss:216709.74213790894, epoch_train_time:47.814654834975954
2023-06-17 12:02:11,777 - pytorch_cvae.py[line:170] - INFO: ----------------------------No.11 epoch----------------------------
2023-06-17 12:02:11,777 - pytorch_cvae.py[line:177] - INFO: loss:3470.69596773386, numeric_loss:97.19347786996514, categorical_loss:412.1568956412375, kld_loss:212467.1311302185, epoch_train_time:48.16912694298662
2023-06-17 12:03:00,208 - pytorch_cvae.py[line:170] - INFO: ----------------------------No.12 epoch----------------------------
2023-06-17 12:03:00,209 - pytorch_cvae.py[line:177] - INFO: loss:3732.4651511907578, numeric_loss:103.33311468176544, categorical_loss:459.15075631439686, kld_loss:207964.8829345703, epoch_train_time:48.43122589099221
2023-06-17 12:03:48,704 - pytorch_cvae.py[line:170] - INFO: ----------------------------No.13 epoch----------------------------
2023-06-17 12:03:48,705 - pytorch_cvae.py[line:177] - INFO: loss:4015.8859147429466, numeric_loss:109.87521305773407, categorical_loss:511.684468138963, kld_loss:203822.36444091797, epoch_train_time:48.495712503034156
2023-06-17 12:04:37,113 - pytorch_cvae.py[line:170] - INFO: ----------------------------No.14 epoch----------------------------
2023-06-17 12:04:37,113 - pytorch_cvae.py[line:177] - INFO: loss:4316.281566023827, numeric_loss:116.10191160161048, categorical_loss:571.7794130966067, kld_loss:199623.9644203186, epoch_train_time:48.40801230102079
2023-06-17 12:05:25,401 - pytorch_cvae.py[line:170] - INFO: ----------------------------No.15 epoch----------------------------
2023-06-17 12:05:25,401 - pytorch_cvae.py[line:177] - INFO: loss:4618.396332502365, numeric_loss:124.77518709935248, categorical_loss:633.6184614002705, kld_loss:194768.45915222168, epoch_train_time:48.287567013001535
2023-06-17 12:06:13,850 - pytorch_cvae.py[line:170] - INFO: ----------------------------No.16 epoch----------------------------
2023-06-17 12:06:13,850 - pytorch_cvae.py[line:177] - INFO: loss:4940.319829821587, numeric_loss:132.75155505537987, categorical_loss:704.5726134777069, kld_loss:190064.01490402222, epoch_train_time:48.44853850599611
2023-06-17 12:07:02,461 - pytorch_cvae.py[line:170] - INFO: ----------------------------No.17 epoch----------------------------
2023-06-17 12:07:02,461 - pytorch_cvae.py[line:177] - INFO: loss:5285.573140561581, numeric_loss:141.67920234240592, categorical_loss:788.8076009899378, kld_loss:185394.87716293335, epoch_train_time:48.61114162800368
2023-06-17 12:07:51,159 - pytorch_cvae.py[line:170] - INFO: ----------------------------No.18 epoch----------------------------
2023-06-17 12:07:51,159 - pytorch_cvae.py[line:177] - INFO: loss:5640.906686902046, numeric_loss:152.00245796330273, categorical_loss:877.9869646430016, kld_loss:180561.3074245453, epoch_train_time:48.69721097697038
2023-06-17 12:08:39,532 - pytorch_cvae.py[line:170] - INFO: ----------------------------No.19 epoch----------------------------
2023-06-17 12:08:39,532 - pytorch_cvae.py[line:177] - INFO: loss:6018.285218834877, numeric_loss:163.3314277138561, categorical_loss:985.4328826293349, kld_loss:175587.7784099579, epoch_train_time:48.37256938201608
2023-06-17 12:09:27,303 - pytorch_cvae.py[line:170] - INFO: ----------------------------No.20 epoch----------------------------
2023-06-17 12:09:27,303 - pytorch_cvae.py[line:177] - INFO: loss:6410.057342410088, numeric_loss:176.128911819309, categorical_loss:1103.5264522731304, kld_loss:170515.72882270813, epoch_train_time:47.770888445025776
2023-06-17 12:10:14,990 - pytorch_cvae.py[line:170] - INFO: ----------------------------No.21 epoch----------------------------
2023-06-17 12:10:14,990 - pytorch_cvae.py[line:177] - INFO: loss:6822.307715892792, numeric_loss:189.55198139697313, categorical_loss:1241.5177215784788, kld_loss:165325.88010406494, epoch_train_time:47.68664804997388
2023-06-17 12:11:03,169 - pytorch_cvae.py[line:170] - INFO: ----------------------------No.22 epoch----------------------------
2023-06-17 12:11:03,169 - pytorch_cvae.py[line:177] - INFO: loss:7251.792287349701, numeric_loss:204.3069362808019, categorical_loss:1402.6674646437168, kld_loss:159873.27051353455, epoch_train_time:48.1788678879966
2023-06-17 12:11:50,832 - pytorch_cvae.py[line:170] - INFO: ----------------------------No.23 epoch----------------------------
2023-06-17 12:11:50,832 - pytorch_cvae.py[line:177] - INFO: loss:7678.963237762451, numeric_loss:219.9963626526296, categorical_loss:1581.446820423007, kld_loss:153896.21627998352, epoch_train_time:47.6626392340404
2023-06-17 12:12:38,444 - pytorch_cvae.py[line:170] - INFO: ----------------------------No.24 epoch----------------------------
2023-06-17 12:12:38,444 - pytorch_cvae.py[line:177] - INFO: loss:8125.592930674553, numeric_loss:236.54298644512892, categorical_loss:1791.8238384276628, kld_loss:147743.47477340698, epoch_train_time:47.61156510002911
2023-06-17 12:13:26,514 - pytorch_cvae.py[line:170] - INFO: ----------------------------No.25 epoch----------------------------
2023-06-17 12:13:26,515 - pytorch_cvae.py[line:177] - INFO: loss:8590.748941898346, numeric_loss:258.35252270288765, categorical_loss:2042.44533598423, kld_loss:141188.642162323, epoch_train_time:48.07008992799092
2023-06-17 12:14:14,643 - pytorch_cvae.py[line:170] - INFO: ----------------------------No.26 epoch----------------------------
2023-06-17 12:14:14,643 - pytorch_cvae.py[line:177] - INFO: loss:9041.805035233498, numeric_loss:278.0023519843817, categorical_loss:2334.1163317859173, kld_loss:133829.85961723328, epoch_train_time:48.127681226993445
2023-06-17 12:15:02,432 - pytorch_cvae.py[line:170] - INFO: ----------------------------No.27 epoch----------------------------
2023-06-17 12:15:02,433 - pytorch_cvae.py[line:177] - INFO: loss:9467.008381009102, numeric_loss:304.96977358683944, categorical_loss:2690.538038164377, kld_loss:125029.73043823242, epoch_train_time:47.789408005948644
2023-06-17 12:15:50,831 - pytorch_cvae.py[line:170] - INFO: ----------------------------No.28 epoch----------------------------
2023-06-17 12:15:50,832 - pytorch_cvae.py[line:177] - INFO: loss:9761.284680604935, numeric_loss:331.77716410160065, categorical_loss:3074.782656133175, kld_loss:114073.40976142883, epoch_train_time:48.3988197449944
2023-06-17 12:16:38,726 - pytorch_cvae.py[line:170] - INFO: ----------------------------No.29 epoch----------------------------
2023-06-17 12:16:38,726 - pytorch_cvae.py[line:177] - INFO: loss:10147.832894444466, numeric_loss:362.037868835032, categorical_loss:3681.5556960105896, kld_loss:101913.77059936523, epoch_train_time:47.89400550496066
2023-06-17 12:17:26,448 - pytorch_cvae.py[line:170] - INFO: ----------------------------No.30 epoch----------------------------
2023-06-17 12:17:26,448 - pytorch_cvae.py[line:177] - INFO: loss:10477.26236128807, numeric_loss:389.31564823910594, categorical_loss:4627.50365704298, kld_loss:84874.48130607605, epoch_train_time:47.72168010700261
2023-06-17 12:18:14,114 - pytorch_cvae.py[line:170] - INFO: ----------------------------No.31 epoch----------------------------
2023-06-17 12:18:14,114 - pytorch_cvae.py[line:177] - INFO: loss:10759.527497291565, numeric_loss:412.2237792611122, categorical_loss:5243.915423572063, kld_loss:73924.7935705185, epoch_train_time:47.66553574503632
2023-06-17 12:19:01,775 - pytorch_cvae.py[line:170] - INFO: ----------------------------No.32 epoch----------------------------
2023-06-17 12:19:01,775 - pytorch_cvae.py[line:177] - INFO: loss:11061.774581074715, numeric_loss:439.49065271764994, categorical_loss:5546.922516703606, kld_loss:68582.76701164246, epoch_train_time:47.66067887097597
2023-06-17 12:19:49,905 - pytorch_cvae.py[line:170] - INFO: ----------------------------No.33 epoch----------------------------
2023-06-17 12:19:49,906 - pytorch_cvae.py[line:177] - INFO: loss:11355.629955887794, numeric_loss:470.364642444998, categorical_loss:5944.14033639431, kld_loss:62348.31034183502, epoch_train_time:48.13021413999377
2023-06-17 12:20:37,707 - pytorch_cvae.py[line:170] - INFO: ----------------------------No.34 epoch----------------------------
2023-06-17 12:20:37,707 - pytorch_cvae.py[line:177] - INFO: loss:11438.46730208397, numeric_loss:502.71291474998, categorical_loss:6551.656468629837, kld_loss:51708.77375411987, epoch_train_time:47.80136293399846
2023-06-17 12:21:25,454 - pytorch_cvae.py[line:170] - INFO: ----------------------------No.35 epoch----------------------------
2023-06-17 12:21:25,454 - pytorch_cvae.py[line:177] - INFO: loss:11408.448891758919, numeric_loss:534.9420024901628, categorical_loss:6801.727972269058, kld_loss:44935.292523384094, epoch_train_time:47.74652858899208
2023-06-17 12:22:13,405 - pytorch_cvae.py[line:170] - INFO: ----------------------------No.36 epoch----------------------------
2023-06-17 12:22:13,406 - pytorch_cvae.py[line:177] - INFO: loss:11525.259774446487, numeric_loss:574.7117915153503, categorical_loss:6805.494210124016, kld_loss:42843.728652477264, epoch_train_time:47.95100843795808
2023-06-17 12:23:01,387 - pytorch_cvae.py[line:170] - INFO: ----------------------------No.37 epoch----------------------------
2023-06-17 12:23:01,388 - pytorch_cvae.py[line:177] - INFO: loss:11648.03028512001, numeric_loss:612.5904522910714, categorical_loss:6764.840888500214, kld_loss:41384.13768815994, epoch_train_time:47.98173494799994
2023-06-17 12:23:49,389 - pytorch_cvae.py[line:170] - INFO: ----------------------------No.38 epoch----------------------------
2023-06-17 12:23:49,389 - pytorch_cvae.py[line:177] - INFO: loss:11777.193197488785, numeric_loss:649.7742775529623, categorical_loss:6743.115339398384, kld_loss:39871.99966049194, epoch_train_time:48.001044461037964
2023-06-17 12:24:37,224 - pytorch_cvae.py[line:170] - INFO: ----------------------------No.39 epoch----------------------------
2023-06-17 12:24:37,224 - pytorch_cvae.py[line:177] - INFO: loss:11951.931212425232, numeric_loss:675.5375447869301, categorical_loss:6761.982703566551, kld_loss:38567.81953334808, epoch_train_time:47.83513086603489
2023-06-17 12:25:24,830 - pytorch_cvae.py[line:170] - INFO: ----------------------------No.40 epoch----------------------------
2023-06-17 12:25:24,830 - pytorch_cvae.py[line:177] - INFO: loss:12137.662693977356, numeric_loss:686.8813384398818, categorical_loss:6798.155679106712, kld_loss:37377.737268447876, epoch_train_time:47.60491773794638
2023-06-17 12:26:12,404 - pytorch_cvae.py[line:170] - INFO: ----------------------------No.41 epoch----------------------------
2023-06-17 12:26:12,404 - pytorch_cvae.py[line:177] - INFO: loss:12343.355518341064, numeric_loss:689.5223157256842, categorical_loss:6875.7260555028915, kld_loss:36132.3316822052, epoch_train_time:47.57397336297436
2023-06-17 12:27:00,526 - pytorch_cvae.py[line:170] - INFO: ----------------------------No.42 epoch----------------------------
2023-06-17 12:27:00,526 - pytorch_cvae.py[line:177] - INFO: loss:12570.235800504684, numeric_loss:691.8862406462431, categorical_loss:6993.786390185356, kld_loss:34803.69104528427, epoch_train_time:48.12146142596612
2023-06-17 12:27:48,426 - pytorch_cvae.py[line:170] - INFO: ----------------------------No.43 epoch----------------------------
2023-06-17 12:27:48,426 - pytorch_cvae.py[line:177] - INFO: loss:12801.116281032562, numeric_loss:693.9260747805238, categorical_loss:7152.823467135429, kld_loss:33295.18856334686, epoch_train_time:47.89972021902213
2023-06-17 12:28:36,221 - pytorch_cvae.py[line:170] - INFO: ----------------------------No.44 epoch----------------------------
2023-06-17 12:28:36,221 - pytorch_cvae.py[line:177] - INFO: loss:13025.343489170074, numeric_loss:694.3646850883961, categorical_loss:7361.771085858345, kld_loss:31528.881022453308, epoch_train_time:47.79456099297386
2023-06-17 12:29:24,200 - pytorch_cvae.py[line:170] - INFO: ----------------------------No.45 epoch----------------------------
2023-06-17 12:29:24,200 - pytorch_cvae.py[line:177] - INFO: loss:13252.921531438828, numeric_loss:695.3530811443925, categorical_loss:7679.225556373596, kld_loss:29252.034242630005, epoch_train_time:47.97913278103806
2023-06-17 12:30:12,081 - pytorch_cvae.py[line:170] - INFO: ----------------------------No.46 epoch----------------------------
2023-06-17 12:30:12,081 - pytorch_cvae.py[line:177] - INFO: loss:13467.217093467712, numeric_loss:696.3544613644481, categorical_loss:8039.881058216095, kld_loss:26836.858644485474, epoch_train_time:47.8805982049671
2023-06-17 12:30:59,344 - pytorch_cvae.py[line:170] - INFO: ----------------------------No.47 epoch----------------------------
2023-06-17 12:30:59,344 - pytorch_cvae.py[line:177] - INFO: loss:13670.206310749054, numeric_loss:696.7092185989022, categorical_loss:8354.973076701164, kld_loss:24809.30396938324, epoch_train_time:47.2625238650362
2023-06-17 12:31:46,845 - pytorch_cvae.py[line:170] - INFO: ----------------------------No.48 epoch----------------------------
2023-06-17 12:31:46,846 - pytorch_cvae.py[line:177] - INFO: loss:13867.594967603683, numeric_loss:696.5737670958042, categorical_loss:8574.53461432457, kld_loss:23404.674210071564, epoch_train_time:47.5009426989709
2023-06-17 12:32:34,431 - pytorch_cvae.py[line:170] - INFO: ----------------------------No.49 epoch----------------------------
2023-06-17 12:32:34,432 - pytorch_cvae.py[line:177] - INFO: loss:14052.168635368347, numeric_loss:697.2266194820404, categorical_loss:8741.48422551155, kld_loss:22289.621417045593, epoch_train_time:47.58581966301426
2023-06-17 12:33:21,943 - pytorch_cvae.py[line:170] - INFO: ----------------------------No.50 epoch----------------------------
2023-06-17 12:33:21,943 - pytorch_cvae.py[line:177] - INFO: loss:14256.142308712006, numeric_loss:697.1747058406472, categorical_loss:8830.962460279465, kld_loss:21696.412890434265, epoch_train_time:47.510682442982215
2023-06-17 12:34:09,393 - pytorch_cvae.py[line:170] - INFO: ----------------------------No.51 epoch----------------------------
2023-06-17 12:34:09,393 - pytorch_cvae.py[line:177] - INFO: loss:14459.548052549362, numeric_loss:697.8080644533038, categorical_loss:8859.8480052948, kld_loss:21386.605393886566, epoch_train_time:47.45033796300413
2023-06-17 12:34:56,884 - pytorch_cvae.py[line:170] - INFO: ----------------------------No.52 epoch----------------------------
2023-06-17 12:34:56,885 - pytorch_cvae.py[line:177] - INFO: loss:14661.42322921753, numeric_loss:697.802124582231, categorical_loss:8873.861073732376, kld_loss:21133.81234073639, epoch_train_time:47.49081003596075
2023-06-17 12:35:44,221 - pytorch_cvae.py[line:170] - INFO: ----------------------------No.53 epoch----------------------------
2023-06-17 12:35:44,221 - pytorch_cvae.py[line:177] - INFO: loss:14887.456224441528, numeric_loss:698.2902543470263, categorical_loss:8894.948665499687, kld_loss:20942.04224872589, epoch_train_time:47.3358673020266
2023-06-17 12:36:31,827 - pytorch_cvae.py[line:170] - INFO: ----------------------------No.54 epoch----------------------------
2023-06-17 12:36:31,827 - pytorch_cvae.py[line:177] - INFO: loss:15119.388453960419, numeric_loss:698.273203805089, categorical_loss:8929.291552186012, kld_loss:20715.94998526573, epoch_train_time:47.60595617600484
2023-06-17 12:37:19,986 - pytorch_cvae.py[line:170] - INFO: ----------------------------No.55 epoch----------------------------
2023-06-17 12:37:19,986 - pytorch_cvae.py[line:177] - INFO: loss:15357.786912441254, numeric_loss:698.9301548302174, categorical_loss:8972.173897385597, kld_loss:20476.35224699974, epoch_train_time:48.1587524570059
2023-06-17 12:38:07,842 - pytorch_cvae.py[line:170] - INFO: ----------------------------No.56 epoch----------------------------
2023-06-17 12:38:07,842 - pytorch_cvae.py[line:177] - INFO: loss:15597.92745923996, numeric_loss:699.009101472795, categorical_loss:9023.266344547272, kld_loss:20215.72129058838, epoch_train_time:47.855690966011025
2023-06-17 12:38:56,199 - pytorch_cvae.py[line:170] - INFO: ----------------------------No.57 epoch----------------------------
2023-06-17 12:38:56,200 - pytorch_cvae.py[line:177] - INFO: loss:15852.766365528107, numeric_loss:699.2808437719941, categorical_loss:9087.59369957447, kld_loss:19961.893508672714, epoch_train_time:48.356958832999226
2023-06-17 12:39:44,116 - pytorch_cvae.py[line:170] - INFO: ----------------------------No.58 epoch----------------------------
2023-06-17 12:39:44,116 - pytorch_cvae.py[line:177] - INFO: loss:16099.837751150131, numeric_loss:699.6077212914824, categorical_loss:9143.628910303116, kld_loss:19713.045209646225, epoch_train_time:47.91589595499681
2023-06-17 12:40:31,838 - pytorch_cvae.py[line:170] - INFO: ----------------------------No.59 epoch----------------------------
2023-06-17 12:40:31,839 - pytorch_cvae.py[line:177] - INFO: loss:16348.292632818222, numeric_loss:699.5983229279518, categorical_loss:9196.123722434044, kld_loss:19484.555471658707, epoch_train_time:47.722439983976074
2023-06-17 12:41:19,418 - pytorch_cvae.py[line:170] - INFO: ----------------------------No.60 epoch----------------------------
2023-06-17 12:41:19,419 - pytorch_cvae.py[line:177] - INFO: loss:16612.87859749794, numeric_loss:699.6840883642435, categorical_loss:9259.735843777657, kld_loss:19274.450156211853, epoch_train_time:47.57967881998047
2023-06-17 12:42:02,157 - pytorch_cvae.py[line:170] - INFO: ----------------------------No.61 epoch----------------------------
2023-06-17 12:42:02,157 - pytorch_cvae.py[line:177] - INFO: loss:16871.79604101181, numeric_loss:699.6704957708716, categorical_loss:9330.520055890083, kld_loss:19032.84057712555, epoch_train_time:42.73782633896917
2023-06-17 12:42:18,728 - pytorch_cvae.py[line:170] - INFO: ----------------------------No.62 epoch----------------------------
2023-06-17 12:42:18,728 - pytorch_cvae.py[line:177] - INFO: loss:17136.060519218445, numeric_loss:699.9105534926057, categorical_loss:9401.052765488625, kld_loss:18813.130126953125, epoch_train_time:16.571551884000655
2023-06-17 12:42:35,296 - pytorch_cvae.py[line:170] - INFO: ----------------------------No.63 epoch----------------------------
2023-06-17 12:42:35,296 - pytorch_cvae.py[line:177] - INFO: loss:17390.53008723259, numeric_loss:700.0157316252589, categorical_loss:9470.966486096382, kld_loss:18577.21621775627, epoch_train_time:16.567646606999915
2023-06-17 12:42:51,866 - pytorch_cvae.py[line:170] - INFO: ----------------------------No.64 epoch----------------------------
2023-06-17 12:42:51,866 - pytorch_cvae.py[line:177] - INFO: loss:17658.01847267151, numeric_loss:700.1107353195548, categorical_loss:9548.475177288055, kld_loss:18364.09459209442, epoch_train_time:16.569370687007904
2023-06-17 12:43:08,435 - pytorch_cvae.py[line:170] - INFO: ----------------------------No.65 epoch----------------------------
2023-06-17 12:43:08,435 - pytorch_cvae.py[line:177] - INFO: loss:17927.107974529266, numeric_loss:700.2803098261356, categorical_loss:9627.644511342049, kld_loss:18159.32670903206, epoch_train_time:16.56964678701479
2023-06-17 12:43:52,831 - pytorch_cvae.py[line:170] - INFO: ----------------------------No.66 epoch----------------------------
2023-06-17 12:43:52,831 - pytorch_cvae.py[line:177] - INFO: loss:18192.64312148094, numeric_loss:700.2495838701725, categorical_loss:9713.053429603577, kld_loss:17941.474553108215, epoch_train_time:44.39518509694608
2023-06-17 12:44:40,330 - pytorch_cvae.py[line:170] - INFO: ----------------------------No.67 epoch----------------------------
2023-06-17 12:44:40,330 - pytorch_cvae.py[line:177] - INFO: loss:18451.36226606369, numeric_loss:700.3017053902149, categorical_loss:9792.603202700615, kld_loss:17732.13826394081, epoch_train_time:47.49851127900183
2023-06-17 12:45:28,060 - pytorch_cvae.py[line:170] - INFO: ----------------------------No.68 epoch----------------------------
2023-06-17 12:45:28,060 - pytorch_cvae.py[line:177] - INFO: loss:18711.914030075073, numeric_loss:700.3416044712067, categorical_loss:9883.430591344833, kld_loss:17513.5677421093, epoch_train_time:47.72980719205225
2023-06-17 12:46:15,679 - pytorch_cvae.py[line:170] - INFO: ----------------------------No.69 epoch----------------------------
2023-06-17 12:46:15,679 - pytorch_cvae.py[line:177] - INFO: loss:18967.89813685417, numeric_loss:700.1497425511479, categorical_loss:9965.698892116547, kld_loss:17316.260135412216, epoch_train_time:47.618457444012165
2023-06-17 12:47:03,285 - pytorch_cvae.py[line:170] - INFO: ----------------------------No.70 epoch----------------------------
2023-06-17 12:47:03,285 - pytorch_cvae.py[line:177] - INFO: loss:19219.755435228348, numeric_loss:700.4329311549664, categorical_loss:10059.344874978065, kld_loss:17098.48881673813, epoch_train_time:47.605945613991935
2023-06-17 12:47:50,824 - pytorch_cvae.py[line:170] - INFO: ----------------------------No.71 epoch----------------------------
2023-06-17 12:47:50,824 - pytorch_cvae.py[line:177] - INFO: loss:19471.933876276016, numeric_loss:700.4791275039315, categorical_loss:10151.962806105614, kld_loss:16897.56818175316, epoch_train_time:47.53850355598843
2023-06-17 12:48:38,464 - pytorch_cvae.py[line:170] - INFO: ----------------------------No.72 epoch----------------------------
2023-06-17 12:48:38,465 - pytorch_cvae.py[line:177] - INFO: loss:19712.821949481964, numeric_loss:700.731440462172, categorical_loss:10245.34939301014, kld_loss:16686.644656658173, epoch_train_time:47.6404373110272
2023-06-17 12:49:25,919 - pytorch_cvae.py[line:170] - INFO: ----------------------------No.73 epoch----------------------------
2023-06-17 12:49:25,920 - pytorch_cvae.py[line:177] - INFO: loss:19964.18422818184, numeric_loss:701.0526888072491, categorical_loss:10353.791589140892, kld_loss:16481.585421562195, epoch_train_time:47.45463486399967
2023-06-17 12:50:13,561 - pytorch_cvae.py[line:170] - INFO: ----------------------------No.74 epoch----------------------------
2023-06-17 12:50:13,561 - pytorch_cvae.py[line:177] - INFO: loss:20205.554540634155, numeric_loss:701.0724368691444, categorical_loss:10453.820181369781, kld_loss:16288.859378099442, epoch_train_time:47.64098266302608
2023-06-17 12:51:01,372 - pytorch_cvae.py[line:170] - INFO: ----------------------------No.75 epoch----------------------------
2023-06-17 12:51:01,372 - pytorch_cvae.py[line:177] - INFO: loss:20435.03568124771, numeric_loss:700.9611983001232, categorical_loss:10550.712977290154, kld_loss:16095.454113960266, epoch_train_time:47.81089426699327
2023-06-17 12:51:49,295 - pytorch_cvae.py[line:170] - INFO: ----------------------------No.76 epoch----------------------------
2023-06-17 12:51:49,295 - pytorch_cvae.py[line:177] - INFO: loss:20666.934992551804, numeric_loss:701.4887222573161, categorical_loss:10661.413132190704, kld_loss:15896.38146162033, epoch_train_time:47.922811153985094
2023-06-17 12:52:37,097 - pytorch_cvae.py[line:170] - INFO: ----------------------------No.77 epoch----------------------------
2023-06-17 12:52:37,097 - pytorch_cvae.py[line:177] - INFO: loss:20898.208758354187, numeric_loss:701.6676283627748, categorical_loss:10777.21019756794, kld_loss:15703.876371860504, epoch_train_time:47.80109074903885
2023-06-17 12:53:24,810 - pytorch_cvae.py[line:170] - INFO: ----------------------------No.78 epoch----------------------------
2023-06-17 12:53:24,811 - pytorch_cvae.py[line:177] - INFO: loss:21115.510520219803, numeric_loss:701.7646795287728, categorical_loss:10891.528688073158, kld_loss:15506.685538053513, epoch_train_time:47.71327119797934
2023-06-17 12:54:12,365 - pytorch_cvae.py[line:170] - INFO: ----------------------------No.79 epoch----------------------------
2023-06-17 12:54:12,365 - pytorch_cvae.py[line:177] - INFO: loss:21323.91839170456, numeric_loss:701.8440912812948, categorical_loss:11010.320572972298, kld_loss:15304.244587421417, epoch_train_time:47.554023329983465
2023-06-17 12:54:59,725 - pytorch_cvae.py[line:170] - INFO: ----------------------------No.80 epoch----------------------------
2023-06-17 12:54:59,725 - pytorch_cvae.py[line:177] - INFO: loss:21534.554916620255, numeric_loss:702.3903066515923, categorical_loss:11134.569716453552, kld_loss:15112.488109111786, epoch_train_time:47.36003720900044
2023-06-17 12:55:47,056 - pytorch_cvae.py[line:170] - INFO: ----------------------------No.81 epoch----------------------------
2023-06-17 12:55:47,056 - pytorch_cvae.py[line:177] - INFO: loss:21721.30033135414, numeric_loss:702.4295478984714, categorical_loss:11240.413455843925, kld_loss:14929.293656110764, epoch_train_time:47.33066694199806
2023-06-17 12:56:34,463 - pytorch_cvae.py[line:170] - INFO: ----------------------------No.82 epoch----------------------------
2023-06-17 12:56:34,464 - pytorch_cvae.py[line:177] - INFO: loss:21897.326895952225, numeric_loss:702.7027224302292, categorical_loss:11377.009004592896, kld_loss:14699.622159957886, epoch_train_time:47.407030213973485
2023-06-17 12:57:21,789 - pytorch_cvae.py[line:170] - INFO: ----------------------------No.83 epoch----------------------------
2023-06-17 12:57:21,789 - pytorch_cvae.py[line:177] - INFO: loss:22090.5463449955, numeric_loss:702.1590082198381, categorical_loss:11492.349504232407, kld_loss:14545.446321725845, epoch_train_time:47.32528565998655
2023-06-17 12:58:09,168 - pytorch_cvae.py[line:170] - INFO: ----------------------------No.84 epoch----------------------------
2023-06-17 12:58:09,168 - pytorch_cvae.py[line:177] - INFO: loss:22254.29600572586, numeric_loss:702.5342362821102, categorical_loss:11611.049456715584, kld_loss:14357.640617609024, epoch_train_time:47.378580574993975
2023-06-17 12:58:56,569 - pytorch_cvae.py[line:170] - INFO: ----------------------------No.85 epoch----------------------------
2023-06-17 12:58:56,569 - pytorch_cvae.py[line:177] - INFO: loss:22395.81954550743, numeric_loss:702.5574603974819, categorical_loss:11707.295041680336, kld_loss:14186.976215362549, epoch_train_time:47.40054154099198
2023-06-17 12:59:44,051 - pytorch_cvae.py[line:170] - INFO: ----------------------------No.86 epoch----------------------------
2023-06-17 12:59:44,052 - pytorch_cvae.py[line:177] - INFO: loss:22551.064900636673, numeric_loss:702.594173297286, categorical_loss:11822.435615062714, kld_loss:14024.82168006897, epoch_train_time:47.4820834340062
2023-06-17 13:00:31,506 - pytorch_cvae.py[line:170] - INFO: ----------------------------No.87 epoch----------------------------
2023-06-17 13:00:31,506 - pytorch_cvae.py[line:177] - INFO: loss:22695.50322318077, numeric_loss:702.5028166025877, categorical_loss:11949.547882318497, kld_loss:13846.942508220673, epoch_train_time:47.453954287979286
2023-06-17 13:01:18,822 - pytorch_cvae.py[line:170] - INFO: ----------------------------No.88 epoch----------------------------
2023-06-17 13:01:18,822 - pytorch_cvae.py[line:177] - INFO: loss:22823.228149175644, numeric_loss:702.4945336207747, categorical_loss:12048.061333060265, kld_loss:13701.01028418541, epoch_train_time:47.315605846000835
2023-06-17 13:02:06,254 - pytorch_cvae.py[line:170] - INFO: ----------------------------No.89 epoch----------------------------
2023-06-17 13:02:06,254 - pytorch_cvae.py[line:177] - INFO: loss:22958.889138936996, numeric_loss:702.589387357235, categorical_loss:12159.533857822418, kld_loss:13563.179564714432, epoch_train_time:47.43209956900682
2023-06-17 13:02:53,680 - pytorch_cvae.py[line:170] - INFO: ----------------------------No.90 epoch----------------------------
2023-06-17 13:02:53,680 - pytorch_cvae.py[line:177] - INFO: loss:23057.25921177864, numeric_loss:702.7216104492545, categorical_loss:12238.695543766022, kld_loss:13433.428646564484, epoch_train_time:47.42568400397431
2023-06-17 13:03:41,059 - pytorch_cvae.py[line:170] - INFO: ----------------------------No.91 epoch----------------------------
2023-06-17 13:03:41,059 - pytorch_cvae.py[line:177] - INFO: loss:23161.574175834656, numeric_loss:703.0542677566409, categorical_loss:12342.293777108192, kld_loss:13293.620387554169, epoch_train_time:47.378296080976725
2023-06-17 13:04:28,686 - pytorch_cvae.py[line:170] - INFO: ----------------------------No.92 epoch----------------------------
2023-06-17 13:04:28,687 - pytorch_cvae.py[line:177] - INFO: loss:23260.932330608368, numeric_loss:703.0245048552752, categorical_loss:12443.308601975441, kld_loss:13165.811473846436, epoch_train_time:47.62705826503225
2023-06-17 13:05:16,607 - pytorch_cvae.py[line:170] - INFO: ----------------------------No.93 epoch----------------------------
2023-06-17 13:05:16,607 - pytorch_cvae.py[line:177] - INFO: loss:23334.65243458748, numeric_loss:703.4069944545627, categorical_loss:12524.378828883171, kld_loss:13044.396185159683, epoch_train_time:47.92004283698043
2023-06-17 13:06:04,587 - pytorch_cvae.py[line:170] - INFO: ----------------------------No.94 epoch----------------------------
2023-06-17 13:06:04,588 - pytorch_cvae.py[line:177] - INFO: loss:23416.834540367126, numeric_loss:703.4620672240853, categorical_loss:12611.060754299164, kld_loss:12941.093906879425, epoch_train_time:47.98040651000338
2023-06-17 13:06:52,411 - pytorch_cvae.py[line:170] - INFO: ----------------------------No.95 epoch----------------------------
2023-06-17 13:06:52,411 - pytorch_cvae.py[line:177] - INFO: loss:23479.752346277237, numeric_loss:703.3315639868379, categorical_loss:12685.914991378784, kld_loss:12842.22447681427, epoch_train_time:47.82352032902418
2023-06-17 13:07:40,006 - pytorch_cvae.py[line:170] - INFO: ----------------------------No.96 epoch----------------------------
2023-06-17 13:07:40,006 - pytorch_cvae.py[line:177] - INFO: loss:23513.40765285492, numeric_loss:703.803480528295, categorical_loss:12745.38596212864, kld_loss:12738.512977361679, epoch_train_time:47.594221887993626
2023-06-17 13:08:27,637 - pytorch_cvae.py[line:170] - INFO: ----------------------------No.97 epoch----------------------------
2023-06-17 13:08:27,638 - pytorch_cvae.py[line:177] - INFO: loss:23584.180725097656, numeric_loss:703.6224895119667, categorical_loss:12791.247091770172, kld_loss:12712.936658143997, epoch_train_time:47.63127758202609
2023-06-17 13:09:15,279 - pytorch_cvae.py[line:170] - INFO: ----------------------------No.98 epoch----------------------------
2023-06-17 13:09:15,279 - pytorch_cvae.py[line:177] - INFO: loss:23610.238570451736, numeric_loss:703.862192966044, categorical_loss:12835.921821713448, kld_loss:12644.841670036316, epoch_train_time:47.64078089600662
2023-06-17 13:10:03,078 - pytorch_cvae.py[line:170] - INFO: ----------------------------No.99 epoch----------------------------
2023-06-17 13:10:03,078 - pytorch_cvae.py[line:177] - INFO: loss:23628.151103258133, numeric_loss:703.8292479142547, categorical_loss:12862.202956676483, kld_loss:12602.829185724258, epoch_train_time:47.79863282904262
2023-06-17 13:10:50,348 - pytorch_cvae.py[line:170] - INFO: ----------------------------No.100 epoch----------------------------
2023-06-17 13:10:50,349 - pytorch_cvae.py[line:177] - INFO: loss:23646.937229156494, numeric_loss:703.7497903332114, categorical_loss:12879.410325884819, kld_loss:12586.01240992546, epoch_train_time:47.2705731280148
2023-06-17 13:10:50,349 - pytorch_cvae.py[line:186] - INFO: training time elapsed:4648.64887893002
2023-06-17 13:10:50,351 - model_utils.py[line:67] - INFO: save model successfully
2023-06-17 13:11:04,087 - pytorch_cvae.py[line:268] - INFO: train model time elapsed:4667.361669186968
2023-06-17 13:11:04,088 - dataset_utils.py[line:585] - INFO: load existing dataset(light):3-date_dim_d_date_sk#d_year__d_date_sk#d_year_binary_gaussian5_0
2023-06-17 13:11:04,177 - dataset_utils.py[line:594] - INFO: load dataset(light) time elapsed:0.0891475899843499
2023-06-17 13:11:04,177 - pytorch_cvae.py[line:280] - INFO: feature info:[('d_date_sk', 'categorical', 18), ('d_year', 'categorical', 9)]
2023-06-17 13:11:04,178 - model_utils.py[line:75] - INFO: load model name:torch_cvae_3-date_dim_d_date_sk_d_year_ld100_id150_bs128_ep100_0_binary_gaussian5
2023-06-17 13:11:04,180 - model_utils.py[line:86] - INFO: load torch model time elapsed:0.001957781962119043
2023-06-17 13:11:04,180 - pytorch_cvae.py[line:290] - INFO: load model time elapsed:0.09217006101971492
2023-06-17 13:11:04,180 - dataset_utils.py[line:585] - INFO: load existing dataset(light):86-customer_address_ca_address_sk__ca_address_sk_binary_gaussian5_0
2023-06-17 13:11:04,210 - dataset_utils.py[line:594] - INFO: load dataset(light) time elapsed:0.02987664600368589
2023-06-17 13:11:04,210 - pytorch_cvae.py[line:280] - INFO: feature info:[('ca_address_sk', 'categorical', 17)]
2023-06-17 13:11:04,211 - model_utils.py[line:75] - INFO: load model name:torch_cvae_86-customer_address_ca_address_sk_ld100_id150_bs128_ep100_0_binary_gaussian5
2023-06-17 13:11:04,212 - model_utils.py[line:86] - INFO: load torch model time elapsed:0.0016202909755520523
2023-06-17 13:11:04,212 - pytorch_cvae.py[line:290] - INFO: load model time elapsed:0.032403164950665087
2023-06-17 13:11:04,212 - dataset_utils.py[line:585] - INFO: load existing dataset(light):86-web_site_web_site_sk__web_site_sk_binary_gaussian5_0
2023-06-17 13:11:04,214 - dataset_utils.py[line:594] - INFO: load dataset(light) time elapsed:0.0012679470237344503
2023-06-17 13:11:04,214 - pytorch_cvae.py[line:280] - INFO: feature info:[('web_site_sk', 'categorical', 6)]
2023-06-17 13:11:04,214 - model_utils.py[line:75] - INFO: load model name:torch_cvae_86-web_site_web_site_sk_ld100_id100_bs128_ep100_0_binary_gaussian5
2023-06-17 13:11:04,215 - model_utils.py[line:86] - INFO: load torch model time elapsed:0.0013326100306585431
2023-06-17 13:11:04,215 - pytorch_cvae.py[line:290] - INFO: load model time elapsed:0.0032531260512769222
2023-06-17 13:11:04,216 - main.py[line:561] - INFO: multi_sampling No.0 epoch
2023-06-17 13:12:24,524 - pytorch_cvae.py[line:407] - INFO: sampling time:79.12520050699823
2023-06-17 13:12:24,564 - dataset_utils.py[line:566] - INFO: load existing dataset:3-date_dim_d_date_sk#d_year__d_date_sk#d_year_binary_gaussian5_0
2023-06-17 13:12:24,639 - dataset_utils.py[line:578] - INFO: load dataset time elapsed:0.07436382200103253
2023-06-17 13:12:24,639 - dataset_utils.py[line:566] - INFO: load existing dataset:86-customer_address_ca_address_sk__ca_address_sk_binary_gaussian5_0
2023-06-17 13:12:24,677 - dataset_utils.py[line:578] - INFO: load dataset time elapsed:0.03824232594342902
2023-06-17 13:12:24,682 - dataset_utils.py[line:566] - INFO: load existing dataset:86-web_site_web_site_sk__web_site_sk_binary_gaussian5_0
2023-06-17 13:12:24,684 - dataset_utils.py[line:578] - INFO: load dataset time elapsed:0.0017066600266844034
2023-06-17 13:12:24,717 - main.py[line:544] - INFO: sample and aggregation time elapsed:80.50109187402995
2023-06-17 13:12:24,719 - main.py[line:582] - INFO: sample time: 80.50342734600417
2023-06-17 13:12:24,735 - main.py[line:104] - INFO: aqp result:
sum(ws_ext_ship_cost)   0.00
sum(ws_net_profit)      0.00
avg(ws_ext_ship_cost)   nan 
avg(ws_net_profit)      nan 
dtype: float64
2023-06-17 13:12:24,737 - main.py[line:105] - INFO: ground truth:
   avg(ws_ext_ship_cost)  sum(ws_ext_ship_cost)  avg(ws_net_profit)  \
0 1278.84                 919520590             -260.53               

   sum(ws_net_profit)  
0 -187328269           
Traceback (most recent call last):
  File "/root/anaconda3/envs/py36/lib/python3.6/site-packages/pandas/core/generic.py", line 368, in _get_axis_number
    return cls._AXIS_TO_AXIS_NUMBER[axis]
KeyError: 1

During handling of the above exception, another exception occurred:

Traceback (most recent call last):
  File "main.py", line 649, in <module>
    model_aqp(query_config, train_config_list)
  File "main.py", line 593, in model_aqp
    diff_norm = compare_aggregation_norm(sample_agg, query_config, index_flag)
  File "main.py", line 121, in compare_aggregation_norm
    sample_agg.drop(['avg(ws_ext_ship_cost)', 'avg(ws_net_profit)'], axis=1, inplace=True)
  File "/root/anaconda3/envs/py36/lib/python3.6/site-packages/pandas/core/series.py", line 4517, in drop
    errors=errors,
  File "/root/anaconda3/envs/py36/lib/python3.6/site-packages/pandas/core/generic.py", line 3876, in drop
    axis_name = self._get_axis_name(axis)
  File "/root/anaconda3/envs/py36/lib/python3.6/site-packages/pandas/core/generic.py", line 374, in _get_axis_name
    axis_number = cls._get_axis_number(axis)
  File "/root/anaconda3/envs/py36/lib/python3.6/site-packages/pandas/core/generic.py", line 370, in _get_axis_number
    raise ValueError(f"No axis named {axis} for object type {cls.__name__}")
ValueError: No axis named 1 for object type Series
